6a10D2h  #  LLLՑ                        LLLՓ2
  !EARTHMOOCTw                  ء%tRH
  "JUPITER ׿                  轻7
  #SATURN  $d[\_                  yyy
  $A1                              LLLՑ
  %A2                              LLLՑ
  &A3                              LLLՑ
  'A4                              LLLՑ
  (A5                              LLLՑ
  )A6                              LLLՑ
  *A7                              LLLՑ
  +A8                              LLLՑ
  ,A9                              LLLՑ
  -A10                             LLLՑ
  .A11                             LLLՑ
  /A12                             LLLՑ
  0A13                             LLLՑ
  1A14                             LLLՑ
  2A15                             LLLՑ
  3A16                             LLLՑ
  4A17                             LLLՑ
  5A18                             LLLՑ
  6A19                             LLLՑ
  7A20                             LLLՑ
  8A21                             LLLՑ
  9A22                             LLLՑ
  :A23                             LLLՑ
  ;A24                             LLLՑ
  <A25                             LLLՑ
  =A26                             LLLՑ
  >A27                             LLLՑ
  ?A28                             LLLՑ
  @A29                             LLLՑ
  AA30                             LLLՑ
  BA31                             LLLՑ
  CA32                             LLLՑ
  DA33                             LLLՑ
  EA34                             LLLՑ
  FA35                             LLLՑ
  GA36                             LLLՑ
  HA37                             LLLՑ
  IA38                             LLLՑ
  JA39                             LLLՑ
  KA40                             LLLՑ
  LA41                             LLLՑ
  MA42                             LLLՑ
  NA43                             LLLՑ
  OA44                             LLLՑ
  PA45                             LLLՑ
  QA46                             LLLՑ
  RA47                             LLLՑ
  SA48                             LLLՑ
  TA49                             LLLՑ
  UA50                             LLLՑ
  VA51                             LLLՑ
  WA52                             LLLՑ
  XA53                             LLLՑ
  YA54                             LLLՑ
  ZA55                             LLLՑ
  [A56                             LLLՑ
  \A57                             LLLՑ
  ]A58                             LLLՑ
  ^A59                             LLLՑ
  _A60                             LLLՑ
  `A61                             LLLՑ
  aA62                             LLLՑ
  bA63                             LLLՑ
  cA64                             LLLՑ
  dA65                             LLLՑ
  eA66                             LLLՑ
  fA67                             LLLՑ
  gA68                             LLLՑ
  hA69                             LLLՑ
  iA70                             LLLՑ
  jA71                             LLLՑ
  kA72                             LLLՑ
  lA73                             LLLՑ
  mA74                             LLLՑ
  nA75                             LLLՑ
  oA76                             LLLՑ
  pA77                             LLLՑ
  qA78                             LLLՑ
  rA79                             LLLՑ
  sA80                             LLLՑ
  tA81                             LLLՑ
  uA82                             LLLՑ
  vA83                             LLLՑ
  wA84                             LLLՑ
  xA85                             LLLՑ
  yA86                             LLLՑ
  zA87                             LLLՑ
  {A88                             LLLՑ
  |A89                             LLLՑ
  }A90                             LLLՑ
  ~A91                             LLLՑ
  A92                             LLLՑ
  A93                             LLLՑ
  A94                             LLLՑ
  A95                             LLLՑ
  A96                             LLLՑ
  A97                             LLLՑ
  A98                             LLLՑ
  A99                             LLLՑ
  A100                            LLLՑ
6bD2h  #  
  !킏]ʵjˏ#0
  "?N̑Xzh
  #Ӓ⡞<p6`u
  $hN-ZΞ^|!%&
  %b/1uK~
  &S;]"Ft붓'k&
  'مPVyfD4Cq!
  (!8\>Vɣ{T2
  )F\Uy.rGvї
  *MːJ{N5f-Q
  +./蔠w+
  ,}ӊ+b߸(*#!w1
  -C︔NZIUI1O,b
  .5 w$m7Pŵ5
  /Y,$:PA:
  0T9M$~amr]^Hm
  1ʏgd_(%(
  2%FÏ`|϶Z<З
  3w5qᶠ=3p
  4R]Ä%žN
  5=~6:HңE΁E%*
  6G`q~ѺV}J1Ͷ
  7JզG{nbKǔg$
  8es[mzG͕tt
  9y5Aй:u72ؙ
  :zgv;<̐a`ʌ
  ;o"qyFkuGϭ
  <eÕݳi@EYR
  =0֒ͧjSwtQW
  >?.9i78Ud>
  ?GT?oxWp-)AL]
  @t'dHIÎ+*1μ
  AjƓ Bff9'ʒ<^8|
  B)ą;ػ"`HK
  C2uyveP+5
  D^|:u>fpu:c7
  E!pdYn{桫0C4
  FNӗX9 YAq
  G CrƷ_闭[
  HWڑ6q):.O+&
  Ij=\SY븮;:)
  JUp9ՂƏ9
  K@l{(u'`:;
  LZ8Kk\W
  M *ƇBǐr7<NA\
  N'2#ǑE4,d9ʢ^
  Ofر%o%@x
  P-BCM͹ZҘN}>
  Q%Mk ?n6ux
  R}dUCN8h:ґ9!
  Sapc3h;AБM<,
  TXb_gʵS~ػ1M9
  UE拪nߡqDx!7^
  V>|\8f$C!>kȞ
  W?fJb S(ւ6
  X8Ť_xt"I
  YNw[M}bOߎ
  ZZg|syE,ɆRAe
  [%L=lo^yLܦN
  \},k.~Ƅm=:
  ]17Zsc<}wzc
  ^ea6)ɹ+(a)0d
  _5ٺV˴tI<pF`
  `yi{BC1!QN\P`gƊ{
  a6KRuo%g2)'D
  bTXx+xnwVcea8
  cug!d'ݔZ#'̔
  drmI:F0zշ{}'
  e3nXTHw*v^(ȡ
  f+9:qq ԗ!Y/
  gҕ''?];`Q
  h-#ɵ;5x*r
  i]u4([gB6j?1M
  jz-EWTzP*+r
  k=a*<D9$hd­:
  l~b7D2ա
  m@8]֩^]uv ޤ
  nFϋ]63VΠ=lu
  okb1ve7W5(i
  p^X;ǞQʈjq
  qIfLKת`@&
  rF./+؆.cDN
  s+(X-u^^hEٹ@
  t@>E.¶#q}vdw
  u*qsci⏃
  vvőVc|wu܏s
  w"tURQHō+
  xAܕ3x9h!dPePZ
  y]u>gߺLqSw8
  zň-LƿX>'ˎ,
  {e|,9%yHι8 |ZT
  |4+MpD`S<
  }qo*pÀQu
  ~Qx?:ŷE@Xr
  )ޏFfUT/<~޹
  |I"G Yr/{m!
  qH]kZhD珄o3
  ?iIm3oJ8
  ]=Nc޺GJl
  "՗ZEE纈H1Ϛ,!|3
  ^p/)Ʋq3e'
  ;ï$%Ҫ@&Y
  ǗH`UgH'ڕ
6a10l|ks  #  PLLLՑ                        LLLՓ2
  !EARTHMOOCTw                  ء%tRH
  "JUPITER ׿                  轻7
  #SATURN  $d[\_                  yyy
  $A4                              LLLՑ
  %A7                              LLLՑ
  &A10                             LLLՑ
  'A11                             LLLՑ
  (A14                             LLLՑ
  )A15                             LLLՑ
  *A17                             LLLՑ
  +A18                             LLLՑ
  ,A19                             LLLՑ
  -A24                             LLLՑ
  .A25                             LLLՑ
  /A26                             LLLՑ
  0A32                             LLLՑ
  1A33                             LLLՑ
  2A34                             LLLՑ
  3A38                             LLLՑ
  4A39                             LLLՑ
  5A41                             LLLՑ
  6A43                             LLLՑ
  7A44                             LLLՑ
  8A51                             LLLՑ
  9A54                             LLLՑ
  :A55                             LLLՑ
  ;A62                             LLLՑ
  <A63                             LLLՑ
  =A64                             LLLՑ
  >A66                             LLLՑ
  ?A67                             LLLՑ
  @A68                             LLLՑ
  AA69                             LLLՑ
  BA70                             LLLՑ
  CA74                             LLLՑ
  DA75                             LLLՑ
  EA77                             LLLՑ
  FA78                             LLLՑ
  GA79                             LLLՑ
  HA80                             LLLՑ
  IA82                             LLLՑ
  JA83                             LLLՑ
  KA84                             LLLՑ
  LA86                             LLLՑ
  MA87                             LLLՑ
  NA91                             LLLՑ
  OA92                             LLLՑ
  PA95                             LLLՑ
  QA98                             LLLՑ
  RA99                             LLLՑ
  SA100                            LLLՑ
6bl|ks  #  P
  !)]ftp{ :q 
  "HYJ]eR٭f(sOL
  #,u@9:GH!Bbp96
  $ǹo'XXI\ߏ
  %\?t4|P.wl
  &:\_C:z`lNoF$K7
  'SV9KʫI!z@.`k
  (=ij#D{S6u?~F
  )Cԉpuy{:'Ц#
  *m3КcؙkӪ*$GI`FM
  +tӊO?RX)l
  ,U"\$3fgyA
  -cz1_E8|՝[2Fg>
  .Ϛ2FpvQ.Z'p{
  /%lt|l2mOCY6勵
  04mj8r=},r
  1r_4WpR|פǤΖ
  2^KEN5Ĵj1߭A
  3e\cJ_YغCn_
  4םQ~$軀nPߕwյ
  5F&, ʳg;Hk[
  6PmXqNѕQ~#
  7cȎIѕ3P6(i
  8?$&[OʝbX:`WY
  9,LwʆBO8\{
  :88i<*謧^Sv
  ;#l&O3RWJ3
  <#!EC̮z>!|sMwlA
  =&dxMQPˣn`)$
  >%*%v&s>'ӣ|j
  ?̼T:i"ڭv3jE
  @ÎG3y/Ј3fri[
  A;n,Q$=ءZ\M=
  B͌c@āH>
  Cҷ2p۠iť{햳qqL
  D^Ao.Ac6;<g@ƧY
  EQ7w˳孧t*#6݅
  F梤xo*ǃ%O1TlL~
  G)Π *2vm{XqfF
  Hˇ(CVfOwǌ*{)
  IM:Qh>^rI,B
  Jiv@S(h`Q)(ne
  KِNu!L}|[TOB
  L66Ϣϴ"H'Ll>Լ
  M6Ĭ̄kBRHH˨$
  N~w@]t5wt%d
  OTҒ,1:ыy'La4^
  P'ڍeGH6sq/W9X
  QwU};y(Ô&Y
  RR-ꦏߚo{p
  S֚C6TrɧׅСrtY
6a10"%  #  ALLLՑ                        LLLՓ2
  !EARTHMOOCTw                  ء%tRH
  "JUPITER ׿                  轻7
  #SATURN  $d[\_                  yyy
  $A4                              LLLՑ
  %A10                             LLLՑ
  &A11                             LLLՑ
  'A14                             LLLՑ
  (A19                             LLLՑ
  )A24                             LLLՑ
  *A25                             LLLՑ
  +A26                             LLLՑ
  ,A32                             LLLՑ
  -A34                             LLLՑ
  .A38                             LLLՑ
  /A39                             LLLՑ
  0A41                             LLLՑ
  1A43                             LLLՑ
  2A44                             LLLՑ
  3A51                             LLLՑ
  4A54                             LLLՑ
  5A62                             LLLՑ
  6A64                             LLLՑ
  7A66                             LLLՑ
  8A74                             LLLՑ
  9A75                             LLLՑ
  :A77                             LLLՑ
  ;A79                             LLLՑ
  <A80                             LLLՑ
  =A82                             LLLՑ
  >A83                             LLLՑ
  ?A84                             LLLՑ
  @A87                             LLLՑ
  AA91                             LLLՑ
  BA92                             LLLՑ
  CA95                             LLLՑ
  DA99                             LLLՑ
6b"%  #  A
  !K_f?J#<*C|2c
  "(Nӏ%yg=RԷUs
  #ŒWLä+bxZI
  $fHш?:ފ6uB_
  %s,ϕ-յ0 BQ
  &Q.r#aU[O~
  '"le¿Mޝ|eDaێ~
  (0,T2e77u7-rVT/
  )W7p̮gt$T-Q
  *8iMTM1-Ʉ]'
  +ކbÊTwp0
  ,NǪ՚?ޥf4bCV7z
  -3Av~h^lg9Oڤ
  .u0_$-x\i
  /|Z9Lwǘ79x`8
  0KC/M&֠BI@+k
  1S})k8TW{y.
  2<2Bu)*m-<
  3L{PmɺFҟf
  4xI`"7X͔ny]A
  5iq>6s-ڵ\4pzV(q3
  6Ю()YQwZlю`l7t,
  7RwzLYr􏕧7>
  8_3j]e;&kƕ."6
  9hS}S,]4؞8>3.
  : t:hp\eE]bQ
  ;C=\f땏J :¢Y
  <|B47m#޾Xz:q
  =_xϵb%Ι,$a
  >3;obnj["XK
  ?R_UJ+U-T&uL
  @x4Bٳ*ϋwL-DG
  A{2R+;cU9q~)p
  B/SP/,I<fb0dy
  CbK]qr<޽9`
  DӸ$TV{Ҩă&:@eIs
6a10jǺ  "  :LLLՑ                        LLLՓ2
  !EARTHMOOCTw                  ء%tRH
  "JUPITER ׿                  轻7
  #A4                              LLLՑ
  $A10                             LLLՑ
  %A11                             LLLՑ
  &A19                             LLLՑ
  'A24                             LLLՑ
  (A26                             LLLՑ
  )A34                             LLLՑ
  *A38                             LLLՑ
  +A39                             LLLՑ
  ,A41                             LLLՑ
  -A43                             LLLՑ
  .A44                             LLLՑ
  /A51                             LLLՑ
  0A62                             LLLՑ
  1A64                             LLLՑ
  2A66                             LLLՑ
  3A75                             LLLՑ
  4A77                             LLLՑ
  5A79                             LLLՑ
  6A80                             LLLՑ
  7A82                             LLLՑ
  8A83                             LLLՑ
  9A87                             LLLՑ
  :A91                             LLLՑ
  ;A92                             LLLՑ
  <A95                             LLLՑ
6bjǺ  "  :
  !`ȋ'Z'F<:Ռk`?
  "i&3e맢%U
  #7KXFWvzggvsLY}
  $ѡ$w9{MN[q/
  %]|eۦ;$O20
  &0κOr&8t妨VcL
  'Ɉb0f1bZnݰ
  (VwtMc5&<BAZ3F
  )~"cjaҴ$k.VRN
  *%/ފBۼ3xI
  +ɧ荙a˴\$G
  ,Sf?Q3AӠ-ϾbCJ3
  -gvt؆gČD45)!
  .8;іJ@k%őjE
  /ZZH$#~t?VO`o
  0ݱvή]s3'BY
  1{ٰy4uW.'I;á
  252SpZinh
  3j},=[l1
  4=uLqV\tԪ"D
  5qz̎uvHϬ
  6?m 4(O|)C}Hv
  72{5yNTb]_at̒CCY
  8ܦQ&B%յC~뎋2
  9:vDI)W`Dt
  :]aǇBR/!/Jr\
  ;=λ&)@.=(;
  <D'òETܒ#&)x
6a10x|  "  5LLLՑ                        LLLՓ2
  !EARTHMOOCTw                  ء%tRH
  "JUPITER ׿                  轻7
  #A4                              LLLՑ
  $A10                             LLLՑ
  %A11                             LLLՑ
  &A24                             LLLՑ
  'A26                             LLLՑ
  (A38                             LLLՑ
  )A39                             LLLՑ
  *A41                             LLLՑ
  +A43                             LLLՑ
  ,A44                             LLLՑ
  -A51                             LLLՑ
  .A62                             LLLՑ
  /A66                             LLLՑ
  0A75                             LLLՑ
  1A77                             LLLՑ
  2A79                             LLLՑ
  3A82                             LLLՑ
  4A87                             LLLՑ
  5A91                             LLLՑ
  6A92                             LLLՑ
  7A95                             LLLՑ
6bx|  "  5
  !zTUDַ󑛞y=6|
  "BD@|WS!/>g
  #Pm~l-mŕ{p>v
  $ֻprxwHҩY5=Yd
  %-.KoZpA Ư>*
  &Ze/M"C2wu~A
  'Trr\-Dww#Z}jtj
  (`tr"&.rw3)-V
  )<tX9oNG- 
  *IȂ&3G!=,\
  +6n91^=䵙
  ,QC$ܲ|,yo$
  -ғl=TM-
  .BWrjc<q~ԝS2qX
  /4]+/cЬU56boZ
  0M[/iڇKuUg
  1_$šP>c<. Bc
  2քх^>t[W{AYHD
  302ґGoϞn}t
  4ِx\%7Y΅i^f
  5⻑٢*33@wr`
  6Ḅ쐢3ZlwV!˵f)
  7޸n)9A?RfI5o?
6a10JP)C  "  0LLLՑ                        LLLՓ2
  !EARTHMOOCTw                  ء%tRH
  "JUPITER ׿                  轻7
  #A4                              LLLՑ
  $A10                             LLLՑ
  %A11                             LLLՑ
  &A26                             LLLՑ
  'A38                             LLLՑ
  (A39                             LLLՑ
  )A41                             LLLՑ
  *A44                             LLLՑ
  +A51                             LLLՑ
  ,A62                             LLLՑ
  -A66                             LLLՑ
  .A75                             LLLՑ
  /A79                             LLLՑ
  0A87                             LLLՑ
  1A91                             LLLՑ
  2A95                             LLLՑ
6bJP)C  "  0
  !ey{T;uݐF
  "oCcf.bn8ϐ͜el
  #6sNaIuRrK:Rv
  $ŝ<9]6ȗhrr
  %ڭZ6K@{¥dG
  &o3,=Us=
  '8CCҪ췎ʅR
  (BɤReltB(MPx"
  )^;?ļg
  *TQVWk'#Wc19JFҗو
  +$8TФ}')
  ,ݰkb۽89gЎ
  -舤>fL,kޱLI
  .%K%w6Z=5vܷ%H
  /nA*E]~ӎ/4b36
  0dh5g9BVkU0}Z
  1ug%4qm$@otïx
  2ߘ/Xt%2KL iuk&
6a10זӲ  "  /LLLՑ                        LLLՓ2
  !EARTHMOOCTw                  ء%tRH
  "JUPITER ׿                  轻7
  #A4                              LLLՑ
  $A10                             LLLՑ
  %A11                             LLLՑ
  &A38                             LLLՑ
  'A39                             LLLՑ
  (A41                             LLLՑ
  )A44                             LLLՑ
  *A51                             LLLՑ
  +A62                             LLLՑ
  ,A66                             LLLՑ
  -A75                             LLLՑ
  .A79                             LLLՑ
  /A87                             LLLՑ
  0A91                             LLLՑ
  1A95                             LLLՑ
6bזӲ  "  /
  !wZ8${,af]Oq
  "m1\с||USB
  #ޤx,kڌ<?UyL/ќV[
  $$2ykl7fF}k
  %Nɘ[//| 
  &)F(b^DB&P=n
  't"ݙ+To j-z(7,ή.
  (|.?PbX(ѵk
  )+:v٣G)HIzeRj{.B
  *K^ȏ_>YlE
  +^p+ R+At蜴q
  ,zfC8Lg/3~0@
  -mJqOqorCk4n*"u>
  .N^=|W覲ވǃqf
  /TӝCnߕ3S9Ao
  0ʾH(K=ϡƴ?ޒ3
  1H営x5qe.JEm@
6a105j  "  -LLLՑ                        LLLՓ2
  !EARTHMOOCTw                  ء%tRH
  "JUPITER ׿                  轻7
  #A10                             LLLՑ
  $A11                             LLLՑ
  %A38                             LLLՑ
  &A39                             LLLՑ
  'A41                             LLLՑ
  (A44                             LLLՑ
  )A62                             LLLՑ
  *A66                             LLLՑ
  +A75                             LLLՑ
  ,A79                             LLLՑ
  -A87                             LLLՑ
  .A91                             LLLՑ
  /A95                             LLLՑ
6b5j  "  -
  !zz#xΚ%rA
  "\qCǗv`#=z
  #ެIbt4u~T
  $s<l1ʹz'\%&
  %Kl~*Pt&Y
  &ȴ,x}r`LȤfkz'm
  '޸Oִv&TT]{a
  (HJXMWj\pCUå
  )PrmF|lu&{UOT¶
  *݈KЯA֠3vX-]l#}
  +pNۙpCO-
  ,u$itIyRpǌ0~
  -Ɩ,}2zA:K?
  .Z3ejzq/ҵ4d
  /I3ēWw*>b
6a10 Nȗl  "  +LLLՑ                        LLLՓ2
  !EARTHMOOCTw                  ء%tRH
  "JUPITER ׿                  轻7
  #A10                             LLLՑ
  $A11                             LLLՑ
  %A38                             LLLՑ
  &A39                             LLLՑ
  'A41                             LLLՑ
  (A44                             LLLՑ
  )A62                             LLLՑ
  *A75                             LLLՑ
  +A79                             LLLՑ
  ,A87                             LLLՑ
  -A95                             LLLՑ
6b Nȗl  "  +
  !HVYp{A77~o
  "o&&x.#J~7ۅ$L
  #g7[zqQGp;ˎgc&
  $+f"uOjlR,9
  %@TO΄,Y
  &ʊ%}IhgÞ{K
  'ss)gigMRycҬ_'
  (whY'pp:YɟؗV
  )hn;W|izE"R
  *h,͘(@u34E
  +(py8ˤ׃EO07m
  ,ꬒ~q١^qwTd%A
  -ܪ՞{R3pؿ1ƕ8%P54A
6b4Єs  "  +
  !*龉p6I+ظv
  "R.e:/]
  #56ޥ8-|襑Xj19
  $0HҔ(KU>ڐ7Z^,8P
  %0ߗA.~=δXh1ِٕ`(
  & \y;U~ɦ萓sٜ
  '\'tIΌûF^{
  (i=mjʘ۲wցzVS5
  )qJC"o9\?X
  *UPb7V+yA>vZXOE
  +q@/ ZQP"Mt
  ,b@ii_jN请z
  -Qk9ZÀC(`ca
6a10HS57  "  *LLLՑ                        LLLՓ2
  !EARTHMOOCTw                  ء%tRH
  "JUPITER ׿                  轻7
  #A10                             LLLՑ
  $A11                             LLLՑ
  %A38                             LLLՑ
  &A39                             LLLՑ
  'A41                             LLLՑ
  (A62                             LLLՑ
  )A75                             LLLՑ
  *A79                             LLLՑ
  +A87                             LLLՑ
  ,A95                             LLLՑ
6bHS57  "  *
  !}󔆍yeʱYVfĺ
  "SoکʲE>߽
  #ߠRe֨gazrH*'e
  $Àu^e@ݯZ2.I`5
  %|?݁A5gH
  &~ynġpvۘ~R7U
  'j4JYե0$4j²
  (據}jEMqAtdр1`\
  )%KloZg\KZ
  *R,l'xKiZb#iH
  +Eyk@ȁxj8Z=
  ,Z5hm5م݊M
6b]Rڙ  "  *
  !i3Z ;QPQ(1
  "3lUWܮvLI{
  # ox\3*v6
  $!kmQe݄blL2Uy
  %2ˁ3J3?yd~oov
  &~rR[FC뽚2
  'йО,׍`/#HB
  (qP.iNRnm
  )i=i7~?O?x근
  *_n܉wJޘהg
  +!45,Y;d
  ,8 icfyg~
6bq8v  "  *
  !Mw0|ihPJR]
  "}ؑ7> y'~A
  #jkF0鏚n1M c@
  $R)`gWW,)_Wc\
  %As>)xA|mqm
  &&c~6ٟƸޔbqF|`
  'C4tŸTNي)@~
  (0Y9fܩG&!8@9AG
  ){Z`¦knW:vz+1b2TD
  *UEÕvg9ΟS@X2bT
  +$fz'h֔YWLaZ-
  ,1MLӑ˗!\Z
6bŅ굛'`  "  *
  !D|-A}܄sxH
  "E9e)+cPy}jf
  #Rܴ-|f8ۑ|L
  $.^hI(Yدǡ<4a
  %DcPw5V()-
  &υ˛8i؄h^D
  'ɐ[ J./%0
  (&fuUugI*H
  )j@go5ͺ10[ŒO
  *PւxJ/`qϾ$rsjH
  +DW#_wä+ŎYVP~
  ,؃O4G@)?~87.`
6bɚV'  "  *
  !FĻyRm
  "vr+8SߑN¼
  #dg ~ce[_
  $եiS3\7Aùj u
  %ܳQ¦pDS-zd%!/
  &t憫/(n~
  '!(2pٷ:%3RrwM
  (@t{7&Xq«pYK
  )֕5*vAݫ9p
  *rOASOBQğL
  +)8apcFJ4joXԨ
  ,˵!\24>|Zۙ5G#
6bͮh˙  "  *
  !m8ZW̷[l'
  "Xԏ"Øzc6Ў
  #Ĉݨ;,%xZb,mC"
  $4u}\9^x$mxT
  %pN"b8asq1A4h5
  &|y VB-Į "
  '੕l??nSx
  (N&}O-0=
  )Ղ!8~٨Ax(@{c$
  *̓޽vŢЎV
  +,^9{hķQ'5}X@ys
  ,߃A[&kQ,vWXG
6bΙ  "  *
  ! ZA=|Gky
  "3D͢í˟Ӑہ
  #410jKBrũ]b{ 
  $@<eTì@-G=
  %+.7R}r$^_{M=%}
  &8:Ivxv&*oo
  'ΉGFah^diٓs
  (X}٧o`"i(#-M:
  )圼wիoS̋R܌:
  *"6.kB賍a@4
  +[X:$nmq%2Qp<
  ,ܯ3ZO[pՏPӈ?
6bZ;  "  *
  !<5q1NawխŔɪE
  "@I~ц'C׊
  #`F(-YԣH
  $m<ACɭ7^]
  %$o"̊ݡŎ1?
  &YJ*|0ra{ƊE
  'QGJ0-)aEC
  (^%Ѭu[!Wvk<Ұ
  )oqwXmD?<4
  *Ycĳ~C].HK
  +DY[nMz5[wC5;F
  ,^MFGp߻5 '*D^#
6b릢3U  "  *
  ![NZ<l*޼".fE
  "x됺{[oOa׎i1+
  #EZ. '<5k$YQ
  $طk[N#*kL<٣
  %ey27t뭰Rj
  &NS:Z#ǣٚCw>˱>
  ')yzYn<Clq'k.Ti
  (|oEIIk45<9
  )˯x~;RM©OFMf"B0
  *cNW"3<ˍ&U*^iD
  +Jf[$Ц>F5E3xF
  ,سS|~"J5ܘe!lw
6b   "  *
  !'Pm촹":HqQ
  "z/(Nۻ[Hs_Ӡ
  #҄Lm79蕤#
  $wnmb.6`nmak
  %2(yh'W7x?o 
  &ÙՒM\/|gov
  '5h.,5Zy"
  (p2Ba{mPV
  )]jJy#2wzP'<
  *ĲRȸSazȺ3D
  +2;YEVlۘ6JS2&G
  ,ҷs[#s3 ;W&QM{F=
6b4^t  "  *
  !DS-XK슘?2
  "wj9S̃MlowE
  #zL@:rUFFm
  $RUkJTBԽ
  %3t{Ġ˅!`A 
  &ʎiٝt<{󤦊||C셦
  'ώ矎,zYQ%Ih#
  (MW`}06^rp
  )pzIUPFyBl.6
  *MȂk洛.EM,D?R
  +]]yzaf8Kto
  ,́`uf@㕱6xsi
6a10H%  "  )LLLՑ                        LLLՓ2
  !EARTHMOOCTw                  ء%tRH
  "JUPITER ׿                  轻7
  #A10                             LLLՑ
  $A11                             LLLՑ
  %A39                             LLLՑ
  &A41                             LLLՑ
  'A62                             LLLՑ
  (A75                             LLLՑ
  )A79                             LLLՑ
  *A87                             LLLՑ
  +A95                             LLLՑ
6bH%  "  )
  !(Д؆gTβ$GҕUh%4k
  "PC(ߚ@-J`E32
  #%XV_sLan,
  $iVdqS;&"Kgoڇݧȇ
  %ɧIЧ%͙rQwwm
  &~z:-UHM:3d<
  '˫qR^ǫ?
  (+;[>2-o<n&I
  ):io#ꦣTŀ00t'o
  *龉cz1E=hlj
  +ǞZj^_p"1Fz
6b\hI  "  )
  !󊼷az9xFѵ@
  "e(::}ʳKtHu
  #ތ\w+p+$_]N
  $Ոr=Z`6W%(t[2
  %_ܤ'u[*dzƇo-~\l
  &,{ pռ{8Hbs{
  'svR<mDz}ʼ1
  (!7ylII1YGN'@
  )NwI̯[3
  *&9@g1p'́5|Pj:v
  +/)ci+D?pai/B
6bqb?I  "  )
  !5#-#}Xb>
  "J}dWQfmZGo/L
  #~H=${Ga,|yuIC
  $etEEѨR&J}v
  %SKč$!8ᏚY;
  &튌|E̞[ y
  '޼z|7JxGLɕ;{b
  (Ad-r]H=*96םo
  )3=5LR$b]Uߍؕb
  *˖"j7vlS>]k"
  +ꎷ[3$XgJ
6b򅮊#  "  )
  !4+_>
  "@O;T04v&`//"
  #}wdI;!܆s\op
  $SQcت6^_J{
  %X/8,X<"?aQWq
  &l݁ԃ,*1V˩
  '%p/e0҅5]<
  (dϼ+͓hyI>Rb
  )MsZI]b"\V6Xz<)
  *yL{Ȇų̸ٟY
  +'X˖jɇ!
6a10  "  (LLLՑ                        LLLՓ2
  !EARTHMOOCTw                  ء%tRH
  "JUPITER ׿                  轻7
  #A10                             LLLՑ
  $A11                             LLLՑ
  %A39                             LLLՑ
  &A41                             LLLՑ
  'A62                             LLLՑ
  (A75                             LLLՑ
  )A87                             LLLՑ
  *A95                             LLLՑ
6b  "  (
  !VbD`޿TZz&S)
  "*S@wԝ!3c)`
  #b6fbB?8Ov}
  $ޑ޷OiT¤1f
  %˧,ϣi+B͌>ۄ%
  &`b6@*ə
  '饾j dp!FJkW]
  (8OT^8eO=
  )葝ҠkY(ٷ v
  *ށ5hGK~n[ZF
6a10f~1z  "  'LLLՑ                        LLLՓ2
  !EARTHMOOCTw                  ء%tRH
  "JUPITER ׿                  轻7
  #A10                             LLLՑ
  $A11                             LLLՑ
  %A39                             LLLՑ
  &A62                             LLLՑ
  'A75                             LLLՑ
  (A87                             LLLՑ
  )A95                             LLLՑ
6bf~1z  "  '
  !&J-fo^,3
  "Kɟ3Tb3哰]Ԏ5&|
  #_"%rnBAN
  $l8wrymH_Ӈ^>'
  %Ņ٫ZcHfə9y3
  &aM<o-"eo!kS4@
  'CxjHT0ńi/P:v
  (IfTM^$V^1
  )u=CAa}KT2jB
6b²yk=  "  '
  !Q0IjȊ㴌ObiI
  ".%IP#4ُu
  # !L:O LW|?Eà
  $+(zkE~y
  %k䢙F鱧מs٥7
  &晳|;;t/Z \(
  'oc{줨TallG
  ("OY|-*S/
  )Z0['E%o򹕏!{k<
6b(a  "  '
  !.x,5`DLD^
  "xu 6ƋgӐ#q
  #ޫ]DwWԧT4
  $CY+#%u٤J}=J5ʕ
  %.E+5ڟ٠Yd
  &.@r5d'Ryaěb3i8S
  'V`YAzNh˱ǵ;>G
  (.ۋC̀~nV'=Z
  )?D[Yr8e,DFV$b[
6b痁~p  "  '
  !v᝜EFrxg: 
  "$OZW%dώ-f6YӘ9
  #z4޷@ioFY(
  $㦎Xy)q ݊EtedPB
  %~-&Zf@vH`X8m
  &֐x~l0lV[zz@I
  '֤s\@u]HZ
  (ʜ7nǐ(@[ނ8D@(2A
  )͕:_?aq1[1d
6bcEn.  "  '
  !R]uE@1A-,xPl
  " Js1@AK
  #ՠK{6)!DK._
  $>,9Aް?V}U^^D
  %̓|c!賫̽%0w
  &z$3Imr'ث3N
  'İ͓!F&P9o¹k
  (p"7DY\zMef
  )*Y4Uc@T'0-N
6bӁJ>  "  '
  !~_t۰3klWi+
  "9-yY׫x򫵛I&@s%
  #C(qH1AƇ(ZhU
  $W`G-<sW̥ko7
  %U9R'K*_%
  &֎7IU'q("'åt
  'd~U.։3Au
  (LrAbVѝ2$6a@
  )ZSPх%0x5oV $-E
6b:^M  "  '
  !u$Dcݿ<h)U_
  "}.&V福xO&
  #PAŏvp:RJT)dL
  $TvOߢ0@i;1V|^W
  %5NX3tl7u[
  &&}@4zv>l̻͢9
  '͢|R;bҮߪgO
  (32WP9Hf]!
  )`۹";ױ2P4@H*;i
6b/1^  "  '
  !!e̽OFeS*Fo
  "|FS`xV@5N$x9
  #2'kT?pXȁ
  $Sy_eET7oʓr3F
  %;9ѳLT6G`Q.t
  &㗒oi;R/+
  'ď]!K&E`6z|Kv
  (D"}.UhbyZ;Xs
  )֖D?G]¸sЄ2nϏ
6bNo  "  '
  !@Gk:D΋6vU|
  "^@p+Y)Fݛ
  #Ȣ&fHsv%^
  $w\F9DS[k/r,6}
  %ͻ,aOǝI'&
  &m=:^5Nꢆn^a
  'ԠM_(~ݦЁxu;H
  (_Id(筻?h߮pS\
  )͋S)WusΎ`v
6bmk~  "  '
  !w౐ŲK/͍T"gnP
  "2J6eEg|y8 Rn@
  #06V7{\K
  $;erUzTXχ.e|Ĵ
  %4fy`fBPaaİm"
  &vkem"Dŀ`d(EY
  '9-ԬtגIm8{Z91 
  (k!`Ga]8^y='<wڗ
  )ύɔ8ϖUԈҪQSpʶ@
6b~|>  "  '
  !s2}+gx{n}ݖw1
  "٢ޑf4HsGѱސkk8
  #V|ԉ#|Z;V"!B
  $ڄn}X_خ6M&黡F
  %̸*A,r_R2<I
  &1|/hB/%ùԯ~d#4g
  '7*\1Mdz%
  (~czo_9K{YA薽?+Ԁ
  )?g).vWaOR
6bD~L  "  '
  !T8O9!et0]
  "}9^"B.*OS_
  #qxEqxJV4&־My(E
  $WpIEhɲڣhg!,s@
  %$>*{O$(_MYf
  &(^"@$֟L[
  'hgoأ[D8:./NYO γ
  (qјܑI][Įo
  )T"'Ҏ'=)dGυ
6bU~H_  "  '
  !|ʰ0uEgc5F8
  "GOl{:4
  #Е{Vոn3F4K
  $ӳ*{Mz幙{L\
  %kNz֬7C,=Rqf2
  &eʭ}0ܴH=vyYc`
  '҇fόԡF,3έF<
  (ǆnY;̰wCU VVlm
  )L@YFE#A."
6b}l  "  '
  !] Qh:T%-牎~!
  "|+ƙl~}
  #娝E#@Z~Zǻ!_<
  $!mXi>Z঒4jBqE>
  %!؏~"B}{{vhSR
  &r".#*:#nIHlC
  'DEBTLَeSNt-
  (W19mv#q/L
  )!:Iy9*/-0Xɚ]qfÛ
6a10w}/t}  "  &LLLՑ                        LLLՓ2
  !EARTHMOOCTw                  ء%tRH
  "JUPITER ׿                  轻7
  #A10                             LLLՑ
  $A11                             LLLՑ
  %A39                             LLLՑ
  &A62                             LLLՑ
  'A75                             LLLՑ
  (A95                             LLLՑ
6bw}/t}  "  &
  !\?^+$C"wC[*'
  "}1K,kQE)E+Њo
  #<WJr_p2V"
  $%󌞨ѶFdU3$Ҽ
  %QSL<>5
  &xE_̉+ni{~w|
  'CS[=UF
  (ڭGГteݍV\IGi
6b?|܏  "  &
  !'<%tRAɸ%E
  "Yȷl~0زч<yU
  #F"0=:Z?+jD'Lcn
  $;`GLʜ`m$-5
  %3Ɏbk-dÜj7dA
  &n|r$,k:Jnc
  'Ϲ0#pjoϹXȎ%*,@D
  (m|ƧIhS
6bN{d  "  &
  !`TLe)")Mlm
  "8y4=T>xNA:d
  #ٯcbAȷu-#5jd1=O
  $k|SLuBǞo|GP/].
  %ϫbz]\z]Jl
  &s%QwɚNo^ܯ,.G+
  'XqRY/</_?
  (ćxߠ8!JV4=
6b{{y̱  "  &
  !z03]yJY-&BR
  "7e]Bp+X5dx|v7
  #j8g2Ia)7wNoCI!
  $ݧ%@`afYKo`f>&4
  %Ywd[VyٚT]J/
  &ԱVq>L}2;Rd
  '4ByCM<_!.X
  (ϟ M"$ņ̑
6b&){ªm  "  &
  !&sga95;DHc
  "l\v1R{+;e2=
  #2~`eH^dFM,!a$
  $Quv=,(:M
  %ѽ?4_N:{,,|
  &3&B246xLyu
  'ȡ!m4&3CFȝLIi
  (5\eoWߙkH,
6b{F2|  "  &
  !w@ LSրQQ_R
  "FY5tL3R
  #jz:]2JGɸ-̜C?M
  $lwNpD;5I)Fd{S
  %̇?&oZEk||`z
  &cDzݐݪ{X
  'f﹧i:M#0ntb
  (,rkΌ^1ף?a3W·
6bez  "  &
  !U蕟ЉjN8#:
  "tpwዘ.Y0jV
  #u>gffۘF9xR
  $T xM wQMOVW
  %vKSLT)[*
  &䠽hc$tcTntm
  '!C[&<Ḵ(_q!U
  (߅JMiBǜ|j
6bXz-"  "  &
  !TY6&Q]BؒAp
  "渔ڲz|P/t#J/
  #ڻaIဎ+5E
  $wζݕ%3i!7c¡
  %t-{oswҹ78ĳC
  & U!vU̞rdy+J
  '`T0&`ߓ[W0J
  (ԀG<l-ل݆@~m
6by  "  &
  !Afg'aDfKZWO
  "r'IϨ8+
  #QQsGGKIxiGW,'ij
  $'Դ/]ax.jd
  %D纤[7wEȺ}*M
  &.껐0civXeS
  'n椳$\K.mEy
  (]!ɢ_aKc
6b0Ox  "  &
  !<_'#hb۴֮D}.7
  "r-9d2-yF~S
  #ti!vONZR~ɶ8,
  $ tWD<i5'o4
  %c坧\*BvP55ɴǸ
  &Ew}x-]ԥGF
  'ֲbOB:뮻9\{
  (=S|!{ŨK)l-Ec
6a10xwzњ  "  %LLLՑ                        LLLՓ2
  !EARTHMOOCTw                  ء%tRH
  "JUPITER ׿                  轻7
  #A10                             LLLՑ
  $A11                             LLLՑ
  %A39                             LLLՑ
  &A75                             LLLՑ
  'A95                             LLLՑ
6bxwzњ  "  %
  !{99+6n{{ey=Mz9
  "UKUwPcBx"7
  #sT@U6;XI5m
  $U48FZؑxfvk[
  %v)"f&c'vǈ
  &Zy21^D>Ĳ}PR
  'ǏkDDEvj*pM*lK
6bxX  "  %
  !C@=edmt
  ")E!?Дыz1Mvw
  #rQ܎C4`Yq]:b9lW@
  $@5KVHtVل^B
  %Yd$KXˑ+m+
  &`4B`|\S犌[
  '8ڎxe兂|R8
6bc9xC  "  %
  !qٕ82D5-l4
  "GˑCb./2:V{c^P
  #'bJU@tR|vɘ&
  $ AoN~=ΈrWJWj0
  %ϕ ]K5/Lq;*n$ӵ
  &bGh@w,Y0E%dko7R
  '2⊼m~᪋.2;3e
6bwH  "  %
  !$˄sۭƙaz3
  ".`N}qȑDDy
  #Պ.YBJL*RZ@=F
  $D Uzd]Q7LqhVQ̢@
  %It˛z:mlPexl/@삈
  &Ӭ5F0|jϽD솏M
  '҂>#Jt釹|Ԣ8
6b:uw*  "  %
  !7@&P0zYp5)
  "IMt&ٮN%#o
  #h[SqjUGB&eaB;
  $܍dJzY]Nȁ
  %wŋNLrƶȟ%5
  &wCY] AcӅY&Ɵ
  'eBB(Xnf"7
6b#v8͚  "  %
  !ܒkRin5u
  "dQ02dg,f}> 
  #3[O^,pkך:QPC<:
  $@9Vl{ͨ%ڟ!~
  %/>DuSjoץwi/
  &Cڵ<W-1E:W?[J{$
  'Qk:>k:HQ@w
6buߚ  "  %
  !g(Ő+Br{f*0z?z
  "K7p?vf֎YWU
  #!)p䩶ҙe{GxHX
  $P|g6eV{I@w
  %0@&xTU
  &τ)ql8DʇrLBS
  'ݫnxI:`ޞKcm
6bm_uu(  "  %
  !\5򑽵P8ѲU
  "VБC_g$队Im
  #EWD@Vx8x92=(
  $ߔhn~[@غ
  %٣{MǢ0`ဘ7͖)e
  &f==nF?J?LT?b
  'pҎKeB'pžIJ
6bu櫚  "  %
  !XjCxFwn5-:}
  "i4NDѓ[
  #125zlyξ`^¯O$
  $Csg9>Oɦ
  %|Xa6\6ns
  &؆^D]4Ck?
  'Ьg踻T
6bDuAn  "  %
  !9F\J򫭴b\ 
  "Mm|=4&2QX[p b
  #KJKuqSrZ'\(-Xqx
  $ԿŹ(D.>
  %҂Hy8I5Sz+V
  &ˉM6.z奈c{ɚ2
  '$f77畂F<#
6bIt̚  "  %
  !oǰ˂M->!
  "\o&4(*ܑo_W
  #Dpߔ\hOQ<z`2E
  $ۙ>CA|e=@(s
  %w%zz8L̆M'[jqs
  &_ލ|0]};αaI
  'xff^Wl$)\
6bt(^ޚ  "  %
  !ζmƤVYݦ
  "&OqJYHf\:*
  #f-~yp񒩟i)+ QW*~
  $d-xVcOf[\#P[ޒ<f
  %ԸЅF;jRӈyk
  &3<EC;_ϫqz4q
  'հKY7ͿCS
6bws  "  %
  !ͪOS꽐KOk
  "ZR׺uYN [[1
  #̟p`HͭFYK&*y$
  $ݖ%_*KaYh,XL6
  %e'ՅyW,~꼈r*xчɭu
  &;xetm4#<ETfЄ#X%
  'ݝyA13ڰyĈ~uՙ+
6b3rN  "  %
  !Oh*Il:&*ƕ
  "Y==SƬQII
  #ޭlrVaѾ'y?D
  $q(U^9'$ѧ0oɀeUt?
  %cŎ:\>jzQ.-V
  &qR3jiczP``Dkw
  '߉(Gy\驻D;
6bNrr/  "  %
  !@i;ZŇɄ\q@U
  ".]o%'M 
  #MN4ÿ"Ma;oē㻵c
  $\5j8r|rakZ&
  %)ǁeЮ}JڰvW
  &<dA`:L9m_
  'ݯٺnbYPIl&I
6bor˚  "  %
  ! %ڸ|4
  "oWa\_@܎Ġ :
  #㨢脏N^$@;+5
  $]6lB<&ڳ,G`uǁ
  %~<ԗ1h+qZ"]fTf
  &ȲrHaaw0{"cP
  '֭ˡpS=ZTefNB
6b%r>ښ  "  %
  !t%}Y៦Ŧ=
  "$]pKaEck
  #J6!>Ger7ઞ.R :
  $TbĻ? ck2VBxykbd
  %Ԕ93)7&"Uq
  &/5eYԺm^Q4#
  'F0Rڗ'*{J
6bq  "  %
  !˾y<@++=1
  "đ9p*'3ix
  #V1({JrAU_ѳ
  $h0͔34Aה7)|Q,
  %|QP+}\fc.X~݇
  &r8o>dfToVޥݟI}
  'Ǐ;ȷ㨋n\2lx
6bYq%  "  %
  !IK_Hv]HOV*
  "mw!D/XDk>O=S
  #쏀)ˎ5a$+
  $c˨+i:DJ2ٵ?Vߊ|A
  %~ʂXfWxjaơ.m*%R
  &EOSwqoOk
  'ҒzK集t.I|bRQ
6bXpu.  "  %
  !I۩.(ݰ*d
  "lT5و+Ǎ9h,z
  #?l*<(q㠡T[
  $84(JK}mZј`h
  %.]Jǰcn敬H~
  &=OZ$|EgZ
  '٦_dBK[,际8v
6bo@  "  %
  !>\̶|8>
  ",'J@7e㫟
  #Z_FQ7@C͍
  $c^Uα"҉G04C
  %e)QY>c|[sRэTJռ
  &g%jnzd1?-%{,
  '݊zm>s:A&ݴЈȹ
6b0CopeL  "  %
  !mwiHWZ{kTYGJf
  "Y#z2Ø
  #4s],AГa!?lG
  $ߞ;idxloo6=z
  %ԓ3B2.Au@IBxW
  &ǵx]f}%Ɩ+8.A
  '3"2{)J޴
6boB  "  %
  !x׎t܇̸ρ4t28
  ")akp6,֒cm
  #ZF?܅hr!د
  $טޑnl>w\f˪X
  %bp8МĐĶv9l*
  &t`SBWػOޗݔH*
  'L񎖿R1^ྎ<I`
6bo<  "  %
  !O-MvqaXJxu݇j<]Q)
  "<dWYѹnwQÒ
  #!5&wzmh@
  $ۡvƒ#u_`J\b[XS"
  %LBKR6=ɴEZNѸx
  &ҟ8bbӸ$l`n#hy@
  '`92ZJI.%bxd0
6bc-n3)  "  %
  !x'R9M='5pZP
  "(QEHuBCIEz*
  #uq2DCX[#^{-@A
  $ؤ(sF|)nGe̩
  %}t/CVHwgk2ЦV
  &HʔY@3uJ*wʡ4Ow
  'ܿUË롳w28{X
6bn#<  "  %
  !xo#"-/=ϯ+LY衃
  "gdƼ3]hP2bbE^
  #sكRڡ׉d_D"KS^
  $V㟏PZM6-ɀ
  %ZY|eu=Bc|:NEqk
  &OH@yMBv3T0
  'ֽ9bD_A̋/\"
6b:im#N  "  %
  !u@^@Ӽ ҖI1z~p
  "[א[8|8ХߎJ%D
  #؋:Wj_%pIUX +
  $|`ٵqʮ^P/=
  %dy8+qј hiJJRDh
  &xc]l8j0'3=Y«
  '_ےdA4
6bl]  "  %
  !bYJ*1Y a~
  "!.5κˣ2*
  #~tӵESbygS8L(
  $*de-V4C\̿W
  %wi堯]37u0m"
  &P+uѐ;GҼǦV?7Yf.'
  'O|KX-)q{rL6
6blmp  "  %
  !&|%[l%eh\>
  "0z-FލN.w-
  #1{n5Q]9ʅB#V
  $ոr7^HUe;J9V
  %&sGsCQUk#||4j
  &ئ!̅hje/毽ZS7"
  '2su**V7/foeN=
6bmSl,  "  %
  !ϝŊ;zwV#O=IH:
  ""Br?{A3eAnEf
  #״A?=4E@feJ#z${S
  $٫nXJۍ!Caj
  %ѽ)3:ԡ"Ux6,Sco
  &ѪrtBb}$<RXt
  '݁gNT2ܘDqs
6bl:Y;  "  %
  !y$Jvtɠ0ʛ/2
  "}g=ϱ{~l
  #˥9B}ߴ ]#%ea
  $ܳx|e'ƸbvqIs
  %սAftcKٸ{$G@
  &0/̬>o󰯗ոx
  'قRJ_^ѭ"Gy)
6bDkM  "  %
  !ߛC>7%B县H{u
  "||W(ɘ`5PY
  #r.ߟpw9<̔a'ks
  $C}.SJLj2RxFz
  %<a%V$Q}6ͨ
  &ȩ=!FK\BƚF*LǘT
  'xdۋ ݆agx
6b=k!I\  "  %
  !ф} ȽǩK9hM
  "ڑD"řZEtUS
  #5ga:fPhZ8
  $T+dz2dw^)+`
  %ӲeT˜&͉1{%jV
  &unmtVWneRӹ)
  '˜`Ӗ8-uD;
6bjk  "  %
  !clZ[_eb[&]q;>
  ",5)+거8?q]Yͤ
  #Ek]o3zs8˾r$\
  $Ykqh7tAϭdCrp>
  %o\Mփ<8peAD
  &Ns赳ۨ?J%K9^Q80
  '2-Q%?Auvre
6bwyi9~  "  %
  !znLАb<}
  "B{~=%,qb6]G
  #L rt:̂h[,zDB=
  $*`.@c8uxzu"
  %2uLϛ^} Tɦ
  &?b,ƔeAE)Jʍ
  'V"23%ˈWGzf
6b'ik  "  %
  !NgS{ `&י;c
  "^s֎܅B,oԏIl
  #nmMI\5D||B'Q> 
  $┪qZMu^0j
  %håhryU7}<u
  &ˈG&kXYdʡp!vJ
  'ZœxRWMh.4;
6bNiI  "  %
  !/X+QE32~c"bڷ
  ")/Ešp3?͞Ν
  #㧊0}ְa^C̈s8
  $b|VYA򥫬\
  %ӣ"̂J-0螬b8
  &gjS(Ǩj1)7,K
  '}2^90&ٔחaO
6bci7\  "  %
  !sĜ^'%dYSV
  "|tׅvt-뺎'+hմ
  #Bkȭ&x#Ejm+
  $hr>&`":)ꠐn
  %VH+ϖ=':e!GB
  &b1>YJ(hLc(
  'ݢ[Z]Bst-B-U
6b%hon  "  %
  !y#EU5s+xS
  "N"n{eW|ߗH_dc
  #҅fp,9x˿dw0iF\H
  $7kcԩ.$Hv
  %œKIre'z.
  &Vxūڳ>StqMG< 
  '݈M~Ro<Ѧۛ
6bg}  "  %
  !։ifܰn,vW)*-
  "{LmSF亅װ
  #OطALpQDti
  $fpS{s8ܘ
  %|>pˬ$_,וyUy
  &XxTҲ|pGD.D
  'Ρ氎ѳ!`ysQ(tR
6bMg_  "  %
  !|xɽ?Q=*Is
  ",(;>.ۺŦ<ÛlY[
  #2JU6_x՗9E0G
  $Lv5k2ce U
  %J}S2o]Xru'e&:~
  &ӒMCy=%uRWSm$
  'ڱv8opT{Dc
6a10XfǞ  "  $LLLՑ                        LLLՓ2
  !EARTHMOOCTw                  ء%tRH
  "JUPITER ׿                  轻7
  #A10                             LLLՑ
  $A11                             LLLՑ
  %A39                             LLLՑ
  &A95                             LLLՑ
6bXfǞ  "  $
  !Jˊ#qLWW
  "/ne635Np
  #ϭSznBQҷZ@EF
  $sQv2ཹ/Y+-
  %Iy Jxkjh!ŕ
  &ܡ:NõJZ9D
6bfiO  "  $
  !$oeZTO5*
  "N̫8c&98!;%3
  #ҽEM)\AGˆ7!
  $ٹ*zMKѝvӢȀ
  %ԘvඖFe>ؓHa#
  &@4b_{^Ej
6b07f-j  "  $
  !4{^0IuNf9͖[~
  "{Oՠ{խ+1B)f
  #4{;0uC{RgE1
  $քDPl`:V֔
  %՛9L5tlf^!
  &D(_JnJM빘߽6Y
6bf5|  "  $
  !,rɥW82É e{F
  "kΏ8aT26`
  #c빉K6G뀇P. v|O
  $ЃNP+3ΙEa]6
  %.'~S!H|75
  &Cc)wl94
6bse  "  $
  !6ݑ3d:Ocv\gW
  "8s0[펌*߮Q5
  #XLd2$cy!nP_I
  $3_:ÁjiU"i".]
  %Vf]ppތzⴻ6[(
  &^m]E&Dܟzd~`u.~
6bc!d  "  $
  !W5ݠ`a>F8"
  "9Eb]D#Z{L:
  #(LƊvoIf[+s2
  $H)dg=BᗚWl=)-
  %ҏ$zveSwp
  &EgߊiG%5}G
6bd  "  $
  !r0~3ZLٔ}Ʉ,
  "kSzO[TY M0u
  #mkCnV,VqsZY
  $ְOHPhLOS2lv=)$
  %ЗJtׄu~C"_t
  &܉!eT"/גh~z9X
6b:]cu  "  $
  !ċ6kham[5
  "`Ls'5Qwr4Oc
  #ȃ2lhq*E
  $ٱBW_f?/?Tz
  %3[IaDy'&Ȳ/6
  &؝Wa)X}sn(aDjD
6bcfΚ  "  $
  !Xt5-ܕ$f,dm
  "F9#j9\Tb s"u?34
  #4.hkw"pumU>%
  $ܖEŪ$,qᐷr2TPeq
  %ҊgN_BozG
  &4ϝʷ`߄u%&|]6
6b\sE͚  "  $
  !vͨ/k;"a)WA
  "u旈ʼd"c5
  #L|@e,н>:iB
  $ߙpMLQvJ7Y];
  %ӣ~ަu'bei[ڌ?f
  &0l0x`Sob(UK
