 A107       0.7910 0.32560  40.190 0.0000E+00  0.000  40.19
 EARTHMOO   1.0000 0.00772   0.769 9.1213E-06  0.000   0.77
 A43        1.1911 0.49203   4.298 0.0000E+00  0.000   4.30
 A820       1.3796 0.27243  25.809 0.0000E+00  0.000  25.81
 A328       1.4154 0.22939  22.520 0.0000E+00  0.000  22.52
 A430       1.5000 0.00824   3.516 0.0000E+00  0.000   3.52
 A900       1.5007 0.10479   3.699 0.0000E+00  0.000   3.70
 A591       1.5051 0.01096   8.304 0.0000E+00  0.000   8.30
 A534       1.5117 0.06393   9.165 0.0000E+00  0.000   9.16
 A288       1.5166 0.03996   2.710 0.0000E+00  0.000   2.71
 A926       1.5204 0.10826   5.654 0.0000E+00  0.000   5.65
 A79        1.5214 0.04533  11.204 0.0000E+00  0.000  11.20
 A83        1.5227 0.06097   3.645 0.0000E+00  0.000   3.64
 A487       1.5244 0.05526   5.320 0.0000E+00  0.000   5.32
 A729       1.5278 0.05766   6.323 0.0000E+00  0.000   6.32
 A51        1.5323 0.05499   6.244 0.0000E+00  0.000   6.24
 A277       1.5343 0.08212  10.466 0.0000E+00  0.000  10.47
 A221       1.5371 0.31235   8.953 0.0000E+00  0.000   8.95
 A41        1.5454 0.08467   4.310 0.0000E+00  0.000   4.31
 A950       1.5455 0.05840   2.508 0.0000E+00  0.000   2.51
 A771       1.5459 0.09822   7.482 0.0000E+00  0.000   7.48
 A816       1.5484 0.08316   4.845 0.0000E+00  0.000   4.85
 A44        1.5505 0.06228   7.470 0.0000E+00  0.000   7.47
 A421       1.5528 0.04078   2.992 0.0000E+00  0.000   2.99
 A498       1.5536 0.01309   2.345 0.0000E+00  0.000   2.34
 A687       1.5542 0.04492   5.977 0.0000E+00  0.000   5.98
 A532       1.5576 0.04633   9.861 0.0000E+00  0.000   9.86
 A395       1.5586 0.08314   3.629 0.0000E+00  0.000   3.63
 A178       1.5621 0.05199   5.132 0.0000E+00  0.000   5.13
 A536       1.5627 0.06974   2.498 0.0000E+00  0.000   2.50
 A973       1.5675 0.08120   8.908 0.0000E+00  0.000   8.91
 A862       1.5720 0.02842   2.357 0.0000E+00  0.000   2.36
 A901       1.5744 0.03640   5.906 0.0000E+00  0.000   5.91
 A485       1.5754 0.05964   3.754 0.0000E+00  0.000   3.75
 A406       1.5767 0.05046   6.848 0.0000E+00  0.000   6.85
 A978       1.5772 0.01640   7.695 0.0000E+00  0.000   7.69
 A857       1.5787 0.03253   2.519 0.0000E+00  0.000   2.52
 A290       1.5803 0.04883   7.028 0.0000E+00  0.000   7.03
 A516       1.5815 0.36104   7.131 0.0000E+00  0.000   7.13
 A85        1.5846 0.02137   7.751 0.0000E+00  0.000   7.75
 A504       1.5848 0.43873  21.801 0.0000E+00  0.000  21.80
 A673       1.5903 0.11000   8.735 0.0000E+00  0.000   8.73
 A541       1.5914 0.06536   9.900 0.0000E+00  0.000   9.90
 A510       1.5932 0.06751  10.401 0.0000E+00  0.000  10.40
 A225       1.5949 0.06176   9.959 0.0000E+00  0.000   9.96
 A625       1.6003 0.08051   2.949 0.0000E+00  0.000   2.95
 A634       1.6028 0.04072  10.973 0.0000E+00  0.000  10.97
 A142       1.6054 0.03552   6.675 0.0000E+00  0.000   6.68
 A47        1.6055 0.07311   5.030 0.0000E+00  0.000   5.03
 A903       1.6107 0.04415   3.211 0.0000E+00  0.000   3.21
 A116       1.6123 0.09065   4.184 0.0000E+00  0.000   4.18
 A792       1.6196 0.08414   6.941 0.0000E+00  0.000   6.94
 A497       1.6217 0.04815  10.396 0.0000E+00  0.000  10.40
 A746       1.6287 0.04775   3.926 0.0000E+00  0.000   3.93
 A405       1.6294 0.06481   9.040 0.0000E+00  0.000   9.04
 A34        1.6347 0.07135  10.781 0.0000E+00  0.000  10.78
 A427       1.6365 0.05946   5.136 0.0000E+00  0.000   5.14
 A341       1.6367 0.08675   9.431 0.0000E+00  0.000   9.43
 A95        1.6378 0.14245   6.439 0.0000E+00  0.000   6.44
 A841       1.6398 0.11172  10.930 0.0000E+00  0.000  10.93
 A602       1.6421 0.09048   6.234 0.0000E+00  0.000   6.23
 A380       1.6437 0.10757   4.754 0.0000E+00  0.000   4.75
 A517       1.6445 0.09329   9.109 0.0000E+00  0.000   9.11
 A14        1.6449 0.02241   3.764 0.0000E+00  0.000   3.76
 A297       1.6475 0.02490   8.048 0.0000E+00  0.000   8.05
 A751       1.6506 0.07697   7.059 0.0000E+00  0.000   7.06
 A556       1.6510 0.06613   6.794 0.0000E+00  0.000   6.79
 A447       1.6515 0.06939   6.661 0.0000E+00  0.000   6.66
 A62        1.6524 0.04936  10.847 0.0000E+00  0.000  10.85
 A315       1.6528 0.07237   6.378 0.0000E+00  0.000   6.38
 A880       1.6553 0.02766   5.829 0.0000E+00  0.000   5.83
 A362       1.6574 0.03271   6.113 0.0000E+00  0.000   6.11
 A878       1.6580 0.05866  10.734 0.0000E+00  0.000  10.73
 A639       1.6582 0.09555   1.158 0.0000E+00  0.000   1.16
 A84        1.6597 0.07456   6.487 0.0000E+00  0.000   6.49
 A351       1.6603 0.07721   8.378 0.0000E+00  0.000   8.38
 A703       1.6603 0.04725   1.142 0.0000E+00  0.000   1.14
 A615       1.6625 0.04717   1.459 0.0000E+00  0.000   1.46
 A145       1.6704 0.04801   6.658 0.0000E+00  0.000   6.66
 A852       1.6736 0.05701   4.563 0.0000E+00  0.000   4.56
 A343       1.6801 0.05265  10.165 0.0000E+00  0.000  10.17
 A488       1.6821 0.04978   2.632 0.0000E+00  0.000   2.63
 A399       1.6834 0.10331   3.823 0.0000E+00  0.000   3.82
 A216       1.6850 0.09708   3.330 0.0000E+00  0.000   3.33
 A189       1.6886 0.07700  10.776 0.0000E+00  0.000  10.78
 A618       1.6918 0.01182   7.163 0.0000E+00  0.000   7.16
 A306       1.6941 0.02730   3.801 0.0000E+00  0.000   3.80
 A721       1.6965 0.07047   8.101 0.0000E+00  0.000   8.10
 A636       1.6981 0.06212   4.953 0.0000E+00  0.000   4.95
 A731       1.7063 0.06448   3.378 0.0000E+00  0.000   3.38
 A448       1.7122 0.02635   4.171 0.0000E+00  0.000   4.17
 A358       1.7123 0.04419   6.019 0.0000E+00  0.000   6.02
 A554       1.7184 0.06766  10.415 0.0000E+00  0.000  10.42
 A17        1.7216 0.06465   9.586 0.0000E+00  0.000   9.59
 A283       1.7247 0.03617   6.581 0.0000E+00  0.000   6.58
 A18        1.7250 0.04987   0.931 0.0000E+00  0.000   0.93
 A980       1.7267 0.01447   5.220 0.0000E+00  0.000   5.22
 A515       1.7273 0.00529   6.005 0.0000E+00  0.000   6.00
 A773       1.7302 0.36341  11.086 0.0000E+00  0.000  11.09
 A944       1.7310 0.07622   1.850 0.0000E+00  0.000   1.85
 A866       1.7367 0.03746   8.695 0.0000E+00  0.000   8.69
 A603       1.7414 0.06105   6.027 0.0000E+00  0.000   6.03
 A581       1.7438 0.06353   8.927 0.0000E+00  0.000   8.93
 A671       1.7444 0.10900   5.903 0.0000E+00  0.000   5.90
 A119       1.7453 0.06789   6.998 0.0000E+00  0.000   7.00
 A961       1.7474 0.11727   3.195 0.0000E+00  0.000   3.20
 A575       1.7475 0.09745   3.986 0.0000E+00  0.000   3.99
 A969       1.7494 0.01781   2.095 0.0000E+00  0.000   2.10
 A738       1.7515 0.02153   4.178 0.0000E+00  0.000   4.18
 A668       1.7537 0.03684  12.004 0.0000E+00  0.000  12.00
 A289       1.7607 0.09996   2.113 0.0000E+00  0.000   2.11
 A559       1.7621 0.07225   6.627 0.0000E+00  0.000   6.63
 A732       1.7637 0.03464   7.342 0.0000E+00  0.000   7.34
 A798       1.7643 0.02288   7.437 0.0000E+00  0.000   7.44
 A519       1.7666 0.01894   9.694 0.0000E+00  0.000   9.69
 A755       1.7669 0.06998   3.174 0.0000E+00  0.000   3.17
 A38        1.7677 0.03386   6.728 0.0000E+00  0.000   6.73
 A63        1.7687 0.04379  10.948 0.0000E+00  0.000  10.95
 A740       1.7695 0.12100   7.430 0.0000E+00  0.000   7.43
 A835       1.7696 0.06034   7.338 0.0000E+00  0.000   7.34
 A560       1.7723 0.04581   6.804 0.0000E+00  0.000   6.80
 A140       1.7787 0.05718   3.684 0.0000E+00  0.000   3.68
 A150       1.7830 0.10763   3.754 0.0000E+00  0.000   3.75
 A188       1.7856 0.04021   7.010 0.0000E+00  0.000   7.01
 A381       1.7934 0.14232  12.118 0.0000E+00  0.000  12.12
 A412       1.7986 0.10775   8.970 0.0000E+00  0.000   8.97
 A396       1.8003 0.04657   6.594 0.0000E+00  0.000   6.59
 A24        1.8020 0.02919   4.677 0.0000E+00  0.000   4.68
 A505       1.8021 0.06470   8.297 0.0000E+00  0.000   8.30
 A962       1.8035 0.12523   5.827 0.0000E+00  0.000   5.83
 A130       1.8036 0.02850   5.912 0.0000E+00  0.000   5.91
 A511       1.8039 0.10785   7.441 0.0000E+00  0.000   7.44
 A470       1.8051 0.04774   9.662 0.0000E+00  0.000   9.66
 A348       1.8051 0.06136  13.568 0.0000E+00  0.000  13.57
 A627       1.8055 0.08238  12.523 0.0000E+00  0.000  12.52
 A482       1.8146 0.00918   8.352 0.0000E+00  0.000   8.35
 A121       1.8169 0.04516   3.984 0.0000E+00  0.000   3.98
 A201       1.8182 0.04478  10.703 0.0000E+00  0.000  10.70
 A585       1.8184 0.08028   7.292 0.0000E+00  0.000   7.29
 A122       1.8201 0.10840  13.571 0.0000E+00  0.000  13.57
 A724       1.8202 0.08380   6.067 0.0000E+00  0.000   6.07
 A899       1.8206 0.02725   7.516 0.0000E+00  0.000   7.52
 A136       1.8212 0.04359   4.684 0.0000E+00  0.000   4.68
 A58        1.8213 0.06387   2.686 0.0000E+00  0.000   2.69
 A299       1.8223 0.09130   6.034 0.0000E+00  0.000   6.03
 A7         1.8233 0.06666   3.962 0.0000E+00  0.000   3.96
 A301       1.8257 0.07657   8.306 0.0000E+00  0.000   8.31
 A512       1.8264 0.00547  12.384 0.0000E+00  0.000  12.38
 A99        1.8275 0.07257   8.204 0.0000E+00  0.000   8.20
 A74        1.8281 0.06261  12.753 0.0000E+00  0.000  12.75
 A807       1.8302 0.05921   5.415 0.0000E+00  0.000   5.42
 A702       1.8309 0.08218   8.550 0.0000E+00  0.000   8.55
 A207       1.8312 0.06581  10.696 0.0000E+00  0.000  10.70
 A205       1.8354 0.07993   3.101 0.0000E+00  0.000   3.10
 A725       1.8366 0.02208   8.735 0.0000E+00  0.000   8.74
 A324       1.8369 0.04914   8.802 0.0000E+00  0.000   8.80
 A827       1.8372 0.05087   8.917 0.0000E+00  0.000   8.92
 A161       1.8382 0.04498  11.811 0.0000E+00  0.000  11.81
 A29        1.8408 0.04280  11.144 0.0000E+00  0.000  11.14
 A780       1.8410 0.01618   7.284 0.0000E+00  0.000   7.28
 A268       1.8443 0.03838   9.137 0.0000E+00  0.000   9.14
 A281       1.8444 0.19676  18.943 0.0000E+00  0.000  18.94
 A567       1.8531 0.11798   8.133 0.0000E+00  0.000   8.13
 A765       1.8548 0.04585  12.821 0.0000E+00  0.000  12.82
 A728       1.8556 0.12145   7.158 0.0000E+00  0.000   7.16
 A855       1.8561 0.14778   5.859 0.0000E+00  0.000   5.86
 A768       1.8592 0.11088   4.226 0.0000E+00  0.000   4.23
 A477       1.8602 0.02495  10.271 0.0000E+00  0.000  10.27
 A132       1.8616 0.07193  12.767 0.0000E+00  0.000  12.77
 A181       1.8621 0.04772  10.936 0.0000E+00  0.000  10.94
 A270       1.8635 0.11588  11.755 0.0000E+00  0.000  11.76
 A407       1.8636 0.04960  13.554 0.0000E+00  0.000  13.55
 A344       1.8684 0.11005  13.613 0.0000E+00  0.000  13.61
 A50        1.8698 0.06969   7.403 0.0000E+00  0.000   7.40
 A864       1.8722 0.06751  13.784 0.0000E+00  0.000  13.78
 A126       1.8725 0.02441  10.091 0.0000E+00  0.000  10.09
 A346       1.8776 0.04183  15.090 0.0000E+00  0.000  15.09
 A486       1.8779 0.64479  22.408 0.0000E+00  0.000  22.41
 A263       1.8779 0.06838   6.221 0.0000E+00  0.000   6.22
 A628       1.8787 0.04519   1.023 0.0000E+00  0.000   1.02
 A992       1.8799 0.06286   5.499 0.0000E+00  0.000   5.50
 A246       1.8809 0.12914  10.850 0.0000E+00  0.000  10.85
 A33        1.8819 0.05251   7.721 0.0000E+00  0.000   7.72
 A935       1.8842 0.02437   8.411 0.0000E+00  0.000   8.41
 A846       1.8847 0.12193   3.646 0.0000E+00  0.000   3.65
 A665       1.8928 0.02714   8.048 0.0000E+00  0.000   8.05
 A583       1.8960 0.05306   9.301 0.0000E+00  0.000   9.30
 A413       1.8967 0.05471   8.947 0.0000E+00  0.000   8.95
 A428       1.8975 0.10894   4.256 0.0000E+00  0.000   4.26
 A255       1.8977 0.06005  13.665 0.0000E+00  0.000  13.67
 A889       1.9049 0.04338   9.971 0.0000E+00  0.000   9.97
 A86        1.9077 0.19866  22.169 0.0000E+00  0.000  22.17
 A611       1.9078 0.04247  13.120 0.0000E+00  0.000  13.12
 A495       1.9093 0.07476  12.532 0.0000E+00  0.000  12.53
 A843       1.9260 0.05482  10.427 0.0000E+00  0.000  10.43
 A994       1.9260 0.06518  17.227 0.0000E+00  0.000  17.23
 A769       1.9263 0.17938  20.531 0.0000E+00  0.000  20.53
 A995       1.9283 0.04218  12.830 0.0000E+00  0.000  12.83
 A98        1.9301 0.14131  22.741 0.0000E+00  0.000  22.74
 A144       1.9316 0.10139  15.278 0.0000E+00  0.000  15.28
 A187       1.9320 0.04395  15.227 0.0000E+00  0.000  15.23
 A801       1.9328 0.09165  16.302 0.0000E+00  0.000  16.30
 A311       1.9367 0.12443   1.880 0.0000E+00  0.000   1.88
 A223       1.9374 0.04903  10.606 0.0000E+00  0.000  10.61
 A371       1.9385 0.15685   7.836 0.0000E+00  0.000   7.84
 A617       1.9458 0.13752  17.108 0.0000E+00  0.000  17.11
 A356       1.9464 0.08845  10.039 0.0000E+00  0.000  10.04
 A675       1.9484 0.13151   5.551 0.0000E+00  0.000   5.55
 A438       1.9486 0.16155  23.191 0.0000E+00  0.000  23.19
 A526       1.9518 0.15229  11.178 0.0000E+00  0.000  11.18
 A632       1.9545 0.09910   8.707 0.0000E+00  0.000   8.71
 A942       1.9572 0.18913  24.592 0.0000E+00  0.000  24.59
 A547       1.9637 0.18374  22.406 0.0000E+00  0.000  22.41
 A202       1.9647 0.13078  27.086 0.0000E+00  0.000  27.09
 A82        1.9656 0.19099   9.143 0.0000E+00  0.000   9.14
 A939       1.9680 0.06450  14.976 0.0000E+00  0.000  14.98
 A868       1.9689 0.11437  11.067 0.0000E+00  0.000  11.07
 A742       1.9730 0.20281  28.621 0.0000E+00  0.000  28.62
 A457       1.9769 0.13447  22.200 0.0000E+00  0.000  22.20
 A254       1.9775 0.28445   0.653 0.0000E+00  0.000   0.65
 A777       1.9809 0.12307  24.493 0.0000E+00  0.000  24.49
 A342       1.9811 0.16040  22.599 0.0000E+00  0.000  22.60
 A565       1.9827 0.45057  32.439 0.0000E+00  0.000  32.44
 A481       1.9998 0.03629  21.146 0.0000E+00  0.000  21.15
 A332       2.0020 0.23856  19.759 0.0000E+00  0.000  19.76
 A241       2.0261 0.06016  21.976 0.0000E+00  0.000  21.98
 A576       2.0325 0.20045  27.487 0.0000E+00  0.000  27.49
 A267       2.0376 0.26208  12.783 0.0000E+00  0.000  12.78
 A782       2.1349 0.33333   3.453 0.0000E+00  0.000   3.45
 A553       2.1436 0.40558   0.736 0.0000E+00  0.000   0.74
 A549       2.1487 0.29498   2.737 0.0000E+00  0.000   2.74
 A538       2.1515 0.34877   4.037 0.0000E+00  0.000   4.04
 A921       2.1633 0.13129   3.943 0.0000E+00  0.000   3.94
 A429       2.1649 0.22835   2.292 0.0000E+00  0.000   2.29
 A758       2.1681 0.36214   5.105 0.0000E+00  0.000   5.11
 A475       2.1707 0.16472   6.501 0.0000E+00  0.000   6.50
 A966       2.1734 0.34609   5.182 0.0000E+00  0.000   5.18
 A656       2.1737 0.13126   5.526 0.0000E+00  0.000   5.53
 A650       2.1749 0.02187   8.217 0.0000E+00  0.000   8.22
 A149       2.1800 0.12680  10.130 0.0000E+00  0.000  10.13
 A191       2.1881 0.35150   6.174 0.0000E+00  0.000   6.17
 A214       2.1905 0.25252   4.308 0.0000E+00  0.000   4.31
 A947       2.1965 0.28415   0.734 0.0000E+00  0.000   0.73
 A308       2.1967 0.25706   2.414 0.0000E+00  0.000   2.41
 A513       2.1973 0.21237   4.221 0.0000E+00  0.000   4.22
 A654       2.1975 0.07019   1.408 0.0000E+00  0.000   1.41
 A94        2.2001 0.04668   2.423 0.0000E+00  0.000   2.42
 A379       2.2033 0.11283   6.658 0.0000E+00  0.000   6.66
 A557       2.2048 0.04962   6.051 0.0000E+00  0.000   6.05
 A293       2.2100 0.25446   5.588 0.0000E+00  0.000   5.59
 A45        2.2129 0.01707   2.540 0.0000E+00  0.000   2.54
 A940       2.2155 0.44500  12.120 0.0000E+00  0.000  12.12
 A28        2.2185 0.03942   6.034 0.0000E+00  0.000   6.03
 A908       2.2223 0.23700   4.419 0.0000E+00  0.000   4.42
 A185       2.2246 0.13613   2.104 0.0000E+00  0.000   2.10
 A72        2.2270 0.14954   6.613 0.0000E+00  0.000   6.61
 A854       2.2275 0.14051   2.477 0.0000E+00  0.000   2.48
 A734       2.2298 0.19432   2.047 0.0000E+00  0.000   2.05
 A476       2.2343 0.03148   7.147 0.0000E+00  0.000   7.15
 A990       2.2537 0.12678   8.522 0.0000E+00  0.000   8.52
 A171       2.2571 0.16661   3.263 0.0000E+00  0.000   3.26
 A307       2.2582 0.17124   5.045 0.0000E+00  0.000   5.05
 A384       2.2622 0.06173  11.035 0.0000E+00  0.000  11.04
 A278       2.2649 0.12699   8.691 0.0000E+00  0.000   8.69
 A681       2.2651 0.08257   8.310 0.0000E+00  0.000   8.31
 A22        2.2659 0.03475   9.835 0.0000E+00  0.000   9.84
 A229       2.2661 0.07633   6.863 0.0000E+00  0.000   6.86
 A224       2.2662 0.10288   2.063 0.0000E+00  0.000   2.06
 A710       2.2670 0.19718   3.191 0.0000E+00  0.000   3.19
 A97        2.2723 0.14352   9.462 0.0000E+00  0.000   9.46
 A61        2.2725 0.04324   5.797 0.0000E+00  0.000   5.80
 A818       2.2955 0.18648   9.262 0.0000E+00  0.000   9.26
 A310       2.2956 0.18324   6.762 0.0000E+00  0.000   6.76
 A147       2.2962 0.04208   4.125 0.0000E+00  0.000   4.13
 A784       2.2963 0.20799   5.029 0.0000E+00  0.000   5.03
 A672       2.3008 0.01884   2.655 0.0000E+00  0.000   2.65
 A744       2.3022 0.20347   8.346 0.0000E+00  0.000   8.35
 A890       2.3034 0.04208   2.970 0.0000E+00  0.000   2.97
 A770       2.3065 0.14513   4.226 0.0000E+00  0.000   4.23
 A455       2.3130 0.03114  12.714 0.0000E+00  0.000  12.71
 A796       2.3135 0.02558   3.635 0.0000E+00  0.000   3.63
 A158       2.3155 0.21192   3.603 0.0000E+00  0.000   3.60
 A991       2.3179 0.11314   9.928 0.0000E+00  0.000   9.93
 A35        2.3199 0.24926   7.022 0.0000E+00  0.000   7.02
 A849       2.3212 0.04348   1.744 0.0000E+00  0.000   1.74
 A726       2.3215 0.02991   5.199 0.0000E+00  0.000   5.20
 A272       2.3247 0.03955   6.869 0.0000E+00  0.000   6.87
 A867       2.3265 0.23601  10.669 0.0000E+00  0.000  10.67
 A313       2.3319 0.02365   5.354 0.0000E+00  0.000   5.35
 A918       2.3391 0.09060   2.363 0.0000E+00  0.000   2.36
 A473       2.3391 0.06385   3.248 0.0000E+00  0.000   3.25
 A465       2.3406 0.23934   6.773 0.0000E+00  0.000   6.77
 A1000      2.3481 0.00373   3.467 0.0000E+00  0.000   3.47
 A323       2.3482 0.16213   5.808 0.0000E+00  0.000   5.81
 A436       2.3574 0.03513   7.577 0.0000E+00  0.000   7.58
 A165       2.3596 0.25047   1.443 0.0000E+00  0.000   1.44
 A174       2.3666 0.03624   4.331 0.0000E+00  0.000   4.33
 A902       2.3686 0.19190   9.848 0.0000E+00  0.000   9.85
 A790       2.3708 0.08369   5.005 0.0000E+00  0.000   5.00
 A127       2.3719 0.15966   3.239 0.0000E+00  0.000   3.24
 A375       2.3737 0.08523   0.303 0.0000E+00  0.000   0.30
 A257       2.3774 0.08591   4.148 0.0000E+00  0.000   4.15
 A605       2.3809 0.05946   0.653 0.0000E+00  0.000   0.65
 A641       2.3845 0.18487   2.304 0.0000E+00  0.000   2.30
 A748       2.3853 0.03931   6.073 0.0000E+00  0.000   6.07
 A858       2.3853 0.16924  13.302 0.0000E+00  0.000  13.30
 A530       2.3865 0.16725   7.036 0.0000E+00  0.000   7.04
 A321       2.3901 0.16939   3.551 0.0000E+00  0.000   3.55
 A696       2.3905 0.08699   3.853 0.0000E+00  0.000   3.85
 A20        2.3913 0.13067   5.452 0.0000E+00  0.000   5.45
 A48        2.3970 0.08190   4.235 0.0000E+00  0.000   4.24
 A93        2.3990 0.12341   2.659 0.0000E+00  0.000   2.66
 A156       2.4046 0.16594   2.840 0.0000E+00  0.000   2.84
 A101       2.4065 0.20328  12.041 0.0000E+00  0.000  12.04
 A967       2.4065 0.17344   8.010 0.0000E+00  0.000   8.01
 A444       2.4089 0.15269   6.162 0.0000E+00  0.000   6.16
 A895       2.4117 0.03051  12.310 0.0000E+00  0.000  12.31
 A695       2.4118 0.08642   6.388 0.0000E+00  0.000   6.39
 A159       2.4179 0.02828   2.481 0.0000E+00  0.000   2.48
 A345       2.4184 0.12364   3.020 0.0000E+00  0.000   3.02
 A876       2.4217 0.12050   3.997 0.0000E+00  0.000   4.00
 A821       2.4262 0.09255   1.714 0.0000E+00  0.000   1.71
 A998       2.4363 0.08809   6.295 0.0000E+00  0.000   6.30
 A776       2.4402 0.20728   2.876 0.0000E+00  0.000   2.88
 A831       2.4445 0.23222   7.396 0.0000E+00  0.000   7.40
 A953       2.4492 0.08185   6.377 0.0000E+00  0.000   6.38
 A943       2.4496 0.04223   9.579 0.0000E+00  0.000   9.58
 A172       2.4680 0.11354  10.460 0.0000E+00  0.000  10.46
 A442       2.4754 0.06107   0.469 0.0000E+00  0.000   0.47
 A388       2.4787 0.05706   4.677 0.0000E+00  0.000   4.68
 A701       2.4793 0.09078  10.590 0.0000E+00  0.000  10.59
 A112       2.4805 0.07122   7.918 0.0000E+00  0.000   7.92
 A791       2.4906 0.05193   7.801 0.0000E+00  0.000   7.80
 A337       2.4919 0.08793   2.376 0.0000E+00  0.000   2.38
 A13        2.5095 0.06082   7.874 0.0000E+00  0.000   7.87
 A599       2.5195 0.12606   3.851 0.0000E+00  0.000   3.85
 A102       2.5235 0.16006   4.696 0.0000E+00  0.000   4.70
 A975       2.5262 0.03622   3.628 0.0000E+00  0.000   3.63
 A367       2.5267 0.11357   4.500 0.0000E+00  0.000   4.50
 A236       2.5288 0.21746   3.437 0.0000E+00  0.000   3.44
 A424       2.5289 0.07761   7.084 0.0000E+00  0.000   7.08
 A651       2.5333 0.07579   1.114 0.0000E+00  0.000   1.11
 A287       2.5381 0.21411   2.231 0.0000E+00  0.000   2.23
 A705       2.5442 0.21822   2.889 0.0000E+00  0.000   2.89
 A468       2.5454 0.12756   4.369 0.0000E+00  0.000   4.37
 A922       2.5458 0.06938   3.375 0.0000E+00  0.000   3.37
 A374       2.5460 0.04832  10.354 0.0000E+00  0.000  10.35
 A352       2.5482 0.09312   5.522 0.0000E+00  0.000   5.52
 A89        2.5554 0.18963   7.339 0.0000E+00  0.000   7.34
 A861       2.5578 0.27092   1.164 0.0000E+00  0.000   1.16
 A690       2.5607 0.14388   6.199 0.0000E+00  0.000   6.20
 A11        2.5642 0.11890  10.485 0.0000E+00  0.000  10.49
 A222       2.5644 0.09376   6.584 0.0000E+00  0.000   6.58
 A42        2.5654 0.12453   7.219 0.0000E+00  0.000   7.22
 A596       2.5654 0.17548   9.101 0.0000E+00  0.000   9.10
 A706       2.5669 0.03183   6.175 0.0000E+00  0.000   6.17
 A806       2.5702 0.19791   7.416 0.0000E+00  0.000   7.42
 A167       2.5743 0.04943   4.385 0.0000E+00  0.000   4.39
 A851       2.5766 0.04386   5.375 0.0000E+00  0.000   5.37
 A331       2.5780 0.18216   0.308 0.0000E+00  0.000   0.31
 A844       2.5795 0.10253   6.462 0.0000E+00  0.000   6.46
 A666       2.5868 0.09798   4.987 0.0000E+00  0.000   4.99
 A688       2.5873 0.08380   1.278 0.0000E+00  0.000   1.28
 A239       2.5886 0.03090   4.276 0.0000E+00  0.000   4.28
 A31        2.5979 0.08553  10.327 0.0000E+00  0.000  10.33
 A175       2.5988 0.10302   2.332 0.0000E+00  0.000   2.33
 A422       2.5999 0.14978   6.400 0.0000E+00  0.000   6.40
 A276       2.6002 0.17262   1.058 0.0000E+00  0.000   1.06
 A431       2.6016 0.10823   2.917 0.0000E+00  0.000   2.92
 A284       2.6070 0.15098   2.800 0.0000E+00  0.000   2.80
 A256       2.6092 0.21890   8.769 0.0000E+00  0.000   8.77
 A609       2.6150 0.16369   5.022 0.0000E+00  0.000   5.02
 A896       2.6154 0.12871   9.567 0.0000E+00  0.000   9.57
 A450       2.6161 0.09929   3.899 0.0000E+00  0.000   3.90
 A141       2.6175 0.05619   2.561 0.0000E+00  0.000   2.56
 A662       2.6215 0.05750   0.811 0.0000E+00  0.000   0.81
 A213       2.6217 0.19898   6.852 0.0000E+00  0.000   6.85
 A661       2.6222 0.08532   5.821 0.0000E+00  0.000   5.82
 A135       2.6236 0.15831   8.249 0.0000E+00  0.000   8.25
 A454       2.6298 0.12925   9.311 0.0000E+00  0.000   9.31
 A891       2.6327 0.12783   5.971 0.0000E+00  0.000   5.97
 A338       2.6333 0.05920   6.729 0.0000E+00  0.000   6.73
 A184       2.6373 0.05346   8.236 0.0000E+00  0.000   8.24
 A372       2.6378 0.23112   3.317 0.0000E+00  0.000   3.32
 A204       2.6431 0.16373   7.903 0.0000E+00  0.000   7.90
 A67        2.6449 0.16360   7.944 0.0000E+00  0.000   7.94
 A386       2.6476 0.20746   4.288 0.0000E+00  0.000   4.29
 A925       2.6504 0.12543   1.787 0.0000E+00  0.000   1.79
 A853       2.6543 0.20878   1.539 0.0000E+00  0.000   1.54
 A872       2.6583 0.08046   1.695 0.0000E+00  0.000   1.70
 A968       2.6600 0.14402   6.538 0.0000E+00  0.000   6.54
 A490       2.6614 0.78650  25.658 0.0000E+00  0.000  25.66
 A6         2.6629 0.19430   6.294 0.0000E+00  0.000   6.29
 A718       2.6684 0.16925   4.369 0.0000E+00  0.000   4.37
 A489       2.6690 0.26628   5.843 0.0000E+00  0.000   5.84
 A938       2.6697 0.17226   2.161 0.0000E+00  0.000   2.16
 A957       2.6713 0.10340   3.022 0.0000E+00  0.000   3.02
 A887       2.6740 0.15389   9.226 0.0000E+00  0.000   9.23
 A715       2.6847 0.15153   2.283 0.0000E+00  0.000   2.28
 A709       2.6895 0.07945   2.267 0.0000E+00  0.000   2.27
 A730       2.6913 0.11664   5.198 0.0000E+00  0.000   5.20
 A471       2.6928 0.18676   5.917 0.0000E+00  0.000   5.92
 A630       2.6958 0.14959   3.091 0.0000E+00  0.000   3.09
 A100       2.6990 0.01665   5.448 0.0000E+00  0.000   5.45
 A39        2.6997 0.07191   8.003 0.0000E+00  0.000   8.00
 A911       2.7018 0.21729   1.231 0.0000E+00  0.000   1.23
 A4         2.7065 0.02035   3.890 0.0000E+00  0.000   3.89
 A360       2.7075 0.16565   1.051 0.0000E+00  0.000   1.05
 A499       2.7104 0.09222   3.455 0.0000E+00  0.000   3.46
 A833       2.7185 0.08955   8.840 0.0000E+00  0.000   8.84
 A963       2.7208 0.16551   9.535 0.0000E+00  0.000   9.54
 A815       2.7215 0.22510   1.722 0.0000E+00  0.000   1.72
 A303       2.7261 0.03713   5.830 0.0000E+00  0.000   5.83
 A316       2.7266 0.18587   5.998 0.0000E+00  0.000   6.00
 A409       2.7273 0.24393   5.866 0.0000E+00  0.000   5.87
 A917       2.7296 0.03089   7.286 0.0000E+00  0.000   7.29
 A208       2.7297 0.06283   9.341 0.0000E+00  0.000   9.34
 A934       2.7301 0.11848   3.228 0.0000E+00  0.000   3.23
 A682       2.7302 0.04324   3.118 0.0000E+00  0.000   3.12
 A552       2.7316 0.14908   7.508 0.0000E+00  0.000   7.51
 A300       2.7358 0.02830   8.606 0.0000E+00  0.000   8.61
 A451       2.7443 0.10235   8.925 0.0000E+00  0.000   8.92
 A694       2.7492 0.08312   0.965 0.0000E+00  0.000   0.96
 A87        2.7497 0.04682   9.851 0.0000E+00  0.000   9.85
 A624       2.7498 0.09575   7.484 0.0000E+00  0.000   7.48
 A747       2.7506 0.13024   3.603 0.0000E+00  0.000   3.60
 A243       2.7514 0.12903   8.159 0.0000E+00  0.000   8.16
 A760       2.7514 0.14166   2.765 0.0000E+00  0.000   2.77
 A312       2.7575 0.22358   8.168 0.0000E+00  0.000   8.17
 A800       2.7594 0.21310   4.948 0.0000E+00  0.000   4.95
 A735       2.7598 0.08199   5.795 0.0000E+00  0.000   5.79
 A2         2.7605 0.16886   3.424 0.0000E+00  0.000   3.42
 A336       2.7605 0.13688   4.000 0.0000E+00  0.000   4.00
 A37        2.7639 0.01727   2.689 0.0000E+00  0.000   2.69
 A294       2.7661 0.18190   6.592 0.0000E+00  0.000   6.59
 A365       2.7715 0.11933   9.967 0.0000E+00  0.000   9.97
 A393       2.7798 0.16700   7.266 0.0000E+00  0.000   7.27
 A19        2.7808 0.10076  10.933 0.0000E+00  0.000  10.93
 A432       2.7820 0.12622   3.807 0.0000E+00  0.000   3.81
 A838       2.7896 0.12957   3.531 0.0000E+00  0.000   3.53
 A339       2.7903 0.15122   2.545 0.0000E+00  0.000   2.54
 A648       2.7921 0.03938   3.665 0.0000E+00  0.000   3.67
 A233       2.7925 0.18629   3.469 0.0000E+00  0.000   3.47
 A237       2.7960 0.10111   3.451 0.0000E+00  0.000   3.45
 A120       2.7977 0.06407   9.791 0.0000E+00  0.000   9.79
 A812       2.8049 0.12144   0.436 0.0000E+00  0.000   0.44
 A629       2.8068 0.10696   4.902 0.0000E+00  0.000   4.90
 A764       2.8075 0.14082   8.985 0.0000E+00  0.000   8.99
 A826       2.8083 0.22340   1.156 0.0000E+00  0.000   1.16
 A163       2.8097 0.09797   1.837 0.0000E+00  0.000   1.84
 A586       2.8270 0.12444   4.022 0.0000E+00  0.000   4.02
 A574       2.8331 0.16167   5.864 0.0000E+00  0.000   5.86
 A888       2.8376 0.05786   1.404 0.0000E+00  0.000   1.40
 A403       2.8391 0.08899   1.693 0.0000E+00  0.000   1.69
 A353       2.8402 0.07619   5.219 0.0000E+00  0.000   5.22
 A196       2.8420 0.13791   4.154 0.0000E+00  0.000   4.15
 A340       2.8518 0.10173   4.116 0.0000E+00  0.000   4.12
 A507       2.8523 0.15821   2.221 0.0000E+00  0.000   2.22
 A620       2.8525 0.09164   1.804 0.0000E+00  0.000   1.80
 A426       2.8533 0.13132   9.071 0.0000E+00  0.000   9.07
 A762       2.8534 0.13597   8.062 0.0000E+00  0.000   8.06
 A528       2.8543 0.14716   9.479 0.0000E+00  0.000   9.48
 A850       2.8608 0.22043   0.520 0.0000E+00  0.000   0.52
 A600       2.8616 0.14059   2.145 0.0000E+00  0.000   2.15
 A763       2.8636 0.14236   3.643 0.0000E+00  0.000   3.64
 A881       2.8661 0.25024   4.391 0.0000E+00  0.000   4.39
 A912       2.8671 0.04416   9.116 0.0000E+00  0.000   9.12
 A984       2.8674 0.04642   2.400 0.0000E+00  0.000   2.40
 A320       2.8677 0.08147  10.057 0.0000E+00  0.000  10.06
 A483       2.8690 0.23758   2.058 0.0000E+00  0.000   2.06
 A177       2.8711 0.08837   4.204 0.0000E+00  0.000   4.20
 A612       2.8777 0.06557   9.015 0.0000E+00  0.000   9.01
 A540       2.8831 0.11213   8.319 0.0000E+00  0.000   8.32
 A754       2.8850 0.10163   4.241 0.0000E+00  0.000   4.24
 A330       2.8869 0.12404   8.230 0.0000E+00  0.000   8.23
 A737       2.8876 0.03472   3.869 0.0000E+00  0.000   3.87
 A382       2.8878 0.23046   1.839 0.0000E+00  0.000   1.84
 A794       2.8917 0.16192   7.271 0.0000E+00  0.000   7.27
 A669       2.8952 0.22098   1.583 0.0000E+00  0.000   1.58
 A679       2.8987 0.03658   4.822 0.0000E+00  0.000   4.82
 A727       2.9042 0.11671   4.484 0.0000E+00  0.000   4.48
 A885       2.9082 0.11315   7.617 0.0000E+00  0.000   7.62
 A333       2.9086 0.13621   6.772 0.0000E+00  0.000   6.77
 A830       2.9104 0.05322   0.318 0.0000E+00  0.000   0.32
 A484       2.9194 0.18991   6.078 0.0000E+00  0.000   6.08
 A478       2.9216 0.11843   4.067 0.0000E+00  0.000   4.07
 A785       2.9222 0.09001   3.529 0.0000E+00  0.000   3.53
 A359       2.9275 0.07655   8.643 0.0000E+00  0.000   8.64
 A659       2.9321 0.14306   6.407 0.0000E+00  0.000   6.41
 A77        2.9363 0.09151  10.309 0.0000E+00  0.000  10.31
 A193       2.9395 0.06310   1.784 0.0000E+00  0.000   1.78
 A49        2.9468 0.09140   3.639 0.0000E+00  0.000   3.64
 A143       2.9516 0.07268   4.505 0.0000E+00  0.000   4.51
 A347       2.9573 0.08553   3.174 0.0000E+00  0.000   3.17
 A459       2.9635 0.00400   2.979 0.0000E+00  0.000   2.98
 A176       2.9643 0.12438   7.770 0.0000E+00  0.000   7.77
 A21        2.9686 0.12828   4.599 0.0000E+00  0.000   4.60
 A869       2.9730 0.13136   9.901 0.0000E+00  0.000   9.90
 A931       2.9747 0.16795   3.920 0.0000E+00  0.000   3.92
 A986       2.9765 0.14519   2.805 0.0000E+00  0.000   2.81
 A59        2.9794 0.19932   7.574 0.0000E+00  0.000   7.57
 A501       2.9845 0.05052   2.038 0.0000E+00  0.000   2.04
 A118       2.9846 0.05629   7.725 0.0000E+00  0.000   7.72
 A720       2.9856 0.11442   2.782 0.0000E+00  0.000   2.78
 A408       2.9978 0.06038   3.831 0.0000E+00  0.000   3.83
 A115       2.9979 0.12498   1.557 0.0000E+00  0.000   1.56
 A182       2.9999 0.13276  10.971 0.0000E+00  0.000  10.97
 A462       3.0044 0.12290   3.731 0.0000E+00  0.000   3.73
 A410       3.0067 0.09194   4.158 0.0000E+00  0.000   4.16
 A23        3.0108 0.10176   2.426 0.0000E+00  0.000   2.43
 A464       3.0186 0.14996   0.432 0.0000E+00  0.000   0.43
 A235       3.0201 0.06999   9.585 0.0000E+00  0.000   9.59
 A527       3.0236 0.09022   3.717 0.0000E+00  0.000   3.72
 A282       3.0246 0.12576   1.388 0.0000E+00  0.000   1.39
 A897       3.0308 0.12924   8.901 0.0000E+00  0.000   8.90
 A590       3.0320 0.23313   2.818 0.0000E+00  0.000   2.82
 A640       3.0321 0.03192   5.058 0.0000E+00  0.000   5.06
 A883       3.0373 0.13163   7.591 0.0000E+00  0.000   7.59
 A1         3.0392 0.17613   2.875 0.0000E+00  0.000   2.88
 A240       3.0439 0.10082   6.686 0.0000E+00  0.000   6.69
 A646       3.0538 0.15090   1.876 0.0000E+00  0.000   1.88
 A385       3.0566 0.06535   2.226 0.0000E+00  0.000   2.23
 A397       3.0611 0.09551   1.541 0.0000E+00  0.000   1.54
 A804       3.0615 0.10594   2.188 0.0000E+00  0.000   2.19
 A712       3.0636 0.10173   4.026 0.0000E+00  0.000   4.03
 A722       3.0682 0.23094   8.443 0.0000E+00  0.000   8.44
 A54        3.0697 0.06509   2.419 0.0000E+00  0.000   2.42
 A76        3.0700 0.17331   4.192 0.0000E+00  0.000   4.19
 A550       3.0739 0.06333   6.807 0.0000E+00  0.000   6.81
 A539       3.0748 0.13599   4.248 0.0000E+00  0.000   4.25
 A416       3.0784 0.14636   6.139 0.0000E+00  0.000   6.14
 A248       3.0799 0.02851   7.494 0.0000E+00  0.000   7.49
 A252       3.0819 0.13345   1.548 0.0000E+00  0.000   1.55
 A123       3.0831 0.03623   2.336 0.0000E+00  0.000   2.34
 A692       3.0842 0.05490   7.509 0.0000E+00  0.000   7.51
 A566       3.0865 0.12407  11.212 0.0000E+00  0.000  11.21
 A420       3.0893 0.17283   1.750 0.0000E+00  0.000   1.75
 A689       3.0943 0.07542   3.915 0.0000E+00  0.000   3.91
 A106       3.1008 0.08278   7.064 0.0000E+00  0.000   7.06
 A893       3.1035 0.10616   6.070 0.0000E+00  0.000   6.07
 A68        3.1092 0.12446   9.063 0.0000E+00  0.000   9.06
 A391       3.1108 0.24369   2.136 0.0000E+00  0.000   2.14
 A996       3.1112 0.11385   4.658 0.0000E+00  0.000   4.66
 A456       3.1122 0.08182   3.641 0.0000E+00  0.000   3.64
 A71        3.1183 0.12260   3.531 0.0000E+00  0.000   3.53
 A250       3.1190 0.13213   3.355 0.0000E+00  0.000   3.36
 A218       3.1201 0.08290   5.812 0.0000E+00  0.000   5.81
 A78        3.1216 0.16945  10.848 0.0000E+00  0.000  10.85
 A335       3.1257 0.04018  10.212 0.0000E+00  0.000  10.21
 A194       3.1264 0.05225   9.744 0.0000E+00  0.000   9.74
 A16        3.1300 0.17932   5.315 0.0000E+00  0.000   5.32
 A133       3.1329 0.09450   7.537 0.0000E+00  0.000   7.54
 A247       3.1336 0.20773   1.530 0.0000E+00  0.000   1.53
 A653       3.1406 0.06853   7.335 0.0000E+00  0.000   7.33
 A244       3.1461 0.05304   6.351 0.0000E+00  0.000   6.35
 A589       3.1475 0.04415   7.915 0.0000E+00  0.000   7.91
 A279       3.1503 0.05601  10.192 0.0000E+00  0.000  10.19
 A674       3.1541 0.16396   6.238 0.0000E+00  0.000   6.24
 A819       3.1603 0.09116   1.482 0.0000E+00  0.000   1.48
 A103       3.1636 0.04487   4.222 0.0000E+00  0.000   4.22
 A877       3.1667 0.18279   9.347 0.0000E+00  0.000   9.35
 A766       3.1677 0.07444   8.386 0.0000E+00  0.000   8.39
 A592       3.1710 0.04801   3.531 0.0000E+00  0.000   3.53
 A305       3.1716 0.12904   7.781 0.0000E+00  0.000   7.78
 A711       3.1729 0.03937   7.443 0.0000E+00  0.000   7.44
 A480       3.1738 0.14841   7.049 0.0000E+00  0.000   7.05
 A546       3.1755 0.05178   4.925 0.0000E+00  0.000   4.92
 A401       3.1781 0.01773   4.759 0.0000E+00  0.000   4.76
 A959       3.1787 0.08935   2.985 0.0000E+00  0.000   2.98
 A949       3.1813 0.07290   6.163 0.0000E+00  0.000   6.16
 A40        3.1869 0.02917   7.287 0.0000E+00  0.000   7.29
 A898       3.1915 0.06259   4.703 0.0000E+00  0.000   4.70
 A834       3.1945 0.07280   1.194 0.0000E+00  0.000   1.19
 A261       3.1953 0.46641   0.700 0.0000E+00  0.000   0.70
 A716       3.1974 0.16566   6.324 0.0000E+00  0.000   6.32
 A195       3.2001 0.06822   8.224 0.0000E+00  0.000   8.22
 A707       3.2042 0.13876   2.113 0.0000E+00  0.000   2.11
 A326       3.2080 0.04232   1.106 0.0000E+00  0.000   1.11
 A657       3.2143 0.14488   2.524 0.0000E+00  0.000   2.52
 A910       3.2203 0.21983  12.970 0.0000E+00  0.000  12.97
 A832       3.2206 0.11754   7.549 0.0000E+00  0.000   7.55
 A563       3.2230 0.02851   0.587 0.0000E+00  0.000   0.59
 A930       3.2233 0.16321   5.095 0.0000E+00  0.000   5.09
 A825       3.2245 0.04862   9.616 0.0000E+00  0.000   9.62
 A60        3.2258 0.07089   6.861 0.0000E+00  0.000   6.86
 A676       3.2272 0.09782   0.752 0.0000E+00  0.000   0.75
 A572       3.2279 0.06230   3.326 0.0000E+00  0.000   3.33
 A606       3.2287 0.14523   6.410 0.0000E+00  0.000   6.41
 A626       3.2290 0.03920   6.078 0.0000E+00  0.000   6.08
 A298       3.2323 0.08876   5.034 0.0000E+00  0.000   5.03
 A700       3.2338 0.11039   2.790 0.0000E+00  0.000   2.79
 A551       3.2351 0.09485   5.427 0.0000E+00  0.000   5.43
 A164       3.2799 0.36061  23.739 0.0000E+00  0.000  23.74
 A948       3.2957 0.08892  20.569 0.0000E+00  0.000  20.57
 A357       3.3226 0.06673   7.721 0.0000E+00  0.000   7.72
 A684       3.3346 0.07967   1.341 0.0000E+00  0.000   1.34
 A643       3.3363 0.13551   7.297 0.0000E+00  0.000   7.30
 A231       3.3397 0.17517  10.960 0.0000E+00  0.000  10.96
 A363       3.3406 0.08721   4.846 0.0000E+00  0.000   4.85
 A808       3.3426 0.08848   1.543 0.0000E+00  0.000   1.54
 A680       3.3459 0.12366   5.149 0.0000E+00  0.000   5.15
 A370       3.3502 0.24209   5.923 0.0000E+00  0.000   5.92
 A759       3.3505 0.06334   4.268 0.0000E+00  0.000   4.27
 A520       3.3505 0.15715   7.958 0.0000E+00  0.000   7.96
 A929       3.3519 0.07815   2.814 0.0000E+00  0.000   2.81
 A209       3.3541 0.10870   2.233 0.0000E+00  0.000   2.23
 A616       3.3552 0.02119   0.204 0.0000E+00  0.000   0.20
 A781       3.3598 0.16336   6.250 0.0000E+00  0.000   6.25
 A262       3.3619 0.14024   2.511 0.0000E+00  0.000   2.51
 A376       3.3643 0.10254   0.991 0.0000E+00  0.000   0.99
 A271       3.3652 0.12062  10.821 0.0000E+00  0.000  10.82
 A621       3.3683 0.18558   2.746 0.0000E+00  0.000   2.75
 A598       3.3717 0.07928   6.392 0.0000E+00  0.000   6.39
 A805       3.3732 0.16423   8.237 0.0000E+00  0.000   8.24
 A542       3.3747 0.16332   6.529 0.0000E+00  0.000   6.53
 A997       3.3770 0.04185   9.111 0.0000E+00  0.000   9.11
 A66        3.3802 0.03413   5.164 0.0000E+00  0.000   5.16
 A128       3.3879 0.12718   3.251 0.0000E+00  0.000   3.25
 A131       3.3905 0.23022   4.498 0.0000E+00  0.000   4.50
 A524       3.3912 0.11325   3.353 0.0000E+00  0.000   3.35
 A137       3.3924 0.04897   6.640 0.0000E+00  0.000   6.64
 A53        3.3979 0.03538   1.463 0.0000E+00  0.000   1.46
 A914       3.3991 0.11568   7.667 0.0000E+00  0.000   7.67
 A597       3.4008 0.09060   2.058 0.0000E+00  0.000   2.06
 A160       3.4027 0.07213   3.110 0.0000E+00  0.000   3.11
 A573       3.4053 0.12992   1.543 0.0000E+00  0.000   1.54
 A778       3.4115 0.14352   7.062 0.0000E+00  0.000   7.06
 A154       3.4118 0.04556   2.780 0.0000E+00  0.000   2.78
 A569       3.4138 0.03049   9.901 0.0000E+00  0.000   9.90
 A458       3.4160 0.12412   3.701 0.0000E+00  0.000   3.70
 A741       3.4163 0.16506  10.007 0.0000E+00  0.000  10.01
 A568       3.4185 0.04813   2.604 0.0000E+00  0.000   2.60
 A697       3.4201 0.07622   7.472 0.0000E+00  0.000   7.47
 A813       3.4239 0.09246   8.076 0.0000E+00  0.000   8.08
 A460       3.4271 0.10257   1.950 0.0000E+00  0.000   1.95
 A57        3.4277 0.06855   4.345 0.0000E+00  0.000   4.35
 A27        3.4285 0.12567   9.473 0.0000E+00  0.000   9.47
 A708       3.4345 0.18279   4.011 0.0000E+00  0.000   4.01
 A166       3.4429 0.07925   1.468 0.0000E+00  0.000   1.47
 A558       3.4461 0.18366   3.105 0.0000E+00  0.000   3.11
 A463       3.4530 0.18889   8.066 0.0000E+00  0.000   8.07
 A523       3.4590 0.05721   1.511 0.0000E+00  0.000   1.51
 A322       3.4599 0.14015   8.082 0.0000E+00  0.000   8.08
 A502       3.4669 0.19427   3.395 0.0000E+00  0.000   3.40
 A3         3.4741 0.12071   8.507 0.0000E+00  0.000   8.51
 A75        3.4758 0.09605   9.703 0.0000E+00  0.000   9.70
 A623       3.4800 0.14029   5.174 0.0000E+00  0.000   5.17
 A260       3.4805 0.04524   1.448 0.0000E+00  0.000   1.45
 A970       3.4806 0.11710   1.778 0.0000E+00  0.000   1.78
 A452       3.4848 0.14677   5.537 0.0000E+00  0.000   5.54
 A645       3.4863 0.01205   7.504 0.0000E+00  0.000   7.50
 A873       3.4904 0.23801   3.962 0.0000E+00  0.000   3.96
 A415       3.4947 0.14549   4.209 0.0000E+00  0.000   4.21
 A981       3.4973 0.03417   6.959 0.0000E+00  0.000   6.96
 A110       3.4981 0.08326   1.003 0.0000E+00  0.000   1.00
 A789       3.5081 0.15378   1.566 0.0000E+00  0.000   1.57
 A945       3.5151 0.17274   4.149 0.0000E+00  0.000   4.15
 A453       3.5483 0.15795   6.238 0.0000E+00  0.000   6.24
 A882       3.5500 0.17273   4.427 0.0000E+00  0.000   4.43
 A433       3.5534 0.15493   1.856 0.0000E+00  0.000   1.86
 A531       3.5541 0.15259   1.920 0.0000E+00  0.000   1.92
 A829       3.5545 0.17327   4.488 0.0000E+00  0.000   4.49
 A245       3.5561 0.10644   6.939 0.0000E+00  0.000   6.94
 A274       3.5627 0.01719   1.939 0.0000E+00  0.000   1.94
 A500       3.6026 0.04510   9.027 0.0000E+00  0.000   9.03
 A220       3.6114 0.06854   0.971 0.0000E+00  0.000   0.97
 A932       3.6245 0.04472   3.778 0.0000E+00  0.000   3.78
 A894       3.6253 0.07114   8.393 0.0000E+00  0.000   8.39
 A219       3.6277 0.12700   6.579 0.0000E+00  0.000   6.58
 A417       3.6328 0.19808  10.485 0.0000E+00  0.000  10.48
 A435       3.6347 0.18534   5.513 0.0000E+00  0.000   5.51
 A52        3.6376 0.14195   4.843 0.0000E+00  0.000   4.84
 A402       3.6378 0.12119   2.287 0.0000E+00  0.000   2.29
 A955       3.6390 0.12386   2.987 0.0000E+00  0.000   2.99
 A291       3.6414 0.02606   7.778 0.0000E+00  0.000   7.78
 A580       3.6425 0.06198   4.627 0.0000E+00  0.000   4.63
 A124       3.6485 0.11420   3.208 0.0000E+00  0.000   3.21
 A434       3.6715 0.14761   4.925 0.0000E+00  0.000   4.93
 A927       3.6757 0.06592   0.397 0.0000E+00  0.000   0.40
 A148       3.6763 0.24512   2.921 0.0000E+00  0.000   2.92
 A383       3.7556 0.12199   2.147 0.0000E+00  0.000   2.15
 A622       3.7567 0.17377   2.296 0.0000E+00  0.000   2.30
 A183       3.7569 0.10914   2.796 0.0000E+00  0.000   2.80
 A242       3.7609 0.17889  10.240 0.0000E+00  0.000  10.24
 A863       3.8356 0.14046   1.963 0.0000E+00  0.000   1.96
 A723       3.8474 0.14279   2.376 0.0000E+00  0.000   2.38
 A125       3.8954 0.22770   3.707 0.0000E+00  0.000   3.71
 A904       3.9024 0.14568   1.511 0.0000E+00  0.000   1.51
 A761       3.9163 0.04349   0.751 0.0000E+00  0.000   0.75
 A614       3.9217 0.21788   2.849 0.0000E+00  0.000   2.85
 A719       3.9301 0.13053   5.442 0.0000E+00  0.000   5.44
 A913       3.9322 0.33405   2.519 0.0000E+00  0.000   2.52
 A30        3.9447 0.26031   1.804 0.0000E+00  0.000   1.80
 A212       3.9449 0.20608   8.646 0.0000E+00  0.000   8.65
 A198       3.9515 0.26600   0.591 0.0000E+00  0.000   0.59
 A810       3.9553 0.18770   4.352 0.0000E+00  0.000   4.35
 A392       3.9761 0.15159   7.135 0.0000E+00  0.000   7.13
 A783       3.9881 0.04856   9.531 0.0000E+00  0.000   9.53
 A5         3.9959 0.29280   9.315 0.0000E+00  0.000   9.32
 A788       4.2144 0.16017   6.038 0.0000E+00  0.000   6.04
 JUPITER    5.2024 0.09828   1.221 9.5479E-04  0.000   1.22
 SATURN     9.4895 0.05362   1.602 2.8589E-04  0.000   1.60
 A972      16.3210 0.18221  10.437 0.0000E+00  0.000  10.44
 A200      23.8398 0.41204  10.758 0.0000E+00  0.000  10.76
