 A107       0.7868 0.32757  34.812 0.0000E+00  0.000  34.81
 EARTHMOO   1.0000 0.08494   0.488 9.1213E-06  0.000   0.49
 A820       1.0205 0.42462  18.533 0.0000E+00  0.000  18.53
 A221       1.1201 0.25027   8.419 0.0000E+00  0.000   8.42
 A267       1.3897 0.40671  10.303 0.0000E+00  0.000  10.30
 A328       1.4179 0.26944  21.458 0.0000E+00  0.000  21.46
 A430       1.4999 0.06906   2.030 0.0000E+00  0.000   2.03
 A900       1.5007 0.09962   3.688 0.0000E+00  0.000   3.69
 A591       1.5051 0.07125   7.468 0.0000E+00  0.000   7.47
 A534       1.5118 0.12774   8.802 0.0000E+00  0.000   8.80
 A288       1.5168 0.05897   4.134 0.0000E+00  0.000   4.13
 A926       1.5203 0.08117   5.606 0.0000E+00  0.000   5.61
 A79        1.5215 0.08348   9.075 0.0000E+00  0.000   9.08
 A83        1.5225 0.08979   4.460 0.0000E+00  0.000   4.46
 A487       1.5245 0.01631   2.611 0.0000E+00  0.000   2.61
 A729       1.5278 0.10029   5.903 0.0000E+00  0.000   5.90
 A51        1.5322 0.01511   6.088 0.0000E+00  0.000   6.09
 A277       1.5342 0.13568   9.989 0.0000E+00  0.000   9.99
 A41        1.5455 0.15623   3.442 0.0000E+00  0.000   3.44
 A950       1.5455 0.05206   3.732 0.0000E+00  0.000   3.73
 A771       1.5459 0.03961   8.871 0.0000E+00  0.000   8.87
 A816       1.5483 0.11766   5.120 0.0000E+00  0.000   5.12
 A44        1.5506 0.10237   7.426 0.0000E+00  0.000   7.43
 A421       1.5531 0.09262   1.358 0.0000E+00  0.000   1.36
 A498       1.5537 0.04883   2.529 0.0000E+00  0.000   2.53
 A687       1.5543 0.09931   4.714 0.0000E+00  0.000   4.71
 A532       1.5574 0.08116  11.252 0.0000E+00  0.000  11.25
 A395       1.5585 0.11413   3.080 0.0000E+00  0.000   3.08
 A178       1.5623 0.07922   5.427 0.0000E+00  0.000   5.43
 A536       1.5629 0.09308   2.150 0.0000E+00  0.000   2.15
 A973       1.5677 0.09067  10.133 0.0000E+00  0.000  10.13
 A862       1.5719 0.05162   0.128 0.0000E+00  0.000   0.13
 A901       1.5742 0.06837   5.226 0.0000E+00  0.000   5.23
 A485       1.5753 0.02519   6.076 0.0000E+00  0.000   6.08
 A406       1.5767 0.04428   7.856 0.0000E+00  0.000   7.86
 A978       1.5775 0.05673  10.475 0.0000E+00  0.000  10.48
 A857       1.5785 0.10752   3.353 0.0000E+00  0.000   3.35
 A290       1.5806 0.08679   7.317 0.0000E+00  0.000   7.32
 A85        1.5848 0.06654   6.954 0.0000E+00  0.000   6.95
 A673       1.5903 0.03046   9.106 0.0000E+00  0.000   9.11
 A504       1.5905 0.44145  33.829 0.0000E+00  0.000  33.83
 A541       1.5905 0.04568  11.048 0.0000E+00  0.000  11.05
 A510       1.5935 0.09481   8.129 0.0000E+00  0.000   8.13
 A225       1.5949 0.08968   8.428 0.0000E+00  0.000   8.43
 A625       1.6005 0.03202   2.579 0.0000E+00  0.000   2.58
 A634       1.6028 0.04043   8.245 0.0000E+00  0.000   8.25
 A142       1.6053 0.06276   6.861 0.0000E+00  0.000   6.86
 A47        1.6056 0.10616   5.715 0.0000E+00  0.000   5.71
 A903       1.6105 0.08789   1.026 0.0000E+00  0.000   1.03
 A116       1.6124 0.09052   7.072 0.0000E+00  0.000   7.07
 A792       1.6196 0.14755   9.641 0.0000E+00  0.000   9.64
 A497       1.6217 0.11459   9.765 0.0000E+00  0.000   9.76
 A516       1.6271 0.53695  21.678 0.0000E+00  0.000  21.68
 A746       1.6288 0.04248   7.340 0.0000E+00  0.000   7.34
 A405       1.6292 0.07278  10.205 0.0000E+00  0.000  10.20
 A34        1.6346 0.01761  10.666 0.0000E+00  0.000  10.67
 A427       1.6364 0.07428   7.852 0.0000E+00  0.000   7.85
 A341       1.6366 0.11918  10.052 0.0000E+00  0.000  10.05
 A95        1.6378 0.16134   6.974 0.0000E+00  0.000   6.97
 A841       1.6396 0.14026   7.328 0.0000E+00  0.000   7.33
 A602       1.6421 0.00881   9.007 0.0000E+00  0.000   9.01
 A380       1.6438 0.14716   2.080 0.0000E+00  0.000   2.08
 A517       1.6443 0.06204   8.977 0.0000E+00  0.000   8.98
 A14        1.6447 0.05869   1.434 0.0000E+00  0.000   1.43
 A297       1.6477 0.07344   9.276 0.0000E+00  0.000   9.28
 A751       1.6508 0.06266   8.295 0.0000E+00  0.000   8.29
 A556       1.6510 0.12449   4.855 0.0000E+00  0.000   4.85
 A447       1.6515 0.06984   6.881 0.0000E+00  0.000   6.88
 A62        1.6525 0.06988  11.348 0.0000E+00  0.000  11.35
 A315       1.6529 0.03554   6.446 0.0000E+00  0.000   6.45
 A880       1.6554 0.05207   3.433 0.0000E+00  0.000   3.43
 A362       1.6574 0.08561   3.944 0.0000E+00  0.000   3.94
 A878       1.6581 0.07681  11.224 0.0000E+00  0.000  11.22
 A639       1.6583 0.03834   2.086 0.0000E+00  0.000   2.09
 A84        1.6596 0.12660   2.714 0.0000E+00  0.000   2.71
 A351       1.6601 0.16371   5.530 0.0000E+00  0.000   5.53
 A703       1.6604 0.04793   4.927 0.0000E+00  0.000   4.93
 A615       1.6622 0.04341   4.853 0.0000E+00  0.000   4.85
 A145       1.6705 0.09216   2.937 0.0000E+00  0.000   2.94
 A852       1.6733 0.09117   7.395 0.0000E+00  0.000   7.40
 A343       1.6800 0.05780  10.034 0.0000E+00  0.000  10.03
 A488       1.6819 0.07399   5.136 0.0000E+00  0.000   5.14
 A399       1.6835 0.01240   1.851 0.0000E+00  0.000   1.85
 A216       1.6849 0.06966   1.214 0.0000E+00  0.000   1.21
 A189       1.6886 0.09466  12.407 0.0000E+00  0.000  12.41
 A618       1.6918 0.04195   6.318 0.0000E+00  0.000   6.32
 A306       1.6940 0.07392   3.706 0.0000E+00  0.000   3.71
 A721       1.6963 0.05151  11.678 0.0000E+00  0.000  11.68
 A636       1.6982 0.04655   1.796 0.0000E+00  0.000   1.80
 A731       1.7062 0.14180   6.219 0.0000E+00  0.000   6.22
 A448       1.7123 0.09643   3.880 0.0000E+00  0.000   3.88
 A358       1.7124 0.10505   5.485 0.0000E+00  0.000   5.48
 A554       1.7187 0.11960   7.031 0.0000E+00  0.000   7.03
 A17        1.7214 0.09772   5.580 0.0000E+00  0.000   5.58
 A283       1.7247 0.12622   7.336 0.0000E+00  0.000   7.34
 A18        1.7251 0.09091   1.469 0.0000E+00  0.000   1.47
 A980       1.7267 0.08299   3.935 0.0000E+00  0.000   3.93
 A515       1.7271 0.08722   6.117 0.0000E+00  0.000   6.12
 A944       1.7310 0.12111   1.654 0.0000E+00  0.000   1.65
 A866       1.7368 0.07561   6.329 0.0000E+00  0.000   6.33
 A603       1.7410 0.11887   3.510 0.0000E+00  0.000   3.51
 A581       1.7438 0.11605   6.093 0.0000E+00  0.000   6.09
 A671       1.7443 0.12793   1.518 0.0000E+00  0.000   1.52
 A119       1.7454 0.06971   6.315 0.0000E+00  0.000   6.31
 A961       1.7475 0.08945   2.480 0.0000E+00  0.000   2.48
 A575       1.7476 0.13860   1.814 0.0000E+00  0.000   1.81
 A969       1.7497 0.03709   3.791 0.0000E+00  0.000   3.79
 A738       1.7516 0.05710   2.581 0.0000E+00  0.000   2.58
 A668       1.7534 0.09222  10.623 0.0000E+00  0.000  10.62
 A289       1.7608 0.07592   1.475 0.0000E+00  0.000   1.48
 A559       1.7620 0.10264   9.067 0.0000E+00  0.000   9.07
 A732       1.7637 0.10607   3.898 0.0000E+00  0.000   3.90
 A798       1.7644 0.04501   4.770 0.0000E+00  0.000   4.77
 A519       1.7665 0.04065  10.132 0.0000E+00  0.000  10.13
 A755       1.7669 0.05134   4.977 0.0000E+00  0.000   4.98
 A38        1.7677 0.07411   2.914 0.0000E+00  0.000   2.91
 A63        1.7688 0.09111  11.729 0.0000E+00  0.000  11.73
 A835       1.7695 0.14542   9.392 0.0000E+00  0.000   9.39
 A740       1.7696 0.05184   6.132 0.0000E+00  0.000   6.13
 A560       1.7724 0.10149  10.962 0.0000E+00  0.000  10.96
 A140       1.7781 0.12309   3.919 0.0000E+00  0.000   3.92
 A150       1.7831 0.16316   3.373 0.0000E+00  0.000   3.37
 A188       1.7860 0.08500   3.018 0.0000E+00  0.000   3.02
 A486       1.7876 0.89872  15.737 0.0000E+00  0.000  15.74
 A381       1.7935 0.07909  13.378 0.0000E+00  0.000  13.38
 A412       1.7987 0.03720   6.440 0.0000E+00  0.000   6.44
 A396       1.8001 0.12742   6.478 0.0000E+00  0.000   6.48
 A505       1.8020 0.13117   8.920 0.0000E+00  0.000   8.92
 A24        1.8020 0.06515  10.246 0.0000E+00  0.000  10.25
 A962       1.8037 0.09652   8.489 0.0000E+00  0.000   8.49
 A130       1.8037 0.04569   8.875 0.0000E+00  0.000   8.88
 A511       1.8042 0.03423   7.393 0.0000E+00  0.000   7.39
 A470       1.8049 0.04129  11.365 0.0000E+00  0.000  11.36
 A348       1.8051 0.08414   8.506 0.0000E+00  0.000   8.51
 A627       1.8057 0.06868   8.942 0.0000E+00  0.000   8.94
 A482       1.8148 0.04355  12.224 0.0000E+00  0.000  12.22
 A121       1.8167 0.07263   1.873 0.0000E+00  0.000   1.87
 A201       1.8180 0.06534   8.597 0.0000E+00  0.000   8.60
 A585       1.8182 0.03094   8.718 0.0000E+00  0.000   8.72
 A122       1.8197 0.13173   9.779 0.0000E+00  0.000   9.78
 A724       1.8203 0.06861   7.552 0.0000E+00  0.000   7.55
 A899       1.8206 0.05886   8.546 0.0000E+00  0.000   8.55
 A136       1.8209 0.06054   7.382 0.0000E+00  0.000   7.38
 A58        1.8215 0.15359   8.872 0.0000E+00  0.000   8.87
 A299       1.8223 0.05994   8.243 0.0000E+00  0.000   8.24
 A7         1.8235 0.04029   6.305 0.0000E+00  0.000   6.31
 A301       1.8259 0.02469   6.631 0.0000E+00  0.000   6.63
 A512       1.8265 0.07297  15.921 0.0000E+00  0.000  15.92
 A99        1.8276 0.12326   5.730 0.0000E+00  0.000   5.73
 A74        1.8281 0.12230  12.865 0.0000E+00  0.000  12.87
 A807       1.8300 0.08240   7.391 0.0000E+00  0.000   7.39
 A702       1.8309 0.18734   1.223 0.0000E+00  0.000   1.22
 A207       1.8310 0.08959  13.863 0.0000E+00  0.000  13.86
 A205       1.8352 0.07990   5.103 0.0000E+00  0.000   5.10
 A725       1.8366 0.09419   7.525 0.0000E+00  0.000   7.52
 A324       1.8372 0.09736  10.472 0.0000E+00  0.000  10.47
 A827       1.8373 0.03948  10.191 0.0000E+00  0.000  10.19
 A161       1.8379 0.07099   6.829 0.0000E+00  0.000   6.83
 A281       1.8406 0.13861   2.948 0.0000E+00  0.000   2.95
 A29        1.8409 0.11997   8.345 0.0000E+00  0.000   8.34
 A780       1.8410 0.11714  10.182 0.0000E+00  0.000  10.18
 A268       1.8443 0.07015   6.510 0.0000E+00  0.000   6.51
 A567       1.8531 0.16548   5.489 0.0000E+00  0.000   5.49
 A765       1.8549 0.02184  12.716 0.0000E+00  0.000  12.72
 A728       1.8558 0.09551   8.723 0.0000E+00  0.000   8.72
 A855       1.8565 0.09854  13.061 0.0000E+00  0.000  13.06
 A768       1.8588 0.15153   7.714 0.0000E+00  0.000   7.71
 A477       1.8602 0.07201   3.366 0.0000E+00  0.000   3.37
 A132       1.8616 0.18294   9.923 0.0000E+00  0.000   9.92
 A181       1.8620 0.08609   0.714 0.0000E+00  0.000   0.71
 A270       1.8636 0.09836   9.275 0.0000E+00  0.000   9.27
 A407       1.8637 0.05691  14.166 0.0000E+00  0.000  14.17
 A344       1.8681 0.07559   9.290 0.0000E+00  0.000   9.29
 A50        1.8697 0.08821   8.433 0.0000E+00  0.000   8.43
 A864       1.8719 0.10817   8.175 0.0000E+00  0.000   8.17
 A126       1.8726 0.04177   3.142 0.0000E+00  0.000   3.14
 A346       1.8775 0.02963  16.648 0.0000E+00  0.000  16.65
 A263       1.8782 0.07624   9.969 0.0000E+00  0.000   9.97
 A628       1.8789 0.06848  10.008 0.0000E+00  0.000  10.01
 A992       1.8797 0.03206  11.144 0.0000E+00  0.000  11.14
 A246       1.8807 0.15299  10.689 0.0000E+00  0.000  10.69
 A33        1.8818 0.04288  12.762 0.0000E+00  0.000  12.76
 A935       1.8843 0.09315   8.636 0.0000E+00  0.000   8.64
 A846       1.8846 0.19364   3.746 0.0000E+00  0.000   3.75
 A665       1.8930 0.12226   8.507 0.0000E+00  0.000   8.51
 A583       1.8957 0.10187  14.590 0.0000E+00  0.000  14.59
 A413       1.8967 0.08154  14.038 0.0000E+00  0.000  14.04
 A428       1.8973 0.13835   6.050 0.0000E+00  0.000   6.05
 A255       1.8979 0.06105  14.283 0.0000E+00  0.000  14.28
 A889       1.9048 0.16800  16.012 0.0000E+00  0.000  16.01
 A611       1.9078 0.11077  13.451 0.0000E+00  0.000  13.45
 A86        1.9083 0.19877  16.112 0.0000E+00  0.000  16.11
 A495       1.9090 0.15242  16.123 0.0000E+00  0.000  16.12
 A994       1.9256 0.14557  16.423 0.0000E+00  0.000  16.42
 A843       1.9258 0.16594  21.907 0.0000E+00  0.000  21.91
 A769       1.9267 0.12915  10.388 0.0000E+00  0.000  10.39
 A995       1.9283 0.12079   9.824 0.0000E+00  0.000   9.82
 A98        1.9302 0.25630   5.670 0.0000E+00  0.000   5.67
 A187       1.9318 0.09285  14.594 0.0000E+00  0.000  14.59
 A144       1.9320 0.15482  15.778 0.0000E+00  0.000  15.78
 A801       1.9325 0.09960  12.376 0.0000E+00  0.000  12.38
 A311       1.9371 0.21527  22.420 0.0000E+00  0.000  22.42
 A223       1.9376 0.21304   8.914 0.0000E+00  0.000   8.91
 A371       1.9383 0.11985  16.588 0.0000E+00  0.000  16.59
 A617       1.9458 0.18941  17.082 0.0000E+00  0.000  17.08
 A356       1.9462 0.06098   8.700 0.0000E+00  0.000   8.70
 A438       1.9484 0.12688  24.210 0.0000E+00  0.000  24.21
 A675       1.9485 0.10171   7.846 0.0000E+00  0.000   7.85
 A526       1.9519 0.20493  13.546 0.0000E+00  0.000  13.55
 A632       1.9551 0.10181   9.261 0.0000E+00  0.000   9.26
 A942       1.9572 0.20907  20.732 0.0000E+00  0.000  20.73
 A547       1.9634 0.18300  16.663 0.0000E+00  0.000  16.66
 A202       1.9651 0.21363  19.489 0.0000E+00  0.000  19.49
 A82        1.9660 0.17524  17.719 0.0000E+00  0.000  17.72
 A939       1.9686 0.03373  15.069 0.0000E+00  0.000  15.07
 A868       1.9691 0.24304   4.906 0.0000E+00  0.000   4.91
 A742       1.9733 0.16694  31.602 0.0000E+00  0.000  31.60
 A457       1.9765 0.17097   7.713 0.0000E+00  0.000   7.71
 A777       1.9808 0.14552  20.360 0.0000E+00  0.000  20.36
 A342       1.9809 0.17117  24.539 0.0000E+00  0.000  24.54
 A565       1.9825 0.23902  28.365 0.0000E+00  0.000  28.37
 A481       2.0002 0.10899   8.299 0.0000E+00  0.000   8.30
 A332       2.0027 0.35434   5.969 0.0000E+00  0.000   5.97
 A241       2.0262 0.08166  21.717 0.0000E+00  0.000  21.72
 A576       2.0326 0.27528  20.421 0.0000E+00  0.000  20.42
 A782       2.1351 0.19844   3.536 0.0000E+00  0.000   3.54
 A553       2.1434 0.24510   1.752 0.0000E+00  0.000   1.75
 A538       2.1517 0.35081   5.917 0.0000E+00  0.000   5.92
 A921       2.1628 0.29533   2.019 0.0000E+00  0.000   2.02
 A429       2.1650 0.24178   4.675 0.0000E+00  0.000   4.68
 A758       2.1674 0.29387   6.177 0.0000E+00  0.000   6.18
 A475       2.1717 0.15184   3.657 0.0000E+00  0.000   3.66
 A966       2.1734 0.31066   6.485 0.0000E+00  0.000   6.48
 A656       2.1738 0.11877   3.082 0.0000E+00  0.000   3.08
 A650       2.1750 0.21776   5.379 0.0000E+00  0.000   5.38
 A149       2.1789 0.17013   4.180 0.0000E+00  0.000   4.18
 A191       2.1865 0.22398   5.983 0.0000E+00  0.000   5.98
 A214       2.1897 0.21781   4.276 0.0000E+00  0.000   4.28
 A947       2.1959 0.16857   3.652 0.0000E+00  0.000   3.65
 A513       2.1967 0.17233   5.435 0.0000E+00  0.000   5.44
 A308       2.1971 0.16265   6.429 0.0000E+00  0.000   6.43
 A654       2.1978 0.15090   4.191 0.0000E+00  0.000   4.19
 A94        2.2005 0.16258   5.176 0.0000E+00  0.000   5.18
 A379       2.2028 0.20943   2.883 0.0000E+00  0.000   2.88
 A557       2.2047 0.02080   4.004 0.0000E+00  0.000   4.00
 A293       2.2104 0.21713   4.736 0.0000E+00  0.000   4.74
 A45        2.2129 0.11435   3.958 0.0000E+00  0.000   3.96
 A940       2.2151 0.07074   9.008 0.0000E+00  0.000   9.01
 A28        2.2184 0.06196   2.895 0.0000E+00  0.000   2.89
 A908       2.2213 0.10584   3.818 0.0000E+00  0.000   3.82
 A185       2.2244 0.12866   3.648 0.0000E+00  0.000   3.65
 A854       2.2269 0.08281   4.121 0.0000E+00  0.000   4.12
 A72        2.2273 0.06691   3.218 0.0000E+00  0.000   3.22
 A734       2.2298 0.11154   1.167 0.0000E+00  0.000   1.17
 A476       2.2353 0.22737   7.350 0.0000E+00  0.000   7.35
 A990       2.2529 0.10471   8.616 0.0000E+00  0.000   8.62
 A171       2.2552 0.14740   1.056 0.0000E+00  0.000   1.06
 A307       2.2587 0.10616   4.594 0.0000E+00  0.000   4.59
 A384       2.2613 0.10178  10.016 0.0000E+00  0.000  10.02
 A278       2.2648 0.09741   7.549 0.0000E+00  0.000   7.55
 A22        2.2652 0.06354   4.543 0.0000E+00  0.000   4.54
 A229       2.2653 0.10893   4.521 0.0000E+00  0.000   4.52
 A681       2.2661 0.19596   4.494 0.0000E+00  0.000   4.49
 A710       2.2663 0.10570   0.855 0.0000E+00  0.000   0.86
 A224       2.2667 0.07369   5.113 0.0000E+00  0.000   5.11
 A97        2.2721 0.12434   8.558 0.0000E+00  0.000   8.56
 A61        2.2731 0.07611   3.863 0.0000E+00  0.000   3.86
 A310       2.2957 0.05310   7.849 0.0000E+00  0.000   7.85
 A147       2.2958 0.08840   2.478 0.0000E+00  0.000   2.48
 A818       2.2964 0.05469   6.408 0.0000E+00  0.000   6.41
 A784       2.2970 0.15722   5.837 0.0000E+00  0.000   5.84
 A672       2.3011 0.10060   6.849 0.0000E+00  0.000   6.85
 A744       2.3025 0.14873   8.837 0.0000E+00  0.000   8.84
 A890       2.3027 0.05384   2.217 0.0000E+00  0.000   2.22
 A770       2.3053 0.08031   4.776 0.0000E+00  0.000   4.78
 A455       2.3119 0.17603   9.283 0.0000E+00  0.000   9.28
 A796       2.3134 0.09378   0.371 0.0000E+00  0.000   0.37
 A158       2.3149 0.19291   2.463 0.0000E+00  0.000   2.46
 A991       2.3167 0.18741  11.161 0.0000E+00  0.000  11.16
 A35        2.3191 0.20114   9.059 0.0000E+00  0.000   9.06
 A726       2.3203 0.05511   7.753 0.0000E+00  0.000   7.75
 A849       2.3209 0.09741   2.159 0.0000E+00  0.000   2.16
 A272       2.3243 0.08803   5.581 0.0000E+00  0.000   5.58
 A867       2.3264 0.12311   9.142 0.0000E+00  0.000   9.14
 A313       2.3314 0.08166   7.179 0.0000E+00  0.000   7.18
 A473       2.3386 0.11065   4.989 0.0000E+00  0.000   4.99
 A918       2.3389 0.02439   5.493 0.0000E+00  0.000   5.49
 A465       2.3406 0.16973   5.926 0.0000E+00  0.000   5.93
 A323       2.3476 0.10965   4.473 0.0000E+00  0.000   4.47
 A1000      2.3481 0.09445   0.459 0.0000E+00  0.000   0.46
 A436       2.3556 0.16404  11.017 0.0000E+00  0.000  11.02
 A165       2.3608 0.19342   3.273 0.0000E+00  0.000   3.27
 A174       2.3670 0.09444   5.406 0.0000E+00  0.000   5.41
 A902       2.3688 0.10185   8.193 0.0000E+00  0.000   8.19
 A790       2.3705 0.03319   3.653 0.0000E+00  0.000   3.65
 A127       2.3720 0.08315   4.872 0.0000E+00  0.000   4.87
 A375       2.3730 0.18676   3.614 0.0000E+00  0.000   3.61
 A257       2.3771 0.07204   4.263 0.0000E+00  0.000   4.26
 A605       2.3810 0.13107   2.315 0.0000E+00  0.000   2.31
 A748       2.3837 0.06141   5.927 0.0000E+00  0.000   5.93
 A641       2.3850 0.14852   1.031 0.0000E+00  0.000   1.03
 A858       2.3871 0.11364  12.396 0.0000E+00  0.000  12.40
 A530       2.3877 0.09907   6.420 0.0000E+00  0.000   6.42
 A321       2.3907 0.11763   5.594 0.0000E+00  0.000   5.59
 A696       2.3914 0.03099   4.718 0.0000E+00  0.000   4.72
 A20        2.3934 0.15458   2.372 0.0000E+00  0.000   2.37
 A48        2.3961 0.04894   3.484 0.0000E+00  0.000   3.48
 A93        2.3994 0.02663   1.060 0.0000E+00  0.000   1.06
 A156       2.4060 0.09694   5.358 0.0000E+00  0.000   5.36
 A101       2.4060 0.09060  10.521 0.0000E+00  0.000  10.52
 A444       2.4086 0.08273   3.928 0.0000E+00  0.000   3.93
 A967       2.4091 0.12726   5.681 0.0000E+00  0.000   5.68
 A695       2.4123 0.10748   6.074 0.0000E+00  0.000   6.07
 A895       2.4134 0.11733  10.801 0.0000E+00  0.000  10.80
 A13        2.4150 0.48826   7.787 0.0000E+00  0.000   7.79
 A345       2.4166 0.07133   4.806 0.0000E+00  0.000   4.81
 A159       2.4186 0.06708   0.163 0.0000E+00  0.000   0.16
 A876       2.4223 0.09644   4.314 0.0000E+00  0.000   4.31
 A821       2.4251 0.07458   1.792 0.0000E+00  0.000   1.79
 A998       2.4354 0.07433   4.378 0.0000E+00  0.000   4.38
 A776       2.4437 0.11826   0.906 0.0000E+00  0.000   0.91
 A831       2.4453 0.15881   8.568 0.0000E+00  0.000   8.57
 A953       2.4471 0.07876   5.400 0.0000E+00  0.000   5.40
 A943       2.4485 0.02303   8.119 0.0000E+00  0.000   8.12
 A172       2.4676 0.09178   9.057 0.0000E+00  0.000   9.06
 A442       2.4739 0.03551   3.314 0.0000E+00  0.000   3.31
 A701       2.4779 0.07060  10.358 0.0000E+00  0.000  10.36
 A388       2.4808 0.11196   4.230 0.0000E+00  0.000   4.23
 A112       2.4825 0.06106   5.799 0.0000E+00  0.000   5.80
 A791       2.4902 0.04823   5.125 0.0000E+00  0.000   5.12
 A337       2.4918 0.09344   2.276 0.0000E+00  0.000   2.28
 A599       2.5195 0.07315   3.750 0.0000E+00  0.000   3.75
 A424       2.5204 0.18105   8.337 0.0000E+00  0.000   8.34
 A102       2.5210 0.13616   2.158 0.0000E+00  0.000   2.16
 A367       2.5233 0.15922   4.243 0.0000E+00  0.000   4.24
 A975       2.5250 0.11453   4.029 0.0000E+00  0.000   4.03
 A236       2.5301 0.17211   1.475 0.0000E+00  0.000   1.48
 A651       2.5314 0.09823   1.609 0.0000E+00  0.000   1.61
 A287       2.5388 0.12596   4.224 0.0000E+00  0.000   4.22
 A254       2.5403 0.62412   0.506 0.0000E+00  0.000   0.51
 A705       2.5421 0.10589   4.630 0.0000E+00  0.000   4.63
 A374       2.5448 0.12726   9.575 0.0000E+00  0.000   9.57
 A468       2.5454 0.21045   3.466 0.0000E+00  0.000   3.47
 A352       2.5475 0.05203   8.033 0.0000E+00  0.000   8.03
 A922       2.5488 0.05323   2.755 0.0000E+00  0.000   2.75
 A89        2.5567 0.11660   8.162 0.0000E+00  0.000   8.16
 A690       2.5592 0.09814   4.657 0.0000E+00  0.000   4.66
 A861       2.5595 0.11827   2.470 0.0000E+00  0.000   2.47
 A42        2.5634 0.15495   6.067 0.0000E+00  0.000   6.07
 A11        2.5643 0.02562   9.304 0.0000E+00  0.000   9.30
 A596       2.5649 0.12659  10.338 0.0000E+00  0.000  10.34
 A706       2.5671 0.02550   4.582 0.0000E+00  0.000   4.58
 A222       2.5679 0.08688   6.690 0.0000E+00  0.000   6.69
 A806       2.5686 0.14264   7.581 0.0000E+00  0.000   7.58
 A167       2.5734 0.00870   6.067 0.0000E+00  0.000   6.07
 A851       2.5757 0.07793   4.706 0.0000E+00  0.000   4.71
 A844       2.5780 0.21287   5.409 0.0000E+00  0.000   5.41
 A331       2.5785 0.17839   1.193 0.0000E+00  0.000   1.19
 A666       2.5849 0.29205   3.278 0.0000E+00  0.000   3.28
 A688       2.5858 0.25149   3.206 0.0000E+00  0.000   3.21
 A239       2.5865 0.06738   6.418 0.0000E+00  0.000   6.42
 A31        2.5975 0.14975   9.948 0.0000E+00  0.000   9.95
 A175       2.5981 0.02868   4.278 0.0000E+00  0.000   4.28
 A422       2.5986 0.13216   5.922 0.0000E+00  0.000   5.92
 A431       2.6016 0.31550   4.121 0.0000E+00  0.000   4.12
 A276       2.6019 0.19588   1.643 0.0000E+00  0.000   1.64
 A284       2.6055 0.17183   4.259 0.0000E+00  0.000   4.26
 A256       2.6118 0.19091   8.836 0.0000E+00  0.000   8.84
 A609       2.6119 0.08856   6.904 0.0000E+00  0.000   6.90
 A896       2.6160 0.10029   7.701 0.0000E+00  0.000   7.70
 A450       2.6165 0.18904   3.601 0.0000E+00  0.000   3.60
 A141       2.6181 0.14934   2.192 0.0000E+00  0.000   2.19
 A213       2.6184 0.19895   5.041 0.0000E+00  0.000   5.04
 A135       2.6209 0.09580   7.723 0.0000E+00  0.000   7.72
 A662       2.6230 0.03765   0.326 0.0000E+00  0.000   0.33
 A661       2.6230 0.30741   4.029 0.0000E+00  0.000   4.03
 A891       2.6310 0.17021   6.940 0.0000E+00  0.000   6.94
 A454       2.6316 0.08746  11.164 0.0000E+00  0.000  11.16
 A338       2.6325 0.04156   6.912 0.0000E+00  0.000   6.91
 A184       2.6361 0.06638   8.001 0.0000E+00  0.000   8.00
 A372       2.6377 0.18354   3.276 0.0000E+00  0.000   3.28
 A204       2.6439 0.11226   9.031 0.0000E+00  0.000   9.03
 A386       2.6472 0.09523   4.060 0.0000E+00  0.000   4.06
 A925       2.6504 0.07790   2.955 0.0000E+00  0.000   2.95
 A67        2.6524 0.41369   6.457 0.0000E+00  0.000   6.46
 A853       2.6551 0.09304   1.962 0.0000E+00  0.000   1.96
 A872       2.6569 0.01872   1.104 0.0000E+00  0.000   1.10
 A968       2.6597 0.11135   4.775 0.0000E+00  0.000   4.78
 A6         2.6629 0.18749   5.654 0.0000E+00  0.000   5.65
 A489       2.6688 0.09564   5.970 0.0000E+00  0.000   5.97
 A718       2.6690 0.14646   5.498 0.0000E+00  0.000   5.50
 A938       2.6695 0.11137   2.323 0.0000E+00  0.000   2.32
 A957       2.6728 0.06280   4.551 0.0000E+00  0.000   4.55
 A887       2.6753 0.12752  10.310 0.0000E+00  0.000  10.31
 A715       2.6879 0.03593   1.333 0.0000E+00  0.000   1.33
 A709       2.6903 0.07791   3.171 0.0000E+00  0.000   3.17
 A730       2.6918 0.09373   4.037 0.0000E+00  0.000   4.04
 A471       2.6940 0.17927   8.228 0.0000E+00  0.000   8.23
 A630       2.6955 0.13084   2.918 0.0000E+00  0.000   2.92
 A911       2.6974 0.17831   2.912 0.0000E+00  0.000   2.91
 A39        2.6982 0.04984   9.117 0.0000E+00  0.000   9.12
 A100       2.7001 0.04042   6.664 0.0000E+00  0.000   6.66
 A360       2.7071 0.06071   2.097 0.0000E+00  0.000   2.10
 A4         2.7073 0.06164   3.646 0.0000E+00  0.000   3.65
 A499       2.7105 0.02076   2.259 0.0000E+00  0.000   2.26
 A833       2.7175 0.04158   9.564 0.0000E+00  0.000   9.56
 A963       2.7175 0.04185   7.507 0.0000E+00  0.000   7.51
 A815       2.7185 0.18784   3.850 0.0000E+00  0.000   3.85
 A303       2.7251 0.07371   5.770 0.0000E+00  0.000   5.77
 A316       2.7289 0.13664   6.905 0.0000E+00  0.000   6.91
 A208       2.7293 0.14061  10.243 0.0000E+00  0.000  10.24
 A934       2.7294 0.09795   2.737 0.0000E+00  0.000   2.74
 A917       2.7302 0.03479   7.734 0.0000E+00  0.000   7.73
 A409       2.7310 0.18525   4.153 0.0000E+00  0.000   4.15
 A552       2.7319 0.11574   6.696 0.0000E+00  0.000   6.70
 A682       2.7321 0.07405   3.802 0.0000E+00  0.000   3.80
 A300       2.7350 0.07865   8.015 0.0000E+00  0.000   8.02
 A451       2.7412 0.10028   7.089 0.0000E+00  0.000   7.09
 A694       2.7451 0.06517   1.532 0.0000E+00  0.000   1.53
 A624       2.7491 0.08944   9.011 0.0000E+00  0.000   9.01
 A760       2.7504 0.06663   1.934 0.0000E+00  0.000   1.93
 A87        2.7504 0.09188   9.019 0.0000E+00  0.000   9.02
 A747       2.7516 0.08676   1.622 0.0000E+00  0.000   1.62
 A243       2.7521 0.12714   8.871 0.0000E+00  0.000   8.87
 A735       2.7583 0.05435   3.827 0.0000E+00  0.000   3.83
 A800       2.7591 0.14484   4.183 0.0000E+00  0.000   4.18
 A336       2.7597 0.02885   3.029 0.0000E+00  0.000   3.03
 A312       2.7613 0.13750   8.108 0.0000E+00  0.000   8.11
 A2         2.7630 0.13451   2.134 0.0000E+00  0.000   2.13
 A37        2.7636 0.07183   3.244 0.0000E+00  0.000   3.24
 A294       2.7653 0.14442   4.647 0.0000E+00  0.000   4.65
 A365       2.7693 0.11244   8.579 0.0000E+00  0.000   8.58
 A19        2.7826 0.07338   9.783 0.0000E+00  0.000   9.78
 A432       2.7837 0.08493   2.592 0.0000E+00  0.000   2.59
 A393       2.7847 0.12673   6.770 0.0000E+00  0.000   6.77
 A838       2.7888 0.13513   2.812 0.0000E+00  0.000   2.81
 A339       2.7911 0.09030   2.541 0.0000E+00  0.000   2.54
 A648       2.7926 0.09290   4.456 0.0000E+00  0.000   4.46
 A233       2.7964 0.13930   4.286 0.0000E+00  0.000   4.29
 A120       2.7969 0.14027   8.880 0.0000E+00  0.000   8.88
 A237       2.7982 0.07308   3.508 0.0000E+00  0.000   3.51
 A764       2.8058 0.09524   9.324 0.0000E+00  0.000   9.32
 A812       2.8065 0.03603   1.954 0.0000E+00  0.000   1.95
 A163       2.8073 0.10522   2.526 0.0000E+00  0.000   2.53
 A629       2.8073 0.11630   3.368 0.0000E+00  0.000   3.37
 A826       2.8102 0.19107   1.377 0.0000E+00  0.000   1.38
 A586       2.8282 0.02748   2.715 0.0000E+00  0.000   2.71
 A574       2.8327 0.11613   6.039 0.0000E+00  0.000   6.04
 A403       2.8369 0.08920   2.434 0.0000E+00  0.000   2.43
 A353       2.8401 0.15445   6.207 0.0000E+00  0.000   6.21
 A196       2.8402 0.07552   5.276 0.0000E+00  0.000   5.28
 A888       2.8425 0.09324   2.092 0.0000E+00  0.000   2.09
 A762       2.8501 0.02036   9.515 0.0000E+00  0.000   9.51
 A340       2.8512 0.05836   4.966 0.0000E+00  0.000   4.97
 A507       2.8520 0.10654   3.015 0.0000E+00  0.000   3.02
 A426       2.8525 0.07838   9.225 0.0000E+00  0.000   9.22
 A620       2.8534 0.04704   0.865 0.0000E+00  0.000   0.87
 A528       2.8581 0.11354   7.966 0.0000E+00  0.000   7.97
 A763       2.8599 0.04825   2.553 0.0000E+00  0.000   2.55
 A850       2.8618 0.15391   2.235 0.0000E+00  0.000   2.24
 A600       2.8619 0.12884   0.583 0.0000E+00  0.000   0.58
 A881       2.8640 0.15745   5.843 0.0000E+00  0.000   5.84
 A984       2.8674 0.03470   2.834 0.0000E+00  0.000   2.83
 A483       2.8675 0.14204   3.828 0.0000E+00  0.000   3.83
 A320       2.8691 0.02858   9.197 0.0000E+00  0.000   9.20
 A177       2.8711 0.07799   3.162 0.0000E+00  0.000   3.16
 A912       2.8714 0.07950   7.611 0.0000E+00  0.000   7.61
 A612       2.8773 0.05973   7.918 0.0000E+00  0.000   7.92
 A540       2.8837 0.06905   8.300 0.0000E+00  0.000   8.30
 A330       2.8839 0.02417   6.765 0.0000E+00  0.000   6.77
 A382       2.8849 0.20330   0.471 0.0000E+00  0.000   0.47
 A754       2.8854 0.06487   2.496 0.0000E+00  0.000   2.50
 A794       2.8877 0.05633   8.130 0.0000E+00  0.000   8.13
 A737       2.8879 0.07028   2.747 0.0000E+00  0.000   2.75
 A669       2.8935 0.11995   0.363 0.0000E+00  0.000   0.36
 A679       2.8994 0.10677   5.178 0.0000E+00  0.000   5.18
 A727       2.9063 0.10365   4.648 0.0000E+00  0.000   4.65
 A333       2.9106 0.09500   7.078 0.0000E+00  0.000   7.08
 A885       2.9112 0.03251   8.427 0.0000E+00  0.000   8.43
 A830       2.9126 0.03981   1.228 0.0000E+00  0.000   1.23
 A478       2.9214 0.01867   3.028 0.0000E+00  0.000   3.03
 A484       2.9219 0.06546   4.043 0.0000E+00  0.000   4.04
 A785       2.9266 0.04513   2.079 0.0000E+00  0.000   2.08
 A359       2.9300 0.15117   6.987 0.0000E+00  0.000   6.99
 A659       2.9329 0.04053   5.497 0.0000E+00  0.000   5.50
 A193       2.9388 0.01009   2.970 0.0000E+00  0.000   2.97
 A77        2.9395 0.03592   9.088 0.0000E+00  0.000   9.09
 A49        2.9486 0.09896   3.890 0.0000E+00  0.000   3.89
 A143       2.9519 0.12668   5.761 0.0000E+00  0.000   5.76
 A347       2.9592 0.04779   3.117 0.0000E+00  0.000   3.12
 A176       2.9633 0.10773   7.507 0.0000E+00  0.000   7.51
 A459       2.9640 0.11246   2.105 0.0000E+00  0.000   2.10
 A931       2.9641 0.16395   3.400 0.0000E+00  0.000   3.40
 A21        2.9658 0.06999   4.360 0.0000E+00  0.000   4.36
 A869       2.9703 0.10377   9.713 0.0000E+00  0.000   9.71
 A59        2.9716 0.13307   6.594 0.0000E+00  0.000   6.59
 A986       2.9807 0.11319   2.545 0.0000E+00  0.000   2.54
 A118       2.9843 0.05890   8.860 0.0000E+00  0.000   8.86
 A501       2.9852 0.11732   0.810 0.0000E+00  0.000   0.81
 A720       2.9900 0.14573   3.013 0.0000E+00  0.000   3.01
 A182       2.9948 0.17074   9.208 0.0000E+00  0.000   9.21
 A408       2.9974 0.07790   2.644 0.0000E+00  0.000   2.64
 A115       2.9985 0.06137   1.158 0.0000E+00  0.000   1.16
 A410       2.9997 0.08269   3.732 0.0000E+00  0.000   3.73
 A462       3.0010 0.05354   2.855 0.0000E+00  0.000   2.85
 A23        3.0116 0.07540   1.120 0.0000E+00  0.000   1.12
 A235       3.0159 0.07839   8.300 0.0000E+00  0.000   8.30
 A464       3.0168 0.05696   1.326 0.0000E+00  0.000   1.33
 A527       3.0235 0.14759   3.031 0.0000E+00  0.000   3.03
 A897       3.0236 0.09282   9.242 0.0000E+00  0.000   9.24
 A282       3.0242 0.08861   0.635 0.0000E+00  0.000   0.64
 A640       3.0310 0.07186   3.920 0.0000E+00  0.000   3.92
 A883       3.0349 0.03279   5.970 0.0000E+00  0.000   5.97
 A590       3.0374 0.18871   4.281 0.0000E+00  0.000   4.28
 A240       3.0428 0.08522   4.848 0.0000E+00  0.000   4.85
 A1         3.0431 0.14351   3.083 0.0000E+00  0.000   3.08
 A646       3.0497 0.12626   2.583 0.0000E+00  0.000   2.58
 A385       3.0548 0.03792   1.746 0.0000E+00  0.000   1.75
 A712       3.0604 0.06317   5.495 0.0000E+00  0.000   5.50
 A397       3.0625 0.00972   0.994 0.0000E+00  0.000   0.99
 A804       3.0639 0.14386   3.403 0.0000E+00  0.000   3.40
 A416       3.0678 0.07240   6.135 0.0000E+00  0.000   6.13
 A539       3.0720 0.10737   3.129 0.0000E+00  0.000   3.13
 A76        3.0730 0.15569   5.351 0.0000E+00  0.000   5.35
 A54        3.0740 0.05345   1.240 0.0000E+00  0.000   1.24
 A550       3.0752 0.08177   7.984 0.0000E+00  0.000   7.98
 A722       3.0756 0.11734   8.782 0.0000E+00  0.000   8.78
 A123       3.0764 0.08479   3.464 0.0000E+00  0.000   3.46
 A420       3.0807 0.14060   1.831 0.0000E+00  0.000   1.83
 A692       3.0827 0.14173   6.045 0.0000E+00  0.000   6.04
 A248       3.0830 0.07287   6.195 0.0000E+00  0.000   6.20
 A252       3.0843 0.10934   0.677 0.0000E+00  0.000   0.68
 A566       3.0888 0.01549   9.847 0.0000E+00  0.000   9.85
 A689       3.0922 0.04811   4.061 0.0000E+00  0.000   4.06
 A106       3.1045 0.04055   6.610 0.0000E+00  0.000   6.61
 A893       3.1048 0.12647   6.114 0.0000E+00  0.000   6.11
 A996       3.1077 0.14130   4.455 0.0000E+00  0.000   4.45
 A391       3.1093 0.16532   3.447 0.0000E+00  0.000   3.45
 A456       3.1104 0.01928   3.529 0.0000E+00  0.000   3.53
 A68        3.1116 0.07025   8.228 0.0000E+00  0.000   8.23
 A71        3.1163 0.04692   3.943 0.0000E+00  0.000   3.94
 A218       3.1183 0.07345   6.825 0.0000E+00  0.000   6.83
 A194       3.1185 0.13187   8.544 0.0000E+00  0.000   8.54
 A250       3.1193 0.07706   2.178 0.0000E+00  0.000   2.18
 A335       3.1253 0.11581   8.825 0.0000E+00  0.000   8.82
 A247       3.1254 0.16945   1.763 0.0000E+00  0.000   1.76
 A78        3.1254 0.14968   9.547 0.0000E+00  0.000   9.55
 A653       3.1332 0.03112   8.469 0.0000E+00  0.000   8.47
 A133       3.1361 0.07878   8.583 0.0000E+00  0.000   8.58
 A16        3.1434 0.12756   4.769 0.0000E+00  0.000   4.77
 A674       3.1491 0.14535   7.016 0.0000E+00  0.000   7.02
 A589       3.1492 0.02876   7.706 0.0000E+00  0.000   7.71
 A244       3.1515 0.07396   7.553 0.0000E+00  0.000   7.55
 A279       3.1515 0.06305   9.367 0.0000E+00  0.000   9.37
 A766       3.1613 0.07565   8.074 0.0000E+00  0.000   8.07
 A103       3.1615 0.08885   3.245 0.0000E+00  0.000   3.25
 A711       3.1670 0.05431   6.044 0.0000E+00  0.000   6.04
 A592       3.1686 0.09911   3.342 0.0000E+00  0.000   3.34
 A877       3.1688 0.11007   8.247 0.0000E+00  0.000   8.25
 A819       3.1696 0.09745   0.482 0.0000E+00  0.000   0.48
 A305       3.1736 0.06755   8.222 0.0000E+00  0.000   8.22
 A40        3.1737 0.11098   8.957 0.0000E+00  0.000   8.96
 A401       3.1741 0.08370   5.188 0.0000E+00  0.000   5.19
 A949       3.1767 0.02573   4.830 0.0000E+00  0.000   4.83
 A959       3.1811 0.05934   2.062 0.0000E+00  0.000   2.06
 A480       3.1811 0.14418   5.863 0.0000E+00  0.000   5.86
 A572       3.1857 0.18301   2.207 0.0000E+00  0.000   2.21
 A707       3.1872 0.07670   0.733 0.0000E+00  0.000   0.73
 A195       3.1883 0.08256   8.768 0.0000E+00  0.000   8.77
 A898       3.1911 0.04679   3.656 0.0000E+00  0.000   3.66
 A546       3.1939 0.06806   5.680 0.0000E+00  0.000   5.68
 A834       3.1959 0.04749   0.436 0.0000E+00  0.000   0.44
 A326       3.1995 0.07037   0.605 0.0000E+00  0.000   0.61
 A716       3.2006 0.10467   5.895 0.0000E+00  0.000   5.90
 A60        3.2032 0.10417   7.383 0.0000E+00  0.000   7.38
 A298       3.2060 0.15765   4.336 0.0000E+00  0.000   4.34
 A930       3.2163 0.12958   6.140 0.0000E+00  0.000   6.14
 A825       3.2178 0.09511   9.700 0.0000E+00  0.000   9.70
 A700       3.2178 0.13131   2.138 0.0000E+00  0.000   2.14
 A563       3.2194 0.02723   1.763 0.0000E+00  0.000   1.76
 A657       3.2239 0.08323   2.771 0.0000E+00  0.000   2.77
 A832       3.2332 0.02073   8.058 0.0000E+00  0.000   8.06
 A626       3.2381 0.04070   5.171 0.0000E+00  0.000   5.17
 A551       3.2507 0.05484   7.109 0.0000E+00  0.000   7.11
 A676       3.2615 0.03750   1.561 0.0000E+00  0.000   1.56
 A209       3.3178 0.14035   3.224 0.0000E+00  0.000   3.22
 A680       3.3218 0.10749   5.196 0.0000E+00  0.000   5.20
 A363       3.3297 0.08201   3.914 0.0000E+00  0.000   3.91
 A808       3.3405 0.05418   0.517 0.0000E+00  0.000   0.52
 A357       3.3405 0.05111   8.681 0.0000E+00  0.000   8.68
 A684       3.3453 0.05110   1.511 0.0000E+00  0.000   1.51
 A231       3.3455 0.07367   9.951 0.0000E+00  0.000   9.95
 A520       3.3460 0.13757   7.192 0.0000E+00  0.000   7.19
 A759       3.3476 0.07550   3.885 0.0000E+00  0.000   3.89
 A621       3.3508 0.12598   1.586 0.0000E+00  0.000   1.59
 A616       3.3555 0.06571   1.095 0.0000E+00  0.000   1.09
 A643       3.3564 0.04768   6.261 0.0000E+00  0.000   6.26
 A929       3.3582 0.03440   3.401 0.0000E+00  0.000   3.40
 A948       3.3627 0.16123  12.737 0.0000E+00  0.000  12.74
 A271       3.3634 0.07632   9.447 0.0000E+00  0.000   9.45
 A376       3.3652 0.06441   1.265 0.0000E+00  0.000   1.26
 A598       3.3699 0.05897   6.090 0.0000E+00  0.000   6.09
 A781       3.3707 0.15478   7.497 0.0000E+00  0.000   7.50
 A524       3.3707 0.12477   2.023 0.0000E+00  0.000   2.02
 A262       3.3727 0.15362   3.047 0.0000E+00  0.000   3.05
 A128       3.3759 0.11460   4.371 0.0000E+00  0.000   4.37
 A370       3.3763 0.20918   4.305 0.0000E+00  0.000   4.30
 A66        3.3777 0.13989   5.100 0.0000E+00  0.000   5.10
 A997       3.3801 0.01479   9.152 0.0000E+00  0.000   9.15
 A131       3.3841 0.21268   3.436 0.0000E+00  0.000   3.44
 A573       3.3867 0.13520   1.279 0.0000E+00  0.000   1.28
 A542       3.3873 0.06447   5.364 0.0000E+00  0.000   5.36
 A137       3.3888 0.06936   6.771 0.0000E+00  0.000   6.77
 A597       3.3896 0.11552   2.792 0.0000E+00  0.000   2.79
 A53        3.3956 0.09673   2.697 0.0000E+00  0.000   2.70
 A914       3.3966 0.09595   8.350 0.0000E+00  0.000   8.35
 A805       3.4016 0.18124   7.466 0.0000E+00  0.000   7.47
 A160       3.4028 0.04112   4.388 0.0000E+00  0.000   4.39
 A568       3.4048 0.16482   1.665 0.0000E+00  0.000   1.66
 A458       3.4058 0.06754   3.038 0.0000E+00  0.000   3.04
 A813       3.4100 0.11514   8.581 0.0000E+00  0.000   8.58
 A154       3.4133 0.09039   3.377 0.0000E+00  0.000   3.38
 A697       3.4138 0.05203   6.670 0.0000E+00  0.000   6.67
 A741       3.4147 0.04152   8.798 0.0000E+00  0.000   8.80
 A569       3.4206 0.08423   9.044 0.0000E+00  0.000   9.04
 A460       3.4213 0.20228   0.671 0.0000E+00  0.000   0.67
 A778       3.4230 0.06428   5.942 0.0000E+00  0.000   5.94
 A27        3.4255 0.10877   8.932 0.0000E+00  0.000   8.93
 A502       3.4262 0.17840   3.272 0.0000E+00  0.000   3.27
 A57        3.4319 0.12080   5.412 0.0000E+00  0.000   5.41
 A166       3.4336 0.03527   0.707 0.0000E+00  0.000   0.71
 A322       3.4416 0.10454   7.101 0.0000E+00  0.000   7.10
 A558       3.4434 0.16150   2.406 0.0000E+00  0.000   2.41
 A708       3.4454 0.04981   4.965 0.0000E+00  0.000   4.97
 A523       3.4542 0.05035   1.529 0.0000E+00  0.000   1.53
 A873       3.4544 0.19678   5.266 0.0000E+00  0.000   5.27
 A463       3.4585 0.12925   6.681 0.0000E+00  0.000   6.68
 A75        3.4598 0.03867   8.751 0.0000E+00  0.000   8.75
 A623       3.4600 0.13458   4.744 0.0000E+00  0.000   4.74
 A723       3.4653 0.33949   1.257 0.0000E+00  0.000   1.26
 A3         3.4672 0.12403   8.781 0.0000E+00  0.000   8.78
 A970       3.4765 0.01032   2.079 0.0000E+00  0.000   2.08
 A260       3.4947 0.12494   0.078 0.0000E+00  0.000   0.08
 A789       3.4972 0.03276   2.911 0.0000E+00  0.000   2.91
 A645       3.4973 0.11359   8.822 0.0000E+00  0.000   8.82
 A110       3.4976 0.03402   0.394 0.0000E+00  0.000   0.39
 A452       3.5016 0.10344   4.241 0.0000E+00  0.000   4.24
 A415       3.5021 0.06959   5.090 0.0000E+00  0.000   5.09
 A981       3.5063 0.08749   7.948 0.0000E+00  0.000   7.95
 A945       3.5249 0.07041   5.570 0.0000E+00  0.000   5.57
 A882       3.5349 0.16584   5.605 0.0000E+00  0.000   5.61
 A245       3.5407 0.06494   5.871 0.0000E+00  0.000   5.87
 A531       3.5442 0.08166   0.849 0.0000E+00  0.000   0.85
 A433       3.5472 0.14561   0.527 0.0000E+00  0.000   0.53
 A453       3.5558 0.14598   4.962 0.0000E+00  0.000   4.96
 A829       3.5583 0.13986   4.237 0.0000E+00  0.000   4.24
 A274       3.5588 0.09253   1.281 0.0000E+00  0.000   1.28
 A220       3.5967 0.06385   2.086 0.0000E+00  0.000   2.09
 A500       3.6134 0.11322   7.807 0.0000E+00  0.000   7.81
 A417       3.6139 0.09114   9.588 0.0000E+00  0.000   9.59
 A219       3.6315 0.02422   7.661 0.0000E+00  0.000   7.66
 A580       3.6330 0.17134   3.900 0.0000E+00  0.000   3.90
 A894       3.6342 0.09561   8.684 0.0000E+00  0.000   8.68
 A932       3.6344 0.14471   3.341 0.0000E+00  0.000   3.34
 A402       3.6345 0.12379   2.682 0.0000E+00  0.000   2.68
 A124       3.6424 0.07952   2.054 0.0000E+00  0.000   2.05
 A955       3.6454 0.08471   3.538 0.0000E+00  0.000   3.54
 A435       3.6486 0.12486   4.493 0.0000E+00  0.000   4.49
 A434       3.6564 0.12315   3.657 0.0000E+00  0.000   3.66
 A52        3.6593 0.09634   4.114 0.0000E+00  0.000   4.11
 A291       3.6689 0.04474   8.231 0.0000E+00  0.000   8.23
 A927       3.6691 0.01447   1.115 0.0000E+00  0.000   1.12
 A622       3.7483 0.14225   2.280 0.0000E+00  0.000   2.28
 A242       3.7519 0.13546   9.573 0.0000E+00  0.000   9.57
 A183       3.7583 0.14057   4.152 0.0000E+00  0.000   4.15
 A383       3.7775 0.13783   0.921 0.0000E+00  0.000   0.92
 A863       3.8383 0.02158   0.913 0.0000E+00  0.000   0.91
 A904       3.8681 0.16351   0.308 0.0000E+00  0.000   0.31
 A392       3.9378 0.12917   6.007 0.0000E+00  0.000   6.01
 A125       3.9481 0.25970   4.074 0.0000E+00  0.000   4.07
 A212       3.9554 0.22297   7.250 0.0000E+00  0.000   7.25
 A198       3.9585 0.20339   1.427 0.0000E+00  0.000   1.43
 A913       3.9661 0.27413   1.033 0.0000E+00  0.000   1.03
 A614       3.9797 0.06343   2.685 0.0000E+00  0.000   2.69
 A761       3.9868 0.22732   1.481 0.0000E+00  0.000   1.48
 A810       3.9977 0.07091   5.804 0.0000E+00  0.000   5.80
 A5         3.9977 0.22891   8.111 0.0000E+00  0.000   8.11
 A783       4.0051 0.17920   8.317 0.0000E+00  0.000   8.32
 A719       4.0146 0.25779   4.615 0.0000E+00  0.000   4.61
 A30        4.0190 0.18635   2.720 0.0000E+00  0.000   2.72
 JUPITER    5.2015 0.06453   0.053 9.5479E-04  0.000   0.05
 A549       6.8176 0.72817  27.896 0.0000E+00  0.000  27.90
 SATURN     9.5249 0.13150   2.516 2.8589E-04  0.000   2.52
 A972      16.3232 0.19640  10.741 0.0000E+00  0.000  10.74
 A788      18.6572 0.65529  16.415 0.0000E+00  0.000  16.41
 A200      24.3393 0.38266  11.607 0.0000E+00  0.000  11.61
