 A221       0.9829 0.08938  20.287 0.0000E+00  0.000  20.29
 EARTHMOO   1.0000 0.03796   1.315 9.1213E-06  0.000   1.31
 A107       1.2329 0.20041  37.811 0.0000E+00  0.000  37.81
 A267       1.3178 0.61772  11.485 0.0000E+00  0.000  11.49
 A820       1.3284 0.38499  17.905 0.0000E+00  0.000  17.91
 A328       1.4225 0.25914  21.798 0.0000E+00  0.000  21.80
 A430       1.5001 0.04141   2.834 0.0000E+00  0.000   2.83
 A900       1.5009 0.06210   3.948 0.0000E+00  0.000   3.95
 A591       1.5051 0.05024   9.416 0.0000E+00  0.000   9.42
 A534       1.5119 0.10463   8.044 0.0000E+00  0.000   8.04
 A288       1.5166 0.02241   1.842 0.0000E+00  0.000   1.84
 A926       1.5206 0.07320   4.378 0.0000E+00  0.000   4.38
 A79        1.5214 0.06160  11.838 0.0000E+00  0.000  11.84
 A83        1.5228 0.10376   2.912 0.0000E+00  0.000   2.91
 A487       1.5244 0.05567   5.588 0.0000E+00  0.000   5.59
 A729       1.5279 0.10212   6.172 0.0000E+00  0.000   6.17
 A51        1.5322 0.07068   4.796 0.0000E+00  0.000   4.80
 A277       1.5340 0.13054   7.921 0.0000E+00  0.000   7.92
 A41        1.5455 0.08975   1.276 0.0000E+00  0.000   1.28
 A950       1.5455 0.02989   1.293 0.0000E+00  0.000   1.29
 A771       1.5461 0.12530   5.761 0.0000E+00  0.000   5.76
 A816       1.5482 0.09332   2.184 0.0000E+00  0.000   2.18
 A44        1.5505 0.03138   6.352 0.0000E+00  0.000   6.35
 A421       1.5530 0.07512   2.520 0.0000E+00  0.000   2.52
 A498       1.5538 0.06153   0.819 0.0000E+00  0.000   0.82
 A687       1.5542 0.07727   4.480 0.0000E+00  0.000   4.48
 A532       1.5576 0.05723  12.205 0.0000E+00  0.000  12.21
 A395       1.5586 0.12988   5.271 0.0000E+00  0.000   5.27
 A178       1.5622 0.05156   3.568 0.0000E+00  0.000   3.57
 A536       1.5629 0.10466   1.015 0.0000E+00  0.000   1.02
 A973       1.5675 0.05466  10.080 0.0000E+00  0.000  10.08
 A862       1.5720 0.07861   2.748 0.0000E+00  0.000   2.75
 A901       1.5746 0.06636   5.576 0.0000E+00  0.000   5.58
 A485       1.5753 0.04309   2.654 0.0000E+00  0.000   2.65
 A406       1.5768 0.08816   7.697 0.0000E+00  0.000   7.70
 A978       1.5774 0.05209   8.787 0.0000E+00  0.000   8.79
 A857       1.5784 0.01189   0.359 0.0000E+00  0.000   0.36
 A290       1.5806 0.01671   9.099 0.0000E+00  0.000   9.10
 A85        1.5850 0.08446   7.469 0.0000E+00  0.000   7.47
 A673       1.5911 0.09715   9.684 0.0000E+00  0.000   9.68
 A541       1.5915 0.12242  10.138 0.0000E+00  0.000  10.14
 A510       1.5933 0.05751   7.870 0.0000E+00  0.000   7.87
 A225       1.5949 0.05229   7.165 0.0000E+00  0.000   7.16
 A625       1.6000 0.11263   3.138 0.0000E+00  0.000   3.14
 A634       1.6028 0.05813   9.697 0.0000E+00  0.000   9.70
 A142       1.6053 0.03426   6.805 0.0000E+00  0.000   6.81
 A47        1.6057 0.08694   3.072 0.0000E+00  0.000   3.07
 A504       1.6075 0.86648  22.619 0.0000E+00  0.000  22.62
 A903       1.6106 0.05108   2.496 0.0000E+00  0.000   2.50
 A116       1.6124 0.04547   5.744 0.0000E+00  0.000   5.74
 A792       1.6195 0.05769   6.182 0.0000E+00  0.000   6.18
 A497       1.6215 0.09186   9.311 0.0000E+00  0.000   9.31
 A746       1.6287 0.06052   3.499 0.0000E+00  0.000   3.50
 A405       1.6295 0.09169  11.160 0.0000E+00  0.000  11.16
 A34        1.6347 0.06118  10.442 0.0000E+00  0.000  10.44
 A427       1.6364 0.10526   7.612 0.0000E+00  0.000   7.61
 A341       1.6366 0.10464  10.198 0.0000E+00  0.000  10.20
 A95        1.6377 0.10553   6.785 0.0000E+00  0.000   6.79
 A841       1.6397 0.12863  11.018 0.0000E+00  0.000  11.02
 A602       1.6420 0.10219   7.791 0.0000E+00  0.000   7.79
 A380       1.6437 0.09601   5.072 0.0000E+00  0.000   5.07
 A517       1.6446 0.08514   6.129 0.0000E+00  0.000   6.13
 A14        1.6448 0.05977   3.028 0.0000E+00  0.000   3.03
 A297       1.6475 0.05475   8.385 0.0000E+00  0.000   8.39
 A751       1.6505 0.02959   9.708 0.0000E+00  0.000   9.71
 A556       1.6510 0.07947   8.049 0.0000E+00  0.000   8.05
 A447       1.6514 0.09786   9.377 0.0000E+00  0.000   9.38
 A62        1.6524 0.05567  10.804 0.0000E+00  0.000  10.80
 A315       1.6528 0.03341   4.994 0.0000E+00  0.000   4.99
 A880       1.6554 0.02602   6.713 0.0000E+00  0.000   6.71
 A362       1.6574 0.08580   5.719 0.0000E+00  0.000   5.72
 A878       1.6581 0.05332  10.505 0.0000E+00  0.000  10.50
 A639       1.6583 0.11295   3.078 0.0000E+00  0.000   3.08
 A84        1.6598 0.09641   6.145 0.0000E+00  0.000   6.15
 A351       1.6602 0.07093   8.678 0.0000E+00  0.000   8.68
 A703       1.6603 0.06070   1.516 0.0000E+00  0.000   1.52
 A615       1.6624 0.06637   1.566 0.0000E+00  0.000   1.57
 A145       1.6705 0.06557   6.930 0.0000E+00  0.000   6.93
 A852       1.6733 0.07955   5.849 0.0000E+00  0.000   5.85
 A343       1.6798 0.04256  11.469 0.0000E+00  0.000  11.47
 A488       1.6820 0.11074   6.406 0.0000E+00  0.000   6.41
 A399       1.6834 0.12598   2.012 0.0000E+00  0.000   2.01
 A216       1.6849 0.14818   2.681 0.0000E+00  0.000   2.68
 A189       1.6886 0.05568  12.280 0.0000E+00  0.000  12.28
 A618       1.6919 0.02307   7.580 0.0000E+00  0.000   7.58
 A306       1.6940 0.05485   6.187 0.0000E+00  0.000   6.19
 A721       1.6963 0.04031   9.493 0.0000E+00  0.000   9.49
 A636       1.6980 0.08984   3.318 0.0000E+00  0.000   3.32
 A731       1.7065 0.12941   4.867 0.0000E+00  0.000   4.87
 A448       1.7123 0.08991   2.822 0.0000E+00  0.000   2.82
 A358       1.7125 0.02411   3.961 0.0000E+00  0.000   3.96
 A554       1.7185 0.05036  10.346 0.0000E+00  0.000  10.35
 A17        1.7214 0.07528   8.726 0.0000E+00  0.000   8.73
 A283       1.7248 0.01608   7.183 0.0000E+00  0.000   7.18
 A18        1.7250 0.07819   1.149 0.0000E+00  0.000   1.15
 A980       1.7266 0.05940   3.205 0.0000E+00  0.000   3.20
 A515       1.7272 0.07218   5.311 0.0000E+00  0.000   5.31
 A944       1.7311 0.10704   4.075 0.0000E+00  0.000   4.08
 A866       1.7366 0.06198   9.911 0.0000E+00  0.000   9.91
 A603       1.7413 0.11181   7.787 0.0000E+00  0.000   7.79
 A581       1.7438 0.12950   6.028 0.0000E+00  0.000   6.03
 A671       1.7444 0.10776   5.814 0.0000E+00  0.000   5.81
 A119       1.7453 0.04616   5.734 0.0000E+00  0.000   5.73
 A961       1.7473 0.04159   4.351 0.0000E+00  0.000   4.35
 A575       1.7477 0.08046   4.528 0.0000E+00  0.000   4.53
 A969       1.7493 0.01562   6.334 0.0000E+00  0.000   6.33
 A738       1.7515 0.06643   1.729 0.0000E+00  0.000   1.73
 A668       1.7538 0.04634   8.161 0.0000E+00  0.000   8.16
 A289       1.7607 0.05929   3.066 0.0000E+00  0.000   3.07
 A559       1.7618 0.06132   5.177 0.0000E+00  0.000   5.18
 A732       1.7640 0.02284   6.269 0.0000E+00  0.000   6.27
 A798       1.7644 0.04180   3.655 0.0000E+00  0.000   3.66
 A519       1.7666 0.03132   9.781 0.0000E+00  0.000   9.78
 A755       1.7668 0.05779   8.021 0.0000E+00  0.000   8.02
 A38        1.7678 0.06795   7.264 0.0000E+00  0.000   7.26
 A63        1.7687 0.08326  10.494 0.0000E+00  0.000  10.49
 A835       1.7694 0.11299   4.928 0.0000E+00  0.000   4.93
 A740       1.7698 0.10188   2.587 0.0000E+00  0.000   2.59
 A560       1.7725 0.05776   8.085 0.0000E+00  0.000   8.09
 A140       1.7788 0.17586   4.701 0.0000E+00  0.000   4.70
 A150       1.7830 0.17300   7.596 0.0000E+00  0.000   7.60
 A188       1.7858 0.04295   5.786 0.0000E+00  0.000   5.79
 A381       1.7933 0.07851   9.329 0.0000E+00  0.000   9.33
 A412       1.7984 0.06704   2.672 0.0000E+00  0.000   2.67
 A396       1.8002 0.03328   5.548 0.0000E+00  0.000   5.55
 A505       1.8019 0.11714   8.306 0.0000E+00  0.000   8.31
 A24        1.8020 0.10096   8.421 0.0000E+00  0.000   8.42
 A962       1.8035 0.11405   3.501 0.0000E+00  0.000   3.50
 A130       1.8037 0.08291   5.960 0.0000E+00  0.000   5.96
 A511       1.8041 0.14618   4.252 0.0000E+00  0.000   4.25
 A348       1.8049 0.10096  12.052 0.0000E+00  0.000  12.05
 A470       1.8053 0.05682   9.290 0.0000E+00  0.000   9.29
 A627       1.8056 0.06439  14.302 0.0000E+00  0.000  14.30
 A482       1.8147 0.06412  10.944 0.0000E+00  0.000  10.94
 A121       1.8168 0.08978   3.472 0.0000E+00  0.000   3.47
 A201       1.8182 0.03936   5.001 0.0000E+00  0.000   5.00
 A585       1.8184 0.07039   6.028 0.0000E+00  0.000   6.03
 A122       1.8199 0.14844   5.117 0.0000E+00  0.000   5.12
 A724       1.8200 0.07690   8.410 0.0000E+00  0.000   8.41
 A899       1.8205 0.04815   7.837 0.0000E+00  0.000   7.84
 A136       1.8211 0.03246   9.829 0.0000E+00  0.000   9.83
 A58        1.8217 0.17177   8.435 0.0000E+00  0.000   8.44
 A299       1.8221 0.04779   1.855 0.0000E+00  0.000   1.86
 A7         1.8234 0.09858   7.460 0.0000E+00  0.000   7.46
 A301       1.8258 0.12560   3.534 0.0000E+00  0.000   3.53
 A512       1.8264 0.05818  12.638 0.0000E+00  0.000  12.64
 A99        1.8274 0.12355   0.641 0.0000E+00  0.000   0.64
 A74        1.8281 0.05450  11.964 0.0000E+00  0.000  11.96
 A807       1.8300 0.05333   8.419 0.0000E+00  0.000   8.42
 A207       1.8310 0.03390  10.578 0.0000E+00  0.000  10.58
 A702       1.8310 0.06290   8.994 0.0000E+00  0.000   8.99
 A205       1.8353 0.10804   8.716 0.0000E+00  0.000   8.72
 A725       1.8363 0.04882   4.819 0.0000E+00  0.000   4.82
 A324       1.8371 0.05816  14.933 0.0000E+00  0.000  14.93
 A827       1.8373 0.00959  14.056 0.0000E+00  0.000  14.06
 A161       1.8380 0.06185   9.400 0.0000E+00  0.000   9.40
 A29        1.8413 0.12176   5.348 0.0000E+00  0.000   5.35
 A281       1.8418 0.27269  18.011 0.0000E+00  0.000  18.01
 A780       1.8433 0.14175   1.834 0.0000E+00  0.000   1.83
 A268       1.8440 0.07826   3.755 0.0000E+00  0.000   3.75
 A567       1.8532 0.20271   1.700 0.0000E+00  0.000   1.70
 A765       1.8549 0.03960   9.446 0.0000E+00  0.000   9.45
 A728       1.8557 0.20791  11.136 0.0000E+00  0.000  11.14
 A855       1.8562 0.11552  11.710 0.0000E+00  0.000  11.71
 A768       1.8591 0.13829   6.605 0.0000E+00  0.000   6.61
 A477       1.8602 0.08556   7.706 0.0000E+00  0.000   7.71
 A132       1.8613 0.09554   7.341 0.0000E+00  0.000   7.34
 A181       1.8620 0.09742   9.463 0.0000E+00  0.000   9.46
 A407       1.8636 0.12766  11.946 0.0000E+00  0.000  11.95
 A270       1.8637 0.17128   3.435 0.0000E+00  0.000   3.43
 A344       1.8680 0.11602  10.559 0.0000E+00  0.000  10.56
 A50        1.8700 0.07837   4.433 0.0000E+00  0.000   4.43
 A864       1.8720 0.08544   9.708 0.0000E+00  0.000   9.71
 A126       1.8727 0.03997   5.709 0.0000E+00  0.000   5.71
 A346       1.8776 0.08956  16.800 0.0000E+00  0.000  16.80
 A263       1.8778 0.05081   4.388 0.0000E+00  0.000   4.39
 A628       1.8789 0.09767   7.434 0.0000E+00  0.000   7.43
 A992       1.8798 0.05695  10.860 0.0000E+00  0.000  10.86
 A246       1.8804 0.14800   6.915 0.0000E+00  0.000   6.92
 A33        1.8819 0.08725   5.197 0.0000E+00  0.000   5.20
 A935       1.8843 0.11470   7.010 0.0000E+00  0.000   7.01
 A846       1.8844 0.18241   9.367 0.0000E+00  0.000   9.37
 A665       1.8928 0.03603   6.763 0.0000E+00  0.000   6.76
 A583       1.8958 0.09927  14.079 0.0000E+00  0.000  14.08
 A413       1.8963 0.07418  12.855 0.0000E+00  0.000  12.85
 A428       1.8974 0.01330   9.652 0.0000E+00  0.000   9.65
 A255       1.8978 0.04004   5.653 0.0000E+00  0.000   5.65
 A889       1.9049 0.15961  20.856 0.0000E+00  0.000  20.86
 A516       1.9055 0.76012  24.385 0.0000E+00  0.000  24.39
 A611       1.9078 0.08715  13.138 0.0000E+00  0.000  13.14
 A86        1.9082 0.23393  10.392 0.0000E+00  0.000  10.39
 A495       1.9092 0.09859  18.024 0.0000E+00  0.000  18.02
 A994       1.9260 0.10548  17.599 0.0000E+00  0.000  17.60
 A843       1.9262 0.08545  11.817 0.0000E+00  0.000  11.82
 A769       1.9266 0.18812   4.453 0.0000E+00  0.000   4.45
 A995       1.9282 0.07359  17.925 0.0000E+00  0.000  17.92
 A98        1.9299 0.09980  21.482 0.0000E+00  0.000  21.48
 A144       1.9317 0.10915  12.194 0.0000E+00  0.000  12.19
 A187       1.9319 0.05838  11.171 0.0000E+00  0.000  11.17
 A801       1.9331 0.17369  13.291 0.0000E+00  0.000  13.29
 A311       1.9369 0.18121   9.844 0.0000E+00  0.000   9.84
 A223       1.9374 0.13477  11.606 0.0000E+00  0.000  11.61
 A371       1.9381 0.22834  12.773 0.0000E+00  0.000  12.77
 A617       1.9461 0.16863  12.187 0.0000E+00  0.000  12.19
 A356       1.9463 0.04557  11.730 0.0000E+00  0.000  11.73
 A675       1.9482 0.13641  14.363 0.0000E+00  0.000  14.36
 A438       1.9485 0.09702  28.076 0.0000E+00  0.000  28.08
 A526       1.9522 0.05584  13.961 0.0000E+00  0.000  13.96
 A632       1.9546 0.14101  25.203 0.0000E+00  0.000  25.20
 A942       1.9567 0.20345  22.125 0.0000E+00  0.000  22.13
 A547       1.9622 0.37254  33.256 0.0000E+00  0.000  33.26
 A202       1.9653 0.22816  11.354 0.0000E+00  0.000  11.35
 A82        1.9659 0.05299  10.287 0.0000E+00  0.000  10.29
 A939       1.9680 0.13945  15.326 0.0000E+00  0.000  15.33
 A868       1.9688 0.05539  16.753 0.0000E+00  0.000  16.75
 A742       1.9728 0.25450  25.818 0.0000E+00  0.000  25.82
 A457       1.9770 0.08191  12.255 0.0000E+00  0.000  12.26
 A777       1.9811 0.11863  24.651 0.0000E+00  0.000  24.65
 A342       1.9813 0.19853  15.239 0.0000E+00  0.000  15.24
 A565       1.9828 0.19902  30.251 0.0000E+00  0.000  30.25
 A481       1.9999 0.04538  23.276 0.0000E+00  0.000  23.28
 A332       2.0018 0.28052  13.928 0.0000E+00  0.000  13.93
 A241       2.0266 0.11471  23.152 0.0000E+00  0.000  23.15
 A576       2.0327 0.23649  25.105 0.0000E+00  0.000  25.11
 A782       2.1365 0.26927   6.172 0.0000E+00  0.000   6.17
 A553       2.1436 0.19339   5.370 0.0000E+00  0.000   5.37
 A538       2.1518 0.14815   7.561 0.0000E+00  0.000   7.56
 A921       2.1634 0.15154   4.269 0.0000E+00  0.000   4.27
 A429       2.1657 0.10427   2.852 0.0000E+00  0.000   2.85
 A758       2.1684 0.29587   7.498 0.0000E+00  0.000   7.50
 A475       2.1707 0.14092   7.721 0.0000E+00  0.000   7.72
 A656       2.1742 0.16469   1.073 0.0000E+00  0.000   1.07
 A966       2.1744 0.39177   6.020 0.0000E+00  0.000   6.02
 A650       2.1750 0.23835   2.172 0.0000E+00  0.000   2.17
 A149       2.1793 0.17342   4.947 0.0000E+00  0.000   4.95
 A191       2.1865 0.09511   6.993 0.0000E+00  0.000   6.99
 A214       2.1902 0.23033   5.978 0.0000E+00  0.000   5.98
 A947       2.1965 0.22220   6.464 0.0000E+00  0.000   6.46
 A513       2.1966 0.20961   4.113 0.0000E+00  0.000   4.11
 A308       2.1974 0.11103   7.196 0.0000E+00  0.000   7.20
 A654       2.1975 0.15325   4.278 0.0000E+00  0.000   4.28
 A94        2.2004 0.16120   5.213 0.0000E+00  0.000   5.21
 A379       2.2039 0.20968   5.960 0.0000E+00  0.000   5.96
 A557       2.2047 0.19309   4.766 0.0000E+00  0.000   4.77
 A293       2.2105 0.14641   5.121 0.0000E+00  0.000   5.12
 A940       2.2105 0.34717  10.106 0.0000E+00  0.000  10.11
 A45        2.2129 0.19229   5.071 0.0000E+00  0.000   5.07
 A28        2.2188 0.12506   2.779 0.0000E+00  0.000   2.78
 A908       2.2221 0.16785   4.464 0.0000E+00  0.000   4.46
 A185       2.2238 0.07068   2.637 0.0000E+00  0.000   2.64
 A854       2.2270 0.11324   4.364 0.0000E+00  0.000   4.36
 A72        2.2273 0.11412   6.838 0.0000E+00  0.000   6.84
 A734       2.2300 0.02403   3.418 0.0000E+00  0.000   3.42
 A476       2.2335 0.11473  11.066 0.0000E+00  0.000  11.07
 A990       2.2527 0.07743   8.535 0.0000E+00  0.000   8.53
 A171       2.2564 0.16911   3.603 0.0000E+00  0.000   3.60
 A307       2.2584 0.05575   5.616 0.0000E+00  0.000   5.62
 A384       2.2621 0.06936   7.371 0.0000E+00  0.000   7.37
 A278       2.2644 0.16016   9.114 0.0000E+00  0.000   9.11
 A229       2.2648 0.15885   8.347 0.0000E+00  0.000   8.35
 A22        2.2650 0.19270   7.900 0.0000E+00  0.000   7.90
 A681       2.2651 0.21533   3.302 0.0000E+00  0.000   3.30
 A224       2.2663 0.10502   5.917 0.0000E+00  0.000   5.92
 A710       2.2665 0.12133   3.494 0.0000E+00  0.000   3.49
 A97        2.2728 0.09477  13.333 0.0000E+00  0.000  13.33
 A61        2.2731 0.06610   2.630 0.0000E+00  0.000   2.63
 A310       2.2950 0.12450   4.941 0.0000E+00  0.000   4.94
 A818       2.2959 0.09918   7.926 0.0000E+00  0.000   7.93
 A147       2.2962 0.10770   2.014 0.0000E+00  0.000   2.01
 A784       2.2966 0.18815   4.675 0.0000E+00  0.000   4.68
 A672       2.3004 0.07896   7.678 0.0000E+00  0.000   7.68
 A890       2.3024 0.00783   4.199 0.0000E+00  0.000   4.20
 A744       2.3026 0.20500  10.814 0.0000E+00  0.000  10.81
 A770       2.3060 0.08113   6.450 0.0000E+00  0.000   6.45
 A455       2.3127 0.16550  11.187 0.0000E+00  0.000  11.19
 A796       2.3135 0.05101   3.700 0.0000E+00  0.000   3.70
 A158       2.3160 0.12846   3.080 0.0000E+00  0.000   3.08
 A991       2.3170 0.16064  12.273 0.0000E+00  0.000  12.27
 A849       2.3204 0.11033   3.736 0.0000E+00  0.000   3.74
 A35        2.3207 0.16494  11.466 0.0000E+00  0.000  11.47
 A726       2.3209 0.09551  10.162 0.0000E+00  0.000  10.16
 A272       2.3252 0.04748   8.794 0.0000E+00  0.000   8.79
 A867       2.3266 0.14128  12.381 0.0000E+00  0.000  12.38
 A313       2.3323 0.17455   9.220 0.0000E+00  0.000   9.22
 A918       2.3393 0.07251   3.998 0.0000E+00  0.000   4.00
 A473       2.3394 0.07932   6.830 0.0000E+00  0.000   6.83
 A465       2.3401 0.19116   6.877 0.0000E+00  0.000   6.88
 A323       2.3469 0.09712   1.964 0.0000E+00  0.000   1.96
 A1000      2.3485 0.06971   3.789 0.0000E+00  0.000   3.79
 A436       2.3567 0.07634   6.722 0.0000E+00  0.000   6.72
 A165       2.3594 0.15422   4.873 0.0000E+00  0.000   4.87
 A174       2.3668 0.07769   4.961 0.0000E+00  0.000   4.96
 A902       2.3686 0.15273   6.660 0.0000E+00  0.000   6.66
 A790       2.3703 0.03922   2.337 0.0000E+00  0.000   2.34
 A127       2.3717 0.10434   6.451 0.0000E+00  0.000   6.45
 A375       2.3740 0.19616   0.597 0.0000E+00  0.000   0.60
 A257       2.3771 0.07160   2.095 0.0000E+00  0.000   2.09
 A605       2.3807 0.10819   3.407 0.0000E+00  0.000   3.41
 A748       2.3846 0.03181   7.672 0.0000E+00  0.000   7.67
 A641       2.3848 0.14008   1.943 0.0000E+00  0.000   1.94
 A858       2.3859 0.09059  13.363 0.0000E+00  0.000  13.36
 A530       2.3867 0.11698   5.754 0.0000E+00  0.000   5.75
 A321       2.3907 0.05775   6.548 0.0000E+00  0.000   6.55
 A20        2.3910 0.10828   5.353 0.0000E+00  0.000   5.35
 A696       2.3910 0.01662   5.439 0.0000E+00  0.000   5.44
 A48        2.3955 0.03482   5.004 0.0000E+00  0.000   5.00
 A93        2.4004 0.05305   2.939 0.0000E+00  0.000   2.94
 A156       2.4051 0.13646   3.447 0.0000E+00  0.000   3.45
 A101       2.4066 0.12847   9.890 0.0000E+00  0.000   9.89
 A967       2.4069 0.10320   8.727 0.0000E+00  0.000   8.73
 A444       2.4100 0.12578   2.667 0.0000E+00  0.000   2.67
 A695       2.4112 0.12388   5.865 0.0000E+00  0.000   5.87
 A895       2.4117 0.09680  12.850 0.0000E+00  0.000  12.85
 A345       2.4169 0.08179   6.635 0.0000E+00  0.000   6.63
 A159       2.4189 0.06862   2.684 0.0000E+00  0.000   2.68
 A876       2.4211 0.06928   3.542 0.0000E+00  0.000   3.54
 A821       2.4241 0.11150   4.103 0.0000E+00  0.000   4.10
 A67        2.4292 0.44949   5.456 0.0000E+00  0.000   5.46
 A998       2.4349 0.08548   2.619 0.0000E+00  0.000   2.62
 A776       2.4400 0.17674   1.317 0.0000E+00  0.000   1.32
 A831       2.4437 0.13367  10.975 0.0000E+00  0.000  10.98
 A953       2.4481 0.02389   4.034 0.0000E+00  0.000   4.03
 A943       2.4482 0.03436   7.577 0.0000E+00  0.000   7.58
 A172       2.4664 0.08057   8.938 0.0000E+00  0.000   8.94
 A442       2.4735 0.03242   2.049 0.0000E+00  0.000   2.05
 A701       2.4774 0.05465   8.629 0.0000E+00  0.000   8.63
 A388       2.4807 0.10310   1.974 0.0000E+00  0.000   1.97
 A112       2.4828 0.10843   8.742 0.0000E+00  0.000   8.74
 A337       2.4907 0.07251   2.352 0.0000E+00  0.000   2.35
 A791       2.4941 0.02802   7.961 0.0000E+00  0.000   7.96
 A599       2.5182 0.09560   1.319 0.0000E+00  0.000   1.32
 A367       2.5218 0.19170   2.224 0.0000E+00  0.000   2.22
 A102       2.5230 0.05628   3.899 0.0000E+00  0.000   3.90
 A424       2.5239 0.10522   8.236 0.0000E+00  0.000   8.24
 A975       2.5251 0.09918   4.557 0.0000E+00  0.000   4.56
 A651       2.5330 0.07710   2.102 0.0000E+00  0.000   2.10
 A236       2.5342 0.07501   1.456 0.0000E+00  0.000   1.46
 A287       2.5395 0.23345   5.024 0.0000E+00  0.000   5.02
 A705       2.5428 0.04444   7.000 0.0000E+00  0.000   7.00
 A468       2.5454 0.06942   3.867 0.0000E+00  0.000   3.87
 A374       2.5456 0.13665  11.566 0.0000E+00  0.000  11.57
 A352       2.5477 0.06783   8.759 0.0000E+00  0.000   8.76
 A922       2.5480 0.19726   3.298 0.0000E+00  0.000   3.30
 A861       2.5577 0.21739   0.592 0.0000E+00  0.000   0.59
 A89        2.5579 0.06365   9.065 0.0000E+00  0.000   9.06
 A690       2.5596 0.08335   4.702 0.0000E+00  0.000   4.70
 A42        2.5641 0.13388   6.436 0.0000E+00  0.000   6.44
 A11        2.5643 0.05098  10.329 0.0000E+00  0.000  10.33
 A596       2.5657 0.12588  12.922 0.0000E+00  0.000  12.92
 A706       2.5663 0.02652   2.928 0.0000E+00  0.000   2.93
 A222       2.5679 0.05497   5.664 0.0000E+00  0.000   5.66
 A806       2.5721 0.10293   7.079 0.0000E+00  0.000   7.08
 A167       2.5754 0.01980   7.773 0.0000E+00  0.000   7.77
 A851       2.5773 0.09271   3.866 0.0000E+00  0.000   3.87
 A331       2.5789 0.22429   3.046 0.0000E+00  0.000   3.05
 A844       2.5818 0.21828   4.998 0.0000E+00  0.000   5.00
 A666       2.5863 0.16309   5.143 0.0000E+00  0.000   5.14
 A688       2.5868 0.14144   4.393 0.0000E+00  0.000   4.39
 A239       2.5876 0.09306   6.841 0.0000E+00  0.000   6.84
 A31        2.5969 0.08816  10.792 0.0000E+00  0.000  10.79
 A175       2.5988 0.07400   3.082 0.0000E+00  0.000   3.08
 A276       2.6000 0.15472   1.423 0.0000E+00  0.000   1.42
 A431       2.6008 0.17992   1.921 0.0000E+00  0.000   1.92
 A422       2.6008 0.13793   5.241 0.0000E+00  0.000   5.24
 A284       2.6064 0.12894   2.228 0.0000E+00  0.000   2.23
 A256       2.6103 0.12723   9.395 0.0000E+00  0.000   9.40
 A609       2.6130 0.12778   5.426 0.0000E+00  0.000   5.43
 A896       2.6149 0.07822   7.790 0.0000E+00  0.000   7.79
 A450       2.6155 0.08553   5.170 0.0000E+00  0.000   5.17
 A141       2.6181 0.06390   0.686 0.0000E+00  0.000   0.69
 A213       2.6201 0.13258   7.113 0.0000E+00  0.000   7.11
 A662       2.6223 0.15414   1.536 0.0000E+00  0.000   1.54
 A135       2.6237 0.13760   7.036 0.0000E+00  0.000   7.04
 A661       2.6241 0.16207   2.768 0.0000E+00  0.000   2.77
 A454       2.6293 0.08986   9.271 0.0000E+00  0.000   9.27
 A891       2.6321 0.16661   8.316 0.0000E+00  0.000   8.32
 A338       2.6336 0.09517   5.640 0.0000E+00  0.000   5.64
 A184       2.6380 0.05283   5.610 0.0000E+00  0.000   5.61
 A372       2.6404 0.21044   3.446 0.0000E+00  0.000   3.45
 A204       2.6435 0.06718   7.526 0.0000E+00  0.000   7.53
 A386       2.6472 0.15167   4.118 0.0000E+00  0.000   4.12
 A925       2.6513 0.16605   0.903 0.0000E+00  0.000   0.90
 A872       2.6564 0.07482   1.914 0.0000E+00  0.000   1.91
 A853       2.6566 0.10978   2.186 0.0000E+00  0.000   2.19
 A968       2.6588 0.11467   5.620 0.0000E+00  0.000   5.62
 A6         2.6642 0.08602   6.794 0.0000E+00  0.000   6.79
 A718       2.6685 0.18366   4.969 0.0000E+00  0.000   4.97
 A938       2.6693 0.14838   2.881 0.0000E+00  0.000   2.88
 A489       2.6695 0.23665   5.531 0.0000E+00  0.000   5.53
 A957       2.6710 0.10516   4.060 0.0000E+00  0.000   4.06
 A887       2.6720 0.09810   9.924 0.0000E+00  0.000   9.92
 A715       2.6853 0.13678   1.143 0.0000E+00  0.000   1.14
 A709       2.6898 0.06412   2.127 0.0000E+00  0.000   2.13
 A730       2.6930 0.10472   3.227 0.0000E+00  0.000   3.23
 A630       2.6935 0.14616   3.745 0.0000E+00  0.000   3.74
 A471       2.6944 0.22979   5.878 0.0000E+00  0.000   5.88
 A39        2.6992 0.01326  10.938 0.0000E+00  0.000  10.94
 A100       2.7011 0.16988   8.579 0.0000E+00  0.000   8.58
 A911       2.7015 0.13635   4.089 0.0000E+00  0.000   4.09
 A360       2.7071 0.08466   2.177 0.0000E+00  0.000   2.18
 A4         2.7081 0.10771   4.171 0.0000E+00  0.000   4.17
 A499       2.7111 0.09051   2.392 0.0000E+00  0.000   2.39
 A963       2.7183 0.19955   6.532 0.0000E+00  0.000   6.53
 A833       2.7194 0.03491  10.183 0.0000E+00  0.000  10.18
 A815       2.7221 0.11767   3.643 0.0000E+00  0.000   3.64
 A303       2.7253 0.01043   3.642 0.0000E+00  0.000   3.64
 A934       2.7270 0.09568   1.746 0.0000E+00  0.000   1.75
 A316       2.7275 0.15243   8.207 0.0000E+00  0.000   8.21
 A682       2.7279 0.12849   3.875 0.0000E+00  0.000   3.87
 A409       2.7286 0.21522   5.253 0.0000E+00  0.000   5.25
 A552       2.7307 0.03894   6.046 0.0000E+00  0.000   6.05
 A917       2.7308 0.13279   5.561 0.0000E+00  0.000   5.56
 A208       2.7319 0.16857  11.812 0.0000E+00  0.000  11.81
 A300       2.7357 0.11635   8.949 0.0000E+00  0.000   8.95
 A451       2.7409 0.00875   9.347 0.0000E+00  0.000   9.35
 A694       2.7461 0.10796   1.964 0.0000E+00  0.000   1.96
 A624       2.7488 0.10557   7.130 0.0000E+00  0.000   7.13
 A760       2.7499 0.05848   1.469 0.0000E+00  0.000   1.47
 A87        2.7510 0.10108   7.997 0.0000E+00  0.000   8.00
 A243       2.7516 0.10805   7.877 0.0000E+00  0.000   7.88
 A747       2.7531 0.08291   3.573 0.0000E+00  0.000   3.57
 A312       2.7565 0.20727   9.143 0.0000E+00  0.000   9.14
 A735       2.7582 0.06294   5.940 0.0000E+00  0.000   5.94
 A336       2.7588 0.11746   4.341 0.0000E+00  0.000   4.34
 A800       2.7598 0.11553   2.325 0.0000E+00  0.000   2.32
 A37        2.7616 0.09919   4.044 0.0000E+00  0.000   4.04
 A2         2.7626 0.04298   1.231 0.0000E+00  0.000   1.23
 A294       2.7665 0.15954   6.551 0.0000E+00  0.000   6.55
 A365       2.7689 0.12340   9.922 0.0000E+00  0.000   9.92
 A393       2.7802 0.06134   6.542 0.0000E+00  0.000   6.54
 A19        2.7808 0.07947   8.410 0.0000E+00  0.000   8.41
 A432       2.7829 0.07226   2.071 0.0000E+00  0.000   2.07
 A838       2.7872 0.11086   4.147 0.0000E+00  0.000   4.15
 A339       2.7895 0.08727   1.712 0.0000E+00  0.000   1.71
 A648       2.7908 0.05135   6.341 0.0000E+00  0.000   6.34
 A233       2.7943 0.16262   5.721 0.0000E+00  0.000   5.72
 A120       2.7965 0.16499   9.735 0.0000E+00  0.000   9.74
 A237       2.7978 0.15147   3.527 0.0000E+00  0.000   3.53
 A812       2.8046 0.12796   3.490 0.0000E+00  0.000   3.49
 A764       2.8071 0.14051   7.905 0.0000E+00  0.000   7.90
 A163       2.8080 0.14872   1.596 0.0000E+00  0.000   1.60
 A826       2.8084 0.21110   2.185 0.0000E+00  0.000   2.18
 A629       2.8106 0.06822   1.798 0.0000E+00  0.000   1.80
 A586       2.8289 0.02109   4.684 0.0000E+00  0.000   4.68
 A574       2.8334 0.07713   4.261 0.0000E+00  0.000   4.26
 A403       2.8363 0.13709   2.504 0.0000E+00  0.000   2.50
 A888       2.8406 0.11655   3.843 0.0000E+00  0.000   3.84
 A196       2.8407 0.04617   4.368 0.0000E+00  0.000   4.37
 A353       2.8442 0.17113   7.945 0.0000E+00  0.000   7.94
 A762       2.8501 0.05345  11.010 0.0000E+00  0.000  11.01
 A340       2.8511 0.07316   6.283 0.0000E+00  0.000   6.28
 A426       2.8523 0.07050   7.675 0.0000E+00  0.000   7.68
 A507       2.8523 0.06902   1.442 0.0000E+00  0.000   1.44
 A620       2.8530 0.03766   1.394 0.0000E+00  0.000   1.39
 A528       2.8553 0.13347   6.460 0.0000E+00  0.000   6.46
 A763       2.8588 0.10233   3.302 0.0000E+00  0.000   3.30
 A850       2.8590 0.15228   0.718 0.0000E+00  0.000   0.72
 A600       2.8606 0.17793   2.834 0.0000E+00  0.000   2.83
 A881       2.8645 0.17312   5.584 0.0000E+00  0.000   5.58
 A483       2.8647 0.18928   5.260 0.0000E+00  0.000   5.26
 A912       2.8662 0.10854   7.979 0.0000E+00  0.000   7.98
 A984       2.8665 0.04735   3.901 0.0000E+00  0.000   3.90
 A320       2.8699 0.06030   7.739 0.0000E+00  0.000   7.74
 A177       2.8712 0.02823   1.435 0.0000E+00  0.000   1.44
 A612       2.8787 0.05468   7.270 0.0000E+00  0.000   7.27
 A540       2.8837 0.06906   7.978 0.0000E+00  0.000   7.98
 A754       2.8837 0.01927   2.924 0.0000E+00  0.000   2.92
 A330       2.8865 0.07996   6.073 0.0000E+00  0.000   6.07
 A382       2.8871 0.19101   2.372 0.0000E+00  0.000   2.37
 A794       2.8871 0.13301   8.990 0.0000E+00  0.000   8.99
 A737       2.8888 0.05585   2.389 0.0000E+00  0.000   2.39
 A669       2.8915 0.19203   1.445 0.0000E+00  0.000   1.44
 A679       2.8978 0.07559   6.191 0.0000E+00  0.000   6.19
 A885       2.9064 0.03578   6.783 0.0000E+00  0.000   6.78
 A727       2.9075 0.09683   6.015 0.0000E+00  0.000   6.02
 A830       2.9101 0.08242   0.363 0.0000E+00  0.000   0.36
 A333       2.9112 0.06528   9.259 0.0000E+00  0.000   9.26
 A478       2.9206 0.10632   2.836 0.0000E+00  0.000   2.84
 A484       2.9214 0.15029   5.319 0.0000E+00  0.000   5.32
 A785       2.9244 0.05562   2.240 0.0000E+00  0.000   2.24
 A359       2.9287 0.16806   5.988 0.0000E+00  0.000   5.99
 A659       2.9364 0.12569   6.678 0.0000E+00  0.000   6.68
 A77        2.9370 0.06769   9.120 0.0000E+00  0.000   9.12
 A193       2.9391 0.06374   3.359 0.0000E+00  0.000   3.36
 A49        2.9459 0.10100   5.061 0.0000E+00  0.000   5.06
 A143       2.9515 0.15187   5.756 0.0000E+00  0.000   5.76
 A347       2.9570 0.06852   3.792 0.0000E+00  0.000   3.79
 A459       2.9645 0.04231   1.738 0.0000E+00  0.000   1.74
 A176       2.9685 0.14880   5.718 0.0000E+00  0.000   5.72
 A931       2.9703 0.06285   4.688 0.0000E+00  0.000   4.69
 A21        2.9712 0.06704   5.210 0.0000E+00  0.000   5.21
 A59        2.9713 0.13126   6.461 0.0000E+00  0.000   6.46
 A869       2.9738 0.05604  10.858 0.0000E+00  0.000  10.86
 A986       2.9764 0.12734   4.238 0.0000E+00  0.000   4.24
 A720       2.9853 0.07401   3.714 0.0000E+00  0.000   3.71
 A501       2.9862 0.13629   1.882 0.0000E+00  0.000   1.88
 A118       2.9880 0.09900   9.461 0.0000E+00  0.000   9.46
 A115       2.9991 0.08056   1.380 0.0000E+00  0.000   1.38
 A410       3.0009 0.09092   4.003 0.0000E+00  0.000   4.00
 A462       3.0013 0.11483   1.150 0.0000E+00  0.000   1.15
 A408       3.0014 0.04959   3.648 0.0000E+00  0.000   3.65
 A182       3.0020 0.16139  10.930 0.0000E+00  0.000  10.93
 A23        3.0087 0.13237   0.658 0.0000E+00  0.000   0.66
 A235       3.0184 0.04461   8.092 0.0000E+00  0.000   8.09
 A527       3.0190 0.14592   2.115 0.0000E+00  0.000   2.12
 A464       3.0202 0.12664   0.745 0.0000E+00  0.000   0.74
 A282       3.0230 0.05115   1.467 0.0000E+00  0.000   1.47
 A897       3.0230 0.06240   8.681 0.0000E+00  0.000   8.68
 A640       3.0314 0.10200   4.223 0.0000E+00  0.000   4.22
 A590       3.0343 0.13061   3.155 0.0000E+00  0.000   3.15
 A1         3.0400 0.15790   4.248 0.0000E+00  0.000   4.25
 A883       3.0421 0.09994   7.471 0.0000E+00  0.000   7.47
 A240       3.0425 0.08333   5.887 0.0000E+00  0.000   5.89
 A646       3.0504 0.10321   3.601 0.0000E+00  0.000   3.60
 A385       3.0519 0.09406   3.000 0.0000E+00  0.000   3.00
 A712       3.0595 0.05504   5.703 0.0000E+00  0.000   5.70
 A397       3.0620 0.07811   1.899 0.0000E+00  0.000   1.90
 A416       3.0692 0.15196   4.807 0.0000E+00  0.000   4.81
 A804       3.0699 0.17960   4.762 0.0000E+00  0.000   4.76
 A76        3.0710 0.11129   5.289 0.0000E+00  0.000   5.29
 A550       3.0715 0.14248   6.776 0.0000E+00  0.000   6.78
 A54        3.0719 0.06574   2.454 0.0000E+00  0.000   2.45
 A722       3.0725 0.19268   9.364 0.0000E+00  0.000   9.36
 A539       3.0737 0.03685   3.888 0.0000E+00  0.000   3.89
 A248       3.0780 0.06698   7.896 0.0000E+00  0.000   7.90
 A692       3.0784 0.15566   6.861 0.0000E+00  0.000   6.86
 A252       3.0826 0.08704   1.932 0.0000E+00  0.000   1.93
 A123       3.0832 0.07582   2.304 0.0000E+00  0.000   2.30
 A420       3.0859 0.10189   2.798 0.0000E+00  0.000   2.80
 A566       3.0898 0.08664   8.515 0.0000E+00  0.000   8.51
 A689       3.0963 0.03431   2.367 0.0000E+00  0.000   2.37
 A996       3.1030 0.19125   3.650 0.0000E+00  0.000   3.65
 A106       3.1033 0.04019   4.876 0.0000E+00  0.000   4.88
 A893       3.1039 0.10646   6.574 0.0000E+00  0.000   6.57
 A391       3.1085 0.13773   2.218 0.0000E+00  0.000   2.22
 A456       3.1106 0.07183   4.547 0.0000E+00  0.000   4.55
 A71        3.1150 0.02252   5.152 0.0000E+00  0.000   5.15
 A68        3.1179 0.05140   6.921 0.0000E+00  0.000   6.92
 A218       3.1185 0.07974   5.146 0.0000E+00  0.000   5.15
 A250       3.1206 0.02781   3.364 0.0000E+00  0.000   3.36
 A194       3.1222 0.17386   9.669 0.0000E+00  0.000   9.67
 A78        3.1272 0.11173   8.026 0.0000E+00  0.000   8.03
 A335       3.1290 0.07876   7.477 0.0000E+00  0.000   7.48
 A653       3.1318 0.02998   6.655 0.0000E+00  0.000   6.65
 A16        3.1337 0.11774   5.033 0.0000E+00  0.000   5.03
 A247       3.1349 0.12671   1.179 0.0000E+00  0.000   1.18
 A133       3.1385 0.07768   9.155 0.0000E+00  0.000   9.15
 A244       3.1420 0.09147   6.423 0.0000E+00  0.000   6.42
 A589       3.1469 0.02976   6.730 0.0000E+00  0.000   6.73
 A674       3.1545 0.14130   7.844 0.0000E+00  0.000   7.84
 A279       3.1555 0.04959   8.000 0.0000E+00  0.000   8.00
 A103       3.1633 0.10308   2.026 0.0000E+00  0.000   2.03
 A766       3.1683 0.07503   8.218 0.0000E+00  0.000   8.22
 A711       3.1684 0.05019   7.269 0.0000E+00  0.000   7.27
 A305       3.1712 0.12613   8.905 0.0000E+00  0.000   8.91
 A819       3.1714 0.04404   1.713 0.0000E+00  0.000   1.71
 A592       3.1717 0.04586   4.583 0.0000E+00  0.000   4.58
 A877       3.1741 0.08147   6.664 0.0000E+00  0.000   6.66
 A40        3.1747 0.11628   7.379 0.0000E+00  0.000   7.38
 A949       3.1781 0.05817   5.734 0.0000E+00  0.000   5.73
 A401       3.1812 0.08154   6.315 0.0000E+00  0.000   6.32
 A707       3.1825 0.15002   1.149 0.0000E+00  0.000   1.15
 A480       3.1853 0.16404   5.507 0.0000E+00  0.000   5.51
 A546       3.1860 0.04979   6.497 0.0000E+00  0.000   6.50
 A959       3.1887 0.05607   3.259 0.0000E+00  0.000   3.26
 A716       3.1911 0.09698   6.737 0.0000E+00  0.000   6.74
 A898       3.1948 0.02441   4.860 0.0000E+00  0.000   4.86
 A834       3.1961 0.07415   0.901 0.0000E+00  0.000   0.90
 A930       3.1978 0.17735   7.882 0.0000E+00  0.000   7.88
 A195       3.2024 0.06839   8.187 0.0000E+00  0.000   8.19
 A657       3.2050 0.14176   2.959 0.0000E+00  0.000   2.96
 A298       3.2083 0.14664   4.542 0.0000E+00  0.000   4.54
 A326       3.2083 0.07137   1.641 0.0000E+00  0.000   1.64
 A825       3.2172 0.11830   9.015 0.0000E+00  0.000   9.01
 A572       3.2175 0.13367   1.677 0.0000E+00  0.000   1.68
 A60        3.2191 0.09402   6.253 0.0000E+00  0.000   6.25
 A700       3.2215 0.11724   3.163 0.0000E+00  0.000   3.16
 A563       3.2241 0.03228   2.157 0.0000E+00  0.000   2.16
 A832       3.2261 0.06639   8.848 0.0000E+00  0.000   8.85
 A626       3.2366 0.05523   6.234 0.0000E+00  0.000   6.23
 A551       3.2495 0.07690   7.555 0.0000E+00  0.000   7.55
 A676       3.2762 0.10199   3.618 0.0000E+00  0.000   3.62
 A209       3.3133 0.10284   3.826 0.0000E+00  0.000   3.83
 A363       3.3212 0.10878   3.578 0.0000E+00  0.000   3.58
 A684       3.3256 0.10941   2.502 0.0000E+00  0.000   2.50
 A680       3.3262 0.07474   4.053 0.0000E+00  0.000   4.05
 A357       3.3313 0.12832   7.599 0.0000E+00  0.000   7.60
 A808       3.3335 0.04313   1.797 0.0000E+00  0.000   1.80
 A520       3.3354 0.16330   5.982 0.0000E+00  0.000   5.98
 A621       3.3419 0.14072   2.708 0.0000E+00  0.000   2.71
 A231       3.3438 0.13172   9.873 0.0000E+00  0.000   9.87
 A643       3.3461 0.10642   7.422 0.0000E+00  0.000   7.42
 A262       3.3472 0.20241   2.106 0.0000E+00  0.000   2.11
 A271       3.3476 0.13429   8.237 0.0000E+00  0.000   8.24
 A929       3.3499 0.06585   4.362 0.0000E+00  0.000   4.36
 A616       3.3529 0.05016   1.243 0.0000E+00  0.000   1.24
 A759       3.3546 0.04019   4.493 0.0000E+00  0.000   4.49
 A370       3.3618 0.20287   5.899 0.0000E+00  0.000   5.90
 A997       3.3679 0.11001  10.119 0.0000E+00  0.000  10.12
 A781       3.3691 0.07333   8.193 0.0000E+00  0.000   8.19
 A376       3.3722 0.05992   2.519 0.0000E+00  0.000   2.52
 A598       3.3745 0.03387   7.057 0.0000E+00  0.000   7.06
 A524       3.3850 0.04149   3.281 0.0000E+00  0.000   3.28
 A128       3.3858 0.09640   3.115 0.0000E+00  0.000   3.12
 A914       3.3870 0.10749   9.142 0.0000E+00  0.000   9.14
 A597       3.3916 0.03053   3.129 0.0000E+00  0.000   3.13
 A137       3.3932 0.12949   6.040 0.0000E+00  0.000   6.04
 A53        3.3959 0.10202   1.187 0.0000E+00  0.000   1.19
 A542       3.3971 0.07711   4.046 0.0000E+00  0.000   4.05
 A131       3.3993 0.20998   2.854 0.0000E+00  0.000   2.85
 A805       3.4002 0.11583   6.612 0.0000E+00  0.000   6.61
 A66        3.4002 0.01081   6.398 0.0000E+00  0.000   6.40
 A160       3.4035 0.05155   5.639 0.0000E+00  0.000   5.64
 A573       3.4108 0.09087   2.528 0.0000E+00  0.000   2.53
 A568       3.4121 0.17006   0.266 0.0000E+00  0.000   0.27
 A697       3.4179 0.05051   8.107 0.0000E+00  0.000   8.11
 A154       3.4228 0.08576   4.871 0.0000E+00  0.000   4.87
 A813       3.4252 0.11686   7.247 0.0000E+00  0.000   7.25
 A741       3.4260 0.12800   7.573 0.0000E+00  0.000   7.57
 A27        3.4274 0.10561   9.209 0.0000E+00  0.000   9.21
 A569       3.4276 0.10653  10.345 0.0000E+00  0.000  10.34
 A458       3.4284 0.13179   3.669 0.0000E+00  0.000   3.67
 A57        3.4300 0.03718   5.782 0.0000E+00  0.000   5.78
 A778       3.4305 0.01625   6.112 0.0000E+00  0.000   6.11
 A460       3.4323 0.15242   1.927 0.0000E+00  0.000   1.93
 A166       3.4349 0.03904   0.906 0.0000E+00  0.000   0.91
 A708       3.4362 0.10306   3.976 0.0000E+00  0.000   3.98
 A463       3.4426 0.13704   7.339 0.0000E+00  0.000   7.34
 A558       3.4456 0.14271   3.798 0.0000E+00  0.000   3.80
 A623       3.4477 0.22959   6.110 0.0000E+00  0.000   6.11
 A322       3.4565 0.05093   8.324 0.0000E+00  0.000   8.32
 A873       3.4581 0.15920   6.559 0.0000E+00  0.000   6.56
 A523       3.4610 0.09761   0.072 0.0000E+00  0.000   0.07
 A502       3.4637 0.19126   3.609 0.0000E+00  0.000   3.61
 A75        3.4663 0.02236   8.474 0.0000E+00  0.000   8.47
 A3         3.4741 0.08786  10.514 0.0000E+00  0.000  10.51
 A970       3.4762 0.05445   3.177 0.0000E+00  0.000   3.18
 A645       3.4803 0.13842   7.739 0.0000E+00  0.000   7.74
 A981       3.4846 0.15391   9.143 0.0000E+00  0.000   9.14
 A260       3.4913 0.02594   1.459 0.0000E+00  0.000   1.46
 A452       3.4944 0.09673   3.461 0.0000E+00  0.000   3.46
 A415       3.5005 0.15274   5.434 0.0000E+00  0.000   5.43
 A110       3.5040 0.12066   1.647 0.0000E+00  0.000   1.65
 A789       3.5070 0.12782   3.204 0.0000E+00  0.000   3.20
 A945       3.5302 0.10924   6.846 0.0000E+00  0.000   6.85
 A882       3.5314 0.11334   5.030 0.0000E+00  0.000   5.03
 A245       3.5434 0.06519   4.793 0.0000E+00  0.000   4.79
 A531       3.5502 0.08435   1.952 0.0000E+00  0.000   1.95
 A274       3.5523 0.16742   1.028 0.0000E+00  0.000   1.03
 A433       3.5542 0.08681   1.611 0.0000E+00  0.000   1.61
 A453       3.5566 0.04177   3.780 0.0000E+00  0.000   3.78
 A829       3.5592 0.12486   3.742 0.0000E+00  0.000   3.74
 A220       3.6023 0.15489   3.268 0.0000E+00  0.000   3.27
 A500       3.6065 0.11400   6.962 0.0000E+00  0.000   6.96
 A894       3.6218 0.10323   8.620 0.0000E+00  0.000   8.62
 A955       3.6278 0.07529   4.597 0.0000E+00  0.000   4.60
 A402       3.6295 0.13168   3.547 0.0000E+00  0.000   3.55
 A417       3.6317 0.13346  10.775 0.0000E+00  0.000  10.78
 A932       3.6321 0.14823   2.944 0.0000E+00  0.000   2.94
 A52        3.6389 0.10467   3.585 0.0000E+00  0.000   3.58
 A580       3.6416 0.03334   4.539 0.0000E+00  0.000   4.54
 A219       3.6436 0.15717   6.450 0.0000E+00  0.000   6.45
 A124       3.6463 0.02580   1.634 0.0000E+00  0.000   1.63
 A435       3.6512 0.03611   5.503 0.0000E+00  0.000   5.50
 A291       3.6545 0.09606   8.277 0.0000E+00  0.000   8.28
 A434       3.6633 0.16634   4.399 0.0000E+00  0.000   4.40
 A927       3.6674 0.12384   0.792 0.0000E+00  0.000   0.79
 A242       3.7421 0.06131   8.261 0.0000E+00  0.000   8.26
 A622       3.7492 0.06018   1.946 0.0000E+00  0.000   1.95
 A383       3.7629 0.15901   2.296 0.0000E+00  0.000   2.30
 A183       3.7642 0.10089   3.769 0.0000E+00  0.000   3.77
 A863       3.8798 0.14160   2.929 0.0000E+00  0.000   2.93
 A125       3.9013 0.26450   2.807 0.0000E+00  0.000   2.81
 A904       3.9252 0.09800   1.557 0.0000E+00  0.000   1.56
 A614       3.9301 0.17646   3.913 0.0000E+00  0.000   3.91
 A810       3.9316 0.10650   7.223 0.0000E+00  0.000   7.22
 A198       3.9707 0.22327   1.373 0.0000E+00  0.000   1.37
 A392       3.9740 0.22661   7.334 0.0000E+00  0.000   7.33
 A5         3.9823 0.14781   7.672 0.0000E+00  0.000   7.67
 A783       3.9829 0.12862   9.188 0.0000E+00  0.000   9.19
 A719       3.9846 0.30211   4.974 0.0000E+00  0.000   4.97
 A212       3.9975 0.12527   8.521 0.0000E+00  0.000   8.52
 A761       4.0068 0.21718   2.672 0.0000E+00  0.000   2.67
 A913       4.0143 0.08514   1.108 0.0000E+00  0.000   1.11
 A30        4.0224 0.17710   1.626 0.0000E+00  0.000   1.63
 JUPITER    5.2030 0.07277   1.274 9.5479E-04  0.000   1.27
 SATURN     9.5264 0.11534   1.523 2.8589E-04  0.000   1.52
 A972      16.3103 0.19795  12.074 0.0000E+00  0.000  12.07
 A200      24.0340 0.40028  11.948 0.0000E+00  0.000  11.95
