 EARTHMOO   1.0000 0.07978   1.063 9.1213E-06  0.000   1.06
 A714       1.4771 0.51250   6.619 0.0000E+00  0.000   6.62
 A430       1.4999 0.05325   2.808 0.0000E+00  0.000   2.81
 A900       1.5009 0.09674   3.578 0.0000E+00  0.000   3.58
 A591       1.5052 0.03348   8.506 0.0000E+00  0.000   8.51
 A534       1.5118 0.05702   7.839 0.0000E+00  0.000   7.84
 A288       1.5167 0.03910   3.528 0.0000E+00  0.000   3.53
 A926       1.5205 0.11964   5.720 0.0000E+00  0.000   5.72
 A79        1.5215 0.07226  11.821 0.0000E+00  0.000  11.82
 A83        1.5227 0.08566   2.369 0.0000E+00  0.000   2.37
 A487       1.5244 0.10150   5.294 0.0000E+00  0.000   5.29
 A729       1.5277 0.08492   6.378 0.0000E+00  0.000   6.38
 A51        1.5321 0.04998   5.651 0.0000E+00  0.000   5.65
 A277       1.5342 0.06519   7.876 0.0000E+00  0.000   7.88
 A950       1.5455 0.06167   2.634 0.0000E+00  0.000   2.63
 A41        1.5455 0.10636   3.741 0.0000E+00  0.000   3.74
 A771       1.5458 0.07561   8.046 0.0000E+00  0.000   8.05
 A816       1.5484 0.04297   4.912 0.0000E+00  0.000   4.91
 A44        1.5505 0.09722   6.550 0.0000E+00  0.000   6.55
 A421       1.5529 0.07072   3.462 0.0000E+00  0.000   3.46
 A498       1.5538 0.05297   0.990 0.0000E+00  0.000   0.99
 A687       1.5543 0.09596   6.850 0.0000E+00  0.000   6.85
 A532       1.5575 0.01922  11.013 0.0000E+00  0.000  11.01
 A395       1.5586 0.12528   5.408 0.0000E+00  0.000   5.41
 A178       1.5625 0.06023   3.135 0.0000E+00  0.000   3.14
 A536       1.5626 0.04397   2.563 0.0000E+00  0.000   2.56
 A973       1.5677 0.09757   9.972 0.0000E+00  0.000   9.97
 A862       1.5719 0.08349   1.514 0.0000E+00  0.000   1.51
 A901       1.5747 0.02824   6.133 0.0000E+00  0.000   6.13
 A485       1.5752 0.11039   4.333 0.0000E+00  0.000   4.33
 A406       1.5765 0.02379   6.229 0.0000E+00  0.000   6.23
 A978       1.5776 0.01403   9.632 0.0000E+00  0.000   9.63
 A857       1.5787 0.08634   3.085 0.0000E+00  0.000   3.09
 A290       1.5807 0.01938   9.291 0.0000E+00  0.000   9.29
 A85        1.5853 0.10021   6.139 0.0000E+00  0.000   6.14
 A504       1.5853 0.30599  14.075 0.0000E+00  0.000  14.08
 A516       1.5906 0.11627  11.028 0.0000E+00  0.000  11.03
 A673       1.5911 0.08051   8.254 0.0000E+00  0.000   8.25
 A541       1.5916 0.02923   7.386 0.0000E+00  0.000   7.39
 A510       1.5936 0.07979   8.661 0.0000E+00  0.000   8.66
 A225       1.5946 0.04293   8.937 0.0000E+00  0.000   8.94
 A625       1.6001 0.04521   3.455 0.0000E+00  0.000   3.45
 A634       1.6030 0.03615  10.983 0.0000E+00  0.000  10.98
 A142       1.6054 0.03926   6.279 0.0000E+00  0.000   6.28
 A47        1.6057 0.02519   5.027 0.0000E+00  0.000   5.03
 A509       1.6078 0.51371  11.567 0.0000E+00  0.000  11.57
 A903       1.6107 0.06156   0.936 0.0000E+00  0.000   0.94
 A116       1.6124 0.03396   4.836 0.0000E+00  0.000   4.84
 A792       1.6197 0.12369   5.884 0.0000E+00  0.000   5.88
 A497       1.6217 0.10328   8.452 0.0000E+00  0.000   8.45
 A746       1.6287 0.04105   6.448 0.0000E+00  0.000   6.45
 A405       1.6293 0.04523   9.263 0.0000E+00  0.000   9.26
 A34        1.6346 0.03189   8.785 0.0000E+00  0.000   8.78
 A427       1.6365 0.08870   6.088 0.0000E+00  0.000   6.09
 A341       1.6367 0.04839  10.017 0.0000E+00  0.000  10.02
 A95        1.6376 0.08817   5.339 0.0000E+00  0.000   5.34
 A841       1.6397 0.09740   9.791 0.0000E+00  0.000   9.79
 A602       1.6421 0.05040   8.208 0.0000E+00  0.000   8.21
 A380       1.6438 0.11770   5.488 0.0000E+00  0.000   5.49
 A517       1.6444 0.10894   9.405 0.0000E+00  0.000   9.40
 A14        1.6447 0.02495   3.279 0.0000E+00  0.000   3.28
 A297       1.6478 0.04625   6.357 0.0000E+00  0.000   6.36
 A751       1.6507 0.07437   7.451 0.0000E+00  0.000   7.45
 A556       1.6512 0.08410   8.125 0.0000E+00  0.000   8.12
 A447       1.6513 0.08594   6.201 0.0000E+00  0.000   6.20
 A62        1.6524 0.07034   7.792 0.0000E+00  0.000   7.79
 A315       1.6528 0.08395   5.183 0.0000E+00  0.000   5.18
 A773       1.6530 0.44465  10.143 0.0000E+00  0.000  10.14
 A880       1.6554 0.02091   4.426 0.0000E+00  0.000   4.43
 A362       1.6574 0.07283   3.311 0.0000E+00  0.000   3.31
 A878       1.6581 0.03182   8.574 0.0000E+00  0.000   8.57
 A639       1.6582 0.06759   2.599 0.0000E+00  0.000   2.60
 A84        1.6596 0.09632   6.567 0.0000E+00  0.000   6.57
 A351       1.6601 0.09148   7.820 0.0000E+00  0.000   7.82
 A703       1.6604 0.05461   4.022 0.0000E+00  0.000   4.02
 A615       1.6624 0.05825   3.276 0.0000E+00  0.000   3.28
 A145       1.6703 0.05519   4.631 0.0000E+00  0.000   4.63
 A852       1.6733 0.02088   7.652 0.0000E+00  0.000   7.65
 A343       1.6799 0.05623  10.149 0.0000E+00  0.000  10.15
 A488       1.6820 0.07259   5.678 0.0000E+00  0.000   5.68
 A399       1.6834 0.09791   2.462 0.0000E+00  0.000   2.46
 A216       1.6849 0.07394   0.435 0.0000E+00  0.000   0.43
 A189       1.6888 0.03370   9.052 0.0000E+00  0.000   9.05
 A618       1.6918 0.04728   8.363 0.0000E+00  0.000   8.36
 A306       1.6941 0.04240   3.952 0.0000E+00  0.000   3.95
 A721       1.6964 0.07526   8.049 0.0000E+00  0.000   8.05
 A636       1.6981 0.02654   5.960 0.0000E+00  0.000   5.96
 A314       1.7002 0.45241  16.452 0.0000E+00  0.000  16.45
 A731       1.7062 0.09942   5.804 0.0000E+00  0.000   5.80
 A448       1.7121 0.06940   2.388 0.0000E+00  0.000   2.39
 A358       1.7124 0.01880   2.713 0.0000E+00  0.000   2.71
 A554       1.7187 0.08948   8.395 0.0000E+00  0.000   8.39
 A17        1.7215 0.05933   6.120 0.0000E+00  0.000   6.12
 A613       1.7217 0.41455  12.232 0.0000E+00  0.000  12.23
 A283       1.7249 0.02947   7.956 0.0000E+00  0.000   7.96
 A18        1.7250 0.03548   0.783 0.0000E+00  0.000   0.78
 A980       1.7266 0.02505   3.624 0.0000E+00  0.000   3.62
 A515       1.7271 0.01033   4.924 0.0000E+00  0.000   4.92
 A944       1.7310 0.06928   2.851 0.0000E+00  0.000   2.85
 A820       1.7345 0.41366  10.811 0.0000E+00  0.000  10.81
 A866       1.7365 0.01520   9.337 0.0000E+00  0.000   9.34
 A603       1.7413 0.05797   6.568 0.0000E+00  0.000   6.57
 A581       1.7439 0.05092   8.210 0.0000E+00  0.000   8.21
 A671       1.7442 0.05457   5.644 0.0000E+00  0.000   5.64
 A119       1.7451 0.07092   5.908 0.0000E+00  0.000   5.91
 A961       1.7473 0.10788   3.692 0.0000E+00  0.000   3.69
 A575       1.7478 0.06632   4.032 0.0000E+00  0.000   4.03
 A969       1.7495 0.04926   4.858 0.0000E+00  0.000   4.86
 A738       1.7516 0.04008   3.344 0.0000E+00  0.000   3.34
 A668       1.7537 0.03522  11.695 0.0000E+00  0.000  11.69
 A289       1.7606 0.09671   7.448 0.0000E+00  0.000   7.45
 A559       1.7620 0.06549   7.311 0.0000E+00  0.000   7.31
 A732       1.7639 0.03123   4.529 0.0000E+00  0.000   4.53
 A798       1.7645 0.05452   7.327 0.0000E+00  0.000   7.33
 A519       1.7666 0.04951   7.046 0.0000E+00  0.000   7.05
 A755       1.7669 0.10755   7.718 0.0000E+00  0.000   7.72
 A38        1.7678 0.09224   7.629 0.0000E+00  0.000   7.63
 A63        1.7688 0.06865   9.901 0.0000E+00  0.000   9.90
 A835       1.7695 0.06024   8.424 0.0000E+00  0.000   8.42
 A740       1.7697 0.14681   4.290 0.0000E+00  0.000   4.29
 A560       1.7724 0.02547   7.418 0.0000E+00  0.000   7.42
 A140       1.7781 0.04552   2.761 0.0000E+00  0.000   2.76
 A150       1.7830 0.12620   2.396 0.0000E+00  0.000   2.40
 A188       1.7859 0.05296   7.167 0.0000E+00  0.000   7.17
 A381       1.7934 0.11216   8.061 0.0000E+00  0.000   8.06
 A412       1.7986 0.12590   3.276 0.0000E+00  0.000   3.28
 A396       1.8003 0.07876   4.779 0.0000E+00  0.000   4.78
 A24        1.8018 0.03600  10.220 0.0000E+00  0.000  10.22
 A505       1.8021 0.06533   2.669 0.0000E+00  0.000   2.67
 A130       1.8034 0.03215   2.906 0.0000E+00  0.000   2.91
 A962       1.8036 0.07113   5.329 0.0000E+00  0.000   5.33
 A511       1.8040 0.07260   4.868 0.0000E+00  0.000   4.87
 A470       1.8051 0.06806  12.757 0.0000E+00  0.000  12.76
 A348       1.8052 0.05131  12.829 0.0000E+00  0.000  12.83
 A627       1.8056 0.05327  13.140 0.0000E+00  0.000  13.14
 A482       1.8146 0.04141  13.098 0.0000E+00  0.000  13.10
 A121       1.8167 0.04479   6.410 0.0000E+00  0.000   6.41
 A201       1.8182 0.04167  10.344 0.0000E+00  0.000  10.34
 A585       1.8183 0.07011   1.539 0.0000E+00  0.000   1.54
 A122       1.8199 0.09438  11.187 0.0000E+00  0.000  11.19
 A724       1.8201 0.02843   2.828 0.0000E+00  0.000   2.83
 A899       1.8206 0.03272   1.991 0.0000E+00  0.000   1.99
 A136       1.8209 0.02800   6.445 0.0000E+00  0.000   6.44
 A58        1.8212 0.10392   5.541 0.0000E+00  0.000   5.54
 A299       1.8222 0.06504   5.138 0.0000E+00  0.000   5.14
 A7         1.8232 0.05443   2.837 0.0000E+00  0.000   2.84
 A301       1.8257 0.02899   5.828 0.0000E+00  0.000   5.83
 A512       1.8265 0.05033  14.366 0.0000E+00  0.000  14.37
 A99        1.8276 0.03596   7.281 0.0000E+00  0.000   7.28
 A74        1.8282 0.06479   6.195 0.0000E+00  0.000   6.20
 A328       1.8287 0.43682  15.139 0.0000E+00  0.000  15.14
 A807       1.8302 0.00589   2.663 0.0000E+00  0.000   2.66
 A702       1.8310 0.10585   6.031 0.0000E+00  0.000   6.03
 A207       1.8311 0.01400  13.978 0.0000E+00  0.000  13.98
 A205       1.8354 0.08527   1.974 0.0000E+00  0.000   1.97
 A725       1.8363 0.01666   9.010 0.0000E+00  0.000   9.01
 A324       1.8369 0.09715   9.908 0.0000E+00  0.000   9.91
 A827       1.8370 0.05804  13.161 0.0000E+00  0.000  13.16
 A161       1.8379 0.03094  12.556 0.0000E+00  0.000  12.56
 A29        1.8408 0.03076   8.285 0.0000E+00  0.000   8.29
 A780       1.8414 0.04390   3.809 0.0000E+00  0.000   3.81
 A281       1.8430 0.18789  13.566 0.0000E+00  0.000  13.57
 A268       1.8440 0.03004   8.201 0.0000E+00  0.000   8.20
 A461       1.8500 0.58086   9.748 0.0000E+00  0.000   9.75
 A567       1.8531 0.14352   1.959 0.0000E+00  0.000   1.96
 A765       1.8548 0.05088   7.298 0.0000E+00  0.000   7.30
 A728       1.8557 0.09123   8.406 0.0000E+00  0.000   8.41
 A855       1.8563 0.08033  11.007 0.0000E+00  0.000  11.01
 A768       1.8588 0.10704   3.887 0.0000E+00  0.000   3.89
 A477       1.8601 0.04736  10.719 0.0000E+00  0.000  10.72
 A132       1.8612 0.07859  10.282 0.0000E+00  0.000  10.28
 A181       1.8619 0.05770   9.777 0.0000E+00  0.000   9.78
 A407       1.8635 0.06129   8.333 0.0000E+00  0.000   8.33
 A270       1.8637 0.06991   4.728 0.0000E+00  0.000   4.73
 A344       1.8680 0.08096  10.476 0.0000E+00  0.000  10.48
 A50        1.8698 0.04743   8.224 0.0000E+00  0.000   8.22
 A864       1.8719 0.07007  14.989 0.0000E+00  0.000  14.99
 A126       1.8725 0.05626   1.850 0.0000E+00  0.000   1.85
 A486       1.8756 0.35229  47.112 0.0000E+00  0.000  47.11
 A346       1.8775 0.04668  10.410 0.0000E+00  0.000  10.41
 A263       1.8780 0.02160   3.126 0.0000E+00  0.000   3.13
 A628       1.8789 0.00768   9.526 0.0000E+00  0.000   9.53
 A992       1.8797 0.10707  13.714 0.0000E+00  0.000  13.71
 A246       1.8807 0.08836   2.057 0.0000E+00  0.000   2.06
 A33        1.8817 0.10276  13.975 0.0000E+00  0.000  13.97
 A935       1.8841 0.02884   8.736 0.0000E+00  0.000   8.74
 A846       1.8845 0.06294   3.507 0.0000E+00  0.000   3.51
 A786       1.8845 0.46051   5.153 0.0000E+00  0.000   5.15
 A665       1.8927 0.06784   5.227 0.0000E+00  0.000   5.23
 A583       1.8961 0.07885  14.846 0.0000E+00  0.000  14.85
 A413       1.8964 0.01982  13.692 0.0000E+00  0.000  13.69
 A428       1.8975 0.06297   7.259 0.0000E+00  0.000   7.26
 A255       1.8977 0.06327  11.394 0.0000E+00  0.000  11.39
 A889       1.9051 0.05649   4.299 0.0000E+00  0.000   4.30
 A611       1.9081 0.04182   8.752 0.0000E+00  0.000   8.75
 A86        1.9084 0.05009   5.092 0.0000E+00  0.000   5.09
 A495       1.9088 0.09966  12.966 0.0000E+00  0.000  12.97
 A12        1.9171 0.46942   8.473 0.0000E+00  0.000   8.47
 A685       1.9224 0.69479  13.500 0.0000E+00  0.000  13.50
 A994       1.9256 0.07855   7.686 0.0000E+00  0.000   7.69
 A843       1.9261 0.03845   5.462 0.0000E+00  0.000   5.46
 A769       1.9266 0.09711   9.911 0.0000E+00  0.000   9.91
 A995       1.9283 0.07505  14.876 0.0000E+00  0.000  14.88
 A98        1.9301 0.20291  21.622 0.0000E+00  0.000  21.62
 A187       1.9318 0.02393  18.257 0.0000E+00  0.000  18.26
 A144       1.9318 0.15359  18.403 0.0000E+00  0.000  18.40
 A801       1.9328 0.14616  15.356 0.0000E+00  0.000  15.36
 A311       1.9370 0.06773   0.267 0.0000E+00  0.000   0.27
 A223       1.9375 0.04159   7.212 0.0000E+00  0.000   7.21
 A371       1.9382 0.06118   4.650 0.0000E+00  0.000   4.65
 A617       1.9460 0.19199  24.295 0.0000E+00  0.000  24.30
 A356       1.9462 0.15976  19.192 0.0000E+00  0.000  19.19
 A675       1.9482 0.05913   7.996 0.0000E+00  0.000   8.00
 A438       1.9486 0.08689   9.841 0.0000E+00  0.000   9.84
 A526       1.9520 0.14513  19.289 0.0000E+00  0.000  19.29
 A632       1.9549 0.10065   9.109 0.0000E+00  0.000   9.11
 A942       1.9569 0.13617  19.949 0.0000E+00  0.000  19.95
 A547       1.9635 0.22383  28.207 0.0000E+00  0.000  28.21
 A202       1.9647 0.17844   2.096 0.0000E+00  0.000   2.10
 A82        1.9658 0.11554  27.650 0.0000E+00  0.000  27.65
 A584       1.9666 0.56459   8.839 0.0000E+00  0.000   8.84
 A939       1.9681 0.09895  11.449 0.0000E+00  0.000  11.45
 A868       1.9692 0.11488   8.990 0.0000E+00  0.000   8.99
 A111       1.9713 0.13037  24.034 0.0000E+00  0.000  24.03
 A742       1.9729 0.19935  14.854 0.0000E+00  0.000  14.85
 A457       1.9768 0.09217  19.895 0.0000E+00  0.000  19.89
 A254       1.9781 0.12080  24.541 0.0000E+00  0.000  24.54
 A777       1.9809 0.06711   6.368 0.0000E+00  0.000   6.37
 A342       1.9811 0.04773  13.278 0.0000E+00  0.000  13.28
 A565       1.9830 0.15933   6.176 0.0000E+00  0.000   6.18
 A481       1.9999 0.03469   7.705 0.0000E+00  0.000   7.71
 A933       2.0005 0.12430   4.664 0.0000E+00  0.000   4.66
 A332       2.0013 0.04167  16.117 0.0000E+00  0.000  16.12
 A493       2.0032 0.27049   8.472 0.0000E+00  0.000   8.47
 A506       2.0046 0.10786   9.873 0.0000E+00  0.000   9.87
 A960       2.0083 0.16558   7.930 0.0000E+00  0.000   7.93
 A503       2.0113 0.26467   6.982 0.0000E+00  0.000   6.98
 A704       2.0232 0.50831   4.147 0.0000E+00  0.000   4.15
 A608       2.0259 0.13314  16.549 0.0000E+00  0.000  16.55
 A241       2.0262 0.06774   7.225 0.0000E+00  0.000   7.23
 A221       2.0272 0.09354  25.103 0.0000E+00  0.000  25.10
 A840       2.0278 0.11234  12.813 0.0000E+00  0.000  12.81
 A836       2.0310 0.16808  10.379 0.0000E+00  0.000  10.38
 A576       2.0325 0.20738  25.178 0.0000E+00  0.000  25.18
 A267       2.0384 0.15509  23.883 0.0000E+00  0.000  23.88
 A631       2.0429 0.07122  29.704 0.0000E+00  0.000  29.70
 A670       2.0587 0.16202  22.707 0.0000E+00  0.000  22.71
 A871       2.0588 0.20034   7.224 0.0000E+00  0.000   7.22
 A514       2.0660 0.47520   5.855 0.0000E+00  0.000   5.86
 A377       2.0749 0.10168   6.010 0.0000E+00  0.000   6.01
 A90        2.0891 0.16781  31.520 0.0000E+00  0.000  31.52
 A169       2.0959 0.13740  26.397 0.0000E+00  0.000  26.40
 A749       2.1100 0.41308   1.299 0.0000E+00  0.000   1.30
 A117       2.1123 0.27917  11.583 0.0000E+00  0.000  11.58
 A186       2.1124 0.47091   9.300 0.0000E+00  0.000   9.30
 A317       2.1140 0.10893  28.398 0.0000E+00  0.000  28.40
 A440       2.1169 0.49835   7.819 0.0000E+00  0.000   7.82
 A814       2.1187 0.41622   6.461 0.0000E+00  0.000   6.46
 A803       2.1300 0.36585  14.767 0.0000E+00  0.000  14.77
 A273       2.1336 0.28996   8.308 0.0000E+00  0.000   8.31
 A610       2.1351 0.08556   6.374 0.0000E+00  0.000   6.37
 A782       2.1352 0.25313   5.308 0.0000E+00  0.000   5.31
 A373       2.1396 0.14083  27.759 0.0000E+00  0.000  27.76
 A549       2.1423 0.27835   6.434 0.0000E+00  0.000   6.43
 A553       2.1433 0.30639   3.370 0.0000E+00  0.000   3.37
 A251       2.1448 0.10794   5.972 0.0000E+00  0.000   5.97
 A965       2.1470 0.26800   6.563 0.0000E+00  0.000   6.56
 A538       2.1515 0.12363   5.038 0.0000E+00  0.000   5.04
 A325       2.1557 0.26820   2.230 0.0000E+00  0.000   2.23
 A979       2.1603 0.50631   9.293 0.0000E+00  0.000   9.29
 A43        2.1628 0.35898  14.771 0.0000E+00  0.000  14.77
 A921       2.1631 0.36073   1.398 0.0000E+00  0.000   1.40
 A429       2.1646 0.32825   4.914 0.0000E+00  0.000   4.91
 A758       2.1690 0.37217   5.461 0.0000E+00  0.000   5.46
 A475       2.1707 0.18951   3.888 0.0000E+00  0.000   3.89
 A227       2.1719 0.03811  10.349 0.0000E+00  0.000  10.35
 A966       2.1734 0.18676   5.462 0.0000E+00  0.000   5.46
 A656       2.1739 0.20389   3.279 0.0000E+00  0.000   3.28
 A650       2.1744 0.34911   3.283 0.0000E+00  0.000   3.28
 A149       2.1796 0.14465   4.635 0.0000E+00  0.000   4.64
 A69        2.1821 0.51159  43.065 0.0000E+00  0.000  43.07
 A774       2.1826 0.56963   8.897 0.0000E+00  0.000   8.90
 A292       2.1857 0.45232  11.003 0.0000E+00  0.000  11.00
 A191       2.1873 0.09832   5.944 0.0000E+00  0.000   5.94
 A214       2.1899 0.06018   4.928 0.0000E+00  0.000   4.93
 A947       2.1963 0.14496   6.646 0.0000E+00  0.000   6.65
 A107       2.1967 0.64125  13.381 0.0000E+00  0.000  13.38
 A474       2.1969 0.38289   7.176 0.0000E+00  0.000   7.18
 A513       2.1972 0.18853   5.594 0.0000E+00  0.000   5.59
 A308       2.1972 0.23062   4.435 0.0000E+00  0.000   4.43
 A654       2.1985 0.18829   6.050 0.0000E+00  0.000   6.05
 A94        2.2000 0.24067   4.556 0.0000E+00  0.000   4.56
 A379       2.2033 0.28467   6.326 0.0000E+00  0.000   6.33
 A557       2.2047 0.05805   1.047 0.0000E+00  0.000   1.05
 A293       2.2114 0.22228   3.475 0.0000E+00  0.000   3.48
 A45        2.2127 0.07462   9.785 0.0000E+00  0.000   9.78
 A940       2.2171 0.29285  12.189 0.0000E+00  0.000  12.19
 A28        2.2181 0.06979   4.222 0.0000E+00  0.000   4.22
 A908       2.2226 0.13541   9.404 0.0000E+00  0.000   9.40
 A185       2.2240 0.08002   3.230 0.0000E+00  0.000   3.23
 A72        2.2267 0.16662   7.398 0.0000E+00  0.000   7.40
 A854       2.2271 0.07085   4.561 0.0000E+00  0.000   4.56
 A734       2.2298 0.04545   5.754 0.0000E+00  0.000   5.75
 A476       2.2339 0.08685   2.767 0.0000E+00  0.000   2.77
 A990       2.2524 0.02862  11.436 0.0000E+00  0.000  11.44
 A171       2.2553 0.13933   2.993 0.0000E+00  0.000   2.99
 A307       2.2584 0.02978   2.927 0.0000E+00  0.000   2.93
 A384       2.2618 0.15200  10.288 0.0000E+00  0.000  10.29
 A278       2.2644 0.19656   5.974 0.0000E+00  0.000   5.97
 A229       2.2650 0.07232   8.514 0.0000E+00  0.000   8.51
 A22        2.2650 0.03405   8.178 0.0000E+00  0.000   8.18
 A681       2.2657 0.26865   6.558 0.0000E+00  0.000   6.56
 A224       2.2659 0.17815   6.618 0.0000E+00  0.000   6.62
 A710       2.2662 0.20052   3.125 0.0000E+00  0.000   3.12
 A97        2.2724 0.23059   7.320 0.0000E+00  0.000   7.32
 A61        2.2735 0.13858   1.004 0.0000E+00  0.000   1.00
 A310       2.2951 0.17736   7.428 0.0000E+00  0.000   7.43
 A784       2.2962 0.24212   2.405 0.0000E+00  0.000   2.41
 A147       2.2963 0.07441   3.309 0.0000E+00  0.000   3.31
 A818       2.2965 0.20322   4.834 0.0000E+00  0.000   4.83
 A400       2.3002 0.55234   6.529 0.0000E+00  0.000   6.53
 A672       2.3008 0.13662   5.845 0.0000E+00  0.000   5.84
 A890       2.3023 0.12749   4.242 0.0000E+00  0.000   4.24
 A744       2.3029 0.04778   9.640 0.0000E+00  0.000   9.64
 A770       2.3060 0.12424   5.309 0.0000E+00  0.000   5.31
 A455       2.3132 0.25995  11.450 0.0000E+00  0.000  11.45
 A796       2.3135 0.10820   2.898 0.0000E+00  0.000   2.90
 A158       2.3160 0.16417   1.044 0.0000E+00  0.000   1.04
 A991       2.3171 0.25445   7.537 0.0000E+00  0.000   7.54
 A35        2.3199 0.13323   8.933 0.0000E+00  0.000   8.93
 A849       2.3208 0.08150   1.618 0.0000E+00  0.000   1.62
 A726       2.3209 0.06003  10.426 0.0000E+00  0.000  10.43
 A272       2.3249 0.12466   4.336 0.0000E+00  0.000   4.34
 A867       2.3258 0.16223   8.011 0.0000E+00  0.000   8.01
 A313       2.3312 0.22282   6.905 0.0000E+00  0.000   6.91
 A918       2.3391 0.13803   2.434 0.0000E+00  0.000   2.43
 A473       2.3396 0.16937   3.007 0.0000E+00  0.000   3.01
 A465       2.3406 0.15261   6.816 0.0000E+00  0.000   6.82
 A323       2.3472 0.13523   3.427 0.0000E+00  0.000   3.43
 A217       2.3483 0.63861  11.387 0.0000E+00  0.000  11.39
 A1000      2.3483 0.11447   3.411 0.0000E+00  0.000   3.41
 A436       2.3566 0.18627  12.345 0.0000E+00  0.000  12.34
 A165       2.3594 0.09195   5.085 0.0000E+00  0.000   5.09
 A174       2.3664 0.12318   6.946 0.0000E+00  0.000   6.95
 A902       2.3700 0.10393   9.703 0.0000E+00  0.000   9.70
 A790       2.3705 0.06963   4.709 0.0000E+00  0.000   4.71
 A127       2.3714 0.16169   3.841 0.0000E+00  0.000   3.84
 A375       2.3749 0.24425   3.940 0.0000E+00  0.000   3.94
 A257       2.3773 0.12112   4.037 0.0000E+00  0.000   4.04
 A605       2.3808 0.19762   2.985 0.0000E+00  0.000   2.98
 A748       2.3841 0.10455   4.777 0.0000E+00  0.000   4.78
 A641       2.3851 0.05490   2.844 0.0000E+00  0.000   2.84
 A858       2.3860 0.08913   8.350 0.0000E+00  0.000   8.35
 A530       2.3872 0.10622   6.761 0.0000E+00  0.000   6.76
 A696       2.3902 0.10406   4.881 0.0000E+00  0.000   4.88
 A321       2.3903 0.05615   6.002 0.0000E+00  0.000   6.00
 A20        2.3909 0.06872   0.887 0.0000E+00  0.000   0.89
 A48        2.3958 0.05309   2.840 0.0000E+00  0.000   2.84
 A93        2.3996 0.12900   2.481 0.0000E+00  0.000   2.48
 A156       2.4056 0.11229   4.663 0.0000E+00  0.000   4.66
 A967       2.4069 0.05291   8.934 0.0000E+00  0.000   8.93
 A101       2.4083 0.19600  10.693 0.0000E+00  0.000  10.69
 A444       2.4085 0.11766   6.139 0.0000E+00  0.000   6.14
 A895       2.4112 0.16052  11.936 0.0000E+00  0.000  11.94
 A695       2.4118 0.16420   3.424 0.0000E+00  0.000   3.42
 A345       2.4169 0.02185   2.104 0.0000E+00  0.000   2.10
 A159       2.4185 0.01421   1.293 0.0000E+00  0.000   1.29
 A876       2.4218 0.02692   4.541 0.0000E+00  0.000   4.54
 A821       2.4250 0.02039   2.623 0.0000E+00  0.000   2.62
 A998       2.4340 0.10581   2.704 0.0000E+00  0.000   2.70
 A776       2.4400 0.18543   3.327 0.0000E+00  0.000   3.33
 A736       2.4430 0.62782   5.285 0.0000E+00  0.000   5.29
 A831       2.4441 0.25611  11.104 0.0000E+00  0.000  11.10
 A953       2.4477 0.07186   4.605 0.0000E+00  0.000   4.61
 A943       2.4491 0.05301   9.233 0.0000E+00  0.000   9.23
 A172       2.4682 0.10801   8.885 0.0000E+00  0.000   8.88
 A442       2.4729 0.07772   3.928 0.0000E+00  0.000   3.93
 A745       2.4740 0.80700  22.915 0.0000E+00  0.000  22.92
 A701       2.4776 0.06119   9.850 0.0000E+00  0.000   9.85
 A112       2.4789 0.08407   7.066 0.0000E+00  0.000   7.07
 A388       2.4800 0.10051   4.719 0.0000E+00  0.000   4.72
 A337       2.4866 0.10516   4.052 0.0000E+00  0.000   4.05
 A349       2.4890 0.12898  15.895 0.0000E+00  0.000  15.89
 A791       2.4927 0.05666   5.363 0.0000E+00  0.000   5.36
 A302       2.5069 0.04874   7.528 0.0000E+00  0.000   7.53
 A13        2.5113 0.01383  11.022 0.0000E+00  0.000  11.02
 A884       2.5180 0.19795   2.990 0.0000E+00  0.000   2.99
 A102       2.5191 0.13633   4.787 0.0000E+00  0.000   4.79
 A599       2.5191 0.04364   5.136 0.0000E+00  0.000   5.14
 A975       2.5272 0.14570   5.964 0.0000E+00  0.000   5.96
 A952       2.5273 0.17549   7.669 0.0000E+00  0.000   7.67
 A236       2.5277 0.08193   3.090 0.0000E+00  0.000   3.09
 A367       2.5277 0.09627   4.272 0.0000E+00  0.000   4.27
 A424       2.5305 0.12481   8.065 0.0000E+00  0.000   8.07
 A651       2.5355 0.13048   2.841 0.0000E+00  0.000   2.84
 A287       2.5418 0.25093   5.010 0.0000E+00  0.000   5.01
 A705       2.5437 0.20591   4.853 0.0000E+00  0.000   4.85
 A352       2.5446 0.13407   8.753 0.0000E+00  0.000   8.75
 A374       2.5451 0.18776  11.266 0.0000E+00  0.000  11.27
 A922       2.5483 0.21185   1.800 0.0000E+00  0.000   1.80
 A468       2.5484 0.26035   6.002 0.0000E+00  0.000   6.00
 A690       2.5577 0.11173   6.417 0.0000E+00  0.000   6.42
 A89        2.5590 0.19364   8.314 0.0000E+00  0.000   8.31
 A42        2.5624 0.18527   6.304 0.0000E+00  0.000   6.30
 A861       2.5629 0.16886   3.525 0.0000E+00  0.000   3.52
 A11        2.5631 0.12811   8.897 0.0000E+00  0.000   8.90
 A596       2.5647 0.08066  12.617 0.0000E+00  0.000  12.62
 A706       2.5658 0.06012   2.569 0.0000E+00  0.000   2.57
 A222       2.5659 0.01570   5.708 0.0000E+00  0.000   5.71
 A806       2.5704 0.23131   7.314 0.0000E+00  0.000   7.31
 A167       2.5743 0.08709   7.840 0.0000E+00  0.000   7.84
 A851       2.5767 0.18046   5.705 0.0000E+00  0.000   5.71
 A331       2.5792 0.13566   1.278 0.0000E+00  0.000   1.28
 A844       2.5805 0.09496   3.695 0.0000E+00  0.000   3.69
 A667       2.5868 0.48947   5.770 0.0000E+00  0.000   5.77
 A666       2.5877 0.14474   3.078 0.0000E+00  0.000   3.08
 A239       2.5877 0.03794   7.646 0.0000E+00  0.000   7.65
 A688       2.5897 0.22767   3.298 0.0000E+00  0.000   3.30
 A750       2.5931 0.64844  12.817 0.0000E+00  0.000  12.82
 A31        2.5953 0.21488   7.851 0.0000E+00  0.000   7.85
 A431       2.5973 0.13158   3.320 0.0000E+00  0.000   3.32
 A422       2.5981 0.09962   3.978 0.0000E+00  0.000   3.98
 A175       2.5986 0.13695   2.049 0.0000E+00  0.000   2.05
 A276       2.6006 0.12169   3.369 0.0000E+00  0.000   3.37
 A284       2.6074 0.07295   6.811 0.0000E+00  0.000   6.81
 A256       2.6090 0.11690   7.331 0.0000E+00  0.000   7.33
 A609       2.6121 0.17953   8.651 0.0000E+00  0.000   8.65
 A450       2.6143 0.09157   3.077 0.0000E+00  0.000   3.08
 A896       2.6156 0.09732   7.382 0.0000E+00  0.000   7.38
 A141       2.6175 0.02097   0.845 0.0000E+00  0.000   0.84
 A213       2.6177 0.23699   6.489 0.0000E+00  0.000   6.49
 A661       2.6203 0.13705   3.851 0.0000E+00  0.000   3.85
 A662       2.6215 0.03145   1.656 0.0000E+00  0.000   1.66
 A135       2.6222 0.11916  10.302 0.0000E+00  0.000  10.30
 A454       2.6295 0.14151  12.451 0.0000E+00  0.000  12.45
 A891       2.6323 0.21143   6.659 0.0000E+00  0.000   6.66
 A338       2.6332 0.02951   6.484 0.0000E+00  0.000   6.48
 A184       2.6370 0.08550   8.580 0.0000E+00  0.000   8.58
 A372       2.6384 0.22384   4.085 0.0000E+00  0.000   4.08
 A204       2.6429 0.15765   9.879 0.0000E+00  0.000   9.88
 A386       2.6469 0.03043   6.061 0.0000E+00  0.000   6.06
 A925       2.6505 0.05484   4.111 0.0000E+00  0.000   4.11
 A67        2.6543 0.21111   5.865 0.0000E+00  0.000   5.87
 A853       2.6547 0.21069   2.327 0.0000E+00  0.000   2.33
 A872       2.6571 0.06395   2.465 0.0000E+00  0.000   2.46
 A968       2.6612 0.14020   6.448 0.0000E+00  0.000   6.45
 A6         2.6651 0.17996   3.032 0.0000E+00  0.000   3.03
 A718       2.6686 0.02770   7.378 0.0000E+00  0.000   7.38
 A938       2.6689 0.13020   1.948 0.0000E+00  0.000   1.95
 A957       2.6702 0.16541   6.506 0.0000E+00  0.000   6.51
 A489       2.6705 0.08601   8.160 0.0000E+00  0.000   8.16
 A887       2.6721 0.11256   9.192 0.0000E+00  0.000   9.19
 A715       2.6845 0.13463   2.123 0.0000E+00  0.000   2.12
 A709       2.6900 0.03490   5.356 0.0000E+00  0.000   5.36
 A730       2.6911 0.12690   6.550 0.0000E+00  0.000   6.55
 A471       2.6944 0.05399   9.309 0.0000E+00  0.000   9.31
 A630       2.6961 0.03059   1.924 0.0000E+00  0.000   1.92
 A39        2.6978 0.10479   8.175 0.0000E+00  0.000   8.17
 A100       2.6982 0.12109   7.733 0.0000E+00  0.000   7.73
 A911       2.6983 0.21206   3.881 0.0000E+00  0.000   3.88
 A360       2.7092 0.00980   1.414 0.0000E+00  0.000   1.41
 A4         2.7097 0.15873   3.693 0.0000E+00  0.000   3.69
 A499       2.7117 0.09671   4.356 0.0000E+00  0.000   4.36
 A963       2.7183 0.07499   9.292 0.0000E+00  0.000   9.29
 A833       2.7192 0.06832   9.220 0.0000E+00  0.000   9.22
 A815       2.7193 0.10403   1.727 0.0000E+00  0.000   1.73
 A316       2.7269 0.05510   7.451 0.0000E+00  0.000   7.45
 A303       2.7273 0.12568   3.830 0.0000E+00  0.000   3.83
 A934       2.7283 0.15444   4.157 0.0000E+00  0.000   4.16
 A409       2.7286 0.11882   3.306 0.0000E+00  0.000   3.31
 A917       2.7291 0.11903   8.896 0.0000E+00  0.000   8.90
 A208       2.7298 0.21293  12.223 0.0000E+00  0.000  12.22
 A682       2.7308 0.08721   4.917 0.0000E+00  0.000   4.92
 A552       2.7327 0.14240   5.873 0.0000E+00  0.000   5.87
 A300       2.7362 0.14915   5.841 0.0000E+00  0.000   5.84
 A451       2.7417 0.09995   7.577 0.0000E+00  0.000   7.58
 A694       2.7453 0.13547   2.076 0.0000E+00  0.000   2.08
 A624       2.7494 0.05547   8.743 0.0000E+00  0.000   8.74
 A243       2.7505 0.02402   9.102 0.0000E+00  0.000   9.10
 A760       2.7511 0.13920   3.831 0.0000E+00  0.000   3.83
 A747       2.7525 0.13472   2.252 0.0000E+00  0.000   2.25
 A87        2.7526 0.10628   8.186 0.0000E+00  0.000   8.19
 A800       2.7569 0.19944   5.404 0.0000E+00  0.000   5.40
 A312       2.7582 0.18429   6.869 0.0000E+00  0.000   6.87
 A336       2.7589 0.13679   2.744 0.0000E+00  0.000   2.74
 A735       2.7590 0.07081   2.643 0.0000E+00  0.000   2.64
 A2         2.7613 0.16210   1.505 0.0000E+00  0.000   1.51
 A37        2.7620 0.07871   3.370 0.0000E+00  0.000   3.37
 A294       2.7654 0.07927   4.027 0.0000E+00  0.000   4.03
 A365       2.7686 0.13249   8.261 0.0000E+00  0.000   8.26
 A393       2.7785 0.12637   5.225 0.0000E+00  0.000   5.22
 A19        2.7810 0.05833  10.946 0.0000E+00  0.000  10.95
 A432       2.7824 0.14145   1.861 0.0000E+00  0.000   1.86
 A838       2.7871 0.04625   3.177 0.0000E+00  0.000   3.18
 A339       2.7897 0.05585   4.005 0.0000E+00  0.000   4.00
 A648       2.7899 0.02461   5.061 0.0000E+00  0.000   5.06
 A120       2.7959 0.18892   7.450 0.0000E+00  0.000   7.45
 A237       2.7976 0.07504   5.059 0.0000E+00  0.000   5.06
 A233       2.7993 0.10707   3.227 0.0000E+00  0.000   3.23
 A802       2.8016 0.51575   3.606 0.0000E+00  0.000   3.61
 A826       2.8057 0.17796   1.692 0.0000E+00  0.000   1.69
 A812       2.8063 0.14078   2.671 0.0000E+00  0.000   2.67
 A764       2.8073 0.17652   8.653 0.0000E+00  0.000   8.65
 A163       2.8091 0.17609   1.777 0.0000E+00  0.000   1.78
 A629       2.8095 0.09256   2.111 0.0000E+00  0.000   2.11
 A114       2.8200 0.16531   7.395 0.0000E+00  0.000   7.40
 A586       2.8291 0.13182   2.582 0.0000E+00  0.000   2.58
 A92        2.8324 0.16298   2.588 0.0000E+00  0.000   2.59
 A574       2.8334 0.15547   7.253 0.0000E+00  0.000   7.25
 A353       2.8394 0.14891   8.063 0.0000E+00  0.000   8.06
 A403       2.8402 0.01714   3.097 0.0000E+00  0.000   3.10
 A196       2.8410 0.13044   7.101 0.0000E+00  0.000   7.10
 A888       2.8447 0.07314   3.722 0.0000E+00  0.000   3.72
 A340       2.8505 0.07088   3.158 0.0000E+00  0.000   3.16
 A507       2.8521 0.09718   1.131 0.0000E+00  0.000   1.13
 A620       2.8531 0.14127   0.647 0.0000E+00  0.000   0.65
 A426       2.8536 0.14399   8.737 0.0000E+00  0.000   8.74
 A762       2.8537 0.11791  11.037 0.0000E+00  0.000  11.04
 A528       2.8562 0.01240   6.538 0.0000E+00  0.000   6.54
 A850       2.8571 0.12947   3.228 0.0000E+00  0.000   3.23
 A763       2.8592 0.12123   0.682 0.0000E+00  0.000   0.68
 A881       2.8621 0.25347   7.038 0.0000E+00  0.000   7.04
 A600       2.8634 0.20538   2.614 0.0000E+00  0.000   2.61
 A984       2.8652 0.10021   4.249 0.0000E+00  0.000   4.25
 A912       2.8667 0.13930   7.841 0.0000E+00  0.000   7.84
 A483       2.8685 0.21695   4.077 0.0000E+00  0.000   4.08
 A177       2.8712 0.07354   4.584 0.0000E+00  0.000   4.58
 A320       2.8718 0.06062   9.710 0.0000E+00  0.000   9.71
 A612       2.8789 0.08860   9.269 0.0000E+00  0.000   9.27
 A754       2.8827 0.09229   2.474 0.0000E+00  0.000   2.47
 A330       2.8834 0.08187   8.563 0.0000E+00  0.000   8.56
 A540       2.8850 0.11865   8.422 0.0000E+00  0.000   8.42
 A794       2.8858 0.16439   6.351 0.0000E+00  0.000   6.35
 A382       2.8871 0.09175   1.029 0.0000E+00  0.000   1.03
 A737       2.8879 0.03485   3.013 0.0000E+00  0.000   3.01
 A669       2.8908 0.17641   1.116 0.0000E+00  0.000   1.12
 A679       2.8973 0.14621   6.824 0.0000E+00  0.000   6.82
 A727       2.9068 0.10345   5.796 0.0000E+00  0.000   5.80
 A885       2.9080 0.03560   8.366 0.0000E+00  0.000   8.37
 A333       2.9096 0.06232   7.754 0.0000E+00  0.000   7.75
 A830       2.9112 0.02640   2.981 0.0000E+00  0.000   2.98
 A785       2.9227 0.08658   1.937 0.0000E+00  0.000   1.94
 A484       2.9246 0.17705   5.394 0.0000E+00  0.000   5.39
 A478       2.9254 0.12288   3.364 0.0000E+00  0.000   3.36
 A359       2.9272 0.15513   8.141 0.0000E+00  0.000   8.14
 A659       2.9369 0.10868   4.071 0.0000E+00  0.000   4.07
 A193       2.9399 0.06733   3.830 0.0000E+00  0.000   3.83
 A77        2.9406 0.07512   8.052 0.0000E+00  0.000   8.05
 A49        2.9475 0.07993   5.563 0.0000E+00  0.000   5.56
 A8         2.9481 0.24218   8.306 0.0000E+00  0.000   8.31
 A153       2.9491 0.12372   4.726 0.0000E+00  0.000   4.73
 A143       2.9495 0.10423   4.214 0.0000E+00  0.000   4.21
 A756       2.9549 0.14980   6.600 0.0000E+00  0.000   6.60
 A788       2.9556 0.15575   5.329 0.0000E+00  0.000   5.33
 A347       2.9574 0.07327   4.564 0.0000E+00  0.000   4.56
 A459       2.9623 0.13221   0.672 0.0000E+00  0.000   0.67
 A21        2.9668 0.15003   6.090 0.0000E+00  0.000   6.09
 A176       2.9675 0.09105   6.650 0.0000E+00  0.000   6.65
 A931       2.9686 0.13174   4.735 0.0000E+00  0.000   4.73
 A59        2.9692 0.17529   6.626 0.0000E+00  0.000   6.63
 A869       2.9703 0.11060   8.815 0.0000E+00  0.000   8.82
 A986       2.9769 0.06564   1.240 0.0000E+00  0.000   1.24
 A64        2.9829 0.50029  10.901 0.0000E+00  0.000  10.90
 A501       2.9841 0.09687   1.357 0.0000E+00  0.000   1.36
 A118       2.9859 0.05965   8.305 0.0000E+00  0.000   8.31
 A920       2.9922 0.46450   3.334 0.0000E+00  0.000   3.33
 A720       2.9928 0.18808   1.401 0.0000E+00  0.000   1.40
 A182       2.9973 0.05615   8.346 0.0000E+00  0.000   8.35
 A462       2.9994 0.13353   3.787 0.0000E+00  0.000   3.79
 A115       3.0002 0.00417   2.234 0.0000E+00  0.000   2.23
 A408       3.0011 0.06805   2.055 0.0000E+00  0.000   2.05
 A410       3.0025 0.12399   4.365 0.0000E+00  0.000   4.37
 A23        3.0126 0.13734   1.832 0.0000E+00  0.000   1.83
 A235       3.0158 0.08261   9.838 0.0000E+00  0.000   9.84
 A527       3.0200 0.13096   3.881 0.0000E+00  0.000   3.88
 A282       3.0244 0.04825   1.746 0.0000E+00  0.000   1.75
 A464       3.0245 0.14895   2.566 0.0000E+00  0.000   2.57
 A640       3.0283 0.13904   4.741 0.0000E+00  0.000   4.74
 A897       3.0314 0.01450   8.317 0.0000E+00  0.000   8.32
 A590       3.0341 0.08824   5.508 0.0000E+00  0.000   5.51
 A883       3.0378 0.12235   4.858 0.0000E+00  0.000   4.86
 A240       3.0411 0.08607   4.020 0.0000E+00  0.000   4.02
 A1         3.0425 0.06338   2.549 0.0000E+00  0.000   2.55
 A646       3.0517 0.02397   3.474 0.0000E+00  0.000   3.47
 A397       3.0578 0.07180   2.513 0.0000E+00  0.000   2.51
 A385       3.0582 0.10747   2.422 0.0000E+00  0.000   2.42
 A804       3.0596 0.19656   5.077 0.0000E+00  0.000   5.08
 A712       3.0607 0.09741   4.943 0.0000E+00  0.000   4.94
 A54        3.0693 0.05652   0.812 0.0000E+00  0.000   0.81
 A416       3.0724 0.07578   4.206 0.0000E+00  0.000   4.21
 A550       3.0767 0.02142   6.909 0.0000E+00  0.000   6.91
 A420       3.0775 0.18477   2.576 0.0000E+00  0.000   2.58
 A123       3.0785 0.14421   4.729 0.0000E+00  0.000   4.73
 A252       3.0806 0.10388   1.199 0.0000E+00  0.000   1.20
 A76        3.0809 0.15517   7.180 0.0000E+00  0.000   7.18
 A722       3.0825 0.18437  10.660 0.0000E+00  0.000  10.66
 A539       3.0837 0.11012   3.534 0.0000E+00  0.000   3.53
 A248       3.0846 0.11908   7.505 0.0000E+00  0.000   7.51
 A692       3.0894 0.15639   7.786 0.0000E+00  0.000   7.79
 A566       3.0911 0.11692   9.211 0.0000E+00  0.000   9.21
 A689       3.0927 0.06701   3.742 0.0000E+00  0.000   3.74
 A106       3.1066 0.05801   7.897 0.0000E+00  0.000   7.90
 A893       3.1088 0.14823   5.064 0.0000E+00  0.000   5.06
 A456       3.1116 0.08783   2.681 0.0000E+00  0.000   2.68
 A68        3.1116 0.08889   9.836 0.0000E+00  0.000   9.84
 A71        3.1157 0.10903   5.642 0.0000E+00  0.000   5.64
 A391       3.1177 0.17898   4.884 0.0000E+00  0.000   4.88
 A218       3.1185 0.03440   5.319 0.0000E+00  0.000   5.32
 A250       3.1204 0.09694   0.498 0.0000E+00  0.000   0.50
 A996       3.1229 0.19074   4.144 0.0000E+00  0.000   4.14
 A335       3.1241 0.12416   7.942 0.0000E+00  0.000   7.94
 A78        3.1262 0.16076   9.076 0.0000E+00  0.000   9.08
 A247       3.1274 0.07407   2.854 0.0000E+00  0.000   2.85
 A194       3.1310 0.09953   9.211 0.0000E+00  0.000   9.21
 A16        3.1352 0.12629   5.383 0.0000E+00  0.000   5.38
 A133       3.1372 0.11480   9.377 0.0000E+00  0.000   9.38
 A653       3.1407 0.09468   6.739 0.0000E+00  0.000   6.74
 A244       3.1479 0.05206   7.338 0.0000E+00  0.000   7.34
 A279       3.1490 0.05123  10.734 0.0000E+00  0.000  10.73
 A589       3.1522 0.04712   6.256 0.0000E+00  0.000   6.26
 A674       3.1536 0.07101   7.863 0.0000E+00  0.000   7.86
 A103       3.1576 0.10992   3.771 0.0000E+00  0.000   3.77
 A819       3.1600 0.07153   1.609 0.0000E+00  0.000   1.61
 A592       3.1653 0.12378   3.879 0.0000E+00  0.000   3.88
 A711       3.1703 0.04844   6.729 0.0000E+00  0.000   6.73
 A766       3.1706 0.09118   6.421 0.0000E+00  0.000   6.42
 A877       3.1706 0.09886   8.247 0.0000E+00  0.000   8.25
 A305       3.1723 0.13261   7.479 0.0000E+00  0.000   7.48
 A546       3.1743 0.14930   5.354 0.0000E+00  0.000   5.35
 A40        3.1751 0.05218  10.020 0.0000E+00  0.000  10.02
 A401       3.1771 0.10867   5.134 0.0000E+00  0.000   5.13
 A949       3.1797 0.07914   4.721 0.0000E+00  0.000   4.72
 A707       3.1816 0.16907   1.725 0.0000E+00  0.000   1.72
 A959       3.1851 0.03300   3.243 0.0000E+00  0.000   3.24
 A834       3.1862 0.10677   1.050 0.0000E+00  0.000   1.05
 A898       3.1899 0.06354   3.744 0.0000E+00  0.000   3.74
 A930       3.1921 0.20764   5.427 0.0000E+00  0.000   5.43
 A572       3.1938 0.20513   1.380 0.0000E+00  0.000   1.38
 A480       3.1944 0.06505   6.299 0.0000E+00  0.000   6.30
 A195       3.1958 0.07577  10.556 0.0000E+00  0.000  10.56
 A326       3.1959 0.11984   1.727 0.0000E+00  0.000   1.73
 A716       3.1988 0.08191   6.940 0.0000E+00  0.000   6.94
 A578       3.2003 0.66116  12.256 0.0000E+00  0.000  12.26
 A151       3.2077 0.25144   6.987 0.0000E+00  0.000   6.99
 A657       3.2116 0.09540   4.122 0.0000E+00  0.000   4.12
 A563       3.2131 0.09135   1.063 0.0000E+00  0.000   1.06
 A60        3.2148 0.06170   5.883 0.0000E+00  0.000   5.88
 A700       3.2198 0.14076   2.995 0.0000E+00  0.000   3.00
 A832       3.2303 0.10133   9.815 0.0000E+00  0.000   9.81
 A626       3.2379 0.03956   4.581 0.0000E+00  0.000   4.58
 A298       3.2385 0.12166   4.348 0.0000E+00  0.000   4.35
 A954       3.2404 0.21240   5.182 0.0000E+00  0.000   5.18
 A676       3.2407 0.09252   2.458 0.0000E+00  0.000   2.46
 A779       3.2426 0.16615  12.704 0.0000E+00  0.000  12.70
 A948       3.2432 0.10139   4.766 0.0000E+00  0.000   4.77
 A404       3.2436 0.20169   1.108 0.0000E+00  0.000   1.11
 A825       3.2469 0.08486   8.905 0.0000E+00  0.000   8.91
 A910       3.2537 0.11400   6.453 0.0000E+00  0.000   6.45
 A490       3.2549 0.07123   9.052 0.0000E+00  0.000   9.05
 A743       3.2601 0.18885  11.025 0.0000E+00  0.000  11.02
 A518       3.2630 0.17347   0.709 0.0000E+00  0.000   0.71
 A469       3.2652 0.08482   5.019 0.0000E+00  0.000   5.02
 A81        3.2780 0.28205  11.026 0.0000E+00  0.000  11.03
 A644       3.2788 0.09825   6.139 0.0000E+00  0.000   6.14
 A350       3.2843 0.14524   6.879 0.0000E+00  0.000   6.88
 A91        3.2849 0.11234   8.829 0.0000E+00  0.000   8.83
 A985       3.2863 0.01604   4.466 0.0000E+00  0.000   4.47
 A551       3.2898 0.01090   6.955 0.0000E+00  0.000   6.95
 A937       3.2937 0.20795   2.224 0.0000E+00  0.000   2.22
 A164       3.3029 0.03410  18.139 0.0000E+00  0.000  18.14
 A822       3.3035 0.28073   3.519 0.0000E+00  0.000   3.52
 A606       3.3037 0.08272   8.309 0.0000E+00  0.000   8.31
 A261       3.3044 0.16625   3.760 0.0000E+00  0.000   3.76
 A209       3.3079 0.08280   2.158 0.0000E+00  0.000   2.16
 A808       3.3139 0.13522   1.859 0.0000E+00  0.000   1.86
 A983       3.3247 0.11927   2.714 0.0000E+00  0.000   2.71
 A363       3.3290 0.06314   4.091 0.0000E+00  0.000   4.09
 A73        3.3305 0.05011   2.198 0.0000E+00  0.000   2.20
 A680       3.3313 0.11543   6.234 0.0000E+00  0.000   6.23
 A357       3.3339 0.00832   9.456 0.0000E+00  0.000   9.46
 A759       3.3352 0.11085   3.113 0.0000E+00  0.000   3.11
 A327       3.3379 0.12451   6.979 0.0000E+00  0.000   6.98
 A781       3.3420 0.07166   8.335 0.0000E+00  0.000   8.34
 A684       3.3461 0.10302   2.695 0.0000E+00  0.000   2.69
 A643       3.3500 0.13781   5.470 0.0000E+00  0.000   5.47
 A929       3.3534 0.06659   3.683 0.0000E+00  0.000   3.68
 A520       3.3558 0.12821   7.679 0.0000E+00  0.000   7.68
 A660       3.3587 0.29471   7.614 0.0000E+00  0.000   7.61
 A856       3.3605 0.60957  47.658 0.0000E+00  0.000  47.66
 A231       3.3630 0.14188  11.008 0.0000E+00  0.000  11.01
 A262       3.3646 0.17156   2.189 0.0000E+00  0.000   2.19
 A271       3.3664 0.07730  10.065 0.0000E+00  0.000  10.06
 A616       3.3679 0.03304   1.572 0.0000E+00  0.000   1.57
 A376       3.3728 0.07332   0.611 0.0000E+00  0.000   0.61
 A997       3.3755 0.07480   7.640 0.0000E+00  0.000   7.64
 A598       3.3756 0.06970   7.496 0.0000E+00  0.000   7.50
 A621       3.3797 0.14081   2.534 0.0000E+00  0.000   2.53
 A128       3.3807 0.02131   4.317 0.0000E+00  0.000   4.32
 A53        3.3811 0.09570   2.971 0.0000E+00  0.000   2.97
 A370       3.3837 0.09112   4.214 0.0000E+00  0.000   4.21
 A573       3.3871 0.11533   1.668 0.0000E+00  0.000   1.67
 A914       3.3926 0.11690   9.035 0.0000E+00  0.000   9.03
 A131       3.3927 0.07329   4.792 0.0000E+00  0.000   4.79
 A137       3.3936 0.07783   6.240 0.0000E+00  0.000   6.24
 A542       3.3938 0.08075   4.879 0.0000E+00  0.000   4.88
 A524       3.3939 0.06628   1.830 0.0000E+00  0.000   1.83
 A66        3.3952 0.07694   4.653 0.0000E+00  0.000   4.65
 A805       3.4008 0.21654   6.409 0.0000E+00  0.000   6.41
 A597       3.4022 0.11660   1.484 0.0000E+00  0.000   1.48
 A160       3.4059 0.10852   5.104 0.0000E+00  0.000   5.10
 A458       3.4098 0.09453   2.185 0.0000E+00  0.000   2.19
 A697       3.4122 0.08585   8.106 0.0000E+00  0.000   8.11
 A741       3.4129 0.13949   9.994 0.0000E+00  0.000   9.99
 A568       3.4135 0.06301   0.314 0.0000E+00  0.000   0.31
 A569       3.4199 0.16555   8.186 0.0000E+00  0.000   8.19
 A813       3.4202 0.13761   8.642 0.0000E+00  0.000   8.64
 A154       3.4230 0.08995   4.218 0.0000E+00  0.000   4.22
 A27        3.4257 0.05986   8.663 0.0000E+00  0.000   8.66
 A778       3.4258 0.11001   6.785 0.0000E+00  0.000   6.79
 A460       3.4360 0.05855   1.912 0.0000E+00  0.000   1.91
 A57        3.4384 0.15271   4.765 0.0000E+00  0.000   4.76
 A558       3.4402 0.04709   3.158 0.0000E+00  0.000   3.16
 A166       3.4411 0.11171   1.991 0.0000E+00  0.000   1.99
 A295       3.4434 0.28242   4.558 0.0000E+00  0.000   4.56
 A463       3.4463 0.19586   8.153 0.0000E+00  0.000   8.15
 A708       3.4476 0.01089   4.435 0.0000E+00  0.000   4.43
 A88        3.4493 0.23940   3.561 0.0000E+00  0.000   3.56
 A523       3.4516 0.05198   0.967 0.0000E+00  0.000   0.97
 A873       3.4533 0.18744   3.778 0.0000E+00  0.000   3.78
 A663       3.4595 0.23033   5.414 0.0000E+00  0.000   5.41
 A322       3.4601 0.05038   6.253 0.0000E+00  0.000   6.25
 A970       3.4679 0.14766   2.624 0.0000E+00  0.000   2.62
 A3         3.4713 0.12315   9.833 0.0000E+00  0.000   9.83
 A75        3.4726 0.12379   9.568 0.0000E+00  0.000   9.57
 A923       3.4761 0.24716   5.069 0.0000E+00  0.000   5.07
 A623       3.4781 0.20392   4.696 0.0000E+00  0.000   4.70
 A502       3.4799 0.02893   1.925 0.0000E+00  0.000   1.92
 A260       3.4869 0.13331   1.472 0.0000E+00  0.000   1.47
 A108       3.4880 0.22207   9.368 0.0000E+00  0.000   9.37
 A452       3.4889 0.04215   4.950 0.0000E+00  0.000   4.95
 A645       3.4912 0.16596   9.300 0.0000E+00  0.000   9.30
 A981       3.4949 0.05360   7.080 0.0000E+00  0.000   7.08
 A56        3.4977 0.16538   8.290 0.0000E+00  0.000   8.29
 A110       3.4996 0.02973   1.427 0.0000E+00  0.000   1.43
 A415       3.5020 0.16934   5.744 0.0000E+00  0.000   5.74
 A789       3.5104 0.15958   4.255 0.0000E+00  0.000   4.25
 A767       3.5118 0.14371   0.572 0.0000E+00  0.000   0.57
 A987       3.5301 0.11458   8.736 0.0000E+00  0.000   8.74
 A945       3.5327 0.11862   4.890 0.0000E+00  0.000   4.89
 A882       3.5348 0.20112   4.051 0.0000E+00  0.000   4.05
 A906       3.5354 0.18613   4.447 0.0000E+00  0.000   4.45
 A874       3.5385 0.23686   3.643 0.0000E+00  0.000   3.64
 A274       3.5448 0.13038   2.380 0.0000E+00  0.000   2.38
 A245       3.5454 0.10085   7.155 0.0000E+00  0.000   7.16
 A433       3.5527 0.06314   1.313 0.0000E+00  0.000   1.31
 A453       3.5528 0.06520   3.897 0.0000E+00  0.000   3.90
 A829       3.5543 0.11650   3.863 0.0000E+00  0.000   3.86
 A531       3.5596 0.12757   0.928 0.0000E+00  0.000   0.93
 A318       3.6017 0.13336   4.650 0.0000E+00  0.000   4.65
 A220       3.6051 0.08638   1.442 0.0000E+00  0.000   1.44
 A500       3.6139 0.18534   6.382 0.0000E+00  0.000   6.38
 A580       3.6146 0.10410   3.516 0.0000E+00  0.000   3.52
 A561       3.6154 0.17280   9.385 0.0000E+00  0.000   9.38
 A894       3.6248 0.16008   9.019 0.0000E+00  0.000   9.02
 A219       3.6252 0.14699   8.311 0.0000E+00  0.000   8.31
 A417       3.6252 0.17804  10.376 0.0000E+00  0.000  10.38
 A435       3.6288 0.18104   5.797 0.0000E+00  0.000   5.80
 A955       3.6332 0.05844   3.881 0.0000E+00  0.000   3.88
 A932       3.6334 0.20415   3.777 0.0000E+00  0.000   3.78
 A434       3.6376 0.04599   4.207 0.0000E+00  0.000   4.21
 A46        3.6383 0.05618   6.815 0.0000E+00  0.000   6.82
 A402       3.6429 0.02860   3.942 0.0000E+00  0.000   3.94
 A52        3.6445 0.05537   3.549 0.0000E+00  0.000   3.55
 A291       3.6482 0.15303   6.921 0.0000E+00  0.000   6.92
 A124       3.6609 0.10327   1.697 0.0000E+00  0.000   1.70
 A927       3.6647 0.15714   2.353 0.0000E+00  0.000   2.35
 A148       3.6780 0.29954   3.445 0.0000E+00  0.000   3.45
 A183       3.7448 0.06670   4.917 0.0000E+00  0.000   4.92
 A446       3.7450 0.22672  10.276 0.0000E+00  0.000  10.28
 A622       3.7572 0.15790   1.236 0.0000E+00  0.000   1.24
 A242       3.7598 0.05599   8.159 0.0000E+00  0.000   8.16
 A383       3.7750 0.15665   1.264 0.0000E+00  0.000   1.26
 A249       3.8006 0.06569   0.993 0.0000E+00  0.000   0.99
 A571       3.8118 0.18531   2.873 0.0000E+00  0.000   2.87
 A907       3.8166 0.03583   1.756 0.0000E+00  0.000   1.76
 A647       3.8433 0.05511   5.594 0.0000E+00  0.000   5.59
 A863       3.8562 0.13920   1.408 0.0000E+00  0.000   1.41
 A904       3.8771 0.09564   1.033 0.0000E+00  0.000   1.03
 A230       3.8907 0.06546   2.513 0.0000E+00  0.000   2.51
 A30        3.8927 0.28579   3.519 0.0000E+00  0.000   3.52
 A723       3.8961 0.03862   2.322 0.0000E+00  0.000   2.32
 A543       3.9055 0.08772   6.387 0.0000E+00  0.000   6.39
 A614       3.9372 0.17015   2.403 0.0000E+00  0.000   2.40
 A5         3.9388 0.30245   8.806 0.0000E+00  0.000   8.81
 A810       3.9450 0.07235   4.387 0.0000E+00  0.000   4.39
 A212       3.9588 0.27443   6.820 0.0000E+00  0.000   6.82
 A570       3.9596 0.16578  11.074 0.0000E+00  0.000  11.07
 A783       3.9633 0.09444   8.694 0.0000E+00  0.000   8.69
 A392       3.9772 0.12802   5.301 0.0000E+00  0.000   5.30
 A719       4.0051 0.10771   3.126 0.0000E+00  0.000   3.13
 A198       4.0054 0.34171   2.704 0.0000E+00  0.000   2.70
 A913       4.0115 0.10001   0.231 0.0000E+00  0.000   0.23
 A125       4.0125 0.08300   3.142 0.0000E+00  0.000   3.14
 A761       4.0145 0.11102   1.772 0.0000E+00  0.000   1.77
 A479       4.0149 0.16772   2.712 0.0000E+00  0.000   2.71
 A180       4.0411 0.14122   3.540 0.0000E+00  0.000   3.54
 A775       4.4330 0.62360   9.885 0.0000E+00  0.000   9.88
 A658       4.7899 0.95040  11.841 0.0000E+00  0.000  11.84
 JUPITER    5.2007 0.10142   1.261 9.5479E-04  0.000   1.26
 A304       6.2423 0.41009  14.993 0.0000E+00  0.000  14.99
 A635       9.2570 0.73250  40.455 0.0000E+00  0.000  40.45
 SATURN     9.5233 0.04945   1.506 2.8589E-04  0.000   1.51
 A55        9.8301 0.35933  98.197 0.0000E+00  0.000  98.20
 A693      10.1341 0.15330  25.727 0.0000E+00  0.000  25.73
 A157      10.8327 0.42216  10.371 0.0000E+00  0.000  10.37
 A354      13.2688 0.15570   8.004 0.0000E+00  0.000   8.00
 A259      13.3636 0.26581  15.937 0.0000E+00  0.000  15.94
 A870      13.7938 0.32590  25.486 0.0000E+00  0.000  25.49
 A104      14.0395 0.52223  17.890 0.0000E+00  0.000  17.89
 A972      16.3820 0.08771  10.650 0.0000E+00  0.000  10.65
 A309      16.6665 0.62557  11.729 0.0000E+00  0.000  11.73
 A238      17.3065 0.47448  23.240 0.0000E+00  0.000  23.24
 A537      17.6577 0.33264  14.061 0.0000E+00  0.000  14.06
 A105      19.2275 0.21750   5.890 0.0000E+00  0.000   5.89
 A698      19.8757 0.50929  18.188 0.0000E+00  0.000  18.19
 A389      20.8268 0.48864  15.704 0.0000E+00  0.000  15.70
 A577      20.8672 0.60246  10.861 0.0000E+00  0.000  10.86
 A529      21.3122 0.62548   5.991 0.0000E+00  0.000   5.99
 A168      23.2743 0.59256   9.024 0.0000E+00  0.000   9.02
 A203      23.3692 0.50126   8.751 0.0000E+00  0.000   8.75
 A200      23.4154 0.41106   9.985 0.0000E+00  0.000   9.98
 A355      25.9924 0.65554  11.832 0.0000E+00  0.000  11.83
 A378      35.3631 0.80295  11.905 0.0000E+00  0.000  11.90
 A916      36.0443 0.70880   1.379 0.0000E+00  0.000   1.38
 A211      36.7680 0.73958  10.607 0.0000E+00  0.000  10.61
 A466      38.7417 0.80850  11.833 0.0000E+00  0.000  11.83
