 A773       0.8939 0.28064  12.885 0.0000E+00  0.000  12.89
 A749       0.9398 0.36391  11.953 0.0000E+00  0.000  11.95
 A820       0.9596 0.21998  17.878 0.0000E+00  0.000  17.88
 EARTHMOO   1.0000 0.05585   1.873 9.1213E-06  0.000   1.87
 A107       1.0335 0.54537  13.933 0.0000E+00  0.000  13.93
 A920       1.0576 0.10612  14.333 0.0000E+00  0.000  14.33
 A43        1.3880 0.46242  15.612 0.0000E+00  0.000  15.61
 A328       1.4154 0.23572  20.128 0.0000E+00  0.000  20.13
 A273       1.4266 0.77917  12.092 0.0000E+00  0.000  12.09
 A486       1.4481 0.45902  19.564 0.0000E+00  0.000  19.56
 A430       1.4999 0.04885   1.835 0.0000E+00  0.000   1.83
 A900       1.5008 0.04657   4.625 0.0000E+00  0.000   4.63
 A591       1.5051 0.05485   6.346 0.0000E+00  0.000   6.35
 A534       1.5120 0.12733   8.098 0.0000E+00  0.000   8.10
 A288       1.5167 0.05147   2.128 0.0000E+00  0.000   2.13
 A608       1.5191 0.53012   3.223 0.0000E+00  0.000   3.22
 A926       1.5202 0.07958   1.745 0.0000E+00  0.000   1.74
 A79        1.5215 0.07626   8.805 0.0000E+00  0.000   8.81
 A83        1.5227 0.11803   1.747 0.0000E+00  0.000   1.75
 A487       1.5243 0.12104   6.458 0.0000E+00  0.000   6.46
 A729       1.5277 0.10786   5.186 0.0000E+00  0.000   5.19
 A186       1.5285 0.63133  14.686 0.0000E+00  0.000  14.69
 A51        1.5323 0.01018   6.310 0.0000E+00  0.000   6.31
 A277       1.5342 0.12671  10.085 0.0000E+00  0.000  10.08
 A41        1.5454 0.12375   1.553 0.0000E+00  0.000   1.55
 A950       1.5455 0.04012   1.795 0.0000E+00  0.000   1.80
 A771       1.5461 0.06984   6.551 0.0000E+00  0.000   6.55
 A816       1.5482 0.06950   2.994 0.0000E+00  0.000   2.99
 A44        1.5505 0.08484   7.503 0.0000E+00  0.000   7.50
 A421       1.5530 0.04791   4.945 0.0000E+00  0.000   4.95
 A498       1.5538 0.04090   2.481 0.0000E+00  0.000   2.48
 A687       1.5542 0.08863   6.833 0.0000E+00  0.000   6.83
 A532       1.5575 0.05783  12.898 0.0000E+00  0.000  12.90
 A395       1.5586 0.14317   2.432 0.0000E+00  0.000   2.43
 A178       1.5624 0.07633   4.710 0.0000E+00  0.000   4.71
 A536       1.5628 0.08451   2.998 0.0000E+00  0.000   3.00
 A973       1.5677 0.10813   7.357 0.0000E+00  0.000   7.36
 A862       1.5722 0.02270   4.867 0.0000E+00  0.000   4.87
 A901       1.5743 0.06250   9.334 0.0000E+00  0.000   9.33
 A485       1.5752 0.13160   5.159 0.0000E+00  0.000   5.16
 A406       1.5765 0.10617   6.903 0.0000E+00  0.000   6.90
 A978       1.5770 0.04479   8.654 0.0000E+00  0.000   8.65
 A857       1.5786 0.09472   2.389 0.0000E+00  0.000   2.39
 A290       1.5801 0.08609   8.647 0.0000E+00  0.000   8.65
 A516       1.5824 0.36539   8.534 0.0000E+00  0.000   8.53
 A85        1.5847 0.08067   9.094 0.0000E+00  0.000   9.09
 A504       1.5889 0.31933  14.535 0.0000E+00  0.000  14.53
 A673       1.5906 0.03234  10.048 0.0000E+00  0.000  10.05
 A541       1.5916 0.10635  10.734 0.0000E+00  0.000  10.73
 A510       1.5931 0.09141   7.523 0.0000E+00  0.000   7.52
 A225       1.5948 0.07096   6.610 0.0000E+00  0.000   6.61
 A625       1.6002 0.10302   3.932 0.0000E+00  0.000   3.93
 A634       1.6030 0.02466  11.964 0.0000E+00  0.000  11.96
 A142       1.6053 0.04043   8.158 0.0000E+00  0.000   8.16
 A47        1.6056 0.04835   1.220 0.0000E+00  0.000   1.22
 A903       1.6107 0.06106   4.344 0.0000E+00  0.000   4.34
 A116       1.6124 0.10940   7.357 0.0000E+00  0.000   7.36
 A792       1.6196 0.11378   9.935 0.0000E+00  0.000   9.94
 A497       1.6217 0.10151  11.675 0.0000E+00  0.000  11.68
 A746       1.6286 0.06288   7.262 0.0000E+00  0.000   7.26
 A405       1.6295 0.02603  12.307 0.0000E+00  0.000  12.31
 A34        1.6348 0.10558  11.663 0.0000E+00  0.000  11.66
 A427       1.6362 0.09683   8.705 0.0000E+00  0.000   8.70
 A341       1.6367 0.06377  10.490 0.0000E+00  0.000  10.49
 A95        1.6378 0.16580   3.800 0.0000E+00  0.000   3.80
 A841       1.6396 0.14194   7.671 0.0000E+00  0.000   7.67
 A602       1.6421 0.08175   7.807 0.0000E+00  0.000   7.81
 A380       1.6437 0.09760   1.837 0.0000E+00  0.000   1.84
 A517       1.6445 0.11488   5.207 0.0000E+00  0.000   5.21
 A14        1.6449 0.05612   1.075 0.0000E+00  0.000   1.07
 A297       1.6476 0.04765   7.525 0.0000E+00  0.000   7.52
 A751       1.6506 0.05422   5.861 0.0000E+00  0.000   5.86
 A556       1.6511 0.03829   4.817 0.0000E+00  0.000   4.82
 A447       1.6514 0.11328   9.835 0.0000E+00  0.000   9.83
 A62        1.6524 0.08785   9.840 0.0000E+00  0.000   9.84
 A315       1.6528 0.04808   5.792 0.0000E+00  0.000   5.79
 A880       1.6554 0.02367   7.051 0.0000E+00  0.000   7.05
 A362       1.6572 0.08862   6.542 0.0000E+00  0.000   6.54
 A878       1.6581 0.06929  10.512 0.0000E+00  0.000  10.51
 A639       1.6582 0.09203   4.124 0.0000E+00  0.000   4.12
 A84        1.6594 0.06750   7.488 0.0000E+00  0.000   7.49
 A703       1.6601 0.07447   2.388 0.0000E+00  0.000   2.39
 A351       1.6605 0.08950   5.202 0.0000E+00  0.000   5.20
 A615       1.6622 0.07802   1.348 0.0000E+00  0.000   1.35
 A145       1.6705 0.03851   3.602 0.0000E+00  0.000   3.60
 A852       1.6735 0.03455   5.847 0.0000E+00  0.000   5.85
 A343       1.6799 0.07268  14.092 0.0000E+00  0.000  14.09
 A488       1.6819 0.02372   6.493 0.0000E+00  0.000   6.49
 A399       1.6835 0.10914   6.882 0.0000E+00  0.000   6.88
 A216       1.6847 0.15783   4.422 0.0000E+00  0.000   4.42
 A189       1.6887 0.08175   8.974 0.0000E+00  0.000   8.97
 A618       1.6918 0.05091   9.139 0.0000E+00  0.000   9.14
 A306       1.6942 0.08078   1.523 0.0000E+00  0.000   1.52
 A721       1.6964 0.02677  11.950 0.0000E+00  0.000  11.95
 A636       1.6981 0.02023   2.477 0.0000E+00  0.000   2.48
 A731       1.7062 0.09071   2.573 0.0000E+00  0.000   2.57
 A448       1.7121 0.02166   5.950 0.0000E+00  0.000   5.95
 A358       1.7123 0.07112   5.019 0.0000E+00  0.000   5.02
 A554       1.7186 0.04877   7.248 0.0000E+00  0.000   7.25
 A17        1.7217 0.08357   7.654 0.0000E+00  0.000   7.65
 A283       1.7248 0.04001   8.732 0.0000E+00  0.000   8.73
 A18        1.7251 0.06660   1.907 0.0000E+00  0.000   1.91
 A980       1.7267 0.07299   7.859 0.0000E+00  0.000   7.86
 A515       1.7272 0.07693   7.743 0.0000E+00  0.000   7.74
 A944       1.7310 0.09324   5.945 0.0000E+00  0.000   5.95
 A866       1.7368 0.06454   5.815 0.0000E+00  0.000   5.82
 A603       1.7414 0.12806   6.450 0.0000E+00  0.000   6.45
 A581       1.7439 0.13051  10.937 0.0000E+00  0.000  10.94
 A671       1.7442 0.08144   7.109 0.0000E+00  0.000   7.11
 A119       1.7452 0.09525   6.399 0.0000E+00  0.000   6.40
 A961       1.7473 0.09662   2.188 0.0000E+00  0.000   2.19
 A575       1.7478 0.12880   4.861 0.0000E+00  0.000   4.86
 A969       1.7493 0.06580   6.934 0.0000E+00  0.000   6.93
 A738       1.7516 0.05009   2.637 0.0000E+00  0.000   2.64
 A668       1.7537 0.05773   6.965 0.0000E+00  0.000   6.97
 A289       1.7607 0.14288   6.995 0.0000E+00  0.000   6.99
 A559       1.7618 0.04621   6.398 0.0000E+00  0.000   6.40
 A732       1.7639 0.03552   9.598 0.0000E+00  0.000   9.60
 A798       1.7643 0.09160   1.617 0.0000E+00  0.000   1.62
 A519       1.7664 0.08632   7.154 0.0000E+00  0.000   7.15
 A755       1.7670 0.15125   4.598 0.0000E+00  0.000   4.60
 A38        1.7677 0.10706   8.094 0.0000E+00  0.000   8.09
 A63        1.7688 0.07834  11.335 0.0000E+00  0.000  11.33
 A740       1.7695 0.07569   8.213 0.0000E+00  0.000   8.21
 A835       1.7696 0.14246   8.428 0.0000E+00  0.000   8.43
 A560       1.7724 0.01576   9.597 0.0000E+00  0.000   9.60
 A140       1.7779 0.12392   3.086 0.0000E+00  0.000   3.09
 A150       1.7834 0.11154  10.114 0.0000E+00  0.000  10.11
 A188       1.7857 0.06851   8.198 0.0000E+00  0.000   8.20
 A381       1.7935 0.07859  13.129 0.0000E+00  0.000  13.13
 A412       1.7986 0.09326   9.410 0.0000E+00  0.000   9.41
 A396       1.8004 0.12227   7.836 0.0000E+00  0.000   7.84
 A24        1.8018 0.07817   7.984 0.0000E+00  0.000   7.98
 A505       1.8022 0.12293   5.539 0.0000E+00  0.000   5.54
 A962       1.8035 0.11355   5.903 0.0000E+00  0.000   5.90
 A130       1.8037 0.08192   7.671 0.0000E+00  0.000   7.67
 A511       1.8040 0.06366   8.504 0.0000E+00  0.000   8.50
 A348       1.8050 0.02183  13.729 0.0000E+00  0.000  13.73
 A470       1.8053 0.04256  12.623 0.0000E+00  0.000  12.62
 A627       1.8056 0.04337   8.277 0.0000E+00  0.000   8.28
 A482       1.8147 0.08375  10.116 0.0000E+00  0.000  10.12
 A121       1.8169 0.07987   9.461 0.0000E+00  0.000   9.46
 A201       1.8182 0.10081   3.655 0.0000E+00  0.000   3.65
 A585       1.8185 0.12596   5.722 0.0000E+00  0.000   5.72
 A122       1.8199 0.14677   3.742 0.0000E+00  0.000   3.74
 A899       1.8203 0.07287   5.720 0.0000E+00  0.000   5.72
 A724       1.8203 0.05035   4.434 0.0000E+00  0.000   4.43
 A58        1.8211 0.20467   5.552 0.0000E+00  0.000   5.55
 A136       1.8211 0.04797  11.086 0.0000E+00  0.000  11.09
 A299       1.8224 0.14516   5.497 0.0000E+00  0.000   5.50
 A7         1.8236 0.12557   1.023 0.0000E+00  0.000   1.02
 A301       1.8256 0.01836  10.315 0.0000E+00  0.000  10.32
 A631       1.8264 0.39524   4.599 0.0000E+00  0.000   4.60
 A512       1.8265 0.04230  12.241 0.0000E+00  0.000  12.24
 A99        1.8276 0.10556   0.882 0.0000E+00  0.000   0.88
 A74        1.8282 0.08666   9.752 0.0000E+00  0.000   9.75
 A807       1.8303 0.05497   3.800 0.0000E+00  0.000   3.80
 A702       1.8308 0.15133   2.405 0.0000E+00  0.000   2.40
 A207       1.8312 0.09445  13.141 0.0000E+00  0.000  13.14
 A205       1.8350 0.10901   9.891 0.0000E+00  0.000   9.89
 A725       1.8364 0.06182  10.678 0.0000E+00  0.000  10.68
 A324       1.8367 0.13551  14.790 0.0000E+00  0.000  14.79
 A827       1.8372 0.03283   8.594 0.0000E+00  0.000   8.59
 A161       1.8379 0.07246   6.275 0.0000E+00  0.000   6.27
 A29        1.8408 0.09632  12.756 0.0000E+00  0.000  12.76
 A281       1.8411 0.22403   5.613 0.0000E+00  0.000   5.61
 A780       1.8427 0.04237   9.461 0.0000E+00  0.000   9.46
 A268       1.8444 0.03550  11.565 0.0000E+00  0.000  11.56
 A567       1.8529 0.07286   9.220 0.0000E+00  0.000   9.22
 A765       1.8548 0.09003  11.244 0.0000E+00  0.000  11.24
 A728       1.8558 0.16330  12.848 0.0000E+00  0.000  12.85
 A855       1.8564 0.04060   4.342 0.0000E+00  0.000   4.34
 A768       1.8588 0.13996   8.410 0.0000E+00  0.000   8.41
 A477       1.8603 0.09088   2.109 0.0000E+00  0.000   2.11
 A132       1.8614 0.15430  15.866 0.0000E+00  0.000  15.87
 A181       1.8617 0.01539  11.888 0.0000E+00  0.000  11.89
 A407       1.8633 0.02791  15.241 0.0000E+00  0.000  15.24
 A270       1.8635 0.06828   8.082 0.0000E+00  0.000   8.08
 A344       1.8683 0.13587  16.083 0.0000E+00  0.000  16.08
 A50        1.8699 0.09353   8.732 0.0000E+00  0.000   8.73
 A864       1.8721 0.09499   5.444 0.0000E+00  0.000   5.44
 A126       1.8725 0.13030   6.368 0.0000E+00  0.000   6.37
 A90        1.8727 0.57068  13.439 0.0000E+00  0.000  13.44
 A346       1.8773 0.09261  12.582 0.0000E+00  0.000  12.58
 A263       1.8777 0.11151   7.468 0.0000E+00  0.000   7.47
 A628       1.8790 0.08904   5.759 0.0000E+00  0.000   5.76
 A992       1.8797 0.11143   5.650 0.0000E+00  0.000   5.65
 A246       1.8807 0.10884   9.655 0.0000E+00  0.000   9.65
 A33        1.8818 0.06051   9.751 0.0000E+00  0.000   9.75
 A935       1.8842 0.11060   4.358 0.0000E+00  0.000   4.36
 A846       1.8844 0.08453  10.630 0.0000E+00  0.000  10.63
 A665       1.8928 0.11021   6.119 0.0000E+00  0.000   6.12
 A583       1.8960 0.07682   8.591 0.0000E+00  0.000   8.59
 A413       1.8964 0.05097   7.787 0.0000E+00  0.000   7.79
 A428       1.8972 0.12779  15.838 0.0000E+00  0.000  15.84
 A255       1.8977 0.04880   7.874 0.0000E+00  0.000   7.87
 A889       1.9051 0.19238  11.761 0.0000E+00  0.000  11.76
 A611       1.9081 0.07480  18.227 0.0000E+00  0.000  18.23
 A86        1.9084 0.05060   2.744 0.0000E+00  0.000   2.74
 A495       1.9091 0.07847  16.206 0.0000E+00  0.000  16.21
 A994       1.9256 0.08440  14.009 0.0000E+00  0.000  14.01
 A843       1.9260 0.11313   7.162 0.0000E+00  0.000   7.16
 A769       1.9263 0.09963   3.032 0.0000E+00  0.000   3.03
 A995       1.9282 0.08952   8.282 0.0000E+00  0.000   8.28
 A98        1.9300 0.18938  23.227 0.0000E+00  0.000  23.23
 A187       1.9318 0.03490  18.403 0.0000E+00  0.000  18.40
 A144       1.9320 0.11928  13.956 0.0000E+00  0.000  13.96
 A801       1.9326 0.22422   4.413 0.0000E+00  0.000   4.41
 A474       1.9361 0.27508   6.779 0.0000E+00  0.000   6.78
 A311       1.9366 0.16064  14.258 0.0000E+00  0.000  14.26
 A223       1.9376 0.14404  13.274 0.0000E+00  0.000  13.27
 A371       1.9379 0.18477   3.726 0.0000E+00  0.000   3.73
 A617       1.9462 0.28307   5.428 0.0000E+00  0.000   5.43
 A356       1.9464 0.06306  10.753 0.0000E+00  0.000  10.75
 A438       1.9484 0.24033   8.484 0.0000E+00  0.000   8.48
 A675       1.9485 0.15309  23.163 0.0000E+00  0.000  23.16
 A526       1.9518 0.01570  16.456 0.0000E+00  0.000  16.46
 A632       1.9544 0.04862  14.534 0.0000E+00  0.000  14.53
 A942       1.9563 0.14446  22.502 0.0000E+00  0.000  22.50
 A547       1.9637 0.18349  14.377 0.0000E+00  0.000  14.38
 A202       1.9649 0.11477  14.536 0.0000E+00  0.000  14.54
 A82        1.9655 0.11116  23.468 0.0000E+00  0.000  23.47
 A939       1.9678 0.16066  11.071 0.0000E+00  0.000  11.07
 A868       1.9686 0.12410   5.288 0.0000E+00  0.000   5.29
 A742       1.9727 0.05178  26.237 0.0000E+00  0.000  26.24
 A457       1.9770 0.16679  13.791 0.0000E+00  0.000  13.79
 A254       1.9784 0.36271   2.815 0.0000E+00  0.000   2.81
 A777       1.9812 0.10679  23.263 0.0000E+00  0.000  23.26
 A342       1.9814 0.18045  17.931 0.0000E+00  0.000  17.93
 A565       1.9827 0.21987  23.305 0.0000E+00  0.000  23.30
 A481       1.9998 0.07369  21.810 0.0000E+00  0.000  21.81
 A332       2.0024 0.23895  14.130 0.0000E+00  0.000  14.13
 A221       2.0139 0.34972   8.786 0.0000E+00  0.000   8.79
 A704       2.0187 0.14864   2.520 0.0000E+00  0.000   2.52
 A241       2.0263 0.30289   8.646 0.0000E+00  0.000   8.65
 A840       2.0275 0.21777  11.248 0.0000E+00  0.000  11.25
 A576       2.0331 0.28649  11.991 0.0000E+00  0.000  11.99
 A267       2.0380 0.14035  20.526 0.0000E+00  0.000  20.53
 A111       2.0784 0.40548   2.326 0.0000E+00  0.000   2.33
 A169       2.0955 0.06690  25.321 0.0000E+00  0.000  25.32
 A965       2.1003 0.17889   3.978 0.0000E+00  0.000   3.98
 A782       2.1342 0.31460   2.059 0.0000E+00  0.000   2.06
 A549       2.1343 0.44640   5.469 0.0000E+00  0.000   5.47
 A373       2.1397 0.11746  18.675 0.0000E+00  0.000  18.67
 A553       2.1437 0.22896   2.928 0.0000E+00  0.000   2.93
 A251       2.1455 0.39853   5.825 0.0000E+00  0.000   5.82
 A538       2.1512 0.13728   2.038 0.0000E+00  0.000   2.04
 A325       2.1569 0.25552   3.691 0.0000E+00  0.000   3.69
 A921       2.1638 0.29455   1.521 0.0000E+00  0.000   1.52
 A429       2.1647 0.22052   3.438 0.0000E+00  0.000   3.44
 A758       2.1677 0.17069   2.324 0.0000E+00  0.000   2.32
 A670       2.1700 0.40327  17.235 0.0000E+00  0.000  17.23
 A475       2.1709 0.08373   4.864 0.0000E+00  0.000   4.86
 A227       2.1717 0.12188   6.869 0.0000E+00  0.000   6.87
 A966       2.1731 0.33800   7.857 0.0000E+00  0.000   7.86
 A656       2.1743 0.18406   4.732 0.0000E+00  0.000   4.73
 A650       2.1764 0.16800   3.195 0.0000E+00  0.000   3.19
 A149       2.1779 0.31484   7.200 0.0000E+00  0.000   7.20
 A933       2.1872 0.74813  13.737 0.0000E+00  0.000  13.74
 A191       2.1877 0.08037   4.114 0.0000E+00  0.000   4.11
 A214       2.1895 0.09596   3.574 0.0000E+00  0.000   3.57
 A947       2.1962 0.18750   2.876 0.0000E+00  0.000   2.88
 A308       2.1966 0.17150   2.800 0.0000E+00  0.000   2.80
 A513       2.1970 0.13324   1.483 0.0000E+00  0.000   1.48
 A654       2.1977 0.16630   4.348 0.0000E+00  0.000   4.35
 A94        2.2008 0.21649   4.482 0.0000E+00  0.000   4.48
 A379       2.2029 0.25867   4.023 0.0000E+00  0.000   4.02
 A557       2.2047 0.17415   6.807 0.0000E+00  0.000   6.81
 A293       2.2108 0.10798   5.090 0.0000E+00  0.000   5.09
 A45        2.2121 0.22542   8.038 0.0000E+00  0.000   8.04
 A940       2.2171 0.32454   8.634 0.0000E+00  0.000   8.63
 A28        2.2186 0.10837   0.692 0.0000E+00  0.000   0.69
 A908       2.2220 0.04763   3.656 0.0000E+00  0.000   3.66
 A185       2.2239 0.05510   1.838 0.0000E+00  0.000   1.84
 A854       2.2270 0.10657   4.183 0.0000E+00  0.000   4.18
 A72        2.2272 0.08284   6.027 0.0000E+00  0.000   6.03
 A734       2.2295 0.12643   4.600 0.0000E+00  0.000   4.60
 A476       2.2331 0.16164   6.567 0.0000E+00  0.000   6.57
 A990       2.2525 0.08670   9.565 0.0000E+00  0.000   9.57
 A171       2.2562 0.15067   2.205 0.0000E+00  0.000   2.20
 A307       2.2587 0.12510   2.899 0.0000E+00  0.000   2.90
 A384       2.2633 0.08845   9.016 0.0000E+00  0.000   9.02
 A278       2.2645 0.13390   6.525 0.0000E+00  0.000   6.53
 A681       2.2648 0.11683   4.891 0.0000E+00  0.000   4.89
 A22        2.2653 0.18534   8.087 0.0000E+00  0.000   8.09
 A229       2.2653 0.11421   4.277 0.0000E+00  0.000   4.28
 A710       2.2663 0.12176   1.337 0.0000E+00  0.000   1.34
 A224       2.2667 0.10973   4.591 0.0000E+00  0.000   4.59
 A61        2.2722 0.09583   2.827 0.0000E+00  0.000   2.83
 A97        2.2732 0.13888   9.494 0.0000E+00  0.000   9.49
 A310       2.2946 0.13413   6.853 0.0000E+00  0.000   6.85
 A818       2.2949 0.12421   6.651 0.0000E+00  0.000   6.65
 A784       2.2965 0.17234   5.348 0.0000E+00  0.000   5.35
 A147       2.2968 0.08455   4.253 0.0000E+00  0.000   4.25
 A672       2.3015 0.11750   6.737 0.0000E+00  0.000   6.74
 A302       2.3024 0.76759  15.149 0.0000E+00  0.000  15.15
 A890       2.3025 0.08399   0.848 0.0000E+00  0.000   0.85
 A744       2.3029 0.16592   8.312 0.0000E+00  0.000   8.31
 A770       2.3063 0.03217   2.571 0.0000E+00  0.000   2.57
 A455       2.3124 0.06317  10.508 0.0000E+00  0.000  10.51
 A796       2.3139 0.10978   2.344 0.0000E+00  0.000   2.34
 A158       2.3169 0.12691   2.277 0.0000E+00  0.000   2.28
 A991       2.3176 0.08969   8.526 0.0000E+00  0.000   8.53
 A726       2.3204 0.08414   6.874 0.0000E+00  0.000   6.87
 A35        2.3208 0.11097   9.876 0.0000E+00  0.000   9.88
 A849       2.3208 0.09300   2.605 0.0000E+00  0.000   2.60
 A272       2.3245 0.10349   5.625 0.0000E+00  0.000   5.63
 A867       2.3265 0.05296   7.941 0.0000E+00  0.000   7.94
 A313       2.3332 0.08652   9.403 0.0000E+00  0.000   9.40
 A473       2.3387 0.11808   3.337 0.0000E+00  0.000   3.34
 A918       2.3399 0.07193   2.830 0.0000E+00  0.000   2.83
 A465       2.3415 0.12309   6.256 0.0000E+00  0.000   6.26
 A1000      2.3483 0.11211   2.337 0.0000E+00  0.000   2.34
 A323       2.3486 0.05933   3.841 0.0000E+00  0.000   3.84
 A436       2.3568 0.15880   9.673 0.0000E+00  0.000   9.67
 A165       2.3584 0.21352   2.884 0.0000E+00  0.000   2.88
 A174       2.3666 0.09972   5.033 0.0000E+00  0.000   5.03
 A902       2.3685 0.09883   6.403 0.0000E+00  0.000   6.40
 A790       2.3705 0.04329   1.796 0.0000E+00  0.000   1.80
 A127       2.3707 0.10609   3.597 0.0000E+00  0.000   3.60
 A375       2.3745 0.13030   2.333 0.0000E+00  0.000   2.33
 A257       2.3765 0.09449   3.961 0.0000E+00  0.000   3.96
 A605       2.3821 0.15141   1.545 0.0000E+00  0.000   1.55
 A748       2.3849 0.08848   5.210 0.0000E+00  0.000   5.21
 A641       2.3855 0.15341   1.400 0.0000E+00  0.000   1.40
 A858       2.3860 0.04398  11.158 0.0000E+00  0.000  11.16
 A530       2.3867 0.05632   6.756 0.0000E+00  0.000   6.76
 A321       2.3899 0.12428   5.614 0.0000E+00  0.000   5.61
 A696       2.3911 0.03126   2.171 0.0000E+00  0.000   2.17
 A20        2.3913 0.12128   2.957 0.0000E+00  0.000   2.96
 A48        2.3956 0.01661   1.396 0.0000E+00  0.000   1.40
 A93        2.4001 0.05783   2.040 0.0000E+00  0.000   2.04
 A156       2.4045 0.10335   3.442 0.0000E+00  0.000   3.44
 A101       2.4074 0.12058  11.507 0.0000E+00  0.000  11.51
 A967       2.4075 0.07469   7.903 0.0000E+00  0.000   7.90
 A444       2.4099 0.08592   3.928 0.0000E+00  0.000   3.93
 A695       2.4111 0.10589   4.714 0.0000E+00  0.000   4.71
 A895       2.4132 0.17748   9.693 0.0000E+00  0.000   9.69
 A345       2.4175 0.10604   5.441 0.0000E+00  0.000   5.44
 A159       2.4195 0.07270   2.041 0.0000E+00  0.000   2.04
 A876       2.4228 0.04066   6.363 0.0000E+00  0.000   6.36
 A821       2.4232 0.08752   2.491 0.0000E+00  0.000   2.49
 A998       2.4338 0.07448   4.724 0.0000E+00  0.000   4.72
 A776       2.4386 0.12317   0.576 0.0000E+00  0.000   0.58
 A831       2.4462 0.16489   8.996 0.0000E+00  0.000   9.00
 A953       2.4470 0.04015   3.710 0.0000E+00  0.000   3.71
 A836       2.4489 0.64410  24.710 0.0000E+00  0.000  24.71
 A943       2.4490 0.03965   8.460 0.0000E+00  0.000   8.46
 A172       2.4665 0.12913   9.149 0.0000E+00  0.000   9.15
 A442       2.4736 0.04819   3.070 0.0000E+00  0.000   3.07
 A701       2.4797 0.05438  12.214 0.0000E+00  0.000  12.21
 A112       2.4805 0.07723   6.730 0.0000E+00  0.000   6.73
 A388       2.4826 0.04926   3.211 0.0000E+00  0.000   3.21
 A791       2.4934 0.03399   5.631 0.0000E+00  0.000   5.63
 A337       2.4938 0.07448   4.288 0.0000E+00  0.000   4.29
 A13        2.5097 0.07447   9.503 0.0000E+00  0.000   9.50
 A884       2.5162 0.06631   1.704 0.0000E+00  0.000   1.70
 A599       2.5185 0.02041   3.751 0.0000E+00  0.000   3.75
 A975       2.5241 0.09804   3.670 0.0000E+00  0.000   3.67
 A367       2.5250 0.07351   4.398 0.0000E+00  0.000   4.40
 A102       2.5255 0.16009   2.212 0.0000E+00  0.000   2.21
 A424       2.5284 0.23977   9.311 0.0000E+00  0.000   9.31
 A236       2.5311 0.19437   1.252 0.0000E+00  0.000   1.25
 A651       2.5330 0.17111   1.308 0.0000E+00  0.000   1.31
 A287       2.5405 0.12513   4.374 0.0000E+00  0.000   4.37
 A705       2.5438 0.09611   3.567 0.0000E+00  0.000   3.57
 A374       2.5455 0.04671   9.711 0.0000E+00  0.000   9.71
 A468       2.5461 0.10781   4.162 0.0000E+00  0.000   4.16
 A352       2.5466 0.07117   7.079 0.0000E+00  0.000   7.08
 A922       2.5470 0.10410   1.924 0.0000E+00  0.000   1.92
 A861       2.5572 0.25530   2.198 0.0000E+00  0.000   2.20
 A89        2.5582 0.08590   8.804 0.0000E+00  0.000   8.80
 A690       2.5606 0.06176   5.274 0.0000E+00  0.000   5.27
 A11        2.5644 0.09124   9.111 0.0000E+00  0.000   9.11
 A222       2.5657 0.08051   6.820 0.0000E+00  0.000   6.82
 A596       2.5659 0.06440  10.062 0.0000E+00  0.000  10.06
 A42        2.5662 0.11606   6.403 0.0000E+00  0.000   6.40
 A706       2.5666 0.04459   4.151 0.0000E+00  0.000   4.15
 A806       2.5693 0.16065   8.142 0.0000E+00  0.000   8.14
 A167       2.5736 0.06648   6.363 0.0000E+00  0.000   6.36
 A851       2.5776 0.15136   5.761 0.0000E+00  0.000   5.76
 A331       2.5788 0.06024   2.189 0.0000E+00  0.000   2.19
 A844       2.5804 0.21539   5.721 0.0000E+00  0.000   5.72
 A239       2.5855 0.08755   6.805 0.0000E+00  0.000   6.81
 A666       2.5862 0.15394   2.711 0.0000E+00  0.000   2.71
 A688       2.5874 0.35260   3.926 0.0000E+00  0.000   3.93
 A31        2.5969 0.09150   8.621 0.0000E+00  0.000   8.62
 A431       2.6001 0.07481   4.253 0.0000E+00  0.000   4.25
 A175       2.6010 0.04117   2.745 0.0000E+00  0.000   2.75
 A422       2.6011 0.09828   5.278 0.0000E+00  0.000   5.28
 A276       2.6015 0.08957   0.430 0.0000E+00  0.000   0.43
 A284       2.6073 0.06880   6.079 0.0000E+00  0.000   6.08
 A256       2.6107 0.13524   9.576 0.0000E+00  0.000   9.58
 A896       2.6149 0.05517   7.717 0.0000E+00  0.000   7.72
 A609       2.6149 0.07993   6.856 0.0000E+00  0.000   6.86
 A450       2.6159 0.15997   3.561 0.0000E+00  0.000   3.56
 A213       2.6188 0.18921   5.063 0.0000E+00  0.000   5.06
 A141       2.6199 0.05011   1.410 0.0000E+00  0.000   1.41
 A662       2.6211 0.02770   1.549 0.0000E+00  0.000   1.55
 A661       2.6232 0.05422   4.548 0.0000E+00  0.000   4.55
 A135       2.6240 0.13527   9.656 0.0000E+00  0.000   9.66
 A891       2.6300 0.15840   6.568 0.0000E+00  0.000   6.57
 A454       2.6322 0.06036  10.980 0.0000E+00  0.000  10.98
 A338       2.6331 0.08782   7.103 0.0000E+00  0.000   7.10
 A184       2.6392 0.04424   7.063 0.0000E+00  0.000   7.06
 A372       2.6395 0.19145   3.008 0.0000E+00  0.000   3.01
 A67        2.6430 0.24584   6.950 0.0000E+00  0.000   6.95
 A204       2.6431 0.07927   7.789 0.0000E+00  0.000   7.79
 A386       2.6457 0.08000   5.151 0.0000E+00  0.000   5.15
 A925       2.6504 0.13826   2.307 0.0000E+00  0.000   2.31
 A853       2.6556 0.15244   1.400 0.0000E+00  0.000   1.40
 A872       2.6566 0.03164   0.867 0.0000E+00  0.000   0.87
 A968       2.6591 0.17846   5.190 0.0000E+00  0.000   5.19
 A6         2.6651 0.15088   4.672 0.0000E+00  0.000   4.67
 A489       2.6676 0.11220   6.352 0.0000E+00  0.000   6.35
 A938       2.6699 0.12268   1.838 0.0000E+00  0.000   1.84
 A718       2.6712 0.04927   5.997 0.0000E+00  0.000   6.00
 A957       2.6713 0.14087   5.026 0.0000E+00  0.000   5.03
 A887       2.6748 0.08311  11.316 0.0000E+00  0.000  11.32
 A715       2.6870 0.10151   2.749 0.0000E+00  0.000   2.75
 A709       2.6889 0.00951   3.565 0.0000E+00  0.000   3.56
 A730       2.6914 0.09461   4.066 0.0000E+00  0.000   4.07
 A471       2.6943 0.09583   7.463 0.0000E+00  0.000   7.46
 A630       2.6947 0.12409   0.497 0.0000E+00  0.000   0.50
 A911       2.6988 0.22335   2.790 0.0000E+00  0.000   2.79
 A100       2.7009 0.09401   7.470 0.0000E+00  0.000   7.47
 A39        2.7013 0.05360   9.439 0.0000E+00  0.000   9.44
 A360       2.7051 0.04721   1.997 0.0000E+00  0.000   2.00
 A4         2.7082 0.08435   2.320 0.0000E+00  0.000   2.32
 A499       2.7100 0.03711   2.280 0.0000E+00  0.000   2.28
 A833       2.7173 0.01045   9.293 0.0000E+00  0.000   9.29
 A963       2.7179 0.16462   7.754 0.0000E+00  0.000   7.75
 A815       2.7202 0.20188   3.620 0.0000E+00  0.000   3.62
 A303       2.7252 0.03391   5.275 0.0000E+00  0.000   5.28
 A316       2.7271 0.15666   7.580 0.0000E+00  0.000   7.58
 A682       2.7272 0.07919   3.499 0.0000E+00  0.000   3.50
 A409       2.7282 0.15041   4.384 0.0000E+00  0.000   4.38
 A917       2.7292 0.02436   7.474 0.0000E+00  0.000   7.47
 A208       2.7297 0.10408  10.403 0.0000E+00  0.000  10.40
 A934       2.7300 0.05748   2.058 0.0000E+00  0.000   2.06
 A552       2.7301 0.03340   6.246 0.0000E+00  0.000   6.25
 A300       2.7356 0.12222   7.729 0.0000E+00  0.000   7.73
 A451       2.7451 0.02146   8.118 0.0000E+00  0.000   8.12
 A694       2.7468 0.01952   0.985 0.0000E+00  0.000   0.99
 A624       2.7503 0.11152   8.069 0.0000E+00  0.000   8.07
 A760       2.7510 0.11041   2.438 0.0000E+00  0.000   2.44
 A747       2.7512 0.06762   2.422 0.0000E+00  0.000   2.42
 A87        2.7514 0.00929   8.706 0.0000E+00  0.000   8.71
 A243       2.7519 0.03441   8.408 0.0000E+00  0.000   8.41
 A735       2.7576 0.02930   4.119 0.0000E+00  0.000   4.12
 A800       2.7579 0.14384   3.695 0.0000E+00  0.000   3.70
 A336       2.7594 0.10909   3.881 0.0000E+00  0.000   3.88
 A2         2.7604 0.10575   0.751 0.0000E+00  0.000   0.75
 A312       2.7604 0.10950   8.077 0.0000E+00  0.000   8.08
 A37        2.7631 0.11107   3.270 0.0000E+00  0.000   3.27
 A294       2.7658 0.09412   5.303 0.0000E+00  0.000   5.30
 A365       2.7709 0.11803   8.401 0.0000E+00  0.000   8.40
 A393       2.7793 0.16161   6.707 0.0000E+00  0.000   6.71
 A19        2.7817 0.10553   9.114 0.0000E+00  0.000   9.11
 A432       2.7822 0.16521   2.301 0.0000E+00  0.000   2.30
 A838       2.7881 0.07220   2.368 0.0000E+00  0.000   2.37
 A339       2.7900 0.15408   2.905 0.0000E+00  0.000   2.90
 A648       2.7954 0.04278   5.342 0.0000E+00  0.000   5.34
 A120       2.7955 0.07801   8.258 0.0000E+00  0.000   8.26
 A233       2.7960 0.21477   4.260 0.0000E+00  0.000   4.26
 A237       2.7966 0.16076   4.047 0.0000E+00  0.000   4.05
 A812       2.8045 0.06607   2.209 0.0000E+00  0.000   2.21
 A629       2.8064 0.07811   3.216 0.0000E+00  0.000   3.22
 A163       2.8085 0.05393   2.602 0.0000E+00  0.000   2.60
 A826       2.8156 0.09674   0.591 0.0000E+00  0.000   0.59
 A764       2.8170 0.05340   9.082 0.0000E+00  0.000   9.08
 A586       2.8304 0.00468   2.957 0.0000E+00  0.000   2.96
 A574       2.8319 0.10546   5.873 0.0000E+00  0.000   5.87
 A403       2.8373 0.08461   2.070 0.0000E+00  0.000   2.07
 A353       2.8413 0.15918   7.072 0.0000E+00  0.000   7.07
 A196       2.8416 0.06362   5.459 0.0000E+00  0.000   5.46
 A888       2.8448 0.09449   2.171 0.0000E+00  0.000   2.17
 A340       2.8494 0.06062   4.432 0.0000E+00  0.000   4.43
 A507       2.8502 0.05644   2.899 0.0000E+00  0.000   2.90
 A762       2.8523 0.05107   9.259 0.0000E+00  0.000   9.26
 A426       2.8524 0.15904   9.511 0.0000E+00  0.000   9.51
 A620       2.8538 0.13133   0.738 0.0000E+00  0.000   0.74
 A528       2.8567 0.10993   8.090 0.0000E+00  0.000   8.09
 A763       2.8589 0.06783   2.220 0.0000E+00  0.000   2.22
 A600       2.8592 0.13820   0.743 0.0000E+00  0.000   0.74
 A850       2.8608 0.18164   1.796 0.0000E+00  0.000   1.80
 A984       2.8665 0.06957   3.278 0.0000E+00  0.000   3.28
 A881       2.8670 0.21912   5.956 0.0000E+00  0.000   5.96
 A483       2.8671 0.13474   3.587 0.0000E+00  0.000   3.59
 A912       2.8681 0.02868   7.891 0.0000E+00  0.000   7.89
 A320       2.8686 0.04463   8.502 0.0000E+00  0.000   8.50
 A177       2.8747 0.04399   2.725 0.0000E+00  0.000   2.72
 A612       2.8771 0.06097   8.136 0.0000E+00  0.000   8.14
 A540       2.8829 0.06344   8.500 0.0000E+00  0.000   8.50
 A754       2.8830 0.01907   2.921 0.0000E+00  0.000   2.92
 A330       2.8837 0.10845   7.443 0.0000E+00  0.000   7.44
 A737       2.8882 0.06759   3.599 0.0000E+00  0.000   3.60
 A794       2.8895 0.12302   7.556 0.0000E+00  0.000   7.56
 A382       2.8902 0.18708   0.759 0.0000E+00  0.000   0.76
 A669       2.8940 0.10383   0.794 0.0000E+00  0.000   0.79
 A679       2.8964 0.06543   4.925 0.0000E+00  0.000   4.92
 A727       2.9062 0.18016   4.002 0.0000E+00  0.000   4.00
 A885       2.9082 0.08367   7.426 0.0000E+00  0.000   7.43
 A333       2.9083 0.10067   6.993 0.0000E+00  0.000   6.99
 A830       2.9106 0.05688   1.527 0.0000E+00  0.000   1.53
 A478       2.9227 0.03931   2.541 0.0000E+00  0.000   2.54
 A484       2.9258 0.12495   4.702 0.0000E+00  0.000   4.70
 A785       2.9271 0.06084   2.096 0.0000E+00  0.000   2.10
 A359       2.9293 0.16471   7.570 0.0000E+00  0.000   7.57
 A659       2.9348 0.03878   5.085 0.0000E+00  0.000   5.09
 A77        2.9394 0.04673   8.694 0.0000E+00  0.000   8.69
 A193       2.9405 0.07071   3.386 0.0000E+00  0.000   3.39
 A49        2.9469 0.09963   3.765 0.0000E+00  0.000   3.77
 A143       2.9469 0.11318   5.153 0.0000E+00  0.000   5.15
 A788       2.9581 0.06814   5.528 0.0000E+00  0.000   5.53
 A347       2.9624 0.05883   3.260 0.0000E+00  0.000   3.26
 A459       2.9644 0.08479   2.354 0.0000E+00  0.000   2.35
 A21        2.9659 0.09716   4.484 0.0000E+00  0.000   4.48
 A931       2.9674 0.10151   3.131 0.0000E+00  0.000   3.13
 A176       2.9685 0.14982   7.066 0.0000E+00  0.000   7.07
 A869       2.9707 0.02747  10.136 0.0000E+00  0.000  10.14
 A59        2.9749 0.19658   6.641 0.0000E+00  0.000   6.64
 A986       2.9789 0.06484   2.485 0.0000E+00  0.000   2.48
 A501       2.9823 0.13501   0.749 0.0000E+00  0.000   0.75
 A118       2.9844 0.03437   8.594 0.0000E+00  0.000   8.59
 A720       2.9889 0.12393   3.091 0.0000E+00  0.000   3.09
 A462       3.0001 0.05076   2.915 0.0000E+00  0.000   2.92
 A408       3.0001 0.05849   2.550 0.0000E+00  0.000   2.55
 A410       3.0003 0.10134   4.078 0.0000E+00  0.000   4.08
 A182       3.0016 0.14625   9.708 0.0000E+00  0.000   9.71
 A115       3.0024 0.13058   1.321 0.0000E+00  0.000   1.32
 A23        3.0102 0.03983   1.264 0.0000E+00  0.000   1.26
 A464       3.0166 0.12242   1.136 0.0000E+00  0.000   1.14
 A235       3.0175 0.02228   8.535 0.0000E+00  0.000   8.54
 A282       3.0216 0.10800   0.436 0.0000E+00  0.000   0.44
 A527       3.0245 0.14009   2.608 0.0000E+00  0.000   2.61
 A640       3.0306 0.13843   3.887 0.0000E+00  0.000   3.89
 A883       3.0336 0.02199   6.447 0.0000E+00  0.000   6.45
 A897       3.0337 0.09260  10.132 0.0000E+00  0.000  10.13
 A590       3.0383 0.19518   4.091 0.0000E+00  0.000   4.09
 A240       3.0437 0.08356   5.172 0.0000E+00  0.000   5.17
 A1         3.0458 0.09406   2.768 0.0000E+00  0.000   2.77
 A385       3.0521 0.05426   1.614 0.0000E+00  0.000   1.61
 A646       3.0535 0.11341   2.079 0.0000E+00  0.000   2.08
 A712       3.0574 0.12234   5.444 0.0000E+00  0.000   5.44
 A804       3.0583 0.09146   3.562 0.0000E+00  0.000   3.56
 A397       3.0594 0.00768   1.490 0.0000E+00  0.000   1.49
 A54        3.0683 0.04579   1.062 0.0000E+00  0.000   1.06
 A550       3.0716 0.10002   7.603 0.0000E+00  0.000   7.60
 A539       3.0728 0.08943   3.352 0.0000E+00  0.000   3.35
 A76        3.0743 0.12285   5.811 0.0000E+00  0.000   5.81
 A722       3.0766 0.16494  10.373 0.0000E+00  0.000  10.37
 A420       3.0780 0.15938   1.642 0.0000E+00  0.000   1.64
 A416       3.0792 0.13554   5.842 0.0000E+00  0.000   5.84
 A248       3.0799 0.08008   6.661 0.0000E+00  0.000   6.66
 A123       3.0812 0.10407   4.066 0.0000E+00  0.000   4.07
 A692       3.0819 0.11589   6.359 0.0000E+00  0.000   6.36
 A252       3.0848 0.11076   0.445 0.0000E+00  0.000   0.44
 A566       3.0907 0.08698  10.099 0.0000E+00  0.000  10.10
 A689       3.0946 0.04589   3.758 0.0000E+00  0.000   3.76
 A106       3.1002 0.03506   6.623 0.0000E+00  0.000   6.62
 A893       3.1040 0.08800   5.484 0.0000E+00  0.000   5.48
 A996       3.1113 0.09312   4.412 0.0000E+00  0.000   4.41
 A391       3.1117 0.16543   3.489 0.0000E+00  0.000   3.49
 A71        3.1152 0.05367   4.028 0.0000E+00  0.000   4.03
 A68        3.1175 0.10236   8.188 0.0000E+00  0.000   8.19
 A456       3.1181 0.05443   4.014 0.0000E+00  0.000   4.01
 A218       3.1197 0.02398   6.833 0.0000E+00  0.000   6.83
 A250       3.1205 0.08024   1.940 0.0000E+00  0.000   1.94
 A335       3.1216 0.08642   8.688 0.0000E+00  0.000   8.69
 A194       3.1248 0.14370   9.074 0.0000E+00  0.000   9.07
 A247       3.1308 0.10660   1.411 0.0000E+00  0.000   1.41
 A78        3.1331 0.12517   9.422 0.0000E+00  0.000   9.42
 A653       3.1331 0.11535   7.885 0.0000E+00  0.000   7.89
 A16        3.1339 0.17047   4.644 0.0000E+00  0.000   4.64
 A133       3.1381 0.08360   8.584 0.0000E+00  0.000   8.58
 A674       3.1396 0.11887   7.118 0.0000E+00  0.000   7.12
 A244       3.1458 0.07976   7.154 0.0000E+00  0.000   7.15
 A279       3.1483 0.06993   9.110 0.0000E+00  0.000   9.11
 A589       3.1489 0.02852   7.854 0.0000E+00  0.000   7.85
 A103       3.1566 0.03534   2.894 0.0000E+00  0.000   2.89
 A819       3.1599 0.06828   0.438 0.0000E+00  0.000   0.44
 A711       3.1684 0.09870   6.536 0.0000E+00  0.000   6.54
 A766       3.1713 0.07621   7.893 0.0000E+00  0.000   7.89
 A305       3.1726 0.04236   8.469 0.0000E+00  0.000   8.47
 A546       3.1746 0.08295   5.818 0.0000E+00  0.000   5.82
 A592       3.1760 0.05974   3.206 0.0000E+00  0.000   3.21
 A949       3.1788 0.01422   4.934 0.0000E+00  0.000   4.93
 A959       3.1797 0.04507   2.039 0.0000E+00  0.000   2.04
 A480       3.1827 0.09851   5.825 0.0000E+00  0.000   5.82
 A877       3.1836 0.14582   7.885 0.0000E+00  0.000   7.89
 A401       3.1860 0.06467   5.199 0.0000E+00  0.000   5.20
 A40        3.1860 0.09038   8.776 0.0000E+00  0.000   8.78
 A834       3.1942 0.06052   0.818 0.0000E+00  0.000   0.82
 A898       3.1969 0.02035   3.595 0.0000E+00  0.000   3.60
 A326       3.1994 0.11543   0.462 0.0000E+00  0.000   0.46
 A195       3.2004 0.08086   9.264 0.0000E+00  0.000   9.26
 A657       3.2029 0.12851   2.968 0.0000E+00  0.000   2.97
 A707       3.2064 0.11645   0.914 0.0000E+00  0.000   0.91
 A716       3.2080 0.11306   5.883 0.0000E+00  0.000   5.88
 A572       3.2126 0.13301   2.099 0.0000E+00  0.000   2.10
 A563       3.2154 0.03828   1.672 0.0000E+00  0.000   1.67
 A700       3.2158 0.13266   2.146 0.0000E+00  0.000   2.15
 A60        3.2159 0.08944   7.219 0.0000E+00  0.000   7.22
 A626       3.2212 0.08823   5.571 0.0000E+00  0.000   5.57
 A832       3.2212 0.06822   8.207 0.0000E+00  0.000   8.21
 A298       3.2263 0.11138   3.990 0.0000E+00  0.000   3.99
 A825       3.2272 0.10135   9.947 0.0000E+00  0.000   9.95
 A930       3.2333 0.14355   6.293 0.0000E+00  0.000   6.29
 A551       3.2386 0.08645   7.313 0.0000E+00  0.000   7.31
 A779       3.2400 0.41181  33.996 0.0000E+00  0.000  34.00
 A676       3.2424 0.05854   1.649 0.0000E+00  0.000   1.65
 A164       3.2464 0.26736  19.577 0.0000E+00  0.000  19.58
 A910       3.2476 0.12459   5.703 0.0000E+00  0.000   5.70
 A644       3.2515 0.12037   9.099 0.0000E+00  0.000   9.10
 A948       3.2759 0.06327  10.097 0.0000E+00  0.000  10.10
 A490       3.2862 0.10077  51.024 0.0000E+00  0.000  51.02
 A606       3.3098 0.10831   9.600 0.0000E+00  0.000   9.60
 A261       3.3128 0.17587   2.839 0.0000E+00  0.000   2.84
 A680       3.3294 0.10894   5.168 0.0000E+00  0.000   5.17
 A808       3.3340 0.06682   0.399 0.0000E+00  0.000   0.40
 A684       3.3383 0.03869   1.311 0.0000E+00  0.000   1.31
 A271       3.3402 0.14276   9.673 0.0000E+00  0.000   9.67
 A370       3.3404 0.24453   4.756 0.0000E+00  0.000   4.76
 A822       3.3421 0.39455  14.399 0.0000E+00  0.000  14.40
 A209       3.3437 0.07801   2.991 0.0000E+00  0.000   2.99
 A759       3.3472 0.06326   3.824 0.0000E+00  0.000   3.82
 A363       3.3479 0.04527   3.984 0.0000E+00  0.000   3.98
 A357       3.3486 0.06514   8.530 0.0000E+00  0.000   8.53
 A231       3.3508 0.12480   9.880 0.0000E+00  0.000   9.88
 A262       3.3583 0.18807   3.087 0.0000E+00  0.000   3.09
 A643       3.3585 0.07763   6.044 0.0000E+00  0.000   6.04
 A929       3.3618 0.01612   3.430 0.0000E+00  0.000   3.43
 A621       3.3653 0.07990   1.505 0.0000E+00  0.000   1.50
 A520       3.3663 0.12906   7.135 0.0000E+00  0.000   7.14
 A616       3.3667 0.04817   1.089 0.0000E+00  0.000   1.09
 A376       3.3674 0.04073   1.099 0.0000E+00  0.000   1.10
 A997       3.3684 0.11690   8.807 0.0000E+00  0.000   8.81
 A598       3.3741 0.04732   6.296 0.0000E+00  0.000   6.30
 A128       3.3788 0.12788   4.349 0.0000E+00  0.000   4.35
 A53        3.3793 0.13000   2.521 0.0000E+00  0.000   2.52
 A66        3.3804 0.13789   5.325 0.0000E+00  0.000   5.32
 A781       3.3814 0.13084   7.111 0.0000E+00  0.000   7.11
 A524       3.3817 0.01813   2.030 0.0000E+00  0.000   2.03
 A137       3.3827 0.11314   6.766 0.0000E+00  0.000   6.77
 A805       3.3879 0.16626   7.680 0.0000E+00  0.000   7.68
 A460       3.3882 0.12797   0.599 0.0000E+00  0.000   0.60
 A568       3.3940 0.19008   1.653 0.0000E+00  0.000   1.65
 A573       3.3941 0.15791   1.359 0.0000E+00  0.000   1.36
 A914       3.3954 0.08747   8.535 0.0000E+00  0.000   8.53
 A542       3.3992 0.05327   5.337 0.0000E+00  0.000   5.34
 A597       3.3995 0.09397   2.684 0.0000E+00  0.000   2.68
 A160       3.4038 0.06316   4.311 0.0000E+00  0.000   4.31
 A741       3.4077 0.13959   8.607 0.0000E+00  0.000   8.61
 A131       3.4144 0.18131   3.417 0.0000E+00  0.000   3.42
 A778       3.4147 0.07446   6.003 0.0000E+00  0.000   6.00
 A154       3.4149 0.09006   3.521 0.0000E+00  0.000   3.52
 A697       3.4150 0.04505   6.658 0.0000E+00  0.000   6.66
 A569       3.4193 0.15022   8.572 0.0000E+00  0.000   8.57
 A458       3.4196 0.12934   3.154 0.0000E+00  0.000   3.15
 A813       3.4223 0.05186   8.403 0.0000E+00  0.000   8.40
 A57        3.4245 0.10523   5.263 0.0000E+00  0.000   5.26
 A27        3.4344 0.04189   8.597 0.0000E+00  0.000   8.60
 A166       3.4344 0.12427   0.550 0.0000E+00  0.000   0.55
 A708       3.4394 0.13626   4.996 0.0000E+00  0.000   5.00
 A523       3.4509 0.07229   1.322 0.0000E+00  0.000   1.32
 A463       3.4514 0.15730   6.948 0.0000E+00  0.000   6.95
 A322       3.4541 0.10046   6.785 0.0000E+00  0.000   6.78
 A558       3.4586 0.12545   2.390 0.0000E+00  0.000   2.39
 A75        3.4682 0.03825   8.722 0.0000E+00  0.000   8.72
 A3         3.4693 0.12326   8.682 0.0000E+00  0.000   8.68
 A502       3.4722 0.08707   3.532 0.0000E+00  0.000   3.53
 A645       3.4762 0.05782   9.036 0.0000E+00  0.000   9.04
 A260       3.4793 0.10007   0.260 0.0000E+00  0.000   0.26
 A452       3.4812 0.10004   4.253 0.0000E+00  0.000   4.25
 A873       3.4820 0.16662   4.253 0.0000E+00  0.000   4.25
 A110       3.4852 0.09627   0.409 0.0000E+00  0.000   0.41
 A88        3.4863 0.21527   2.300 0.0000E+00  0.000   2.30
 A623       3.4868 0.13851   5.764 0.0000E+00  0.000   5.76
 A981       3.4945 0.14667   7.827 0.0000E+00  0.000   7.83
 A970       3.4948 0.00138   2.099 0.0000E+00  0.000   2.10
 A789       3.4989 0.13234   2.884 0.0000E+00  0.000   2.88
 A415       3.5104 0.08890   4.979 0.0000E+00  0.000   4.98
 A906       3.5258 0.06900   4.475 0.0000E+00  0.000   4.47
 A882       3.5302 0.15675   5.613 0.0000E+00  0.000   5.61
 A945       3.5346 0.12853   5.312 0.0000E+00  0.000   5.31
 A987       3.5372 0.17092   9.730 0.0000E+00  0.000   9.73
 A433       3.5396 0.14656   0.611 0.0000E+00  0.000   0.61
 A274       3.5408 0.17175   1.315 0.0000E+00  0.000   1.32
 A245       3.5425 0.04797   5.695 0.0000E+00  0.000   5.70
 A829       3.5449 0.16207   3.951 0.0000E+00  0.000   3.95
 A531       3.5502 0.03574   0.776 0.0000E+00  0.000   0.78
 A453       3.5562 0.12316   4.793 0.0000E+00  0.000   4.79
 A318       3.5770 0.06766   4.547 0.0000E+00  0.000   4.55
 A561       3.6005 0.04668   7.722 0.0000E+00  0.000   7.72
 A500       3.6167 0.04576   7.770 0.0000E+00  0.000   7.77
 A220       3.6188 0.11713   2.207 0.0000E+00  0.000   2.21
 A417       3.6190 0.10659   9.317 0.0000E+00  0.000   9.32
 A894       3.6243 0.13727   9.085 0.0000E+00  0.000   9.08
 A955       3.6268 0.08163   3.690 0.0000E+00  0.000   3.69
 A580       3.6279 0.17281   3.697 0.0000E+00  0.000   3.70
 A435       3.6330 0.14379   4.480 0.0000E+00  0.000   4.48
 A52        3.6345 0.07605   4.068 0.0000E+00  0.000   4.07
 A932       3.6378 0.15438   3.310 0.0000E+00  0.000   3.31
 A291       3.6397 0.02383   8.081 0.0000E+00  0.000   8.08
 A219       3.6434 0.12362   7.272 0.0000E+00  0.000   7.27
 A402       3.6436 0.04140   2.630 0.0000E+00  0.000   2.63
 A124       3.6498 0.05559   1.963 0.0000E+00  0.000   1.96
 A108       3.6527 0.18890  10.830 0.0000E+00  0.000  10.83
 A434       3.6540 0.09172   3.838 0.0000E+00  0.000   3.84
 A927       3.6622 0.10894   0.976 0.0000E+00  0.000   0.98
 A148       3.6806 0.24693   4.327 0.0000E+00  0.000   4.33
 A242       3.7588 0.02468   9.071 0.0000E+00  0.000   9.07
 A622       3.7604 0.13357   2.206 0.0000E+00  0.000   2.21
 A183       3.7662 0.15346   3.791 0.0000E+00  0.000   3.79
 A383       3.7720 0.13015   0.793 0.0000E+00  0.000   0.79
 A863       3.8613 0.10053   0.183 0.0000E+00  0.000   0.18
 A904       3.8850 0.15124   0.230 0.0000E+00  0.000   0.23
 A125       3.8967 0.26528   4.417 0.0000E+00  0.000   4.42
 A913       3.9220 0.24694   1.203 0.0000E+00  0.000   1.20
 A614       3.9240 0.04479   2.521 0.0000E+00  0.000   2.52
 A723       3.9276 0.07846   1.233 0.0000E+00  0.000   1.23
 A198       3.9302 0.21403   1.776 0.0000E+00  0.000   1.78
 A212       3.9469 0.23313   7.325 0.0000E+00  0.000   7.32
 A810       3.9542 0.08530   5.790 0.0000E+00  0.000   5.79
 A392       3.9698 0.22332   5.758 0.0000E+00  0.000   5.76
 A30        3.9765 0.14083   2.817 0.0000E+00  0.000   2.82
 A5         3.9775 0.26535   8.374 0.0000E+00  0.000   8.37
 A761       3.9832 0.16401   1.571 0.0000E+00  0.000   1.57
 A783       4.0039 0.17214   8.347 0.0000E+00  0.000   8.35
 A719       4.0047 0.29023   4.515 0.0000E+00  0.000   4.51
 A514       4.1194 0.09209   3.473 0.0000E+00  0.000   3.47
 JUPITER    5.2017 0.06946   0.028 9.5479E-04  0.000   0.03
 A493       6.0463 0.47207  41.051 0.0000E+00  0.000  41.05
 A8         8.1398 0.14868  18.091 0.0000E+00  0.000  18.09
 SATURN     9.4782 0.12700   2.511 2.8589E-04  0.000   2.51
 A610      12.3114 0.48931  20.359 0.0000E+00  0.000  20.36
 A937      13.1239 0.59042  45.179 0.0000E+00  0.000  45.18
 A972      16.3639 0.18197  11.632 0.0000E+00  0.000  11.63
 A200      23.5186 0.46877  10.791 0.0000E+00  0.000  10.79
 A960      29.7167 0.70834  14.738 0.0000E+00  0.000  14.74
