 EARTHMOO   1.0000 0.06136   1.502 9.1213E-06  0.000   1.50
 A107       1.1234 0.16364  41.858 0.0000E+00  0.000  41.86
 A267       1.2391 0.59626  21.574 0.0000E+00  0.000  21.57
 A328       1.4173 0.29569  22.216 0.0000E+00  0.000  22.22
 A430       1.5000 0.01775   3.140 0.0000E+00  0.000   3.14
 A900       1.5008 0.12377   3.189 0.0000E+00  0.000   3.19
 A591       1.5052 0.01787   7.562 0.0000E+00  0.000   7.56
 A534       1.5119 0.04836   9.854 0.0000E+00  0.000   9.85
 A288       1.5167 0.04653   1.866 0.0000E+00  0.000   1.87
 A926       1.5207 0.11509   3.427 0.0000E+00  0.000   3.43
 A79        1.5215 0.06198  11.594 0.0000E+00  0.000  11.59
 A83        1.5226 0.10308   2.797 0.0000E+00  0.000   2.80
 A487       1.5245 0.06599   4.240 0.0000E+00  0.000   4.24
 A729       1.5277 0.09394   7.153 0.0000E+00  0.000   7.15
 A51        1.5322 0.04166   6.501 0.0000E+00  0.000   6.50
 A820       1.5334 0.71814  27.861 0.0000E+00  0.000  27.86
 A277       1.5342 0.06627   8.599 0.0000E+00  0.000   8.60
 A950       1.5455 0.06173   1.114 0.0000E+00  0.000   1.11
 A41        1.5455 0.06289   4.157 0.0000E+00  0.000   4.16
 A771       1.5459 0.10825   5.875 0.0000E+00  0.000   5.87
 A816       1.5483 0.09083   2.642 0.0000E+00  0.000   2.64
 A44        1.5505 0.08835   7.762 0.0000E+00  0.000   7.76
 A421       1.5529 0.06566   2.119 0.0000E+00  0.000   2.12
 A498       1.5537 0.05516   1.033 0.0000E+00  0.000   1.03
 A687       1.5543 0.05162   5.094 0.0000E+00  0.000   5.09
 A532       1.5575 0.03315  12.091 0.0000E+00  0.000  12.09
 A395       1.5586 0.12895   3.106 0.0000E+00  0.000   3.11
 A178       1.5622 0.04885   4.270 0.0000E+00  0.000   4.27
 A536       1.5627 0.04575   1.725 0.0000E+00  0.000   1.72
 A973       1.5675 0.03342   7.752 0.0000E+00  0.000   7.75
 A862       1.5720 0.05808   2.457 0.0000E+00  0.000   2.46
 A901       1.5745 0.01754   8.047 0.0000E+00  0.000   8.05
 A485       1.5751 0.05725   4.382 0.0000E+00  0.000   4.38
 A406       1.5768 0.07935   7.264 0.0000E+00  0.000   7.26
 A978       1.5773 0.05642   9.628 0.0000E+00  0.000   9.63
 A857       1.5785 0.07615   0.029 0.0000E+00  0.000   0.03
 A290       1.5804 0.03032   7.384 0.0000E+00  0.000   7.38
 A85        1.5850 0.05144   6.014 0.0000E+00  0.000   6.01
 A673       1.5911 0.09086   8.337 0.0000E+00  0.000   8.34
 A541       1.5918 0.12046  10.459 0.0000E+00  0.000  10.46
 A510       1.5928 0.06159  10.122 0.0000E+00  0.000  10.12
 A225       1.5952 0.04572   9.700 0.0000E+00  0.000   9.70
 A625       1.6002 0.07167   3.044 0.0000E+00  0.000   3.04
 A634       1.6031 0.01956   8.612 0.0000E+00  0.000   8.61
 A142       1.6054 0.04028   4.783 0.0000E+00  0.000   4.78
 A47        1.6055 0.07650   3.130 0.0000E+00  0.000   3.13
 A903       1.6104 0.01371   2.520 0.0000E+00  0.000   2.52
 A116       1.6123 0.04816   4.963 0.0000E+00  0.000   4.96
 A792       1.6195 0.08938   6.301 0.0000E+00  0.000   6.30
 A497       1.6218 0.05198   9.260 0.0000E+00  0.000   9.26
 A746       1.6285 0.07684   5.499 0.0000E+00  0.000   5.50
 A405       1.6293 0.05156  10.257 0.0000E+00  0.000  10.26
 A34        1.6348 0.09206   8.400 0.0000E+00  0.000   8.40
 A427       1.6362 0.04393   6.923 0.0000E+00  0.000   6.92
 A341       1.6366 0.09575   8.844 0.0000E+00  0.000   8.84
 A95        1.6377 0.09123   7.988 0.0000E+00  0.000   7.99
 A841       1.6399 0.13095   9.298 0.0000E+00  0.000   9.30
 A602       1.6421 0.04133   7.185 0.0000E+00  0.000   7.19
 A380       1.6436 0.06542   4.251 0.0000E+00  0.000   4.25
 A517       1.6444 0.09408   6.405 0.0000E+00  0.000   6.40
 A14        1.6447 0.01699   3.532 0.0000E+00  0.000   3.53
 A297       1.6476 0.03634   8.557 0.0000E+00  0.000   8.56
 A751       1.6507 0.07926   9.080 0.0000E+00  0.000   9.08
 A556       1.6511 0.03492   7.082 0.0000E+00  0.000   7.08
 A447       1.6512 0.05052   8.846 0.0000E+00  0.000   8.85
 A62        1.6525 0.04917   9.242 0.0000E+00  0.000   9.24
 A315       1.6529 0.05070   5.520 0.0000E+00  0.000   5.52
 A880       1.6555 0.01191   6.896 0.0000E+00  0.000   6.90
 A362       1.6574 0.07603   6.240 0.0000E+00  0.000   6.24
 A878       1.6580 0.03827  10.179 0.0000E+00  0.000  10.18
 A639       1.6583 0.05444   2.223 0.0000E+00  0.000   2.22
 A84        1.6595 0.06872   3.282 0.0000E+00  0.000   3.28
 A703       1.6602 0.04893   2.758 0.0000E+00  0.000   2.76
 A351       1.6603 0.13346   7.577 0.0000E+00  0.000   7.58
 A615       1.6625 0.04389   2.883 0.0000E+00  0.000   2.88
 A145       1.6703 0.03749   5.821 0.0000E+00  0.000   5.82
 A852       1.6735 0.05910   4.394 0.0000E+00  0.000   4.39
 A343       1.6799 0.06016  12.821 0.0000E+00  0.000  12.82
 A488       1.6819 0.05970   3.460 0.0000E+00  0.000   3.46
 A399       1.6835 0.05003   4.651 0.0000E+00  0.000   4.65
 A216       1.6849 0.11258   3.520 0.0000E+00  0.000   3.52
 A189       1.6886 0.01719  12.131 0.0000E+00  0.000  12.13
 A618       1.6917 0.02417   7.646 0.0000E+00  0.000   7.65
 A306       1.6941 0.02747   2.626 0.0000E+00  0.000   2.63
 A721       1.6961 0.06837   8.359 0.0000E+00  0.000   8.36
 A636       1.6982 0.01418   5.631 0.0000E+00  0.000   5.63
 A731       1.7062 0.06542   3.864 0.0000E+00  0.000   3.86
 A448       1.7123 0.03955   1.412 0.0000E+00  0.000   1.41
 A358       1.7125 0.05125   2.620 0.0000E+00  0.000   2.62
 A554       1.7185 0.10090   9.266 0.0000E+00  0.000   9.27
 A17        1.7213 0.04136   7.581 0.0000E+00  0.000   7.58
 A283       1.7249 0.08443   5.256 0.0000E+00  0.000   5.26
 A18        1.7252 0.05096   0.599 0.0000E+00  0.000   0.60
 A980       1.7267 0.01604   4.625 0.0000E+00  0.000   4.63
 A515       1.7272 0.00810   3.083 0.0000E+00  0.000   3.08
 A944       1.7308 0.08040   4.516 0.0000E+00  0.000   4.52
 A866       1.7365 0.03736   8.054 0.0000E+00  0.000   8.05
 A603       1.7412 0.04870   7.400 0.0000E+00  0.000   7.40
 A581       1.7440 0.10147   6.277 0.0000E+00  0.000   6.28
 A671       1.7443 0.08521   2.823 0.0000E+00  0.000   2.82
 A119       1.7452 0.07527   7.197 0.0000E+00  0.000   7.20
 A961       1.7471 0.09476   2.544 0.0000E+00  0.000   2.54
 A575       1.7475 0.04989   1.368 0.0000E+00  0.000   1.37
 A969       1.7496 0.00892   6.235 0.0000E+00  0.000   6.23
 A738       1.7514 0.03768   3.024 0.0000E+00  0.000   3.02
 A668       1.7536 0.02014  10.559 0.0000E+00  0.000  10.56
 A289       1.7607 0.08154   6.171 0.0000E+00  0.000   6.17
 A559       1.7619 0.03138   4.044 0.0000E+00  0.000   4.04
 A732       1.7639 0.04172   7.428 0.0000E+00  0.000   7.43
 A798       1.7645 0.00230   6.037 0.0000E+00  0.000   6.04
 A519       1.7666 0.01148  11.097 0.0000E+00  0.000  11.10
 A755       1.7669 0.06999   3.072 0.0000E+00  0.000   3.07
 A38        1.7677 0.07175   4.152 0.0000E+00  0.000   4.15
 A63        1.7688 0.05342  10.839 0.0000E+00  0.000  10.84
 A835       1.7694 0.06050   8.804 0.0000E+00  0.000   8.80
 A740       1.7695 0.13297   1.804 0.0000E+00  0.000   1.80
 A560       1.7724 0.07372   6.022 0.0000E+00  0.000   6.02
 A140       1.7782 0.12346   1.313 0.0000E+00  0.000   1.31
 A150       1.7831 0.08995   7.655 0.0000E+00  0.000   7.65
 A188       1.7859 0.03885   3.691 0.0000E+00  0.000   3.69
 A381       1.7932 0.10876   7.461 0.0000E+00  0.000   7.46
 A412       1.7985 0.11077   2.366 0.0000E+00  0.000   2.37
 A396       1.8003 0.08289   2.561 0.0000E+00  0.000   2.56
 A24        1.8018 0.07322   6.688 0.0000E+00  0.000   6.69
 A505       1.8020 0.05476   8.390 0.0000E+00  0.000   8.39
 A130       1.8034 0.01424   3.248 0.0000E+00  0.000   3.25
 A962       1.8036 0.09639   0.781 0.0000E+00  0.000   0.78
 A511       1.8041 0.05666   3.339 0.0000E+00  0.000   3.34
 A470       1.8050 0.08726  12.684 0.0000E+00  0.000  12.68
 A348       1.8051 0.10415   9.073 0.0000E+00  0.000   9.07
 A627       1.8054 0.09503  11.838 0.0000E+00  0.000  11.84
 A482       1.8146 0.03868   8.162 0.0000E+00  0.000   8.16
 A121       1.8169 0.01410   7.026 0.0000E+00  0.000   7.03
 A201       1.8180 0.00850   7.603 0.0000E+00  0.000   7.60
 A585       1.8184 0.08874   6.020 0.0000E+00  0.000   6.02
 A122       1.8200 0.11219   8.355 0.0000E+00  0.000   8.36
 A724       1.8203 0.07640   8.224 0.0000E+00  0.000   8.22
 A899       1.8205 0.02684   7.171 0.0000E+00  0.000   7.17
 A136       1.8210 0.01451   9.431 0.0000E+00  0.000   9.43
 A58        1.8213 0.12069   9.167 0.0000E+00  0.000   9.17
 A299       1.8222 0.09359   2.823 0.0000E+00  0.000   2.82
 A7         1.8234 0.06707   7.727 0.0000E+00  0.000   7.73
 A301       1.8259 0.04469   2.805 0.0000E+00  0.000   2.81
 A512       1.8264 0.02102  10.937 0.0000E+00  0.000  10.94
 A99        1.8274 0.05303   4.529 0.0000E+00  0.000   4.53
 A74        1.8283 0.05486  10.228 0.0000E+00  0.000  10.23
 A807       1.8299 0.05278   7.831 0.0000E+00  0.000   7.83
 A702       1.8310 0.12183   8.063 0.0000E+00  0.000   8.06
 A207       1.8311 0.00535  14.193 0.0000E+00  0.000  14.19
 A205       1.8353 0.04803   8.229 0.0000E+00  0.000   8.23
 A725       1.8364 0.05115   4.772 0.0000E+00  0.000   4.77
 A324       1.8369 0.13291  15.334 0.0000E+00  0.000  15.33
 A827       1.8372 0.04180   8.442 0.0000E+00  0.000   8.44
 A161       1.8380 0.03743  12.756 0.0000E+00  0.000  12.76
 A281       1.8398 0.24293   6.486 0.0000E+00  0.000   6.49
 A29        1.8412 0.04840   5.159 0.0000E+00  0.000   5.16
 A780       1.8427 0.10704  10.891 0.0000E+00  0.000  10.89
 A268       1.8443 0.03886   3.535 0.0000E+00  0.000   3.54
 A567       1.8528 0.13287   6.096 0.0000E+00  0.000   6.10
 A765       1.8549 0.00959   9.147 0.0000E+00  0.000   9.15
 A728       1.8558 0.13105   8.453 0.0000E+00  0.000   8.45
 A855       1.8565 0.06527   5.853 0.0000E+00  0.000   5.85
 A768       1.8590 0.10453   3.787 0.0000E+00  0.000   3.79
 A477       1.8600 0.04772  10.894 0.0000E+00  0.000  10.89
 A132       1.8613 0.07474  10.224 0.0000E+00  0.000  10.22
 A181       1.8622 0.06312   1.915 0.0000E+00  0.000   1.92
 A270       1.8636 0.07168  11.943 0.0000E+00  0.000  11.94
 A407       1.8636 0.11374   9.630 0.0000E+00  0.000   9.63
 A344       1.8684 0.11091  12.144 0.0000E+00  0.000  12.14
 A50        1.8695 0.02761   9.005 0.0000E+00  0.000   9.00
 A864       1.8721 0.08129  13.537 0.0000E+00  0.000  13.54
 A126       1.8725 0.04104   9.630 0.0000E+00  0.000   9.63
 A346       1.8777 0.06010  15.662 0.0000E+00  0.000  15.66
 A263       1.8781 0.06522   4.406 0.0000E+00  0.000   4.41
 A628       1.8788 0.03824   5.850 0.0000E+00  0.000   5.85
 A992       1.8797 0.05465   5.727 0.0000E+00  0.000   5.73
 A246       1.8803 0.07345   6.429 0.0000E+00  0.000   6.43
 A33        1.8821 0.07402  13.844 0.0000E+00  0.000  13.84
 A935       1.8841 0.01445   2.707 0.0000E+00  0.000   2.71
 A846       1.8844 0.11266   6.764 0.0000E+00  0.000   6.76
 A665       1.8927 0.06919   4.258 0.0000E+00  0.000   4.26
 A583       1.8959 0.05316   8.420 0.0000E+00  0.000   8.42
 A413       1.8965 0.07053   8.552 0.0000E+00  0.000   8.55
 A428       1.8974 0.04737  13.639 0.0000E+00  0.000  13.64
 A255       1.8976 0.06627   7.843 0.0000E+00  0.000   7.84
 A889       1.9051 0.15525  17.594 0.0000E+00  0.000  17.59
 A86        1.9077 0.16570  12.166 0.0000E+00  0.000  12.17
 A611       1.9078 0.05618  12.360 0.0000E+00  0.000  12.36
 A495       1.9090 0.15138  19.311 0.0000E+00  0.000  19.31
 A994       1.9259 0.11955  14.520 0.0000E+00  0.000  14.52
 A843       1.9262 0.10940   6.849 0.0000E+00  0.000   6.85
 A769       1.9264 0.09620   8.382 0.0000E+00  0.000   8.38
 A995       1.9282 0.03114   9.464 0.0000E+00  0.000   9.46
 A98        1.9298 0.13778   8.772 0.0000E+00  0.000   8.77
 A187       1.9319 0.04125  16.368 0.0000E+00  0.000  16.37
 A144       1.9320 0.17807   3.315 0.0000E+00  0.000   3.31
 A801       1.9326 0.20135  21.760 0.0000E+00  0.000  21.76
 A311       1.9368 0.14612  17.821 0.0000E+00  0.000  17.82
 A223       1.9376 0.17726  18.596 0.0000E+00  0.000  18.60
 A371       1.9384 0.11470  10.032 0.0000E+00  0.000  10.03
 A617       1.9460 0.20785   5.991 0.0000E+00  0.000   5.99
 A356       1.9465 0.14007  13.869 0.0000E+00  0.000  13.87
 A675       1.9486 0.18726  11.372 0.0000E+00  0.000  11.37
 A438       1.9488 0.10320  25.652 0.0000E+00  0.000  25.65
 A526       1.9518 0.13610  21.401 0.0000E+00  0.000  21.40
 A632       1.9547 0.11786   6.906 0.0000E+00  0.000   6.91
 A942       1.9567 0.20288  17.616 0.0000E+00  0.000  17.62
 A547       1.9631 0.27500  26.777 0.0000E+00  0.000  26.78
 A202       1.9646 0.15300  16.275 0.0000E+00  0.000  16.27
 A82        1.9658 0.18930  18.128 0.0000E+00  0.000  18.13
 A939       1.9681 0.12550  16.780 0.0000E+00  0.000  16.78
 A868       1.9690 0.14008   8.559 0.0000E+00  0.000   8.56
 A742       1.9731 0.19502   6.197 0.0000E+00  0.000   6.20
 A457       1.9768 0.10706   2.990 0.0000E+00  0.000   2.99
 A777       1.9813 0.11809   9.431 0.0000E+00  0.000   9.43
 A342       1.9813 0.09781  13.617 0.0000E+00  0.000  13.62
 A565       1.9830 0.22741  30.105 0.0000E+00  0.000  30.11
 A481       2.0001 0.01667  18.933 0.0000E+00  0.000  18.93
 A332       2.0016 0.19315  18.450 0.0000E+00  0.000  18.45
 A241       2.0267 0.06583  28.143 0.0000E+00  0.000  28.14
 A576       2.0322 0.26102  23.599 0.0000E+00  0.000  23.60
 A782       2.1275 0.15192   3.750 0.0000E+00  0.000   3.75
 A553       2.1432 0.22660   1.381 0.0000E+00  0.000   1.38
 A538       2.1497 0.23493   4.284 0.0000E+00  0.000   4.28
 A758       2.1611 0.39407   7.945 0.0000E+00  0.000   7.95
 A921       2.1635 0.24412   1.434 0.0000E+00  0.000   1.43
 A429       2.1663 0.27971   2.011 0.0000E+00  0.000   2.01
 A475       2.1709 0.10398   7.826 0.0000E+00  0.000   7.83
 A966       2.1731 0.38273   6.226 0.0000E+00  0.000   6.23
 A656       2.1744 0.06590   4.691 0.0000E+00  0.000   4.69
 A650       2.1759 0.11720   7.103 0.0000E+00  0.000   7.10
 A149       2.1791 0.07487   9.015 0.0000E+00  0.000   9.02
 A191       2.1870 0.08982   2.452 0.0000E+00  0.000   2.45
 A214       2.1895 0.29810   3.813 0.0000E+00  0.000   3.81
 A516       2.1905 0.69312  32.134 0.0000E+00  0.000  32.13
 A947       2.1959 0.18675   6.856 0.0000E+00  0.000   6.86
 A308       2.1972 0.18734   5.527 0.0000E+00  0.000   5.53
 A513       2.1974 0.06582   6.280 0.0000E+00  0.000   6.28
 A654       2.1981 0.18846   5.871 0.0000E+00  0.000   5.87
 A94        2.2000 0.28584   4.585 0.0000E+00  0.000   4.59
 A379       2.2035 0.33612   6.139 0.0000E+00  0.000   6.14
 A557       2.2044 0.28320   5.714 0.0000E+00  0.000   5.71
 A293       2.2112 0.24429   6.774 0.0000E+00  0.000   6.77
 A45        2.2126 0.18496   1.498 0.0000E+00  0.000   1.50
 A28        2.2182 0.13504   5.339 0.0000E+00  0.000   5.34
 A908       2.2217 0.15177   7.490 0.0000E+00  0.000   7.49
 A185       2.2240 0.14310   4.741 0.0000E+00  0.000   4.74
 A854       2.2268 0.17588   1.813 0.0000E+00  0.000   1.81
 A72        2.2273 0.05679   1.125 0.0000E+00  0.000   1.12
 A734       2.2298 0.03250   6.596 0.0000E+00  0.000   6.60
 A476       2.2351 0.34394   9.377 0.0000E+00  0.000   9.38
 A990       2.2531 0.12549   8.125 0.0000E+00  0.000   8.13
 A171       2.2572 0.22283   2.632 0.0000E+00  0.000   2.63
 A307       2.2581 0.09310   5.670 0.0000E+00  0.000   5.67
 A384       2.2624 0.18498  10.359 0.0000E+00  0.000  10.36
 A278       2.2645 0.12194   6.692 0.0000E+00  0.000   6.69
 A681       2.2650 0.08491   8.328 0.0000E+00  0.000   8.33
 A22        2.2650 0.21872   4.567 0.0000E+00  0.000   4.57
 A229       2.2657 0.17288   9.659 0.0000E+00  0.000   9.66
 A710       2.2661 0.06314   3.737 0.0000E+00  0.000   3.74
 A224       2.2665 0.01691   7.364 0.0000E+00  0.000   7.36
 A97        2.2721 0.23941  12.426 0.0000E+00  0.000  12.43
 A61        2.2727 0.16373   2.156 0.0000E+00  0.000   2.16
 A310       2.2950 0.08444   8.126 0.0000E+00  0.000   8.13
 A784       2.2958 0.11015   2.282 0.0000E+00  0.000   2.28
 A818       2.2962 0.13790   9.741 0.0000E+00  0.000   9.74
 A147       2.2965 0.07141   1.745 0.0000E+00  0.000   1.74
 A672       2.3007 0.18609   6.640 0.0000E+00  0.000   6.64
 A890       2.3024 0.12052   1.387 0.0000E+00  0.000   1.39
 A744       2.3030 0.26585   9.454 0.0000E+00  0.000   9.45
 A770       2.3056 0.15602   1.718 0.0000E+00  0.000   1.72
 A455       2.3128 0.08015  12.384 0.0000E+00  0.000  12.38
 A796       2.3134 0.17019   2.078 0.0000E+00  0.000   2.08
 A158       2.3166 0.18664   3.151 0.0000E+00  0.000   3.15
 A991       2.3169 0.16790  11.681 0.0000E+00  0.000  11.68
 A35        2.3212 0.26045  11.298 0.0000E+00  0.000  11.30
 A849       2.3214 0.07302   2.892 0.0000E+00  0.000   2.89
 A726       2.3215 0.10276  10.134 0.0000E+00  0.000  10.13
 A272       2.3245 0.11850   3.354 0.0000E+00  0.000   3.35
 A867       2.3262 0.23261   7.383 0.0000E+00  0.000   7.38
 A313       2.3310 0.22595  10.037 0.0000E+00  0.000  10.04
 A918       2.3393 0.04935   6.350 0.0000E+00  0.000   6.35
 A473       2.3401 0.16946   6.310 0.0000E+00  0.000   6.31
 A465       2.3408 0.23984   6.849 0.0000E+00  0.000   6.85
 A323       2.3470 0.16767   5.202 0.0000E+00  0.000   5.20
 A1000      2.3480 0.17138   1.783 0.0000E+00  0.000   1.78
 A436       2.3583 0.23697  10.212 0.0000E+00  0.000  10.21
 A165       2.3600 0.16468   4.681 0.0000E+00  0.000   4.68
 A174       2.3659 0.16027   7.059 0.0000E+00  0.000   7.06
 A902       2.3690 0.11483   6.073 0.0000E+00  0.000   6.07
 A790       2.3703 0.08897   2.802 0.0000E+00  0.000   2.80
 A127       2.3713 0.02518   6.710 0.0000E+00  0.000   6.71
 A375       2.3747 0.08823   4.594 0.0000E+00  0.000   4.59
 A257       2.3784 0.07120   4.307 0.0000E+00  0.000   4.31
 A605       2.3817 0.20133   2.146 0.0000E+00  0.000   2.15
 A748       2.3840 0.12624   7.080 0.0000E+00  0.000   7.08
 A641       2.3846 0.16525   2.017 0.0000E+00  0.000   2.02
 A858       2.3852 0.16859  11.150 0.0000E+00  0.000  11.15
 A530       2.3865 0.17744   6.767 0.0000E+00  0.000   6.77
 A321       2.3896 0.05632   3.501 0.0000E+00  0.000   3.50
 A696       2.3905 0.10913   4.797 0.0000E+00  0.000   4.80
 A20        2.3913 0.10851   3.627 0.0000E+00  0.000   3.63
 A48        2.3971 0.09557   4.160 0.0000E+00  0.000   4.16
 A93        2.3994 0.08843   2.564 0.0000E+00  0.000   2.56
 A156       2.4064 0.07740   4.752 0.0000E+00  0.000   4.75
 A101       2.4071 0.00789   9.725 0.0000E+00  0.000   9.73
 A967       2.4075 0.07329   4.632 0.0000E+00  0.000   4.63
 A695       2.4099 0.02823   3.047 0.0000E+00  0.000   3.05
 A444       2.4107 0.09753   6.283 0.0000E+00  0.000   6.28
 A895       2.4119 0.22543   9.601 0.0000E+00  0.000   9.60
 A345       2.4167 0.13074   4.165 0.0000E+00  0.000   4.16
 A159       2.4192 0.02456   3.227 0.0000E+00  0.000   3.23
 A876       2.4234 0.14095   6.779 0.0000E+00  0.000   6.78
 A821       2.4251 0.15486   3.152 0.0000E+00  0.000   3.15
 A998       2.4340 0.05235   6.408 0.0000E+00  0.000   6.41
 A776       2.4392 0.19563   3.289 0.0000E+00  0.000   3.29
 A831       2.4435 0.25328   8.825 0.0000E+00  0.000   8.83
 A953       2.4484 0.05337   2.988 0.0000E+00  0.000   2.99
 A943       2.4489 0.09434   7.966 0.0000E+00  0.000   7.97
 A172       2.4683 0.10178   9.458 0.0000E+00  0.000   9.46
 A442       2.4727 0.07729   1.656 0.0000E+00  0.000   1.66
 A701       2.4800 0.10404  10.717 0.0000E+00  0.000  10.72
 A112       2.4829 0.05534   6.455 0.0000E+00  0.000   6.45
 A67        2.4839 0.50211   6.283 0.0000E+00  0.000   6.28
 A388       2.4853 0.11433   2.038 0.0000E+00  0.000   2.04
 A791       2.4935 0.04870   5.978 0.0000E+00  0.000   5.98
 A337       2.4964 0.09476   2.028 0.0000E+00  0.000   2.03
 A102       2.5217 0.17787   4.619 0.0000E+00  0.000   4.62
 A599       2.5218 0.10997   4.602 0.0000E+00  0.000   4.60
 A367       2.5228 0.20788   5.017 0.0000E+00  0.000   5.02
 A975       2.5273 0.14474   6.060 0.0000E+00  0.000   6.06
 A424       2.5278 0.11120   7.251 0.0000E+00  0.000   7.25
 A236       2.5289 0.05919   3.472 0.0000E+00  0.000   3.47
 A651       2.5362 0.19162   1.768 0.0000E+00  0.000   1.77
 A705       2.5417 0.19422   6.373 0.0000E+00  0.000   6.37
 A287       2.5419 0.11134   3.065 0.0000E+00  0.000   3.07
 A468       2.5431 0.12089   3.385 0.0000E+00  0.000   3.38
 A374       2.5443 0.04368   9.116 0.0000E+00  0.000   9.12
 A922       2.5466 0.19648   4.708 0.0000E+00  0.000   4.71
 A352       2.5469 0.09716   6.698 0.0000E+00  0.000   6.70
 A89        2.5558 0.15203   8.954 0.0000E+00  0.000   8.95
 A861       2.5591 0.22652   1.914 0.0000E+00  0.000   1.91
 A690       2.5605 0.11693   6.723 0.0000E+00  0.000   6.72
 A11        2.5642 0.02235  10.184 0.0000E+00  0.000  10.18
 A42        2.5647 0.13810   8.003 0.0000E+00  0.000   8.00
 A222       2.5657 0.00442   7.910 0.0000E+00  0.000   7.91
 A596       2.5663 0.19406   8.873 0.0000E+00  0.000   8.87
 A706       2.5664 0.04782   5.505 0.0000E+00  0.000   5.50
 A806       2.5710 0.22825   8.723 0.0000E+00  0.000   8.72
 A167       2.5738 0.12292   7.921 0.0000E+00  0.000   7.92
 A331       2.5771 0.09840   3.102 0.0000E+00  0.000   3.10
 A851       2.5790 0.16987   6.051 0.0000E+00  0.000   6.05
 A844       2.5795 0.16991   4.186 0.0000E+00  0.000   4.19
 A239       2.5866 0.11942   5.344 0.0000E+00  0.000   5.34
 A666       2.5876 0.27408   3.307 0.0000E+00  0.000   3.31
 A688       2.5906 0.28557   1.415 0.0000E+00  0.000   1.42
 A31        2.5968 0.21814  10.585 0.0000E+00  0.000  10.59
 A175       2.5987 0.14292   1.933 0.0000E+00  0.000   1.93
 A422       2.6001 0.18948   4.409 0.0000E+00  0.000   4.41
 A431       2.6003 0.06526   3.800 0.0000E+00  0.000   3.80
 A276       2.6033 0.18137   2.901 0.0000E+00  0.000   2.90
 A284       2.6076 0.08131   6.033 0.0000E+00  0.000   6.03
 A256       2.6086 0.21854  10.078 0.0000E+00  0.000  10.08
 A609       2.6136 0.15328   9.038 0.0000E+00  0.000   9.04
 A896       2.6156 0.13453   9.474 0.0000E+00  0.000   9.47
 A450       2.6157 0.16226   5.310 0.0000E+00  0.000   5.31
 A141       2.6186 0.15110   3.943 0.0000E+00  0.000   3.94
 A213       2.6210 0.25491   5.439 0.0000E+00  0.000   5.44
 A661       2.6221 0.09472   4.847 0.0000E+00  0.000   4.85
 A662       2.6223 0.15011   1.820 0.0000E+00  0.000   1.82
 A135       2.6225 0.19097   9.548 0.0000E+00  0.000   9.55
 A454       2.6297 0.05116  12.434 0.0000E+00  0.000  12.43
 A891       2.6313 0.09016   5.734 0.0000E+00  0.000   5.73
 A338       2.6333 0.13256   6.336 0.0000E+00  0.000   6.34
 A184       2.6364 0.06840   6.004 0.0000E+00  0.000   6.00
 A372       2.6390 0.16957   2.451 0.0000E+00  0.000   2.45
 A204       2.6437 0.04224   6.979 0.0000E+00  0.000   6.98
 A386       2.6467 0.07446   5.784 0.0000E+00  0.000   5.78
 A925       2.6513 0.16041   3.663 0.0000E+00  0.000   3.66
 A853       2.6568 0.19046   0.871 0.0000E+00  0.000   0.87
 A872       2.6579 0.04673   1.765 0.0000E+00  0.000   1.76
 A968       2.6594 0.09114   4.319 0.0000E+00  0.000   4.32
 A6         2.6637 0.16453   4.331 0.0000E+00  0.000   4.33
 A718       2.6679 0.11068   7.570 0.0000E+00  0.000   7.57
 A489       2.6681 0.07679   6.119 0.0000E+00  0.000   6.12
 A957       2.6709 0.02820   6.333 0.0000E+00  0.000   6.33
 A938       2.6713 0.10787   0.516 0.0000E+00  0.000   0.52
 A887       2.6715 0.13026  12.655 0.0000E+00  0.000  12.66
 A715       2.6848 0.15538   4.063 0.0000E+00  0.000   4.06
 A709       2.6887 0.10527   2.616 0.0000E+00  0.000   2.62
 A730       2.6916 0.01357   6.518 0.0000E+00  0.000   6.52
 A471       2.6943 0.10737   7.705 0.0000E+00  0.000   7.71
 A630       2.6955 0.11505   2.894 0.0000E+00  0.000   2.89
 A39        2.6980 0.10225   7.454 0.0000E+00  0.000   7.45
 A100       2.6983 0.14481   5.071 0.0000E+00  0.000   5.07
 A911       2.6994 0.16892   3.153 0.0000E+00  0.000   3.15
 A360       2.7066 0.05437   1.316 0.0000E+00  0.000   1.32
 A4         2.7091 0.06084   4.128 0.0000E+00  0.000   4.13
 A499       2.7110 0.03845   4.209 0.0000E+00  0.000   4.21
 A833       2.7161 0.09781   9.660 0.0000E+00  0.000   9.66
 A963       2.7181 0.09558   8.821 0.0000E+00  0.000   8.82
 A815       2.7186 0.09998   1.938 0.0000E+00  0.000   1.94
 A316       2.7261 0.15921   8.037 0.0000E+00  0.000   8.04
 A303       2.7270 0.07774   6.157 0.0000E+00  0.000   6.16
 A934       2.7278 0.15922   3.734 0.0000E+00  0.000   3.73
 A682       2.7287 0.12308   2.215 0.0000E+00  0.000   2.21
 A409       2.7292 0.18905   6.230 0.0000E+00  0.000   6.23
 A208       2.7295 0.08067  10.357 0.0000E+00  0.000  10.36
 A917       2.7305 0.12497   8.765 0.0000E+00  0.000   8.77
 A552       2.7338 0.10748   5.934 0.0000E+00  0.000   5.93
 A300       2.7348 0.04888   8.524 0.0000E+00  0.000   8.52
 A451       2.7412 0.05414   9.420 0.0000E+00  0.000   9.42
 A694       2.7459 0.09400   2.795 0.0000E+00  0.000   2.79
 A624       2.7492 0.06621   6.873 0.0000E+00  0.000   6.87
 A87        2.7501 0.06552   8.086 0.0000E+00  0.000   8.09
 A760       2.7510 0.14542   2.182 0.0000E+00  0.000   2.18
 A747       2.7512 0.02296   2.826 0.0000E+00  0.000   2.83
 A243       2.7527 0.14824   9.816 0.0000E+00  0.000   9.82
 A735       2.7577 0.09226   3.805 0.0000E+00  0.000   3.81
 A800       2.7581 0.14044   2.861 0.0000E+00  0.000   2.86
 A312       2.7612 0.21806   6.674 0.0000E+00  0.000   6.67
 A37        2.7613 0.14244   3.616 0.0000E+00  0.000   3.62
 A2         2.7617 0.16178   2.795 0.0000E+00  0.000   2.79
 A336       2.7619 0.01890   4.530 0.0000E+00  0.000   4.53
 A294       2.7657 0.16932   5.739 0.0000E+00  0.000   5.74
 A365       2.7694 0.00788   9.446 0.0000E+00  0.000   9.45
 A393       2.7798 0.06483   8.047 0.0000E+00  0.000   8.05
 A19        2.7804 0.06404  10.280 0.0000E+00  0.000  10.28
 A432       2.7815 0.12381   2.959 0.0000E+00  0.000   2.96
 A648       2.7897 0.13323   6.152 0.0000E+00  0.000   6.15
 A838       2.7902 0.15562   4.287 0.0000E+00  0.000   4.29
 A339       2.7916 0.13355   3.776 0.0000E+00  0.000   3.78
 A233       2.7952 0.21456   2.950 0.0000E+00  0.000   2.95
 A120       2.7973 0.05599   8.432 0.0000E+00  0.000   8.43
 A237       2.7981 0.19391   2.159 0.0000E+00  0.000   2.16
 A812       2.8041 0.10523   3.311 0.0000E+00  0.000   3.31
 A629       2.8061 0.01852   1.768 0.0000E+00  0.000   1.77
 A826       2.8073 0.23328   3.495 0.0000E+00  0.000   3.49
 A764       2.8091 0.12548   7.801 0.0000E+00  0.000   7.80
 A163       2.8100 0.09957   2.013 0.0000E+00  0.000   2.01
 A586       2.8293 0.10514   2.811 0.0000E+00  0.000   2.81
 A574       2.8360 0.02055   6.296 0.0000E+00  0.000   6.30
 A403       2.8380 0.16192   1.430 0.0000E+00  0.000   1.43
 A353       2.8407 0.17183   8.325 0.0000E+00  0.000   8.33
 A196       2.8408 0.08374   6.192 0.0000E+00  0.000   6.19
 A888       2.8423 0.08604   1.424 0.0000E+00  0.000   1.42
 A507       2.8492 0.16084   1.672 0.0000E+00  0.000   1.67
 A762       2.8517 0.14171  10.747 0.0000E+00  0.000  10.75
 A340       2.8520 0.07900   5.975 0.0000E+00  0.000   5.97
 A426       2.8526 0.12760   8.579 0.0000E+00  0.000   8.58
 A620       2.8542 0.07672   2.116 0.0000E+00  0.000   2.12
 A528       2.8546 0.16241   6.378 0.0000E+00  0.000   6.38
 A850       2.8588 0.07854   2.230 0.0000E+00  0.000   2.23
 A763       2.8592 0.14644   1.291 0.0000E+00  0.000   1.29
 A600       2.8634 0.05492   1.120 0.0000E+00  0.000   1.12
 A881       2.8648 0.20593   6.755 0.0000E+00  0.000   6.75
 A483       2.8657 0.25726   4.923 0.0000E+00  0.000   4.92
 A912       2.8660 0.07787   8.106 0.0000E+00  0.000   8.11
 A320       2.8690 0.09534   7.400 0.0000E+00  0.000   7.40
 A984       2.8691 0.10134   4.169 0.0000E+00  0.000   4.17
 A177       2.8697 0.06152   2.356 0.0000E+00  0.000   2.36
 A612       2.8788 0.08818   8.502 0.0000E+00  0.000   8.50
 A540       2.8836 0.03748   9.092 0.0000E+00  0.000   9.09
 A754       2.8839 0.08711   3.159 0.0000E+00  0.000   3.16
 A330       2.8857 0.11961   5.515 0.0000E+00  0.000   5.51
 A794       2.8875 0.01288   7.938 0.0000E+00  0.000   7.94
 A737       2.8884 0.02712   2.711 0.0000E+00  0.000   2.71
 A669       2.8905 0.21196   1.580 0.0000E+00  0.000   1.58
 A382       2.8906 0.20153   0.680 0.0000E+00  0.000   0.68
 A679       2.8984 0.10043   4.004 0.0000E+00  0.000   4.00
 A885       2.9056 0.06296   7.009 0.0000E+00  0.000   7.01
 A333       2.9089 0.04403   8.564 0.0000E+00  0.000   8.56
 A727       2.9100 0.19390   4.989 0.0000E+00  0.000   4.99
 A830       2.9139 0.08943   2.199 0.0000E+00  0.000   2.20
 A478       2.9228 0.10865   2.446 0.0000E+00  0.000   2.45
 A785       2.9234 0.08402   3.455 0.0000E+00  0.000   3.45
 A359       2.9267 0.18169   6.036 0.0000E+00  0.000   6.04
 A484       2.9277 0.07721   5.679 0.0000E+00  0.000   5.68
 A659       2.9362 0.10987   6.375 0.0000E+00  0.000   6.37
 A77        2.9373 0.08509   7.279 0.0000E+00  0.000   7.28
 A193       2.9390 0.10592   4.592 0.0000E+00  0.000   4.59
 A143       2.9463 0.18034   6.871 0.0000E+00  0.000   6.87
 A49        2.9487 0.11678   3.264 0.0000E+00  0.000   3.26
 A347       2.9598 0.08952   2.322 0.0000E+00  0.000   2.32
 A459       2.9637 0.12188   3.213 0.0000E+00  0.000   3.21
 A21        2.9661 0.13566   5.078 0.0000E+00  0.000   5.08
 A176       2.9681 0.04232   7.541 0.0000E+00  0.000   7.54
 A931       2.9704 0.12534   3.902 0.0000E+00  0.000   3.90
 A59        2.9719 0.08506   7.321 0.0000E+00  0.000   7.32
 A986       2.9751 0.14954   1.285 0.0000E+00  0.000   1.28
 A869       2.9768 0.13148  10.960 0.0000E+00  0.000  10.96
 A118       2.9824 0.12727   9.807 0.0000E+00  0.000   9.81
 A501       2.9832 0.13202   2.091 0.0000E+00  0.000   2.09
 A720       2.9899 0.18208   2.292 0.0000E+00  0.000   2.29
 A182       2.9960 0.16212  10.533 0.0000E+00  0.000  10.53
 A408       2.9999 0.02577   3.780 0.0000E+00  0.000   3.78
 A115       3.0000 0.13586   2.508 0.0000E+00  0.000   2.51
 A462       3.0017 0.12571   4.130 0.0000E+00  0.000   4.13
 A410       3.0048 0.09746   5.237 0.0000E+00  0.000   5.24
 A23        3.0107 0.08957   2.415 0.0000E+00  0.000   2.41
 A235       3.0180 0.04371   8.225 0.0000E+00  0.000   8.23
 A464       3.0186 0.02655   2.446 0.0000E+00  0.000   2.45
 A282       3.0258 0.03505   1.234 0.0000E+00  0.000   1.23
 A527       3.0264 0.18080   1.397 0.0000E+00  0.000   1.40
 A897       3.0287 0.15737  11.193 0.0000E+00  0.000  11.19
 A590       3.0343 0.09053   5.126 0.0000E+00  0.000   5.13
 A640       3.0348 0.16311   4.740 0.0000E+00  0.000   4.74
 A883       3.0359 0.10166   4.889 0.0000E+00  0.000   4.89
 A240       3.0389 0.10399   6.566 0.0000E+00  0.000   6.57
 A1         3.0458 0.16863   3.695 0.0000E+00  0.000   3.70
 A646       3.0509 0.09520   3.427 0.0000E+00  0.000   3.43
 A385       3.0535 0.02880   2.638 0.0000E+00  0.000   2.64
 A397       3.0625 0.08099   1.916 0.0000E+00  0.000   1.92
 A712       3.0646 0.09402   4.660 0.0000E+00  0.000   4.66
 A804       3.0653 0.07036   4.752 0.0000E+00  0.000   4.75
 A54        3.0690 0.09608   1.724 0.0000E+00  0.000   1.72
 A76        3.0691 0.11991   4.621 0.0000E+00  0.000   4.62
 A539       3.0728 0.08380   2.028 0.0000E+00  0.000   2.03
 A416       3.0739 0.08763   5.550 0.0000E+00  0.000   5.55
 A722       3.0764 0.12948   9.678 0.0000E+00  0.000   9.68
 A550       3.0776 0.11312   8.037 0.0000E+00  0.000   8.04
 A248       3.0783 0.05932   5.071 0.0000E+00  0.000   5.07
 A252       3.0800 0.05952   1.865 0.0000E+00  0.000   1.87
 A420       3.0818 0.03964   2.714 0.0000E+00  0.000   2.71
 A692       3.0852 0.03854   6.991 0.0000E+00  0.000   6.99
 A123       3.0854 0.14740   2.311 0.0000E+00  0.000   2.31
 A566       3.0888 0.03555   8.486 0.0000E+00  0.000   8.49
 A689       3.0990 0.06707   4.894 0.0000E+00  0.000   4.89
 A106       3.1040 0.07826   7.793 0.0000E+00  0.000   7.79
 A893       3.1099 0.16420   4.641 0.0000E+00  0.000   4.64
 A68        3.1111 0.01695   9.659 0.0000E+00  0.000   9.66
 A456       3.1120 0.04771   4.904 0.0000E+00  0.000   4.90
 A996       3.1139 0.20559   5.414 0.0000E+00  0.000   5.41
 A218       3.1144 0.11082   6.046 0.0000E+00  0.000   6.05
 A71        3.1190 0.10760   4.004 0.0000E+00  0.000   4.00
 A391       3.1197 0.21333   4.257 0.0000E+00  0.000   4.26
 A250       3.1244 0.09657   2.216 0.0000E+00  0.000   2.22
 A78        3.1300 0.05382   8.227 0.0000E+00  0.000   8.23
 A335       3.1311 0.10403   7.811 0.0000E+00  0.000   7.81
 A194       3.1322 0.14476   7.314 0.0000E+00  0.000   7.31
 A247       3.1344 0.21723   0.185 0.0000E+00  0.000   0.19
 A133       3.1348 0.09962   7.428 0.0000E+00  0.000   7.43
 A653       3.1358 0.04957   9.142 0.0000E+00  0.000   9.14
 A16        3.1398 0.03907   5.557 0.0000E+00  0.000   5.56
 A244       3.1458 0.07568   8.669 0.0000E+00  0.000   8.67
 A589       3.1494 0.00644   8.613 0.0000E+00  0.000   8.61
 A674       3.1531 0.16019   6.158 0.0000E+00  0.000   6.16
 A279       3.1567 0.02238  10.731 0.0000E+00  0.000  10.73
 A103       3.1580 0.04183   1.744 0.0000E+00  0.000   1.74
 A819       3.1597 0.06289   1.672 0.0000E+00  0.000   1.67
 A766       3.1618 0.09450   6.911 0.0000E+00  0.000   6.91
 A592       3.1653 0.11175   4.114 0.0000E+00  0.000   4.11
 A877       3.1703 0.18069   9.426 0.0000E+00  0.000   9.43
 A40        3.1707 0.14972   9.569 0.0000E+00  0.000   9.57
 A305       3.1744 0.03572   9.856 0.0000E+00  0.000   9.86
 A959       3.1770 0.09357   3.120 0.0000E+00  0.000   3.12
 A711       3.1772 0.01998   4.993 0.0000E+00  0.000   4.99
 A949       3.1786 0.07313   5.942 0.0000E+00  0.000   5.94
 A401       3.1787 0.03383   5.481 0.0000E+00  0.000   5.48
 A546       3.1818 0.13948   5.353 0.0000E+00  0.000   5.35
 A572       3.1875 0.15280   3.245 0.0000E+00  0.000   3.25
 A834       3.1883 0.03083   1.830 0.0000E+00  0.000   1.83
 A480       3.1916 0.17483   5.071 0.0000E+00  0.000   5.07
 A195       3.1925 0.03983   7.765 0.0000E+00  0.000   7.76
 A898       3.1934 0.06441   3.938 0.0000E+00  0.000   3.94
 A716       3.1940 0.10664   7.146 0.0000E+00  0.000   7.15
 A930       3.1956 0.16361   7.493 0.0000E+00  0.000   7.49
 A326       3.2058 0.11569   1.400 0.0000E+00  0.000   1.40
 A707       3.2067 0.02662   1.766 0.0000E+00  0.000   1.77
 A298       3.2084 0.17321   4.036 0.0000E+00  0.000   4.04
 A657       3.2134 0.10540   1.441 0.0000E+00  0.000   1.44
 A832       3.2157 0.09246   9.671 0.0000E+00  0.000   9.67
 A700       3.2161 0.11232   3.280 0.0000E+00  0.000   3.28
 A825       3.2189 0.10555  10.229 0.0000E+00  0.000  10.23
 A563       3.2229 0.02147   1.115 0.0000E+00  0.000   1.11
 A60        3.2246 0.10342   7.436 0.0000E+00  0.000   7.44
 A676       3.2336 0.25002   2.370 0.0000E+00  0.000   2.37
 A626       3.2385 0.03988   6.595 0.0000E+00  0.000   6.60
 A551       3.2540 0.04188  10.672 0.0000E+00  0.000  10.67
 A684       3.3234 0.13791   2.473 0.0000E+00  0.000   2.47
 A209       3.3249 0.08304   4.082 0.0000E+00  0.000   4.08
 A363       3.3330 0.09304   4.460 0.0000E+00  0.000   4.46
 A357       3.3365 0.09079   8.957 0.0000E+00  0.000   8.96
 A808       3.3380 0.04225   0.995 0.0000E+00  0.000   0.99
 A680       3.3423 0.12823   3.908 0.0000E+00  0.000   3.91
 A621       3.3454 0.20392   1.428 0.0000E+00  0.000   1.43
 A520       3.3455 0.18411   8.233 0.0000E+00  0.000   8.23
 A643       3.3488 0.08126   7.094 0.0000E+00  0.000   7.09
 A929       3.3505 0.09752   3.244 0.0000E+00  0.000   3.24
 A759       3.3580 0.07405   4.847 0.0000E+00  0.000   4.85
 A231       3.3585 0.00686  10.955 0.0000E+00  0.000  10.96
 A271       3.3595 0.07969   8.790 0.0000E+00  0.000   8.79
 A376       3.3669 0.07485   2.316 0.0000E+00  0.000   2.32
 A616       3.3689 0.10521   0.150 0.0000E+00  0.000   0.15
 A128       3.3691 0.15028   3.315 0.0000E+00  0.000   3.32
 A262       3.3741 0.16933   4.043 0.0000E+00  0.000   4.04
 A542       3.3750 0.16241   6.350 0.0000E+00  0.000   6.35
 A598       3.3782 0.08057   6.997 0.0000E+00  0.000   7.00
 A781       3.3799 0.16144   5.964 0.0000E+00  0.000   5.96
 A997       3.3837 0.11450  10.178 0.0000E+00  0.000  10.18
 A370       3.3857 0.16404   3.324 0.0000E+00  0.000   3.32
 A805       3.3875 0.19297   8.456 0.0000E+00  0.000   8.46
 A524       3.3924 0.10110   3.292 0.0000E+00  0.000   3.29
 A137       3.3929 0.15806   6.092 0.0000E+00  0.000   6.09
 A53        3.3941 0.04186   3.388 0.0000E+00  0.000   3.39
 A66        3.3955 0.14247   6.430 0.0000E+00  0.000   6.43
 A597       3.3975 0.03187   1.449 0.0000E+00  0.000   1.45
 A914       3.4003 0.11224   9.172 0.0000E+00  0.000   9.17
 A160       3.4024 0.05026   3.521 0.0000E+00  0.000   3.52
 A573       3.4056 0.05882   0.463 0.0000E+00  0.000   0.46
 A568       3.4059 0.20528   2.114 0.0000E+00  0.000   2.11
 A813       3.4115 0.12886   9.126 0.0000E+00  0.000   9.13
 A741       3.4133 0.09021   8.055 0.0000E+00  0.000   8.05
 A458       3.4134 0.15817   4.336 0.0000E+00  0.000   4.34
 A131       3.4153 0.13310   2.474 0.0000E+00  0.000   2.47
 A460       3.4207 0.19643   0.883 0.0000E+00  0.000   0.88
 A697       3.4209 0.08414   7.360 0.0000E+00  0.000   7.36
 A154       3.4253 0.09878   2.863 0.0000E+00  0.000   2.86
 A27        3.4262 0.14622   7.594 0.0000E+00  0.000   7.59
 A778       3.4267 0.10511   6.690 0.0000E+00  0.000   6.69
 A166       3.4290 0.14143   0.664 0.0000E+00  0.000   0.66
 A569       3.4309 0.16912   9.392 0.0000E+00  0.000   9.39
 A57        3.4348 0.15227   6.244 0.0000E+00  0.000   6.24
 A708       3.4403 0.02158   4.324 0.0000E+00  0.000   4.32
 A463       3.4468 0.15850   8.125 0.0000E+00  0.000   8.13
 A558       3.4490 0.14255   1.567 0.0000E+00  0.000   1.57
 A322       3.4508 0.07532   7.328 0.0000E+00  0.000   7.33
 A623       3.4594 0.22618   4.082 0.0000E+00  0.000   4.08
 A523       3.4606 0.13022   2.482 0.0000E+00  0.000   2.48
 A75        3.4664 0.11445  10.516 0.0000E+00  0.000  10.52
 A3         3.4720 0.14474  10.309 0.0000E+00  0.000  10.31
 A970       3.4738 0.14447   2.227 0.0000E+00  0.000   2.23
 A260       3.4790 0.17963   1.174 0.0000E+00  0.000   1.17
 A502       3.4863 0.08161   4.303 0.0000E+00  0.000   4.30
 A452       3.4864 0.12377   4.216 0.0000E+00  0.000   4.22
 A981       3.4941 0.12445   8.200 0.0000E+00  0.000   8.20
 A645       3.4957 0.01785   8.211 0.0000E+00  0.000   8.21
 A110       3.4993 0.07552   1.121 0.0000E+00  0.000   1.12
 A415       3.4999 0.10560   3.999 0.0000E+00  0.000   4.00
 A873       3.5013 0.12104   5.920 0.0000E+00  0.000   5.92
 A789       3.5101 0.02198   1.767 0.0000E+00  0.000   1.77
 A945       3.5309 0.07474   6.774 0.0000E+00  0.000   6.77
 A245       3.5386 0.07062   6.255 0.0000E+00  0.000   6.25
 A829       3.5446 0.17409   3.711 0.0000E+00  0.000   3.71
 A882       3.5472 0.19646   4.299 0.0000E+00  0.000   4.30
 A453       3.5500 0.17441   5.457 0.0000E+00  0.000   5.46
 A274       3.5506 0.09495   2.507 0.0000E+00  0.000   2.51
 A531       3.5516 0.16331   0.956 0.0000E+00  0.000   0.96
 A433       3.5540 0.13832   1.136 0.0000E+00  0.000   1.14
 A220       3.6075 0.03085   0.683 0.0000E+00  0.000   0.68
 A500       3.6225 0.11593   7.645 0.0000E+00  0.000   7.65
 A580       3.6254 0.12680   2.480 0.0000E+00  0.000   2.48
 A894       3.6291 0.11375   9.086 0.0000E+00  0.000   9.09
 A932       3.6298 0.20063   4.160 0.0000E+00  0.000   4.16
 A955       3.6307 0.07364   4.589 0.0000E+00  0.000   4.59
 A434       3.6327 0.17721   3.642 0.0000E+00  0.000   3.64
 A219       3.6333 0.13410   8.591 0.0000E+00  0.000   8.59
 A435       3.6418 0.11080   5.733 0.0000E+00  0.000   5.73
 A417       3.6424 0.02601  10.250 0.0000E+00  0.000  10.25
 A291       3.6442 0.15421   7.590 0.0000E+00  0.000   7.59
 A124       3.6452 0.10976   2.561 0.0000E+00  0.000   2.56
 A52        3.6491 0.09556   4.760 0.0000E+00  0.000   4.76
 A402       3.6516 0.16369   2.412 0.0000E+00  0.000   2.41
 A927       3.6617 0.10504   1.673 0.0000E+00  0.000   1.67
 A383       3.7474 0.10687   2.163 0.0000E+00  0.000   2.16
 A622       3.7493 0.12748   1.183 0.0000E+00  0.000   1.18
 A183       3.7579 0.10489   5.870 0.0000E+00  0.000   5.87
 A242       3.7657 0.16239   8.851 0.0000E+00  0.000   8.85
 A863       3.8274 0.16267   4.458 0.0000E+00  0.000   4.46
 A904       3.8932 0.15727   1.073 0.0000E+00  0.000   1.07
 A913       3.9166 0.34872   0.632 0.0000E+00  0.000   0.63
 A614       3.9233 0.22155   3.468 0.0000E+00  0.000   3.47
 A783       3.9355 0.09952   8.104 0.0000E+00  0.000   8.10
 A212       3.9497 0.27325   6.645 0.0000E+00  0.000   6.64
 A125       3.9646 0.25068   3.608 0.0000E+00  0.000   3.61
 A392       3.9756 0.15410   6.116 0.0000E+00  0.000   6.12
 A761       3.9820 0.24426   1.824 0.0000E+00  0.000   1.82
 A810       3.9949 0.24127   4.410 0.0000E+00  0.000   4.41
 A5         3.9963 0.08280   8.855 0.0000E+00  0.000   8.86
 A198       4.0060 0.16599   0.845 0.0000E+00  0.000   0.85
 A719       4.0122 0.12707   5.473 0.0000E+00  0.000   5.47
 A30        4.0428 0.07882   3.170 0.0000E+00  0.000   3.17
 JUPITER    5.2030 0.10236   1.208 9.5479E-04  0.000   1.21
 SATURN     9.5309 0.03855   1.582 2.8589E-04  0.000   1.58
 A972      16.2937 0.16717  10.519 0.0000E+00  0.000  10.52
 A200      23.7856 0.36970  10.679 0.0000E+00  0.000  10.68
