 A82        0.7855 0.88737  40.420 0.0000E+00  0.000  40.42
 EARTHMOO   1.0000 0.02268   0.628 9.1213E-06  0.000   0.63
 A107       1.0522 0.14618  38.955 0.0000E+00  0.000  38.96
 A267       1.3167 0.80597  21.568 0.0000E+00  0.000  21.57
 A328       1.4213 0.24588  21.734 0.0000E+00  0.000  21.73
 A430       1.5000 0.02676   3.103 0.0000E+00  0.000   3.10
 A900       1.5009 0.06774   3.628 0.0000E+00  0.000   3.63
 A591       1.5051 0.04410   9.529 0.0000E+00  0.000   9.53
 A534       1.5118 0.10688   8.211 0.0000E+00  0.000   8.21
 A288       1.5166 0.01189   3.583 0.0000E+00  0.000   3.58
 A926       1.5207 0.06732   5.225 0.0000E+00  0.000   5.22
 A79        1.5214 0.05654  11.643 0.0000E+00  0.000  11.64
 A83        1.5227 0.03889   3.863 0.0000E+00  0.000   3.86
 A487       1.5245 0.10416   2.894 0.0000E+00  0.000   2.89
 A729       1.5277 0.03075   6.206 0.0000E+00  0.000   6.21
 A51        1.5324 0.07253   4.674 0.0000E+00  0.000   4.67
 A277       1.5343 0.13014   9.994 0.0000E+00  0.000   9.99
 A950       1.5454 0.02306   3.107 0.0000E+00  0.000   3.11
 A41        1.5455 0.08955   2.988 0.0000E+00  0.000   2.99
 A771       1.5460 0.12001   7.132 0.0000E+00  0.000   7.13
 A816       1.5484 0.05481   3.239 0.0000E+00  0.000   3.24
 A44        1.5505 0.07888   6.323 0.0000E+00  0.000   6.32
 A421       1.5529 0.01042   3.897 0.0000E+00  0.000   3.90
 A498       1.5537 0.03784   2.603 0.0000E+00  0.000   2.60
 A687       1.5542 0.04032   5.782 0.0000E+00  0.000   5.78
 A532       1.5576 0.00850  11.469 0.0000E+00  0.000  11.47
 A395       1.5587 0.08052   5.484 0.0000E+00  0.000   5.48
 A178       1.5622 0.01439   2.156 0.0000E+00  0.000   2.16
 A536       1.5626 0.04654   2.753 0.0000E+00  0.000   2.75
 A973       1.5677 0.04542   7.216 0.0000E+00  0.000   7.22
 A862       1.5719 0.07421   1.649 0.0000E+00  0.000   1.65
 A901       1.5745 0.00950   8.403 0.0000E+00  0.000   8.40
 A485       1.5749 0.09425   4.276 0.0000E+00  0.000   4.28
 A406       1.5767 0.03587   6.629 0.0000E+00  0.000   6.63
 A978       1.5773 0.06035   7.494 0.0000E+00  0.000   7.49
 A857       1.5786 0.07263   2.326 0.0000E+00  0.000   2.33
 A290       1.5804 0.02179   7.886 0.0000E+00  0.000   7.89
 A85        1.5847 0.04171   6.115 0.0000E+00  0.000   6.11
 A673       1.5912 0.07419   8.614 0.0000E+00  0.000   8.61
 A541       1.5913 0.09005   9.553 0.0000E+00  0.000   9.55
 A510       1.5931 0.01981   7.687 0.0000E+00  0.000   7.69
 A225       1.5948 0.00340   8.205 0.0000E+00  0.000   8.20
 A625       1.6003 0.08416   2.372 0.0000E+00  0.000   2.37
 A634       1.6029 0.05147  10.799 0.0000E+00  0.000  10.80
 A142       1.6053 0.03190   5.441 0.0000E+00  0.000   5.44
 A47        1.6055 0.06100   5.676 0.0000E+00  0.000   5.68
 A903       1.6106 0.07027   2.190 0.0000E+00  0.000   2.19
 A116       1.6124 0.09151   7.059 0.0000E+00  0.000   7.06
 A792       1.6196 0.06251   6.561 0.0000E+00  0.000   6.56
 A497       1.6216 0.08037   9.802 0.0000E+00  0.000   9.80
 A746       1.6286 0.08015   5.487 0.0000E+00  0.000   5.49
 A405       1.6295 0.02764   8.726 0.0000E+00  0.000   8.73
 A820       1.6319 0.47021  21.179 0.0000E+00  0.000  21.18
 A34        1.6346 0.07355   8.287 0.0000E+00  0.000   8.29
 A427       1.6363 0.10118   8.153 0.0000E+00  0.000   8.15
 A341       1.6366 0.08486  10.579 0.0000E+00  0.000  10.58
 A95        1.6379 0.14114   8.472 0.0000E+00  0.000   8.47
 A841       1.6397 0.13017  10.435 0.0000E+00  0.000  10.43
 A602       1.6420 0.07647   8.573 0.0000E+00  0.000   8.57
 A380       1.6437 0.12298   4.783 0.0000E+00  0.000   4.78
 A517       1.6444 0.09816   7.993 0.0000E+00  0.000   7.99
 A14        1.6448 0.03607   3.221 0.0000E+00  0.000   3.22
 A297       1.6477 0.01478   6.183 0.0000E+00  0.000   6.18
 A751       1.6506 0.02373   9.081 0.0000E+00  0.000   9.08
 A556       1.6511 0.07269   8.295 0.0000E+00  0.000   8.30
 A447       1.6514 0.05096   8.456 0.0000E+00  0.000   8.46
 A62        1.6525 0.03428   9.697 0.0000E+00  0.000   9.70
 A315       1.6528 0.04610   7.248 0.0000E+00  0.000   7.25
 A880       1.6554 0.03276   4.287 0.0000E+00  0.000   4.29
 A362       1.6574 0.01934   6.698 0.0000E+00  0.000   6.70
 A878       1.6580 0.00466  10.866 0.0000E+00  0.000  10.87
 A639       1.6581 0.10522   1.542 0.0000E+00  0.000   1.54
 A84        1.6596 0.06709   4.191 0.0000E+00  0.000   4.19
 A351       1.6602 0.11168   8.761 0.0000E+00  0.000   8.76
 A703       1.6603 0.06608   3.481 0.0000E+00  0.000   3.48
 A615       1.6624 0.05823   3.941 0.0000E+00  0.000   3.94
 A145       1.6704 0.03859   6.598 0.0000E+00  0.000   6.60
 A852       1.6734 0.07036   4.334 0.0000E+00  0.000   4.33
 A343       1.6798 0.06778  11.124 0.0000E+00  0.000  11.12
 A488       1.6819 0.08855   5.959 0.0000E+00  0.000   5.96
 A399       1.6836 0.04303   6.033 0.0000E+00  0.000   6.03
 A216       1.6848 0.06651   2.111 0.0000E+00  0.000   2.11
 A189       1.6887 0.05280   9.679 0.0000E+00  0.000   9.68
 A618       1.6917 0.06069   7.104 0.0000E+00  0.000   7.10
 A306       1.6940 0.05301   5.923 0.0000E+00  0.000   5.92
 A721       1.6963 0.01239  11.040 0.0000E+00  0.000  11.04
 A636       1.6982 0.06020   2.129 0.0000E+00  0.000   2.13
 A731       1.7064 0.11152   4.435 0.0000E+00  0.000   4.43
 A448       1.7123 0.00611   2.396 0.0000E+00  0.000   2.40
 A358       1.7125 0.06414   4.567 0.0000E+00  0.000   4.57
 A554       1.7185 0.10981  10.678 0.0000E+00  0.000  10.68
 A17        1.7214 0.04976  10.017 0.0000E+00  0.000  10.02
 A283       1.7246 0.10952   6.462 0.0000E+00  0.000   6.46
 A18        1.7250 0.03337   1.935 0.0000E+00  0.000   1.93
 A980       1.7268 0.05571   6.357 0.0000E+00  0.000   6.36
 A515       1.7272 0.07072   2.451 0.0000E+00  0.000   2.45
 A944       1.7311 0.04391   1.433 0.0000E+00  0.000   1.43
 A866       1.7368 0.04657  10.243 0.0000E+00  0.000  10.24
 A603       1.7415 0.12818   7.482 0.0000E+00  0.000   7.48
 A581       1.7439 0.06509  10.257 0.0000E+00  0.000  10.26
 A671       1.7442 0.06387   1.382 0.0000E+00  0.000   1.38
 A119       1.7451 0.09396   5.410 0.0000E+00  0.000   5.41
 A961       1.7472 0.04587   4.736 0.0000E+00  0.000   4.74
 A575       1.7476 0.10147   1.262 0.0000E+00  0.000   1.26
 A969       1.7495 0.06328   1.644 0.0000E+00  0.000   1.64
 A738       1.7514 0.06365   1.819 0.0000E+00  0.000   1.82
 A668       1.7536 0.07262  11.263 0.0000E+00  0.000  11.26
 A289       1.7603 0.14242   7.771 0.0000E+00  0.000   7.77
 A559       1.7618 0.07359   8.136 0.0000E+00  0.000   8.14
 A732       1.7637 0.07396   6.604 0.0000E+00  0.000   6.60
 A798       1.7643 0.06493   2.292 0.0000E+00  0.000   2.29
 A519       1.7664 0.03735  11.428 0.0000E+00  0.000  11.43
 A755       1.7670 0.08140   7.757 0.0000E+00  0.000   7.76
 A38        1.7677 0.08167   2.613 0.0000E+00  0.000   2.61
 A63        1.7689 0.05816   8.234 0.0000E+00  0.000   8.23
 A740       1.7695 0.07226   4.548 0.0000E+00  0.000   4.55
 A835       1.7695 0.12066   9.769 0.0000E+00  0.000   9.77
 A560       1.7724 0.06040  10.648 0.0000E+00  0.000  10.65
 A140       1.7775 0.19741  20.618 0.0000E+00  0.000  20.62
 A150       1.7832 0.13401   1.410 0.0000E+00  0.000   1.41
 A188       1.7857 0.06949   6.635 0.0000E+00  0.000   6.64
 A381       1.7937 0.16500   5.741 0.0000E+00  0.000   5.74
 A412       1.7986 0.05100   7.734 0.0000E+00  0.000   7.73
 A396       1.8002 0.04538   1.256 0.0000E+00  0.000   1.26
 A505       1.8020 0.12309   9.514 0.0000E+00  0.000   9.51
 A24        1.8020 0.10215   6.263 0.0000E+00  0.000   6.26
 A962       1.8035 0.12754   6.743 0.0000E+00  0.000   6.74
 A130       1.8037 0.02716   8.265 0.0000E+00  0.000   8.26
 A511       1.8043 0.10243   3.831 0.0000E+00  0.000   3.83
 A348       1.8050 0.12996  10.715 0.0000E+00  0.000  10.71
 A470       1.8050 0.01508  12.948 0.0000E+00  0.000  12.95
 A627       1.8057 0.06900  14.647 0.0000E+00  0.000  14.65
 A482       1.8147 0.04639   8.614 0.0000E+00  0.000   8.61
 A121       1.8169 0.04404   9.105 0.0000E+00  0.000   9.11
 A201       1.8180 0.07643  10.384 0.0000E+00  0.000  10.38
 A585       1.8182 0.06129   0.617 0.0000E+00  0.000   0.62
 A122       1.8199 0.06924  11.004 0.0000E+00  0.000  11.00
 A724       1.8201 0.06308   8.868 0.0000E+00  0.000   8.87
 A899       1.8204 0.05729   6.965 0.0000E+00  0.000   6.97
 A136       1.8209 0.08592   4.359 0.0000E+00  0.000   4.36
 A58        1.8215 0.16820  10.303 0.0000E+00  0.000  10.30
 A299       1.8221 0.12322   5.011 0.0000E+00  0.000   5.01
 A7         1.8233 0.01451   8.048 0.0000E+00  0.000   8.05
 A301       1.8259 0.07313   6.992 0.0000E+00  0.000   6.99
 A512       1.8264 0.02570  15.671 0.0000E+00  0.000  15.67
 A99        1.8273 0.08428   5.361 0.0000E+00  0.000   5.36
 A74        1.8284 0.12298   8.129 0.0000E+00  0.000   8.13
 A807       1.8300 0.02177   9.664 0.0000E+00  0.000   9.66
 A207       1.8309 0.05610  14.785 0.0000E+00  0.000  14.78
 A702       1.8310 0.16909  11.871 0.0000E+00  0.000  11.87
 A205       1.8356 0.10957   5.283 0.0000E+00  0.000   5.28
 A725       1.8363 0.04227   3.235 0.0000E+00  0.000   3.23
 A324       1.8369 0.10698   8.404 0.0000E+00  0.000   8.40
 A827       1.8374 0.06189  14.311 0.0000E+00  0.000  14.31
 A161       1.8380 0.06211   7.330 0.0000E+00  0.000   7.33
 A29        1.8410 0.03489  11.584 0.0000E+00  0.000  11.58
 A780       1.8437 0.14111  13.368 0.0000E+00  0.000  13.37
 A281       1.8438 0.16840  11.046 0.0000E+00  0.000  11.05
 A268       1.8441 0.04545   8.415 0.0000E+00  0.000   8.41
 A567       1.8529 0.16415  10.937 0.0000E+00  0.000  10.94
 A765       1.8548 0.07882   5.324 0.0000E+00  0.000   5.32
 A728       1.8556 0.18747  14.078 0.0000E+00  0.000  14.08
 A855       1.8564 0.06281   9.375 0.0000E+00  0.000   9.38
 A768       1.8588 0.10435   7.106 0.0000E+00  0.000   7.11
 A477       1.8601 0.05758   5.528 0.0000E+00  0.000   5.53
 A132       1.8614 0.05204  11.771 0.0000E+00  0.000  11.77
 A181       1.8622 0.09083   3.601 0.0000E+00  0.000   3.60
 A407       1.8635 0.03041  10.393 0.0000E+00  0.000  10.39
 A270       1.8635 0.14828   2.928 0.0000E+00  0.000   2.93
 A344       1.8681 0.09312  15.765 0.0000E+00  0.000  15.77
 A50        1.8696 0.04593  10.152 0.0000E+00  0.000  10.15
 A864       1.8722 0.12611   7.775 0.0000E+00  0.000   7.78
 A126       1.8728 0.10000   8.373 0.0000E+00  0.000   8.37
 A346       1.8775 0.05243  15.622 0.0000E+00  0.000  15.62
 A263       1.8778 0.10580   7.384 0.0000E+00  0.000   7.38
 A628       1.8789 0.05486   2.705 0.0000E+00  0.000   2.70
 A992       1.8801 0.07210   3.020 0.0000E+00  0.000   3.02
 A246       1.8806 0.14264  14.560 0.0000E+00  0.000  14.56
 A33        1.8821 0.03692  11.646 0.0000E+00  0.000  11.65
 A935       1.8841 0.08814   7.477 0.0000E+00  0.000   7.48
 A846       1.8847 0.19027  11.228 0.0000E+00  0.000  11.23
 A665       1.8927 0.04045   5.507 0.0000E+00  0.000   5.51
 A583       1.8960 0.06444   8.337 0.0000E+00  0.000   8.34
 A413       1.8963 0.07288   9.223 0.0000E+00  0.000   9.22
 A428       1.8974 0.08178   4.395 0.0000E+00  0.000   4.40
 A255       1.8978 0.06906  16.754 0.0000E+00  0.000  16.75
 A889       1.9050 0.16372   6.792 0.0000E+00  0.000   6.79
 A611       1.9079 0.10783  10.480 0.0000E+00  0.000  10.48
 A86        1.9086 0.12022   7.630 0.0000E+00  0.000   7.63
 A495       1.9090 0.15618  18.877 0.0000E+00  0.000  18.88
 A994       1.9259 0.09287  17.021 0.0000E+00  0.000  17.02
 A843       1.9259 0.19029  17.714 0.0000E+00  0.000  17.71
 A769       1.9266 0.10699  19.341 0.0000E+00  0.000  19.34
 A995       1.9282 0.05039  17.445 0.0000E+00  0.000  17.44
 A98        1.9300 0.16879  10.409 0.0000E+00  0.000  10.41
 A144       1.9319 0.03128  14.058 0.0000E+00  0.000  14.06
 A187       1.9321 0.04306  18.506 0.0000E+00  0.000  18.51
 A801       1.9330 0.05188   9.943 0.0000E+00  0.000   9.94
 A311       1.9369 0.17491  19.296 0.0000E+00  0.000  19.30
 A223       1.9374 0.13274  23.273 0.0000E+00  0.000  23.27
 A371       1.9381 0.09577  10.915 0.0000E+00  0.000  10.92
 A617       1.9460 0.17277  15.324 0.0000E+00  0.000  15.32
 A356       1.9464 0.03749   9.804 0.0000E+00  0.000   9.80
 A675       1.9483 0.07831   2.496 0.0000E+00  0.000   2.50
 A438       1.9489 0.16259  25.702 0.0000E+00  0.000  25.70
 A526       1.9519 0.15796  12.456 0.0000E+00  0.000  12.46
 A632       1.9545 0.25059   7.392 0.0000E+00  0.000   7.39
 A942       1.9571 0.21093   7.318 0.0000E+00  0.000   7.32
 A547       1.9621 0.17693  29.313 0.0000E+00  0.000  29.31
 A202       1.9650 0.16442  24.842 0.0000E+00  0.000  24.84
 A939       1.9680 0.09798  13.282 0.0000E+00  0.000  13.28
 A868       1.9689 0.09668  17.495 0.0000E+00  0.000  17.49
 A457       1.9766 0.14696  23.944 0.0000E+00  0.000  23.94
 A777       1.9810 0.07567   9.770 0.0000E+00  0.000   9.77
 A565       1.9829 0.19654  30.130 0.0000E+00  0.000  30.13
 A481       2.0000 0.03763  14.401 0.0000E+00  0.000  14.40
 A332       2.0024 0.12595  32.109 0.0000E+00  0.000  32.11
 A241       2.0264 0.10908  20.571 0.0000E+00  0.000  20.57
 A576       2.0324 0.15430  10.984 0.0000E+00  0.000  10.98
 A782       2.1293 0.36082   3.585 0.0000E+00  0.000   3.58
 A553       2.1436 0.22912   2.234 0.0000E+00  0.000   2.23
 A538       2.1578 0.45172   5.921 0.0000E+00  0.000   5.92
 A921       2.1633 0.18782   3.225 0.0000E+00  0.000   3.22
 A429       2.1648 0.26884   5.363 0.0000E+00  0.000   5.36
 A758       2.1662 0.40275   4.748 0.0000E+00  0.000   4.75
 A475       2.1711 0.22830   3.058 0.0000E+00  0.000   3.06
 A656       2.1740 0.06459   2.746 0.0000E+00  0.000   2.75
 A966       2.1742 0.30603   3.935 0.0000E+00  0.000   3.94
 A650       2.1754 0.09225   3.195 0.0000E+00  0.000   3.20
 A149       2.1800 0.29142   4.893 0.0000E+00  0.000   4.89
 A191       2.1868 0.09228   2.551 0.0000E+00  0.000   2.55
 A214       2.1901 0.22949   1.089 0.0000E+00  0.000   1.09
 A947       2.1961 0.10698   1.025 0.0000E+00  0.000   1.03
 A513       2.1971 0.10092   8.772 0.0000E+00  0.000   8.77
 A308       2.1973 0.19555   1.971 0.0000E+00  0.000   1.97
 A654       2.1976 0.12197   1.286 0.0000E+00  0.000   1.29
 A94        2.2008 0.14418   4.382 0.0000E+00  0.000   4.38
 A379       2.2036 0.27111   6.714 0.0000E+00  0.000   6.71
 A557       2.2058 0.25098   7.267 0.0000E+00  0.000   7.27
 A293       2.2104 0.24104   6.587 0.0000E+00  0.000   6.59
 A45        2.2125 0.21805   6.666 0.0000E+00  0.000   6.67
 A28        2.2181 0.02638   3.178 0.0000E+00  0.000   3.18
 A908       2.2219 0.15195   5.954 0.0000E+00  0.000   5.95
 A185       2.2239 0.16780   3.827 0.0000E+00  0.000   3.83
 A516       2.2260 0.40881  16.423 0.0000E+00  0.000  16.42
 A72        2.2269 0.09950   2.304 0.0000E+00  0.000   2.30
 A854       2.2276 0.12968   5.313 0.0000E+00  0.000   5.31
 A734       2.2298 0.08120   5.418 0.0000E+00  0.000   5.42
 A476       2.2347 0.12976   5.777 0.0000E+00  0.000   5.78
 A990       2.2526 0.12540   6.844 0.0000E+00  0.000   6.84
 A171       2.2554 0.16832   5.588 0.0000E+00  0.000   5.59
 A307       2.2581 0.13247   2.114 0.0000E+00  0.000   2.11
 A384       2.2620 0.03729   6.946 0.0000E+00  0.000   6.95
 A278       2.2647 0.13583   7.875 0.0000E+00  0.000   7.87
 A22        2.2650 0.05907   5.259 0.0000E+00  0.000   5.26
 A229       2.2650 0.14632   7.332 0.0000E+00  0.000   7.33
 A681       2.2652 0.09512   3.451 0.0000E+00  0.000   3.45
 A224       2.2660 0.15299   5.651 0.0000E+00  0.000   5.65
 A710       2.2666 0.13178   2.780 0.0000E+00  0.000   2.78
 A61        2.2727 0.01519   3.540 0.0000E+00  0.000   3.54
 A97        2.2733 0.15349   8.217 0.0000E+00  0.000   8.22
 A310       2.2953 0.04692   8.948 0.0000E+00  0.000   8.95
 A147       2.2962 0.10460   3.872 0.0000E+00  0.000   3.87
 A818       2.2963 0.08150   8.002 0.0000E+00  0.000   8.00
 A784       2.2965 0.18847   6.324 0.0000E+00  0.000   6.32
 A672       2.3008 0.03633   6.012 0.0000E+00  0.000   6.01
 A744       2.3026 0.22430   7.976 0.0000E+00  0.000   7.98
 A890       2.3034 0.08152   2.393 0.0000E+00  0.000   2.39
 A770       2.3057 0.03041   2.382 0.0000E+00  0.000   2.38
 A455       2.3129 0.06009  10.504 0.0000E+00  0.000  10.50
 A796       2.3134 0.06284   1.379 0.0000E+00  0.000   1.38
 A158       2.3156 0.20415   1.763 0.0000E+00  0.000   1.76
 A991       2.3175 0.07655   7.943 0.0000E+00  0.000   7.94
 A35        2.3199 0.22497   8.573 0.0000E+00  0.000   8.57
 A726       2.3208 0.06362   5.436 0.0000E+00  0.000   5.44
 A849       2.3209 0.11085   1.262 0.0000E+00  0.000   1.26
 A272       2.3250 0.05876   7.563 0.0000E+00  0.000   7.56
 A867       2.3266 0.05485   9.844 0.0000E+00  0.000   9.84
 A313       2.3318 0.18884  10.151 0.0000E+00  0.000  10.15
 A473       2.3395 0.07834   5.730 0.0000E+00  0.000   5.73
 A918       2.3402 0.10136   3.844 0.0000E+00  0.000   3.84
 A465       2.3408 0.10931   4.961 0.0000E+00  0.000   4.96
 A323       2.3471 0.13075   4.419 0.0000E+00  0.000   4.42
 A1000      2.3481 0.08593   0.729 0.0000E+00  0.000   0.73
 A436       2.3566 0.15570   8.389 0.0000E+00  0.000   8.39
 A165       2.3589 0.14364   1.808 0.0000E+00  0.000   1.81
 A174       2.3666 0.04399   6.164 0.0000E+00  0.000   6.16
 A902       2.3699 0.10525   8.643 0.0000E+00  0.000   8.64
 A790       2.3706 0.05104   4.688 0.0000E+00  0.000   4.69
 A127       2.3719 0.05020   5.355 0.0000E+00  0.000   5.35
 A375       2.3740 0.14326   4.040 0.0000E+00  0.000   4.04
 A257       2.3777 0.13800   2.655 0.0000E+00  0.000   2.66
 A605       2.3824 0.08515   1.841 0.0000E+00  0.000   1.84
 A748       2.3840 0.01995   6.903 0.0000E+00  0.000   6.90
 A641       2.3850 0.17998   1.346 0.0000E+00  0.000   1.35
 A858       2.3855 0.15277  11.002 0.0000E+00  0.000  11.00
 A530       2.3868 0.05484   5.636 0.0000E+00  0.000   5.64
 A321       2.3900 0.04481   6.138 0.0000E+00  0.000   6.14
 A20        2.3904 0.19645   2.776 0.0000E+00  0.000   2.78
 A696       2.3905 0.05699   3.233 0.0000E+00  0.000   3.23
 A48        2.3960 0.05257   3.497 0.0000E+00  0.000   3.50
 A93        2.3996 0.03956   1.921 0.0000E+00  0.000   1.92
 A156       2.4055 0.15690   5.322 0.0000E+00  0.000   5.32
 A967       2.4074 0.15082   8.496 0.0000E+00  0.000   8.50
 A101       2.4074 0.16222  12.409 0.0000E+00  0.000  12.41
 A444       2.4094 0.12885   5.596 0.0000E+00  0.000   5.60
 A695       2.4105 0.07290   4.174 0.0000E+00  0.000   4.17
 A895       2.4117 0.06037   8.979 0.0000E+00  0.000   8.98
 A345       2.4174 0.09814   3.120 0.0000E+00  0.000   3.12
 A159       2.4178 0.11795   0.500 0.0000E+00  0.000   0.50
 A876       2.4212 0.06346   7.177 0.0000E+00  0.000   7.18
 A821       2.4245 0.10252   3.708 0.0000E+00  0.000   3.71
 A998       2.4350 0.07265   2.637 0.0000E+00  0.000   2.64
 A776       2.4404 0.09323   1.623 0.0000E+00  0.000   1.62
 A831       2.4451 0.16388   9.311 0.0000E+00  0.000   9.31
 A953       2.4481 0.08135   6.238 0.0000E+00  0.000   6.24
 A943       2.4485 0.05502   5.599 0.0000E+00  0.000   5.60
 A172       2.4680 0.09711   6.597 0.0000E+00  0.000   6.60
 A442       2.4745 0.02718   0.974 0.0000E+00  0.000   0.97
 A112       2.4780 0.14867   5.258 0.0000E+00  0.000   5.26
 A701       2.4781 0.08498  11.779 0.0000E+00  0.000  11.78
 A388       2.4819 0.14093   3.451 0.0000E+00  0.000   3.45
 A337       2.4921 0.09370   5.081 0.0000E+00  0.000   5.08
 A791       2.4930 0.04005   4.681 0.0000E+00  0.000   4.68
 A599       2.5182 0.07387   3.923 0.0000E+00  0.000   3.92
 A102       2.5191 0.18204   4.226 0.0000E+00  0.000   4.23
 A367       2.5210 0.19765   2.908 0.0000E+00  0.000   2.91
 A424       2.5215 0.11430   9.947 0.0000E+00  0.000   9.95
 A236       2.5272 0.11709   1.001 0.0000E+00  0.000   1.00
 A975       2.5287 0.10857   5.665 0.0000E+00  0.000   5.67
 A651       2.5335 0.05422   1.657 0.0000E+00  0.000   1.66
 A287       2.5372 0.17307   2.612 0.0000E+00  0.000   2.61
 A705       2.5429 0.18852   3.985 0.0000E+00  0.000   3.99
 A468       2.5434 0.15563   5.137 0.0000E+00  0.000   5.14
 A374       2.5459 0.07675   7.609 0.0000E+00  0.000   7.61
 A922       2.5460 0.21634   4.801 0.0000E+00  0.000   4.80
 A352       2.5470 0.05577   7.982 0.0000E+00  0.000   7.98
 A89        2.5560 0.07581   7.677 0.0000E+00  0.000   7.68
 A690       2.5581 0.11003   6.378 0.0000E+00  0.000   6.38
 A861       2.5587 0.22251   4.875 0.0000E+00  0.000   4.88
 A42        2.5627 0.17647   7.365 0.0000E+00  0.000   7.36
 A11        2.5633 0.12410  10.334 0.0000E+00  0.000  10.33
 A222       2.5655 0.10873   7.017 0.0000E+00  0.000   7.02
 A596       2.5666 0.05722  12.187 0.0000E+00  0.000  12.19
 A706       2.5685 0.08470   5.446 0.0000E+00  0.000   5.45
 A806       2.5691 0.11731   8.824 0.0000E+00  0.000   8.82
 A167       2.5739 0.01191   4.641 0.0000E+00  0.000   4.64
 A851       2.5758 0.08032   6.464 0.0000E+00  0.000   6.46
 A844       2.5783 0.15692   4.847 0.0000E+00  0.000   4.85
 A331       2.5797 0.11734   2.322 0.0000E+00  0.000   2.32
 A239       2.5856 0.08928   6.796 0.0000E+00  0.000   6.80
 A688       2.5889 0.13184   4.720 0.0000E+00  0.000   4.72
 A666       2.5889 0.15826   2.511 0.0000E+00  0.000   2.51
 A31        2.5979 0.15927  10.710 0.0000E+00  0.000  10.71
 A422       2.5983 0.13161   6.378 0.0000E+00  0.000   6.38
 A175       2.6003 0.04664   3.575 0.0000E+00  0.000   3.57
 A276       2.6014 0.02897   1.821 0.0000E+00  0.000   1.82
 A431       2.6022 0.08159   6.054 0.0000E+00  0.000   6.05
 A284       2.6049 0.10235   4.719 0.0000E+00  0.000   4.72
 A256       2.6129 0.21031   9.737 0.0000E+00  0.000   9.74
 A450       2.6133 0.14019   3.413 0.0000E+00  0.000   3.41
 A609       2.6154 0.11766   5.210 0.0000E+00  0.000   5.21
 A896       2.6177 0.08406   6.805 0.0000E+00  0.000   6.80
 A213       2.6184 0.16826   4.269 0.0000E+00  0.000   4.27
 A141       2.6204 0.16852   4.824 0.0000E+00  0.000   4.82
 A135       2.6208 0.07387   8.253 0.0000E+00  0.000   8.25
 A661       2.6219 0.12600   4.212 0.0000E+00  0.000   4.21
 A662       2.6226 0.18995   2.605 0.0000E+00  0.000   2.60
 A454       2.6298 0.09105  12.025 0.0000E+00  0.000  12.02
 A891       2.6320 0.09255   6.300 0.0000E+00  0.000   6.30
 A338       2.6339 0.08632   6.696 0.0000E+00  0.000   6.70
 A184       2.6362 0.00509   6.351 0.0000E+00  0.000   6.35
 A372       2.6384 0.22332   3.602 0.0000E+00  0.000   3.60
 A204       2.6429 0.04128   9.478 0.0000E+00  0.000   9.48
 A386       2.6456 0.11184   4.207 0.0000E+00  0.000   4.21
 A925       2.6510 0.08584   2.724 0.0000E+00  0.000   2.72
 A853       2.6551 0.14126   1.924 0.0000E+00  0.000   1.92
 A872       2.6570 0.09856   1.898 0.0000E+00  0.000   1.90
 A968       2.6596 0.15199   3.391 0.0000E+00  0.000   3.39
 A6         2.6642 0.22114   5.257 0.0000E+00  0.000   5.26
 A718       2.6697 0.10237   7.353 0.0000E+00  0.000   7.35
 A938       2.6706 0.14875   0.977 0.0000E+00  0.000   0.98
 A957       2.6709 0.10973   5.780 0.0000E+00  0.000   5.78
 A887       2.6712 0.16776  11.950 0.0000E+00  0.000  11.95
 A489       2.6712 0.30007   7.012 0.0000E+00  0.000   7.01
 A715       2.6843 0.03441   1.085 0.0000E+00  0.000   1.08
 A709       2.6894 0.06304   2.673 0.0000E+00  0.000   2.67
 A730       2.6917 0.11391   4.314 0.0000E+00  0.000   4.31
 A630       2.6951 0.01592   2.303 0.0000E+00  0.000   2.30
 A471       2.6952 0.13249   8.190 0.0000E+00  0.000   8.19
 A39        2.6985 0.04158  10.802 0.0000E+00  0.000  10.80
 A100       2.6996 0.10272   7.571 0.0000E+00  0.000   7.57
 A911       2.7000 0.11100   2.103 0.0000E+00  0.000   2.10
 A4         2.7081 0.11664   3.843 0.0000E+00  0.000   3.84
 A360       2.7086 0.11913   2.335 0.0000E+00  0.000   2.34
 A499       2.7105 0.09591   2.504 0.0000E+00  0.000   2.50
 A833       2.7170 0.04903  10.822 0.0000E+00  0.000  10.82
 A963       2.7172 0.03782   8.426 0.0000E+00  0.000   8.43
 A815       2.7176 0.16445   2.494 0.0000E+00  0.000   2.49
 A303       2.7260 0.10511   6.458 0.0000E+00  0.000   6.46
 A934       2.7271 0.11806   2.111 0.0000E+00  0.000   2.11
 A316       2.7279 0.16709   6.247 0.0000E+00  0.000   6.25
 A917       2.7281 0.12313   8.081 0.0000E+00  0.000   8.08
 A682       2.7294 0.07091   3.201 0.0000E+00  0.000   3.20
 A208       2.7311 0.08225  10.238 0.0000E+00  0.000  10.24
 A409       2.7312 0.19727   5.223 0.0000E+00  0.000   5.22
 A552       2.7342 0.13472   7.392 0.0000E+00  0.000   7.39
 A300       2.7344 0.05681   8.117 0.0000E+00  0.000   8.12
 A451       2.7438 0.06813   7.873 0.0000E+00  0.000   7.87
 A694       2.7482 0.04867   0.284 0.0000E+00  0.000   0.28
 A624       2.7495 0.02771   7.967 0.0000E+00  0.000   7.97
 A760       2.7503 0.06382   2.520 0.0000E+00  0.000   2.52
 A243       2.7507 0.07152   9.248 0.0000E+00  0.000   9.25
 A87        2.7522 0.12516   9.825 0.0000E+00  0.000   9.83
 A747       2.7523 0.03302   1.049 0.0000E+00  0.000   1.05
 A800       2.7582 0.11118   2.734 0.0000E+00  0.000   2.73
 A735       2.7589 0.05661   3.028 0.0000E+00  0.000   3.03
 A336       2.7598 0.12030   2.256 0.0000E+00  0.000   2.26
 A312       2.7608 0.10066   6.626 0.0000E+00  0.000   6.63
 A2         2.7622 0.07556   1.100 0.0000E+00  0.000   1.10
 A37        2.7653 0.11139   4.406 0.0000E+00  0.000   4.41
 A294       2.7653 0.10384   4.227 0.0000E+00  0.000   4.23
 A365       2.7700 0.07801   8.683 0.0000E+00  0.000   8.68
 A393       2.7801 0.06617   5.982 0.0000E+00  0.000   5.98
 A19        2.7814 0.03961  10.674 0.0000E+00  0.000  10.67
 A432       2.7840 0.08592   3.521 0.0000E+00  0.000   3.52
 A838       2.7882 0.12577   4.027 0.0000E+00  0.000   4.03
 A648       2.7896 0.02473   5.701 0.0000E+00  0.000   5.70
 A339       2.7911 0.09338   1.252 0.0000E+00  0.000   1.25
 A120       2.7952 0.16447   8.184 0.0000E+00  0.000   8.18
 A237       2.7960 0.17601   4.174 0.0000E+00  0.000   4.17
 A233       2.7962 0.16417   3.030 0.0000E+00  0.000   3.03
 A812       2.8058 0.01462   2.629 0.0000E+00  0.000   2.63
 A826       2.8070 0.14159   3.378 0.0000E+00  0.000   3.38
 A629       2.8074 0.06177   3.421 0.0000E+00  0.000   3.42
 A764       2.8101 0.08256   7.870 0.0000E+00  0.000   7.87
 A163       2.8105 0.04801   3.434 0.0000E+00  0.000   3.43
 A586       2.8159 0.00694   3.896 0.0000E+00  0.000   3.90
 A574       2.8336 0.06047   5.830 0.0000E+00  0.000   5.83
 A403       2.8371 0.03695   2.404 0.0000E+00  0.000   2.40
 A196       2.8390 0.06075   4.633 0.0000E+00  0.000   4.63
 A888       2.8397 0.18469   2.057 0.0000E+00  0.000   2.06
 A353       2.8430 0.17448   5.779 0.0000E+00  0.000   5.78
 A340       2.8481 0.08727   4.106 0.0000E+00  0.000   4.11
 A507       2.8510 0.14301   1.781 0.0000E+00  0.000   1.78
 A426       2.8529 0.08796   9.397 0.0000E+00  0.000   9.40
 A762       2.8546 0.12092  10.015 0.0000E+00  0.000  10.02
 A620       2.8550 0.07236   0.192 0.0000E+00  0.000   0.19
 A528       2.8558 0.13806   8.748 0.0000E+00  0.000   8.75
 A763       2.8594 0.08952   2.486 0.0000E+00  0.000   2.49
 A850       2.8594 0.18599   3.019 0.0000E+00  0.000   3.02
 A600       2.8620 0.14803   2.344 0.0000E+00  0.000   2.34
 A984       2.8657 0.04825   2.748 0.0000E+00  0.000   2.75
 A483       2.8671 0.23158   4.587 0.0000E+00  0.000   4.59
 A912       2.8674 0.02758   7.223 0.0000E+00  0.000   7.22
 A881       2.8676 0.13394   5.141 0.0000E+00  0.000   5.14
 A320       2.8694 0.04919   9.380 0.0000E+00  0.000   9.38
 A177       2.8703 0.06421   1.955 0.0000E+00  0.000   1.95
 A612       2.8796 0.07584   7.021 0.0000E+00  0.000   7.02
 A540       2.8832 0.03434   7.608 0.0000E+00  0.000   7.61
 A754       2.8839 0.08583   2.419 0.0000E+00  0.000   2.42
 A330       2.8842 0.05974   8.386 0.0000E+00  0.000   8.39
 A382       2.8853 0.21626   1.771 0.0000E+00  0.000   1.77
 A737       2.8865 0.16637   2.681 0.0000E+00  0.000   2.68
 A794       2.8891 0.14505   8.208 0.0000E+00  0.000   8.21
 A669       2.8939 0.12681   0.671 0.0000E+00  0.000   0.67
 A679       2.8969 0.13152   4.065 0.0000E+00  0.000   4.06
 A885       2.9082 0.11973   7.135 0.0000E+00  0.000   7.14
 A727       2.9089 0.12067   5.288 0.0000E+00  0.000   5.29
 A830       2.9125 0.07519   0.467 0.0000E+00  0.000   0.47
 A333       2.9129 0.04257   6.398 0.0000E+00  0.000   6.40
 A478       2.9235 0.03800   3.070 0.0000E+00  0.000   3.07
 A785       2.9236 0.04451   1.411 0.0000E+00  0.000   1.41
 A484       2.9254 0.15886   4.251 0.0000E+00  0.000   4.25
 A359       2.9273 0.18861   8.167 0.0000E+00  0.000   8.17
 A659       2.9356 0.01958   6.178 0.0000E+00  0.000   6.18
 A77        2.9378 0.05310   7.809 0.0000E+00  0.000   7.81
 A193       2.9401 0.07369   4.263 0.0000E+00  0.000   4.26
 A49        2.9485 0.06545   4.291 0.0000E+00  0.000   4.29
 A143       2.9498 0.09839   5.601 0.0000E+00  0.000   5.60
 A347       2.9575 0.05126   4.108 0.0000E+00  0.000   4.11
 A176       2.9636 0.18789   7.077 0.0000E+00  0.000   7.08
 A459       2.9640 0.12092   3.163 0.0000E+00  0.000   3.16
 A931       2.9663 0.13891   4.297 0.0000E+00  0.000   4.30
 A21        2.9667 0.06025   3.842 0.0000E+00  0.000   3.84
 A59        2.9679 0.16512   6.146 0.0000E+00  0.000   6.15
 A869       2.9708 0.12900   9.562 0.0000E+00  0.000   9.56
 A986       2.9797 0.09491   3.773 0.0000E+00  0.000   3.77
 A118       2.9833 0.05714   8.181 0.0000E+00  0.000   8.18
 A501       2.9840 0.12406   0.643 0.0000E+00  0.000   0.64
 A720       2.9856 0.14307   3.473 0.0000E+00  0.000   3.47
 A182       2.9964 0.16064   9.960 0.0000E+00  0.000   9.96
 A115       2.9991 0.08191   1.530 0.0000E+00  0.000   1.53
 A408       2.9995 0.16065   2.156 0.0000E+00  0.000   2.16
 A410       3.0025 0.06039   3.545 0.0000E+00  0.000   3.54
 A462       3.0034 0.03258   2.246 0.0000E+00  0.000   2.25
 A23        3.0108 0.03733   0.758 0.0000E+00  0.000   0.76
 A464       3.0169 0.12729   0.785 0.0000E+00  0.000   0.79
 A235       3.0199 0.02825   8.769 0.0000E+00  0.000   8.77
 A527       3.0229 0.07677   1.953 0.0000E+00  0.000   1.95
 A640       3.0277 0.12062   3.736 0.0000E+00  0.000   3.74
 A282       3.0290 0.10538   0.995 0.0000E+00  0.000   0.99
 A897       3.0315 0.21570  11.501 0.0000E+00  0.000  11.50
 A883       3.0338 0.12195   5.337 0.0000E+00  0.000   5.34
 A240       3.0407 0.09516   6.019 0.0000E+00  0.000   6.02
 A590       3.0419 0.19772   3.785 0.0000E+00  0.000   3.79
 A1         3.0473 0.13134   2.149 0.0000E+00  0.000   2.15
 A385       3.0530 0.03928   1.103 0.0000E+00  0.000   1.10
 A646       3.0565 0.13286   3.277 0.0000E+00  0.000   3.28
 A397       3.0595 0.04460   0.200 0.0000E+00  0.000   0.20
 A712       3.0615 0.04484   4.924 0.0000E+00  0.000   4.92
 A804       3.0669 0.15339   3.681 0.0000E+00  0.000   3.68
 A550       3.0672 0.16791   7.537 0.0000E+00  0.000   7.54
 A416       3.0686 0.14426   6.326 0.0000E+00  0.000   6.33
 A54        3.0686 0.04591   1.979 0.0000E+00  0.000   1.98
 A539       3.0726 0.10454   3.794 0.0000E+00  0.000   3.79
 A76        3.0736 0.05976   5.222 0.0000E+00  0.000   5.22
 A248       3.0779 0.09194   7.528 0.0000E+00  0.000   7.53
 A722       3.0793 0.11582   9.698 0.0000E+00  0.000   9.70
 A252       3.0802 0.11097   0.747 0.0000E+00  0.000   0.75
 A420       3.0809 0.06953   0.704 0.0000E+00  0.000   0.70
 A123       3.0831 0.11964   4.600 0.0000E+00  0.000   4.60
 A566       3.0889 0.10641  10.517 0.0000E+00  0.000  10.52
 A692       3.0894 0.11319   7.166 0.0000E+00  0.000   7.17
 A689       3.0982 0.03026   3.087 0.0000E+00  0.000   3.09
 A106       3.1040 0.06368   5.498 0.0000E+00  0.000   5.50
 A391       3.1044 0.23124   2.987 0.0000E+00  0.000   2.99
 A893       3.1120 0.14687   4.826 0.0000E+00  0.000   4.83
 A456       3.1136 0.07743   3.819 0.0000E+00  0.000   3.82
 A996       3.1161 0.18407   4.394 0.0000E+00  0.000   4.39
 A68        3.1177 0.05194   9.376 0.0000E+00  0.000   9.38
 A250       3.1213 0.12067   2.904 0.0000E+00  0.000   2.90
 A218       3.1223 0.06084   7.086 0.0000E+00  0.000   7.09
 A247       3.1244 0.20483   1.495 0.0000E+00  0.000   1.50
 A71        3.1249 0.10020   3.218 0.0000E+00  0.000   3.22
 A194       3.1297 0.17049   9.185 0.0000E+00  0.000   9.18
 A653       3.1308 0.02648   7.709 0.0000E+00  0.000   7.71
 A78        3.1324 0.15348   8.552 0.0000E+00  0.000   8.55
 A335       3.1333 0.03748   7.961 0.0000E+00  0.000   7.96
 A133       3.1396 0.01399   7.479 0.0000E+00  0.000   7.48
 A16        3.1407 0.08611   5.211 0.0000E+00  0.000   5.21
 A674       3.1415 0.16654   7.221 0.0000E+00  0.000   7.22
 A244       3.1444 0.02709   6.821 0.0000E+00  0.000   6.82
 A279       3.1470 0.14602  10.318 0.0000E+00  0.000  10.32
 A589       3.1492 0.09509   8.589 0.0000E+00  0.000   8.59
 A103       3.1585 0.11253   2.376 0.0000E+00  0.000   2.38
 A766       3.1620 0.04342   7.562 0.0000E+00  0.000   7.56
 A819       3.1621 0.15023   1.049 0.0000E+00  0.000   1.05
 A877       3.1647 0.09139   8.974 0.0000E+00  0.000   8.97
 A40        3.1688 0.16397   9.842 0.0000E+00  0.000   9.84
 A592       3.1697 0.01551   2.370 0.0000E+00  0.000   2.37
 A546       3.1700 0.14423   7.004 0.0000E+00  0.000   7.00
 A711       3.1703 0.05767   6.906 0.0000E+00  0.000   6.91
 A949       3.1776 0.02237   3.951 0.0000E+00  0.000   3.95
 A401       3.1809 0.07614   5.677 0.0000E+00  0.000   5.68
 A959       3.1838 0.04929   0.897 0.0000E+00  0.000   0.90
 A480       3.1843 0.15986   4.986 0.0000E+00  0.000   4.99
 A707       3.1851 0.08444   0.425 0.0000E+00  0.000   0.42
 A716       3.1864 0.17452   6.128 0.0000E+00  0.000   6.13
 A305       3.1871 0.11140   8.371 0.0000E+00  0.000   8.37
 A834       3.1905 0.01002   0.872 0.0000E+00  0.000   0.87
 A195       3.1923 0.04788   9.659 0.0000E+00  0.000   9.66
 A898       3.1946 0.04180   3.937 0.0000E+00  0.000   3.94
 A326       3.2117 0.01768   1.072 0.0000E+00  0.000   1.07
 A657       3.2134 0.12916   3.745 0.0000E+00  0.000   3.74
 A60        3.2184 0.08154   7.652 0.0000E+00  0.000   7.65
 A563       3.2191 0.00985   2.661 0.0000E+00  0.000   2.66
 A700       3.2221 0.11489   3.037 0.0000E+00  0.000   3.04
 A572       3.2228 0.16170   2.725 0.0000E+00  0.000   2.72
 A626       3.2237 0.06218   6.153 0.0000E+00  0.000   6.15
 A930       3.2264 0.07219   6.422 0.0000E+00  0.000   6.42
 A832       3.2415 0.03671   8.941 0.0000E+00  0.000   8.94
 A825       3.2478 0.07524   9.379 0.0000E+00  0.000   9.38
 A298       3.2531 0.11238   3.731 0.0000E+00  0.000   3.73
 A676       3.2915 0.13227   2.567 0.0000E+00  0.000   2.57
 A808       3.3261 0.09865   1.437 0.0000E+00  0.000   1.44
 A209       3.3297 0.13766   2.438 0.0000E+00  0.000   2.44
 A684       3.3301 0.12122   1.128 0.0000E+00  0.000   1.13
 A363       3.3313 0.06510   4.775 0.0000E+00  0.000   4.78
 A520       3.3378 0.17730   7.425 0.0000E+00  0.000   7.42
 A357       3.3446 0.05178   8.091 0.0000E+00  0.000   8.09
 A271       3.3464 0.12971   9.933 0.0000E+00  0.000   9.93
 A759       3.3469 0.02017   4.801 0.0000E+00  0.000   4.80
 A680       3.3506 0.07815   6.073 0.0000E+00  0.000   6.07
 A929       3.3545 0.01905   3.232 0.0000E+00  0.000   3.23
 A805       3.3560 0.14497   8.617 0.0000E+00  0.000   8.62
 A370       3.3585 0.24951   4.943 0.0000E+00  0.000   4.94
 A643       3.3591 0.03030   5.314 0.0000E+00  0.000   5.31
 A231       3.3592 0.06673  10.484 0.0000E+00  0.000  10.48
 A616       3.3603 0.02585   1.053 0.0000E+00  0.000   1.05
 A128       3.3659 0.11123   5.271 0.0000E+00  0.000   5.27
 A997       3.3709 0.11009   9.888 0.0000E+00  0.000   9.89
 A376       3.3712 0.07250   1.997 0.0000E+00  0.000   2.00
 A598       3.3712 0.08938   6.812 0.0000E+00  0.000   6.81
 A621       3.3749 0.08469   2.411 0.0000E+00  0.000   2.41
 A524       3.3776 0.06171   2.994 0.0000E+00  0.000   2.99
 A137       3.3783 0.12170   7.633 0.0000E+00  0.000   7.63
 A53        3.3789 0.08832   1.961 0.0000E+00  0.000   1.96
 A542       3.3796 0.11243   6.224 0.0000E+00  0.000   6.22
 A781       3.3851 0.12089   8.014 0.0000E+00  0.000   8.01
 A262       3.3853 0.13638   3.723 0.0000E+00  0.000   3.72
 A914       3.3892 0.04679   8.856 0.0000E+00  0.000   8.86
 A66        3.3899 0.11881   5.967 0.0000E+00  0.000   5.97
 A573       3.4032 0.03603   1.944 0.0000E+00  0.000   1.94
 A741       3.4045 0.12763   9.477 0.0000E+00  0.000   9.48
 A597       3.4052 0.08014   3.703 0.0000E+00  0.000   3.70
 A460       3.4068 0.22704   1.428 0.0000E+00  0.000   1.43
 A160       3.4075 0.06042   3.684 0.0000E+00  0.000   3.68
 A131       3.4089 0.08584   3.946 0.0000E+00  0.000   3.95
 A813       3.4126 0.09840   8.085 0.0000E+00  0.000   8.09
 A568       3.4136 0.16187   1.487 0.0000E+00  0.000   1.49
 A697       3.4156 0.07894   6.059 0.0000E+00  0.000   6.06
 A458       3.4174 0.11476   2.490 0.0000E+00  0.000   2.49
 A778       3.4177 0.02535   6.681 0.0000E+00  0.000   6.68
 A57        3.4236 0.09527   6.356 0.0000E+00  0.000   6.36
 A154       3.4249 0.10795   4.158 0.0000E+00  0.000   4.16
 A166       3.4253 0.10768   1.414 0.0000E+00  0.000   1.41
 A27        3.4276 0.11163   8.330 0.0000E+00  0.000   8.33
 A569       3.4327 0.13636   8.495 0.0000E+00  0.000   8.49
 A463       3.4391 0.16060   8.165 0.0000E+00  0.000   8.16
 A708       3.4447 0.10750   6.396 0.0000E+00  0.000   6.40
 A322       3.4548 0.03325   6.436 0.0000E+00  0.000   6.44
 A523       3.4585 0.10591   2.086 0.0000E+00  0.000   2.09
 A558       3.4587 0.06210   3.176 0.0000E+00  0.000   3.18
 A3         3.4731 0.14552   7.762 0.0000E+00  0.000   7.76
 A502       3.4739 0.10123   4.006 0.0000E+00  0.000   4.01
 A75        3.4768 0.04830   9.766 0.0000E+00  0.000   9.77
 A970       3.4794 0.07248   2.458 0.0000E+00  0.000   2.46
 A260       3.4846 0.13880   0.844 0.0000E+00  0.000   0.84
 A452       3.4852 0.01813   5.154 0.0000E+00  0.000   5.15
 A645       3.4869 0.10977   8.249 0.0000E+00  0.000   8.25
 A981       3.4968 0.13396   8.294 0.0000E+00  0.000   8.29
 A110       3.5015 0.07352   1.187 0.0000E+00  0.000   1.19
 A415       3.5038 0.02412   4.130 0.0000E+00  0.000   4.13
 A789       3.5080 0.08380   3.760 0.0000E+00  0.000   3.76
 A945       3.5339 0.14093   6.487 0.0000E+00  0.000   6.49
 A882       3.5340 0.18598   4.702 0.0000E+00  0.000   4.70
 A531       3.5413 0.04344   0.446 0.0000E+00  0.000   0.45
 A245       3.5441 0.10158   5.059 0.0000E+00  0.000   5.06
 A829       3.5453 0.10316   4.372 0.0000E+00  0.000   4.37
 A433       3.5500 0.02479   1.505 0.0000E+00  0.000   1.51
 A274       3.5516 0.14612   1.738 0.0000E+00  0.000   1.74
 A453       3.5639 0.12296   3.948 0.0000E+00  0.000   3.95
 A500       3.6051 0.09851   8.256 0.0000E+00  0.000   8.26
 A220       3.6133 0.01208   1.105 0.0000E+00  0.000   1.11
 A417       3.6135 0.17622   8.382 0.0000E+00  0.000   8.38
 A894       3.6171 0.02549   9.661 0.0000E+00  0.000   9.66
 A580       3.6221 0.08555   2.945 0.0000E+00  0.000   2.94
 A219       3.6260 0.09775   6.894 0.0000E+00  0.000   6.89
 A402       3.6299 0.16416   3.612 0.0000E+00  0.000   3.61
 A932       3.6309 0.17585   4.520 0.0000E+00  0.000   4.52
 A435       3.6329 0.16549   5.162 0.0000E+00  0.000   5.16
 A955       3.6330 0.05918   3.985 0.0000E+00  0.000   3.98
 A52        3.6404 0.04918   4.673 0.0000E+00  0.000   4.67
 A291       3.6417 0.06838   7.461 0.0000E+00  0.000   7.46
 A124       3.6460 0.03761   2.032 0.0000E+00  0.000   2.03
 A434       3.6522 0.11921   4.511 0.0000E+00  0.000   4.51
 A927       3.6662 0.06142   0.553 0.0000E+00  0.000   0.55
 A622       3.7447 0.14145   2.495 0.0000E+00  0.000   2.50
 A242       3.7519 0.14900   9.702 0.0000E+00  0.000   9.70
 A183       3.7605 0.13806   4.728 0.0000E+00  0.000   4.73
 A383       3.7685 0.04555   1.111 0.0000E+00  0.000   1.11
 A863       3.8601 0.07245   5.620 0.0000E+00  0.000   5.62
 A904       3.8708 0.18109   0.664 0.0000E+00  0.000   0.66
 A761       3.9137 0.23296   1.571 0.0000E+00  0.000   1.57
 A783       3.9216 0.26157   8.196 0.0000E+00  0.000   8.20
 A30        3.9262 0.07851   3.481 0.0000E+00  0.000   3.48
 A614       3.9290 0.07932   1.306 0.0000E+00  0.000   1.31
 A392       3.9349 0.25250   6.939 0.0000E+00  0.000   6.94
 A198       3.9376 0.16594   1.613 0.0000E+00  0.000   1.61
 A5         3.9383 0.25096   7.722 0.0000E+00  0.000   7.72
 A212       3.9464 0.04723   7.593 0.0000E+00  0.000   7.59
 A719       3.9586 0.24729   3.538 0.0000E+00  0.000   3.54
 A810       3.9739 0.10585   6.442 0.0000E+00  0.000   6.44
 A913       3.9993 0.25806   1.970 0.0000E+00  0.000   1.97
 A125       4.0291 0.25139   4.913 0.0000E+00  0.000   4.91
 JUPITER    5.2013 0.08085   0.860 9.5479E-04  0.000   0.86
 SATURN     9.5136 0.10640   2.111 2.8589E-04  0.000   2.11
 A200      23.7915 0.37764  10.961 0.0000E+00  0.000  10.96
