 A107       0.7184 0.52616  32.913 0.0000E+00  0.000  32.91
 EARTHMOO   1.0000 0.07693   1.052 9.1213E-06  0.000   1.05
 A820       1.1557 0.25082  18.617 0.0000E+00  0.000  18.62
 A43        1.2952 0.49354   9.746 0.0000E+00  0.000   9.75
 A328       1.4122 0.25997  22.736 0.0000E+00  0.000  22.74
 A430       1.5000 0.04262   2.371 0.0000E+00  0.000   2.37
 A900       1.5009 0.07310   2.694 0.0000E+00  0.000   2.69
 A591       1.5052 0.03279   8.552 0.0000E+00  0.000   8.55
 A534       1.5119 0.08301   8.350 0.0000E+00  0.000   8.35
 A288       1.5166 0.03131   2.007 0.0000E+00  0.000   2.01
 A926       1.5204 0.09910   3.049 0.0000E+00  0.000   3.05
 A79        1.5213 0.06957  11.128 0.0000E+00  0.000  11.13
 A83        1.5226 0.04949   4.280 0.0000E+00  0.000   4.28
 A487       1.5245 0.08421   3.481 0.0000E+00  0.000   3.48
 A729       1.5279 0.04423   6.945 0.0000E+00  0.000   6.94
 A51        1.5324 0.06631   5.469 0.0000E+00  0.000   5.47
 A277       1.5340 0.08991   9.899 0.0000E+00  0.000   9.90
 A41        1.5455 0.10018   2.542 0.0000E+00  0.000   2.54
 A950       1.5455 0.05039   1.488 0.0000E+00  0.000   1.49
 A771       1.5460 0.10257   6.635 0.0000E+00  0.000   6.63
 A816       1.5484 0.08428   3.457 0.0000E+00  0.000   3.46
 A44        1.5506 0.06831   6.483 0.0000E+00  0.000   6.48
 A421       1.5529 0.01320   2.589 0.0000E+00  0.000   2.59
 A498       1.5538 0.05587   1.589 0.0000E+00  0.000   1.59
 A687       1.5543 0.08742   5.392 0.0000E+00  0.000   5.39
 A532       1.5574 0.05797  10.525 0.0000E+00  0.000  10.53
 A395       1.5585 0.07617   4.549 0.0000E+00  0.000   4.55
 A178       1.5623 0.07057   4.415 0.0000E+00  0.000   4.42
 A536       1.5626 0.09585   1.836 0.0000E+00  0.000   1.84
 A973       1.5676 0.09556   7.782 0.0000E+00  0.000   7.78
 A862       1.5718 0.07846   2.545 0.0000E+00  0.000   2.55
 A901       1.5746 0.05864   7.869 0.0000E+00  0.000   7.87
 A485       1.5753 0.11527   3.770 0.0000E+00  0.000   3.77
 A406       1.5765 0.08565   7.159 0.0000E+00  0.000   7.16
 A978       1.5769 0.02977   9.505 0.0000E+00  0.000   9.50
 A857       1.5783 0.05941   1.174 0.0000E+00  0.000   1.17
 A290       1.5807 0.01580   8.892 0.0000E+00  0.000   8.89
 A85        1.5845 0.01039   8.094 0.0000E+00  0.000   8.09
 A516       1.5905 0.33165   7.589 0.0000E+00  0.000   7.59
 A504       1.5906 0.42948  17.228 0.0000E+00  0.000  17.23
 A673       1.5907 0.08330   9.601 0.0000E+00  0.000   9.60
 A541       1.5915 0.09341   9.445 0.0000E+00  0.000   9.45
 A510       1.5933 0.08638   8.612 0.0000E+00  0.000   8.61
 A225       1.5947 0.07735   7.924 0.0000E+00  0.000   7.92
 A625       1.6001 0.06141   0.405 0.0000E+00  0.000   0.41
 A634       1.6027 0.04616   9.022 0.0000E+00  0.000   9.02
 A142       1.6052 0.03472   6.605 0.0000E+00  0.000   6.60
 A47        1.6055 0.06420   4.131 0.0000E+00  0.000   4.13
 A903       1.6106 0.01127   3.138 0.0000E+00  0.000   3.14
 A116       1.6123 0.09934   4.346 0.0000E+00  0.000   4.35
 A792       1.6197 0.10509   6.656 0.0000E+00  0.000   6.66
 A497       1.6216 0.10269  10.891 0.0000E+00  0.000  10.89
 A486       1.6220 0.69259  24.028 0.0000E+00  0.000  24.03
 A746       1.6286 0.05176   4.662 0.0000E+00  0.000   4.66
 A405       1.6294 0.09129  10.380 0.0000E+00  0.000  10.38
 A34        1.6346 0.10243  10.587 0.0000E+00  0.000  10.59
 A427       1.6364 0.08956   5.572 0.0000E+00  0.000   5.57
 A341       1.6367 0.08222   9.975 0.0000E+00  0.000   9.97
 A95        1.6376 0.15492   5.098 0.0000E+00  0.000   5.10
 A841       1.6397 0.12984   9.798 0.0000E+00  0.000   9.80
 A602       1.6421 0.05700   6.190 0.0000E+00  0.000   6.19
 A380       1.6438 0.05433   4.807 0.0000E+00  0.000   4.81
 A517       1.6445 0.05850   7.979 0.0000E+00  0.000   7.98
 A14        1.6448 0.03237   2.815 0.0000E+00  0.000   2.81
 A297       1.6477 0.06122   8.081 0.0000E+00  0.000   8.08
 A751       1.6507 0.04602   7.615 0.0000E+00  0.000   7.62
 A556       1.6511 0.05850   7.488 0.0000E+00  0.000   7.49
 A447       1.6515 0.05587   7.912 0.0000E+00  0.000   7.91
 A62        1.6525 0.06893   9.539 0.0000E+00  0.000   9.54
 A315       1.6527 0.05580   6.851 0.0000E+00  0.000   6.85
 A880       1.6553 0.01959   6.396 0.0000E+00  0.000   6.40
 A362       1.6574 0.04111   4.031 0.0000E+00  0.000   4.03
 A878       1.6579 0.07089   9.573 0.0000E+00  0.000   9.57
 A639       1.6583 0.05791   2.793 0.0000E+00  0.000   2.79
 A84        1.6596 0.03418   3.886 0.0000E+00  0.000   3.89
 A351       1.6602 0.13666   8.359 0.0000E+00  0.000   8.36
 A703       1.6603 0.01902   3.548 0.0000E+00  0.000   3.55
 A615       1.6624 0.01629   3.789 0.0000E+00  0.000   3.79
 A145       1.6703 0.02052   6.041 0.0000E+00  0.000   6.04
 A852       1.6734 0.04970   6.807 0.0000E+00  0.000   6.81
 A343       1.6798 0.02683  12.461 0.0000E+00  0.000  12.46
 A488       1.6819 0.08608   6.245 0.0000E+00  0.000   6.24
 A399       1.6835 0.05926   5.191 0.0000E+00  0.000   5.19
 A216       1.6849 0.11121   4.036 0.0000E+00  0.000   4.04
 A189       1.6886 0.07631  10.897 0.0000E+00  0.000  10.90
 A618       1.6917 0.02386   5.377 0.0000E+00  0.000   5.38
 A306       1.6942 0.03386   5.154 0.0000E+00  0.000   5.15
 A721       1.6962 0.04923   8.375 0.0000E+00  0.000   8.37
 A636       1.6981 0.07067   5.108 0.0000E+00  0.000   5.11
 A731       1.7064 0.06349   2.429 0.0000E+00  0.000   2.43
 A448       1.7122 0.02179   4.524 0.0000E+00  0.000   4.52
 A358       1.7123 0.01073   5.081 0.0000E+00  0.000   5.08
 A554       1.7185 0.09828   9.679 0.0000E+00  0.000   9.68
 A17        1.7215 0.06337   7.103 0.0000E+00  0.000   7.10
 A283       1.7246 0.08889   7.513 0.0000E+00  0.000   7.51
 A18        1.7251 0.04516   0.738 0.0000E+00  0.000   0.74
 A980       1.7266 0.02723   6.752 0.0000E+00  0.000   6.75
 A515       1.7273 0.02095   6.489 0.0000E+00  0.000   6.49
 A944       1.7308 0.08114   3.250 0.0000E+00  0.000   3.25
 A866       1.7366 0.04321   9.492 0.0000E+00  0.000   9.49
 A603       1.7413 0.07290   7.726 0.0000E+00  0.000   7.73
 A581       1.7440 0.08994   9.144 0.0000E+00  0.000   9.14
 A671       1.7443 0.09224   0.880 0.0000E+00  0.000   0.88
 A119       1.7453 0.05450   6.146 0.0000E+00  0.000   6.15
 A961       1.7473 0.06873   3.710 0.0000E+00  0.000   3.71
 A575       1.7477 0.05792   0.683 0.0000E+00  0.000   0.68
 A969       1.7495 0.04182   3.564 0.0000E+00  0.000   3.56
 A738       1.7515 0.03477   3.776 0.0000E+00  0.000   3.78
 A668       1.7536 0.00707   9.172 0.0000E+00  0.000   9.17
 A289       1.7607 0.13264   4.914 0.0000E+00  0.000   4.91
 A559       1.7618 0.06857   4.466 0.0000E+00  0.000   4.47
 A732       1.7637 0.02156   8.169 0.0000E+00  0.000   8.17
 A798       1.7644 0.04245   5.718 0.0000E+00  0.000   5.72
 A519       1.7665 0.05380   8.044 0.0000E+00  0.000   8.04
 A755       1.7670 0.11267   7.574 0.0000E+00  0.000   7.57
 A38        1.7678 0.06918   2.892 0.0000E+00  0.000   2.89
 A63        1.7688 0.01429  10.800 0.0000E+00  0.000  10.80
 A835       1.7697 0.06434   8.356 0.0000E+00  0.000   8.36
 A740       1.7697 0.12463   7.537 0.0000E+00  0.000   7.54
 A560       1.7726 0.07653   5.741 0.0000E+00  0.000   5.74
 A140       1.7796 0.05248   3.791 0.0000E+00  0.000   3.79
 A150       1.7832 0.14782   7.363 0.0000E+00  0.000   7.36
 A188       1.7859 0.04001   2.616 0.0000E+00  0.000   2.62
 A381       1.7935 0.10621  10.130 0.0000E+00  0.000  10.13
 A412       1.7986 0.09904   9.481 0.0000E+00  0.000   9.48
 A396       1.8003 0.03980   7.025 0.0000E+00  0.000   7.02
 A24        1.8017 0.05798   9.493 0.0000E+00  0.000   9.49
 A505       1.8022 0.10441   6.212 0.0000E+00  0.000   6.21
 A130       1.8036 0.01091   3.147 0.0000E+00  0.000   3.15
 A962       1.8037 0.10357   1.279 0.0000E+00  0.000   1.28
 A511       1.8043 0.08384   7.081 0.0000E+00  0.000   7.08
 A470       1.8050 0.08273   8.667 0.0000E+00  0.000   8.67
 A348       1.8052 0.08241   9.566 0.0000E+00  0.000   9.57
 A627       1.8057 0.06129  13.568 0.0000E+00  0.000  13.57
 A482       1.8148 0.04981  12.356 0.0000E+00  0.000  12.36
 A121       1.8170 0.01020   7.586 0.0000E+00  0.000   7.59
 A201       1.8179 0.07019   7.813 0.0000E+00  0.000   7.81
 A585       1.8181 0.07431   6.840 0.0000E+00  0.000   6.84
 A122       1.8200 0.10661   7.608 0.0000E+00  0.000   7.61
 A724       1.8201 0.06372   5.978 0.0000E+00  0.000   5.98
 A899       1.8204 0.04171   5.821 0.0000E+00  0.000   5.82
 A136       1.8210 0.04049   7.509 0.0000E+00  0.000   7.51
 A58        1.8214 0.14528  10.969 0.0000E+00  0.000  10.97
 A299       1.8223 0.06077   1.763 0.0000E+00  0.000   1.76
 A773       1.8226 0.50654   9.685 0.0000E+00  0.000   9.68
 A7         1.8234 0.04228   3.300 0.0000E+00  0.000   3.30
 A301       1.8259 0.08841   9.040 0.0000E+00  0.000   9.04
 A512       1.8265 0.05732  10.810 0.0000E+00  0.000  10.81
 A99        1.8275 0.08088   5.448 0.0000E+00  0.000   5.45
 A74        1.8282 0.04202  10.355 0.0000E+00  0.000  10.35
 A807       1.8301 0.04736   5.666 0.0000E+00  0.000   5.67
 A702       1.8311 0.11165   6.750 0.0000E+00  0.000   6.75
 A207       1.8312 0.06615  11.448 0.0000E+00  0.000  11.45
 A205       1.8354 0.07575   6.874 0.0000E+00  0.000   6.87
 A725       1.8363 0.02248   8.447 0.0000E+00  0.000   8.45
 A324       1.8369 0.09044  13.233 0.0000E+00  0.000  13.23
 A827       1.8372 0.06675  13.739 0.0000E+00  0.000  13.74
 A161       1.8381 0.03155  11.131 0.0000E+00  0.000  11.13
 A281       1.8393 0.17627  13.786 0.0000E+00  0.000  13.79
 A29        1.8409 0.08704  11.788 0.0000E+00  0.000  11.79
 A780       1.8412 0.02484   2.772 0.0000E+00  0.000   2.77
 A268       1.8441 0.06163   9.799 0.0000E+00  0.000   9.80
 A567       1.8529 0.12325   9.963 0.0000E+00  0.000   9.96
 A765       1.8549 0.05447  11.941 0.0000E+00  0.000  11.94
 A728       1.8556 0.13422  10.430 0.0000E+00  0.000  10.43
 A855       1.8564 0.07049  10.292 0.0000E+00  0.000  10.29
 A768       1.8588 0.09450   4.160 0.0000E+00  0.000   4.16
 A477       1.8602 0.01876   9.355 0.0000E+00  0.000   9.36
 A132       1.8613 0.08871   4.473 0.0000E+00  0.000   4.47
 A181       1.8619 0.06786   1.746 0.0000E+00  0.000   1.75
 A407       1.8634 0.08092  13.893 0.0000E+00  0.000  13.89
 A270       1.8636 0.12891   4.621 0.0000E+00  0.000   4.62
 A344       1.8680 0.11869  15.624 0.0000E+00  0.000  15.62
 A50        1.8696 0.01841   7.552 0.0000E+00  0.000   7.55
 A864       1.8720 0.10411  13.340 0.0000E+00  0.000  13.34
 A126       1.8728 0.05852   4.893 0.0000E+00  0.000   4.89
 A346       1.8774 0.08274  13.843 0.0000E+00  0.000  13.84
 A263       1.8780 0.06148   1.865 0.0000E+00  0.000   1.87
 A628       1.8790 0.03375  10.411 0.0000E+00  0.000  10.41
 A992       1.8798 0.05480  13.473 0.0000E+00  0.000  13.47
 A246       1.8804 0.05435   6.954 0.0000E+00  0.000   6.95
 A33        1.8821 0.07549   9.547 0.0000E+00  0.000   9.55
 A935       1.8842 0.02158   3.153 0.0000E+00  0.000   3.15
 A846       1.8845 0.07765   7.653 0.0000E+00  0.000   7.65
 A665       1.8928 0.04708   7.101 0.0000E+00  0.000   7.10
 A583       1.8960 0.05441  16.083 0.0000E+00  0.000  16.08
 A413       1.8964 0.05480  15.733 0.0000E+00  0.000  15.73
 A428       1.8976 0.01478   8.388 0.0000E+00  0.000   8.39
 A255       1.8981 0.05662   3.945 0.0000E+00  0.000   3.94
 A221       1.9044 0.50774  10.021 0.0000E+00  0.000  10.02
 A889       1.9050 0.09458  13.641 0.0000E+00  0.000  13.64
 A86        1.9083 0.12442   9.142 0.0000E+00  0.000   9.14
 A611       1.9084 0.04312  11.677 0.0000E+00  0.000  11.68
 A495       1.9091 0.09631  16.506 0.0000E+00  0.000  16.51
 A994       1.9260 0.07195  15.985 0.0000E+00  0.000  15.98
 A843       1.9263 0.04525   7.472 0.0000E+00  0.000   7.47
 A769       1.9266 0.11102   0.885 0.0000E+00  0.000   0.88
 A995       1.9282 0.04250  17.185 0.0000E+00  0.000  17.18
 A98        1.9301 0.18188  10.486 0.0000E+00  0.000  10.49
 A144       1.9317 0.21451  12.215 0.0000E+00  0.000  12.22
 A187       1.9318 0.02500  12.113 0.0000E+00  0.000  12.11
 A801       1.9329 0.05591   6.989 0.0000E+00  0.000   6.99
 A311       1.9369 0.07346   7.578 0.0000E+00  0.000   7.58
 A223       1.9374 0.09353  17.571 0.0000E+00  0.000  17.57
 A474       1.9379 0.36907   8.498 0.0000E+00  0.000   8.50
 A371       1.9382 0.14634   8.053 0.0000E+00  0.000   8.05
 A617       1.9457 0.15758  14.443 0.0000E+00  0.000  14.44
 A356       1.9463 0.13543   5.437 0.0000E+00  0.000   5.44
 A675       1.9486 0.18935  20.134 0.0000E+00  0.000  20.13
 A438       1.9487 0.11732  28.201 0.0000E+00  0.000  28.20
 A526       1.9521 0.05756  10.200 0.0000E+00  0.000  10.20
 A632       1.9547 0.13711   3.313 0.0000E+00  0.000   3.31
 A942       1.9565 0.13941  23.872 0.0000E+00  0.000  23.87
 A547       1.9635 0.22586  19.169 0.0000E+00  0.000  19.17
 A202       1.9651 0.11858  25.187 0.0000E+00  0.000  25.19
 A82        1.9656 0.19135  22.321 0.0000E+00  0.000  22.32
 A939       1.9684 0.10560  11.996 0.0000E+00  0.000  12.00
 A868       1.9692 0.02991  15.119 0.0000E+00  0.000  15.12
 A742       1.9731 0.13080  29.257 0.0000E+00  0.000  29.26
 A457       1.9765 0.17075   8.901 0.0000E+00  0.000   8.90
 A254       1.9780 0.07108  15.954 0.0000E+00  0.000  15.95
 A777       1.9810 0.18563   8.792 0.0000E+00  0.000   8.79
 A342       1.9814 0.12291  20.078 0.0000E+00  0.000  20.08
 A565       1.9829 0.30755  26.458 0.0000E+00  0.000  26.46
 A481       2.0002 0.11558   9.700 0.0000E+00  0.000   9.70
 A332       2.0019 0.23982  23.943 0.0000E+00  0.000  23.94
 A241       2.0260 0.14831  23.998 0.0000E+00  0.000  24.00
 A576       2.0330 0.10969  17.909 0.0000E+00  0.000  17.91
 A267       2.0384 0.12510  17.286 0.0000E+00  0.000  17.29
 A169       2.0956 0.13509   7.416 0.0000E+00  0.000   7.42
 A782       2.1346 0.41912   2.486 0.0000E+00  0.000   2.49
 A549       2.1376 0.46599   6.114 0.0000E+00  0.000   6.11
 A553       2.1437 0.10866   3.714 0.0000E+00  0.000   3.71
 A538       2.1510 0.09615   1.220 0.0000E+00  0.000   1.22
 A325       2.1560 0.46332   7.909 0.0000E+00  0.000   7.91
 A921       2.1629 0.24043   4.239 0.0000E+00  0.000   4.24
 A429       2.1647 0.20384   3.118 0.0000E+00  0.000   3.12
 A758       2.1675 0.36803   2.475 0.0000E+00  0.000   2.47
 A475       2.1708 0.23753   2.615 0.0000E+00  0.000   2.61
 A227       2.1723 0.06812  11.530 0.0000E+00  0.000  11.53
 A656       2.1739 0.21218   3.653 0.0000E+00  0.000   3.65
 A966       2.1741 0.38110   5.135 0.0000E+00  0.000   5.14
 A650       2.1756 0.27880   5.723 0.0000E+00  0.000   5.72
 A149       2.1794 0.09389   8.148 0.0000E+00  0.000   8.15
 A191       2.1866 0.13818   7.056 0.0000E+00  0.000   7.06
 A214       2.1899 0.16695   4.020 0.0000E+00  0.000   4.02
 A670       2.1923 0.57506  13.446 0.0000E+00  0.000  13.45
 A947       2.1960 0.29978   1.671 0.0000E+00  0.000   1.67
 A308       2.1972 0.20119   6.317 0.0000E+00  0.000   6.32
 A513       2.1974 0.19666   5.437 0.0000E+00  0.000   5.44
 A654       2.1976 0.11413   3.209 0.0000E+00  0.000   3.21
 A94        2.1999 0.19140   4.189 0.0000E+00  0.000   4.19
 A379       2.2035 0.19048   4.402 0.0000E+00  0.000   4.40
 A557       2.2044 0.14983   2.721 0.0000E+00  0.000   2.72
 A293       2.2105 0.20144   5.281 0.0000E+00  0.000   5.28
 A45        2.2130 0.14783   9.468 0.0000E+00  0.000   9.47
 A940       2.2182 0.04984  13.653 0.0000E+00  0.000  13.65
 A28        2.2185 0.10199   5.085 0.0000E+00  0.000   5.08
 A908       2.2220 0.13929   3.470 0.0000E+00  0.000   3.47
 A185       2.2236 0.07712   4.597 0.0000E+00  0.000   4.60
 A72        2.2267 0.22617   3.049 0.0000E+00  0.000   3.05
 A854       2.2270 0.15844   1.089 0.0000E+00  0.000   1.09
 A734       2.2297 0.19703   4.511 0.0000E+00  0.000   4.51
 A476       2.2334 0.12799   8.935 0.0000E+00  0.000   8.94
 A990       2.2523 0.07168  11.285 0.0000E+00  0.000  11.28
 A171       2.2553 0.22825   3.092 0.0000E+00  0.000   3.09
 A307       2.2583 0.18181   4.751 0.0000E+00  0.000   4.75
 A384       2.2633 0.15879   5.932 0.0000E+00  0.000   5.93
 A278       2.2645 0.08594  10.673 0.0000E+00  0.000  10.67
 A229       2.2651 0.08477   9.116 0.0000E+00  0.000   9.12
 A681       2.2653 0.26109   7.282 0.0000E+00  0.000   7.28
 A22        2.2654 0.12675   5.151 0.0000E+00  0.000   5.15
 A224       2.2662 0.19873   3.506 0.0000E+00  0.000   3.51
 A710       2.2669 0.04690   3.698 0.0000E+00  0.000   3.70
 A61        2.2725 0.10807   5.362 0.0000E+00  0.000   5.36
 A97        2.2730 0.21701   8.327 0.0000E+00  0.000   8.33
 A310       2.2950 0.03655   8.625 0.0000E+00  0.000   8.62
 A818       2.2956 0.07834   5.348 0.0000E+00  0.000   5.35
 A147       2.2961 0.03362   6.137 0.0000E+00  0.000   6.14
 A784       2.2969 0.05115   4.025 0.0000E+00  0.000   4.03
 A672       2.3006 0.14285   4.890 0.0000E+00  0.000   4.89
 A744       2.3022 0.22755   6.399 0.0000E+00  0.000   6.40
 A890       2.3033 0.12112   4.311 0.0000E+00  0.000   4.31
 A770       2.3057 0.12035   6.959 0.0000E+00  0.000   6.96
 A455       2.3127 0.24820   9.379 0.0000E+00  0.000   9.38
 A796       2.3129 0.16393   1.983 0.0000E+00  0.000   1.98
 A158       2.3150 0.13480   3.815 0.0000E+00  0.000   3.81
 A991       2.3185 0.23602  10.054 0.0000E+00  0.000  10.05
 A35        2.3201 0.17355   7.223 0.0000E+00  0.000   7.22
 A849       2.3204 0.03571   3.114 0.0000E+00  0.000   3.11
 A726       2.3209 0.06619   4.652 0.0000E+00  0.000   4.65
 A272       2.3257 0.17086   6.223 0.0000E+00  0.000   6.22
 A867       2.3264 0.16202  11.341 0.0000E+00  0.000  11.34
 A313       2.3313 0.04102   6.650 0.0000E+00  0.000   6.65
 A473       2.3390 0.09224   3.937 0.0000E+00  0.000   3.94
 A918       2.3399 0.13459   6.119 0.0000E+00  0.000   6.12
 A465       2.3402 0.19846   7.290 0.0000E+00  0.000   7.29
 A1000      2.3479 0.14351   1.333 0.0000E+00  0.000   1.33
 A323       2.3480 0.13361   1.543 0.0000E+00  0.000   1.54
 A436       2.3569 0.13072  11.020 0.0000E+00  0.000  11.02
 A165       2.3605 0.25851   0.813 0.0000E+00  0.000   0.81
 A174       2.3663 0.11420   5.471 0.0000E+00  0.000   5.47
 A902       2.3695 0.19228   7.664 0.0000E+00  0.000   7.66
 A790       2.3707 0.09538   1.800 0.0000E+00  0.000   1.80
 A127       2.3717 0.02028   3.084 0.0000E+00  0.000   3.08
 A375       2.3741 0.24278   4.022 0.0000E+00  0.000   4.02
 A257       2.3775 0.16769   2.768 0.0000E+00  0.000   2.77
 A605       2.3816 0.12626   3.970 0.0000E+00  0.000   3.97
 A748       2.3839 0.14463   6.579 0.0000E+00  0.000   6.58
 A641       2.3847 0.19712   2.103 0.0000E+00  0.000   2.10
 A858       2.3858 0.12175  12.430 0.0000E+00  0.000  12.43
 A530       2.3870 0.13094   6.391 0.0000E+00  0.000   6.39
 A696       2.3902 0.09114   2.999 0.0000E+00  0.000   3.00
 A20        2.3903 0.06499   3.873 0.0000E+00  0.000   3.87
 A321       2.3918 0.17104   6.462 0.0000E+00  0.000   6.46
 A48        2.3955 0.05767   2.112 0.0000E+00  0.000   2.11
 A93        2.4003 0.07844   1.655 0.0000E+00  0.000   1.65
 A156       2.4050 0.18292   6.481 0.0000E+00  0.000   6.48
 A967       2.4069 0.13714   6.821 0.0000E+00  0.000   6.82
 A101       2.4073 0.08570  12.475 0.0000E+00  0.000  12.47
 A444       2.4090 0.16437   6.080 0.0000E+00  0.000   6.08
 A695       2.4111 0.06742   6.281 0.0000E+00  0.000   6.28
 A895       2.4117 0.14082  12.377 0.0000E+00  0.000  12.38
 A345       2.4168 0.13797   4.807 0.0000E+00  0.000   4.81
 A159       2.4178 0.04233   3.050 0.0000E+00  0.000   3.05
 A876       2.4215 0.05695   7.270 0.0000E+00  0.000   7.27
 A821       2.4240 0.11449   3.536 0.0000E+00  0.000   3.54
 A998       2.4353 0.04129   1.840 0.0000E+00  0.000   1.84
 A776       2.4389 0.20974   2.531 0.0000E+00  0.000   2.53
 A831       2.4460 0.18503  11.482 0.0000E+00  0.000  11.48
 A953       2.4480 0.03889   5.752 0.0000E+00  0.000   5.75
 A943       2.4487 0.08688   9.399 0.0000E+00  0.000   9.40
 A172       2.4651 0.18252  10.166 0.0000E+00  0.000  10.17
 A884       2.4677 0.58511   1.731 0.0000E+00  0.000   1.73
 A442       2.4734 0.05435   3.116 0.0000E+00  0.000   3.12
 A112       2.4744 0.18333   6.143 0.0000E+00  0.000   6.14
 A388       2.4797 0.11563   2.815 0.0000E+00  0.000   2.81
 A701       2.4806 0.05076  13.253 0.0000E+00  0.000  13.25
 A791       2.4951 0.03040   6.936 0.0000E+00  0.000   6.94
 A337       2.4959 0.02683   4.791 0.0000E+00  0.000   4.79
 A13        2.5101 0.03926   9.888 0.0000E+00  0.000   9.89
 A599       2.5171 0.08495   3.867 0.0000E+00  0.000   3.87
 A102       2.5196 0.04535   4.428 0.0000E+00  0.000   4.43
 A367       2.5205 0.05172   3.216 0.0000E+00  0.000   3.22
 A424       2.5220 0.19794   8.360 0.0000E+00  0.000   8.36
 A975       2.5241 0.15536   2.370 0.0000E+00  0.000   2.37
 A236       2.5278 0.23207   2.141 0.0000E+00  0.000   2.14
 A651       2.5359 0.17001   2.653 0.0000E+00  0.000   2.65
 A287       2.5411 0.24210   3.986 0.0000E+00  0.000   3.99
 A705       2.5426 0.09196   5.735 0.0000E+00  0.000   5.74
 A374       2.5447 0.04108  12.317 0.0000E+00  0.000  12.32
 A468       2.5449 0.05676   2.256 0.0000E+00  0.000   2.26
 A352       2.5465 0.06068   9.540 0.0000E+00  0.000   9.54
 A922       2.5494 0.17051   1.781 0.0000E+00  0.000   1.78
 A89        2.5564 0.09978   7.595 0.0000E+00  0.000   7.59
 A861       2.5573 0.14320   4.667 0.0000E+00  0.000   4.67
 A690       2.5602 0.11595   5.006 0.0000E+00  0.000   5.01
 A596       2.5636 0.11384  12.891 0.0000E+00  0.000  12.89
 A11        2.5636 0.14004  10.065 0.0000E+00  0.000  10.07
 A42        2.5659 0.22084   4.660 0.0000E+00  0.000   4.66
 A222       2.5670 0.19770   5.336 0.0000E+00  0.000   5.34
 A706       2.5678 0.10186   5.547 0.0000E+00  0.000   5.55
 A806       2.5684 0.17784   5.562 0.0000E+00  0.000   5.56
 A167       2.5731 0.12276   4.708 0.0000E+00  0.000   4.71
 A851       2.5749 0.18107   6.200 0.0000E+00  0.000   6.20
 A331       2.5760 0.26537   1.850 0.0000E+00  0.000   1.85
 A844       2.5794 0.09800   5.070 0.0000E+00  0.000   5.07
 A239       2.5858 0.11636   6.434 0.0000E+00  0.000   6.43
 A666       2.5868 0.11306   2.607 0.0000E+00  0.000   2.61
 A688       2.5871 0.17009   5.302 0.0000E+00  0.000   5.30
 A422       2.5978 0.14048   6.806 0.0000E+00  0.000   6.81
 A31        2.5980 0.21562   7.920 0.0000E+00  0.000   7.92
 A175       2.5988 0.10490   4.921 0.0000E+00  0.000   4.92
 A431       2.5990 0.12987   2.302 0.0000E+00  0.000   2.30
 A276       2.6023 0.25376   1.752 0.0000E+00  0.000   1.75
 A284       2.6069 0.04551   6.977 0.0000E+00  0.000   6.98
 A609       2.6123 0.05911   8.914 0.0000E+00  0.000   8.91
 A256       2.6125 0.12766  10.827 0.0000E+00  0.000  10.83
 A450       2.6151 0.10340   4.834 0.0000E+00  0.000   4.83
 A896       2.6169 0.08320   7.576 0.0000E+00  0.000   7.58
 A141       2.6170 0.08671   2.837 0.0000E+00  0.000   2.84
 A213       2.6183 0.23449   7.113 0.0000E+00  0.000   7.11
 A661       2.6209 0.07047   5.255 0.0000E+00  0.000   5.26
 A662       2.6216 0.04155   2.928 0.0000E+00  0.000   2.93
 A135       2.6226 0.08126  10.662 0.0000E+00  0.000  10.66
 A891       2.6299 0.19190   5.640 0.0000E+00  0.000   5.64
 A454       2.6299 0.03564  10.236 0.0000E+00  0.000  10.24
 A338       2.6321 0.08939   5.949 0.0000E+00  0.000   5.95
 A184       2.6369 0.05675   6.149 0.0000E+00  0.000   6.15
 A372       2.6378 0.07680   4.594 0.0000E+00  0.000   4.59
 A204       2.6433 0.02181   6.757 0.0000E+00  0.000   6.76
 A386       2.6467 0.21087   3.463 0.0000E+00  0.000   3.46
 A925       2.6521 0.12188   2.886 0.0000E+00  0.000   2.89
 A67        2.6558 0.27162   8.626 0.0000E+00  0.000   8.63
 A872       2.6565 0.09857   1.348 0.0000E+00  0.000   1.35
 A853       2.6577 0.09369   3.648 0.0000E+00  0.000   3.65
 A968       2.6604 0.17195   5.711 0.0000E+00  0.000   5.71
 A6         2.6657 0.04296   3.733 0.0000E+00  0.000   3.73
 A957       2.6703 0.02679   3.317 0.0000E+00  0.000   3.32
 A938       2.6711 0.17482   1.350 0.0000E+00  0.000   1.35
 A887       2.6715 0.09832  11.963 0.0000E+00  0.000  11.96
 A489       2.6715 0.26050   4.853 0.0000E+00  0.000   4.85
 A718       2.6721 0.20147   5.899 0.0000E+00  0.000   5.90
 A715       2.6860 0.12067   1.123 0.0000E+00  0.000   1.12
 A709       2.6899 0.06515   3.697 0.0000E+00  0.000   3.70
 A730       2.6909 0.01568   5.587 0.0000E+00  0.000   5.59
 A471       2.6934 0.25475   9.695 0.0000E+00  0.000   9.70
 A630       2.6957 0.14816   2.579 0.0000E+00  0.000   2.58
 A39        2.6977 0.11235   9.062 0.0000E+00  0.000   9.06
 A100       2.6980 0.10618   8.439 0.0000E+00  0.000   8.44
 A911       2.6986 0.24914   4.254 0.0000E+00  0.000   4.25
 A704       2.7039 0.41746   3.940 0.0000E+00  0.000   3.94
 A360       2.7052 0.12067   1.227 0.0000E+00  0.000   1.23
 A4         2.7085 0.14259   1.171 0.0000E+00  0.000   1.17
 A499       2.7115 0.12406   3.996 0.0000E+00  0.000   4.00
 A963       2.7161 0.09236   8.488 0.0000E+00  0.000   8.49
 A833       2.7178 0.06569   9.616 0.0000E+00  0.000   9.62
 A815       2.7179 0.23228   2.444 0.0000E+00  0.000   2.44
 A316       2.7264 0.16641   8.320 0.0000E+00  0.000   8.32
 A303       2.7269 0.11410   5.526 0.0000E+00  0.000   5.53
 A682       2.7278 0.05103   5.420 0.0000E+00  0.000   5.42
 A208       2.7285 0.21764  11.293 0.0000E+00  0.000  11.29
 A917       2.7299 0.00302   5.413 0.0000E+00  0.000   5.41
 A934       2.7303 0.14265   2.577 0.0000E+00  0.000   2.58
 A552       2.7306 0.08572   4.404 0.0000E+00  0.000   4.40
 A409       2.7321 0.22289   4.186 0.0000E+00  0.000   4.19
 A300       2.7370 0.11386   8.060 0.0000E+00  0.000   8.06
 A451       2.7431 0.02551   9.526 0.0000E+00  0.000   9.53
 A694       2.7470 0.13217   2.183 0.0000E+00  0.000   2.18
 A87        2.7492 0.12775   6.923 0.0000E+00  0.000   6.92
 A624       2.7496 0.02013  10.192 0.0000E+00  0.000  10.19
 A243       2.7507 0.09242  10.092 0.0000E+00  0.000  10.09
 A760       2.7510 0.05843   2.663 0.0000E+00  0.000   2.66
 A747       2.7532 0.04149   1.172 0.0000E+00  0.000   1.17
 A735       2.7577 0.06718   4.918 0.0000E+00  0.000   4.92
 A800       2.7583 0.09855   3.611 0.0000E+00  0.000   3.61
 A2         2.7596 0.07261   2.372 0.0000E+00  0.000   2.37
 A336       2.7603 0.02984   3.922 0.0000E+00  0.000   3.92
 A312       2.7611 0.18943   7.419 0.0000E+00  0.000   7.42
 A37        2.7615 0.10170   3.555 0.0000E+00  0.000   3.56
 A294       2.7687 0.15513   4.352 0.0000E+00  0.000   4.35
 A365       2.7697 0.00509   9.530 0.0000E+00  0.000   9.53
 A393       2.7775 0.18265   5.926 0.0000E+00  0.000   5.93
 A19        2.7801 0.02200   9.876 0.0000E+00  0.000   9.88
 A432       2.7831 0.19423   0.772 0.0000E+00  0.000   0.77
 A838       2.7877 0.08061   1.264 0.0000E+00  0.000   1.26
 A339       2.7897 0.17290   3.527 0.0000E+00  0.000   3.53
 A648       2.7924 0.06330   6.884 0.0000E+00  0.000   6.88
 A233       2.7957 0.22810   4.330 0.0000E+00  0.000   4.33
 A237       2.7971 0.15825   5.143 0.0000E+00  0.000   5.14
 A120       2.7976 0.18838   8.792 0.0000E+00  0.000   8.79
 A812       2.8041 0.15130   1.357 0.0000E+00  0.000   1.36
 A629       2.8087 0.00977   4.819 0.0000E+00  0.000   4.82
 A826       2.8092 0.16127   1.868 0.0000E+00  0.000   1.87
 A764       2.8124 0.17215   7.509 0.0000E+00  0.000   7.51
 A163       2.8130 0.17306   1.692 0.0000E+00  0.000   1.69
 A586       2.8307 0.12857   4.724 0.0000E+00  0.000   4.72
 A574       2.8308 0.06193   6.731 0.0000E+00  0.000   6.73
 A403       2.8365 0.09583   0.656 0.0000E+00  0.000   0.66
 A888       2.8392 0.05916   3.603 0.0000E+00  0.000   3.60
 A196       2.8416 0.06199   4.895 0.0000E+00  0.000   4.89
 A353       2.8434 0.11577   6.097 0.0000E+00  0.000   6.10
 A762       2.8504 0.10109   7.721 0.0000E+00  0.000   7.72
 A340       2.8520 0.10280   4.649 0.0000E+00  0.000   4.65
 A507       2.8524 0.08746   1.062 0.0000E+00  0.000   1.06
 A426       2.8544 0.19220   8.364 0.0000E+00  0.000   8.36
 A620       2.8550 0.14852   0.997 0.0000E+00  0.000   1.00
 A528       2.8578 0.14367   9.459 0.0000E+00  0.000   9.46
 A763       2.8580 0.12153   3.114 0.0000E+00  0.000   3.11
 A850       2.8607 0.24382   2.784 0.0000E+00  0.000   2.78
 A600       2.8624 0.22081   0.378 0.0000E+00  0.000   0.38
 A881       2.8634 0.13097   5.297 0.0000E+00  0.000   5.30
 A483       2.8650 0.23857   1.943 0.0000E+00  0.000   1.94
 A912       2.8653 0.14468   6.179 0.0000E+00  0.000   6.18
 A984       2.8667 0.07777   4.838 0.0000E+00  0.000   4.84
 A320       2.8694 0.06773   9.291 0.0000E+00  0.000   9.29
 A177       2.8708 0.04666   3.239 0.0000E+00  0.000   3.24
 A612       2.8775 0.07874   8.461 0.0000E+00  0.000   8.46
 A540       2.8828 0.04981   6.979 0.0000E+00  0.000   6.98
 A330       2.8835 0.09479   6.428 0.0000E+00  0.000   6.43
 A754       2.8862 0.06711   1.183 0.0000E+00  0.000   1.18
 A737       2.8888 0.03162   4.095 0.0000E+00  0.000   4.09
 A794       2.8888 0.02785   8.498 0.0000E+00  0.000   8.50
 A382       2.8902 0.22224   1.220 0.0000E+00  0.000   1.22
 A669       2.8948 0.19568   1.855 0.0000E+00  0.000   1.85
 A679       2.9000 0.13770   6.681 0.0000E+00  0.000   6.68
 A885       2.9076 0.05019   7.526 0.0000E+00  0.000   7.53
 A727       2.9090 0.19570   2.943 0.0000E+00  0.000   2.94
 A333       2.9106 0.14084   7.490 0.0000E+00  0.000   7.49
 A830       2.9126 0.06598   1.664 0.0000E+00  0.000   1.66
 A484       2.9223 0.03188   4.857 0.0000E+00  0.000   4.86
 A785       2.9224 0.06319   2.095 0.0000E+00  0.000   2.10
 A478       2.9236 0.12539   1.250 0.0000E+00  0.000   1.25
 A359       2.9295 0.11157   8.337 0.0000E+00  0.000   8.34
 A659       2.9358 0.13647   4.785 0.0000E+00  0.000   4.79
 A193       2.9371 0.08874   3.603 0.0000E+00  0.000   3.60
 A77        2.9383 0.08724   9.507 0.0000E+00  0.000   9.51
 A49        2.9490 0.03957   2.712 0.0000E+00  0.000   2.71
 A143       2.9493 0.09100   6.894 0.0000E+00  0.000   6.89
 A788       2.9606 0.14887   5.915 0.0000E+00  0.000   5.91
 A347       2.9613 0.08407   4.331 0.0000E+00  0.000   4.33
 A459       2.9626 0.14034   0.867 0.0000E+00  0.000   0.87
 A931       2.9644 0.07871   1.876 0.0000E+00  0.000   1.88
 A176       2.9670 0.06415   5.546 0.0000E+00  0.000   5.55
 A21        2.9679 0.09986   5.827 0.0000E+00  0.000   5.83
 A869       2.9732 0.08630  10.067 0.0000E+00  0.000  10.07
 A59        2.9753 0.23875   7.384 0.0000E+00  0.000   7.38
 A986       2.9756 0.12013   3.092 0.0000E+00  0.000   3.09
 A118       2.9856 0.06127   9.191 0.0000E+00  0.000   9.19
 A501       2.9868 0.09672   1.652 0.0000E+00  0.000   1.65
 A720       2.9892 0.15099   2.854 0.0000E+00  0.000   2.85
 A462       2.9996 0.13380   2.487 0.0000E+00  0.000   2.49
 A115       2.9999 0.15133   0.770 0.0000E+00  0.000   0.77
 A408       3.0003 0.03472   2.994 0.0000E+00  0.000   2.99
 A182       3.0019 0.15032  10.104 0.0000E+00  0.000  10.10
 A410       3.0031 0.05911   2.276 0.0000E+00  0.000   2.28
 A23        3.0098 0.14812   0.910 0.0000E+00  0.000   0.91
 A235       3.0181 0.04446   8.040 0.0000E+00  0.000   8.04
 A464       3.0200 0.02109   1.989 0.0000E+00  0.000   1.99
 A527       3.0205 0.07162   3.435 0.0000E+00  0.000   3.44
 A282       3.0240 0.13435   1.218 0.0000E+00  0.000   1.22
 A590       3.0307 0.23418   4.301 0.0000E+00  0.000   4.30
 A897       3.0319 0.03289   8.692 0.0000E+00  0.000   8.69
 A883       3.0335 0.09961   5.112 0.0000E+00  0.000   5.11
 A640       3.0348 0.14651   5.164 0.0000E+00  0.000   5.16
 A1         3.0406 0.14956   3.642 0.0000E+00  0.000   3.64
 A240       3.0418 0.02916   5.508 0.0000E+00  0.000   5.51
 A646       3.0520 0.15112   1.644 0.0000E+00  0.000   1.64
 A385       3.0557 0.12049   2.817 0.0000E+00  0.000   2.82
 A712       3.0562 0.13382   3.933 0.0000E+00  0.000   3.93
 A804       3.0575 0.20842   2.215 0.0000E+00  0.000   2.21
 A397       3.0604 0.09463   1.626 0.0000E+00  0.000   1.63
 A54        3.0666 0.08164   2.063 0.0000E+00  0.000   2.06
 A722       3.0682 0.22624  10.660 0.0000E+00  0.000  10.66
 A550       3.0705 0.18093   9.062 0.0000E+00  0.000   9.06
 A416       3.0720 0.08751   4.550 0.0000E+00  0.000   4.55
 A76        3.0722 0.05027   6.511 0.0000E+00  0.000   6.51
 A539       3.0760 0.12522   3.979 0.0000E+00  0.000   3.98
 A248       3.0763 0.11505   5.107 0.0000E+00  0.000   5.11
 A252       3.0811 0.01361   1.731 0.0000E+00  0.000   1.73
 A420       3.0815 0.05040   0.900 0.0000E+00  0.000   0.90
 A123       3.0847 0.05095   4.489 0.0000E+00  0.000   4.49
 A692       3.0865 0.02720   5.384 0.0000E+00  0.000   5.38
 A689       3.0902 0.09319   5.059 0.0000E+00  0.000   5.06
 A566       3.0905 0.02555  11.302 0.0000E+00  0.000  11.30
 A106       3.1037 0.05417   6.578 0.0000E+00  0.000   6.58
 A68        3.1076 0.14847   8.837 0.0000E+00  0.000   8.84
 A996       3.1077 0.11498   3.454 0.0000E+00  0.000   3.45
 A391       3.1094 0.09865   3.824 0.0000E+00  0.000   3.82
 A893       3.1097 0.05986   4.731 0.0000E+00  0.000   4.73
 A456       3.1142 0.06789   4.226 0.0000E+00  0.000   4.23
 A247       3.1155 0.18098   0.992 0.0000E+00  0.000   0.99
 A335       3.1214 0.11746   9.819 0.0000E+00  0.000   9.82
 A71        3.1214 0.06132   5.442 0.0000E+00  0.000   5.44
 A194       3.1219 0.10417   7.197 0.0000E+00  0.000   7.20
 A218       3.1227 0.06152   5.213 0.0000E+00  0.000   5.21
 A250       3.1301 0.05951   2.669 0.0000E+00  0.000   2.67
 A653       3.1325 0.12489   9.593 0.0000E+00  0.000   9.59
 A78        3.1358 0.16145  10.764 0.0000E+00  0.000  10.76
 A16        3.1418 0.17464   5.093 0.0000E+00  0.000   5.09
 A133       3.1431 0.04640   9.261 0.0000E+00  0.000   9.26
 A244       3.1474 0.04490   8.726 0.0000E+00  0.000   8.73
 A589       3.1477 0.01752   6.190 0.0000E+00  0.000   6.19
 A279       3.1523 0.03070   9.594 0.0000E+00  0.000   9.59
 A674       3.1571 0.14604   7.953 0.0000E+00  0.000   7.95
 A819       3.1600 0.06667   1.680 0.0000E+00  0.000   1.68
 A103       3.1625 0.13150   3.994 0.0000E+00  0.000   3.99
 A766       3.1633 0.06520   6.794 0.0000E+00  0.000   6.79
 A592       3.1654 0.10961   4.306 0.0000E+00  0.000   4.31
 A711       3.1684 0.05514   4.826 0.0000E+00  0.000   4.83
 A546       3.1741 0.08911   4.431 0.0000E+00  0.000   4.43
 A305       3.1742 0.13630   9.667 0.0000E+00  0.000   9.67
 A40        3.1757 0.05582   9.112 0.0000E+00  0.000   9.11
 A480       3.1772 0.13262   6.124 0.0000E+00  0.000   6.12
 A877       3.1805 0.10481   6.994 0.0000E+00  0.000   6.99
 A949       3.1835 0.07613   6.164 0.0000E+00  0.000   6.16
 A401       3.1847 0.08442   5.147 0.0000E+00  0.000   5.15
 A707       3.1879 0.06140   0.807 0.0000E+00  0.000   0.81
 A959       3.1885 0.05876   3.282 0.0000E+00  0.000   3.28
 A572       3.1888 0.20786   1.483 0.0000E+00  0.000   1.48
 A716       3.1944 0.17925   4.560 0.0000E+00  0.000   4.56
 A834       3.1952 0.05465   2.058 0.0000E+00  0.000   2.06
 A657       3.1970 0.05900   3.979 0.0000E+00  0.000   3.98
 A195       3.1977 0.09139   9.892 0.0000E+00  0.000   9.89
 A898       3.1993 0.04983   4.626 0.0000E+00  0.000   4.63
 A930       3.2003 0.11150   5.495 0.0000E+00  0.000   5.49
 A326       3.2054 0.09100   1.056 0.0000E+00  0.000   1.06
 A60        3.2107 0.08890   6.084 0.0000E+00  0.000   6.08
 A825       3.2127 0.13738   8.369 0.0000E+00  0.000   8.37
 A563       3.2175 0.07949   1.660 0.0000E+00  0.000   1.66
 A832       3.2196 0.09155   9.460 0.0000E+00  0.000   9.46
 A910       3.2243 0.14863   6.658 0.0000E+00  0.000   6.66
 A948       3.2294 0.30293  22.056 0.0000E+00  0.000  22.06
 A626       3.2305 0.01186   6.533 0.0000E+00  0.000   6.53
 A700       3.2348 0.09618   0.984 0.0000E+00  0.000   0.98
 A676       3.2363 0.10729   2.012 0.0000E+00  0.000   2.01
 A298       3.2383 0.13564   4.024 0.0000E+00  0.000   4.02
 A551       3.2411 0.08824   8.268 0.0000E+00  0.000   8.27
 A644       3.2496 0.15728  15.666 0.0000E+00  0.000  15.67
 A164       3.2523 0.25671  32.615 0.0000E+00  0.000  32.62
 A490       3.2595 0.59360  15.456 0.0000E+00  0.000  15.46
 A606       3.2625 0.11064   4.699 0.0000E+00  0.000   4.70
 A261       3.3039 0.18504   2.924 0.0000E+00  0.000   2.92
 A209       3.3203 0.16403   4.194 0.0000E+00  0.000   4.19
 A363       3.3226 0.11637   3.716 0.0000E+00  0.000   3.72
 A680       3.3229 0.14925   4.434 0.0000E+00  0.000   4.43
 A684       3.3259 0.13193   1.954 0.0000E+00  0.000   1.95
 A621       3.3364 0.17627   0.964 0.0000E+00  0.000   0.96
 A357       3.3396 0.07945   7.474 0.0000E+00  0.000   7.47
 A808       3.3406 0.06689   1.816 0.0000E+00  0.000   1.82
 A262       3.3422 0.21672   1.629 0.0000E+00  0.000   1.63
 A271       3.3459 0.13580  10.692 0.0000E+00  0.000  10.69
 A520       3.3460 0.15591   6.650 0.0000E+00  0.000   6.65
 A231       3.3467 0.03494  11.199 0.0000E+00  0.000  11.20
 A370       3.3469 0.11274   3.740 0.0000E+00  0.000   3.74
 A781       3.3476 0.15394   6.215 0.0000E+00  0.000   6.22
 A759       3.3522 0.05870   2.897 0.0000E+00  0.000   2.90
 A929       3.3529 0.06307   4.040 0.0000E+00  0.000   4.04
 A643       3.3591 0.05221   5.289 0.0000E+00  0.000   5.29
 A376       3.3595 0.11249   1.728 0.0000E+00  0.000   1.73
 A616       3.3641 0.02131   1.378 0.0000E+00  0.000   1.38
 A598       3.3666 0.09225   4.921 0.0000E+00  0.000   4.92
 A524       3.3666 0.16177   2.468 0.0000E+00  0.000   2.47
 A805       3.3740 0.21408   9.535 0.0000E+00  0.000   9.53
 A128       3.3784 0.07742   3.217 0.0000E+00  0.000   3.22
 A997       3.3794 0.07882   9.481 0.0000E+00  0.000   9.48
 A137       3.3831 0.15911   6.637 0.0000E+00  0.000   6.64
 A542       3.3858 0.08867   4.024 0.0000E+00  0.000   4.02
 A66        3.3918 0.12751   5.402 0.0000E+00  0.000   5.40
 A53        3.3953 0.07677   3.638 0.0000E+00  0.000   3.64
 A160       3.3964 0.11027   5.708 0.0000E+00  0.000   5.71
 A914       3.3974 0.11993   8.004 0.0000E+00  0.000   8.00
 A597       3.4018 0.14916   1.897 0.0000E+00  0.000   1.90
 A741       3.4069 0.13167   9.647 0.0000E+00  0.000   9.65
 A131       3.4109 0.20556   4.634 0.0000E+00  0.000   4.63
 A573       3.4159 0.15708   0.909 0.0000E+00  0.000   0.91
 A813       3.4171 0.06387   9.803 0.0000E+00  0.000   9.80
 A569       3.4222 0.13452   7.882 0.0000E+00  0.000   7.88
 A697       3.4226 0.08380   8.130 0.0000E+00  0.000   8.13
 A568       3.4228 0.15940   1.402 0.0000E+00  0.000   1.40
 A778       3.4240 0.06440   7.174 0.0000E+00  0.000   7.17
 A458       3.4250 0.15227   2.474 0.0000E+00  0.000   2.47
 A166       3.4278 0.15864   1.226 0.0000E+00  0.000   1.23
 A154       3.4281 0.05613   4.352 0.0000E+00  0.000   4.35
 A57        3.4334 0.13558   5.872 0.0000E+00  0.000   5.87
 A460       3.4371 0.22049   1.521 0.0000E+00  0.000   1.52
 A708       3.4385 0.13475   5.851 0.0000E+00  0.000   5.85
 A27        3.4414 0.08105   7.381 0.0000E+00  0.000   7.38
 A558       3.4433 0.18174   1.374 0.0000E+00  0.000   1.37
 A463       3.4467 0.03938   8.133 0.0000E+00  0.000   8.13
 A322       3.4563 0.12964   6.370 0.0000E+00  0.000   6.37
 A523       3.4581 0.06114   2.726 0.0000E+00  0.000   2.73
 A502       3.4596 0.21263   4.199 0.0000E+00  0.000   4.20
 A970       3.4680 0.12873   2.843 0.0000E+00  0.000   2.84
 A3         3.4711 0.11924  10.706 0.0000E+00  0.000  10.71
 A623       3.4732 0.18707   5.926 0.0000E+00  0.000   5.93
 A75        3.4751 0.11808  10.062 0.0000E+00  0.000  10.06
 A873       3.4812 0.04423   5.313 0.0000E+00  0.000   5.31
 A452       3.4882 0.13875   5.412 0.0000E+00  0.000   5.41
 A645       3.4945 0.16029   8.749 0.0000E+00  0.000   8.75
 A415       3.4973 0.13185   4.467 0.0000E+00  0.000   4.47
 A88        3.4980 0.11934   1.849 0.0000E+00  0.000   1.85
 A981       3.5003 0.10995   7.477 0.0000E+00  0.000   7.48
 A260       3.5010 0.15753   1.250 0.0000E+00  0.000   1.25
 A789       3.5035 0.05250   1.533 0.0000E+00  0.000   1.53
 A906       3.5042 0.06265   4.537 0.0000E+00  0.000   4.54
 A110       3.5054 0.13316   1.282 0.0000E+00  0.000   1.28
 A987       3.5244 0.20248  10.166 0.0000E+00  0.000  10.17
 A945       3.5320 0.16100   6.604 0.0000E+00  0.000   6.60
 A245       3.5385 0.07435   5.528 0.0000E+00  0.000   5.53
 A433       3.5452 0.00802   1.710 0.0000E+00  0.000   1.71
 A531       3.5467 0.11911   1.867 0.0000E+00  0.000   1.87
 A882       3.5471 0.18300   6.435 0.0000E+00  0.000   6.43
 A274       3.5575 0.16329   1.718 0.0000E+00  0.000   1.72
 A829       3.5588 0.18604   5.457 0.0000E+00  0.000   5.46
 A453       3.5663 0.16783   5.942 0.0000E+00  0.000   5.94
 A220       3.6026 0.15217   3.253 0.0000E+00  0.000   3.25
 A500       3.6134 0.12412   8.623 0.0000E+00  0.000   8.62
 A417       3.6225 0.14177  10.841 0.0000E+00  0.000  10.84
 A932       3.6275 0.16589   4.383 0.0000E+00  0.000   4.38
 A894       3.6277 0.15343   9.465 0.0000E+00  0.000   9.46
 A580       3.6291 0.17415   4.505 0.0000E+00  0.000   4.50
 A955       3.6323 0.12336   3.145 0.0000E+00  0.000   3.14
 A402       3.6330 0.10696   3.695 0.0000E+00  0.000   3.70
 A219       3.6335 0.12290   6.489 0.0000E+00  0.000   6.49
 A52        3.6367 0.12072   3.568 0.0000E+00  0.000   3.57
 A434       3.6471 0.18613   2.701 0.0000E+00  0.000   2.70
 A291       3.6475 0.09379   7.389 0.0000E+00  0.000   7.39
 A124       3.6502 0.08800   0.658 0.0000E+00  0.000   0.66
 A435       3.6541 0.14845   5.133 0.0000E+00  0.000   5.13
 A927       3.6548 0.16070   2.271 0.0000E+00  0.000   2.27
 A148       3.7069 0.28708   3.980 0.0000E+00  0.000   3.98
 A622       3.7512 0.08489   1.228 0.0000E+00  0.000   1.23
 A183       3.7592 0.18705   2.866 0.0000E+00  0.000   2.87
 A383       3.7780 0.15920   0.990 0.0000E+00  0.000   0.99
 A242       3.7879 0.13182   8.243 0.0000E+00  0.000   8.24
 A863       3.8343 0.17232   1.124 0.0000E+00  0.000   1.12
 A723       3.8422 0.09214   2.381 0.0000E+00  0.000   2.38
 A904       3.8947 0.18489   1.165 0.0000E+00  0.000   1.17
 A719       3.9289 0.18940   4.457 0.0000E+00  0.000   4.46
 A783       3.9347 0.26304   8.758 0.0000E+00  0.000   8.76
 A614       3.9355 0.04434   1.402 0.0000E+00  0.000   1.40
 A212       3.9545 0.12249   8.800 0.0000E+00  0.000   8.80
 A392       3.9625 0.24930   5.222 0.0000E+00  0.000   5.22
 A761       3.9710 0.23435   2.703 0.0000E+00  0.000   2.70
 A30        3.9828 0.21298   3.556 0.0000E+00  0.000   3.56
 A198       3.9920 0.33972   1.845 0.0000E+00  0.000   1.85
 A810       3.9951 0.09205   7.116 0.0000E+00  0.000   7.12
 A125       3.9961 0.27094   3.866 0.0000E+00  0.000   3.87
 A5         3.9966 0.29998   8.596 0.0000E+00  0.000   8.60
 A913       4.0053 0.26348   0.530 0.0000E+00  0.000   0.53
 A514       4.1589 0.14012   1.941 0.0000E+00  0.000   1.94
 JUPITER    5.2022 0.10125   1.253 9.5479E-04  0.000   1.25
 SATURN     9.4741 0.04294   1.514 2.8589E-04  0.000   1.51
 A631      12.5247 0.37060  23.646 0.0000E+00  0.000  23.65
 A972      16.3307 0.19673  11.185 0.0000E+00  0.000  11.18
 A200      23.7056 0.38559  12.129 0.0000E+00  0.000  12.13
