 A920       0.8215 0.24843   2.635 0.0000E+00  0.000   2.63
 A773       0.9253 0.13647  16.768 0.0000E+00  0.000  16.77
 EARTHMOO   1.0000 0.04967   1.325 9.1213E-06  0.000   1.33
 A107       1.1627 0.44629  20.808 0.0000E+00  0.000  20.81
 A186       1.2054 0.44330   9.364 0.0000E+00  0.000   9.36
 A328       1.4723 0.33429  21.519 0.0000E+00  0.000  21.52
 A430       1.5000 0.03660   2.871 0.0000E+00  0.000   2.87
 A900       1.5008 0.13628   1.951 0.0000E+00  0.000   1.95
 A273       1.5014 0.51158  15.195 0.0000E+00  0.000  15.20
 A591       1.5051 0.05391   8.213 0.0000E+00  0.000   8.21
 A534       1.5118 0.05752   9.437 0.0000E+00  0.000   9.44
 A288       1.5166 0.05777   2.998 0.0000E+00  0.000   3.00
 A926       1.5203 0.11654   3.446 0.0000E+00  0.000   3.45
 A79        1.5214 0.06666  11.280 0.0000E+00  0.000  11.28
 A83        1.5225 0.11311   4.145 0.0000E+00  0.000   4.14
 A487       1.5244 0.12156   3.302 0.0000E+00  0.000   3.30
 A729       1.5278 0.10928   6.954 0.0000E+00  0.000   6.95
 A51        1.5324 0.09025   6.634 0.0000E+00  0.000   6.63
 A277       1.5342 0.10929   8.206 0.0000E+00  0.000   8.21
 A820       1.5448 0.28105  21.881 0.0000E+00  0.000  21.88
 A41        1.5455 0.06923   3.266 0.0000E+00  0.000   3.27
 A950       1.5455 0.06775   2.174 0.0000E+00  0.000   2.17
 A771       1.5460 0.12775   7.924 0.0000E+00  0.000   7.92
 A816       1.5483 0.08519   4.905 0.0000E+00  0.000   4.90
 A44        1.5504 0.01192   7.498 0.0000E+00  0.000   7.50
 A421       1.5528 0.05325   2.739 0.0000E+00  0.000   2.74
 A498       1.5536 0.03100   0.464 0.0000E+00  0.000   0.46
 A687       1.5544 0.06145   6.959 0.0000E+00  0.000   6.96
 A532       1.5574 0.02728  10.972 0.0000E+00  0.000  10.97
 A395       1.5585 0.14269   3.445 0.0000E+00  0.000   3.44
 A178       1.5622 0.07918   2.544 0.0000E+00  0.000   2.54
 A536       1.5627 0.12812   0.398 0.0000E+00  0.000   0.40
 A973       1.5674 0.10435   8.273 0.0000E+00  0.000   8.27
 A862       1.5720 0.02917   1.907 0.0000E+00  0.000   1.91
 A901       1.5744 0.08644   8.008 0.0000E+00  0.000   8.01
 A485       1.5751 0.12912   5.243 0.0000E+00  0.000   5.24
 A406       1.5764 0.04456   5.479 0.0000E+00  0.000   5.48
 A978       1.5774 0.02139   7.806 0.0000E+00  0.000   7.81
 A857       1.5786 0.05212   2.688 0.0000E+00  0.000   2.69
 A290       1.5805 0.07323   7.373 0.0000E+00  0.000   7.37
 A85        1.5843 0.04640   7.711 0.0000E+00  0.000   7.71
 A504       1.5862 0.31352   9.131 0.0000E+00  0.000   9.13
 A516       1.5897 0.36429   5.311 0.0000E+00  0.000   5.31
 A673       1.5911 0.10302   9.909 0.0000E+00  0.000   9.91
 A541       1.5913 0.04018   9.233 0.0000E+00  0.000   9.23
 A510       1.5931 0.09166   9.483 0.0000E+00  0.000   9.48
 A225       1.5948 0.07183   8.539 0.0000E+00  0.000   8.54
 A625       1.6003 0.11676   1.452 0.0000E+00  0.000   1.45
 A634       1.6027 0.07067   9.307 0.0000E+00  0.000   9.31
 A142       1.6052 0.05854   6.785 0.0000E+00  0.000   6.78
 A47        1.6057 0.06533   4.518 0.0000E+00  0.000   4.52
 A903       1.6106 0.07722   1.399 0.0000E+00  0.000   1.40
 A116       1.6123 0.05392   5.733 0.0000E+00  0.000   5.73
 A792       1.6196 0.04340   7.182 0.0000E+00  0.000   7.18
 A497       1.6216 0.05372  10.579 0.0000E+00  0.000  10.58
 A746       1.6287 0.01925   4.262 0.0000E+00  0.000   4.26
 A405       1.6293 0.11015  11.298 0.0000E+00  0.000  11.30
 A704       1.6314 0.72245  10.417 0.0000E+00  0.000  10.42
 A34        1.6347 0.03863  10.591 0.0000E+00  0.000  10.59
 A427       1.6364 0.02801   6.898 0.0000E+00  0.000   6.90
 A341       1.6368 0.07607   8.768 0.0000E+00  0.000   8.77
 A95        1.6376 0.08663   4.996 0.0000E+00  0.000   5.00
 A841       1.6397 0.09431  10.829 0.0000E+00  0.000  10.83
 A602       1.6422 0.07603   8.350 0.0000E+00  0.000   8.35
 A380       1.6438 0.12533   4.123 0.0000E+00  0.000   4.12
 A517       1.6444 0.02677   8.726 0.0000E+00  0.000   8.73
 A14        1.6448 0.06181   3.290 0.0000E+00  0.000   3.29
 A297       1.6477 0.07392   6.051 0.0000E+00  0.000   6.05
 A486       1.6488 0.49382  23.867 0.0000E+00  0.000  23.87
 A751       1.6507 0.09263   8.182 0.0000E+00  0.000   8.18
 A556       1.6512 0.07523   6.928 0.0000E+00  0.000   6.93
 A447       1.6514 0.07127   6.397 0.0000E+00  0.000   6.40
 A461       1.6515 0.51067   4.514 0.0000E+00  0.000   4.51
 A62        1.6525 0.08293   9.684 0.0000E+00  0.000   9.68
 A315       1.6527 0.08417   5.416 0.0000E+00  0.000   5.42
 A880       1.6552 0.04204   4.193 0.0000E+00  0.000   4.19
 A362       1.6574 0.09660   4.311 0.0000E+00  0.000   4.31
 A878       1.6582 0.06869  10.147 0.0000E+00  0.000  10.15
 A639       1.6583 0.07853   1.217 0.0000E+00  0.000   1.22
 A84        1.6598 0.09331   3.626 0.0000E+00  0.000   3.63
 A351       1.6602 0.14303   8.604 0.0000E+00  0.000   8.60
 A703       1.6603 0.03786   3.754 0.0000E+00  0.000   3.75
 A615       1.6624 0.03330   4.162 0.0000E+00  0.000   4.16
 A43        1.6628 0.44828  13.409 0.0000E+00  0.000  13.41
 A145       1.6705 0.04179   6.480 0.0000E+00  0.000   6.48
 A852       1.6734 0.05904   6.131 0.0000E+00  0.000   6.13
 A343       1.6798 0.02889  12.684 0.0000E+00  0.000  12.68
 A488       1.6820 0.10726   3.641 0.0000E+00  0.000   3.64
 A399       1.6835 0.04186   5.113 0.0000E+00  0.000   5.11
 A216       1.6848 0.09261   1.055 0.0000E+00  0.000   1.06
 A189       1.6887 0.00828   9.441 0.0000E+00  0.000   9.44
 A618       1.6918 0.04575   5.564 0.0000E+00  0.000   5.56
 A306       1.6940 0.05465   5.073 0.0000E+00  0.000   5.07
 A721       1.6962 0.08598   9.433 0.0000E+00  0.000   9.43
 A636       1.6980 0.09866   2.827 0.0000E+00  0.000   2.83
 A731       1.7065 0.14417   4.827 0.0000E+00  0.000   4.83
 A448       1.7121 0.08421   4.524 0.0000E+00  0.000   4.52
 A358       1.7123 0.09154   3.536 0.0000E+00  0.000   3.54
 A554       1.7185 0.08489  11.034 0.0000E+00  0.000  11.03
 A17        1.7215 0.08108   9.634 0.0000E+00  0.000   9.63
 A283       1.7248 0.11422   7.125 0.0000E+00  0.000   7.12
 A18        1.7252 0.07284   1.038 0.0000E+00  0.000   1.04
 A980       1.7267 0.04564   6.249 0.0000E+00  0.000   6.25
 A515       1.7271 0.06860   6.327 0.0000E+00  0.000   6.33
 A944       1.7310 0.09946   3.480 0.0000E+00  0.000   3.48
 A866       1.7367 0.04439   8.858 0.0000E+00  0.000   8.86
 A603       1.7411 0.07039   3.975 0.0000E+00  0.000   3.97
 A581       1.7442 0.10641   8.503 0.0000E+00  0.000   8.50
 A671       1.7442 0.08706   1.733 0.0000E+00  0.000   1.73
 A119       1.7452 0.01375   7.207 0.0000E+00  0.000   7.21
 A961       1.7472 0.14603   2.752 0.0000E+00  0.000   2.75
 A575       1.7475 0.13916   2.227 0.0000E+00  0.000   2.23
 A969       1.7496 0.06165   5.725 0.0000E+00  0.000   5.72
 A738       1.7516 0.06277   1.819 0.0000E+00  0.000   1.82
 A668       1.7535 0.08422   9.814 0.0000E+00  0.000   9.81
 A289       1.7606 0.13916   6.935 0.0000E+00  0.000   6.94
 A559       1.7618 0.03781   8.437 0.0000E+00  0.000   8.44
 A732       1.7639 0.09940   5.793 0.0000E+00  0.000   5.79
 A798       1.7645 0.08087   6.404 0.0000E+00  0.000   6.40
 A519       1.7666 0.08399   7.979 0.0000E+00  0.000   7.98
 A755       1.7671 0.14680   3.918 0.0000E+00  0.000   3.92
 A38        1.7678 0.11805   3.352 0.0000E+00  0.000   3.35
 A63        1.7690 0.09290   9.293 0.0000E+00  0.000   9.29
 A740       1.7695 0.14433   5.005 0.0000E+00  0.000   5.01
 A835       1.7695 0.10426   5.920 0.0000E+00  0.000   5.92
 A560       1.7724 0.10355   9.399 0.0000E+00  0.000   9.40
 A140       1.7797 0.07439   6.824 0.0000E+00  0.000   6.82
 A150       1.7831 0.05284   5.153 0.0000E+00  0.000   5.15
 A188       1.7857 0.05083   2.657 0.0000E+00  0.000   2.66
 A381       1.7934 0.10688  11.280 0.0000E+00  0.000  11.28
 A412       1.7985 0.15503   5.259 0.0000E+00  0.000   5.26
 A396       1.8002 0.01025   6.778 0.0000E+00  0.000   6.78
 A24        1.8017 0.06054   5.377 0.0000E+00  0.000   5.38
 A505       1.8023 0.04900   4.711 0.0000E+00  0.000   4.71
 A130       1.8035 0.05363   7.830 0.0000E+00  0.000   7.83
 A962       1.8038 0.13407   7.255 0.0000E+00  0.000   7.26
 A511       1.8042 0.13140   5.672 0.0000E+00  0.000   5.67
 A348       1.8049 0.03074   8.694 0.0000E+00  0.000   8.69
 A470       1.8050 0.02505   8.330 0.0000E+00  0.000   8.33
 A627       1.8056 0.11442  13.313 0.0000E+00  0.000  13.31
 A482       1.8148 0.08613  10.337 0.0000E+00  0.000  10.34
 A121       1.8169 0.03544   8.761 0.0000E+00  0.000   8.76
 A201       1.8180 0.08892   6.331 0.0000E+00  0.000   6.33
 A585       1.8183 0.02795   2.180 0.0000E+00  0.000   2.18
 A122       1.8198 0.07570  12.425 0.0000E+00  0.000  12.42
 A724       1.8201 0.12198   2.804 0.0000E+00  0.000   2.80
 A899       1.8206 0.07230   4.593 0.0000E+00  0.000   4.59
 A136       1.8210 0.06034  10.422 0.0000E+00  0.000  10.42
 A58        1.8213 0.06657  11.630 0.0000E+00  0.000  11.63
 A299       1.8221 0.12170   7.019 0.0000E+00  0.000   7.02
 A7         1.8233 0.04244   2.397 0.0000E+00  0.000   2.40
 A301       1.8258 0.12542   7.047 0.0000E+00  0.000   7.05
 A512       1.8265 0.05048  15.105 0.0000E+00  0.000  15.10
 A99        1.8275 0.01092   5.340 0.0000E+00  0.000   5.34
 A74        1.8281 0.13072   9.239 0.0000E+00  0.000   9.24
 A807       1.8301 0.10919   2.716 0.0000E+00  0.000   2.72
 A702       1.8310 0.13067   9.373 0.0000E+00  0.000   9.37
 A207       1.8311 0.04346  11.341 0.0000E+00  0.000  11.34
 A205       1.8353 0.02741   5.122 0.0000E+00  0.000   5.12
 A725       1.8367 0.07528   9.106 0.0000E+00  0.000   9.11
 A324       1.8369 0.09004  13.704 0.0000E+00  0.000  13.70
 A827       1.8371 0.06451  10.083 0.0000E+00  0.000  10.08
 A161       1.8380 0.06544   9.937 0.0000E+00  0.000   9.94
 A281       1.8402 0.17202  21.903 0.0000E+00  0.000  21.90
 A29        1.8406 0.10236   9.449 0.0000E+00  0.000   9.45
 A780       1.8414 0.11180   9.358 0.0000E+00  0.000   9.36
 A268       1.8443 0.07898   8.941 0.0000E+00  0.000   8.94
 A567       1.8532 0.05760   6.006 0.0000E+00  0.000   6.01
 A765       1.8548 0.09750   8.363 0.0000E+00  0.000   8.36
 A728       1.8557 0.13610  11.363 0.0000E+00  0.000  11.36
 A855       1.8561 0.15664  10.565 0.0000E+00  0.000  10.56
 A768       1.8588 0.12613   6.919 0.0000E+00  0.000   6.92
 A477       1.8601 0.06630   8.828 0.0000E+00  0.000   8.83
 A132       1.8613 0.14964   7.483 0.0000E+00  0.000   7.48
 A181       1.8623 0.05243   1.907 0.0000E+00  0.000   1.91
 A407       1.8635 0.08578  11.340 0.0000E+00  0.000  11.34
 A270       1.8636 0.15376  12.321 0.0000E+00  0.000  12.32
 A344       1.8682 0.07952  11.986 0.0000E+00  0.000  11.99
 A50        1.8696 0.08756   5.145 0.0000E+00  0.000   5.14
 A864       1.8721 0.03916  10.900 0.0000E+00  0.000  10.90
 A126       1.8724 0.06367   9.915 0.0000E+00  0.000   9.91
 A346       1.8779 0.04584  11.271 0.0000E+00  0.000  11.27
 A263       1.8783 0.06316   8.923 0.0000E+00  0.000   8.92
 A628       1.8789 0.07707   5.384 0.0000E+00  0.000   5.38
 A992       1.8799 0.12822  10.211 0.0000E+00  0.000  10.21
 A246       1.8805 0.10255   6.697 0.0000E+00  0.000   6.70
 A33        1.8817 0.14561   8.326 0.0000E+00  0.000   8.33
 A506       1.8821 0.71041   8.591 0.0000E+00  0.000   8.59
 A935       1.8840 0.10527   6.192 0.0000E+00  0.000   6.19
 A846       1.8849 0.12431   8.157 0.0000E+00  0.000   8.16
 A665       1.8928 0.07118   4.071 0.0000E+00  0.000   4.07
 A749       1.8929 0.60178  12.316 0.0000E+00  0.000  12.32
 A583       1.8961 0.05376  13.898 0.0000E+00  0.000  13.90
 A413       1.8962 0.03451  13.088 0.0000E+00  0.000  13.09
 A428       1.8975 0.05635  11.485 0.0000E+00  0.000  11.48
 A255       1.8978 0.05349  13.131 0.0000E+00  0.000  13.13
 A889       1.9050 0.03513   5.579 0.0000E+00  0.000   5.58
 A611       1.9081 0.16619  14.797 0.0000E+00  0.000  14.80
 A86        1.9084 0.11318   3.236 0.0000E+00  0.000   3.24
 A495       1.9091 0.13986  17.168 0.0000E+00  0.000  17.17
 A994       1.9258 0.12774  11.125 0.0000E+00  0.000  11.12
 A843       1.9261 0.10637   4.003 0.0000E+00  0.000   4.00
 A769       1.9263 0.08564  10.918 0.0000E+00  0.000  10.92
 A995       1.9282 0.10175  15.204 0.0000E+00  0.000  15.20
 A98        1.9303 0.15016  10.694 0.0000E+00  0.000  10.69
 A144       1.9317 0.15743   2.294 0.0000E+00  0.000   2.29
 A187       1.9318 0.04643   9.626 0.0000E+00  0.000   9.63
 A801       1.9327 0.16332  17.565 0.0000E+00  0.000  17.56
 A311       1.9369 0.12644   5.020 0.0000E+00  0.000   5.02
 A223       1.9372 0.15495   8.559 0.0000E+00  0.000   8.56
 A371       1.9380 0.06593   7.989 0.0000E+00  0.000   7.99
 A617       1.9457 0.11308  16.763 0.0000E+00  0.000  16.76
 A356       1.9461 0.12246   9.219 0.0000E+00  0.000   9.22
 A675       1.9484 0.18010  14.874 0.0000E+00  0.000  14.87
 A438       1.9485 0.17156   6.951 0.0000E+00  0.000   6.95
 A526       1.9521 0.10447  19.706 0.0000E+00  0.000  19.71
 A632       1.9545 0.10189  17.835 0.0000E+00  0.000  17.84
 A942       1.9564 0.26625   8.963 0.0000E+00  0.000   8.96
 A547       1.9634 0.11402  13.920 0.0000E+00  0.000  13.92
 A202       1.9648 0.10572  17.133 0.0000E+00  0.000  17.13
 A82        1.9658 0.10414  21.869 0.0000E+00  0.000  21.87
 A939       1.9679 0.16799  12.520 0.0000E+00  0.000  12.52
 A868       1.9688 0.12014  22.561 0.0000E+00  0.000  22.56
 A111       1.9714 0.09893  20.397 0.0000E+00  0.000  20.40
 A742       1.9730 0.22403  17.994 0.0000E+00  0.000  17.99
 A933       1.9742 0.56228   8.188 0.0000E+00  0.000   8.19
 A457       1.9768 0.15648  18.013 0.0000E+00  0.000  18.01
 A254       1.9783 0.15737   2.421 0.0000E+00  0.000   2.42
 A777       1.9809 0.10980  15.464 0.0000E+00  0.000  15.46
 A342       1.9809 0.11354  24.214 0.0000E+00  0.000  24.21
 A565       1.9831 0.13165  18.279 0.0000E+00  0.000  18.28
 A481       1.9998 0.09356  15.749 0.0000E+00  0.000  15.75
 A332       2.0011 0.46159   2.999 0.0000E+00  0.000   3.00
 A493       2.0032 0.22078   2.294 0.0000E+00  0.000   2.29
 A960       2.0081 0.19781  17.826 0.0000E+00  0.000  17.83
 A503       2.0105 0.25617   4.818 0.0000E+00  0.000   4.82
 A608       2.0257 0.07364  23.930 0.0000E+00  0.000  23.93
 A241       2.0265 0.17314  25.533 0.0000E+00  0.000  25.53
 A221       2.0273 0.20963  18.966 0.0000E+00  0.000  18.97
 A840       2.0276 0.24872  10.870 0.0000E+00  0.000  10.87
 A576       2.0329 0.21500  27.662 0.0000E+00  0.000  27.66
 A267       2.0380 0.16305  24.261 0.0000E+00  0.000  24.26
 A670       2.0407 0.52948  15.195 0.0000E+00  0.000  15.19
 A631       2.0427 0.20102  14.619 0.0000E+00  0.000  14.62
 A90        2.0909 0.51709  13.472 0.0000E+00  0.000  13.47
 A736       2.0929 0.56380   6.800 0.0000E+00  0.000   6.80
 A169       2.0954 0.08389  27.162 0.0000E+00  0.000  27.16
 A965       2.0995 0.30242   3.354 0.0000E+00  0.000   3.35
 A377       2.1072 0.49183  14.272 0.0000E+00  0.000  14.27
 A549       2.1180 0.37553   9.548 0.0000E+00  0.000   9.55
 A69        2.1185 0.68840  53.934 0.0000E+00  0.000  53.93
 A836       2.1203 0.66984  10.170 0.0000E+00  0.000  10.17
 A610       2.1325 0.28402   4.509 0.0000E+00  0.000   4.51
 A979       2.1327 0.38606   9.536 0.0000E+00  0.000   9.54
 A782       2.1343 0.30789   1.776 0.0000E+00  0.000   1.78
 A373       2.1394 0.08010  31.957 0.0000E+00  0.000  31.96
 A553       2.1429 0.29716   2.242 0.0000E+00  0.000   2.24
 A251       2.1448 0.06067   2.368 0.0000E+00  0.000   2.37
 A538       2.1517 0.17421   5.632 0.0000E+00  0.000   5.63
 A325       2.1559 0.25587   4.417 0.0000E+00  0.000   4.42
 A921       2.1633 0.20485   5.605 0.0000E+00  0.000   5.60
 A429       2.1650 0.10564   7.271 0.0000E+00  0.000   7.27
 A758       2.1684 0.19039   4.402 0.0000E+00  0.000   4.40
 A475       2.1707 0.15520   2.439 0.0000E+00  0.000   2.44
 A227       2.1718 0.06913   9.783 0.0000E+00  0.000   9.78
 A656       2.1740 0.18498   2.898 0.0000E+00  0.000   2.90
 A966       2.1740 0.24332   2.351 0.0000E+00  0.000   2.35
 A650       2.1749 0.10621   6.371 0.0000E+00  0.000   6.37
 A149       2.1801 0.30335   7.496 0.0000E+00  0.000   7.50
 A191       2.1871 0.23817   5.525 0.0000E+00  0.000   5.53
 A214       2.1900 0.13806   5.467 0.0000E+00  0.000   5.47
 A474       2.1937 0.42334   8.863 0.0000E+00  0.000   8.86
 A947       2.1961 0.20123   6.406 0.0000E+00  0.000   6.41
 A308       2.1969 0.15769   3.821 0.0000E+00  0.000   3.82
 A513       2.1970 0.15667   1.393 0.0000E+00  0.000   1.39
 A654       2.1977 0.15398   5.037 0.0000E+00  0.000   5.04
 A94        2.2002 0.22000   2.217 0.0000E+00  0.000   2.22
 A379       2.2036 0.25570   6.906 0.0000E+00  0.000   6.91
 A557       2.2045 0.12992   2.482 0.0000E+00  0.000   2.48
 A293       2.2103 0.09789   2.417 0.0000E+00  0.000   2.42
 A45        2.2123 0.09653   7.662 0.0000E+00  0.000   7.66
 A940       2.2182 0.29416   7.576 0.0000E+00  0.000   7.58
 A28        2.2183 0.07849   5.253 0.0000E+00  0.000   5.25
 A908       2.2218 0.11550   6.133 0.0000E+00  0.000   6.13
 A185       2.2245 0.10973   4.708 0.0000E+00  0.000   4.71
 A72        2.2270 0.16321   4.161 0.0000E+00  0.000   4.16
 A854       2.2274 0.03036   6.004 0.0000E+00  0.000   6.00
 A734       2.2297 0.06274   6.673 0.0000E+00  0.000   6.67
 A476       2.2340 0.15755   3.571 0.0000E+00  0.000   3.57
 A990       2.2528 0.08866   5.063 0.0000E+00  0.000   5.06
 A171       2.2553 0.07975   2.804 0.0000E+00  0.000   2.80
 A307       2.2587 0.05251   2.565 0.0000E+00  0.000   2.57
 A384       2.2621 0.16456   6.190 0.0000E+00  0.000   6.19
 A278       2.2644 0.10447  10.343 0.0000E+00  0.000  10.34
 A22        2.2649 0.10416   3.676 0.0000E+00  0.000   3.68
 A681       2.2651 0.10769   3.390 0.0000E+00  0.000   3.39
 A229       2.2652 0.14072   7.560 0.0000E+00  0.000   7.56
 A224       2.2663 0.12571   7.241 0.0000E+00  0.000   7.24
 A710       2.2665 0.10964   3.518 0.0000E+00  0.000   3.52
 A97        2.2727 0.04441  12.987 0.0000E+00  0.000  12.99
 A61        2.2728 0.09656   1.507 0.0000E+00  0.000   1.51
 A310       2.2955 0.07196   6.678 0.0000E+00  0.000   6.68
 A818       2.2956 0.06088   8.940 0.0000E+00  0.000   8.94
 A784       2.2964 0.13760   6.099 0.0000E+00  0.000   6.10
 A147       2.2965 0.10148   5.234 0.0000E+00  0.000   5.23
 A672       2.3005 0.12432   7.300 0.0000E+00  0.000   7.30
 A890       2.3025 0.07840   3.362 0.0000E+00  0.000   3.36
 A744       2.3026 0.09967  11.107 0.0000E+00  0.000  11.11
 A770       2.3057 0.08547   6.400 0.0000E+00  0.000   6.40
 A455       2.3122 0.10159  10.025 0.0000E+00  0.000  10.03
 A796       2.3130 0.12281   2.150 0.0000E+00  0.000   2.15
 A158       2.3162 0.18879   1.360 0.0000E+00  0.000   1.36
 A991       2.3174 0.11646  11.229 0.0000E+00  0.000  11.23
 A35        2.3200 0.17747  11.490 0.0000E+00  0.000  11.49
 A726       2.3206 0.07934   9.881 0.0000E+00  0.000   9.88
 A849       2.3212 0.11056   3.541 0.0000E+00  0.000   3.54
 A272       2.3249 0.12087   8.025 0.0000E+00  0.000   8.02
 A867       2.3267 0.16153  12.450 0.0000E+00  0.000  12.45
 A313       2.3314 0.16220  10.822 0.0000E+00  0.000  10.82
 A473       2.3394 0.08678   2.593 0.0000E+00  0.000   2.59
 A918       2.3398 0.07815   6.773 0.0000E+00  0.000   6.77
 A465       2.3407 0.18077   6.698 0.0000E+00  0.000   6.70
 A323       2.3473 0.11683   6.228 0.0000E+00  0.000   6.23
 A1000      2.3487 0.11596   1.646 0.0000E+00  0.000   1.65
 A436       2.3568 0.12466   9.477 0.0000E+00  0.000   9.48
 A165       2.3604 0.14721   4.930 0.0000E+00  0.000   4.93
 A174       2.3665 0.09738   5.413 0.0000E+00  0.000   5.41
 A902       2.3687 0.14697   6.063 0.0000E+00  0.000   6.06
 A790       2.3704 0.02672   4.308 0.0000E+00  0.000   4.31
 A127       2.3716 0.08575   3.579 0.0000E+00  0.000   3.58
 A375       2.3748 0.12648   4.384 0.0000E+00  0.000   4.38
 A257       2.3786 0.11602   2.835 0.0000E+00  0.000   2.84
 A605       2.3815 0.13378   2.638 0.0000E+00  0.000   2.64
 A748       2.3839 0.10629   4.632 0.0000E+00  0.000   4.63
 A641       2.3844 0.09981   2.864 0.0000E+00  0.000   2.86
 A858       2.3865 0.09058  10.496 0.0000E+00  0.000  10.50
 A530       2.3872 0.11363   7.435 0.0000E+00  0.000   7.44
 A20        2.3899 0.13050   4.263 0.0000E+00  0.000   4.26
 A321       2.3899 0.07304   2.805 0.0000E+00  0.000   2.80
 A696       2.3907 0.01005   4.264 0.0000E+00  0.000   4.26
 A48        2.3962 0.03073   0.198 0.0000E+00  0.000   0.20
 A93        2.3989 0.02233   1.637 0.0000E+00  0.000   1.64
 A156       2.4053 0.12969   6.385 0.0000E+00  0.000   6.39
 A101       2.4068 0.10672   8.817 0.0000E+00  0.000   8.82
 A967       2.4079 0.11065   5.168 0.0000E+00  0.000   5.17
 A444       2.4089 0.12082   2.723 0.0000E+00  0.000   2.72
 A695       2.4102 0.06652   4.218 0.0000E+00  0.000   4.22
 A895       2.4123 0.15979  11.877 0.0000E+00  0.000  11.88
 A345       2.4178 0.06003   6.244 0.0000E+00  0.000   6.24
 A159       2.4190 0.06167   1.773 0.0000E+00  0.000   1.77
 A876       2.4214 0.06628   7.302 0.0000E+00  0.000   7.30
 A821       2.4239 0.04771   0.466 0.0000E+00  0.000   0.47
 A998       2.4345 0.07224   5.798 0.0000E+00  0.000   5.80
 A776       2.4394 0.17190   1.887 0.0000E+00  0.000   1.89
 A831       2.4437 0.14462   6.905 0.0000E+00  0.000   6.91
 A953       2.4477 0.07707   3.398 0.0000E+00  0.000   3.40
 A943       2.4481 0.04057   9.194 0.0000E+00  0.000   9.19
 A172       2.4658 0.13599   8.897 0.0000E+00  0.000   8.90
 A442       2.4743 0.01027   0.916 0.0000E+00  0.000   0.92
 A388       2.4814 0.07206   5.682 0.0000E+00  0.000   5.68
 A701       2.4816 0.08104  12.694 0.0000E+00  0.000  12.69
 A112       2.4822 0.08718   7.121 0.0000E+00  0.000   7.12
 A337       2.4883 0.07796   4.406 0.0000E+00  0.000   4.41
 A791       2.4922 0.04462   5.517 0.0000E+00  0.000   5.52
 A13        2.5087 0.06135   6.919 0.0000E+00  0.000   6.92
 A302       2.5125 0.17501   8.448 0.0000E+00  0.000   8.45
 A884       2.5160 0.14922   0.772 0.0000E+00  0.000   0.77
 A599       2.5182 0.07149   1.292 0.0000E+00  0.000   1.29
 A952       2.5200 0.25879   9.004 0.0000E+00  0.000   9.00
 A367       2.5202 0.13904   3.705 0.0000E+00  0.000   3.70
 A102       2.5229 0.16656   3.615 0.0000E+00  0.000   3.62
 A424       2.5258 0.22320   9.719 0.0000E+00  0.000   9.72
 A236       2.5280 0.11641   2.703 0.0000E+00  0.000   2.70
 A975       2.5281 0.11325   4.724 0.0000E+00  0.000   4.72
 A651       2.5350 0.17456   1.066 0.0000E+00  0.000   1.07
 A705       2.5385 0.19782   3.178 0.0000E+00  0.000   3.18
 A287       2.5414 0.23103   3.337 0.0000E+00  0.000   3.34
 A468       2.5427 0.24717   6.524 0.0000E+00  0.000   6.52
 A374       2.5441 0.09956   8.673 0.0000E+00  0.000   8.67
 A352       2.5468 0.00847   6.976 0.0000E+00  0.000   6.98
 A922       2.5475 0.12915   4.108 0.0000E+00  0.000   4.11
 A89        2.5555 0.12480  10.712 0.0000E+00  0.000  10.71
 A690       2.5586 0.06150   6.161 0.0000E+00  0.000   6.16
 A861       2.5588 0.07626   3.745 0.0000E+00  0.000   3.74
 A42        2.5637 0.15853   5.023 0.0000E+00  0.000   5.02
 A11        2.5651 0.07546   9.606 0.0000E+00  0.000   9.61
 A222       2.5657 0.12326   5.031 0.0000E+00  0.000   5.03
 A706       2.5663 0.04025   4.633 0.0000E+00  0.000   4.63
 A596       2.5667 0.10254   9.691 0.0000E+00  0.000   9.69
 A806       2.5701 0.10264   5.275 0.0000E+00  0.000   5.28
 A167       2.5736 0.06902   8.190 0.0000E+00  0.000   8.19
 A331       2.5764 0.13207   3.148 0.0000E+00  0.000   3.15
 A851       2.5788 0.15300   5.438 0.0000E+00  0.000   5.44
 A844       2.5815 0.22084   5.945 0.0000E+00  0.000   5.95
 A239       2.5865 0.06902   4.842 0.0000E+00  0.000   4.84
 A666       2.5870 0.09556   2.264 0.0000E+00  0.000   2.26
 A688       2.5885 0.19229   1.990 0.0000E+00  0.000   1.99
 A31        2.5967 0.10054   7.677 0.0000E+00  0.000   7.68
 A175       2.5982 0.04718   4.703 0.0000E+00  0.000   4.70
 A431       2.5985 0.12322   4.242 0.0000E+00  0.000   4.24
 A422       2.5995 0.06902   3.370 0.0000E+00  0.000   3.37
 A276       2.6029 0.24933   1.746 0.0000E+00  0.000   1.75
 A284       2.6060 0.08859   7.390 0.0000E+00  0.000   7.39
 A256       2.6131 0.19151   9.572 0.0000E+00  0.000   9.57
 A609       2.6132 0.08206   5.539 0.0000E+00  0.000   5.54
 A450       2.6139 0.29772   3.816 0.0000E+00  0.000   3.82
 A896       2.6164 0.07497   9.731 0.0000E+00  0.000   9.73
 A141       2.6165 0.12045   3.592 0.0000E+00  0.000   3.59
 A661       2.6208 0.11684   6.224 0.0000E+00  0.000   6.22
 A213       2.6217 0.12421   6.058 0.0000E+00  0.000   6.06
 A662       2.6223 0.12263   1.679 0.0000E+00  0.000   1.68
 A135       2.6228 0.13429   9.446 0.0000E+00  0.000   9.45
 A454       2.6292 0.06793   9.768 0.0000E+00  0.000   9.77
 A891       2.6327 0.09582   6.726 0.0000E+00  0.000   6.73
 A338       2.6329 0.05939   7.561 0.0000E+00  0.000   7.56
 A184       2.6364 0.07207   9.373 0.0000E+00  0.000   9.37
 A372       2.6400 0.13307   2.269 0.0000E+00  0.000   2.27
 A204       2.6432 0.10635  10.219 0.0000E+00  0.000  10.22
 A386       2.6456 0.18984   3.708 0.0000E+00  0.000   3.71
 A925       2.6527 0.05242   2.743 0.0000E+00  0.000   2.74
 A853       2.6565 0.08467   1.886 0.0000E+00  0.000   1.89
 A872       2.6583 0.07502   2.219 0.0000E+00  0.000   2.22
 A67        2.6583 0.34941   7.987 0.0000E+00  0.000   7.99
 A968       2.6597 0.11378   6.712 0.0000E+00  0.000   6.71
 A6         2.6625 0.08663   3.318 0.0000E+00  0.000   3.32
 A489       2.6648 0.22149   5.549 0.0000E+00  0.000   5.55
 A938       2.6694 0.14470   3.136 0.0000E+00  0.000   3.14
 A718       2.6705 0.18811   6.056 0.0000E+00  0.000   6.06
 A957       2.6708 0.11503   4.166 0.0000E+00  0.000   4.17
 A887       2.6710 0.11363  12.242 0.0000E+00  0.000  12.24
 A715       2.6860 0.08989   1.906 0.0000E+00  0.000   1.91
 A709       2.6900 0.04297   3.904 0.0000E+00  0.000   3.90
 A730       2.6903 0.10968   3.347 0.0000E+00  0.000   3.35
 A630       2.6947 0.07642   1.934 0.0000E+00  0.000   1.93
 A471       2.6951 0.18167   6.141 0.0000E+00  0.000   6.14
 A100       2.6982 0.12599   8.617 0.0000E+00  0.000   8.62
 A39        2.6992 0.04833  10.568 0.0000E+00  0.000  10.57
 A911       2.7042 0.12602   1.614 0.0000E+00  0.000   1.61
 A4         2.7069 0.11285   1.813 0.0000E+00  0.000   1.81
 A360       2.7073 0.05396   1.619 0.0000E+00  0.000   1.62
 A499       2.7116 0.09280   1.913 0.0000E+00  0.000   1.91
 A833       2.7177 0.01306   8.001 0.0000E+00  0.000   8.00
 A963       2.7181 0.01318   6.391 0.0000E+00  0.000   6.39
 A815       2.7196 0.13725   2.310 0.0000E+00  0.000   2.31
 A303       2.7260 0.04455   6.871 0.0000E+00  0.000   6.87
 A934       2.7266 0.13689   1.579 0.0000E+00  0.000   1.58
 A316       2.7267 0.05861   8.474 0.0000E+00  0.000   8.47
 A682       2.7299 0.09804   5.050 0.0000E+00  0.000   5.05
 A917       2.7301 0.11274   5.351 0.0000E+00  0.000   5.35
 A409       2.7305 0.17831   5.358 0.0000E+00  0.000   5.36
 A208       2.7313 0.13075   9.989 0.0000E+00  0.000   9.99
 A552       2.7326 0.12631   7.768 0.0000E+00  0.000   7.77
 A300       2.7363 0.08061   6.667 0.0000E+00  0.000   6.67
 A451       2.7435 0.11552   6.107 0.0000E+00  0.000   6.11
 A694       2.7468 0.06417   2.557 0.0000E+00  0.000   2.56
 A624       2.7505 0.11155   9.557 0.0000E+00  0.000   9.56
 A87        2.7508 0.03918  10.111 0.0000E+00  0.000  10.11
 A760       2.7509 0.06541   4.020 0.0000E+00  0.000   4.02
 A747       2.7519 0.08114   1.274 0.0000E+00  0.000   1.27
 A243       2.7528 0.07966   9.918 0.0000E+00  0.000   9.92
 A800       2.7585 0.16597   5.470 0.0000E+00  0.000   5.47
 A735       2.7588 0.02484   5.308 0.0000E+00  0.000   5.31
 A312       2.7608 0.20584   9.155 0.0000E+00  0.000   9.16
 A2         2.7609 0.04028   1.141 0.0000E+00  0.000   1.14
 A336       2.7616 0.03573   4.007 0.0000E+00  0.000   4.01
 A37        2.7647 0.10609   1.816 0.0000E+00  0.000   1.82
 A294       2.7648 0.12640   4.704 0.0000E+00  0.000   4.70
 A365       2.7705 0.10871   9.164 0.0000E+00  0.000   9.16
 A393       2.7793 0.12999   6.023 0.0000E+00  0.000   6.02
 A19        2.7800 0.10508   9.872 0.0000E+00  0.000   9.87
 A432       2.7840 0.16575   3.862 0.0000E+00  0.000   3.86
 A838       2.7878 0.09355   1.303 0.0000E+00  0.000   1.30
 A339       2.7911 0.09099   1.093 0.0000E+00  0.000   1.09
 A648       2.7920 0.09723   5.383 0.0000E+00  0.000   5.38
 A120       2.7954 0.08174   8.829 0.0000E+00  0.000   8.83
 A233       2.7956 0.16786   4.790 0.0000E+00  0.000   4.79
 A237       2.7991 0.11768   5.361 0.0000E+00  0.000   5.36
 A826       2.8053 0.20231   2.419 0.0000E+00  0.000   2.42
 A812       2.8057 0.10425   3.201 0.0000E+00  0.000   3.20
 A163       2.8095 0.08573   1.619 0.0000E+00  0.000   1.62
 A629       2.8097 0.11850   1.827 0.0000E+00  0.000   1.83
 A764       2.8125 0.11116  10.202 0.0000E+00  0.000  10.20
 A92        2.8249 0.07909   3.147 0.0000E+00  0.000   3.15
 A586       2.8273 0.01864   1.956 0.0000E+00  0.000   1.96
 A574       2.8325 0.04792   4.192 0.0000E+00  0.000   4.19
 A888       2.8387 0.10440   1.481 0.0000E+00  0.000   1.48
 A403       2.8409 0.04649   3.498 0.0000E+00  0.000   3.50
 A353       2.8421 0.16696   8.159 0.0000E+00  0.000   8.16
 A196       2.8437 0.08618   5.206 0.0000E+00  0.000   5.21
 A340       2.8493 0.06296   3.382 0.0000E+00  0.000   3.38
 A762       2.8501 0.09187  11.014 0.0000E+00  0.000  11.01
 A426       2.8516 0.16669   9.684 0.0000E+00  0.000   9.68
 A620       2.8520 0.13362   1.397 0.0000E+00  0.000   1.40
 A507       2.8524 0.12684   2.780 0.0000E+00  0.000   2.78
 A528       2.8559 0.04786   6.744 0.0000E+00  0.000   6.74
 A850       2.8593 0.18516   2.594 0.0000E+00  0.000   2.59
 A600       2.8606 0.17336   1.081 0.0000E+00  0.000   1.08
 A763       2.8617 0.11463   2.378 0.0000E+00  0.000   2.38
 A881       2.8643 0.14947   6.106 0.0000E+00  0.000   6.11
 A984       2.8651 0.07431   1.932 0.0000E+00  0.000   1.93
 A400       2.8676 0.57003   4.974 0.0000E+00  0.000   4.97
 A912       2.8679 0.02024   8.860 0.0000E+00  0.000   8.86
 A483       2.8688 0.20715   4.852 0.0000E+00  0.000   4.85
 A320       2.8709 0.03841   8.839 0.0000E+00  0.000   8.84
 A177       2.8717 0.07819   4.468 0.0000E+00  0.000   4.47
 A612       2.8792 0.06489   9.388 0.0000E+00  0.000   9.39
 A540       2.8828 0.06732   7.029 0.0000E+00  0.000   7.03
 A330       2.8848 0.08499   9.229 0.0000E+00  0.000   9.23
 A754       2.8853 0.07601   3.890 0.0000E+00  0.000   3.89
 A382       2.8869 0.12910   2.300 0.0000E+00  0.000   2.30
 A794       2.8899 0.05690   9.310 0.0000E+00  0.000   9.31
 A737       2.8903 0.06883   3.353 0.0000E+00  0.000   3.35
 A669       2.8953 0.19534   1.313 0.0000E+00  0.000   1.31
 A679       2.8995 0.04260   5.796 0.0000E+00  0.000   5.80
 A727       2.9049 0.17590   4.005 0.0000E+00  0.000   4.01
 A885       2.9067 0.03835   6.642 0.0000E+00  0.000   6.64
 A333       2.9086 0.08152   9.049 0.0000E+00  0.000   9.05
 A830       2.9111 0.02278   1.830 0.0000E+00  0.000   1.83
 A785       2.9226 0.03205   3.609 0.0000E+00  0.000   3.61
 A478       2.9235 0.08573   3.754 0.0000E+00  0.000   3.75
 A484       2.9256 0.12979   4.828 0.0000E+00  0.000   4.83
 A359       2.9258 0.17054   8.272 0.0000E+00  0.000   8.27
 A659       2.9354 0.12038   4.435 0.0000E+00  0.000   4.43
 A77        2.9368 0.05781   7.785 0.0000E+00  0.000   7.79
 A193       2.9385 0.05781   4.686 0.0000E+00  0.000   4.69
 A143       2.9475 0.10659   6.323 0.0000E+00  0.000   6.32
 A49        2.9476 0.08738   5.432 0.0000E+00  0.000   5.43
 A788       2.9507 0.06887   4.978 0.0000E+00  0.000   4.98
 A347       2.9573 0.03929   3.899 0.0000E+00  0.000   3.90
 A8         2.9577 0.13121   7.617 0.0000E+00  0.000   7.62
 A931       2.9650 0.16742   3.097 0.0000E+00  0.000   3.10
 A459       2.9655 0.10198   2.304 0.0000E+00  0.000   2.30
 A176       2.9670 0.13647   7.883 0.0000E+00  0.000   7.88
 A869       2.9690 0.12217   9.788 0.0000E+00  0.000   9.79
 A21        2.9696 0.04277   3.762 0.0000E+00  0.000   3.76
 A59        2.9729 0.20129   6.347 0.0000E+00  0.000   6.35
 A986       2.9792 0.08638   4.132 0.0000E+00  0.000   4.13
 A118       2.9838 0.04197  10.368 0.0000E+00  0.000  10.37
 A501       2.9839 0.13373   1.853 0.0000E+00  0.000   1.85
 A720       2.9868 0.07124   4.089 0.0000E+00  0.000   4.09
 A408       2.9976 0.08457   3.467 0.0000E+00  0.000   3.47
 A182       2.9976 0.12019  10.117 0.0000E+00  0.000  10.12
 A115       2.9986 0.06699   0.578 0.0000E+00  0.000   0.58
 A462       3.0031 0.10459   2.312 0.0000E+00  0.000   2.31
 A410       3.0039 0.05364   2.277 0.0000E+00  0.000   2.28
 A23        3.0177 0.09451   1.898 0.0000E+00  0.000   1.90
 A235       3.0183 0.07649   9.788 0.0000E+00  0.000   9.79
 A464       3.0195 0.02992   1.907 0.0000E+00  0.000   1.91
 A282       3.0231 0.06543   1.798 0.0000E+00  0.000   1.80
 A527       3.0251 0.15327   3.403 0.0000E+00  0.000   3.40
 A897       3.0313 0.08786  10.536 0.0000E+00  0.000  10.54
 A640       3.0344 0.12535   3.487 0.0000E+00  0.000   3.49
 A883       3.0358 0.08444   7.962 0.0000E+00  0.000   7.96
 A590       3.0364 0.13663   4.152 0.0000E+00  0.000   4.15
 A64        3.0387 0.45398  15.586 0.0000E+00  0.000  15.59
 A240       3.0428 0.08163   6.023 0.0000E+00  0.000   6.02
 A1         3.0449 0.10388   1.710 0.0000E+00  0.000   1.71
 A646       3.0514 0.06157   3.327 0.0000E+00  0.000   3.33
 A385       3.0517 0.08202   1.665 0.0000E+00  0.000   1.67
 A804       3.0607 0.14223   4.951 0.0000E+00  0.000   4.95
 A397       3.0629 0.08220   2.512 0.0000E+00  0.000   2.51
 A712       3.0673 0.10272   5.898 0.0000E+00  0.000   5.90
 A54        3.0693 0.02668   1.964 0.0000E+00  0.000   1.96
 A539       3.0713 0.09858   3.115 0.0000E+00  0.000   3.11
 A550       3.0723 0.11050   6.866 0.0000E+00  0.000   6.87
 A123       3.0771 0.14071   5.119 0.0000E+00  0.000   5.12
 A76        3.0776 0.14236   6.472 0.0000E+00  0.000   6.47
 A252       3.0791 0.12897   1.028 0.0000E+00  0.000   1.03
 A416       3.0812 0.13821   5.993 0.0000E+00  0.000   5.99
 A248       3.0814 0.05566   6.702 0.0000E+00  0.000   6.70
 A692       3.0827 0.13077   5.392 0.0000E+00  0.000   5.39
 A722       3.0834 0.17553  10.262 0.0000E+00  0.000  10.26
 A420       3.0862 0.06111   2.980 0.0000E+00  0.000   2.98
 A566       3.0904 0.00852   9.212 0.0000E+00  0.000   9.21
 A689       3.0944 0.02419   3.512 0.0000E+00  0.000   3.51
 A106       3.1020 0.06054   5.056 0.0000E+00  0.000   5.06
 A68        3.1085 0.11699   7.053 0.0000E+00  0.000   7.05
 A893       3.1092 0.13021   4.886 0.0000E+00  0.000   4.89
 A456       3.1111 0.04756   3.353 0.0000E+00  0.000   3.35
 A391       3.1116 0.20776   4.285 0.0000E+00  0.000   4.28
 A71        3.1136 0.09660   3.093 0.0000E+00  0.000   3.09
 A996       3.1138 0.14980   3.496 0.0000E+00  0.000   3.50
 A218       3.1184 0.03776   5.692 0.0000E+00  0.000   5.69
 A247       3.1195 0.11380   2.818 0.0000E+00  0.000   2.82
 A194       3.1248 0.15109   9.268 0.0000E+00  0.000   9.27
 A335       3.1257 0.10077   7.821 0.0000E+00  0.000   7.82
 A250       3.1260 0.10106   2.439 0.0000E+00  0.000   2.44
 A78        3.1343 0.05487   8.821 0.0000E+00  0.000   8.82
 A653       3.1350 0.10081   9.224 0.0000E+00  0.000   9.22
 A16        3.1356 0.15976   4.961 0.0000E+00  0.000   4.96
 A133       3.1395 0.03670   7.582 0.0000E+00  0.000   7.58
 A589       3.1467 0.05341   7.054 0.0000E+00  0.000   7.05
 A244       3.1480 0.07482   6.866 0.0000E+00  0.000   6.87
 A674       3.1517 0.11026   6.042 0.0000E+00  0.000   6.04
 A103       3.1544 0.10798   3.327 0.0000E+00  0.000   3.33
 A279       3.1561 0.05193   8.802 0.0000E+00  0.000   8.80
 A819       3.1596 0.07877   1.407 0.0000E+00  0.000   1.41
 A711       3.1665 0.11595   6.923 0.0000E+00  0.000   6.92
 A766       3.1685 0.04357   9.238 0.0000E+00  0.000   9.24
 A877       3.1723 0.13162   8.475 0.0000E+00  0.000   8.47
 A40        3.1726 0.14186   9.865 0.0000E+00  0.000   9.86
 A949       3.1742 0.01962   4.722 0.0000E+00  0.000   4.72
 A546       3.1748 0.06777   4.517 0.0000E+00  0.000   4.52
 A592       3.1754 0.01353   2.871 0.0000E+00  0.000   2.87
 A401       3.1764 0.03034   6.494 0.0000E+00  0.000   6.49
 A305       3.1780 0.10394   9.284 0.0000E+00  0.000   9.28
 A959       3.1826 0.04963   2.789 0.0000E+00  0.000   2.79
 A898       3.1903 0.05664   4.775 0.0000E+00  0.000   4.77
 A480       3.1930 0.07352   4.424 0.0000E+00  0.000   4.42
 A707       3.1945 0.06998   1.684 0.0000E+00  0.000   1.68
 A834       3.1966 0.05689   1.890 0.0000E+00  0.000   1.89
 A195       3.1992 0.06106  10.388 0.0000E+00  0.000  10.39
 A716       3.1998 0.12389   4.907 0.0000E+00  0.000   4.91
 A572       3.2074 0.13733   3.510 0.0000E+00  0.000   3.51
 A657       3.2107 0.12329   3.743 0.0000E+00  0.000   3.74
 A326       3.2113 0.09275   1.780 0.0000E+00  0.000   1.78
 A822       3.2132 0.26600   0.565 0.0000E+00  0.000   0.57
 A60        3.2144 0.08100   6.494 0.0000E+00  0.000   6.49
 A825       3.2155 0.12806   8.136 0.0000E+00  0.000   8.14
 A930       3.2160 0.17054   6.584 0.0000E+00  0.000   6.58
 A350       3.2166 0.23014   7.518 0.0000E+00  0.000   7.52
 A563       3.2232 0.02128   0.511 0.0000E+00  0.000   0.51
 A626       3.2283 0.06258   3.969 0.0000E+00  0.000   3.97
 A676       3.2285 0.10911   2.709 0.0000E+00  0.000   2.71
 A551       3.2303 0.11472   7.496 0.0000E+00  0.000   7.50
 A910       3.2305 0.12122   6.234 0.0000E+00  0.000   6.23
 A832       3.2344 0.07671   6.975 0.0000E+00  0.000   6.97
 A700       3.2396 0.10095   3.095 0.0000E+00  0.000   3.09
 A404       3.2432 0.13205   1.962 0.0000E+00  0.000   1.96
 A298       3.2452 0.11148   3.325 0.0000E+00  0.000   3.32
 A261       3.2484 0.10450   4.837 0.0000E+00  0.000   4.84
 A606       3.2527 0.18778  15.254 0.0000E+00  0.000  15.25
 A948       3.2708 0.04858   2.354 0.0000E+00  0.000   2.35
 A490       3.2811 0.11446  17.002 0.0000E+00  0.000  17.00
 A164       3.2823 0.11398  16.987 0.0000E+00  0.000  16.99
 A644       3.2964 0.17063  12.117 0.0000E+00  0.000  12.12
 A954       3.3138 0.13428  13.099 0.0000E+00  0.000  13.10
 A779       3.3189 0.14243  24.379 0.0000E+00  0.000  24.38
 A363       3.3276 0.08454   4.968 0.0000E+00  0.000   4.97
 A81        3.3347 0.44528  10.119 0.0000E+00  0.000  10.12
 A684       3.3351 0.08930   2.743 0.0000E+00  0.000   2.74
 A209       3.3358 0.03882   4.374 0.0000E+00  0.000   4.37
 A808       3.3369 0.06631   1.700 0.0000E+00  0.000   1.70
 A680       3.3409 0.01964   6.397 0.0000E+00  0.000   6.40
 A937       3.3412 0.32145  20.763 0.0000E+00  0.000  20.76
 A759       3.3425 0.08357   3.353 0.0000E+00  0.000   3.35
 A231       3.3443 0.12133   8.929 0.0000E+00  0.000   8.93
 A357       3.3460 0.10300   7.381 0.0000E+00  0.000   7.38
 A520       3.3486 0.14504   6.810 0.0000E+00  0.000   6.81
 A781       3.3491 0.18832   6.229 0.0000E+00  0.000   6.23
 A929       3.3532 0.03940   2.360 0.0000E+00  0.000   2.36
 A643       3.3537 0.03375   5.118 0.0000E+00  0.000   5.12
 A91        3.3604 0.45754   5.618 0.0000E+00  0.000   5.62
 A271       3.3643 0.06295   9.360 0.0000E+00  0.000   9.36
 A616       3.3677 0.00279   0.418 0.0000E+00  0.000   0.42
 A598       3.3701 0.04266   5.448 0.0000E+00  0.000   5.45
 A131       3.3717 0.11580   4.505 0.0000E+00  0.000   4.51
 A524       3.3724 0.11409   3.121 0.0000E+00  0.000   3.12
 A805       3.3746 0.11661   6.768 0.0000E+00  0.000   6.77
 A376       3.3756 0.06219   0.312 0.0000E+00  0.000   0.31
 A621       3.3766 0.12517   0.403 0.0000E+00  0.000   0.40
 A262       3.3790 0.17333   3.412 0.0000E+00  0.000   3.41
 A137       3.3808 0.07639   6.772 0.0000E+00  0.000   6.77
 A370       3.3810 0.21181   3.029 0.0000E+00  0.000   3.03
 A542       3.3834 0.10563   6.102 0.0000E+00  0.000   6.10
 A997       3.3844 0.08060   7.819 0.0000E+00  0.000   7.82
 A128       3.3861 0.02344   2.974 0.0000E+00  0.000   2.97
 A66        3.3865 0.05212   5.038 0.0000E+00  0.000   5.04
 A53        3.3887 0.12532   3.789 0.0000E+00  0.000   3.79
 A914       3.3918 0.10696   9.451 0.0000E+00  0.000   9.45
 A568       3.3924 0.18297   2.841 0.0000E+00  0.000   2.84
 A160       3.3969 0.08778   3.838 0.0000E+00  0.000   3.84
 A597       3.4021 0.06204   1.495 0.0000E+00  0.000   1.50
 A573       3.4047 0.06620   2.572 0.0000E+00  0.000   2.57
 A458       3.4092 0.11347   2.752 0.0000E+00  0.000   2.75
 A741       3.4098 0.09984   9.915 0.0000E+00  0.000   9.91
 A778       3.4120 0.11192   6.113 0.0000E+00  0.000   6.11
 A813       3.4138 0.03582   9.485 0.0000E+00  0.000   9.48
 A154       3.4158 0.10220   3.445 0.0000E+00  0.000   3.45
 A697       3.4183 0.04621   7.562 0.0000E+00  0.000   7.56
 A166       3.4266 0.13460   1.929 0.0000E+00  0.000   1.93
 A569       3.4299 0.14884   7.637 0.0000E+00  0.000   7.64
 A57        3.4353 0.06931   6.696 0.0000E+00  0.000   6.70
 A460       3.4393 0.16495   1.904 0.0000E+00  0.000   1.90
 A27        3.4458 0.05581   9.575 0.0000E+00  0.000   9.58
 A463       3.4470 0.16323   6.912 0.0000E+00  0.000   6.91
 A558       3.4472 0.08677   3.208 0.0000E+00  0.000   3.21
 A708       3.4500 0.15395   6.256 0.0000E+00  0.000   6.26
 A322       3.4539 0.06370   5.986 0.0000E+00  0.000   5.99
 A523       3.4583 0.02625   1.935 0.0000E+00  0.000   1.94
 A88        3.4595 0.20149   1.606 0.0000E+00  0.000   1.61
 A873       3.4628 0.15379   6.030 0.0000E+00  0.000   6.03
 A970       3.4694 0.07176   1.354 0.0000E+00  0.000   1.35
 A75        3.4706 0.02726   8.816 0.0000E+00  0.000   8.82
 A502       3.4770 0.08575   3.071 0.0000E+00  0.000   3.07
 A3         3.4803 0.06097   9.302 0.0000E+00  0.000   9.30
 A645       3.4813 0.13651   9.832 0.0000E+00  0.000   9.83
 A260       3.4842 0.13153   1.172 0.0000E+00  0.000   1.17
 A623       3.4876 0.16079   4.715 0.0000E+00  0.000   4.72
 A981       3.4885 0.13614   7.249 0.0000E+00  0.000   7.25
 A452       3.4908 0.04220   4.322 0.0000E+00  0.000   4.32
 A415       3.5024 0.07215   4.707 0.0000E+00  0.000   4.71
 A56        3.5065 0.20865   7.240 0.0000E+00  0.000   7.24
 A110       3.5097 0.03067   1.517 0.0000E+00  0.000   1.52
 A789       3.5125 0.02005   4.040 0.0000E+00  0.000   4.04
 A663       3.5184 0.23158   3.546 0.0000E+00  0.000   3.55
 A906       3.5265 0.17128   5.447 0.0000E+00  0.000   5.45
 A945       3.5297 0.12832   5.848 0.0000E+00  0.000   5.85
 A531       3.5452 0.13566   1.828 0.0000E+00  0.000   1.83
 A987       3.5476 0.09238   8.581 0.0000E+00  0.000   8.58
 A245       3.5477 0.06930   4.858 0.0000E+00  0.000   4.86
 A882       3.5507 0.14384   6.140 0.0000E+00  0.000   6.14
 A433       3.5509 0.11914   1.268 0.0000E+00  0.000   1.27
 A829       3.5535 0.13476   5.268 0.0000E+00  0.000   5.27
 A453       3.5595 0.05136   4.075 0.0000E+00  0.000   4.08
 A274       3.5614 0.05913   1.251 0.0000E+00  0.000   1.25
 A108       3.5702 0.19453   7.095 0.0000E+00  0.000   7.09
 A561       3.6086 0.03629   6.692 0.0000E+00  0.000   6.69
 A220       3.6105 0.01786   2.623 0.0000E+00  0.000   2.62
 A318       3.6109 0.04413   5.730 0.0000E+00  0.000   5.73
 A580       3.6209 0.17984   4.591 0.0000E+00  0.000   4.59
 A932       3.6225 0.05639   4.392 0.0000E+00  0.000   4.39
 A417       3.6253 0.03052   8.072 0.0000E+00  0.000   8.07
 A955       3.6314 0.03478   4.109 0.0000E+00  0.000   4.11
 A500       3.6321 0.16106   7.449 0.0000E+00  0.000   7.45
 A435       3.6331 0.13792   5.102 0.0000E+00  0.000   5.10
 A894       3.6335 0.03133   8.570 0.0000E+00  0.000   8.57
 A219       3.6390 0.12413   7.256 0.0000E+00  0.000   7.26
 A402       3.6414 0.01113   1.874 0.0000E+00  0.000   1.87
 A124       3.6455 0.09116   3.126 0.0000E+00  0.000   3.13
 A52        3.6468 0.03120   4.785 0.0000E+00  0.000   4.78
 A434       3.6478 0.06849   3.530 0.0000E+00  0.000   3.53
 A46        3.6484 0.14240   7.829 0.0000E+00  0.000   7.83
 A291       3.6604 0.11421   9.178 0.0000E+00  0.000   9.18
 A927       3.6613 0.11696   2.070 0.0000E+00  0.000   2.07
 A148       3.6813 0.11620  10.989 0.0000E+00  0.000  10.99
 A786       3.6860 0.11266  12.185 0.0000E+00  0.000  12.18
 A242       3.7621 0.03778   9.796 0.0000E+00  0.000   9.80
 A622       3.7672 0.08537   1.754 0.0000E+00  0.000   1.75
 A383       3.7714 0.02511   1.371 0.0000E+00  0.000   1.37
 A183       3.7816 0.06541   4.911 0.0000E+00  0.000   4.91
 A863       3.8363 0.08470   1.459 0.0000E+00  0.000   1.46
 A904       3.8505 0.17477   1.091 0.0000E+00  0.000   1.09
 A723       3.8885 0.00516   2.268 0.0000E+00  0.000   2.27
 A913       3.9148 0.30523   2.173 0.0000E+00  0.000   2.17
 A614       3.9171 0.02677   3.460 0.0000E+00  0.000   3.46
 A180       3.9218 0.10441   6.975 0.0000E+00  0.000   6.98
 A761       3.9244 0.24077   2.519 0.0000E+00  0.000   2.52
 A125       3.9247 0.18403   2.933 0.0000E+00  0.000   2.93
 A30        3.9332 0.19687   4.136 0.0000E+00  0.000   4.14
 A198       3.9413 0.11903   1.943 0.0000E+00  0.000   1.94
 A810       3.9513 0.12024   6.224 0.0000E+00  0.000   6.22
 A479       3.9514 0.11669   2.564 0.0000E+00  0.000   2.56
 A5         3.9527 0.19037   9.321 0.0000E+00  0.000   9.32
 A212       3.9553 0.10441   8.775 0.0000E+00  0.000   8.78
 A392       3.9609 0.21793   4.694 0.0000E+00  0.000   4.69
 A783       3.9621 0.10590   9.775 0.0000E+00  0.000   9.78
 A719       4.0023 0.26119   5.425 0.0000E+00  0.000   5.43
 A230       4.0296 0.12295   1.797 0.0000E+00  0.000   1.80
 A514       4.1160 0.09593   1.791 0.0000E+00  0.000   1.79
 A12        4.7595 0.64734  35.317 0.0000E+00  0.000  35.32
 A874       4.9277 0.17978  30.737 0.0000E+00  0.000  30.74
 JUPITER    5.2007 0.06916   1.234 9.5479E-04  0.000   1.23
 A578       5.2590 0.29283 121.480 0.0000E+00  0.000 121.48
 A814       5.9046 0.31560  44.083 0.0000E+00  0.000  44.08
 A985       8.6875 0.33911  27.673 0.0000E+00  0.000  27.67
 SATURN     9.5085 0.12588   1.600 2.8589E-04  0.000   1.60
 A972      16.3057 0.20002  11.692 0.0000E+00  0.000  11.69
 A309      16.3589 0.57595  16.490 0.0000E+00  0.000  16.49
 A537      17.2608 0.38079  17.071 0.0000E+00  0.000  17.07
 A389      19.4457 0.48220  16.591 0.0000E+00  0.000  16.59
 A767      21.6443 0.49971   6.266 0.0000E+00  0.000   6.27
 A200      22.7817 0.38615   9.907 0.0000E+00  0.000   9.91
 A543      27.6502 0.68371   6.737 0.0000E+00  0.000   6.74
 A73       36.3634 0.80511  35.961 0.0000E+00  0.000  35.96
 A870      50.7486 0.77735   7.574 0.0000E+00  0.000   7.57
