 EARTHMOO   1.0000 0.07400   1.740 9.1213E-06  0.000   1.74
 A107       1.0620 0.16697  42.601 0.0000E+00  0.000  42.60
 A267       1.3483 0.53278  13.280 0.0000E+00  0.000  13.28
 A328       1.4169 0.26081  23.895 0.0000E+00  0.000  23.89
 A342       1.4747 0.41569   2.783 0.0000E+00  0.000   2.78
 A430       1.4999 0.06226   1.763 0.0000E+00  0.000   1.76
 A900       1.5009 0.12652   4.545 0.0000E+00  0.000   4.54
 A591       1.5052 0.02667   7.391 0.0000E+00  0.000   7.39
 A534       1.5118 0.07294   8.589 0.0000E+00  0.000   8.59
 A288       1.5168 0.04873   3.738 0.0000E+00  0.000   3.74
 A926       1.5207 0.07567   4.194 0.0000E+00  0.000   4.19
 A79        1.5213 0.05593   8.462 0.0000E+00  0.000   8.46
 A83        1.5226 0.03607   4.720 0.0000E+00  0.000   4.72
 A487       1.5244 0.11689   6.023 0.0000E+00  0.000   6.02
 A729       1.5279 0.02342   5.275 0.0000E+00  0.000   5.27
 A51        1.5322 0.00639   5.104 0.0000E+00  0.000   5.10
 A277       1.5342 0.06795   7.516 0.0000E+00  0.000   7.52
 A820       1.5419 0.62717  25.922 0.0000E+00  0.000  25.92
 A41        1.5455 0.13299   5.277 0.0000E+00  0.000   5.28
 A950       1.5455 0.05952   3.629 0.0000E+00  0.000   3.63
 A771       1.5459 0.09311   9.146 0.0000E+00  0.000   9.15
 A816       1.5484 0.05149   6.298 0.0000E+00  0.000   6.30
 A44        1.5506 0.01895   7.318 0.0000E+00  0.000   7.32
 A421       1.5531 0.00539   5.235 0.0000E+00  0.000   5.24
 A498       1.5538 0.02478   2.135 0.0000E+00  0.000   2.14
 A687       1.5543 0.09266   4.072 0.0000E+00  0.000   4.07
 A532       1.5575 0.04628   9.056 0.0000E+00  0.000   9.06
 A395       1.5586 0.07997   2.424 0.0000E+00  0.000   2.42
 A178       1.5621 0.01293   2.038 0.0000E+00  0.000   2.04
 A536       1.5625 0.10475   1.544 0.0000E+00  0.000   1.54
 A973       1.5677 0.03467   6.706 0.0000E+00  0.000   6.71
 A862       1.5718 0.05574   4.306 0.0000E+00  0.000   4.31
 A901       1.5744 0.06312   9.090 0.0000E+00  0.000   9.09
 A485       1.5751 0.11908   5.047 0.0000E+00  0.000   5.05
 A406       1.5768 0.07676   8.334 0.0000E+00  0.000   8.33
 A978       1.5770 0.05628  10.365 0.0000E+00  0.000  10.37
 A857       1.5783 0.06157   3.742 0.0000E+00  0.000   3.74
 A290       1.5801 0.06990   5.864 0.0000E+00  0.000   5.86
 A85        1.5848 0.09103   5.661 0.0000E+00  0.000   5.66
 A673       1.5916 0.11525   7.234 0.0000E+00  0.000   7.23
 A541       1.5917 0.08086  10.723 0.0000E+00  0.000  10.72
 A510       1.5935 0.01356   8.875 0.0000E+00  0.000   8.87
 A225       1.5949 0.01169  10.473 0.0000E+00  0.000  10.47
 A625       1.6002 0.10961   2.521 0.0000E+00  0.000   2.52
 A634       1.6028 0.02491   9.591 0.0000E+00  0.000   9.59
 A142       1.6053 0.05360   5.186 0.0000E+00  0.000   5.19
 A47        1.6055 0.05213   3.858 0.0000E+00  0.000   3.86
 A903       1.6105 0.06605   4.857 0.0000E+00  0.000   4.86
 A116       1.6125 0.03418   5.134 0.0000E+00  0.000   5.13
 A792       1.6197 0.09207  10.304 0.0000E+00  0.000  10.30
 A497       1.6216 0.08822   8.855 0.0000E+00  0.000   8.86
 A746       1.6285 0.03815   5.250 0.0000E+00  0.000   5.25
 A405       1.6294 0.10196   9.261 0.0000E+00  0.000   9.26
 A34        1.6346 0.10521   7.573 0.0000E+00  0.000   7.57
 A427       1.6364 0.02268   4.453 0.0000E+00  0.000   4.45
 A341       1.6367 0.07997  10.776 0.0000E+00  0.000  10.78
 A95        1.6377 0.08626   9.201 0.0000E+00  0.000   9.20
 A841       1.6397 0.11613   9.232 0.0000E+00  0.000   9.23
 A602       1.6420 0.05838   5.310 0.0000E+00  0.000   5.31
 A380       1.6438 0.11615   1.696 0.0000E+00  0.000   1.70
 A517       1.6446 0.08151   9.981 0.0000E+00  0.000   9.98
 A14        1.6449 0.05717   1.598 0.0000E+00  0.000   1.60
 A297       1.6475 0.06537   8.083 0.0000E+00  0.000   8.08
 A751       1.6506 0.04844  10.882 0.0000E+00  0.000  10.88
 A556       1.6512 0.02599   4.711 0.0000E+00  0.000   4.71
 A447       1.6514 0.06914   5.129 0.0000E+00  0.000   5.13
 A62        1.6523 0.02020   9.936 0.0000E+00  0.000   9.94
 A315       1.6529 0.05305   5.746 0.0000E+00  0.000   5.75
 A880       1.6552 0.04911   5.452 0.0000E+00  0.000   5.45
 A362       1.6575 0.02713   2.461 0.0000E+00  0.000   2.46
 A878       1.6580 0.00898  11.501 0.0000E+00  0.000  11.50
 A639       1.6583 0.04463   1.564 0.0000E+00  0.000   1.56
 A84        1.6596 0.04964   7.255 0.0000E+00  0.000   7.25
 A703       1.6602 0.06079   4.004 0.0000E+00  0.000   4.00
 A351       1.6603 0.12524   5.361 0.0000E+00  0.000   5.36
 A615       1.6622 0.06701   3.689 0.0000E+00  0.000   3.69
 A145       1.6704 0.03224   4.773 0.0000E+00  0.000   4.77
 A852       1.6734 0.06653   8.637 0.0000E+00  0.000   8.64
 A343       1.6799 0.02144  12.691 0.0000E+00  0.000  12.69
 A488       1.6820 0.10384   3.095 0.0000E+00  0.000   3.09
 A399       1.6834 0.09932   6.183 0.0000E+00  0.000   6.18
 A216       1.6849 0.11578   4.866 0.0000E+00  0.000   4.87
 A189       1.6889 0.01517  11.986 0.0000E+00  0.000  11.99
 A618       1.6916 0.06711   6.245 0.0000E+00  0.000   6.24
 A306       1.6942 0.01832   5.751 0.0000E+00  0.000   5.75
 A721       1.6964 0.05549  10.165 0.0000E+00  0.000  10.16
 A636       1.6980 0.06167   5.068 0.0000E+00  0.000   5.07
 A731       1.7064 0.05685   0.248 0.0000E+00  0.000   0.25
 A448       1.7121 0.06321   1.665 0.0000E+00  0.000   1.66
 A358       1.7126 0.06468   3.274 0.0000E+00  0.000   3.27
 A554       1.7187 0.07546   7.005 0.0000E+00  0.000   7.01
 A17        1.7215 0.07094   6.188 0.0000E+00  0.000   6.19
 A283       1.7246 0.05275   6.016 0.0000E+00  0.000   6.02
 A18        1.7251 0.01721   1.897 0.0000E+00  0.000   1.90
 A980       1.7266 0.02911   5.824 0.0000E+00  0.000   5.82
 A515       1.7273 0.01524   2.048 0.0000E+00  0.000   2.05
 A944       1.7308 0.03343   5.151 0.0000E+00  0.000   5.15
 A866       1.7366 0.05436   6.361 0.0000E+00  0.000   6.36
 A603       1.7415 0.04148   2.445 0.0000E+00  0.000   2.45
 A581       1.7440 0.03642   9.293 0.0000E+00  0.000   9.29
 A671       1.7443 0.05736   6.285 0.0000E+00  0.000   6.29
 A119       1.7451 0.04616   6.155 0.0000E+00  0.000   6.15
 A961       1.7471 0.08089   2.909 0.0000E+00  0.000   2.91
 A575       1.7476 0.11569   5.378 0.0000E+00  0.000   5.38
 A969       1.7495 0.06286   4.988 0.0000E+00  0.000   4.99
 A738       1.7517 0.03490   4.972 0.0000E+00  0.000   4.97
 A668       1.7537 0.04686  12.884 0.0000E+00  0.000  12.88
 A289       1.7608 0.14157   7.659 0.0000E+00  0.000   7.66
 A559       1.7617 0.01575   8.109 0.0000E+00  0.000   8.11
 A732       1.7638 0.06221  10.033 0.0000E+00  0.000  10.03
 A798       1.7645 0.04870   7.335 0.0000E+00  0.000   7.33
 A519       1.7663 0.03775  12.061 0.0000E+00  0.000  12.06
 A755       1.7668 0.10249   5.678 0.0000E+00  0.000   5.68
 A38        1.7678 0.09317   7.990 0.0000E+00  0.000   7.99
 A63        1.7689 0.03046  10.296 0.0000E+00  0.000  10.30
 A835       1.7693 0.05678   3.552 0.0000E+00  0.000   3.55
 A740       1.7694 0.08124   1.909 0.0000E+00  0.000   1.91
 A560       1.7724 0.08452   8.180 0.0000E+00  0.000   8.18
 A140       1.7785 0.14549   5.190 0.0000E+00  0.000   5.19
 A150       1.7834 0.15636   6.439 0.0000E+00  0.000   6.44
 A188       1.7859 0.03093   5.582 0.0000E+00  0.000   5.58
 A381       1.7935 0.12134   5.192 0.0000E+00  0.000   5.19
 A412       1.7988 0.06304   4.898 0.0000E+00  0.000   4.90
 A396       1.8001 0.10208   2.174 0.0000E+00  0.000   2.17
 A24        1.8018 0.06994  11.422 0.0000E+00  0.000  11.42
 A505       1.8019 0.10795   9.812 0.0000E+00  0.000   9.81
 A962       1.8036 0.07625   6.963 0.0000E+00  0.000   6.96
 A130       1.8036 0.04146   7.617 0.0000E+00  0.000   7.62
 A511       1.8040 0.06264   0.293 0.0000E+00  0.000   0.29
 A470       1.8052 0.03779   6.723 0.0000E+00  0.000   6.72
 A348       1.8052 0.08142  13.027 0.0000E+00  0.000  13.03
 A627       1.8056 0.07449   9.796 0.0000E+00  0.000   9.80
 A482       1.8147 0.06196  14.021 0.0000E+00  0.000  14.02
 A121       1.8171 0.02735   9.351 0.0000E+00  0.000   9.35
 A201       1.8183 0.06250  10.881 0.0000E+00  0.000  10.88
 A585       1.8184 0.09819   3.341 0.0000E+00  0.000   3.34
 A122       1.8200 0.07720  12.929 0.0000E+00  0.000  12.93
 A724       1.8203 0.06066   9.181 0.0000E+00  0.000   9.18
 A899       1.8207 0.05206   7.893 0.0000E+00  0.000   7.89
 A136       1.8211 0.06525   6.813 0.0000E+00  0.000   6.81
 A58        1.8212 0.12963   9.807 0.0000E+00  0.000   9.81
 A299       1.8222 0.08300   8.890 0.0000E+00  0.000   8.89
 A7         1.8232 0.07536   8.839 0.0000E+00  0.000   8.84
 A301       1.8257 0.06068   3.254 0.0000E+00  0.000   3.25
 A512       1.8265 0.05714  11.965 0.0000E+00  0.000  11.97
 A99        1.8273 0.09477   8.363 0.0000E+00  0.000   8.36
 A74        1.8284 0.03623   8.958 0.0000E+00  0.000   8.96
 A807       1.8300 0.07062   9.840 0.0000E+00  0.000   9.84
 A702       1.8310 0.09384   3.123 0.0000E+00  0.000   3.12
 A207       1.8310 0.00491   8.464 0.0000E+00  0.000   8.46
 A205       1.8354 0.05473   2.850 0.0000E+00  0.000   2.85
 A725       1.8365 0.06838   2.062 0.0000E+00  0.000   2.06
 A324       1.8371 0.10784  12.057 0.0000E+00  0.000  12.06
 A827       1.8373 0.03965  11.270 0.0000E+00  0.000  11.27
 A161       1.8381 0.03533   8.826 0.0000E+00  0.000   8.83
 A281       1.8401 0.13546  10.018 0.0000E+00  0.000  10.02
 A29        1.8411 0.09719   8.136 0.0000E+00  0.000   8.14
 A780       1.8430 0.11136   3.129 0.0000E+00  0.000   3.13
 A268       1.8441 0.06309   4.904 0.0000E+00  0.000   4.90
 A567       1.8531 0.14499   8.813 0.0000E+00  0.000   8.81
 A765       1.8549 0.07675   5.895 0.0000E+00  0.000   5.89
 A728       1.8556 0.09996   8.842 0.0000E+00  0.000   8.84
 A855       1.8561 0.12807  15.715 0.0000E+00  0.000  15.72
 A768       1.8590 0.05904   3.743 0.0000E+00  0.000   3.74
 A477       1.8602 0.05914   6.224 0.0000E+00  0.000   6.22
 A132       1.8615 0.09238   4.913 0.0000E+00  0.000   4.91
 A181       1.8617 0.08384  11.133 0.0000E+00  0.000  11.13
 A407       1.8634 0.03040   7.026 0.0000E+00  0.000   7.03
 A270       1.8638 0.09375   9.950 0.0000E+00  0.000   9.95
 A344       1.8683 0.11936  16.507 0.0000E+00  0.000  16.51
 A50        1.8699 0.08557   4.107 0.0000E+00  0.000   4.11
 A864       1.8720 0.03220  13.026 0.0000E+00  0.000  13.03
 A126       1.8724 0.08466   1.701 0.0000E+00  0.000   1.70
 A346       1.8773 0.03778  15.545 0.0000E+00  0.000  15.54
 A263       1.8779 0.03814   9.176 0.0000E+00  0.000   9.18
 A628       1.8790 0.03522  11.027 0.0000E+00  0.000  11.03
 A992       1.8797 0.03335  13.028 0.0000E+00  0.000  13.03
 A246       1.8805 0.12772   9.857 0.0000E+00  0.000   9.86
 A33        1.8820 0.06669   5.381 0.0000E+00  0.000   5.38
 A935       1.8839 0.02091   4.697 0.0000E+00  0.000   4.70
 A846       1.8847 0.16672   8.523 0.0000E+00  0.000   8.52
 A665       1.8928 0.08409   4.996 0.0000E+00  0.000   5.00
 A583       1.8960 0.03791  17.240 0.0000E+00  0.000  17.24
 A413       1.8963 0.05716  16.048 0.0000E+00  0.000  16.05
 A428       1.8975 0.09183  11.962 0.0000E+00  0.000  11.96
 A255       1.8979 0.12574  15.690 0.0000E+00  0.000  15.69
 A889       1.9053 0.14216  11.503 0.0000E+00  0.000  11.50
 A611       1.9080 0.01321  10.640 0.0000E+00  0.000  10.64
 A495       1.9088 0.09967  20.795 0.0000E+00  0.000  20.80
 A86        1.9089 0.16695  11.150 0.0000E+00  0.000  11.15
 A994       1.9263 0.06338  15.732 0.0000E+00  0.000  15.73
 A769       1.9264 0.13393  14.643 0.0000E+00  0.000  14.64
 A843       1.9265 0.05741  16.030 0.0000E+00  0.000  16.03
 A995       1.9285 0.01636  13.565 0.0000E+00  0.000  13.56
 A98        1.9297 0.23011  24.206 0.0000E+00  0.000  24.21
 A144       1.9316 0.09339   7.920 0.0000E+00  0.000   7.92
 A187       1.9319 0.07267   9.011 0.0000E+00  0.000   9.01
 A801       1.9325 0.12310   9.945 0.0000E+00  0.000   9.95
 A311       1.9366 0.18994  12.190 0.0000E+00  0.000  12.19
 A223       1.9372 0.10946  23.009 0.0000E+00  0.000  23.01
 A371       1.9379 0.08605  16.635 0.0000E+00  0.000  16.64
 A82        1.9449 0.38769   7.176 0.0000E+00  0.000   7.18
 A356       1.9461 0.07122   6.704 0.0000E+00  0.000   6.70
 A617       1.9462 0.11616  12.337 0.0000E+00  0.000  12.34
 A438       1.9484 0.16154  23.778 0.0000E+00  0.000  23.78
 A675       1.9487 0.23943   2.311 0.0000E+00  0.000   2.31
 A526       1.9518 0.12712  21.582 0.0000E+00  0.000  21.58
 A632       1.9545 0.24942   1.799 0.0000E+00  0.000   1.80
 A942       1.9567 0.10738  15.545 0.0000E+00  0.000  15.55
 A547       1.9631 0.17222  20.076 0.0000E+00  0.000  20.08
 A202       1.9656 0.11222   7.945 0.0000E+00  0.000   7.95
 A939       1.9681 0.09836  13.972 0.0000E+00  0.000  13.97
 A868       1.9690 0.13274   4.847 0.0000E+00  0.000   4.85
 A457       1.9768 0.10386  17.655 0.0000E+00  0.000  17.66
 A777       1.9809 0.15264   7.714 0.0000E+00  0.000   7.71
 A565       1.9832 0.28728  34.547 0.0000E+00  0.000  34.55
 A481       1.9997 0.05878  14.485 0.0000E+00  0.000  14.48
 A332       2.0018 0.13154  21.066 0.0000E+00  0.000  21.07
 A241       2.0263 0.05711  20.773 0.0000E+00  0.000  20.77
 A576       2.0330 0.10844  25.232 0.0000E+00  0.000  25.23
 A782       2.1278 0.18988   4.452 0.0000E+00  0.000   4.45
 A538       2.1314 0.37068   6.507 0.0000E+00  0.000   6.51
 A553       2.1446 0.39672   3.311 0.0000E+00  0.000   3.31
 A758       2.1613 0.45381   6.208 0.0000E+00  0.000   6.21
 A921       2.1640 0.36634   1.625 0.0000E+00  0.000   1.62
 A429       2.1650 0.04429   0.705 0.0000E+00  0.000   0.70
 A475       2.1712 0.27916   4.714 0.0000E+00  0.000   4.71
 A656       2.1736 0.20393   3.365 0.0000E+00  0.000   3.37
 A966       2.1741 0.37292   6.693 0.0000E+00  0.000   6.69
 A650       2.1754 0.25492   2.450 0.0000E+00  0.000   2.45
 A149       2.1790 0.27088   6.529 0.0000E+00  0.000   6.53
 A191       2.1866 0.15716   4.232 0.0000E+00  0.000   4.23
 A214       2.1899 0.26901   1.548 0.0000E+00  0.000   1.55
 A947       2.1965 0.07160   5.940 0.0000E+00  0.000   5.94
 A308       2.1972 0.20749   5.765 0.0000E+00  0.000   5.76
 A513       2.1975 0.18982   6.706 0.0000E+00  0.000   6.71
 A654       2.1979 0.03696   2.837 0.0000E+00  0.000   2.84
 A94        2.1993 0.22177   3.780 0.0000E+00  0.000   3.78
 A379       2.2040 0.23699   5.650 0.0000E+00  0.000   5.65
 A557       2.2049 0.02888   3.673 0.0000E+00  0.000   3.67
 A293       2.2107 0.28268   5.868 0.0000E+00  0.000   5.87
 A45        2.2122 0.09767   3.341 0.0000E+00  0.000   3.34
 A28        2.2184 0.08047   2.305 0.0000E+00  0.000   2.31
 A908       2.2222 0.21679   4.774 0.0000E+00  0.000   4.77
 A185       2.2240 0.18477   1.326 0.0000E+00  0.000   1.33
 A72        2.2271 0.19529   5.375 0.0000E+00  0.000   5.38
 A854       2.2275 0.16875   2.678 0.0000E+00  0.000   2.68
 A734       2.2300 0.04256   5.643 0.0000E+00  0.000   5.64
 A476       2.2341 0.21130   6.907 0.0000E+00  0.000   6.91
 A990       2.2529 0.12737   7.582 0.0000E+00  0.000   7.58
 A171       2.2550 0.09516   2.602 0.0000E+00  0.000   2.60
 A307       2.2584 0.10330   3.977 0.0000E+00  0.000   3.98
 A384       2.2616 0.15533   6.909 0.0000E+00  0.000   6.91
 A516       2.2620 0.45234  18.437 0.0000E+00  0.000  18.44
 A229       2.2651 0.14766   6.569 0.0000E+00  0.000   6.57
 A22        2.2653 0.08080   5.977 0.0000E+00  0.000   5.98
 A278       2.2654 0.04578  10.074 0.0000E+00  0.000  10.07
 A224       2.2658 0.14170   4.554 0.0000E+00  0.000   4.55
 A681       2.2661 0.25102   6.327 0.0000E+00  0.000   6.33
 A710       2.2672 0.19691   0.513 0.0000E+00  0.000   0.51
 A61        2.2727 0.10106   0.882 0.0000E+00  0.000   0.88
 A97        2.2728 0.12846   7.907 0.0000E+00  0.000   7.91
 A310       2.2947 0.17419   5.822 0.0000E+00  0.000   5.82
 A818       2.2953 0.15964   5.388 0.0000E+00  0.000   5.39
 A147       2.2964 0.01138   3.325 0.0000E+00  0.000   3.33
 A784       2.2973 0.14906   5.664 0.0000E+00  0.000   5.66
 A672       2.3008 0.12623   4.240 0.0000E+00  0.000   4.24
 A890       2.3031 0.13148   2.565 0.0000E+00  0.000   2.56
 A744       2.3032 0.25246   8.048 0.0000E+00  0.000   8.05
 A770       2.3057 0.12936   5.865 0.0000E+00  0.000   5.87
 A455       2.3136 0.24838   9.440 0.0000E+00  0.000   9.44
 A796       2.3138 0.13633   2.302 0.0000E+00  0.000   2.30
 A158       2.3162 0.23770   1.000 0.0000E+00  0.000   1.00
 A991       2.3176 0.22147   9.461 0.0000E+00  0.000   9.46
 A726       2.3210 0.04629   7.744 0.0000E+00  0.000   7.74
 A35        2.3210 0.25124   8.593 0.0000E+00  0.000   8.59
 A849       2.3212 0.02592   0.189 0.0000E+00  0.000   0.19
 A272       2.3250 0.16767   6.685 0.0000E+00  0.000   6.69
 A867       2.3271 0.17082  11.191 0.0000E+00  0.000  11.19
 A313       2.3321 0.20698   9.435 0.0000E+00  0.000   9.43
 A918       2.3397 0.07214   3.600 0.0000E+00  0.000   3.60
 A473       2.3402 0.10401   6.040 0.0000E+00  0.000   6.04
 A465       2.3408 0.16454   5.525 0.0000E+00  0.000   5.53
 A323       2.3459 0.15748   4.942 0.0000E+00  0.000   4.94
 A1000      2.3484 0.10811   2.493 0.0000E+00  0.000   2.49
 A436       2.3570 0.12688   9.785 0.0000E+00  0.000   9.79
 A165       2.3592 0.17870   2.550 0.0000E+00  0.000   2.55
 A174       2.3662 0.05750   3.809 0.0000E+00  0.000   3.81
 A902       2.3695 0.05131   7.632 0.0000E+00  0.000   7.63
 A790       2.3706 0.07842   3.770 0.0000E+00  0.000   3.77
 A127       2.3720 0.15125   5.699 0.0000E+00  0.000   5.70
 A375       2.3735 0.23302   1.715 0.0000E+00  0.000   1.71
 A257       2.3784 0.15472   4.059 0.0000E+00  0.000   4.06
 A605       2.3818 0.15429   2.833 0.0000E+00  0.000   2.83
 A748       2.3847 0.13967   6.464 0.0000E+00  0.000   6.46
 A641       2.3854 0.16680   0.434 0.0000E+00  0.000   0.43
 A530       2.3861 0.11121   6.464 0.0000E+00  0.000   6.46
 A858       2.3864 0.18076  10.757 0.0000E+00  0.000  10.76
 A321       2.3909 0.05233   5.345 0.0000E+00  0.000   5.35
 A696       2.3909 0.05318   2.525 0.0000E+00  0.000   2.53
 A20        2.3918 0.17434   3.057 0.0000E+00  0.000   3.06
 A48        2.3964 0.10162   3.037 0.0000E+00  0.000   3.04
 A93        2.3985 0.11906   0.966 0.0000E+00  0.000   0.97
 A156       2.4052 0.06518   5.049 0.0000E+00  0.000   5.05
 A101       2.4076 0.19178   9.647 0.0000E+00  0.000   9.65
 A444       2.4086 0.02056   5.650 0.0000E+00  0.000   5.65
 A967       2.4094 0.04594   7.695 0.0000E+00  0.000   7.69
 A695       2.4099 0.15974   4.604 0.0000E+00  0.000   4.60
 A895       2.4133 0.14854   9.393 0.0000E+00  0.000   9.39
 A345       2.4170 0.13368   3.282 0.0000E+00  0.000   3.28
 A159       2.4180 0.04255   2.094 0.0000E+00  0.000   2.09
 A876       2.4203 0.14075   6.209 0.0000E+00  0.000   6.21
 A821       2.4249 0.14553   1.106 0.0000E+00  0.000   1.11
 A998       2.4335 0.08380   3.652 0.0000E+00  0.000   3.65
 A776       2.4386 0.10524   1.797 0.0000E+00  0.000   1.80
 A831       2.4441 0.12937   8.564 0.0000E+00  0.000   8.56
 A943       2.4481 0.04828   6.911 0.0000E+00  0.000   6.91
 A953       2.4483 0.09255   3.968 0.0000E+00  0.000   3.97
 A172       2.4637 0.17375   7.914 0.0000E+00  0.000   7.91
 A442       2.4742 0.04084   3.307 0.0000E+00  0.000   3.31
 A701       2.4770 0.10265  11.536 0.0000E+00  0.000  11.54
 A112       2.4774 0.12857   6.440 0.0000E+00  0.000   6.44
 A388       2.4810 0.12652   4.160 0.0000E+00  0.000   4.16
 A337       2.4927 0.04936   3.543 0.0000E+00  0.000   3.54
 A791       2.4935 0.04711   5.795 0.0000E+00  0.000   5.79
 A599       2.5183 0.05519   3.933 0.0000E+00  0.000   3.93
 A102       2.5197 0.16131   2.120 0.0000E+00  0.000   2.12
 A424       2.5251 0.27380   8.230 0.0000E+00  0.000   8.23
 A367       2.5260 0.15338   4.002 0.0000E+00  0.000   4.00
 A975       2.5269 0.11990   5.085 0.0000E+00  0.000   5.09
 A236       2.5282 0.06918   1.910 0.0000E+00  0.000   1.91
 A651       2.5324 0.20707   1.524 0.0000E+00  0.000   1.52
 A287       2.5373 0.14581   4.880 0.0000E+00  0.000   4.88
 A705       2.5422 0.14454   5.603 0.0000E+00  0.000   5.60
 A468       2.5469 0.03618   3.577 0.0000E+00  0.000   3.58
 A352       2.5470 0.05122   8.375 0.0000E+00  0.000   8.38
 A374       2.5475 0.10969  10.784 0.0000E+00  0.000  10.78
 A922       2.5490 0.08997   2.392 0.0000E+00  0.000   2.39
 A89        2.5573 0.16931   8.231 0.0000E+00  0.000   8.23
 A861       2.5595 0.22223   3.047 0.0000E+00  0.000   3.05
 A690       2.5612 0.04727   5.581 0.0000E+00  0.000   5.58
 A11        2.5648 0.09189   8.855 0.0000E+00  0.000   8.85
 A42        2.5649 0.20916   5.761 0.0000E+00  0.000   5.76
 A596       2.5657 0.16690  10.779 0.0000E+00  0.000  10.78
 A706       2.5658 0.10001   5.136 0.0000E+00  0.000   5.14
 A222       2.5663 0.17108   6.260 0.0000E+00  0.000   6.26
 A806       2.5676 0.13234   6.699 0.0000E+00  0.000   6.70
 A167       2.5747 0.12401   6.723 0.0000E+00  0.000   6.72
 A851       2.5775 0.18766   5.121 0.0000E+00  0.000   5.12
 A331       2.5795 0.13877   1.752 0.0000E+00  0.000   1.75
 A844       2.5811 0.13238   4.842 0.0000E+00  0.000   4.84
 A666       2.5860 0.23230   1.660 0.0000E+00  0.000   1.66
 A239       2.5864 0.04324   6.448 0.0000E+00  0.000   6.45
 A688       2.5887 0.22320   2.653 0.0000E+00  0.000   2.65
 A31        2.5976 0.04151   9.861 0.0000E+00  0.000   9.86
 A175       2.5987 0.08586   4.335 0.0000E+00  0.000   4.34
 A422       2.6001 0.17632   4.708 0.0000E+00  0.000   4.71
 A276       2.6010 0.28078   1.267 0.0000E+00  0.000   1.27
 A431       2.6018 0.13380   5.449 0.0000E+00  0.000   5.45
 A284       2.6058 0.06292   5.265 0.0000E+00  0.000   5.26
 A256       2.6103 0.24866   8.697 0.0000E+00  0.000   8.70
 A450       2.6128 0.15771   4.065 0.0000E+00  0.000   4.06
 A609       2.6134 0.10616   7.116 0.0000E+00  0.000   7.12
 A896       2.6156 0.15079   7.709 0.0000E+00  0.000   7.71
 A141       2.6183 0.14695   3.222 0.0000E+00  0.000   3.22
 A213       2.6195 0.07971   5.640 0.0000E+00  0.000   5.64
 A661       2.6207 0.15842   3.842 0.0000E+00  0.000   3.84
 A135       2.6225 0.12318   6.896 0.0000E+00  0.000   6.90
 A662       2.6243 0.08243   1.753 0.0000E+00  0.000   1.75
 A891       2.6305 0.20179   6.843 0.0000E+00  0.000   6.84
 A454       2.6306 0.09403  10.022 0.0000E+00  0.000  10.02
 A338       2.6332 0.10303   6.912 0.0000E+00  0.000   6.91
 A184       2.6366 0.03674   8.153 0.0000E+00  0.000   8.15
 A372       2.6376 0.17385   3.327 0.0000E+00  0.000   3.33
 A204       2.6430 0.16241   8.013 0.0000E+00  0.000   8.01
 A386       2.6458 0.11218   3.422 0.0000E+00  0.000   3.42
 A925       2.6525 0.17718   1.554 0.0000E+00  0.000   1.55
 A872       2.6566 0.10015   0.768 0.0000E+00  0.000   0.77
 A853       2.6571 0.05819   1.047 0.0000E+00  0.000   1.05
 A968       2.6595 0.17296   4.280 0.0000E+00  0.000   4.28
 A6         2.6647 0.19159   5.066 0.0000E+00  0.000   5.07
 A938       2.6684 0.05796   0.965 0.0000E+00  0.000   0.97
 A489       2.6686 0.06760   7.143 0.0000E+00  0.000   7.14
 A718       2.6701 0.17555   6.262 0.0000E+00  0.000   6.26
 A957       2.6703 0.16968   4.909 0.0000E+00  0.000   4.91
 A887       2.6731 0.16526  11.444 0.0000E+00  0.000  11.44
 A715       2.6835 0.10063   2.772 0.0000E+00  0.000   2.77
 A709       2.6890 0.12009   3.360 0.0000E+00  0.000   3.36
 A730       2.6906 0.11101   5.255 0.0000E+00  0.000   5.25
 A471       2.6928 0.22922   7.979 0.0000E+00  0.000   7.98
 A630       2.6959 0.10665   0.965 0.0000E+00  0.000   0.97
 A39        2.6980 0.07142   9.830 0.0000E+00  0.000   9.83
 A911       2.7004 0.19547   3.141 0.0000E+00  0.000   3.14
 A100       2.7013 0.05734   6.790 0.0000E+00  0.000   6.79
 A360       2.7055 0.03213   0.194 0.0000E+00  0.000   0.19
 A4         2.7080 0.15467   3.686 0.0000E+00  0.000   3.69
 A499       2.7103 0.09330   2.670 0.0000E+00  0.000   2.67
 A833       2.7163 0.09761   9.826 0.0000E+00  0.000   9.83
 A963       2.7189 0.16980   8.068 0.0000E+00  0.000   8.07
 A815       2.7213 0.07733   3.454 0.0000E+00  0.000   3.45
 A316       2.7258 0.10906   7.182 0.0000E+00  0.000   7.18
 A934       2.7267 0.02537   1.963 0.0000E+00  0.000   1.96
 A303       2.7274 0.12203   5.792 0.0000E+00  0.000   5.79
 A682       2.7293 0.11849   4.305 0.0000E+00  0.000   4.31
 A917       2.7307 0.05733   6.740 0.0000E+00  0.000   6.74
 A409       2.7315 0.11434   4.144 0.0000E+00  0.000   4.14
 A208       2.7318 0.20421   9.976 0.0000E+00  0.000   9.98
 A552       2.7321 0.15709   6.436 0.0000E+00  0.000   6.44
 A300       2.7373 0.09399   7.945 0.0000E+00  0.000   7.94
 A451       2.7408 0.11306   7.625 0.0000E+00  0.000   7.63
 A694       2.7455 0.07592   1.277 0.0000E+00  0.000   1.28
 A87        2.7486 0.13136   8.954 0.0000E+00  0.000   8.95
 A760       2.7488 0.05300   2.797 0.0000E+00  0.000   2.80
 A624       2.7491 0.13499   8.976 0.0000E+00  0.000   8.98
 A747       2.7524 0.11708   2.002 0.0000E+00  0.000   2.00
 A243       2.7529 0.15910   8.164 0.0000E+00  0.000   8.16
 A800       2.7585 0.21547   4.306 0.0000E+00  0.000   4.31
 A312       2.7586 0.09713   7.260 0.0000E+00  0.000   7.26
 A735       2.7593 0.07552   4.551 0.0000E+00  0.000   4.55
 A336       2.7596 0.14151   4.033 0.0000E+00  0.000   4.03
 A2         2.7602 0.04535   1.064 0.0000E+00  0.000   1.06
 A37        2.7633 0.06374   3.349 0.0000E+00  0.000   3.35
 A294       2.7651 0.12641   5.249 0.0000E+00  0.000   5.25
 A365       2.7696 0.10640   8.840 0.0000E+00  0.000   8.84
 A19        2.7795 0.13285  10.074 0.0000E+00  0.000  10.07
 A393       2.7819 0.09678   7.100 0.0000E+00  0.000   7.10
 A432       2.7859 0.18999   2.684 0.0000E+00  0.000   2.68
 A838       2.7890 0.17890   3.128 0.0000E+00  0.000   3.13
 A339       2.7900 0.15957   2.734 0.0000E+00  0.000   2.73
 A648       2.7904 0.10043   5.272 0.0000E+00  0.000   5.27
 A233       2.7938 0.23742   3.869 0.0000E+00  0.000   3.87
 A237       2.7951 0.17462   3.485 0.0000E+00  0.000   3.48
 A120       2.7962 0.19516   8.017 0.0000E+00  0.000   8.02
 A812       2.8041 0.02186   1.584 0.0000E+00  0.000   1.58
 A764       2.8071 0.11287   9.347 0.0000E+00  0.000   9.35
 A826       2.8084 0.21789   3.903 0.0000E+00  0.000   3.90
 A629       2.8088 0.10509   3.417 0.0000E+00  0.000   3.42
 A163       2.8156 0.11864   2.547 0.0000E+00  0.000   2.55
 A586       2.8285 0.12079   3.104 0.0000E+00  0.000   3.10
 A574       2.8307 0.08076   5.370 0.0000E+00  0.000   5.37
 A888       2.8368 0.08788   2.087 0.0000E+00  0.000   2.09
 A403       2.8371 0.15550   2.003 0.0000E+00  0.000   2.00
 A353       2.8384 0.03958   6.600 0.0000E+00  0.000   6.60
 A196       2.8416 0.13891   5.758 0.0000E+00  0.000   5.76
 A340       2.8488 0.05107   5.201 0.0000E+00  0.000   5.20
 A762       2.8504 0.04316   8.982 0.0000E+00  0.000   8.98
 A426       2.8520 0.18937   9.298 0.0000E+00  0.000   9.30
 A507       2.8527 0.14294   3.088 0.0000E+00  0.000   3.09
 A620       2.8540 0.14198   1.057 0.0000E+00  0.000   1.06
 A528       2.8581 0.15119   7.923 0.0000E+00  0.000   7.92
 A850       2.8590 0.15771   2.021 0.0000E+00  0.000   2.02
 A600       2.8609 0.18972   1.358 0.0000E+00  0.000   1.36
 A763       2.8610 0.03536   1.872 0.0000E+00  0.000   1.87
 A881       2.8658 0.22001   5.455 0.0000E+00  0.000   5.46
 A984       2.8682 0.09608   2.984 0.0000E+00  0.000   2.98
 A483       2.8699 0.21291   3.430 0.0000E+00  0.000   3.43
 A912       2.8701 0.11487   7.415 0.0000E+00  0.000   7.41
 A177       2.8705 0.09798   3.437 0.0000E+00  0.000   3.44
 A320       2.8707 0.07802   8.849 0.0000E+00  0.000   8.85
 A612       2.8785 0.06688   7.582 0.0000E+00  0.000   7.58
 A540       2.8813 0.10835   8.783 0.0000E+00  0.000   8.78
 A754       2.8851 0.10517   2.379 0.0000E+00  0.000   2.38
 A330       2.8877 0.15101   7.571 0.0000E+00  0.000   7.57
 A737       2.8879 0.05388   3.588 0.0000E+00  0.000   3.59
 A382       2.8884 0.19275   0.935 0.0000E+00  0.000   0.93
 A794       2.8888 0.15293   8.498 0.0000E+00  0.000   8.50
 A669       2.8938 0.08847   0.919 0.0000E+00  0.000   0.92
 A679       2.8996 0.11056   5.389 0.0000E+00  0.000   5.39
 A885       2.9065 0.12243   8.506 0.0000E+00  0.000   8.51
 A333       2.9102 0.01582   7.786 0.0000E+00  0.000   7.79
 A830       2.9114 0.07218   1.571 0.0000E+00  0.000   1.57
 A727       2.9114 0.18928   4.804 0.0000E+00  0.000   4.80
 A478       2.9216 0.01717   2.867 0.0000E+00  0.000   2.87
 A484       2.9232 0.17671   4.009 0.0000E+00  0.000   4.01
 A785       2.9250 0.05555   2.071 0.0000E+00  0.000   2.07
 A359       2.9344 0.05957   6.943 0.0000E+00  0.000   6.94
 A659       2.9357 0.02088   5.539 0.0000E+00  0.000   5.54
 A193       2.9382 0.10248   3.529 0.0000E+00  0.000   3.53
 A77        2.9402 0.07753   8.540 0.0000E+00  0.000   8.54
 A49        2.9480 0.03476   3.603 0.0000E+00  0.000   3.60
 A143       2.9551 0.07147   5.055 0.0000E+00  0.000   5.06
 A347       2.9581 0.08483   2.950 0.0000E+00  0.000   2.95
 A176       2.9633 0.14146   7.944 0.0000E+00  0.000   7.94
 A459       2.9644 0.12635   1.990 0.0000E+00  0.000   1.99
 A59        2.9659 0.19147   5.958 0.0000E+00  0.000   5.96
 A931       2.9665 0.19104   3.365 0.0000E+00  0.000   3.37
 A21        2.9667 0.09893   4.427 0.0000E+00  0.000   4.43
 A869       2.9742 0.13906   9.780 0.0000E+00  0.000   9.78
 A986       2.9800 0.10878   2.938 0.0000E+00  0.000   2.94
 A720       2.9865 0.09676   3.054 0.0000E+00  0.000   3.05
 A118       2.9869 0.11759   9.014 0.0000E+00  0.000   9.01
 A501       2.9895 0.01178   0.895 0.0000E+00  0.000   0.90
 A182       2.9979 0.15006   9.014 0.0000E+00  0.000   9.01
 A462       2.9997 0.06559   2.581 0.0000E+00  0.000   2.58
 A408       3.0008 0.04974   2.697 0.0000E+00  0.000   2.70
 A115       3.0033 0.14791   0.761 0.0000E+00  0.000   0.76
 A410       3.0041 0.05636   3.493 0.0000E+00  0.000   3.49
 A23        3.0078 0.10911   0.870 0.0000E+00  0.000   0.87
 A464       3.0169 0.14173   0.776 0.0000E+00  0.000   0.78
 A235       3.0170 0.07514   8.214 0.0000E+00  0.000   8.21
 A527       3.0188 0.17641   3.074 0.0000E+00  0.000   3.07
 A282       3.0243 0.00951   0.405 0.0000E+00  0.000   0.41
 A897       3.0273 0.19367  10.231 0.0000E+00  0.000  10.23
 A640       3.0298 0.15616   3.679 0.0000E+00  0.000   3.68
 A590       3.0324 0.08460   3.892 0.0000E+00  0.000   3.89
 A883       3.0348 0.01342   6.358 0.0000E+00  0.000   6.36
 A240       3.0426 0.04520   4.897 0.0000E+00  0.000   4.90
 A1         3.0480 0.12781   3.096 0.0000E+00  0.000   3.10
 A385       3.0556 0.09270   1.796 0.0000E+00  0.000   1.80
 A804       3.0567 0.19560   3.461 0.0000E+00  0.000   3.46
 A397       3.0589 0.03860   1.554 0.0000E+00  0.000   1.55
 A646       3.0612 0.07376   2.053 0.0000E+00  0.000   2.05
 A712       3.0617 0.12196   5.281 0.0000E+00  0.000   5.28
 A54        3.0681 0.08366   1.065 0.0000E+00  0.000   1.06
 A416       3.0689 0.03889   6.599 0.0000E+00  0.000   6.60
 A539       3.0737 0.16245   3.280 0.0000E+00  0.000   3.28
 A550       3.0747 0.13275   7.838 0.0000E+00  0.000   7.84
 A123       3.0784 0.16854   3.808 0.0000E+00  0.000   3.81
 A76        3.0795 0.04139   5.687 0.0000E+00  0.000   5.69
 A248       3.0800 0.11941   6.664 0.0000E+00  0.000   6.66
 A252       3.0820 0.14651   0.633 0.0000E+00  0.000   0.63
 A420       3.0840 0.17919   1.936 0.0000E+00  0.000   1.94
 A722       3.0843 0.13801   8.917 0.0000E+00  0.000   8.92
 A689       3.0920 0.07957   3.534 0.0000E+00  0.000   3.53
 A692       3.0924 0.08380   6.327 0.0000E+00  0.000   6.33
 A566       3.0928 0.11025   9.710 0.0000E+00  0.000   9.71
 A106       3.0986 0.07983   6.212 0.0000E+00  0.000   6.21
 A893       3.0998 0.16291   5.904 0.0000E+00  0.000   5.90
 A456       3.1074 0.10220   3.899 0.0000E+00  0.000   3.90
 A391       3.1127 0.21689   3.615 0.0000E+00  0.000   3.61
 A996       3.1133 0.17584   4.850 0.0000E+00  0.000   4.85
 A71        3.1134 0.10861   3.877 0.0000E+00  0.000   3.88
 A68        3.1153 0.08577   8.559 0.0000E+00  0.000   8.56
 A247       3.1165 0.15530   1.711 0.0000E+00  0.000   1.71
 A218       3.1175 0.09739   6.794 0.0000E+00  0.000   6.79
 A194       3.1226 0.07838   8.878 0.0000E+00  0.000   8.88
 A250       3.1231 0.13577   1.961 0.0000E+00  0.000   1.96
 A335       3.1246 0.14162   9.251 0.0000E+00  0.000   9.25
 A16        3.1323 0.12182   4.879 0.0000E+00  0.000   4.88
 A78        3.1349 0.13003   9.588 0.0000E+00  0.000   9.59
 A653       3.1352 0.09991   7.944 0.0000E+00  0.000   7.94
 A133       3.1373 0.03848   8.678 0.0000E+00  0.000   8.68
 A674       3.1441 0.15274   7.187 0.0000E+00  0.000   7.19
 A589       3.1459 0.02584   7.538 0.0000E+00  0.000   7.54
 A244       3.1481 0.02276   7.263 0.0000E+00  0.000   7.26
 A279       3.1531 0.03837   9.695 0.0000E+00  0.000   9.69
 A103       3.1621 0.12989   3.244 0.0000E+00  0.000   3.24
 A766       3.1632 0.05206   7.877 0.0000E+00  0.000   7.88
 A546       3.1673 0.10143   5.812 0.0000E+00  0.000   5.81
 A877       3.1675 0.06822   8.432 0.0000E+00  0.000   8.43
 A819       3.1696 0.07054   0.388 0.0000E+00  0.000   0.39
 A592       3.1722 0.07036   3.388 0.0000E+00  0.000   3.39
 A711       3.1745 0.05123   6.415 0.0000E+00  0.000   6.41
 A949       3.1754 0.07608   5.009 0.0000E+00  0.000   5.01
 A305       3.1785 0.12973   8.797 0.0000E+00  0.000   8.80
 A707       3.1802 0.16691   0.514 0.0000E+00  0.000   0.51
 A959       3.1821 0.05810   2.066 0.0000E+00  0.000   2.07
 A40        3.1849 0.14711   8.946 0.0000E+00  0.000   8.95
 A401       3.1869 0.08544   5.485 0.0000E+00  0.000   5.49
 A195       3.1882 0.10777   8.871 0.0000E+00  0.000   8.87
 A930       3.1901 0.19141   6.245 0.0000E+00  0.000   6.25
 A898       3.1917 0.05479   3.578 0.0000E+00  0.000   3.58
 A834       3.1920 0.01357   0.820 0.0000E+00  0.000   0.82
 A480       3.1924 0.17288   5.795 0.0000E+00  0.000   5.80
 A60        3.1946 0.14011   7.215 0.0000E+00  0.000   7.22
 A716       3.1979 0.14271   6.089 0.0000E+00  0.000   6.09
 A572       3.1984 0.20085   2.038 0.0000E+00  0.000   2.04
 A326       3.2002 0.12112   0.269 0.0000E+00  0.000   0.27
 A657       3.2047 0.13285   2.604 0.0000E+00  0.000   2.60
 A700       3.2084 0.14297   2.183 0.0000E+00  0.000   2.18
 A563       3.2162 0.03652   1.875 0.0000E+00  0.000   1.87
 A298       3.2165 0.10226   4.286 0.0000E+00  0.000   4.29
 A626       3.2330 0.02713   5.430 0.0000E+00  0.000   5.43
 A832       3.2406 0.07484   8.194 0.0000E+00  0.000   8.19
 A551       3.2461 0.16523  18.817 0.0000E+00  0.000  18.82
 A825       3.2616 0.03811   9.580 0.0000E+00  0.000   9.58
 A676       3.2798 0.18557   1.479 0.0000E+00  0.000   1.48
 A680       3.3195 0.15503   5.034 0.0000E+00  0.000   5.03
 A363       3.3236 0.10011   3.836 0.0000E+00  0.000   3.84
 A684       3.3282 0.02420   1.368 0.0000E+00  0.000   1.37
 A209       3.3295 0.04679   3.306 0.0000E+00  0.000   3.31
 A621       3.3300 0.07207   1.431 0.0000E+00  0.000   1.43
 A808       3.3379 0.03206   0.622 0.0000E+00  0.000   0.62
 A520       3.3380 0.17884   7.426 0.0000E+00  0.000   7.43
 A357       3.3404 0.06960   8.579 0.0000E+00  0.000   8.58
 A759       3.3537 0.07309   4.067 0.0000E+00  0.000   4.07
 A231       3.3553 0.12511   9.917 0.0000E+00  0.000   9.92
 A271       3.3554 0.03569   9.514 0.0000E+00  0.000   9.51
 A643       3.3558 0.08181   6.355 0.0000E+00  0.000   6.36
 A929       3.3582 0.06624   3.346 0.0000E+00  0.000   3.35
 A376       3.3674 0.09882   1.295 0.0000E+00  0.000   1.29
 A598       3.3693 0.08282   6.212 0.0000E+00  0.000   6.21
 A616       3.3717 0.11824   1.079 0.0000E+00  0.000   1.08
 A137       3.3727 0.17255   6.887 0.0000E+00  0.000   6.89
 A781       3.3734 0.10585   7.470 0.0000E+00  0.000   7.47
 A262       3.3755 0.06131   2.844 0.0000E+00  0.000   2.84
 A53        3.3772 0.16370   2.465 0.0000E+00  0.000   2.47
 A997       3.3851 0.11158   8.901 0.0000E+00  0.000   8.90
 A66        3.3909 0.05040   5.237 0.0000E+00  0.000   5.24
 A131       3.3932 0.22799   3.441 0.0000E+00  0.000   3.44
 A370       3.3940 0.22787   4.285 0.0000E+00  0.000   4.28
 A914       3.3966 0.09625   8.531 0.0000E+00  0.000   8.53
 A568       3.3978 0.18359   1.554 0.0000E+00  0.000   1.55
 A524       3.3982 0.11699   1.964 0.0000E+00  0.000   1.96
 A128       3.4008 0.12147   4.362 0.0000E+00  0.000   4.36
 A160       3.4028 0.08390   4.494 0.0000E+00  0.000   4.49
 A805       3.4042 0.20076   7.305 0.0000E+00  0.000   7.30
 A597       3.4060 0.11195   2.761 0.0000E+00  0.000   2.76
 A542       3.4063 0.13286   5.204 0.0000E+00  0.000   5.20
 A573       3.4104 0.12000   1.252 0.0000E+00  0.000   1.25
 A154       3.4164 0.04020   3.443 0.0000E+00  0.000   3.44
 A778       3.4165 0.12116   5.819 0.0000E+00  0.000   5.82
 A569       3.4181 0.16697   9.198 0.0000E+00  0.000   9.20
 A741       3.4182 0.04400   9.019 0.0000E+00  0.000   9.02
 A57        3.4185 0.11009   5.443 0.0000E+00  0.000   5.44
 A813       3.4198 0.03450   8.316 0.0000E+00  0.000   8.32
 A458       3.4220 0.05147   3.239 0.0000E+00  0.000   3.24
 A460       3.4276 0.20113   0.729 0.0000E+00  0.000   0.73
 A697       3.4337 0.07307   6.667 0.0000E+00  0.000   6.67
 A463       3.4340 0.17546   6.911 0.0000E+00  0.000   6.91
 A708       3.4369 0.16270   5.229 0.0000E+00  0.000   5.23
 A27        3.4391 0.12935   8.560 0.0000E+00  0.000   8.56
 A166       3.4417 0.14259   0.774 0.0000E+00  0.000   0.77
 A322       3.4446 0.05904   7.061 0.0000E+00  0.000   7.06
 A523       3.4472 0.12602   1.279 0.0000E+00  0.000   1.28
 A558       3.4603 0.10666   2.287 0.0000E+00  0.000   2.29
 A75        3.4689 0.07534   9.109 0.0000E+00  0.000   9.11
 A502       3.4707 0.14652   3.778 0.0000E+00  0.000   3.78
 A3         3.4730 0.07577   8.485 0.0000E+00  0.000   8.48
 A970       3.4757 0.05242   2.050 0.0000E+00  0.000   2.05
 A260       3.4841 0.04379   0.249 0.0000E+00  0.000   0.25
 A452       3.4908 0.08279   4.431 0.0000E+00  0.000   4.43
 A645       3.4937 0.11481   8.799 0.0000E+00  0.000   8.80
 A415       3.4938 0.03116   5.101 0.0000E+00  0.000   5.10
 A110       3.5005 0.03014   0.367 0.0000E+00  0.000   0.37
 A789       3.5055 0.13833   2.921 0.0000E+00  0.000   2.92
 A981       3.5124 0.08375   7.982 0.0000E+00  0.000   7.98
 A945       3.5277 0.15565   5.480 0.0000E+00  0.000   5.48
 A274       3.5301 0.11302   1.062 0.0000E+00  0.000   1.06
 A882       3.5305 0.19463   5.886 0.0000E+00  0.000   5.89
 A873       3.5310 0.22836   4.299 0.0000E+00  0.000   4.30
 A433       3.5345 0.17398   0.711 0.0000E+00  0.000   0.71
 A531       3.5518 0.08759   0.726 0.0000E+00  0.000   0.73
 A453       3.5525 0.17899   4.886 0.0000E+00  0.000   4.89
 A829       3.5601 0.14123   3.996 0.0000E+00  0.000   4.00
 A245       3.5626 0.09950   5.868 0.0000E+00  0.000   5.87
 A500       3.6101 0.06222   7.745 0.0000E+00  0.000   7.74
 A220       3.6104 0.02456   1.959 0.0000E+00  0.000   1.96
 A417       3.6142 0.08958   9.517 0.0000E+00  0.000   9.52
 A580       3.6293 0.20528   3.718 0.0000E+00  0.000   3.72
 A894       3.6317 0.07523   8.839 0.0000E+00  0.000   8.84
 A434       3.6350 0.20940   4.035 0.0000E+00  0.000   4.03
 A219       3.6350 0.10592   7.162 0.0000E+00  0.000   7.16
 A955       3.6355 0.06377   3.605 0.0000E+00  0.000   3.61
 A932       3.6401 0.16574   3.425 0.0000E+00  0.000   3.42
 A52        3.6409 0.06011   4.031 0.0000E+00  0.000   4.03
 A435       3.6422 0.16750   4.448 0.0000E+00  0.000   4.45
 A402       3.6428 0.15705   2.651 0.0000E+00  0.000   2.65
 A291       3.6449 0.11390   8.103 0.0000E+00  0.000   8.10
 A927       3.6585 0.12035   0.992 0.0000E+00  0.000   0.99
 A124       3.6596 0.11551   2.037 0.0000E+00  0.000   2.04
 A242       3.7448 0.07199   9.488 0.0000E+00  0.000   9.49
 A622       3.7535 0.16833   2.176 0.0000E+00  0.000   2.18
 A183       3.7546 0.18177   4.975 0.0000E+00  0.000   4.97
 A383       3.7625 0.15527   0.794 0.0000E+00  0.000   0.79
 A863       3.8267 0.14044   3.968 0.0000E+00  0.000   3.97
 A30        3.9000 0.20651   2.816 0.0000E+00  0.000   2.82
 A904       3.9089 0.16329   0.185 0.0000E+00  0.000   0.18
 A198       3.9280 0.18478   1.492 0.0000E+00  0.000   1.49
 A719       3.9333 0.20497   4.251 0.0000E+00  0.000   4.25
 A761       3.9451 0.24964   1.440 0.0000E+00  0.000   1.44
 A783       3.9500 0.13701   8.361 0.0000E+00  0.000   8.36
 A392       3.9613 0.10227   5.809 0.0000E+00  0.000   5.81
 A810       3.9648 0.28673   5.900 0.0000E+00  0.000   5.90
 A212       3.9690 0.25460   7.933 0.0000E+00  0.000   7.93
 A614       3.9874 0.17815   1.751 0.0000E+00  0.000   1.75
 A5         3.9949 0.27290   8.136 0.0000E+00  0.000   8.14
 A913       4.0160 0.28441   1.027 0.0000E+00  0.000   1.03
 A125       4.0450 0.19564   4.190 0.0000E+00  0.000   4.19
 JUPITER    5.2017 0.09609   0.080 9.5479E-04  0.000   0.08
 SATURN     9.5012 0.06616   2.512 2.8589E-04  0.000   2.51
 A972      22.3190 0.55910   5.009 0.0000E+00  0.000   5.01
 A200      24.0092 0.38681  10.070 0.0000E+00  0.000  10.07
