6a10_ݹ  #   LLLՑ                        LLLՓ2
  !EARTHMOOCTw                  ء%tRH
  "JUPITER ׿                  轻7
  #SATURN  $d[\_                  yyy
6b_ݹ  #   
  !ِ   _K]jj   K]
  "Fj   5s˥jj   ms˥
  #ƒX<zE$ĔJuP
6bl  #   
  !ٙEɰ``?bMQZ
  "|iw_ҳ[צQE
  #ͺ_퓲Re4>t+
6baQ  #   
  !If4he`9
  "Ǐ񿌜9Ը'
  #<ɍSG2h7~;
6b(+  #   
  !bxbKĈ>RN
  "%Sڎ f(K^
  #dҐc.Kk,?z򴖂
6bam0  #   
  !:GMFsbk(
  "XR8$׵ۋ׃\I
  #kva!O=94E+8f
6bJә  #   
  !,?8`5g&p
  "!)Y䃷1ҎH+O
  #ˡhFUy"~خJC
6bזF  #   
  !:ώ΋òn_aEmnq
  "*p' 
  #˂mߏa-Rjߍ݋HQ
6bЩ_^  #   
  !oѿ1bѾi<&
  "\ѿBV'bah
  #ˈ_GC!whq
6b N+!  #   
  !F>7ʖ0Eon'
  "D+S&=d9ӑ@KLcr
  #ʋ坎MV2ܴZj~HM
6b4Ŏę  #   
  !SZAiƴ<^.R
  "eKJ&ogElAt󨉎~Wp
  #?0q9ܲsǖ9$÷
6bHQ  #   
  !dw.uiʯ
  "̐/?Sy9򭶬QQ80
  #h[SX`GKVE
6b]RI  #   
  !Խ4Nҹ6JyA*ܨ
  "kSB6y..<d
  #V?n4>#1T7-1|
6bqkR  #   
  !fR⦍&NfX3ʙ^+
  "k!˫%elcbW;GE
  #2Sjҵ+\Aӷ
6bŅ.  #   
  !k珦sjYI%}?
  "Si!77ef[$W4n.
  #ZBU(ܑ7ɷ64,3L
6bɚV  #   
  !{(}Cov
  "HH3&jUP`\ri
  #ˆ_>oqT4bg#IA
6bͮ]{  #   
  !Φ\|k{KY/*8
  "!ǏB؝4ش75-N
  #Rka=#]i8v
6bvB  #   
  !QؑfŸxБ/G&
  "F&B2)d
  #"qڶꂐߖUu
6bZٞ  #   
  !:Ӊ${B=␮XZzHs
  "(&˷WhB]N
  #ʌ6ܳ.Azn?7 
6b릥2'  #   
  !+;^Fx̺\ް>
  "RAOGZȶ֮Si$
  #@>T6y검3*إ
6b򟔸  #   
  !pp|׫niFq{i
  "L'Y4$/\|ňْ
  #ə?XT=C@YG3,
6b4^is  #   
  !ʞ>Q'].6#}
  "69<4&?ޤmۦ
  #`O^3ͩmX׻Q
6bHy6  #   
  !DsU/\;#h0,u
  "Uf!p@Ñ5rK,
  #ђ*(܏2Nf
6b\ܪڙ  #   
  !]bb+t``ښml3
  "iǐrEG %ɶ(>Mv`Đ
  #GTYLɷh|&/I$
6bqb_[  #   
  !ox赇~dzRr
  "B-a.|;f\$⎢%ʴ36c
  #XX˜T
6b򅮃d  #   
  !6#)0ѵN<A Tn
  "UR°wƑi!X
  #x(5zNE|%Ƴu
6bug  #   
  !7R3t״(4Vn&
  "B;G^/91<3
  #$R!!!%SݚiUYf
6bf}&*  #   
  !s2Qp\9殚Et<c
  "ϊU,d8:X*%%o"1
  #ʣ{r2aI}1Ǻο
6b²{߶Ι  #   
  !ΑqbZ)Iӻ}"
  "a7>kƬ>
  #ɲn([>Bżv'a'w]
6bSŚ  #   
  !/Q+636lϦS
  "ܚڎXwq
  #Ս]5u@ˎΠFЫ
6b痁ؚ  #   
  !5jKxŷu@
  "}̏"ֻi+ck
  #Rf3l27-4O_PCiMp
6bcE:p  #   
  !0Y;&uֵ쀏q6r
  "xƢ-ی'G#jU:^X
  #ʺe79z{K}j݁Q^
6bӀ  #   
  !Qe"ma剻͡7
  "-D#Y&ǎ(#Zj
  #ˮ}+%9/,3Ϻ^p5=
6b:涶  #   
  !TGRK5?k~
  "2B3Eu洟fqлŵӣ
  #˒LX,Ӫ=Bhw^U]B
6b/j>ƚ  #   
  !ws,q#.s2
  "AAEϔkJT?``
  #ˀ8菟%!<P6P5-ueH
6bͦך  #   
  !U(?`a&ґ
  "PۏǤRyֵExBkMf
  #>G8&#iȷGQb>9
6bmkQ.  #   
  !}X&9\U|+ma
  ")lJJήMS9$C$
  #1֐|AD3%lE{E~
6b~  #   
  !оdÚ^\7t˷>
  "0u^%~*+-6B
  #Տ߷x%E>
6bD~7'  #   
  !(tffд#]!w
  "w6e# XgWm
  #lR-K/đ1t7w
6bU}:  #   
  !ОaEȵ.ԑKZ
  ")wx,̵TUE<n
  #A/\E [v@
6b}d՚  #   
  !#(pJ/m<>Po
  "?"s#8 9(fPpB
  #Lp"TC$tݐ'Izkh
6bw}g  #   
  !3TDc|wCi}#tδ
  "ꪐˇlNFo
  #j8iƇR!R6[kH
6b?|T  #   
  !0틻-qtߋݕT
  "8Iً"g&7زk
  #˩F~YGAsj
6bN|N'  #   
  !۾x%UKg+79!
  "M.z=W`3,1
  #ˤd~ɧ?*&Hd+"J
6b{{E9  #   
  !0ɏų04'鴯`9lJB
  "Oovͩ&3gy_?
  #ʫ \a~u/ė
6b&){5H  #   
  !fe+鴅H$[MW
  "mG]?YYgFe|
  #hH0=\UctW)?g
6bz5W  #   
  !|3ҍOz)ѐCqВQ'
  "6Zxϵ$ݴVXo
  #4\dHa9#åd
6bez  #   
  !,!H}ik)%'
  "EڎಱðOhy q
  #x%'àr]"Ϗ a2x
6bXze{&  #   
  !ZmD#U=۵rtZ3P
  "%h[8BO
  #ʰQo9A(L
6by5  #   
  !eR4U'ً!0J
  "9zLͳᤃ`A
  #|5gfԵYp.k9]kQ
6b0OyLkG  #   
  !=Ő10ߧӏk\4
  "錤fdP@揜yJ
  #˓dwkumvՍ2%
6bxZ  #   
  !BWvhk H~
  "b۬-dJ'h
  #՝C&ʺ2BBUH>a$[
6bx3[h  #   
  !(e#LQжOk)DqJ
  "yyaV}7=e
  #7J4)w(]m٬(
6bc9ww  #   
  !;Wlӥ>궡#UvK
  ")̑>9=Ҏ*qR
  #dnZA#JO6Dno
6bwߡ7  #   
  !q)qu@GD}
  ".@Bn?&=
  #FFٍEr}%貄98f}.
6b:uwc)F  #   
  !{.@C e_ׁKI
  "Y zUDѴ{e7;{z
  #ɣoo7uHbI-CL`a
6b#vƑU  #   
  !}<pk0͑[B2u
  "ky}u|E,
  #KcXjZ7uTe
6bvIh  #   
  !ϣ,E㴵2^Cdu
  "}Iݶ'fJ1DE+`99
  #wJ?o[Tkp1T:k
6bm_uw  #   
  !']p_M>Vaҗ`
  "8f\!+//xlb
  #@֏4V'$`u8k
6bu0鉚  #   
  !SےBʄE
  "K$`M滐>:ʹ-
  #'ފ"c=RT)Y$
6bDtq  #   
  !泎kśMQ2Q4P
  ".lôd|vEW
  #wଐa๓?7\a̒
6bItOT  #   
  !旐lx'ԏiS{I>
  "]<rcϴvS<NQF
  #r1g&ʷui_w
6bt`g  #   
  !hԐDMƵS/7ˤ
  "6=Lg&ε%ptRD@
  #ʸ7(6oR<C
6bws?v  #   
  !Q5Lg֘p1sR
  "P$Ζ~9}Ǐ-i
  #Ch4Ք-j?hfh
6b3sG  #   
  !9>_FҶ2곋
  "ͩt)(xf[G~
  #$//̱E0Qڒs
6bNr/  #   
  !'\av(kJW^='c
  "8Տ`FҬT^>MI
  #ݦ7=۝M]nrh
6bor.  #   
  !MxV7J#vW̕oߙ
  "IOf:ڑwhЪrg
  #ʨW3u02uD`o
6b%q  #   
  !'~je~ }`
  "mhyʿC7
  #ˀD>|,_suPf
6bqu  #   
  !}GTEWWoL"ؿ
  "7|yF,\I|
  #yƏ>зrNsL&
6bYq^e  #   
  !$,U8thbI+/e
  "`V<Յ<@CW-
  #˹ݐ|gB6Y̏UQBz[
6bXp͖  #   
  !q23&>P[w G^6
  "N4av#*r5.:PbX
  #NR%/[~`Px
6bpEU  #   
  !lгLY.㵏a,,?w
  "aAX._s<=a
  #gmt^Gu9ōDހ|R
6b0Co  #   
  !z!8롴<Xh
  "CBUՇ]vȐ;ʓ(
  #ICxv4JNv/
6bo,Eƚ  #   
  !WG[0ɽm/'f
  "/;^ST4ÐTf
  #ɱiP[!rĎxR
6bnٚ  #   
  !OĐ&Ƶ(qH'
  "Zq⸵tPZ
  #4G/nBвwhlB~A
6bc-n؋  #   
  !,Jl1!F]ޏI~]
  "G(KL+L
  #fY̡߮`!^搡x%
6bn[  #   
  !2`zix씕y)Dͱ!
  "Z"đJS<<
  #9kf*ɡط<Ւ#
6b:im{  #   
  !㭍'5NBwI
  "[Bo\uzv)Т)
  #*-\_-aW?qx2򖝃
6bmBƚ  #   
  !Ehoރ'ۏ!6 _
  "*.A_s|H"@@]!w
  #ˤJÏQWŖСB"B(jt
6blk՚  #   
  !D>+0DMe섏r"h|
  "꓇;;6;s-
  #,}B`b^44֛=
6bmSl)  #   
  !Jo,_bɎvl
  "$Ei#nnw.`ϧD#
  #ʫ0o}r?В_.:
6bk[  #   
  !J܂ҕguJ$͆
  ")kT=y9Pj͖A1ل
  #l6icݱ@ش{pq
6bDk9  #   
  ! xabK1ŵMb=$w
  "rdؤMdj0@k
  #͢K"_ *<7
6b=kYŚ  #   
  !ټ{\gA^~WM
  "z:`-]ݛp2[8de
  #yXxtLs[#Gӫ<
6bj)Ԛ  #   
  !6Q3t^_
  "S*`9M 
  #ʬyOWI;1K7><
6bwyj@  #   
  !ohƄ".y<%Hϻ;
  "Bޯ:Cn[z)ڰ{
  #˙FkB{qC37
6b'i  #   
  !T~'d,b3G
  "m񎣽*Gp:}KX
  #˼Ib몮X}zBCr
6bNi'$  #   
  !3t:.t~SbK@)
  "O`ڬ5ʷK|kQX
  #\(T~8D#Dm
6bch6  #   
  !*HS;5wU<asC8D
  "Α2LX'09"`/
  #EパF޷OuꮩI}
6b%hӚ  #   
  !+yprliahw(8Ҫa
  "C=-UQC^\`AI3
  #N{4W"E^_1|
6bhWO  #   
  !b$ʹ|@pz
  "&?=lѶ0<aL֞E>
  #VD^^Qw'
6bMg  #   
  !(sֽ31v٣7L.2
  "L\ܲEmAtX
  #)*Ӎ\/>m
6bXg>@'  #   
  !YCAU(|SGaSf
  "1#l<t2
  #3ݏi+"̴Cj"`dYX
6bf6  #   
  !ߏf\|s.dn
  "Y减вq"'¨
  #5Ф0$t8.K^M
6b07f%0E  #   
  !/ҏ}w<eP
  ":[π¶=}=XG
  #˓r!j'1<ۅϠ_
6beW  #   
  !Բk.趔IR
  "gϐ+]1-P
  #˅Jfɚ};5N}C4
6bseu  #   
  !f]F#ȵ$O1
  "Wd -_g'%e3Of
  #˫iV?\4+jڸUWMdq
6bc!eT"  #   
  !:ڐOJi cy
  "Gېo_m&pl7
  #C4_ߝ6LvG_1lUO
6bdf5  #   
  !'@2|zKEWWU4
  "n/5n=aͶ:[I&X
  #<=U2ᑟ;*k!
6b:]d;D  #   
  !3Pَ֊Ӷ~joi:&
  "X̚I3')
  #%Wx:ԦqOS
6bcVV  #   
  !ut)ސֲܑ+'9ѕ
  "lϑPŚ)6@KSS 
  #ɶ{+:<cC3oswN
6b\s#H  #   
  !У5;,\{7@6hRz9
  "lD4Ħ4/?^u
  #QjV>cZ8@3W5I
