 EARTHMOO   1.0000 0.01014   0.441 9.1213E-06  0.000   0.44
 A430       1.5001 0.01499   1.487 0.0000E+00  0.000   1.49
 A288       1.5170 0.02454   1.767 0.0000E+00  0.000   1.77
 A79        1.5217 0.06224   9.447 0.0000E+00  0.000   9.45
 A83        1.5220 0.05539   5.798 0.0000E+00  0.000   5.80
 A487       1.5240 0.06659   2.690 0.0000E+00  0.000   2.69
 A51        1.5315 0.02741   6.880 0.0000E+00  0.000   6.88
 A277       1.5351 0.06634   7.739 0.0000E+00  0.000   7.74
 A41        1.5475 0.07279   1.221 0.0000E+00  0.000   1.22
 A44        1.5501 0.04817   7.498 0.0000E+00  0.000   7.50
 A498       1.5531 0.00578   1.938 0.0000E+00  0.000   1.94
 A421       1.5536 0.06053   1.721 0.0000E+00  0.000   1.72
 A395       1.5583 0.06482   2.547 0.0000E+00  0.000   2.55
 A178       1.5619 0.02339   1.925 0.0000E+00  0.000   1.93
 A485       1.5750 0.06381   4.306 0.0000E+00  0.000   4.31
 A406       1.5767 0.05145   5.158 0.0000E+00  0.000   5.16
 A290       1.5807 0.04590   9.913 0.0000E+00  0.000   9.91
 A85        1.5848 0.02347   4.983 0.0000E+00  0.000   4.98
 A225       1.5942 0.00599   6.702 0.0000E+00  0.000   6.70
 A47        1.6054 0.02423   5.875 0.0000E+00  0.000   5.87
 A142       1.6061 0.02877   6.873 0.0000E+00  0.000   6.87
 A116       1.6128 0.03247   4.221 0.0000E+00  0.000   4.22
 A497       1.6207 0.07326   7.849 0.0000E+00  0.000   7.85
 A405       1.6305 0.06930   8.324 0.0000E+00  0.000   8.32
 A34        1.6346 0.05843   8.060 0.0000E+00  0.000   8.06
 A427       1.6355 0.07762   4.994 0.0000E+00  0.000   4.99
 A341       1.6363 0.05975   9.920 0.0000E+00  0.000   9.92
 A95        1.6370 0.08240   5.575 0.0000E+00  0.000   5.58
 A380       1.6426 0.06912   2.505 0.0000E+00  0.000   2.51
 A14        1.6443 0.04002   0.778 0.0000E+00  0.000   0.78
 A297       1.6480 0.00978   4.900 0.0000E+00  0.000   4.90
 A447       1.6509 0.06239   9.472 0.0000E+00  0.000   9.47
 A62        1.6525 0.04825   7.181 0.0000E+00  0.000   7.18
 A315       1.6541 0.07880   6.200 0.0000E+00  0.000   6.20
 A362       1.6573 0.03694   7.092 0.0000E+00  0.000   7.09
 A351       1.6601 0.09241   5.785 0.0000E+00  0.000   5.78
 A84        1.6607 0.06168   2.536 0.0000E+00  0.000   2.54
 A145       1.6719 0.03784   5.874 0.0000E+00  0.000   5.87
 A343       1.6798 0.02269   9.945 0.0000E+00  0.000   9.94
 A488       1.6821 0.08210   6.756 0.0000E+00  0.000   6.76
 A399       1.6833 0.08463   1.671 0.0000E+00  0.000   1.67
 A216       1.6861 0.10011   4.244 0.0000E+00  0.000   4.24
 A189       1.6887 0.02944   9.430 0.0000E+00  0.000   9.43
 A306       1.6931 0.01476   3.620 0.0000E+00  0.000   3.62
 A358       1.7104 0.01020   4.378 0.0000E+00  0.000   4.38
 A448       1.7127 0.07322   1.852 0.0000E+00  0.000   1.85
 A17        1.7215 0.05044  10.128 0.0000E+00  0.000  10.13
 A18        1.7260 0.00606   1.355 0.0000E+00  0.000   1.35
 A283       1.7260 0.08388   8.947 0.0000E+00  0.000   8.95
 A119       1.7459 0.02716   6.209 0.0000E+00  0.000   6.21
 A289       1.7598 0.09453   7.501 0.0000E+00  0.000   7.50
 A38        1.7675 0.04015   1.608 0.0000E+00  0.000   1.61
 A63        1.7700 0.03321   8.729 0.0000E+00  0.000   8.73
 A140       1.7774 0.08831   4.566 0.0000E+00  0.000   4.57
 A150       1.7832 0.08868   3.974 0.0000E+00  0.000   3.97
 A188       1.7856 0.00692   3.363 0.0000E+00  0.000   3.36
 A381       1.7939 0.09492   4.831 0.0000E+00  0.000   4.83
 A412       1.7972 0.08695   2.688 0.0000E+00  0.000   2.69
 A24        1.8022 0.04891   5.255 0.0000E+00  0.000   5.25
 A130       1.8025 0.03233   4.547 0.0000E+00  0.000   4.55
 A396       1.8026 0.07944   4.291 0.0000E+00  0.000   4.29
 A470       1.8061 0.08251   6.443 0.0000E+00  0.000   6.44
 A348       1.8062 0.06100   8.016 0.0000E+00  0.000   8.02
 A482       1.8133 0.01827   7.812 0.0000E+00  0.000   7.81
 A121       1.8164 0.04791   4.498 0.0000E+00  0.000   4.50
 A201       1.8198 0.02993  10.428 0.0000E+00  0.000  10.43
 A136       1.8200 0.06256   3.533 0.0000E+00  0.000   3.53
 A58        1.8205 0.08907   5.896 0.0000E+00  0.000   5.90
 A122       1.8208 0.13881   9.250 0.0000E+00  0.000   9.25
 A7         1.8218 0.03557   4.947 0.0000E+00  0.000   4.95
 A299       1.8224 0.08102   1.373 0.0000E+00  0.000   1.37
 A74        1.8257 0.07588   5.071 0.0000E+00  0.000   5.07
 A99        1.8263 0.06279   6.621 0.0000E+00  0.000   6.62
 A301       1.8265 0.03847   2.096 0.0000E+00  0.000   2.10
 A207       1.8312 0.01616   9.354 0.0000E+00  0.000   9.35
 A205       1.8357 0.09241   7.511 0.0000E+00  0.000   7.51
 A324       1.8385 0.09211   8.767 0.0000E+00  0.000   8.77
 A161       1.8393 0.04803   7.758 0.0000E+00  0.000   7.76
 A29        1.8410 0.04403   4.455 0.0000E+00  0.000   4.45
 A268       1.8437 0.03162   4.949 0.0000E+00  0.000   4.95
 A281       1.8451 0.07053   1.984 0.0000E+00  0.000   1.98
 A477       1.8604 0.02079   4.915 0.0000E+00  0.000   4.91
 A132       1.8612 0.07389   7.063 0.0000E+00  0.000   7.06
 A407       1.8633 0.01174   5.974 0.0000E+00  0.000   5.97
 A270       1.8645 0.04911   6.658 0.0000E+00  0.000   6.66
 A181       1.8649 0.02706   1.586 0.0000E+00  0.000   1.59
 A344       1.8680 0.06765   8.477 0.0000E+00  0.000   8.48
 A126       1.8688 0.03881   7.789 0.0000E+00  0.000   7.79
 A50        1.8698 0.02002   3.681 0.0000E+00  0.000   3.68
 A346       1.8751 0.01574   8.902 0.0000E+00  0.000   8.90
 A263       1.8799 0.01356   4.598 0.0000E+00  0.000   4.60
 A33        1.8830 0.00931   3.372 0.0000E+00  0.000   3.37
 A246       1.8842 0.10362   3.902 0.0000E+00  0.000   3.90
 A255       1.8937 0.07836   2.838 0.0000E+00  0.000   2.84
 A413       1.8985 0.09923   7.314 0.0000E+00  0.000   7.31
 A428       1.9007 0.06066   1.183 0.0000E+00  0.000   1.18
 A86        1.9070 0.04529   2.406 0.0000E+00  0.000   2.41
 A495       1.9078 0.04251   6.950 0.0000E+00  0.000   6.95
 A187       1.9284 0.05838   9.607 0.0000E+00  0.000   9.61
 A144       1.9295 0.04715   0.168 0.0000E+00  0.000   0.17
 A98        1.9317 0.03430   1.449 0.0000E+00  0.000   1.45
 A371       1.9363 0.01126   7.749 0.0000E+00  0.000   7.75
 A223       1.9370 0.03641   3.417 0.0000E+00  0.000   3.42
 A311       1.9373 0.05439   8.489 0.0000E+00  0.000   8.49
 A356       1.9438 0.07558   2.905 0.0000E+00  0.000   2.91
 A438       1.9448 0.09149   2.174 0.0000E+00  0.000   2.17
 A202       1.9570 0.07203   3.820 0.0000E+00  0.000   3.82
 A111       1.9713 0.03130   2.136 0.0000E+00  0.000   2.14
 A82        1.9760 0.04595   2.257 0.0000E+00  0.000   2.26
 A254       1.9762 0.03112   3.183 0.0000E+00  0.000   3.18
 A457       1.9781 0.01543   5.015 0.0000E+00  0.000   5.02
 A342       1.9843 0.04252   8.136 0.0000E+00  0.000   8.14
 A241       1.9858 0.15099   5.289 0.0000E+00  0.000   5.29
 A481       1.9950 0.06826   6.825 0.0000E+00  0.000   6.82
 A332       1.9962 0.05799   8.009 0.0000E+00  0.000   8.01
 A493       1.9966 0.07826   0.877 0.0000E+00  0.000   0.88
 A221       2.0260 0.05545   3.213 0.0000E+00  0.000   3.21
 A107       2.0409 0.05259   3.262 0.0000E+00  0.000   3.26
 A314       2.0484 0.15723   6.771 0.0000E+00  0.000   6.77
 A486       2.0518 0.08379   9.537 0.0000E+00  0.000   9.54
 A43        2.0539 0.11690   6.184 0.0000E+00  0.000   6.18
 A69        2.0575 0.05136   7.284 0.0000E+00  0.000   7.28
 A328       2.0622 0.08458   9.841 0.0000E+00  0.000   9.84
 A138       2.0784 0.13588   7.833 0.0000E+00  0.000   7.83
 A90        2.0796 0.10517   8.312 0.0000E+00  0.000   8.31
 A378       2.0820 0.05635   6.277 0.0000E+00  0.000   6.28
 A377       2.0899 0.09690   1.262 0.0000E+00  0.000   1.26
 A169       2.0923 0.05304   6.949 0.0000E+00  0.000   6.95
 A96        2.1061 0.05289   8.610 0.0000E+00  0.000   8.61
 A186       2.1093 0.08327   8.595 0.0000E+00  0.000   8.60
 A440       2.1095 0.07559   6.789 0.0000E+00  0.000   6.79
 A25        2.1096 0.03300   6.186 0.0000E+00  0.000   6.19
 A317       2.1168 0.03791   5.109 0.0000E+00  0.000   5.11
 A217       2.1239 0.09259   6.985 0.0000E+00  0.000   6.98
 A400       2.1266 0.02901   9.290 0.0000E+00  0.000   9.29
 A273       2.1311 0.08230   0.183 0.0000E+00  0.000   0.18
 A117       2.1327 0.09154   0.363 0.0000E+00  0.000   0.36
 A373       2.1358 0.07655   7.040 0.0000E+00  0.000   7.04
 A251       2.1414 0.01641   1.504 0.0000E+00  0.000   1.50
 A292       2.1456 0.07978   9.450 0.0000E+00  0.000   9.45
 A12        2.1463 0.01769   6.136 0.0000E+00  0.000   6.14
 A325       2.1555 0.03676   0.996 0.0000E+00  0.000   1.00
 A429       2.1615 0.10941   0.435 0.0000E+00  0.000   0.44
 A475       2.1654 0.04071   3.736 0.0000E+00  0.000   3.74
 A199       2.1663 0.03069   9.397 0.0000E+00  0.000   9.40
 A55        2.1719 0.05842   7.448 0.0000E+00  0.000   7.45
 A227       2.1730 0.02744   2.343 0.0000E+00  0.000   2.34
 A214       2.1870 0.07405   4.002 0.0000E+00  0.000   4.00
 A191       2.1895 0.03192   3.293 0.0000E+00  0.000   3.29
 A149       2.1917 0.08091   7.692 0.0000E+00  0.000   7.69
 A308       2.1991 0.06347   0.827 0.0000E+00  0.000   0.83
 A474       2.1995 0.05605   4.088 0.0000E+00  0.000   4.09
 A94        2.1999 0.03584   1.110 0.0000E+00  0.000   1.11
 A28        2.2086 0.03423   1.185 0.0000E+00  0.000   1.18
 A293       2.2110 0.10103   3.696 0.0000E+00  0.000   3.70
 A45        2.2139 0.06637   3.142 0.0000E+00  0.000   3.14
 A185       2.2219 0.01461   3.447 0.0000E+00  0.000   3.45
 A72        2.2273 0.00757   2.216 0.0000E+00  0.000   2.22
 A476       2.2324 0.03576   8.455 0.0000E+00  0.000   8.46
 A307       2.2575 0.01559   1.820 0.0000E+00  0.000   1.82
 A171       2.2617 0.03064   2.560 0.0000E+00  0.000   2.56
 A384       2.2644 0.08607   9.511 0.0000E+00  0.000   9.51
 A224       2.2655 0.03782   5.227 0.0000E+00  0.000   5.23
 A278       2.2658 0.07411   8.874 0.0000E+00  0.000   8.87
 A22        2.2693 0.01374   6.705 0.0000E+00  0.000   6.70
 A61        2.2747 0.04585   1.599 0.0000E+00  0.000   1.60
 A229       2.2790 0.00711   4.455 0.0000E+00  0.000   4.46
 A310       2.2950 0.04668   6.436 0.0000E+00  0.000   6.44
 A147       2.2991 0.02649   1.763 0.0000E+00  0.000   1.76
 A455       2.3097 0.02151   7.573 0.0000E+00  0.000   7.57
 A158       2.3143 0.11268   0.387 0.0000E+00  0.000   0.39
 A313       2.3155 0.01813   8.053 0.0000E+00  0.000   8.05
 A35        2.3210 0.04902   7.874 0.0000E+00  0.000   7.87
 A272       2.3234 0.06702   7.965 0.0000E+00  0.000   7.97
 A465       2.3402 0.09779   8.100 0.0000E+00  0.000   8.10
 A165       2.3566 0.07581   4.927 0.0000E+00  0.000   4.93
 A436       2.3593 0.03015   8.033 0.0000E+00  0.000   8.03
 A127       2.3644 0.04456   5.260 0.0000E+00  0.000   5.26
 A174       2.3737 0.03232   4.024 0.0000E+00  0.000   4.02
 A257       2.3799 0.02257   4.168 0.0000E+00  0.000   4.17
 A156       2.3850 0.04356   4.135 0.0000E+00  0.000   4.14
 A48        2.3864 0.06644   3.267 0.0000E+00  0.000   3.27
 A375       2.3886 0.07030   2.569 0.0000E+00  0.000   2.57
 A93        2.3948 0.04630   1.593 0.0000E+00  0.000   1.59
 A101       2.3972 0.04460   9.059 0.0000E+00  0.000   9.06
 A444       2.3987 0.09128   5.327 0.0000E+00  0.000   5.33
 A442       2.4010 0.13771   3.366 0.0000E+00  0.000   3.37
 A20        2.4050 0.05114   3.878 0.0000E+00  0.000   3.88
 A321       2.4134 0.03066   6.468 0.0000E+00  0.000   6.47
 A345       2.4182 0.02557   4.393 0.0000E+00  0.000   4.39
 A159       2.4232 0.06540   0.856 0.0000E+00  0.000   0.86
 A172       2.4392 0.12182   8.607 0.0000E+00  0.000   8.61
 A141       2.6102 0.04249   1.669 0.0000E+00  0.000   1.67
 A331       2.6209 0.00899   2.262 0.0000E+00  0.000   2.26
 A6         2.6292 0.08285   4.458 0.0000E+00  0.000   4.46
 A372       2.6459 0.12111   3.019 0.0000E+00  0.000   3.02
 A431       2.6618 0.09912   2.220 0.0000E+00  0.000   2.22
 A416       3.0861 0.05092   5.042 0.0000E+00  0.000   5.04
 A350       3.1089 0.02833   1.889 0.0000E+00  0.000   1.89
 A68        3.1093 0.02258   8.631 0.0000E+00  0.000   8.63
 A70        3.1297 0.07146   4.403 0.0000E+00  0.000   4.40
 A252       3.1448 0.05394   0.158 0.0000E+00  0.000   0.16
 A164       3.1599 0.03710   6.304 0.0000E+00  0.000   6.30
 A103       3.1619 0.08139   3.469 0.0000E+00  0.000   3.47
 A326       3.1841 0.04496   0.356 0.0000E+00  0.000   0.36
 A60        3.1979 0.04576   7.236 0.0000E+00  0.000   7.24
 A480       3.1983 0.10997   6.289 0.0000E+00  0.000   6.29
 JUPITER    3.2033 0.02444   0.316 9.5479E-04  0.000   0.32
 A250       3.2048 0.02647   1.836 0.0000E+00  0.000   1.84
 A133       3.2058 0.02114   8.491 0.0000E+00  0.000   8.49
 A401       3.2249 0.06266   5.233 0.0000E+00  0.000   5.23
 A106       3.2328 0.06375   6.171 0.0000E+00  0.000   6.17
 A490       3.2621 0.10785   2.344 0.0000E+00  0.000   2.34
 A40        3.2660 0.10085   8.602 0.0000E+00  0.000   8.60
 A244       3.2777 0.05942   7.190 0.0000E+00  0.000   7.19
 A16        3.2840 0.04249   4.408 0.0000E+00  0.000   4.41
 A357       3.2932 0.00880   8.499 0.0000E+00  0.000   8.50
 A146       4.0386 0.04363   3.142 0.0000E+00  0.000   3.14
 SATURN     9.5311 0.03489   2.444 2.8589E-04  0.000   2.44
 A238      16.8171 0.47243  52.155 0.0000E+00  0.000  52.16
