 A352       0.7425 0.33734  10.108 0.0000E+00  0.000  10.11
 EARTHMOO   1.0001 0.00881   1.532 9.1213E-06  0.000   1.53
 A430       1.5001 0.00826   1.203 0.0000E+00  0.000   1.20
 A288       1.5171 0.01070   0.790 0.0000E+00  0.000   0.79
 A79        1.5215 0.05245   8.692 0.0000E+00  0.000   8.69
 A83        1.5219 0.04773   7.011 0.0000E+00  0.000   7.01
 A487       1.5245 0.05613   1.945 0.0000E+00  0.000   1.95
 A51        1.5328 0.02462   7.689 0.0000E+00  0.000   7.69
 A277       1.5340 0.07733   7.430 0.0000E+00  0.000   7.43
 A41        1.5474 0.08113   1.482 0.0000E+00  0.000   1.48
 A44        1.5502 0.04498   8.164 0.0000E+00  0.000   8.16
 A239       1.5528 0.55974  16.521 0.0000E+00  0.000  16.52
 A421       1.5535 0.05749   2.654 0.0000E+00  0.000   2.65
 A498       1.5537 0.00790   1.119 0.0000E+00  0.000   1.12
 A395       1.5580 0.09521   1.089 0.0000E+00  0.000   1.09
 A178       1.5623 0.02762   3.169 0.0000E+00  0.000   3.17
 A485       1.5752 0.07549   5.503 0.0000E+00  0.000   5.50
 A406       1.5772 0.05706   5.996 0.0000E+00  0.000   6.00
 A290       1.5799 0.04855   8.276 0.0000E+00  0.000   8.28
 A85        1.5854 0.00310   3.909 0.0000E+00  0.000   3.91
 A225       1.5943 0.00662   6.844 0.0000E+00  0.000   6.84
 A47        1.6050 0.03827   6.950 0.0000E+00  0.000   6.95
 A142       1.6061 0.01837   5.111 0.0000E+00  0.000   5.11
 A116       1.6123 0.02956   4.666 0.0000E+00  0.000   4.67
 A497       1.6208 0.10133   6.437 0.0000E+00  0.000   6.44
 A405       1.6298 0.05649   6.951 0.0000E+00  0.000   6.95
 A34        1.6343 0.05249   9.319 0.0000E+00  0.000   9.32
 A427       1.6361 0.07952   5.436 0.0000E+00  0.000   5.44
 A95        1.6372 0.10014   6.084 0.0000E+00  0.000   6.08
 A341       1.6374 0.05295  10.727 0.0000E+00  0.000  10.73
 A380       1.6429 0.06953   1.557 0.0000E+00  0.000   1.56
 A14        1.6442 0.03607   1.693 0.0000E+00  0.000   1.69
 A297       1.6479 0.01418   3.700 0.0000E+00  0.000   3.70
 A447       1.6511 0.05664   9.282 0.0000E+00  0.000   9.28
 A62        1.6524 0.04249   6.146 0.0000E+00  0.000   6.15
 A315       1.6546 0.06594   6.405 0.0000E+00  0.000   6.40
 A362       1.6576 0.03260   5.678 0.0000E+00  0.000   5.68
 A351       1.6595 0.08076   4.982 0.0000E+00  0.000   4.98
 A84        1.6605 0.03619   3.839 0.0000E+00  0.000   3.84
 A145       1.6706 0.04995   6.499 0.0000E+00  0.000   6.50
 A343       1.6796 0.00666  11.453 0.0000E+00  0.000  11.45
 A488       1.6815 0.07677   7.960 0.0000E+00  0.000   7.96
 A399       1.6836 0.10591   1.337 0.0000E+00  0.000   1.34
 A216       1.6852 0.09370   2.923 0.0000E+00  0.000   2.92
 A189       1.6891 0.03283  11.111 0.0000E+00  0.000  11.11
 A306       1.6931 0.01537   1.984 0.0000E+00  0.000   1.98
 A358       1.7113 0.02492   5.296 0.0000E+00  0.000   5.30
 A448       1.7127 0.05974   2.516 0.0000E+00  0.000   2.52
 A17        1.7224 0.06777   8.463 0.0000E+00  0.000   8.46
 A283       1.7254 0.07001   7.658 0.0000E+00  0.000   7.66
 A18        1.7254 0.02021   0.236 0.0000E+00  0.000   0.24
 A119       1.7454 0.03649   8.039 0.0000E+00  0.000   8.04
 A289       1.7602 0.10303   6.679 0.0000E+00  0.000   6.68
 A38        1.7674 0.03472   1.444 0.0000E+00  0.000   1.44
 A63        1.7681 0.02873   9.466 0.0000E+00  0.000   9.47
 A140       1.7777 0.08456   2.953 0.0000E+00  0.000   2.95
 A150       1.7833 0.08725   5.732 0.0000E+00  0.000   5.73
 A188       1.7856 0.02773   1.715 0.0000E+00  0.000   1.71
 A381       1.7946 0.09178   3.516 0.0000E+00  0.000   3.52
 A412       1.7963 0.07653   1.135 0.0000E+00  0.000   1.13
 A396       1.7997 0.08769   4.308 0.0000E+00  0.000   4.31
 A24        1.8015 0.05373   4.181 0.0000E+00  0.000   4.18
 A130       1.8027 0.00400   2.846 0.0000E+00  0.000   2.85
 A348       1.8074 0.03150   9.213 0.0000E+00  0.000   9.21
 A470       1.8078 0.06073   7.548 0.0000E+00  0.000   7.55
 A482       1.8143 0.00900   7.193 0.0000E+00  0.000   7.19
 A121       1.8167 0.03148   3.410 0.0000E+00  0.000   3.41
 A122       1.8199 0.11314   8.142 0.0000E+00  0.000   8.14
 A201       1.8204 0.05906  10.582 0.0000E+00  0.000  10.58
 A136       1.8207 0.07164   4.959 0.0000E+00  0.000   4.96
 A58        1.8220 0.07866   7.460 0.0000E+00  0.000   7.46
 A7         1.8228 0.05012   5.647 0.0000E+00  0.000   5.65
 A299       1.8237 0.08464   1.358 0.0000E+00  0.000   1.36
 A74        1.8262 0.08256   6.396 0.0000E+00  0.000   6.40
 A301       1.8265 0.03418   1.907 0.0000E+00  0.000   1.91
 A99        1.8287 0.06372   5.138 0.0000E+00  0.000   5.14
 A207       1.8307 0.00282   8.045 0.0000E+00  0.000   8.04
 A205       1.8372 0.10942   5.674 0.0000E+00  0.000   5.67
 A324       1.8378 0.06822  10.056 0.0000E+00  0.000  10.06
 A161       1.8380 0.04115   7.276 0.0000E+00  0.000   7.28
 A29        1.8403 0.03277   3.125 0.0000E+00  0.000   3.12
 A268       1.8442 0.03029   4.927 0.0000E+00  0.000   4.93
 A281       1.8460 0.10069   1.412 0.0000E+00  0.000   1.41
 A477       1.8601 0.03856   5.570 0.0000E+00  0.000   5.57
 A132       1.8617 0.08760   6.824 0.0000E+00  0.000   6.82
 A181       1.8626 0.03845   2.326 0.0000E+00  0.000   2.33
 A407       1.8636 0.01786   4.650 0.0000E+00  0.000   4.65
 A270       1.8643 0.04749   5.239 0.0000E+00  0.000   5.24
 A126       1.8694 0.04452   6.721 0.0000E+00  0.000   6.72
 A50        1.8699 0.01058   3.979 0.0000E+00  0.000   3.98
 A344       1.8702 0.07539   8.811 0.0000E+00  0.000   8.81
 A346       1.8742 0.02046   7.521 0.0000E+00  0.000   7.52
 A263       1.8805 0.01428   6.296 0.0000E+00  0.000   6.30
 A33        1.8819 0.03836   4.759 0.0000E+00  0.000   4.76
 A246       1.8838 0.08329   5.172 0.0000E+00  0.000   5.17
 A413       1.8945 0.10605   7.675 0.0000E+00  0.000   7.67
 A428       1.8965 0.04766   0.141 0.0000E+00  0.000   0.14
 A255       1.8978 0.07166   4.264 0.0000E+00  0.000   4.26
 A86        1.9051 0.06080   3.466 0.0000E+00  0.000   3.47
 A495       1.9099 0.05530   8.642 0.0000E+00  0.000   8.64
 A187       1.9294 0.06789   9.451 0.0000E+00  0.000   9.45
 A98        1.9297 0.03687   2.632 0.0000E+00  0.000   2.63
 A144       1.9330 0.02870   1.461 0.0000E+00  0.000   1.46
 A223       1.9349 0.04254   2.625 0.0000E+00  0.000   2.62
 A371       1.9357 0.02098   8.764 0.0000E+00  0.000   8.76
 A311       1.9358 0.05905   8.632 0.0000E+00  0.000   8.63
 A356       1.9398 0.10421   2.597 0.0000E+00  0.000   2.60
 A438       1.9417 0.11834   2.233 0.0000E+00  0.000   2.23
 A202       1.9586 0.08554   5.216 0.0000E+00  0.000   5.22
 A111       1.9695 0.03997   3.653 0.0000E+00  0.000   3.65
 A254       1.9765 0.02395   3.730 0.0000E+00  0.000   3.73
 A82        1.9774 0.06488   1.776 0.0000E+00  0.000   1.78
 A457       1.9785 0.02101   4.910 0.0000E+00  0.000   4.91
 A267       1.9790 0.27554  10.777 0.0000E+00  0.000  10.78
 A342       1.9879 0.03108   6.397 0.0000E+00  0.000   6.40
 A332       1.9926 0.07295   9.105 0.0000E+00  0.000   9.10
 A43        1.9941 0.18112   7.657 0.0000E+00  0.000   7.66
 A481       1.9942 0.05425   7.769 0.0000E+00  0.000   7.77
 A493       2.0028 0.05162   2.285 0.0000E+00  0.000   2.29
 A241       2.0182 0.03875   4.053 0.0000E+00  0.000   4.05
 A221       2.0202 0.08985   2.100 0.0000E+00  0.000   2.10
 A107       2.0534 0.04863   4.620 0.0000E+00  0.000   4.62
 A69        2.0548 0.04235   6.408 0.0000E+00  0.000   6.41
 A328       2.0582 0.11330  11.082 0.0000E+00  0.000  11.08
 A486       2.0676 0.06165   7.808 0.0000E+00  0.000   7.81
 A314       2.0686 0.08030   5.386 0.0000E+00  0.000   5.39
 A138       2.0713 0.13741   8.994 0.0000E+00  0.000   8.99
 A90        2.0865 0.11253   7.677 0.0000E+00  0.000   7.68
 A377       2.0868 0.05114   0.581 0.0000E+00  0.000   0.58
 A378       2.0895 0.02249   5.058 0.0000E+00  0.000   5.06
 A169       2.0976 0.03439   8.396 0.0000E+00  0.000   8.40
 A96        2.1030 0.04723   8.752 0.0000E+00  0.000   8.75
 A440       2.1034 0.09635   8.251 0.0000E+00  0.000   8.25
 A186       2.1103 0.05970   9.587 0.0000E+00  0.000   9.59
 A25        2.1108 0.04036   7.698 0.0000E+00  0.000   7.70
 A273       2.1178 0.08929   1.696 0.0000E+00  0.000   1.70
 A400       2.1191 0.00859   7.509 0.0000E+00  0.000   7.51
 A317       2.1253 0.04752   5.880 0.0000E+00  0.000   5.88
 A217       2.1262 0.06283   8.877 0.0000E+00  0.000   8.88
 A117       2.1319 0.07341   1.434 0.0000E+00  0.000   1.43
 A292       2.1403 0.06820   9.801 0.0000E+00  0.000   9.80
 A373       2.1404 0.03087   6.260 0.0000E+00  0.000   6.26
 A251       2.1434 0.02022   0.318 0.0000E+00  0.000   0.32
 A12        2.1442 0.02082   6.506 0.0000E+00  0.000   6.51
 A325       2.1574 0.05093   1.465 0.0000E+00  0.000   1.47
 A199       2.1599 0.02965  11.122 0.0000E+00  0.000  11.12
 A55        2.1727 0.03552   5.893 0.0000E+00  0.000   5.89
 A227       2.1731 0.01072   1.417 0.0000E+00  0.000   1.42
 A475       2.1734 0.05830   2.926 0.0000E+00  0.000   2.93
 A429       2.1746 0.07906   1.587 0.0000E+00  0.000   1.59
 A214       2.1850 0.09400   5.138 0.0000E+00  0.000   5.14
 A149       2.1861 0.06568   5.869 0.0000E+00  0.000   5.87
 A191       2.1893 0.03085   4.357 0.0000E+00  0.000   4.36
 A474       2.1963 0.08768   3.208 0.0000E+00  0.000   3.21
 A94        2.1967 0.05357   0.779 0.0000E+00  0.000   0.78
 A308       2.2050 0.07976   2.077 0.0000E+00  0.000   2.08
 A28        2.2077 0.05036   2.226 0.0000E+00  0.000   2.23
 A293       2.2110 0.03378   1.375 0.0000E+00  0.000   1.37
 A45        2.2152 0.04018   2.555 0.0000E+00  0.000   2.55
 A379       2.2205 0.10026   3.732 0.0000E+00  0.000   3.73
 A185       2.2256 0.02575   3.136 0.0000E+00  0.000   3.14
 A72        2.2258 0.03327   1.771 0.0000E+00  0.000   1.77
 A476       2.2337 0.03128   7.438 0.0000E+00  0.000   7.44
 A307       2.2573 0.02275   2.661 0.0000E+00  0.000   2.66
 A171       2.2583 0.02523   2.274 0.0000E+00  0.000   2.27
 A22        2.2610 0.00932   6.403 0.0000E+00  0.000   6.40
 A384       2.2617 0.07606   8.146 0.0000E+00  0.000   8.15
 A224       2.2633 0.08191   3.403 0.0000E+00  0.000   3.40
 A278       2.2644 0.05359   9.854 0.0000E+00  0.000   9.85
 A229       2.2655 0.02484   5.424 0.0000E+00  0.000   5.42
 A61        2.2759 0.06659   3.194 0.0000E+00  0.000   3.19
 A147       2.2933 0.01655   1.207 0.0000E+00  0.000   1.21
 A310       2.2972 0.02130   7.640 0.0000E+00  0.000   7.64
 A158       2.3026 0.11750   1.132 0.0000E+00  0.000   1.13
 A455       2.3072 0.02339   6.261 0.0000E+00  0.000   6.26
 A313       2.3185 0.04176   9.225 0.0000E+00  0.000   9.22
 A35        2.3201 0.07677   6.874 0.0000E+00  0.000   6.87
 A323       2.3268 0.10094   4.400 0.0000E+00  0.000   4.40
 A272       2.3290 0.01087   7.170 0.0000E+00  0.000   7.17
 A465       2.3435 0.06629   6.526 0.0000E+00  0.000   6.53
 A473       2.3457 0.09272   4.916 0.0000E+00  0.000   4.92
 A436       2.3547 0.01201   9.300 0.0000E+00  0.000   9.30
 A174       2.3599 0.02680   4.622 0.0000E+00  0.000   4.62
 A127       2.3704 0.01146   5.610 0.0000E+00  0.000   5.61
 A165       2.3781 0.09660   3.829 0.0000E+00  0.000   3.83
 A48        2.3785 0.07961   3.825 0.0000E+00  0.000   3.83
 A257       2.3807 0.03572   4.227 0.0000E+00  0.000   4.23
 A321       2.3824 0.06958   6.167 0.0000E+00  0.000   6.17
 A375       2.3879 0.06100   1.306 0.0000E+00  0.000   1.31
 A101       2.3904 0.05303   9.988 0.0000E+00  0.000   9.99
 A20        2.3956 0.06846   5.462 0.0000E+00  0.000   5.46
 A159       2.3960 0.07103   0.441 0.0000E+00  0.000   0.44
 A156       2.3989 0.05769   5.964 0.0000E+00  0.000   5.96
 A345       2.4097 0.02907   5.139 0.0000E+00  0.000   5.14
 A444       2.4143 0.03017   6.033 0.0000E+00  0.000   6.03
 A93        2.4154 0.01295   0.845 0.0000E+00  0.000   0.84
 A442       2.4404 0.06918   3.925 0.0000E+00  0.000   3.93
 A172       2.4534 0.07807   6.900 0.0000E+00  0.000   6.90
 A234       2.5286 0.05442   4.916 0.0000E+00  0.000   4.92
 A331       2.5844 0.02785   3.335 0.0000E+00  0.000   3.33
 A431       2.6197 0.10949   3.581 0.0000E+00  0.000   3.58
 A372       2.6270 0.07321   3.020 0.0000E+00  0.000   3.02
 A141       2.6449 0.07051   2.470 0.0000E+00  0.000   2.47
 A6         2.6563 0.07374   5.306 0.0000E+00  0.000   5.31
 A420       3.0892 0.07646   0.892 0.0000E+00  0.000   0.89
 A416       3.1088 0.03320   5.992 0.0000E+00  0.000   5.99
 A106       3.1179 0.04182   5.201 0.0000E+00  0.000   5.20
 A68        3.1212 0.02632   8.207 0.0000E+00  0.000   8.21
 A244       3.1420 0.06290   6.134 0.0000E+00  0.000   6.13
 A40        3.1471 0.11191   9.439 0.0000E+00  0.000   9.44
 A326       3.1615 0.02132   1.415 0.0000E+00  0.000   1.41
 A103       3.1710 0.10838   4.875 0.0000E+00  0.000   4.88
 A60        3.1946 0.07412   8.990 0.0000E+00  0.000   8.99
 A164       3.1960 0.01674   7.086 0.0000E+00  0.000   7.09
 A401       3.1978 0.05861   6.570 0.0000E+00  0.000   6.57
 A252       3.1993 0.05832   1.601 0.0000E+00  0.000   1.60
 JUPITER    3.2032 0.01930   1.508 9.5479E-04  0.000   1.51
 A70        3.2051 0.06144   2.714 0.0000E+00  0.000   2.71
 A480       3.2168 0.07040   7.412 0.0000E+00  0.000   7.41
 A133       3.2567 0.01029   9.732 0.0000E+00  0.000   9.73
 A490       3.2663 0.09761   3.444 0.0000E+00  0.000   3.44
 A357       3.2680 0.00984  10.159 0.0000E+00  0.000  10.16
 A350       3.2908 0.03467   0.669 0.0000E+00  0.000   0.67
 A16        3.3081 0.05544   5.139 0.0000E+00  0.000   5.14
 A250       3.3187 0.01784   2.819 0.0000E+00  0.000   2.82
 A230       3.8972 0.01652   1.776 0.0000E+00  0.000   1.78
 A26        4.0397 0.01842   2.361 0.0000E+00  0.000   2.36
 A146       4.0469 0.00521   4.519 0.0000E+00  0.000   4.52
 SATURN     9.4952 0.04284   1.313 2.8589E-04  0.000   1.31
 A192       9.5545 0.24776  33.941 0.0000E+00  0.000  33.94
 A238      15.2672 0.32538  46.146 0.0000E+00  0.000  46.15
 A271      16.1403 0.20385  28.884 0.0000E+00  0.000  28.88
 A4        29.3025 0.77782  47.973 0.0000E+00  0.000  47.97
 A403      43.8590 0.79644  53.347 0.0000E+00  0.000  53.35
 A494      51.3855 0.80016  14.534 0.0000E+00  0.000  14.53
