 EARTHMOO   1.0001 0.00662   0.373 9.1213E-06  0.000   0.37
 A352       1.0513 0.18164   9.662 0.0000E+00  0.000   9.66
 A430       1.4999 0.00839   1.594 0.0000E+00  0.000   1.59
 A288       1.5165 0.02425   2.052 0.0000E+00  0.000   2.05
 A79        1.5211 0.05717   9.701 0.0000E+00  0.000   9.70
 A83        1.5222 0.05474   5.497 0.0000E+00  0.000   5.50
 A487       1.5244 0.05157   2.391 0.0000E+00  0.000   2.39
 A51        1.5318 0.02433   6.361 0.0000E+00  0.000   6.36
 A277       1.5330 0.09180   7.712 0.0000E+00  0.000   7.71
 A41        1.5471 0.09566   1.549 0.0000E+00  0.000   1.55
 A44        1.5500 0.03197   7.471 0.0000E+00  0.000   7.47
 A421       1.5528 0.04704   1.391 0.0000E+00  0.000   1.39
 A498       1.5532 0.03093   1.498 0.0000E+00  0.000   1.50
 A395       1.5580 0.08969   2.469 0.0000E+00  0.000   2.47
 A178       1.5625 0.01939   1.801 0.0000E+00  0.000   1.80
 A485       1.5759 0.08456   4.359 0.0000E+00  0.000   4.36
 A406       1.5767 0.06122   4.869 0.0000E+00  0.000   4.87
 A290       1.5802 0.05751   9.453 0.0000E+00  0.000   9.45
 A85        1.5851 0.02247   5.321 0.0000E+00  0.000   5.32
 A225       1.5945 0.01646   6.949 0.0000E+00  0.000   6.95
 A47        1.6051 0.03798   5.622 0.0000E+00  0.000   5.62
 A142       1.6057 0.01893   6.408 0.0000E+00  0.000   6.41
 A116       1.6128 0.04331   4.327 0.0000E+00  0.000   4.33
 A497       1.6205 0.09358   8.044 0.0000E+00  0.000   8.04
 A405       1.6295 0.05493   8.290 0.0000E+00  0.000   8.29
 A34        1.6340 0.05323   8.083 0.0000E+00  0.000   8.08
 A427       1.6363 0.09056   5.334 0.0000E+00  0.000   5.33
 A341       1.6366 0.05150   9.598 0.0000E+00  0.000   9.60
 A95        1.6371 0.10333   5.439 0.0000E+00  0.000   5.44
 A380       1.6430 0.06339   2.131 0.0000E+00  0.000   2.13
 A14        1.6444 0.03827   0.615 0.0000E+00  0.000   0.62
 A297       1.6486 0.00933   4.880 0.0000E+00  0.000   4.88
 A447       1.6511 0.04207   9.587 0.0000E+00  0.000   9.59
 A315       1.6528 0.05816   6.701 0.0000E+00  0.000   6.70
 A62        1.6539 0.04593   7.230 0.0000E+00  0.000   7.23
 A362       1.6573 0.03257   7.003 0.0000E+00  0.000   7.00
 A351       1.6592 0.08449   5.475 0.0000E+00  0.000   5.48
 A84        1.6615 0.05165   2.228 0.0000E+00  0.000   2.23
 A145       1.6709 0.05537   5.811 0.0000E+00  0.000   5.81
 A343       1.6793 0.01342  10.084 0.0000E+00  0.000  10.08
 A488       1.6813 0.07559   6.845 0.0000E+00  0.000   6.85
 A399       1.6835 0.09456   1.534 0.0000E+00  0.000   1.53
 A216       1.6847 0.09237   3.805 0.0000E+00  0.000   3.81
 A189       1.6893 0.03369   9.652 0.0000E+00  0.000   9.65
 A306       1.6943 0.01061   3.489 0.0000E+00  0.000   3.49
 A358       1.7109 0.01779   4.297 0.0000E+00  0.000   4.30
 A448       1.7127 0.06709   1.421 0.0000E+00  0.000   1.42
 A17        1.7220 0.05784   9.899 0.0000E+00  0.000   9.90
 A283       1.7250 0.07332   8.819 0.0000E+00  0.000   8.82
 A18        1.7262 0.01062   1.398 0.0000E+00  0.000   1.40
 A119       1.7454 0.01630   6.474 0.0000E+00  0.000   6.47
 A289       1.7588 0.10024   7.594 0.0000E+00  0.000   7.59
 A38        1.7676 0.04469   1.697 0.0000E+00  0.000   1.70
 A63        1.7686 0.00952   8.492 0.0000E+00  0.000   8.49
 A140       1.7765 0.09978   4.226 0.0000E+00  0.000   4.23
 A150       1.7829 0.09874   4.162 0.0000E+00  0.000   4.16
 A188       1.7859 0.02364   3.319 0.0000E+00  0.000   3.32
 A381       1.7932 0.07304   4.459 0.0000E+00  0.000   4.46
 A412       1.7968 0.08892   2.454 0.0000E+00  0.000   2.45
 A396       1.8004 0.09810   4.643 0.0000E+00  0.000   4.64
 A24        1.8021 0.06054   5.295 0.0000E+00  0.000   5.29
 A130       1.8034 0.00641   4.249 0.0000E+00  0.000   4.25
 A348       1.8052 0.04029   7.807 0.0000E+00  0.000   7.81
 A470       1.8058 0.07531   6.615 0.0000E+00  0.000   6.62
 A482       1.8145 0.02013   7.603 0.0000E+00  0.000   7.60
 A121       1.8168 0.04941   4.466 0.0000E+00  0.000   4.47
 A122       1.8189 0.12076   9.196 0.0000E+00  0.000   9.20
 A136       1.8199 0.05957   3.668 0.0000E+00  0.000   3.67
 A201       1.8218 0.03808  10.125 0.0000E+00  0.000  10.13
 A58        1.8218 0.07246   6.209 0.0000E+00  0.000   6.21
 A7         1.8220 0.05058   4.998 0.0000E+00  0.000   5.00
 A299       1.8230 0.08549   1.395 0.0000E+00  0.000   1.39
 A74        1.8252 0.06470   4.981 0.0000E+00  0.000   4.98
 A99        1.8254 0.06222   6.553 0.0000E+00  0.000   6.55
 A301       1.8285 0.01951   2.504 0.0000E+00  0.000   2.50
 A207       1.8310 0.01711   8.948 0.0000E+00  0.000   8.95
 A205       1.8355 0.10315   6.996 0.0000E+00  0.000   7.00
 A324       1.8378 0.05795   9.311 0.0000E+00  0.000   9.31
 A161       1.8380 0.04569   7.964 0.0000E+00  0.000   7.96
 A29        1.8414 0.03123   4.736 0.0000E+00  0.000   4.74
 A281       1.8451 0.08400   1.802 0.0000E+00  0.000   1.80
 A268       1.8459 0.01996   5.104 0.0000E+00  0.000   5.10
 A477       1.8608 0.02589   4.614 0.0000E+00  0.000   4.61
 A181       1.8614 0.02131   1.895 0.0000E+00  0.000   1.90
 A407       1.8636 0.00945   6.293 0.0000E+00  0.000   6.29
 A132       1.8644 0.09632   7.272 0.0000E+00  0.000   7.27
 A270       1.8657 0.05501   6.494 0.0000E+00  0.000   6.49
 A344       1.8678 0.08181   8.842 0.0000E+00  0.000   8.84
 A126       1.8687 0.03216   7.516 0.0000E+00  0.000   7.52
 A50        1.8704 0.01617   3.721 0.0000E+00  0.000   3.72
 A346       1.8753 0.01757   8.996 0.0000E+00  0.000   9.00
 A263       1.8782 0.00829   4.765 0.0000E+00  0.000   4.76
 A246       1.8819 0.10743   3.961 0.0000E+00  0.000   3.96
 A33        1.8826 0.03007   3.371 0.0000E+00  0.000   3.37
 A255       1.8954 0.08923   2.608 0.0000E+00  0.000   2.61
 A428       1.8976 0.06467   1.566 0.0000E+00  0.000   1.57
 A413       1.9016 0.09401   7.353 0.0000E+00  0.000   7.35
 A86        1.9047 0.07203   2.052 0.0000E+00  0.000   2.05
 A495       1.9127 0.05145   7.074 0.0000E+00  0.000   7.07
 A187       1.9287 0.08135   9.099 0.0000E+00  0.000   9.10
 A98        1.9296 0.05858   1.144 0.0000E+00  0.000   1.14
 A144       1.9317 0.04261   0.537 0.0000E+00  0.000   0.54
 A371       1.9346 0.02737   7.732 0.0000E+00  0.000   7.73
 A223       1.9365 0.01812   3.465 0.0000E+00  0.000   3.46
 A311       1.9389 0.04894   8.644 0.0000E+00  0.000   8.64
 A438       1.9415 0.11400   2.077 0.0000E+00  0.000   2.08
 A356       1.9425 0.08008   2.553 0.0000E+00  0.000   2.55
 A202       1.9596 0.07577   3.997 0.0000E+00  0.000   4.00
 A82        1.9694 0.08682   1.921 0.0000E+00  0.000   1.92
 A111       1.9709 0.03330   2.161 0.0000E+00  0.000   2.16
 A457       1.9758 0.03602   4.979 0.0000E+00  0.000   4.98
 A254       1.9759 0.02388   3.165 0.0000E+00  0.000   3.17
 A241       1.9847 0.13820   7.523 0.0000E+00  0.000   7.52
 A342       1.9871 0.02776   8.068 0.0000E+00  0.000   8.07
 A221       1.9920 0.12350   0.760 0.0000E+00  0.000   0.76
 A481       1.9958 0.04786   6.931 0.0000E+00  0.000   6.93
 A332       1.9992 0.04384   7.793 0.0000E+00  0.000   7.79
 A493       1.9996 0.07330   0.824 0.0000E+00  0.000   0.82
 A107       2.0467 0.03929   3.381 0.0000E+00  0.000   3.38
 A43        2.0471 0.12548   5.897 0.0000E+00  0.000   5.90
 A69        2.0606 0.05521   7.256 0.0000E+00  0.000   7.26
 A314       2.0632 0.11933   6.643 0.0000E+00  0.000   6.64
 A486       2.0661 0.06796   9.337 0.0000E+00  0.000   9.34
 A328       2.0700 0.08151   9.427 0.0000E+00  0.000   9.43
 A138       2.0792 0.10594   7.821 0.0000E+00  0.000   7.82
 A90        2.0844 0.08296   8.316 0.0000E+00  0.000   8.32
 A378       2.0872 0.05134   6.411 0.0000E+00  0.000   6.41
 A377       2.0897 0.07202   1.075 0.0000E+00  0.000   1.07
 A169       2.0932 0.05494   7.331 0.0000E+00  0.000   7.33
 A440       2.1035 0.07184   6.888 0.0000E+00  0.000   6.89
 A96        2.1039 0.03921   8.756 0.0000E+00  0.000   8.76
 A186       2.1085 0.08711   8.291 0.0000E+00  0.000   8.29
 A25        2.1121 0.04489   6.126 0.0000E+00  0.000   6.13
 A400       2.1197 0.01864   8.961 0.0000E+00  0.000   8.96
 A117       2.1201 0.09719   0.216 0.0000E+00  0.000   0.22
 A317       2.1232 0.02009   5.447 0.0000E+00  0.000   5.45
 A273       2.1256 0.07197   0.417 0.0000E+00  0.000   0.42
 A217       2.1265 0.06730   7.446 0.0000E+00  0.000   7.45
 A373       2.1361 0.03304   7.156 0.0000E+00  0.000   7.16
 A251       2.1432 0.01751   1.387 0.0000E+00  0.000   1.39
 A12        2.1444 0.02580   6.199 0.0000E+00  0.000   6.20
 A292       2.1470 0.05773   9.810 0.0000E+00  0.000   9.81
 A199       2.1588 0.02874   9.780 0.0000E+00  0.000   9.78
 A325       2.1618 0.03645   0.650 0.0000E+00  0.000   0.65
 A429       2.1650 0.10641   0.148 0.0000E+00  0.000   0.15
 A55        2.1684 0.07057   6.958 0.0000E+00  0.000   6.96
 A475       2.1703 0.04965   3.621 0.0000E+00  0.000   3.62
 A227       2.1761 0.02492   2.193 0.0000E+00  0.000   2.19
 A191       2.1869 0.01302   2.972 0.0000E+00  0.000   2.97
 A214       2.1871 0.09238   3.598 0.0000E+00  0.000   3.60
 A308       2.1935 0.07874   0.684 0.0000E+00  0.000   0.68
 A149       2.1942 0.08075   7.198 0.0000E+00  0.000   7.20
 A474       2.1952 0.09024   4.077 0.0000E+00  0.000   4.08
 A94        2.2009 0.03664   0.964 0.0000E+00  0.000   0.96
 A28        2.2107 0.03282   1.216 0.0000E+00  0.000   1.22
 A293       2.2140 0.20276   3.492 0.0000E+00  0.000   3.49
 A45        2.2166 0.03742   2.714 0.0000E+00  0.000   2.71
 A185       2.2213 0.02570   3.365 0.0000E+00  0.000   3.37
 A72        2.2325 0.02718   1.991 0.0000E+00  0.000   1.99
 A476       2.2364 0.02425   8.457 0.0000E+00  0.000   8.46
 A171       2.2557 0.03358   2.194 0.0000E+00  0.000   2.19
 A384       2.2580 0.09984   9.178 0.0000E+00  0.000   9.18
 A22        2.2635 0.01540   6.645 0.0000E+00  0.000   6.65
 A278       2.2641 0.04091   9.037 0.0000E+00  0.000   9.04
 A307       2.2670 0.00919   1.513 0.0000E+00  0.000   1.51
 A229       2.2683 0.03215   4.434 0.0000E+00  0.000   4.43
 A224       2.2688 0.05453   5.102 0.0000E+00  0.000   5.10
 A61        2.2821 0.06101   2.116 0.0000E+00  0.000   2.12
 A310       2.2997 0.02901   6.504 0.0000E+00  0.000   6.50
 A147       2.2999 0.02492   1.324 0.0000E+00  0.000   1.32
 A455       2.3093 0.02316   7.677 0.0000E+00  0.000   7.68
 A158       2.3135 0.12807   0.275 0.0000E+00  0.000   0.28
 A313       2.3189 0.03835   7.874 0.0000E+00  0.000   7.87
 A35        2.3218 0.05386   7.609 0.0000E+00  0.000   7.61
 A272       2.3258 0.02346   7.570 0.0000E+00  0.000   7.57
 A465       2.3275 0.08771   8.346 0.0000E+00  0.000   8.35
 A323       2.3400 0.09668   6.508 0.0000E+00  0.000   6.51
 A473       2.3536 0.09460   6.962 0.0000E+00  0.000   6.96
 A436       2.3560 0.03121   7.684 0.0000E+00  0.000   7.68
 A165       2.3609 0.08651   4.724 0.0000E+00  0.000   4.72
 A127       2.3621 0.05110   4.954 0.0000E+00  0.000   4.95
 A48        2.3698 0.07086   3.085 0.0000E+00  0.000   3.08
 A257       2.3786 0.03330   4.249 0.0000E+00  0.000   4.25
 A375       2.3787 0.08736   2.358 0.0000E+00  0.000   2.36
 A174       2.3872 0.03718   4.148 0.0000E+00  0.000   4.15
 A20        2.3878 0.09242   4.221 0.0000E+00  0.000   4.22
 A321       2.3933 0.02949   6.162 0.0000E+00  0.000   6.16
 A345       2.3956 0.06689   4.022 0.0000E+00  0.000   4.02
 A93        2.3992 0.04658   1.324 0.0000E+00  0.000   1.32
 A101       2.4000 0.05979   9.359 0.0000E+00  0.000   9.36
 A442       2.4025 0.10161   3.799 0.0000E+00  0.000   3.80
 A444       2.4071 0.05129   5.795 0.0000E+00  0.000   5.80
 A156       2.4090 0.02551   4.459 0.0000E+00  0.000   4.46
 A159       2.4398 0.05620   1.249 0.0000E+00  0.000   1.25
 A172       2.4451 0.08028   8.385 0.0000E+00  0.000   8.39
 A234       2.5232 0.02306   6.257 0.0000E+00  0.000   6.26
 A331       2.5730 0.04944   2.693 0.0000E+00  0.000   2.69
 A141       2.6228 0.02816   1.828 0.0000E+00  0.000   1.83
 A372       2.6317 0.07277   2.781 0.0000E+00  0.000   2.78
 A431       2.6379 0.07685   2.542 0.0000E+00  0.000   2.54
 A6         2.6536 0.06796   4.119 0.0000E+00  0.000   4.12
 A252       3.0894 0.04524   0.324 0.0000E+00  0.000   0.32
 A133       3.1278 0.01103   8.643 0.0000E+00  0.000   8.64
 A106       3.1306 0.06593   6.367 0.0000E+00  0.000   6.37
 A40        3.1818 0.10643   8.357 0.0000E+00  0.000   8.36
 A103       3.1875 0.09183   3.527 0.0000E+00  0.000   3.53
 A357       3.1887 0.02178   8.879 0.0000E+00  0.000   8.88
 A350       3.1965 0.03033   2.283 0.0000E+00  0.000   2.28
 JUPITER    3.2033 0.01383   0.159 9.5479E-04  0.000   0.16
 A60        3.2096 0.05363   7.480 0.0000E+00  0.000   7.48
 A480       3.2158 0.09373   5.961 0.0000E+00  0.000   5.96
 A244       3.2331 0.05262   7.186 0.0000E+00  0.000   7.19
 A70        3.2333 0.05868   3.978 0.0000E+00  0.000   3.98
 A490       3.2393 0.09253   2.358 0.0000E+00  0.000   2.36
 A250       3.2464 0.01435   1.788 0.0000E+00  0.000   1.79
 A68        3.2549 0.02240   8.522 0.0000E+00  0.000   8.52
 A401       3.2549 0.04882   5.550 0.0000E+00  0.000   5.55
 A326       3.2664 0.02854   0.087 0.0000E+00  0.000   0.09
 A416       3.2810 0.04751   5.196 0.0000E+00  0.000   5.20
 A16        3.2997 0.06928   4.474 0.0000E+00  0.000   4.47
 A164       3.3126 0.01717   6.689 0.0000E+00  0.000   6.69
 A230       3.8826 0.04207   1.465 0.0000E+00  0.000   1.46
 A146       4.0259 0.03233   3.584 0.0000E+00  0.000   3.58
 A26        4.0513 0.01606   2.081 0.0000E+00  0.000   2.08
 SATURN     9.4642 0.04698   2.475 2.8589E-04  0.000   2.48
 A238      15.2019 0.27521  47.478 0.0000E+00  0.000  47.48
 A271      16.5881 0.34909  13.656 0.0000E+00  0.000  13.66
