 EARTHMOO   1.0000 0.00312   1.854 9.1213E-06  0.000   1.85
 A352       1.0513 0.18418  11.920 0.0000E+00  0.000  11.92
 A430       1.4998 0.00154   1.754 0.0000E+00  0.000   1.75
 A288       1.5168 0.01740   3.536 0.0000E+00  0.000   3.54
 A79        1.5214 0.05313   8.733 0.0000E+00  0.000   8.73
 A83        1.5222 0.05024   6.946 0.0000E+00  0.000   6.95
 A487       1.5240 0.06022   1.352 0.0000E+00  0.000   1.35
 A51        1.5322 0.02147   5.685 0.0000E+00  0.000   5.68
 A277       1.5322 0.09443   8.386 0.0000E+00  0.000   8.39
 A41        1.5451 0.09166   0.196 0.0000E+00  0.000   0.20
 A44        1.5502 0.03837   7.100 0.0000E+00  0.000   7.10
 A421       1.5532 0.04439   0.214 0.0000E+00  0.000   0.21
 A498       1.5537 0.02529   3.246 0.0000E+00  0.000   3.25
 A395       1.5583 0.07883   3.421 0.0000E+00  0.000   3.42
 A178       1.5620 0.02371   3.330 0.0000E+00  0.000   3.33
 A485       1.5752 0.08336   5.833 0.0000E+00  0.000   5.83
 A406       1.5772 0.04621   3.274 0.0000E+00  0.000   3.27
 A290       1.5812 0.05217  11.244 0.0000E+00  0.000  11.24
 A85        1.5854 0.01267   6.750 0.0000E+00  0.000   6.75
 A225       1.5945 0.01674   7.847 0.0000E+00  0.000   7.85
 A47        1.6053 0.03975   7.272 0.0000E+00  0.000   7.27
 A142       1.6056 0.01947   8.174 0.0000E+00  0.000   8.17
 A116       1.6122 0.04315   5.905 0.0000E+00  0.000   5.91
 A497       1.6208 0.08553   6.379 0.0000E+00  0.000   6.38
 A405       1.6294 0.05298   6.914 0.0000E+00  0.000   6.91
 A34        1.6338 0.05408   6.838 0.0000E+00  0.000   6.84
 A427       1.6360 0.08962   6.933 0.0000E+00  0.000   6.93
 A341       1.6363 0.04569  11.109 0.0000E+00  0.000  11.11
 A95        1.6375 0.10382   4.062 0.0000E+00  0.000   4.06
 A380       1.6425 0.06484   3.495 0.0000E+00  0.000   3.49
 A14        1.6445 0.03443   1.950 0.0000E+00  0.000   1.95
 A297       1.6483 0.00370   5.642 0.0000E+00  0.000   5.64
 A447       1.6509 0.04987   9.412 0.0000E+00  0.000   9.41
 A315       1.6526 0.05734   7.272 0.0000E+00  0.000   7.27
 A62        1.6530 0.05049   8.833 0.0000E+00  0.000   8.83
 A362       1.6576 0.03060   5.810 0.0000E+00  0.000   5.81
 A351       1.6605 0.09052   7.132 0.0000E+00  0.000   7.13
 A84        1.6608 0.04443   3.151 0.0000E+00  0.000   3.15
 A145       1.6710 0.04931   7.424 0.0000E+00  0.000   7.42
 A343       1.6791 0.01473   9.568 0.0000E+00  0.000   9.57
 A488       1.6818 0.07036   8.575 0.0000E+00  0.000   8.57
 A399       1.6842 0.08748   0.249 0.0000E+00  0.000   0.25
 A216       1.6849 0.08304   5.578 0.0000E+00  0.000   5.58
 A189       1.6891 0.03443   8.854 0.0000E+00  0.000   8.85
 A306       1.6926 0.00200   4.550 0.0000E+00  0.000   4.55
 A358       1.7105 0.00925   4.884 0.0000E+00  0.000   4.88
 A448       1.7147 0.06890   2.215 0.0000E+00  0.000   2.22
 A17        1.7219 0.04826   9.899 0.0000E+00  0.000   9.90
 A18        1.7261 0.01165   2.046 0.0000E+00  0.000   2.05
 A283       1.7265 0.07111   7.947 0.0000E+00  0.000   7.95
 A119       1.7457 0.02171   6.324 0.0000E+00  0.000   6.32
 A289       1.7583 0.09063   6.300 0.0000E+00  0.000   6.30
 A63        1.7678 0.01382   9.636 0.0000E+00  0.000   9.64
 A38        1.7679 0.03694   0.788 0.0000E+00  0.000   0.79
 A140       1.7790 0.08282   3.731 0.0000E+00  0.000   3.73
 A150       1.7835 0.09587   3.524 0.0000E+00  0.000   3.52
 A188       1.7859 0.01464   2.362 0.0000E+00  0.000   2.36
 A381       1.7918 0.07871   3.759 0.0000E+00  0.000   3.76
 A412       1.7959 0.08258   3.731 0.0000E+00  0.000   3.73
 A396       1.7994 0.09659   3.589 0.0000E+00  0.000   3.59
 A24        1.8021 0.06077   4.854 0.0000E+00  0.000   4.85
 A130       1.8032 0.02129   3.651 0.0000E+00  0.000   3.65
 A348       1.8058 0.04285   8.644 0.0000E+00  0.000   8.64
 A470       1.8063 0.06417   6.893 0.0000E+00  0.000   6.89
 A482       1.8137 0.02571   6.224 0.0000E+00  0.000   6.22
 A121       1.8167 0.04345   5.018 0.0000E+00  0.000   5.02
 A122       1.8178 0.14412  10.709 0.0000E+00  0.000  10.71
 A201       1.8198 0.03736  11.304 0.0000E+00  0.000  11.30
 A136       1.8206 0.05265   5.411 0.0000E+00  0.000   5.41
 A58        1.8207 0.07645   7.340 0.0000E+00  0.000   7.34
 A7         1.8216 0.03684   6.621 0.0000E+00  0.000   6.62
 A299       1.8223 0.09245   1.899 0.0000E+00  0.000   1.90
 A74        1.8243 0.07018   3.690 0.0000E+00  0.000   3.69
 A99        1.8260 0.05685   5.116 0.0000E+00  0.000   5.12
 A301       1.8285 0.02067   2.871 0.0000E+00  0.000   2.87
 A207       1.8310 0.00749  10.385 0.0000E+00  0.000  10.39
 A205       1.8363 0.08767   8.613 0.0000E+00  0.000   8.61
 A161       1.8379 0.02871   9.603 0.0000E+00  0.000   9.60
 A324       1.8393 0.07416   9.848 0.0000E+00  0.000   9.85
 A29        1.8416 0.03829   6.246 0.0000E+00  0.000   6.25
 A268       1.8443 0.02083   4.953 0.0000E+00  0.000   4.95
 A281       1.8450 0.09120   2.471 0.0000E+00  0.000   2.47
 A477       1.8602 0.03987   3.126 0.0000E+00  0.000   3.13
 A181       1.8614 0.02767   0.327 0.0000E+00  0.000   0.33
 A132       1.8620 0.08516   5.963 0.0000E+00  0.000   5.96
 A407       1.8633 0.00691   6.284 0.0000E+00  0.000   6.28
 A270       1.8646 0.06213   5.067 0.0000E+00  0.000   5.07
 A344       1.8685 0.06905  10.063 0.0000E+00  0.000  10.06
 A126       1.8700 0.03716   6.353 0.0000E+00  0.000   6.35
 A50        1.8708 0.00400   4.563 0.0000E+00  0.000   4.56
 A346       1.8772 0.00408   7.893 0.0000E+00  0.000   7.89
 A263       1.8781 0.00374   6.515 0.0000E+00  0.000   6.51
 A246       1.8814 0.09644   5.705 0.0000E+00  0.000   5.70
 A33        1.8819 0.02231   4.804 0.0000E+00  0.000   4.80
 A255       1.8955 0.07950   3.635 0.0000E+00  0.000   3.64
 A413       1.8966 0.09570   8.498 0.0000E+00  0.000   8.50
 A428       1.8979 0.04909   2.463 0.0000E+00  0.000   2.46
 A86        1.9071 0.06181   1.235 0.0000E+00  0.000   1.24
 A495       1.9095 0.03941   6.295 0.0000E+00  0.000   6.29
 A98        1.9286 0.05968   0.545 0.0000E+00  0.000   0.55
 A187       1.9302 0.07444   8.451 0.0000E+00  0.000   8.45
 A144       1.9333 0.03990   1.681 0.0000E+00  0.000   1.68
 A223       1.9339 0.04148   5.004 0.0000E+00  0.000   5.00
 A371       1.9363 0.01737   6.496 0.0000E+00  0.000   6.50
 A311       1.9374 0.05251   7.437 0.0000E+00  0.000   7.44
 A438       1.9431 0.10376   2.030 0.0000E+00  0.000   2.03
 A356       1.9472 0.07962   1.575 0.0000E+00  0.000   1.57
 A202       1.9609 0.07681   3.409 0.0000E+00  0.000   3.41
 A111       1.9694 0.03591   1.306 0.0000E+00  0.000   1.31
 A82        1.9704 0.07793   3.255 0.0000E+00  0.000   3.25
 A457       1.9765 0.04456   4.554 0.0000E+00  0.000   4.55
 A342       1.9802 0.06592   6.350 0.0000E+00  0.000   6.35
 A254       1.9804 0.01715   3.660 0.0000E+00  0.000   3.66
 A332       1.9954 0.07541   9.280 0.0000E+00  0.000   9.28
 A241       1.9993 0.12102   5.763 0.0000E+00  0.000   5.76
 A481       1.9994 0.02971   7.637 0.0000E+00  0.000   7.64
 A493       2.0067 0.03322   2.339 0.0000E+00  0.000   2.34
 A221       2.0270 0.05457   4.524 0.0000E+00  0.000   4.52
 A43        2.0489 0.10365   5.861 0.0000E+00  0.000   5.86
 A107       2.0512 0.02190   4.723 0.0000E+00  0.000   4.72
 A69        2.0550 0.04824   6.174 0.0000E+00  0.000   6.17
 A486       2.0589 0.08297   7.720 0.0000E+00  0.000   7.72
 A328       2.0657 0.09035   8.751 0.0000E+00  0.000   8.75
 A314       2.0698 0.10008   5.480 0.0000E+00  0.000   5.48
 A90        2.0796 0.12367   8.549 0.0000E+00  0.000   8.55
 A377       2.0842 0.07071   2.398 0.0000E+00  0.000   2.40
 A378       2.0872 0.03785   4.939 0.0000E+00  0.000   4.94
 A138       2.0893 0.09636   6.033 0.0000E+00  0.000   6.03
 A169       2.0948 0.04557   7.965 0.0000E+00  0.000   7.96
 A96        2.1016 0.05964   9.109 0.0000E+00  0.000   9.11
 A186       2.1059 0.08182   9.069 0.0000E+00  0.000   9.07
 A440       2.1061 0.07303   5.488 0.0000E+00  0.000   5.49
 A25        2.1138 0.01973   7.088 0.0000E+00  0.000   7.09
 A400       2.1180 0.02977   9.408 0.0000E+00  0.000   9.41
 A273       2.1187 0.09121   2.000 0.0000E+00  0.000   2.00
 A317       2.1213 0.02315   3.821 0.0000E+00  0.000   3.82
 A217       2.1247 0.07159   5.858 0.0000E+00  0.000   5.86
 A117       2.1257 0.08054   1.649 0.0000E+00  0.000   1.65
 A373       2.1384 0.04472   8.932 0.0000E+00  0.000   8.93
 A292       2.1482 0.06273   9.005 0.0000E+00  0.000   9.00
 A251       2.1506 0.02420   0.660 0.0000E+00  0.000   0.66
 A429       2.1522 0.11510   1.667 0.0000E+00  0.000   1.67
 A12        2.1523 0.00493   4.980 0.0000E+00  0.000   4.98
 A325       2.1557 0.03225   0.956 0.0000E+00  0.000   0.96
 A199       2.1579 0.03392  10.314 0.0000E+00  0.000  10.31
 A475       2.1659 0.04606   4.695 0.0000E+00  0.000   4.69
 A227       2.1734 0.02129   1.922 0.0000E+00  0.000   1.92
 A214       2.1795 0.10352   2.617 0.0000E+00  0.000   2.62
 A55        2.1801 0.05250   8.520 0.0000E+00  0.000   8.52
 A149       2.1822 0.07256   6.641 0.0000E+00  0.000   6.64
 A191       2.1880 0.00424   2.818 0.0000E+00  0.000   2.82
 A474       2.1885 0.09782   4.544 0.0000E+00  0.000   4.54
 A308       2.1998 0.06753   2.125 0.0000E+00  0.000   2.12
 A94        2.2064 0.05479   0.771 0.0000E+00  0.000   0.77
 A293       2.2108 0.16906   1.879 0.0000E+00  0.000   1.88
 A28        2.2115 0.03395   2.881 0.0000E+00  0.000   2.88
 A45        2.2169 0.05234   4.244 0.0000E+00  0.000   4.24
 A185       2.2246 0.01521   4.038 0.0000E+00  0.000   4.04
 A72        2.2337 0.00695   0.877 0.0000E+00  0.000   0.88
 A476       2.2344 0.01798   9.960 0.0000E+00  0.000   9.96
 A171       2.2517 0.04193   1.620 0.0000E+00  0.000   1.62
 A307       2.2579 0.00355   0.744 0.0000E+00  0.000   0.74
 A384       2.2586 0.07188  10.903 0.0000E+00  0.000  10.90
 A224       2.2602 0.07435   3.519 0.0000E+00  0.000   3.52
 A278       2.2629 0.04853   9.078 0.0000E+00  0.000   9.08
 A22        2.2656 0.00947   7.836 0.0000E+00  0.000   7.84
 A229       2.2681 0.02205   3.264 0.0000E+00  0.000   3.26
 A61        2.2723 0.04257   3.178 0.0000E+00  0.000   3.18
 A147       2.2948 0.01177   2.912 0.0000E+00  0.000   2.91
 A158       2.2964 0.11972   1.569 0.0000E+00  0.000   1.57
 A310       2.3090 0.02313   6.243 0.0000E+00  0.000   6.24
 A455       2.3095 0.00586   9.287 0.0000E+00  0.000   9.29
 A313       2.3152 0.05348   6.397 0.0000E+00  0.000   6.40
 A35        2.3213 0.06276   7.703 0.0000E+00  0.000   7.70
 A272       2.3235 0.04229   7.485 0.0000E+00  0.000   7.49
 A465       2.3326 0.08288   8.130 0.0000E+00  0.000   8.13
 A323       2.3381 0.09313   5.724 0.0000E+00  0.000   5.72
 A174       2.3594 0.04935   5.750 0.0000E+00  0.000   5.75
 A127       2.3626 0.02448   4.380 0.0000E+00  0.000   4.38
 A48        2.3653 0.08531   2.725 0.0000E+00  0.000   2.72
 A436       2.3702 0.01123   8.042 0.0000E+00  0.000   8.04
 A375       2.3748 0.07327   3.411 0.0000E+00  0.000   3.41
 A257       2.3750 0.02423   4.388 0.0000E+00  0.000   4.39
 A165       2.3762 0.07367   3.708 0.0000E+00  0.000   3.71
 A321       2.3864 0.05580   4.718 0.0000E+00  0.000   4.72
 A156       2.3864 0.07508   4.559 0.0000E+00  0.000   4.56
 A20        2.3878 0.09902   5.525 0.0000E+00  0.000   5.52
 A101       2.3917 0.09040  10.573 0.0000E+00  0.000  10.57
 A345       2.3969 0.05963   2.546 0.0000E+00  0.000   2.55
 A444       2.4033 0.06039   4.195 0.0000E+00  0.000   4.19
 A159       2.4114 0.06636   0.468 0.0000E+00  0.000   0.47
 A172       2.4120 0.11685   9.357 0.0000E+00  0.000   9.36
 A93        2.4128 0.02347   1.956 0.0000E+00  0.000   1.96
 A442       2.4212 0.08413   3.295 0.0000E+00  0.000   3.29
 A234       2.5156 0.01984   5.368 0.0000E+00  0.000   5.37
 A331       2.5763 0.04814   3.549 0.0000E+00  0.000   3.55
 A431       2.6025 0.08892   3.159 0.0000E+00  0.000   3.16
 A141       2.6135 0.05388   1.444 0.0000E+00  0.000   1.44
 A372       2.6185 0.10403   1.109 0.0000E+00  0.000   1.11
 A6         2.6240 0.09507   4.587 0.0000E+00  0.000   4.59
 A357       3.0886 0.01377   7.458 0.0000E+00  0.000   7.46
 A106       3.1203 0.05783   6.301 0.0000E+00  0.000   6.30
 A133       3.1294 0.01261   8.295 0.0000E+00  0.000   8.30
 A326       3.1378 0.02517   1.693 0.0000E+00  0.000   1.69
 A164       3.1522 0.02245   7.394 0.0000E+00  0.000   7.39
 A103       3.1615 0.08584   3.274 0.0000E+00  0.000   3.27
 A40        3.1683 0.10061   8.254 0.0000E+00  0.000   8.25
 JUPITER    3.2032 0.00650   1.571 9.5479E-04  0.000   1.57
 A70        3.2058 0.06802   5.735 0.0000E+00  0.000   5.73
 A480       3.2068 0.08386   5.773 0.0000E+00  0.000   5.77
 A350       3.2082 0.02138   3.395 0.0000E+00  0.000   3.40
 A244       3.2222 0.05193   8.426 0.0000E+00  0.000   8.43
 A60        3.2287 0.04914   5.694 0.0000E+00  0.000   5.69
 A401       3.2291 0.03902   6.666 0.0000E+00  0.000   6.67
 A252       3.2542 0.04410   1.386 0.0000E+00  0.000   1.39
 A490       3.2617 0.09333   2.663 0.0000E+00  0.000   2.66
 A16        3.2712 0.06098   3.701 0.0000E+00  0.000   3.70
 A416       3.2953 0.03311   6.785 0.0000E+00  0.000   6.79
 A68        3.2963 0.02001   7.605 0.0000E+00  0.000   7.61
 A250       3.2992 0.00735   0.985 0.0000E+00  0.000   0.98
 A146       3.9959 0.00853   3.815 0.0000E+00  0.000   3.81
 A26        4.0461 0.03945   3.256 0.0000E+00  0.000   3.26
 SATURN     9.5005 0.04886   1.162 2.8589E-04  0.000   1.16
 A238      14.8204 0.23986  46.328 0.0000E+00  0.000  46.33
