 EARTHMOO   1.0001 0.01147   0.496 9.1213E-06  0.000   0.50
 A430       1.4996 0.01381   2.157 0.0000E+00  0.000   2.16
 A288       1.5163 0.01547   1.983 0.0000E+00  0.000   1.98
 A79        1.5215 0.05757   9.121 0.0000E+00  0.000   9.12
 A83        1.5218 0.05710   5.957 0.0000E+00  0.000   5.96
 A487       1.5244 0.06072   3.075 0.0000E+00  0.000   3.07
 A51        1.5320 0.03031   5.972 0.0000E+00  0.000   5.97
 A277       1.5325 0.10169   7.898 0.0000E+00  0.000   7.90
 A41        1.5471 0.08920   0.995 0.0000E+00  0.000   1.00
 A44        1.5501 0.06586   7.295 0.0000E+00  0.000   7.29
 A498       1.5533 0.04149   1.501 0.0000E+00  0.000   1.50
 A421       1.5534 0.04659   1.009 0.0000E+00  0.000   1.01
 A395       1.5577 0.08356   3.038 0.0000E+00  0.000   3.04
 A178       1.5624 0.02797   2.145 0.0000E+00  0.000   2.15
 A485       1.5752 0.09747   4.001 0.0000E+00  0.000   4.00
 A406       1.5773 0.04028   4.426 0.0000E+00  0.000   4.43
 A290       1.5801 0.05991   9.261 0.0000E+00  0.000   9.26
 A85        1.5856 0.01830   5.694 0.0000E+00  0.000   5.69
 A225       1.5943 0.00975   6.443 0.0000E+00  0.000   6.44
 A142       1.6054 0.03397   6.185 0.0000E+00  0.000   6.18
 A47        1.6057 0.02204   6.111 0.0000E+00  0.000   6.11
 A116       1.6125 0.02569   4.873 0.0000E+00  0.000   4.87
 A497       1.6206 0.10473   7.638 0.0000E+00  0.000   7.64
 A405       1.6293 0.03855   8.350 0.0000E+00  0.000   8.35
 A34        1.6351 0.06973   8.651 0.0000E+00  0.000   8.65
 A427       1.6356 0.10418   5.344 0.0000E+00  0.000   5.34
 A341       1.6372 0.05785   9.893 0.0000E+00  0.000   9.89
 A95        1.6377 0.10701   5.056 0.0000E+00  0.000   5.06
 A380       1.6432 0.07278   2.067 0.0000E+00  0.000   2.07
 A14        1.6447 0.01320   0.862 0.0000E+00  0.000   0.86
 A297       1.6478 0.01402   5.429 0.0000E+00  0.000   5.43
 A447       1.6523 0.02878   9.905 0.0000E+00  0.000   9.91
 A62        1.6526 0.05250   7.551 0.0000E+00  0.000   7.55
 A315       1.6530 0.05807   7.047 0.0000E+00  0.000   7.05
 A362       1.6579 0.04215   7.189 0.0000E+00  0.000   7.19
 A351       1.6593 0.10979   6.066 0.0000E+00  0.000   6.07
 A84        1.6596 0.06049   2.808 0.0000E+00  0.000   2.81
 A145       1.6715 0.05859   6.479 0.0000E+00  0.000   6.48
 A343       1.6792 0.00910   9.433 0.0000E+00  0.000   9.43
 A488       1.6815 0.08599   7.178 0.0000E+00  0.000   7.18
 A399       1.6842 0.11326   1.520 0.0000E+00  0.000   1.52
 A216       1.6861 0.08621   3.556 0.0000E+00  0.000   3.56
 A189       1.6898 0.02265  10.043 0.0000E+00  0.000  10.04
 A306       1.6924 0.01790   2.951 0.0000E+00  0.000   2.95
 A358       1.7115 0.03156   3.734 0.0000E+00  0.000   3.73
 A448       1.7129 0.05507   1.348 0.0000E+00  0.000   1.35
 A17        1.7214 0.06537  10.246 0.0000E+00  0.000  10.25
 A18        1.7247 0.02575   1.847 0.0000E+00  0.000   1.85
 A283       1.7263 0.09290   9.112 0.0000E+00  0.000   9.11
 A119       1.7457 0.03550   6.741 0.0000E+00  0.000   6.74
 A289       1.7587 0.08728   7.140 0.0000E+00  0.000   7.14
 A38        1.7682 0.03765   1.418 0.0000E+00  0.000   1.42
 A63        1.7688 0.00590   8.229 0.0000E+00  0.000   8.23
 A140       1.7770 0.07145   4.479 0.0000E+00  0.000   4.48
 A150       1.7819 0.10625   4.692 0.0000E+00  0.000   4.69
 A188       1.7860 0.02313   3.227 0.0000E+00  0.000   3.23
 A381       1.7919 0.06254   4.979 0.0000E+00  0.000   4.98
 A412       1.7972 0.07361   2.787 0.0000E+00  0.000   2.79
 A396       1.8008 0.10790   4.891 0.0000E+00  0.000   4.89
 A24        1.8015 0.05290   5.097 0.0000E+00  0.000   5.10
 A130       1.8054 0.01464   4.674 0.0000E+00  0.000   4.67
 A348       1.8065 0.04737   7.637 0.0000E+00  0.000   7.64
 A470       1.8070 0.07614   6.315 0.0000E+00  0.000   6.31
 A482       1.8132 0.04034   8.237 0.0000E+00  0.000   8.24
 A121       1.8165 0.03116   4.945 0.0000E+00  0.000   4.94
 A122       1.8190 0.13663  11.254 0.0000E+00  0.000  11.25
 A201       1.8194 0.05471   9.671 0.0000E+00  0.000   9.67
 A299       1.8213 0.10604   1.198 0.0000E+00  0.000   1.20
 A136       1.8219 0.06598   3.705 0.0000E+00  0.000   3.70
 A58        1.8220 0.05319   5.565 0.0000E+00  0.000   5.56
 A7         1.8250 0.04072   5.570 0.0000E+00  0.000   5.57
 A74        1.8252 0.07968   5.024 0.0000E+00  0.000   5.02
 A301       1.8262 0.00865   2.542 0.0000E+00  0.000   2.54
 A99        1.8278 0.06469   6.698 0.0000E+00  0.000   6.70
 A207       1.8321 0.01145   8.648 0.0000E+00  0.000   8.65
 A205       1.8343 0.10315   7.190 0.0000E+00  0.000   7.19
 A324       1.8372 0.05440   9.472 0.0000E+00  0.000   9.47
 A161       1.8384 0.02290   8.472 0.0000E+00  0.000   8.47
 A29        1.8422 0.05959   4.949 0.0000E+00  0.000   4.95
 A268       1.8427 0.02513   4.801 0.0000E+00  0.000   4.80
 A281       1.8463 0.08357   2.070 0.0000E+00  0.000   2.07
 A477       1.8598 0.02820   4.397 0.0000E+00  0.000   4.40
 A132       1.8620 0.09698   7.341 0.0000E+00  0.000   7.34
 A181       1.8624 0.03829   1.496 0.0000E+00  0.000   1.50
 A407       1.8626 0.02073   5.803 0.0000E+00  0.000   5.80
 A270       1.8640 0.04959   6.721 0.0000E+00  0.000   6.72
 A126       1.8692 0.04289   8.052 0.0000E+00  0.000   8.05
 A50        1.8693 0.01769   3.763 0.0000E+00  0.000   3.76
 A344       1.8695 0.06752   8.381 0.0000E+00  0.000   8.38
 A346       1.8738 0.02135   8.403 0.0000E+00  0.000   8.40
 A263       1.8788 0.02213   4.583 0.0000E+00  0.000   4.58
 A246       1.8845 0.10723   4.303 0.0000E+00  0.000   4.30
 A33        1.8847 0.04491   3.390 0.0000E+00  0.000   3.39
 A255       1.8957 0.06593   3.263 0.0000E+00  0.000   3.26
 A413       1.8984 0.10841   6.966 0.0000E+00  0.000   6.97
 A428       1.8991 0.05154   1.435 0.0000E+00  0.000   1.44
 A86        1.9046 0.07517   1.953 0.0000E+00  0.000   1.95
 A495       1.9095 0.03812   7.628 0.0000E+00  0.000   7.63
 A187       1.9294 0.07884   9.202 0.0000E+00  0.000   9.20
 A98        1.9298 0.05213   0.702 0.0000E+00  0.000   0.70
 A144       1.9302 0.01762   0.820 0.0000E+00  0.000   0.82
 A311       1.9360 0.05934   8.137 0.0000E+00  0.000   8.14
 A371       1.9381 0.04032   8.322 0.0000E+00  0.000   8.32
 A223       1.9388 0.02271   3.774 0.0000E+00  0.000   3.77
 A438       1.9413 0.10489   2.281 0.0000E+00  0.000   2.28
 A356       1.9483 0.07167   3.040 0.0000E+00  0.000   3.04
 A202       1.9576 0.09321   3.939 0.0000E+00  0.000   3.94
 A82        1.9674 0.10150   1.695 0.0000E+00  0.000   1.69
 A111       1.9686 0.02734   2.744 0.0000E+00  0.000   2.74
 A457       1.9740 0.05559   5.025 0.0000E+00  0.000   5.02
 A254       1.9797 0.01357   3.256 0.0000E+00  0.000   3.26
 A342       1.9816 0.07284   8.295 0.0000E+00  0.000   8.30
 A332       1.9920 0.07160   7.931 0.0000E+00  0.000   7.93
 A481       1.9931 0.08029   6.662 0.0000E+00  0.000   6.66
 A221       1.9990 0.14079   6.943 0.0000E+00  0.000   6.94
 A493       2.0028 0.04987   0.873 0.0000E+00  0.000   0.87
 A43        2.0042 0.15732   5.769 0.0000E+00  0.000   5.77
 A241       2.0338 0.01274   7.274 0.0000E+00  0.000   7.27
 A107       2.0481 0.03743   3.132 0.0000E+00  0.000   3.13
 A69        2.0520 0.06303   7.192 0.0000E+00  0.000   7.19
 A486       2.0588 0.10543   9.581 0.0000E+00  0.000   9.58
 A314       2.0618 0.12935   6.912 0.0000E+00  0.000   6.91
 A328       2.0736 0.09185   9.828 0.0000E+00  0.000   9.83
 A90        2.0831 0.12476   7.606 0.0000E+00  0.000   7.61
 A378       2.0865 0.03809   6.196 0.0000E+00  0.000   6.20
 A138       2.0897 0.08444   7.434 0.0000E+00  0.000   7.43
 A377       2.0903 0.08451   0.535 0.0000E+00  0.000   0.54
 A169       2.0967 0.05226   7.386 0.0000E+00  0.000   7.39
 A186       2.1063 0.08128   8.449 0.0000E+00  0.000   8.45
 A96        2.1092 0.06961   8.608 0.0000E+00  0.000   8.61
 A25        2.1131 0.02640   6.520 0.0000E+00  0.000   6.52
 A440       2.1171 0.07682   6.943 0.0000E+00  0.000   6.94
 A317       2.1175 0.06310   5.293 0.0000E+00  0.000   5.29
 A117       2.1178 0.10860   0.389 0.0000E+00  0.000   0.39
 A400       2.1198 0.04420   8.688 0.0000E+00  0.000   8.69
 A217       2.1224 0.10258   7.720 0.0000E+00  0.000   7.72
 A273       2.1260 0.05484   0.289 0.0000E+00  0.000   0.29
 A373       2.1351 0.06791   7.084 0.0000E+00  0.000   7.08
 A12        2.1430 0.01306   6.593 0.0000E+00  0.000   6.59
 A251       2.1431 0.01691   1.526 0.0000E+00  0.000   1.53
 A292       2.1463 0.07023   9.487 0.0000E+00  0.000   9.49
 A325       2.1551 0.06292   1.196 0.0000E+00  0.000   1.20
 A199       2.1590 0.03845   9.562 0.0000E+00  0.000   9.56
 A429       2.1670 0.09241   2.118 0.0000E+00  0.000   2.12
 A55        2.1695 0.05499   6.761 0.0000E+00  0.000   6.76
 A227       2.1723 0.02802   2.525 0.0000E+00  0.000   2.53
 A475       2.1731 0.03329   4.168 0.0000E+00  0.000   4.17
 A214       2.1782 0.07998   3.254 0.0000E+00  0.000   3.25
 A191       2.1878 0.03853   3.458 0.0000E+00  0.000   3.46
 A149       2.1903 0.07903   7.627 0.0000E+00  0.000   7.63
 A308       2.1918 0.10836   0.944 0.0000E+00  0.000   0.94
 A474       2.1953 0.06291   4.256 0.0000E+00  0.000   4.26
 A94        2.1962 0.04134   1.259 0.0000E+00  0.000   1.26
 A28        2.2091 0.02192   1.730 0.0000E+00  0.000   1.73
 A45        2.2204 0.06162   2.334 0.0000E+00  0.000   2.33
 A185       2.2227 0.02098   3.433 0.0000E+00  0.000   3.43
 A72        2.2269 0.02873   2.606 0.0000E+00  0.000   2.61
 A476       2.2331 0.02266   8.888 0.0000E+00  0.000   8.89
 A171       2.2549 0.04473   2.425 0.0000E+00  0.000   2.42
 A384       2.2561 0.09328  10.063 0.0000E+00  0.000  10.06
 A307       2.2600 0.03022   1.519 0.0000E+00  0.000   1.52
 A224       2.2612 0.09041   5.292 0.0000E+00  0.000   5.29
 A22        2.2629 0.00770   6.925 0.0000E+00  0.000   6.92
 A229       2.2681 0.01125   4.832 0.0000E+00  0.000   4.83
 A61        2.2702 0.05552   1.796 0.0000E+00  0.000   1.80
 A278       2.2746 0.06351   9.303 0.0000E+00  0.000   9.30
 A158       2.2879 0.09106   0.818 0.0000E+00  0.000   0.82
 A147       2.2918 0.02951   1.061 0.0000E+00  0.000   1.06
 A310       2.2966 0.04997   6.175 0.0000E+00  0.000   6.18
 A455       2.3124 0.03312   7.942 0.0000E+00  0.000   7.94
 A313       2.3138 0.02616   8.357 0.0000E+00  0.000   8.36
 A35        2.3266 0.03953   7.150 0.0000E+00  0.000   7.15
 A272       2.3294 0.03250   7.230 0.0000E+00  0.000   7.23
 A465       2.3316 0.12458   9.017 0.0000E+00  0.000   9.02
 A436       2.3551 0.03151   8.197 0.0000E+00  0.000   8.20
 A127       2.3656 0.03646   4.588 0.0000E+00  0.000   4.59
 A174       2.3675 0.05917   4.666 0.0000E+00  0.000   4.67
 A257       2.3745 0.01778   4.519 0.0000E+00  0.000   4.52
 A48        2.3761 0.10921   3.528 0.0000E+00  0.000   3.53
 A20        2.3814 0.08430   3.581 0.0000E+00  0.000   3.58
 A156       2.3846 0.03547   4.673 0.0000E+00  0.000   4.67
 A375       2.3874 0.08672   2.797 0.0000E+00  0.000   2.80
 A165       2.3875 0.04984   4.885 0.0000E+00  0.000   4.89
 A321       2.3917 0.07471   6.418 0.0000E+00  0.000   6.42
 A93        2.3958 0.05533   1.721 0.0000E+00  0.000   1.72
 A444       2.3988 0.07633   6.036 0.0000E+00  0.000   6.04
 A442       2.4115 0.08501   3.655 0.0000E+00  0.000   3.65
 A101       2.4128 0.06700   9.018 0.0000E+00  0.000   9.02
 A345       2.4147 0.03987   3.860 0.0000E+00  0.000   3.86
 A159       2.4327 0.04713   1.544 0.0000E+00  0.000   1.54
 A172       2.4620 0.10564   8.019 0.0000E+00  0.000   8.02
 A331       2.5695 0.06602   2.438 0.0000E+00  0.000   2.44
 A372       2.6165 0.06584   2.350 0.0000E+00  0.000   2.35
 A6         2.6172 0.11818   4.613 0.0000E+00  0.000   4.61
 A141       2.6191 0.03445   2.226 0.0000E+00  0.000   2.23
 A431       2.6724 0.08916   1.961 0.0000E+00  0.000   1.96
 A416       3.1413 0.04915   5.095 0.0000E+00  0.000   5.10
 A68        3.1531 0.01231   8.547 0.0000E+00  0.000   8.55
 A164       3.1802 0.03499   7.034 0.0000E+00  0.000   7.03
 A357       3.1822 0.04346   8.792 0.0000E+00  0.000   8.79
 A350       3.1881 0.01608   2.521 0.0000E+00  0.000   2.52
 A103       3.1910 0.11777   2.933 0.0000E+00  0.000   2.93
 A490       3.1938 0.07823   2.007 0.0000E+00  0.000   2.01
 A60        3.1973 0.08245   7.501 0.0000E+00  0.000   7.50
 A252       3.2003 0.06018   0.530 0.0000E+00  0.000   0.53
 JUPITER    3.2031 0.02915   0.473 9.5479E-04  0.000   0.47
 A401       3.2032 0.03084   5.117 0.0000E+00  0.000   5.12
 A480       3.2159 0.09363   6.236 0.0000E+00  0.000   6.24
 A326       3.2216 0.05510   0.664 0.0000E+00  0.000   0.66
 A16        3.2386 0.06150   5.070 0.0000E+00  0.000   5.07
 A40        3.2567 0.09021   8.855 0.0000E+00  0.000   8.85
 A133       3.2827 0.03208   8.163 0.0000E+00  0.000   8.16
 A244       3.2835 0.06253   6.561 0.0000E+00  0.000   6.56
 A106       3.2980 0.02874   5.804 0.0000E+00  0.000   5.80
 A250       3.3254 0.02445   1.200 0.0000E+00  0.000   1.20
 A70        3.3269 0.03820   4.549 0.0000E+00  0.000   4.55
 A146       4.0346 0.05063   3.905 0.0000E+00  0.000   3.91
 SATURN     9.4676 0.02924   2.400 2.8589E-04  0.000   2.40
