 EARTHMOO   1.0001 0.01164   1.310 9.1213E-06  0.000   1.31
 A352       1.0516 0.16993   9.359 0.0000E+00  0.000   9.36
 A430       1.5003 0.01367   2.103 0.0000E+00  0.000   2.10
 A288       1.5165 0.02598   1.798 0.0000E+00  0.000   1.80
 A79        1.5211 0.05010  10.872 0.0000E+00  0.000  10.87
 A83        1.5224 0.04569   5.825 0.0000E+00  0.000   5.82
 A487       1.5243 0.06139   2.129 0.0000E+00  0.000   2.13
 A51        1.5319 0.02741   6.089 0.0000E+00  0.000   6.09
 A277       1.5322 0.08889   6.297 0.0000E+00  0.000   6.30
 A41        1.5453 0.09913   1.062 0.0000E+00  0.000   1.06
 A44        1.5501 0.06578   6.174 0.0000E+00  0.000   6.17
 A421       1.5531 0.06505   2.619 0.0000E+00  0.000   2.62
 A498       1.5535 0.04100   3.002 0.0000E+00  0.000   3.00
 A395       1.5576 0.08290   3.620 0.0000E+00  0.000   3.62
 A178       1.5622 0.00964   2.845 0.0000E+00  0.000   2.84
 A485       1.5749 0.09551   4.933 0.0000E+00  0.000   4.93
 A406       1.5768 0.05723   6.048 0.0000E+00  0.000   6.05
 A290       1.5803 0.06476  10.965 0.0000E+00  0.000  10.97
 A85        1.5848 0.01341   5.126 0.0000E+00  0.000   5.13
 A225       1.5943 0.00345   6.574 0.0000E+00  0.000   6.57
 A47        1.6050 0.05336   6.600 0.0000E+00  0.000   6.60
 A142       1.6055 0.02285   7.920 0.0000E+00  0.000   7.92
 A116       1.6122 0.02596   3.046 0.0000E+00  0.000   3.05
 A497       1.6207 0.09039   7.649 0.0000E+00  0.000   7.65
 A405       1.6300 0.05152   7.024 0.0000E+00  0.000   7.02
 A34        1.6349 0.05332   8.980 0.0000E+00  0.000   8.98
 A427       1.6362 0.10004   4.331 0.0000E+00  0.000   4.33
 A341       1.6364 0.02468  10.300 0.0000E+00  0.000  10.30
 A95        1.6390 0.11218   6.722 0.0000E+00  0.000   6.72
 A380       1.6427 0.07992   3.312 0.0000E+00  0.000   3.31
 A14        1.6443 0.01168   1.236 0.0000E+00  0.000   1.24
 A297       1.6477 0.02308   6.139 0.0000E+00  0.000   6.14
 A447       1.6510 0.06809   9.638 0.0000E+00  0.000   9.64
 A62        1.6522 0.07050   6.219 0.0000E+00  0.000   6.22
 A315       1.6530 0.04671   7.607 0.0000E+00  0.000   7.61
 A362       1.6572 0.03030   5.845 0.0000E+00  0.000   5.85
 A351       1.6597 0.10750   7.095 0.0000E+00  0.000   7.09
 A84        1.6605 0.04642   1.744 0.0000E+00  0.000   1.74
 A145       1.6705 0.03320   4.622 0.0000E+00  0.000   4.62
 A343       1.6797 0.01476   9.097 0.0000E+00  0.000   9.10
 A488       1.6815 0.08822   5.686 0.0000E+00  0.000   5.69
 A399       1.6830 0.10648   2.702 0.0000E+00  0.000   2.70
 A216       1.6854 0.10157   5.246 0.0000E+00  0.000   5.25
 A189       1.6889 0.05658  10.886 0.0000E+00  0.000  10.89
 A306       1.6926 0.01923   2.284 0.0000E+00  0.000   2.28
 A358       1.7106 0.03090   4.415 0.0000E+00  0.000   4.41
 A448       1.7132 0.04866   1.003 0.0000E+00  0.000   1.00
 A17        1.7219 0.06575   8.463 0.0000E+00  0.000   8.46
 A283       1.7263 0.05746   7.496 0.0000E+00  0.000   7.50
 A18        1.7263 0.02863   2.462 0.0000E+00  0.000   2.46
 A119       1.7470 0.01770   7.874 0.0000E+00  0.000   7.87
 A289       1.7585 0.07358   6.214 0.0000E+00  0.000   6.21
 A38        1.7680 0.04947   0.695 0.0000E+00  0.000   0.70
 A63        1.7681 0.00643   8.971 0.0000E+00  0.000   8.97
 A140       1.7782 0.08350   3.107 0.0000E+00  0.000   3.11
 A150       1.7842 0.07650   5.514 0.0000E+00  0.000   5.51
 A188       1.7858 0.02141   4.328 0.0000E+00  0.000   4.33
 A381       1.7919 0.06735   3.645 0.0000E+00  0.000   3.64
 A412       1.7990 0.09449   3.735 0.0000E+00  0.000   3.73
 A24        1.8014 0.04627   5.900 0.0000E+00  0.000   5.90
 A396       1.8017 0.06870   4.241 0.0000E+00  0.000   4.24
 A130       1.8034 0.02548   3.172 0.0000E+00  0.000   3.17
 A470       1.8058 0.06674   7.983 0.0000E+00  0.000   7.98
 A348       1.8059 0.06047   7.714 0.0000E+00  0.000   7.71
 A482       1.8137 0.00165   7.403 0.0000E+00  0.000   7.40
 A121       1.8166 0.05957   5.253 0.0000E+00  0.000   5.25
 A201       1.8200 0.01374   8.677 0.0000E+00  0.000   8.68
 A122       1.8207 0.14459  11.179 0.0000E+00  0.000  11.18
 A136       1.8208 0.07671   2.485 0.0000E+00  0.000   2.48
 A58        1.8209 0.09496   7.084 0.0000E+00  0.000   7.08
 A7         1.8216 0.05184   3.806 0.0000E+00  0.000   3.81
 A299       1.8222 0.11473   2.185 0.0000E+00  0.000   2.19
 A74        1.8264 0.04976   6.226 0.0000E+00  0.000   6.23
 A99        1.8273 0.02699   5.928 0.0000E+00  0.000   5.93
 A301       1.8296 0.03974   3.479 0.0000E+00  0.000   3.48
 A207       1.8318 0.01570  10.122 0.0000E+00  0.000  10.12
 A205       1.8364 0.10349   8.482 0.0000E+00  0.000   8.48
 A161       1.8378 0.04417   7.081 0.0000E+00  0.000   7.08
 A324       1.8380 0.08271  10.334 0.0000E+00  0.000  10.33
 A29        1.8408 0.05957   4.339 0.0000E+00  0.000   4.34
 A268       1.8438 0.04137   6.198 0.0000E+00  0.000   6.20
 A281       1.8445 0.09082   0.650 0.0000E+00  0.000   0.65
 A477       1.8602 0.02400   5.587 0.0000E+00  0.000   5.59
 A132       1.8621 0.06842   6.566 0.0000E+00  0.000   6.57
 A181       1.8622 0.03903   0.793 0.0000E+00  0.000   0.79
 A407       1.8633 0.02350   7.044 0.0000E+00  0.000   7.04
 A270       1.8642 0.04661   5.997 0.0000E+00  0.000   6.00
 A126       1.8693 0.02621   6.938 0.0000E+00  0.000   6.94
 A50        1.8695 0.01381   5.167 0.0000E+00  0.000   5.17
 A344       1.8696 0.06916   8.188 0.0000E+00  0.000   8.19
 A346       1.8742 0.02541  10.106 0.0000E+00  0.000  10.11
 A263       1.8792 0.02568   3.588 0.0000E+00  0.000   3.59
 A246       1.8808 0.10729   2.760 0.0000E+00  0.000   2.76
 A33        1.8847 0.02704   4.593 0.0000E+00  0.000   4.59
 A413       1.8955 0.11552   6.912 0.0000E+00  0.000   6.91
 A255       1.8971 0.07255   2.007 0.0000E+00  0.000   2.01
 A428       1.8976 0.05042   2.310 0.0000E+00  0.000   2.31
 A86        1.9056 0.05081   2.782 0.0000E+00  0.000   2.78
 A495       1.9089 0.04344   8.381 0.0000E+00  0.000   8.38
 A98        1.9276 0.07216   2.162 0.0000E+00  0.000   2.16
 A144       1.9298 0.04632   1.669 0.0000E+00  0.000   1.67
 A187       1.9325 0.08923   8.586 0.0000E+00  0.000   8.59
 A371       1.9344 0.04411   8.622 0.0000E+00  0.000   8.62
 A223       1.9347 0.05045   2.456 0.0000E+00  0.000   2.46
 A311       1.9359 0.05268   7.234 0.0000E+00  0.000   7.23
 A438       1.9422 0.10308   2.821 0.0000E+00  0.000   2.82
 A356       1.9468 0.07876   2.376 0.0000E+00  0.000   2.38
 A202       1.9647 0.06193   3.188 0.0000E+00  0.000   3.19
 A82        1.9658 0.10294   3.079 0.0000E+00  0.000   3.08
 A111       1.9671 0.05312   3.358 0.0000E+00  0.000   3.36
 A254       1.9762 0.04391   3.310 0.0000E+00  0.000   3.31
 A43        1.9780 0.21134   7.372 0.0000E+00  0.000   7.37
 A457       1.9795 0.01448   3.560 0.0000E+00  0.000   3.56
 A342       1.9837 0.06837   9.193 0.0000E+00  0.000   9.19
 A481       1.9882 0.07353   8.339 0.0000E+00  0.000   8.34
 A221       1.9916 0.12965   1.161 0.0000E+00  0.000   1.16
 A332       2.0021 0.03989   8.011 0.0000E+00  0.000   8.01
 A493       2.0043 0.04603   1.928 0.0000E+00  0.000   1.93
 A241       2.0087 0.11380   6.747 0.0000E+00  0.000   6.75
 A107       2.0497 0.01418   2.851 0.0000E+00  0.000   2.85
 A69        2.0501 0.07217   5.971 0.0000E+00  0.000   5.97
 A328       2.0584 0.12943   9.176 0.0000E+00  0.000   9.18
 A486       2.0632 0.06725  10.561 0.0000E+00  0.000  10.56
 A314       2.0692 0.10499   7.763 0.0000E+00  0.000   7.76
 A90        2.0693 0.12501   7.098 0.0000E+00  0.000   7.10
 A378       2.0868 0.03773   6.165 0.0000E+00  0.000   6.17
 A377       2.0882 0.06140   0.700 0.0000E+00  0.000   0.70
 A138       2.0915 0.07683   8.481 0.0000E+00  0.000   8.48
 A169       2.0988 0.05976   8.457 0.0000E+00  0.000   8.46
 A96        2.1062 0.09283   8.645 0.0000E+00  0.000   8.65
 A186       2.1095 0.10866   7.155 0.0000E+00  0.000   7.15
 A440       2.1107 0.09233   7.888 0.0000E+00  0.000   7.89
 A25        2.1110 0.00786   5.464 0.0000E+00  0.000   5.46
 A317       2.1155 0.05567   4.411 0.0000E+00  0.000   4.41
 A400       2.1223 0.02154   7.624 0.0000E+00  0.000   7.62
 A273       2.1236 0.04459   1.084 0.0000E+00  0.000   1.08
 A117       2.1282 0.08649   1.286 0.0000E+00  0.000   1.29
 A217       2.1284 0.06399   6.007 0.0000E+00  0.000   6.01
 A373       2.1384 0.04136   6.336 0.0000E+00  0.000   6.34
 A292       2.1405 0.09734  11.093 0.0000E+00  0.000  11.09
 A251       2.1405 0.04785   2.560 0.0000E+00  0.000   2.56
 A12        2.1462 0.01747   6.886 0.0000E+00  0.000   6.89
 A325       2.1529 0.04442   1.268 0.0000E+00  0.000   1.27
 A199       2.1576 0.00300  10.928 0.0000E+00  0.000  10.93
 A429       2.1678 0.08906   1.626 0.0000E+00  0.000   1.63
 A475       2.1681 0.05493   5.022 0.0000E+00  0.000   5.02
 A227       2.1728 0.01869   0.794 0.0000E+00  0.000   0.79
 A55        2.1735 0.06572   8.381 0.0000E+00  0.000   8.38
 A149       2.1859 0.08288   6.171 0.0000E+00  0.000   6.17
 A214       2.1877 0.07038   3.972 0.0000E+00  0.000   3.97
 A191       2.1940 0.02358   3.306 0.0000E+00  0.000   3.31
 A308       2.1952 0.10060   1.578 0.0000E+00  0.000   1.58
 A94        2.1994 0.06734   2.161 0.0000E+00  0.000   2.16
 A474       2.2017 0.07362   5.297 0.0000E+00  0.000   5.30
 A293       2.2063 0.20151   4.332 0.0000E+00  0.000   4.33
 A45        2.2130 0.04801   3.989 0.0000E+00  0.000   3.99
 A28        2.2213 0.07171   0.265 0.0000E+00  0.000   0.27
 A185       2.2229 0.02825   3.948 0.0000E+00  0.000   3.95
 A72        2.2266 0.03068   1.976 0.0000E+00  0.000   1.98
 A476       2.2314 0.01900   9.903 0.0000E+00  0.000   9.90
 A171       2.2561 0.00653   1.786 0.0000E+00  0.000   1.79
 A307       2.2574 0.02853   2.496 0.0000E+00  0.000   2.50
 A22        2.2613 0.01813   8.150 0.0000E+00  0.000   8.15
 A384       2.2636 0.08354   9.230 0.0000E+00  0.000   9.23
 A229       2.2660 0.03568   5.460 0.0000E+00  0.000   5.46
 A278       2.2684 0.04432   8.836 0.0000E+00  0.000   8.84
 A224       2.2687 0.04391   6.335 0.0000E+00  0.000   6.33
 A61        2.2721 0.04274   2.812 0.0000E+00  0.000   2.81
 A147       2.2940 0.03562   2.673 0.0000E+00  0.000   2.67
 A310       2.2944 0.05706   5.965 0.0000E+00  0.000   5.97
 A158       2.3004 0.13341   1.058 0.0000E+00  0.000   1.06
 A455       2.3058 0.04388   6.921 0.0000E+00  0.000   6.92
 A313       2.3136 0.07405   8.661 0.0000E+00  0.000   8.66
 A35        2.3251 0.05576   6.196 0.0000E+00  0.000   6.20
 A323       2.3349 0.06265   5.303 0.0000E+00  0.000   5.30
 A272       2.3362 0.03745   6.458 0.0000E+00  0.000   6.46
 A465       2.3470 0.05854   7.765 0.0000E+00  0.000   7.77
 A436       2.3592 0.01971   7.065 0.0000E+00  0.000   7.07
 A165       2.3623 0.09695   5.939 0.0000E+00  0.000   5.94
 A127       2.3658 0.00881   5.011 0.0000E+00  0.000   5.01
 A174       2.3698 0.04777   2.998 0.0000E+00  0.000   3.00
 A257       2.3817 0.02670   4.407 0.0000E+00  0.000   4.41
 A321       2.3830 0.04585   7.237 0.0000E+00  0.000   7.24
 A375       2.3890 0.07598   3.469 0.0000E+00  0.000   3.47
 A48        2.3940 0.08481   3.637 0.0000E+00  0.000   3.64
 A345       2.4012 0.02846   4.980 0.0000E+00  0.000   4.98
 A156       2.4020 0.04590   5.790 0.0000E+00  0.000   5.79
 A444       2.4065 0.02481   4.626 0.0000E+00  0.000   4.63
 A172       2.4080 0.15751   7.645 0.0000E+00  0.000   7.64
 A101       2.4123 0.03904  10.226 0.0000E+00  0.000  10.23
 A93        2.4137 0.06199   0.123 0.0000E+00  0.000   0.12
 A159       2.4260 0.00864   2.437 0.0000E+00  0.000   2.44
 A20        2.4322 0.09164   4.337 0.0000E+00  0.000   4.34
 A442       2.4540 0.04596   4.094 0.0000E+00  0.000   4.09
 A234       2.5053 0.04527   7.087 0.0000E+00  0.000   7.09
 A331       2.5784 0.07136   2.741 0.0000E+00  0.000   2.74
 A141       2.6095 0.09268   1.841 0.0000E+00  0.000   1.84
 A6         2.6114 0.13517   4.754 0.0000E+00  0.000   4.75
 A431       2.6158 0.11143   3.232 0.0000E+00  0.000   3.23
 A372       2.6326 0.09680   3.951 0.0000E+00  0.000   3.95
 A16        3.0976 0.08333   3.487 0.0000E+00  0.000   3.49
 A68        3.0995 0.03890   7.195 0.0000E+00  0.000   7.19
 A70        3.1211 0.04982   5.451 0.0000E+00  0.000   5.45
 A106       3.1579 0.07660   6.880 0.0000E+00  0.000   6.88
 A40        3.1598 0.09523   8.470 0.0000E+00  0.000   8.47
 A401       3.1799 0.06627   6.448 0.0000E+00  0.000   6.45
 A416       3.1872 0.05451   6.223 0.0000E+00  0.000   6.22
 A103       3.2002 0.11101   2.593 0.0000E+00  0.000   2.59
 A480       3.2031 0.07672   5.664 0.0000E+00  0.000   5.66
 JUPITER    3.2033 0.02896   1.341 9.5479E-04  0.000   1.34
 A133       3.2089 0.03665   7.943 0.0000E+00  0.000   7.94
 A490       3.2292 0.08895   2.292 0.0000E+00  0.000   2.29
 A60        3.2292 0.05071   8.450 0.0000E+00  0.000   8.45
 A164       3.2465 0.02089   7.580 0.0000E+00  0.000   7.58
 A244       3.2625 0.07148   6.270 0.0000E+00  0.000   6.27
 A326       3.2724 0.01494   1.549 0.0000E+00  0.000   1.55
 A350       3.2747 0.00884   2.484 0.0000E+00  0.000   2.48
 A250       3.2849 0.02229   2.389 0.0000E+00  0.000   2.39
 A357       3.3313 0.03811   9.913 0.0000E+00  0.000   9.91
 A252       3.3347 0.06564   1.171 0.0000E+00  0.000   1.17
 A146       4.0390 0.02220   4.803 0.0000E+00  0.000   4.80
 A26        4.0825 0.03789   3.998 0.0000E+00  0.000   4.00
 SATURN     9.4687 0.03358   1.630 2.8589E-04  0.000   1.63
 A238      14.9616 0.22242  47.414 0.0000E+00  0.000  47.41
 A230      27.5144 0.75312   2.044 0.0000E+00  0.000   2.04
