 EARTHMOO   1.0000 0.01045   1.552 9.1213E-06  0.000   1.55
 A430       1.5000 0.01427   3.010 0.0000E+00  0.000   3.01
 A288       1.5170 0.02848   2.995 0.0000E+00  0.000   3.00
 A83        1.5224 0.04744   5.144 0.0000E+00  0.000   5.14
 A79        1.5225 0.05808   8.655 0.0000E+00  0.000   8.65
 A487       1.5241 0.06512   1.433 0.0000E+00  0.000   1.43
 A51        1.5319 0.02592   7.450 0.0000E+00  0.000   7.45
 A277       1.5322 0.08680   7.321 0.0000E+00  0.000   7.32
 A41        1.5470 0.09738   2.149 0.0000E+00  0.000   2.15
 A44        1.5506 0.04249   6.049 0.0000E+00  0.000   6.05
 A498       1.5534 0.00680   1.095 0.0000E+00  0.000   1.09
 A421       1.5535 0.05151   2.066 0.0000E+00  0.000   2.07
 A395       1.5579 0.10095   3.268 0.0000E+00  0.000   3.27
 A178       1.5625 0.00954   2.484 0.0000E+00  0.000   2.48
 A485       1.5756 0.06112   5.414 0.0000E+00  0.000   5.41
 A406       1.5776 0.03827   4.980 0.0000E+00  0.000   4.98
 A290       1.5809 0.04801   8.556 0.0000E+00  0.000   8.56
 A85        1.5854 0.00683   4.633 0.0000E+00  0.000   4.63
 A225       1.5945 0.01456   5.868 0.0000E+00  0.000   5.87
 A47        1.6060 0.03608   5.852 0.0000E+00  0.000   5.85
 A142       1.6067 0.01217   5.459 0.0000E+00  0.000   5.46
 A116       1.6121 0.03237   4.880 0.0000E+00  0.000   4.88
 A497       1.6201 0.09942   7.986 0.0000E+00  0.000   7.99
 A405       1.6296 0.06982   7.079 0.0000E+00  0.000   7.08
 A34        1.6342 0.04759   6.988 0.0000E+00  0.000   6.99
 A341       1.6366 0.02573   8.740 0.0000E+00  0.000   8.74
 A427       1.6372 0.07537   4.506 0.0000E+00  0.000   4.51
 A95        1.6374 0.08172   4.977 0.0000E+00  0.000   4.98
 A380       1.6431 0.07491   1.945 0.0000E+00  0.000   1.95
 A14        1.6446 0.03607   1.375 0.0000E+00  0.000   1.37
 A297       1.6482 0.01935   6.109 0.0000E+00  0.000   6.11
 A447       1.6515 0.03754  10.118 0.0000E+00  0.000  10.12
 A62        1.6522 0.06450   8.063 0.0000E+00  0.000   8.06
 A315       1.6533 0.07501   5.841 0.0000E+00  0.000   5.84
 A362       1.6584 0.02433   5.808 0.0000E+00  0.000   5.81
 A351       1.6595 0.08865   5.769 0.0000E+00  0.000   5.77
 A84        1.6599 0.06073   3.556 0.0000E+00  0.000   3.56
 A145       1.6713 0.06409   6.379 0.0000E+00  0.000   6.38
 A343       1.6792 0.01922   9.250 0.0000E+00  0.000   9.25
 A488       1.6829 0.08271   6.412 0.0000E+00  0.000   6.41
 A399       1.6833 0.09277   2.483 0.0000E+00  0.000   2.48
 A216       1.6850 0.08300   2.779 0.0000E+00  0.000   2.78
 A189       1.6892 0.05354   8.859 0.0000E+00  0.000   8.86
 A306       1.6933 0.01363   4.433 0.0000E+00  0.000   4.43
 A358       1.7111 0.02230   3.312 0.0000E+00  0.000   3.31
 A448       1.7124 0.07729   2.783 0.0000E+00  0.000   2.78
 A17        1.7217 0.04802   9.421 0.0000E+00  0.000   9.42
 A18        1.7258 0.02577   2.817 0.0000E+00  0.000   2.82
 A283       1.7266 0.07470   7.530 0.0000E+00  0.000   7.53
 A119       1.7472 0.02919   6.259 0.0000E+00  0.000   6.26
 A289       1.7588 0.08622   6.574 0.0000E+00  0.000   6.57
 A63        1.7679 0.02854   7.199 0.0000E+00  0.000   7.20
 A38        1.7692 0.04397   1.246 0.0000E+00  0.000   1.25
 A140       1.7768 0.07670   3.775 0.0000E+00  0.000   3.78
 A150       1.7835 0.11031   3.284 0.0000E+00  0.000   3.28
 A188       1.7861 0.03143   3.817 0.0000E+00  0.000   3.82
 A381       1.7950 0.09656   3.789 0.0000E+00  0.000   3.79
 A412       1.8000 0.09154   2.706 0.0000E+00  0.000   2.71
 A396       1.8003 0.10809   5.876 0.0000E+00  0.000   5.88
 A24        1.8014 0.05899   5.375 0.0000E+00  0.000   5.37
 A130       1.8023 0.02659   3.509 0.0000E+00  0.000   3.51
 A470       1.8047 0.08356   7.634 0.0000E+00  0.000   7.63
 A348       1.8051 0.03288   6.478 0.0000E+00  0.000   6.48
 A482       1.8138 0.03130   6.518 0.0000E+00  0.000   6.52
 A121       1.8158 0.05702   5.171 0.0000E+00  0.000   5.17
 A201       1.8199 0.02792   8.917 0.0000E+00  0.000   8.92
 A58        1.8204 0.06819   7.268 0.0000E+00  0.000   7.27
 A136       1.8222 0.04674   2.961 0.0000E+00  0.000   2.96
 A7         1.8228 0.02419   5.269 0.0000E+00  0.000   5.27
 A122       1.8232 0.15038   9.957 0.0000E+00  0.000   9.96
 A299       1.8246 0.09777   1.721 0.0000E+00  0.000   1.72
 A74        1.8248 0.07410   4.001 0.0000E+00  0.000   4.00
 A301       1.8260 0.01808   1.113 0.0000E+00  0.000   1.11
 A99        1.8280 0.03127   5.723 0.0000E+00  0.000   5.72
 A207       1.8320 0.00955   8.072 0.0000E+00  0.000   8.07
 A324       1.8362 0.06719   9.140 0.0000E+00  0.000   9.14
 A205       1.8371 0.08124   6.808 0.0000E+00  0.000   6.81
 A161       1.8373 0.02109   7.896 0.0000E+00  0.000   7.90
 A29        1.8405 0.03997   5.278 0.0000E+00  0.000   5.28
 A268       1.8433 0.00819   6.175 0.0000E+00  0.000   6.18
 A281       1.8446 0.07506   1.698 0.0000E+00  0.000   1.70
 A477       1.8593 0.04018   5.480 0.0000E+00  0.000   5.48
 A132       1.8612 0.10350   8.316 0.0000E+00  0.000   8.32
 A181       1.8618 0.03424   2.481 0.0000E+00  0.000   2.48
 A407       1.8631 0.00879   5.034 0.0000E+00  0.000   5.03
 A270       1.8634 0.05520   5.348 0.0000E+00  0.000   5.35
 A126       1.8694 0.02007   6.544 0.0000E+00  0.000   6.54
 A344       1.8697 0.06016   7.553 0.0000E+00  0.000   7.55
 A50        1.8704 0.01519   5.135 0.0000E+00  0.000   5.13
 A346       1.8750 0.01641   8.665 0.0000E+00  0.000   8.66
 A263       1.8790 0.01479   3.780 0.0000E+00  0.000   3.78
 A246       1.8820 0.10519   3.584 0.0000E+00  0.000   3.58
 A33        1.8827 0.03211   4.496 0.0000E+00  0.000   4.50
 A255       1.8942 0.06944   3.753 0.0000E+00  0.000   3.75
 A413       1.8957 0.10732   6.505 0.0000E+00  0.000   6.51
 A428       1.8982 0.04009   0.200 0.0000E+00  0.000   0.20
 A86        1.9055 0.07084   3.169 0.0000E+00  0.000   3.17
 A495       1.9095 0.05653   6.236 0.0000E+00  0.000   6.24
 A98        1.9283 0.05143   1.872 0.0000E+00  0.000   1.87
 A187       1.9297 0.06348   9.144 0.0000E+00  0.000   9.14
 A144       1.9322 0.01601   0.953 0.0000E+00  0.000   0.95
 A371       1.9341 0.03903   6.760 0.0000E+00  0.000   6.76
 A223       1.9351 0.02633   4.392 0.0000E+00  0.000   4.39
 A311       1.9353 0.05353   7.886 0.0000E+00  0.000   7.89
 A356       1.9423 0.09977   1.814 0.0000E+00  0.000   1.81
 A438       1.9515 0.10211   2.791 0.0000E+00  0.000   2.79
 A202       1.9619 0.05503   4.350 0.0000E+00  0.000   4.35
 A111       1.9661 0.06435   1.137 0.0000E+00  0.000   1.14
 A82        1.9712 0.07807   1.478 0.0000E+00  0.000   1.48
 A457       1.9746 0.05378   3.607 0.0000E+00  0.000   3.61
 A254       1.9773 0.01244   3.456 0.0000E+00  0.000   3.46
 A43        1.9822 0.21294   7.514 0.0000E+00  0.000   7.51
 A481       1.9889 0.06886   8.176 0.0000E+00  0.000   8.18
 A342       1.9896 0.02746   9.099 0.0000E+00  0.000   9.10
 A493       1.9980 0.06980   1.913 0.0000E+00  0.000   1.91
 A332       2.0021 0.02119   8.207 0.0000E+00  0.000   8.21
 A241       2.0213 0.07508   2.554 0.0000E+00  0.000   2.55
 A221       2.0263 0.02523   2.873 0.0000E+00  0.000   2.87
 A107       2.0428 0.06207   2.715 0.0000E+00  0.000   2.71
 A328       2.0528 0.11532   9.424 0.0000E+00  0.000   9.42
 A486       2.0564 0.10843  10.274 0.0000E+00  0.000  10.27
 A314       2.0584 0.12494   5.629 0.0000E+00  0.000   5.63
 A69        2.0586 0.03542   6.142 0.0000E+00  0.000   6.14
 A90        2.0736 0.13664   7.308 0.0000E+00  0.000   7.31
 A377       2.0757 0.09305   2.200 0.0000E+00  0.000   2.20
 A138       2.0759 0.13705   8.318 0.0000E+00  0.000   8.32
 A378       2.0874 0.01858   6.227 0.0000E+00  0.000   6.23
 A96        2.0993 0.07362   8.572 0.0000E+00  0.000   8.57
 A169       2.1015 0.05017   7.534 0.0000E+00  0.000   7.53
 A186       2.1052 0.10173   9.564 0.0000E+00  0.000   9.56
 A440       2.1121 0.07349   5.858 0.0000E+00  0.000   5.86
 A317       2.1159 0.05889   6.352 0.0000E+00  0.000   6.35
 A25        2.1178 0.04770   6.464 0.0000E+00  0.000   6.46
 A400       2.1184 0.01014   9.613 0.0000E+00  0.000   9.61
 A273       2.1205 0.06972   0.789 0.0000E+00  0.000   0.79
 A117       2.1248 0.07703   1.325 0.0000E+00  0.000   1.33
 A217       2.1286 0.05253   8.569 0.0000E+00  0.000   8.57
 A373       2.1396 0.02795   6.653 0.0000E+00  0.000   6.65
 A251       2.1416 0.03835   2.331 0.0000E+00  0.000   2.33
 A12        2.1447 0.01445   5.479 0.0000E+00  0.000   5.48
 A292       2.1505 0.07921   8.521 0.0000E+00  0.000   8.52
 A325       2.1541 0.05374   0.800 0.0000E+00  0.000   0.80
 A199       2.1574 0.05502  10.041 0.0000E+00  0.000  10.04
 A429       2.1643 0.07413   1.695 0.0000E+00  0.000   1.70
 A475       2.1668 0.02228   4.761 0.0000E+00  0.000   4.76
 A227       2.1722 0.01188   0.923 0.0000E+00  0.000   0.92
 A55        2.1736 0.06092   6.093 0.0000E+00  0.000   6.09
 A214       2.1851 0.09051   4.209 0.0000E+00  0.000   4.21
 A191       2.1859 0.03093   4.239 0.0000E+00  0.000   4.24
 A149       2.1873 0.07941   6.545 0.0000E+00  0.000   6.55
 A308       2.1964 0.08845   1.533 0.0000E+00  0.000   1.53
 A474       2.2012 0.06093   5.569 0.0000E+00  0.000   5.57
 A94        2.2042 0.04158   2.044 0.0000E+00  0.000   2.04
 A28        2.2138 0.04837   1.590 0.0000E+00  0.000   1.59
 A45        2.2176 0.04978   1.600 0.0000E+00  0.000   1.60
 A185       2.2245 0.03027   3.455 0.0000E+00  0.000   3.46
 A72        2.2296 0.01944   0.986 0.0000E+00  0.000   0.99
 A476       2.2410 0.00783   9.586 0.0000E+00  0.000   9.59
 A384       2.2545 0.09870  10.538 0.0000E+00  0.000  10.54
 A171       2.2554 0.03840   1.981 0.0000E+00  0.000   1.98
 A307       2.2601 0.01811   2.633 0.0000E+00  0.000   2.63
 A22        2.2617 0.00980   7.539 0.0000E+00  0.000   7.54
 A278       2.2643 0.05992   9.488 0.0000E+00  0.000   9.49
 A224       2.2685 0.07901   5.911 0.0000E+00  0.000   5.91
 A229       2.2695 0.02751   3.679 0.0000E+00  0.000   3.68
 A61        2.2756 0.04843   2.613 0.0000E+00  0.000   2.61
 A158       2.2898 0.14007   0.871 0.0000E+00  0.000   0.87
 A147       2.2923 0.03399   0.814 0.0000E+00  0.000   0.81
 A310       2.2985 0.02271   6.169 0.0000E+00  0.000   6.17
 A455       2.3090 0.01536   8.434 0.0000E+00  0.000   8.43
 A35        2.3181 0.03261   7.961 0.0000E+00  0.000   7.96
 A313       2.3193 0.03573   6.927 0.0000E+00  0.000   6.93
 A272       2.3287 0.01636   8.123 0.0000E+00  0.000   8.12
 A465       2.3421 0.09174   7.149 0.0000E+00  0.000   7.15
 A436       2.3551 0.02203   9.101 0.0000E+00  0.000   9.10
 A127       2.3641 0.05023   4.309 0.0000E+00  0.000   4.31
 A165       2.3653 0.09652   4.175 0.0000E+00  0.000   4.17
 A174       2.3656 0.03320   4.597 0.0000E+00  0.000   4.60
 A48        2.3719 0.10197   4.198 0.0000E+00  0.000   4.20
 A257       2.3775 0.04114   4.685 0.0000E+00  0.000   4.68
 A375       2.3824 0.07494   2.981 0.0000E+00  0.000   2.98
 A20        2.3895 0.10675   4.970 0.0000E+00  0.000   4.97
 A156       2.3904 0.04538   4.212 0.0000E+00  0.000   4.21
 A321       2.3906 0.02214   7.359 0.0000E+00  0.000   7.36
 A345       2.3985 0.08706   4.700 0.0000E+00  0.000   4.70
 A442       2.4007 0.07235   2.989 0.0000E+00  0.000   2.99
 A444       2.4020 0.03016   6.876 0.0000E+00  0.000   6.88
 A93        2.4093 0.06015   1.390 0.0000E+00  0.000   1.39
 A101       2.4188 0.08466   8.669 0.0000E+00  0.000   8.67
 A159       2.4191 0.03838   1.003 0.0000E+00  0.000   1.00
 A172       2.4626 0.09932   8.704 0.0000E+00  0.000   8.70
 A331       2.5733 0.01440   2.798 0.0000E+00  0.000   2.80
 A141       2.5992 0.07338   1.541 0.0000E+00  0.000   1.54
 A431       2.6007 0.10680   2.635 0.0000E+00  0.000   2.63
 A6         2.6531 0.07790   4.042 0.0000E+00  0.000   4.04
 A372       2.6788 0.08838   3.266 0.0000E+00  0.000   3.27
 A350       3.1157 0.03702   1.434 0.0000E+00  0.000   1.43
 A252       3.1159 0.06374   1.380 0.0000E+00  0.000   1.38
 A106       3.1231 0.07300   5.833 0.0000E+00  0.000   5.83
 A326       3.1505 0.02832   1.404 0.0000E+00  0.000   1.40
 A16        3.1679 0.04558   4.430 0.0000E+00  0.000   4.43
 A70        3.1693 0.06662   4.509 0.0000E+00  0.000   4.51
 A103       3.1741 0.08738   2.816 0.0000E+00  0.000   2.82
 A480       3.1999 0.10863   7.128 0.0000E+00  0.000   7.13
 A250       3.2013 0.02955   0.813 0.0000E+00  0.000   0.81
 A244       3.2017 0.06794   8.254 0.0000E+00  0.000   8.25
 JUPITER    3.2032 0.02372   1.237 9.5479E-04  0.000   1.24
 A490       3.2050 0.10837   2.232 0.0000E+00  0.000   2.23
 A416       3.2153 0.02420   4.675 0.0000E+00  0.000   4.68
 A60        3.2301 0.03914   6.741 0.0000E+00  0.000   6.74
 A133       3.2377 0.03059   8.288 0.0000E+00  0.000   8.29
 A40        3.2442 0.10548   9.344 0.0000E+00  0.000   9.34
 A164       3.2545 0.00724   6.312 0.0000E+00  0.000   6.31
 A401       3.2553 0.03251   6.375 0.0000E+00  0.000   6.37
 A357       3.3058 0.02784   8.755 0.0000E+00  0.000   8.76
 A68        3.3132 0.02520   7.219 0.0000E+00  0.000   7.22
 A146       4.0523 0.00665   4.816 0.0000E+00  0.000   4.82
 SATURN     9.5311 0.04202   1.783 2.8589E-04  0.000   1.78
