 EARTHMOO   1.0000 0.00404   1.739 9.1213E-06  0.000   1.74
 A430       1.5005 0.00357   3.372 0.0000E+00  0.000   3.37
 A288       1.5166 0.01417   0.860 0.0000E+00  0.000   0.86
 A79        1.5214 0.05776  11.072 0.0000E+00  0.000  11.07
 A83        1.5224 0.05498   6.456 0.0000E+00  0.000   6.46
 A487       1.5242 0.06066   3.403 0.0000E+00  0.000   3.40
 A51        1.5327 0.02786   6.951 0.0000E+00  0.000   6.95
 A277       1.5350 0.08667   8.650 0.0000E+00  0.000   8.65
 A41        1.5469 0.07474   1.653 0.0000E+00  0.000   1.65
 A44        1.5500 0.03862   5.956 0.0000E+00  0.000   5.96
 A421       1.5534 0.04672   2.740 0.0000E+00  0.000   2.74
 A498       1.5536 0.02594   1.606 0.0000E+00  0.000   1.61
 A395       1.5577 0.08532   3.907 0.0000E+00  0.000   3.91
 A178       1.5624 0.03152   3.351 0.0000E+00  0.000   3.35
 A485       1.5758 0.08361   5.418 0.0000E+00  0.000   5.42
 A406       1.5768 0.04741   6.258 0.0000E+00  0.000   6.26
 A290       1.5801 0.05663   8.497 0.0000E+00  0.000   8.50
 A85        1.5845 0.01991   5.410 0.0000E+00  0.000   5.41
 A225       1.5941 0.01362   8.482 0.0000E+00  0.000   8.48
 A47        1.6056 0.03336   6.987 0.0000E+00  0.000   6.99
 A142       1.6059 0.01216   5.322 0.0000E+00  0.000   5.32
 A116       1.6134 0.04109   3.214 0.0000E+00  0.000   3.21
 A497       1.6213 0.08936   6.511 0.0000E+00  0.000   6.51
 A405       1.6299 0.05265   6.917 0.0000E+00  0.000   6.92
 A34        1.6342 0.04902   7.923 0.0000E+00  0.000   7.92
 A427       1.6364 0.09205   5.945 0.0000E+00  0.000   5.94
 A341       1.6367 0.03959   9.402 0.0000E+00  0.000   9.40
 A95        1.6376 0.10224   7.132 0.0000E+00  0.000   7.13
 A380       1.6432 0.05847   2.119 0.0000E+00  0.000   2.12
 A14        1.6443 0.03413   2.101 0.0000E+00  0.000   2.10
 A297       1.6482 0.00985   6.689 0.0000E+00  0.000   6.69
 A447       1.6520 0.05056  10.467 0.0000E+00  0.000  10.47
 A315       1.6525 0.05866   6.082 0.0000E+00  0.000   6.08
 A62        1.6528 0.05649   5.605 0.0000E+00  0.000   5.60
 A362       1.6571 0.02481   6.089 0.0000E+00  0.000   6.09
 A351       1.6595 0.08765   6.596 0.0000E+00  0.000   6.60
 A84        1.6605 0.04492   0.750 0.0000E+00  0.000   0.75
 A145       1.6720 0.05164   4.847 0.0000E+00  0.000   4.85
 A343       1.6793 0.01491   8.496 0.0000E+00  0.000   8.50
 A488       1.6818 0.06952   7.440 0.0000E+00  0.000   7.44
 A399       1.6830 0.08968   1.481 0.0000E+00  0.000   1.48
 A216       1.6857 0.08854   2.760 0.0000E+00  0.000   2.76
 A189       1.6887 0.04521   8.712 0.0000E+00  0.000   8.71
 A306       1.6928 0.00477   4.539 0.0000E+00  0.000   4.54
 A358       1.7118 0.01235   2.710 0.0000E+00  0.000   2.71
 A448       1.7133 0.07347   2.008 0.0000E+00  0.000   2.01
 A17        1.7215 0.05207  11.258 0.0000E+00  0.000  11.26
 A18        1.7253 0.01759   3.110 0.0000E+00  0.000   3.11
 A283       1.7265 0.07429   8.349 0.0000E+00  0.000   8.35
 A119       1.7461 0.02263   4.981 0.0000E+00  0.000   4.98
 A289       1.7584 0.09448   5.873 0.0000E+00  0.000   5.87
 A38        1.7675 0.03621   0.043 0.0000E+00  0.000   0.04
 A63        1.7681 0.01127   7.268 0.0000E+00  0.000   7.27
 A140       1.7778 0.09350   5.680 0.0000E+00  0.000   5.68
 A150       1.7835 0.09584   3.873 0.0000E+00  0.000   3.87
 A188       1.7855 0.01862   3.312 0.0000E+00  0.000   3.31
 A381       1.7921 0.07925   5.886 0.0000E+00  0.000   5.89
 A412       1.7963 0.07648   3.177 0.0000E+00  0.000   3.18
 A396       1.8007 0.09118   6.126 0.0000E+00  0.000   6.13
 A130       1.8037 0.01941   5.463 0.0000E+00  0.000   5.46
 A24        1.8042 0.05723   5.630 0.0000E+00  0.000   5.63
 A470       1.8054 0.07009   6.067 0.0000E+00  0.000   6.07
 A348       1.8061 0.04120   6.771 0.0000E+00  0.000   6.77
 A482       1.8135 0.02078   7.986 0.0000E+00  0.000   7.99
 A121       1.8168 0.03714   5.705 0.0000E+00  0.000   5.71
 A201       1.8187 0.01437  11.456 0.0000E+00  0.000  11.46
 A122       1.8188 0.14288   9.942 0.0000E+00  0.000   9.94
 A136       1.8228 0.05142   4.854 0.0000E+00  0.000   4.85
 A299       1.8237 0.09278   2.309 0.0000E+00  0.000   2.31
 A7         1.8242 0.03182   4.491 0.0000E+00  0.000   4.49
 A58        1.8244 0.07359   5.745 0.0000E+00  0.000   5.74
 A74        1.8249 0.07319   6.476 0.0000E+00  0.000   6.48
 A99        1.8256 0.04692   5.314 0.0000E+00  0.000   5.31
 A301       1.8258 0.03053   3.528 0.0000E+00  0.000   3.53
 A207       1.8309 0.00861   7.752 0.0000E+00  0.000   7.75
 A324       1.8361 0.07704   7.599 0.0000E+00  0.000   7.60
 A205       1.8363 0.08887   7.085 0.0000E+00  0.000   7.08
 A161       1.8382 0.03515   7.331 0.0000E+00  0.000   7.33
 A29        1.8404 0.04022   3.018 0.0000E+00  0.000   3.02
 A268       1.8435 0.01843   4.967 0.0000E+00  0.000   4.97
 A281       1.8446 0.09210   3.147 0.0000E+00  0.000   3.15
 A477       1.8613 0.02900   4.892 0.0000E+00  0.000   4.89
 A132       1.8618 0.08946   7.918 0.0000E+00  0.000   7.92
 A181       1.8627 0.01833   2.009 0.0000E+00  0.000   2.01
 A407       1.8629 0.00670   7.777 0.0000E+00  0.000   7.78
 A270       1.8630 0.05848   5.722 0.0000E+00  0.000   5.72
 A344       1.8677 0.06778  10.478 0.0000E+00  0.000  10.48
 A126       1.8680 0.04978   8.429 0.0000E+00  0.000   8.43
 A50        1.8697 0.01193   5.074 0.0000E+00  0.000   5.07
 A346       1.8751 0.01134   9.910 0.0000E+00  0.000   9.91
 A263       1.8792 0.00229   6.394 0.0000E+00  0.000   6.39
 A246       1.8807 0.10047   4.781 0.0000E+00  0.000   4.78
 A33        1.8822 0.01644   4.815 0.0000E+00  0.000   4.81
 A255       1.8940 0.08053   1.262 0.0000E+00  0.000   1.26
 A413       1.8980 0.09581   8.915 0.0000E+00  0.000   8.91
 A428       1.9002 0.05227   2.897 0.0000E+00  0.000   2.90
 A86        1.9045 0.06760   2.226 0.0000E+00  0.000   2.23
 A495       1.9096 0.05141   6.385 0.0000E+00  0.000   6.38
 A98        1.9297 0.04458   2.483 0.0000E+00  0.000   2.48
 A187       1.9302 0.07756  10.915 0.0000E+00  0.000  10.91
 A144       1.9330 0.02527   1.714 0.0000E+00  0.000   1.71
 A371       1.9338 0.03435   7.300 0.0000E+00  0.000   7.30
 A223       1.9352 0.04213   1.847 0.0000E+00  0.000   1.85
 A311       1.9377 0.05338   6.903 0.0000E+00  0.000   6.90
 A356       1.9429 0.08695   3.965 0.0000E+00  0.000   3.97
 A438       1.9490 0.10064   1.796 0.0000E+00  0.000   1.80
 A202       1.9652 0.06246   4.463 0.0000E+00  0.000   4.46
 A82        1.9658 0.09066   1.343 0.0000E+00  0.000   1.34
 A111       1.9702 0.03315   2.496 0.0000E+00  0.000   2.50
 A254       1.9742 0.04508   3.597 0.0000E+00  0.000   3.60
 A457       1.9802 0.01174   4.159 0.0000E+00  0.000   4.16
 A342       1.9860 0.03698   6.318 0.0000E+00  0.000   6.32
 A241       1.9937 0.13537   5.452 0.0000E+00  0.000   5.45
 A332       1.9940 0.06938   9.327 0.0000E+00  0.000   9.33
 A481       2.0000 0.01069   7.430 0.0000E+00  0.000   7.43
 A493       2.0064 0.03831   2.350 0.0000E+00  0.000   2.35
 A221       2.0236 0.04913   3.507 0.0000E+00  0.000   3.51
 A43        2.0454 0.11588   7.102 0.0000E+00  0.000   7.10
 A107       2.0494 0.01146   4.789 0.0000E+00  0.000   4.79
 A486       2.0501 0.09631   7.994 0.0000E+00  0.000   7.99
 A328       2.0616 0.09875   9.423 0.0000E+00  0.000   9.42
 A69        2.0639 0.02557   5.966 0.0000E+00  0.000   5.97
 A314       2.0709 0.09430   7.345 0.0000E+00  0.000   7.34
 A90        2.0732 0.12364   7.586 0.0000E+00  0.000   7.59
 A138       2.0863 0.09559   8.315 0.0000E+00  0.000   8.31
 A377       2.0866 0.07933   2.195 0.0000E+00  0.000   2.20
 A378       2.0886 0.06210   4.850 0.0000E+00  0.000   4.85
 A169       2.0935 0.06299   5.567 0.0000E+00  0.000   5.57
 A96        2.1005 0.05935   9.541 0.0000E+00  0.000   9.54
 A440       2.1099 0.05691   8.166 0.0000E+00  0.000   8.17
 A25        2.1117 0.02249   6.085 0.0000E+00  0.000   6.08
 A186       2.1154 0.07985   6.826 0.0000E+00  0.000   6.83
 A317       2.1181 0.03065   6.149 0.0000E+00  0.000   6.15
 A273       2.1191 0.07861   2.080 0.0000E+00  0.000   2.08
 A400       2.1209 0.01077  10.336 0.0000E+00  0.000  10.34
 A217       2.1211 0.06979   8.971 0.0000E+00  0.000   8.97
 A117       2.1290 0.07963   1.636 0.0000E+00  0.000   1.64
 A373       2.1362 0.04867   8.519 0.0000E+00  0.000   8.52
 A251       2.1434 0.02308   1.344 0.0000E+00  0.000   1.34
 A12        2.1449 0.00818   5.101 0.0000E+00  0.000   5.10
 A292       2.1530 0.08056  11.020 0.0000E+00  0.000  11.02
 A199       2.1570 0.03392   8.154 0.0000E+00  0.000   8.15
 A325       2.1586 0.03859   2.207 0.0000E+00  0.000   2.21
 A429       2.1658 0.07278   1.106 0.0000E+00  0.000   1.11
 A55        2.1678 0.05028   6.013 0.0000E+00  0.000   6.01
 A475       2.1691 0.03667   5.375 0.0000E+00  0.000   5.37
 A227       2.1740 0.03029   2.455 0.0000E+00  0.000   2.45
 A149       2.1796 0.07058   8.775 0.0000E+00  0.000   8.78
 A214       2.1882 0.08909   5.217 0.0000E+00  0.000   5.22
 A191       2.1887 0.01666   1.481 0.0000E+00  0.000   1.48
 A474       2.1894 0.09529   5.590 0.0000E+00  0.000   5.59
 A94        2.1992 0.04368   0.907 0.0000E+00  0.000   0.91
 A308       2.2024 0.06047   2.170 0.0000E+00  0.000   2.17
 A45        2.2163 0.04890   1.199 0.0000E+00  0.000   1.20
 A28        2.2182 0.05112   1.618 0.0000E+00  0.000   1.62
 A185       2.2239 0.02237   3.782 0.0000E+00  0.000   3.78
 A72        2.2289 0.00809   2.845 0.0000E+00  0.000   2.85
 A476       2.2321 0.00619   8.634 0.0000E+00  0.000   8.63
 A171       2.2545 0.02405   3.867 0.0000E+00  0.000   3.87
 A307       2.2557 0.00980   1.815 0.0000E+00  0.000   1.82
 A278       2.2660 0.04365   8.598 0.0000E+00  0.000   8.60
 A229       2.2662 0.02556   3.646 0.0000E+00  0.000   3.65
 A224       2.2671 0.05936   4.345 0.0000E+00  0.000   4.34
 A22        2.2673 0.00932   7.955 0.0000E+00  0.000   7.96
 A384       2.2692 0.06573  11.066 0.0000E+00  0.000  11.07
 A61        2.2853 0.05583   3.502 0.0000E+00  0.000   3.50
 A147       2.2955 0.02372   0.567 0.0000E+00  0.000   0.57
 A158       2.2966 0.12065   1.531 0.0000E+00  0.000   1.53
 A310       2.2980 0.03207   5.946 0.0000E+00  0.000   5.95
 A35        2.3136 0.07392   8.884 0.0000E+00  0.000   8.88
 A313       2.3170 0.03766   8.928 0.0000E+00  0.000   8.93
 A455       2.3185 0.01771   6.052 0.0000E+00  0.000   6.05
 A272       2.3244 0.02138   8.825 0.0000E+00  0.000   8.83
 A436       2.3555 0.02393   6.286 0.0000E+00  0.000   6.29
 A465       2.3557 0.06380   6.047 0.0000E+00  0.000   6.05
 A165       2.3623 0.10639   3.314 0.0000E+00  0.000   3.31
 A127       2.3625 0.03320   5.659 0.0000E+00  0.000   5.66
 A174       2.3661 0.02476   3.559 0.0000E+00  0.000   3.56
 A20        2.3756 0.10042   5.816 0.0000E+00  0.000   5.82
 A257       2.3806 0.02351   5.164 0.0000E+00  0.000   5.16
 A48        2.3811 0.05653   1.580 0.0000E+00  0.000   1.58
 A375       2.3817 0.06815   3.280 0.0000E+00  0.000   3.28
 A321       2.3829 0.06606   4.840 0.0000E+00  0.000   4.84
 A156       2.3840 0.06808   2.911 0.0000E+00  0.000   2.91
 A101       2.3911 0.06729   8.119 0.0000E+00  0.000   8.12
 A444       2.3959 0.05269   6.978 0.0000E+00  0.000   6.98
 A345       2.4044 0.06973   4.336 0.0000E+00  0.000   4.34
 A93        2.4069 0.04428   2.657 0.0000E+00  0.000   2.66
 A442       2.4134 0.10421   4.557 0.0000E+00  0.000   4.56
 A159       2.4154 0.05815   0.633 0.0000E+00  0.000   0.63
 A172       2.4618 0.08349   9.742 0.0000E+00  0.000   9.74
 A331       2.5697 0.04871   1.473 0.0000E+00  0.000   1.47
 A141       2.5979 0.06412   0.284 0.0000E+00  0.000   0.28
 A431       2.6356 0.05457   1.986 0.0000E+00  0.000   1.99
 A372       2.6370 0.08888   3.108 0.0000E+00  0.000   3.11
 A6         2.6626 0.06659   2.802 0.0000E+00  0.000   2.80
 A164       3.0947 0.01100   5.476 0.0000E+00  0.000   5.48
 A350       3.1062 0.02668   2.828 0.0000E+00  0.000   2.83
 A416       3.1321 0.04531   5.755 0.0000E+00  0.000   5.76
 A16        3.1461 0.06566   3.532 0.0000E+00  0.000   3.53
 A250       3.1529 0.02121   3.235 0.0000E+00  0.000   3.24
 A40        3.1671 0.10342   6.987 0.0000E+00  0.000   6.99
 A68        3.1698 0.01461   7.282 0.0000E+00  0.000   7.28
 A103       3.1899 0.08483   1.991 0.0000E+00  0.000   1.99
 A60        3.1940 0.05783   9.113 0.0000E+00  0.000   9.11
 JUPITER    3.2031 0.00777   1.622 9.5479E-04  0.000   1.62
 A244       3.2052 0.04097   7.624 0.0000E+00  0.000   7.62
 A490       3.2110 0.09014   2.022 0.0000E+00  0.000   2.02
 A133       3.2113 0.01972   7.911 0.0000E+00  0.000   7.91
 A480       3.2151 0.08106   4.624 0.0000E+00  0.000   4.62
 A106       3.2172 0.05169   7.325 0.0000E+00  0.000   7.33
 A326       3.2250 0.03713   1.839 0.0000E+00  0.000   1.84
 A401       3.2411 0.04871   4.453 0.0000E+00  0.000   4.45
 A357       3.2882 0.00641   7.115 0.0000E+00  0.000   7.12
 A70        3.3160 0.06436   5.270 0.0000E+00  0.000   5.27
 A252       3.3172 0.03618   1.715 0.0000E+00  0.000   1.71
 A146       4.0265 0.02452   5.053 0.0000E+00  0.000   5.05
 SATURN     9.5006 0.05179   1.020 2.8589E-04  0.000   1.02
