 A352       0.8889 0.30219   3.800 0.0000E+00  0.000   3.80
 EARTHMOO   1.0000 0.01116   1.753 9.1213E-06  0.000   1.75
 A239       1.3262 0.54578   7.564 0.0000E+00  0.000   7.56
 A492       1.3844 0.30556  20.866 0.0000E+00  0.000  20.87
 A430       1.4998 0.01057   0.643 0.0000E+00  0.000   0.64
 A288       1.5175 0.01306   2.448 0.0000E+00  0.000   2.45
 A79        1.5219 0.04282   9.313 0.0000E+00  0.000   9.31
 A83        1.5226 0.04465   6.489 0.0000E+00  0.000   6.49
 A487       1.5247 0.04476   3.739 0.0000E+00  0.000   3.74
 A51        1.5322 0.02576   6.811 0.0000E+00  0.000   6.81
 A277       1.5323 0.10533   6.079 0.0000E+00  0.000   6.08
 A41        1.5457 0.10751   0.320 0.0000E+00  0.000   0.32
 A44        1.5502 0.04212   6.896 0.0000E+00  0.000   6.90
 A421       1.5527 0.05192   0.416 0.0000E+00  0.000   0.42
 A498       1.5534 0.00415   1.386 0.0000E+00  0.000   1.39
 A97        1.5553 0.44937  12.883 0.0000E+00  0.000  12.88
 A395       1.5577 0.06905   1.186 0.0000E+00  0.000   1.19
 A178       1.5619 0.01059   3.145 0.0000E+00  0.000   3.15
 A485       1.5757 0.08062   4.012 0.0000E+00  0.000   4.01
 A406       1.5766 0.06821   3.466 0.0000E+00  0.000   3.47
 A290       1.5806 0.04230   8.543 0.0000E+00  0.000   8.54
 A85        1.5848 0.02102   6.681 0.0000E+00  0.000   6.68
 A225       1.5944 0.01896   7.478 0.0000E+00  0.000   7.48
 A47        1.6049 0.05049   7.077 0.0000E+00  0.000   7.08
 A142       1.6061 0.02879   5.219 0.0000E+00  0.000   5.22
 A116       1.6128 0.03744   5.357 0.0000E+00  0.000   5.36
 A497       1.6206 0.07966   7.270 0.0000E+00  0.000   7.27
 A405       1.6297 0.05133   6.995 0.0000E+00  0.000   7.00
 A34        1.6347 0.05865   9.338 0.0000E+00  0.000   9.34
 A427       1.6367 0.08241   6.099 0.0000E+00  0.000   6.10
 A341       1.6375 0.02761  11.096 0.0000E+00  0.000  11.10
 A95        1.6386 0.10594   4.293 0.0000E+00  0.000   4.29
 A380       1.6427 0.07952   1.613 0.0000E+00  0.000   1.61
 A304       1.6438 0.55525  13.455 0.0000E+00  0.000  13.46
 A14        1.6442 0.03898   1.135 0.0000E+00  0.000   1.13
 A297       1.6479 0.01889   4.564 0.0000E+00  0.000   4.56
 A447       1.6510 0.03465   8.987 0.0000E+00  0.000   8.99
 A62        1.6529 0.07114   8.703 0.0000E+00  0.000   8.70
 A315       1.6536 0.06301   5.448 0.0000E+00  0.000   5.45
 A362       1.6573 0.03243   5.927 0.0000E+00  0.000   5.93
 A351       1.6591 0.10583   5.929 0.0000E+00  0.000   5.93
 A84        1.6612 0.02876   2.008 0.0000E+00  0.000   2.01
 A145       1.6703 0.06441   6.807 0.0000E+00  0.000   6.81
 A343       1.6789 0.02980  11.273 0.0000E+00  0.000  11.27
 A488       1.6820 0.08749   6.985 0.0000E+00  0.000   6.99
 A399       1.6842 0.07787   2.237 0.0000E+00  0.000   2.24
 A216       1.6851 0.10205   3.092 0.0000E+00  0.000   3.09
 A189       1.6895 0.05383  10.453 0.0000E+00  0.000  10.45
 A306       1.6924 0.02174   3.511 0.0000E+00  0.000   3.51
 A358       1.7123 0.00759   5.437 0.0000E+00  0.000   5.44
 A448       1.7129 0.08549   2.672 0.0000E+00  0.000   2.67
 A17        1.7221 0.05216   8.960 0.0000E+00  0.000   8.96
 A18        1.7252 0.01458   1.051 0.0000E+00  0.000   1.05
 A283       1.7263 0.05977   7.579 0.0000E+00  0.000   7.58
 A119       1.7460 0.03743   6.715 0.0000E+00  0.000   6.71
 A289       1.7589 0.07294   6.102 0.0000E+00  0.000   6.10
 A63        1.7676 0.03234   9.762 0.0000E+00  0.000   9.76
 A38        1.7701 0.02880   0.164 0.0000E+00  0.000   0.16
 A140       1.7778 0.10394   5.119 0.0000E+00  0.000   5.12
 A150       1.7831 0.11341   4.366 0.0000E+00  0.000   4.37
 A188       1.7857 0.01074   4.613 0.0000E+00  0.000   4.61
 A381       1.7923 0.09646   5.562 0.0000E+00  0.000   5.56
 A412       1.7969 0.08933   1.158 0.0000E+00  0.000   1.16
 A396       1.8009 0.11096   3.692 0.0000E+00  0.000   3.69
 A130       1.8027 0.02586   4.864 0.0000E+00  0.000   4.86
 A24        1.8032 0.05510   6.356 0.0000E+00  0.000   6.36
 A348       1.8057 0.05322   9.092 0.0000E+00  0.000   9.09
 A470       1.8065 0.05063   8.164 0.0000E+00  0.000   8.16
 A482       1.8142 0.03640   8.995 0.0000E+00  0.000   8.99
 A121       1.8172 0.04205   3.171 0.0000E+00  0.000   3.17
 A122       1.8179 0.12643   9.272 0.0000E+00  0.000   9.27
 A201       1.8185 0.01412   8.754 0.0000E+00  0.000   8.75
 A136       1.8217 0.03837   3.350 0.0000E+00  0.000   3.35
 A299       1.8221 0.09303   2.589 0.0000E+00  0.000   2.59
 A58        1.8228 0.05590   5.735 0.0000E+00  0.000   5.73
 A7         1.8230 0.04817   5.937 0.0000E+00  0.000   5.94
 A301       1.8260 0.01525   2.350 0.0000E+00  0.000   2.35
 A99        1.8264 0.02754   6.241 0.0000E+00  0.000   6.24
 A74        1.8273 0.08845   3.820 0.0000E+00  0.000   3.82
 A207       1.8334 0.01284   8.216 0.0000E+00  0.000   8.22
 A205       1.8371 0.08337   5.889 0.0000E+00  0.000   5.89
 A324       1.8374 0.06525   7.722 0.0000E+00  0.000   7.72
 A161       1.8377 0.04757   9.440 0.0000E+00  0.000   9.44
 A29        1.8410 0.05494   5.301 0.0000E+00  0.000   5.30
 A268       1.8454 0.00355   6.189 0.0000E+00  0.000   6.19
 A281       1.8455 0.10323   0.821 0.0000E+00  0.000   0.82
 A132       1.8604 0.10157   6.373 0.0000E+00  0.000   6.37
 A477       1.8608 0.01598   3.408 0.0000E+00  0.000   3.41
 A181       1.8615 0.02056   1.639 0.0000E+00  0.000   1.64
 A407       1.8637 0.02042   7.169 0.0000E+00  0.000   7.17
 A270       1.8654 0.06372   6.611 0.0000E+00  0.000   6.61
 A344       1.8686 0.08480   9.330 0.0000E+00  0.000   9.33
 A126       1.8687 0.04400   8.818 0.0000E+00  0.000   8.82
 A50        1.8725 0.01355   5.071 0.0000E+00  0.000   5.07
 A346       1.8748 0.01801   9.680 0.0000E+00  0.000   9.68
 A263       1.8788 0.01402   4.009 0.0000E+00  0.000   4.01
 A33        1.8834 0.04076   4.684 0.0000E+00  0.000   4.68
 A246       1.8835 0.09659   4.223 0.0000E+00  0.000   4.22
 A255       1.8968 0.09011   2.013 0.0000E+00  0.000   2.01
 A413       1.8976 0.10689   7.846 0.0000E+00  0.000   7.85
 A428       1.8996 0.05725   2.649 0.0000E+00  0.000   2.65
 A495       1.9077 0.03881   7.489 0.0000E+00  0.000   7.49
 A86        1.9079 0.06075   0.680 0.0000E+00  0.000   0.68
 A98        1.9297 0.03681   0.653 0.0000E+00  0.000   0.65
 A187       1.9302 0.07086  10.801 0.0000E+00  0.000  10.80
 A144       1.9316 0.04222   1.213 0.0000E+00  0.000   1.21
 A371       1.9353 0.03174   9.088 0.0000E+00  0.000   9.09
 A223       1.9356 0.02891   4.907 0.0000E+00  0.000   4.91
 A311       1.9385 0.04782   7.722 0.0000E+00  0.000   7.72
 A356       1.9413 0.08764   4.041 0.0000E+00  0.000   4.04
 A438       1.9430 0.09468   2.798 0.0000E+00  0.000   2.80
 A202       1.9618 0.06960   5.325 0.0000E+00  0.000   5.33
 A111       1.9675 0.03998   3.071 0.0000E+00  0.000   3.07
 A82        1.9737 0.05869   1.664 0.0000E+00  0.000   1.66
 A267       1.9739 0.21247   8.302 0.0000E+00  0.000   8.30
 A254       1.9759 0.04798   3.102 0.0000E+00  0.000   3.10
 A457       1.9801 0.02952   3.738 0.0000E+00  0.000   3.74
 A342       1.9845 0.04796   9.299 0.0000E+00  0.000   9.30
 A481       1.9879 0.07915   8.458 0.0000E+00  0.000   8.46
 A332       1.9995 0.05394   7.591 0.0000E+00  0.000   7.59
 A493       2.0074 0.03412   1.894 0.0000E+00  0.000   1.89
 A221       2.0286 0.02805   3.087 0.0000E+00  0.000   3.09
 A241       2.0349 0.02517   5.675 0.0000E+00  0.000   5.68
 A107       2.0457 0.04463   3.101 0.0000E+00  0.000   3.10
 A43        2.0510 0.12237   5.641 0.0000E+00  0.000   5.64
 A69        2.0603 0.00568   5.772 0.0000E+00  0.000   5.77
 A486       2.0646 0.08714  10.588 0.0000E+00  0.000  10.59
 A328       2.0705 0.06041   9.431 0.0000E+00  0.000   9.43
 A314       2.0721 0.08808   8.065 0.0000E+00  0.000   8.07
 A138       2.0859 0.10968   6.409 0.0000E+00  0.000   6.41
 A89        2.0859 0.40064  11.997 0.0000E+00  0.000  12.00
 A90        2.0865 0.11602   6.517 0.0000E+00  0.000   6.52
 A378       2.0895 0.04785   6.104 0.0000E+00  0.000   6.10
 A377       2.0914 0.06166   1.856 0.0000E+00  0.000   1.86
 A169       2.0924 0.07035   6.276 0.0000E+00  0.000   6.28
 A96        2.0999 0.08555   9.044 0.0000E+00  0.000   9.04
 A440       2.1049 0.07513   5.786 0.0000E+00  0.000   5.79
 A186       2.1078 0.08003   8.388 0.0000E+00  0.000   8.39
 A25        2.1131 0.02850   4.826 0.0000E+00  0.000   4.83
 A317       2.1188 0.01219   5.290 0.0000E+00  0.000   5.29
 A273       2.1224 0.07723   1.583 0.0000E+00  0.000   1.58
 A117       2.1243 0.08642   1.420 0.0000E+00  0.000   1.42
 A400       2.1253 0.04183   9.477 0.0000E+00  0.000   9.48
 A217       2.1302 0.08477   8.637 0.0000E+00  0.000   8.64
 A373       2.1349 0.06996   5.956 0.0000E+00  0.000   5.96
 A251       2.1424 0.01621   2.660 0.0000E+00  0.000   2.66
 A12        2.1424 0.03977   7.775 0.0000E+00  0.000   7.77
 A292       2.1474 0.07941   8.940 0.0000E+00  0.000   8.94
 A325       2.1509 0.07491   2.233 0.0000E+00  0.000   2.23
 A429       2.1585 0.11622   1.516 0.0000E+00  0.000   1.52
 A199       2.1598 0.04356   9.050 0.0000E+00  0.000   9.05
 A475       2.1665 0.07094   4.043 0.0000E+00  0.000   4.04
 A55        2.1721 0.06729   5.963 0.0000E+00  0.000   5.96
 A227       2.1730 0.02135   0.870 0.0000E+00  0.000   0.87
 A214       2.1806 0.08552   3.657 0.0000E+00  0.000   3.66
 A149       2.1831 0.08777   7.699 0.0000E+00  0.000   7.70
 A191       2.1861 0.04254   1.752 0.0000E+00  0.000   1.75
 A94        2.1938 0.07708   2.231 0.0000E+00  0.000   2.23
 A474       2.1951 0.10211   4.070 0.0000E+00  0.000   4.07
 A308       2.1979 0.07894   1.597 0.0000E+00  0.000   1.60
 A379       2.1996 0.11064   4.552 0.0000E+00  0.000   4.55
 A293       2.2069 0.05187   3.998 0.0000E+00  0.000   4.00
 A28        2.2080 0.07500   2.109 0.0000E+00  0.000   2.11
 A45        2.2214 0.03465   2.551 0.0000E+00  0.000   2.55
 A185       2.2221 0.03041   3.222 0.0000E+00  0.000   3.22
 A72        2.2266 0.02128   3.433 0.0000E+00  0.000   3.43
 A476       2.2314 0.03400   9.012 0.0000E+00  0.000   9.01
 A171       2.2559 0.03835   3.684 0.0000E+00  0.000   3.68
 A307       2.2566 0.02842   0.717 0.0000E+00  0.000   0.72
 A278       2.2589 0.05425   8.073 0.0000E+00  0.000   8.07
 A22        2.2614 0.01460   7.684 0.0000E+00  0.000   7.68
 A384       2.2620 0.05922  10.676 0.0000E+00  0.000  10.68
 A229       2.2628 0.01066   5.962 0.0000E+00  0.000   5.96
 A224       2.2684 0.07234   6.504 0.0000E+00  0.000   6.50
 A61        2.2771 0.05302   3.110 0.0000E+00  0.000   3.11
 A147       2.2963 0.02818   0.985 0.0000E+00  0.000   0.98
 A310       2.3012 0.04407   7.805 0.0000E+00  0.000   7.80
 A455       2.3057 0.04682   8.982 0.0000E+00  0.000   8.98
 A313       2.3138 0.07138   8.665 0.0000E+00  0.000   8.67
 A158       2.3151 0.06670   1.800 0.0000E+00  0.000   1.80
 A35        2.3229 0.07514   6.141 0.0000E+00  0.000   6.14
 A465       2.3264 0.10871   8.855 0.0000E+00  0.000   8.86
 A272       2.3277 0.05302   9.064 0.0000E+00  0.000   9.06
 A323       2.3400 0.06905   1.579 0.0000E+00  0.000   1.58
 A473       2.3469 0.06395   5.455 0.0000E+00  0.000   5.46
 A436       2.3577 0.03553   7.391 0.0000E+00  0.000   7.39
 A174       2.3608 0.01119   5.316 0.0000E+00  0.000   5.32
 A127       2.3643 0.02077   4.263 0.0000E+00  0.000   4.26
 A48        2.3709 0.08062   2.259 0.0000E+00  0.000   2.26
 A165       2.3736 0.06561   3.930 0.0000E+00  0.000   3.93
 A257       2.3757 0.02976   4.375 0.0000E+00  0.000   4.37
 A321       2.3813 0.07538   5.739 0.0000E+00  0.000   5.74
 A375       2.3888 0.06642   1.061 0.0000E+00  0.000   1.06
 A159       2.4028 0.05567   2.452 0.0000E+00  0.000   2.45
 A101       2.4041 0.09951   7.873 0.0000E+00  0.000   7.87
 A156       2.4076 0.05140   4.380 0.0000E+00  0.000   4.38
 A444       2.4077 0.02898   5.982 0.0000E+00  0.000   5.98
 A20        2.4084 0.06186   2.702 0.0000E+00  0.000   2.70
 A93        2.4209 0.06637   1.348 0.0000E+00  0.000   1.35
 A345       2.4338 0.01918   2.651 0.0000E+00  0.000   2.65
 A442       2.4545 0.04052   5.197 0.0000E+00  0.000   5.20
 A172       2.4546 0.08818   8.854 0.0000E+00  0.000   8.85
 A234       2.5149 0.07257   5.332 0.0000E+00  0.000   5.33
 A331       2.5679 0.04334   3.794 0.0000E+00  0.000   3.79
 A6         2.6034 0.10872   5.617 0.0000E+00  0.000   5.62
 A431       2.6070 0.12449   1.253 0.0000E+00  0.000   1.25
 A141       2.6140 0.07518   3.146 0.0000E+00  0.000   3.15
 A372       2.6478 0.08770   1.597 0.0000E+00  0.000   1.60
 A416       3.0952 0.03385   3.941 0.0000E+00  0.000   3.94
 A420       3.1252 0.08239   2.511 0.0000E+00  0.000   2.51
 A106       3.1470 0.04396   7.524 0.0000E+00  0.000   7.52
 A40        3.1494 0.08069   7.424 0.0000E+00  0.000   7.42
 A490       3.1513 0.10121   3.533 0.0000E+00  0.000   3.53
 A401       3.1742 0.05373   4.485 0.0000E+00  0.000   4.49
 A244       3.1781 0.06822   6.200 0.0000E+00  0.000   6.20
 A357       3.1861 0.03954   8.468 0.0000E+00  0.000   8.47
 A326       3.1862 0.00598   1.480 0.0000E+00  0.000   1.48
 A70        3.1899 0.04861   4.784 0.0000E+00  0.000   4.78
 A164       3.1976 0.03726   5.192 0.0000E+00  0.000   5.19
 JUPITER    3.2033 0.02742   1.429 9.5479E-04  0.000   1.43
 A480       3.2137 0.05865   4.857 0.0000E+00  0.000   4.86
 A60        3.2296 0.06620   6.814 0.0000E+00  0.000   6.81
 A103       3.2428 0.06485   4.538 0.0000E+00  0.000   4.54
 A68        3.2791 0.03785   7.059 0.0000E+00  0.000   7.06
 A133       3.2875 0.03705   9.816 0.0000E+00  0.000   9.82
 A350       3.2913 0.02638   3.328 0.0000E+00  0.000   3.33
 A252       3.3216 0.04876   1.459 0.0000E+00  0.000   1.46
 A16        3.3217 0.05965   3.945 0.0000E+00  0.000   3.95
 A250       3.3222 0.02542   0.730 0.0000E+00  0.000   0.73
 A230       3.9127 0.03358   2.923 0.0000E+00  0.000   2.92
 A146       4.0308 0.04193   2.276 0.0000E+00  0.000   2.28
 A26        4.0724 0.06297   1.608 0.0000E+00  0.000   1.61
 A192       9.0736 0.41635  27.112 0.0000E+00  0.000  27.11
 A238       9.3913 0.29224  44.519 0.0000E+00  0.000  44.52
 SATURN     9.5285 0.03809   1.474 2.8589E-04  0.000   1.47
 A134      11.8708 0.55539  23.086 0.0000E+00  0.000  23.09
 A128      12.0402 0.09995   8.368 0.0000E+00  0.000   8.37
 A468      12.2426 0.18814  33.307 0.0000E+00  0.000  33.31
 A262      12.6635 0.39420   8.990 0.0000E+00  0.000   8.99
 A403      12.8911 0.44582  49.566 0.0000E+00  0.000  49.57
 A478      13.1312 0.43856  29.237 0.0000E+00  0.000  29.24
 A271      15.7654 0.32204  24.917 0.0000E+00  0.000  24.92
 A4        19.2357 0.57411  48.953 0.0000E+00  0.000  48.95
 A414      22.3868 0.53158   9.884 0.0000E+00  0.000   9.88
 A458      27.1791 0.72352  30.926 0.0000E+00  0.000  30.93
 A120      28.5700 0.65213  11.834 0.0000E+00  0.000  11.83
 A494      31.8520 0.69024  12.314 0.0000E+00  0.000  12.31
 A78       39.1196 0.83085   6.396 0.0000E+00  0.000   6.40
 A355      39.1572 0.80620  14.710 0.0000E+00  0.000  14.71
