
 Time (years):    9993155.3839836

              a        e       i      mass    Rot/day  Obl

 EARTHMOO   1.0000 0.00544   0.941 9.1213E-06  0.000   0.94
 A430       1.4997 0.00692   2.123 0.0000E+00  0.000   2.12
 A288       1.5164 0.02080   2.887 0.0000E+00  0.000   2.89
 A83        1.5220 0.05766   6.424 0.0000E+00  0.000   6.42
 A79        1.5223 0.05364  10.120 0.0000E+00  0.000  10.12
 A487       1.5241 0.06297   2.514 0.0000E+00  0.000   2.51
 A51        1.5325 0.02602   7.359 0.0000E+00  0.000   7.36
 A277       1.5344 0.07566   7.494 0.0000E+00  0.000   7.49
 A41        1.5457 0.10548   0.680 0.0000E+00  0.000   0.68
 A44        1.5504 0.05089   7.859 0.0000E+00  0.000   7.86
 A498       1.5533 0.01514   1.985 0.0000E+00  0.000   1.99
 A421       1.5536 0.04731   2.341 0.0000E+00  0.000   2.34
 A395       1.5577 0.08962   3.544 0.0000E+00  0.000   3.54
 A178       1.5618 0.03431   1.978 0.0000E+00  0.000   1.98
 A485       1.5749 0.07439   3.265 0.0000E+00  0.000   3.26
 A406       1.5776 0.04754   5.645 0.0000E+00  0.000   5.64
 A290       1.5799 0.05227   9.388 0.0000E+00  0.000   9.39
 A85        1.5846 0.02551   4.294 0.0000E+00  0.000   4.29
 A225       1.5950 0.01573   7.889 0.0000E+00  0.000   7.89
 A47        1.6055 0.04251   6.185 0.0000E+00  0.000   6.19
 A142       1.6060 0.02409   5.948 0.0000E+00  0.000   5.95
 A116       1.6138 0.04536   3.540 0.0000E+00  0.000   3.54
 A497       1.6205 0.09675   8.231 0.0000E+00  0.000   8.23
 A405       1.6300 0.05935   9.234 0.0000E+00  0.000   9.23
 A34        1.6339 0.05972   8.576 0.0000E+00  0.000   8.58
 A427       1.6367 0.07795   5.168 0.0000E+00  0.000   5.17
 A341       1.6372 0.05048  10.537 0.0000E+00  0.000  10.54
 A95        1.6373 0.09539   6.202 0.0000E+00  0.000   6.20
 A380       1.6426 0.05633   1.672 0.0000E+00  0.000   1.67
 A14        1.6449 0.02408   1.029 0.0000E+00  0.000   1.03
 A297       1.6479 0.00402   5.207 0.0000E+00  0.000   5.21
 A447       1.6509 0.04456  10.454 0.0000E+00  0.000  10.45
 A315       1.6524 0.06052   6.530 0.0000E+00  0.000   6.53
 A62        1.6528 0.04989   7.913 0.0000E+00  0.000   7.91
 A362       1.6582 0.03455   7.956 0.0000E+00  0.000   7.96
 A351       1.6601 0.09718   6.639 0.0000E+00  0.000   6.64
 A84        1.6605 0.04450   1.815 0.0000E+00  0.000   1.81
 A145       1.6713 0.05439   5.574 0.0000E+00  0.000   5.57
 A343       1.6806 0.00663   8.907 0.0000E+00  0.000   8.91
 A488       1.6816 0.06486   5.990 0.0000E+00  0.000   5.99
 A399       1.6827 0.10139   2.232 0.0000E+00  0.000   2.23
 A216       1.6854 0.09110   3.004 0.0000E+00  0.000   3.00
 A189       1.6889 0.03238  10.592 0.0000E+00  0.000  10.59
 A306       1.6933 0.00664   3.787 0.0000E+00  0.000   3.79
 A358       1.7103 0.01615   3.364 0.0000E+00  0.000   3.36
 A448       1.7147 0.07146   2.373 0.0000E+00  0.000   2.37
 A17        1.7232 0.05267   9.932 0.0000E+00  0.000   9.93
 A18        1.7247 0.01884   2.324 0.0000E+00  0.000   2.32
 A283       1.7255 0.06391   9.763 0.0000E+00  0.000   9.76
 A119       1.7457 0.02511   6.836 0.0000E+00  0.000   6.84
 A289       1.7582 0.08842   6.553 0.0000E+00  0.000   6.55
 A38        1.7683 0.04266   2.610 0.0000E+00  0.000   2.61
 A63        1.7685 0.01977   7.711 0.0000E+00  0.000   7.71
 A140       1.7764 0.09854   3.719 0.0000E+00  0.000   3.72
 A150       1.7844 0.08933   5.190 0.0000E+00  0.000   5.19
 A188       1.7861 0.00924   2.321 0.0000E+00  0.000   2.32
 A381       1.7930 0.07673   5.331 0.0000E+00  0.000   5.33
 A412       1.7967 0.08469   3.441 0.0000E+00  0.000   3.44
 A396       1.7999 0.08768   3.728 0.0000E+00  0.000   3.73
 A24        1.8013 0.06028   4.346 0.0000E+00  0.000   4.35
 A130       1.8034 0.02388   3.356 0.0000E+00  0.000   3.36
 A470       1.8060 0.06179   5.783 0.0000E+00  0.000   5.78
 A348       1.8067 0.04785   7.090 0.0000E+00  0.000   7.09
 A482       1.8143 0.01145   8.754 0.0000E+00  0.000   8.75
 A121       1.8171 0.02905   5.005 0.0000E+00  0.000   5.00
 A122       1.8180 0.16237  10.140 0.0000E+00  0.000  10.14
 A201       1.8200 0.04457   9.733 0.0000E+00  0.000   9.73
 A7         1.8216 0.04314   5.380 0.0000E+00  0.000   5.38
 A58        1.8216 0.07862   5.078 0.0000E+00  0.000   5.08
 A136       1.8238 0.06288   4.811 0.0000E+00  0.000   4.81
 A299       1.8239 0.09043   2.102 0.0000E+00  0.000   2.10
 A74        1.8250 0.07843   5.655 0.0000E+00  0.000   5.65
 A301       1.8270 0.03286   2.184 0.0000E+00  0.000   2.18
 A99        1.8273 0.04799   6.435 0.0000E+00  0.000   6.43
 A207       1.8316 0.01134   8.464 0.0000E+00  0.000   8.46
 A205       1.8351 0.10481   6.170 0.0000E+00  0.000   6.17
 A161       1.8377 0.03531   8.371 0.0000E+00  0.000   8.37
 A324       1.8405 0.07478   8.568 0.0000E+00  0.000   8.57
 A29        1.8419 0.03025   5.523 0.0000E+00  0.000   5.52
 A281       1.8448 0.08347   1.326 0.0000E+00  0.000   1.33
 A268       1.8458 0.02058   4.660 0.0000E+00  0.000   4.66
 A477       1.8602 0.04013   4.082 0.0000E+00  0.000   4.08
 A132       1.8606 0.09160   8.227 0.0000E+00  0.000   8.23
 A407       1.8636 0.00511   5.153 0.0000E+00  0.000   5.15
 A270       1.8646 0.06648   6.628 0.0000E+00  0.000   6.63
 A181       1.8654 0.02382   2.417 0.0000E+00  0.000   2.42
 A344       1.8684 0.07651   9.454 0.0000E+00  0.000   9.45
 A126       1.8692 0.02755   6.812 0.0000E+00  0.000   6.81
 A50        1.8705 0.01553   3.937 0.0000E+00  0.000   3.94
 A346       1.8755 0.01015   8.801 0.0000E+00  0.000   8.80
 A263       1.8788 0.01062   3.976 0.0000E+00  0.000   3.98
 A33        1.8820 0.02986   4.194 0.0000E+00  0.000   4.19
 A246       1.8848 0.09653   4.049 0.0000E+00  0.000   4.05
 A255       1.8961 0.08029   3.047 0.0000E+00  0.000   3.05
 A428       1.8995 0.04312   1.428 0.0000E+00  0.000   1.43
 A413       1.9020 0.08501   6.902 0.0000E+00  0.000   6.90
 A495       1.9086 0.04964   6.176 0.0000E+00  0.000   6.18
 A86        1.9089 0.07049   2.008 0.0000E+00  0.000   2.01
 A98        1.9286 0.06228   0.206 0.0000E+00  0.000   0.21
 A187       1.9288 0.07097   9.443 0.0000E+00  0.000   9.44
 A144       1.9302 0.04767   1.355 0.0000E+00  0.000   1.35
 A371       1.9338 0.02846   6.907 0.0000E+00  0.000   6.91
 A223       1.9349 0.02942   3.996 0.0000E+00  0.000   4.00
 A311       1.9386 0.04946   7.935 0.0000E+00  0.000   7.93
 A356       1.9405 0.09119   3.545 0.0000E+00  0.000   3.55
 A438       1.9464 0.09372   2.688 0.0000E+00  0.000   2.69
 A202       1.9620 0.06625   3.879 0.0000E+00  0.000   3.88
 A111       1.9692 0.03623   2.056 0.0000E+00  0.000   2.06
 A457       1.9769 0.02660   3.994 0.0000E+00  0.000   3.99
 A82        1.9775 0.06091   2.925 0.0000E+00  0.000   2.93
 A254       1.9812 0.01650   2.765 0.0000E+00  0.000   2.77
 A342       1.9816 0.06444   8.798 0.0000E+00  0.000   8.80
 A481       1.9989 0.00949   7.208 0.0000E+00  0.000   7.21
 A332       2.0028 0.01843   7.005 0.0000E+00  0.000   7.01
 A493       2.0062 0.05154   1.025 0.0000E+00  0.000   1.02
 A221       2.0168 0.02699   7.534 0.0000E+00  0.000   7.53
 A43        2.0241 0.13982   7.365 0.0000E+00  0.000   7.37
 A241       2.0399 0.03245  14.244 0.0000E+00  0.000  14.24
 A328       2.0529 0.12846   9.591 0.0000E+00  0.000   9.59
 A486       2.0536 0.09811   8.472 0.0000E+00  0.000   8.47
 A107       2.0540 0.02055   4.432 0.0000E+00  0.000   4.43
 A314       2.0555 0.13268   5.670 0.0000E+00  0.000   5.67
 A69        2.0584 0.01377   8.235 0.0000E+00  0.000   8.24
 A377       2.0819 0.08475   1.839 0.0000E+00  0.000   1.84
 A138       2.0832 0.11355   8.633 0.0000E+00  0.000   8.63
 A90        2.0856 0.10081   7.160 0.0000E+00  0.000   7.16
 A378       2.0917 0.04176   7.278 0.0000E+00  0.000   7.28
 A169       2.0941 0.05287   7.792 0.0000E+00  0.000   7.79
 A96        2.1092 0.05689   9.695 0.0000E+00  0.000   9.70
 A186       2.1096 0.08520   8.263 0.0000E+00  0.000   8.26
 A440       2.1097 0.06378   5.865 0.0000E+00  0.000   5.86
 A25        2.1135 0.02446   6.129 0.0000E+00  0.000   6.13
 A317       2.1160 0.05084   4.863 0.0000E+00  0.000   4.86
 A117       2.1216 0.10252   0.921 0.0000E+00  0.000   0.92
 A400       2.1229 0.00996   9.387 0.0000E+00  0.000   9.39
 A217       2.1235 0.06947   8.233 0.0000E+00  0.000   8.23
 A273       2.1296 0.07844   1.029 0.0000E+00  0.000   1.03
 A373       2.1344 0.03904   6.376 0.0000E+00  0.000   6.38
 A251       2.1431 0.01963   0.888 0.0000E+00  0.000   0.89
 A12        2.1458 0.00483   7.304 0.0000E+00  0.000   7.30
 A292       2.1462 0.07515   8.816 0.0000E+00  0.000   8.82
 A325       2.1528 0.05940   0.203 0.0000E+00  0.000   0.20
 A199       2.1559 0.03770  10.336 0.0000E+00  0.000  10.34
 A429       2.1628 0.07615   2.531 0.0000E+00  0.000   2.53
 A475       2.1689 0.04579   3.436 0.0000E+00  0.000   3.44
 A55        2.1730 0.03970   6.224 0.0000E+00  0.000   6.22
 A227       2.1731 0.01690   3.062 0.0000E+00  0.000   3.06
 A149       2.1812 0.07106   7.367 0.0000E+00  0.000   7.37
 A214       2.1858 0.09781   4.342 0.0000E+00  0.000   4.34
 A191       2.1863 0.02318   2.060 0.0000E+00  0.000   2.06
 A474       2.1889 0.09829   5.158 0.0000E+00  0.000   5.16
 A308       2.1972 0.07260   0.887 0.0000E+00  0.000   0.89
 A94        2.2001 0.03497   1.124 0.0000E+00  0.000   1.12
 A28        2.2108 0.03703   2.081 0.0000E+00  0.000   2.08
 A45        2.2134 0.04764   3.181 0.0000E+00  0.000   3.18
 A185       2.2273 0.00843   2.429 0.0000E+00  0.000   2.43
 A72        2.2283 0.00499   1.360 0.0000E+00  0.000   1.36
 A476       2.2334 0.01127   7.953 0.0000E+00  0.000   7.95
 A171       2.2547 0.01691   3.236 0.0000E+00  0.000   3.24
 A307       2.2562 0.01539   0.840 0.0000E+00  0.000   0.84
 A278       2.2576 0.04324   8.246 0.0000E+00  0.000   8.25
 A384       2.2615 0.07216   9.879 0.0000E+00  0.000   9.88
 A22        2.2639 0.01375   5.598 0.0000E+00  0.000   5.60
 A224       2.2642 0.06780   5.312 0.0000E+00  0.000   5.31
 A61        2.2679 0.07121   1.979 0.0000E+00  0.000   1.98
 A229       2.2732 0.02135   3.520 0.0000E+00  0.000   3.52
 A147       2.2946 0.00499   2.229 0.0000E+00  0.000   2.23
 A310       2.2993 0.03238   7.040 0.0000E+00  0.000   7.04
 A158       2.3021 0.11455   0.984 0.0000E+00  0.000   0.98
 A455       2.3105 0.00613   6.847 0.0000E+00  0.000   6.85
 A35        2.3183 0.07273   8.576 0.0000E+00  0.000   8.58
 A272       2.3281 0.02576   7.835 0.0000E+00  0.000   7.83
 A313       2.3335 0.03294   8.841 0.0000E+00  0.000   8.84
 A465       2.3373 0.05903   5.707 0.0000E+00  0.000   5.71
 A436       2.3593 0.00687   7.830 0.0000E+00  0.000   7.83
 A174       2.3631 0.04016   3.661 0.0000E+00  0.000   3.66
 A165       2.3658 0.09913   6.280 0.0000E+00  0.000   6.28
 A127       2.3687 0.02330   4.153 0.0000E+00  0.000   4.15
 A375       2.3723 0.08947   3.418 0.0000E+00  0.000   3.42
 A48        2.3724 0.07466   3.007 0.0000E+00  0.000   3.01
 A257       2.3751 0.02849   5.071 0.0000E+00  0.000   5.07
 A156       2.3895 0.07899   5.469 0.0000E+00  0.000   5.47
 A93        2.3961 0.07936   1.750 0.0000E+00  0.000   1.75
 A321       2.3988 0.04838   5.105 0.0000E+00  0.000   5.11
 A345       2.3990 0.07351   3.619 0.0000E+00  0.000   3.62
 A444       2.4082 0.02969   4.765 0.0000E+00  0.000   4.76
 A172       2.4158 0.12940   7.316 0.0000E+00  0.000   7.32
 A101       2.4196 0.04207   9.989 0.0000E+00  0.000   9.99
 A20        2.4279 0.08423   3.127 0.0000E+00  0.000   3.13
 A442       2.4532 0.04343   2.912 0.0000E+00  0.000   2.91
 A159       2.4568 0.04484   0.141 0.0000E+00  0.000   0.14
 A331       2.5792 0.02756   2.762 0.0000E+00  0.000   2.76
 A141       2.6064 0.06339   2.201 0.0000E+00  0.000   2.20
 A431       2.6080 0.09576   3.347 0.0000E+00  0.000   3.35
 A372       2.6161 0.09576   2.196 0.0000E+00  0.000   2.20
 A6         2.6553 0.05062   5.156 0.0000E+00  0.000   5.16
 A68        3.1016 0.01843   8.800 0.0000E+00  0.000   8.80
 A350       3.1292 0.02125   2.104 0.0000E+00  0.000   2.10
 A40        3.1504 0.10320   9.216 0.0000E+00  0.000   9.22
 A326       3.1516 0.02111   0.775 0.0000E+00  0.000   0.77
 A490       3.1656 0.08664   2.574 0.0000E+00  0.000   2.57
 A70        3.1836 0.05094   4.420 0.0000E+00  0.000   4.42
 A244       3.1889 0.05427   7.975 0.0000E+00  0.000   7.97
 JUPITER    3.2033 0.01117   0.975 9.5479E-04  0.000   0.97
 A252       3.2065 0.05015   0.933 0.0000E+00  0.000   0.93
 A250       3.2128 0.01989   1.838 0.0000E+00  0.000   1.84
 A480       3.2152 0.07621   6.369 0.0000E+00  0.000   6.37
 A16        3.2180 0.06441   4.103 0.0000E+00  0.000   4.10
 A60        3.2304 0.06295   8.163 0.0000E+00  0.000   8.16
 A106       3.2367 0.05495   6.640 0.0000E+00  0.000   6.64
 A401       3.2386 0.03704   4.493 0.0000E+00  0.000   4.49
 A416       3.2388 0.02620   4.833 0.0000E+00  0.000   4.83
 A103       3.2411 0.08579   4.332 0.0000E+00  0.000   4.33
 A357       3.2476 0.00758   9.603 0.0000E+00  0.000   9.60
 A164       3.2752 0.02312   7.194 0.0000E+00  0.000   7.19
 A133       3.2869 0.00513   8.138 0.0000E+00  0.000   8.14
 A146       4.0577 0.03149   3.684 0.0000E+00  0.000   3.68
 SATURN     9.4642 0.04723   2.082 2.8589E-04  0.000   2.08
