6a10_ݹ  "   LLLՑ                        LLLՓ2
  !EARTHMOOCTw                  ء%tRH
  "JUPITER ׿                  轻7
6b_ݹ  "   
  !ِ   _K]jj   K]
  "%l   N?^rq   z:
6bl  "   
  !   i=|   "p
  "ɿ   *K   Ok7
6baQ  "   
  !g   tqJ5E   U
  "=ؐ   >F.   3M0
6b(+  "   
  !쉐   up<ֹCo   &+
  "_ΐ   GSćV   "9O
6bam0  "   
  !)e@   q.挐   
  "W   Dls   h
6bJә  "   
  !#   h'҇ĭ   a~
  "g/   8ԧ   x x
6bזF  "   
  !EH   bAh@   5R
  "e   bR8*   {W
6bЩ_^  "   
  !:Ͱ   h+e]C   g|
  "C   '8Ј   {"
6b N+!  "   
  !D   v Wgj   8
  "#   X   
6b4Ŏę  "   
  !p_   y\S%l   
  "kQ   g}f   {_
6bHQ  "   
  !֠n   tw17   5s
  "}   sAӐ   t`
6b]RI  "   
  !#Ð   nsĳ*   /T
  "'   OBr@   }
6bqkR  "   
  !_ِ   fWaɖk   }'
  "wWs   (`   RF
6bŅ.  "   
  !'2   iNȭӫ`   ۨF
  "T   L]|G   9i
6bɚV  "   
  !Nސ   vx( ܐ   
  ".   HȪ   )#'
6bͮ]{  "   
  !v   }%;w   =
  "d9   `C   
6bvB  "   
  !8l   {Gw@I/   3
  "Z   giU   +
6bZٞ  "   
  !]Ȑ   r@Hm   jp
  "aK   t%   '
6b릥2'  "   
  !N   l{-   :
  "ŗQ<   W=w.   xh
6b򟔸  "   
  !?~   jTɲi0$   otH
  "Â   {7,5   "
6b4^is  "   
  ! #   th63N2   ٓ
  "T   nrC   Z%
6bHy6  "   
  !9   E1_F(   6
  "}~E   x`ɣ]   QNm
6b\ܪڙ  "   
  !"   ap   Q
  "e   LKU3   y{ 
6bqb_[  "   
  !א   x܊   U
  "k   왉M   U
6b򅮃d  "   
  !FL   n8dTǐ   u
  ""]   )u-LI   ?y
6bug  "   
  !JF   lTRN   ϣ
  "̓K   /̑nP   0 X
6bf}&*  "   
  !u'ɐ   s浼ڎ   L
  "Ĺ   E݁f   !&
6b²{߶Ι  "   
  !0   `Ŧ   p^;
  ".ɐ   `0   
6bSŚ  "   
  !Խڐ   OJP    %
  "Ul   X涍^   
6b痁ؚ  "   
  !>2B   ~"b\   S
  "Vݐ   V˒v   7~8
6bcE:p  "   
  !-b#   u]˗.   T=
  "I'   wrҲIƐ   Ǆ
6bӀ  "   
  !   mI=l   ӭ+
  "W   i8[ې   l
6b:涶  "   
  !d+   tItZѢ   鵏
  "?   }g=3G̐   [
6b/j>ƚ  "   
  !   p`   d
  "w   Jk   "
6bͦך  "   
  !s   *۾   bZ#
  "s   会OU6   Z
6bmkQ.  "   
  !wF   ]s5;   1Z
  "k$   ho&d7   EIv
6b~  "   
  !ek   |Ӿɐ   9
  "2   ΚЁi'   6ȡ
6bD~7'  "   
  !P   rּٙ   6Q
  "+'   Ő#߫8=   (y{
6bU}:  "   
  !   p8R"p   `
  "J?   w_   %
6b}d՚  "   
  !If̐   ~hi   X"
  "B誐   'JU   ߞ
6bw}g  "   
  !c;&   Igi   =h
  "a   j{Ґ   2/
6b?|T  "   
  !RDߐ   {U   o|
  "[+   GIZf   ǂ$
6bN|N'  "   
  !W   b   |
  "uI   0*v7   ~C7
6b{{E9  "   
  !P   xR=gj   lQ>
  "ʃ   p   \m
6b&){5H  "   
  !2%   s85ED#   q
  "o   F"e   ~H
6bz5W  "   
  !   wJP   u
  "f^   ZX{S   _J
6bez  "   
  !Pа   ڣ{   V
  "ʌq   ?5%   Lz
6bXze{&  "   
  !I   wh   k
  "(=)   bӻ5U   =ʐ
6by5  "   
  !~b   4÷,   L
  "j   ͯlfe   /xJ
6b0OyLkG  "   
  !2   $:b$\   ()
  "Z   S    
6bxZ  "   
  !|   wq+k]M   /Z
  "%z   +}v|U   3i
6bx3[h  "   
  !   x򗝨   ϝ
  "Ğށ   VE   ؖ
6bc9ww  "   
  !"   Tɐ   W
  "z   T   ԅi}
6bwߡ7  "   
  !铐   W   =K
  "P7   7pTm   鞽
6b:uwc)F  "   
  !^   ҼvU@   3
  "p   ;   
6b#vƑU  "   
  !Rq   V9=禐   W
  "M   DȐ   ~4
6bvIh  "   
  !򦲐   |VnL[   q
  "f   6y,!F   d
6bm_uw  "   
  !]7   z;63a   f
  "[   ޱY   S>:
6bu0鉚  "   
  !5Э    *g   ѡ
  "æa   El   D
6bDtq  "   
  !.*   aS.IV   TR
  "ŧZ   խmFJ   61R
6bItOT  "   
  !|ş   wܟga̐   ZlH
  "bz   Ό&ѐ   '/
6bt`g  "   
  !U-   |HѪQ   }V
  "c   `p?Z   Z
6bws?v  "   
  !;ݐ   M   
  "FK   `t   <i
6b3sG  "   
  !$   }4ñ˗   t`
  "ڽ   1`+   ~Z
6bNr/  "   
  !v   .y'   @!
  "ц0   P٫   EZ
6bor.  "   
  !Rl   }K   &z
  "З   jޏx   t
6b%q  "   
  !"   !Rg\C   d
  "   C#؎q   \
6bqu  "   
  !#.   pU   և
  "{b    gWr   jE
6bYq^e  "   
  !/֐   YO&G   +
  "X   \fAf   Z*
6bXp͖  "   
  !d2   j㵧   ]!=
  ",X   EټH2   Kڍ
6bpEU  "   
  !+q   W t   y1
  "Yh   ֍E   =%Z
6b0Co  "   
  !N원   Nz>Ӑ   
  "dtm   ֤/H   .%
6bo,Eƚ  "   
  !ᤐ   uz   ×|c
  "ů꣐   g~<@d   3+
6bnٚ  "   
  !ğ   ~[   \v
  "ø-   ,KzׇL   _
6bc-n؋  "   
  !!   ޹"w   tH
  ""ũ   ~+)   m|
6bn[  "   
  !5w   pAPŐ   !1
  "oE   лј   Y
6b:im{  "   
  !`ڠ   z=&   -
  "6   #$UZr   h%
6bmBƚ  "   
  !B   }*   "
  "j6   C?"   ù
6blk՚  "   
  !!   br   w>
  "9   &>ɯ-ِ   pC
6bmSl)  "   
  !   jҷxZ   ZG*
  "~˥   Bʞrܐ   `
6bk[  "   
  !o<   fTG   0H
  "ď   Sei,̐   Rl
6bDk9  "   
  !)   ;^6v   @
  "Z   .9cF<   C
6b=kYŚ  "   
  !&   ̴+j   yx
  "^oh   ?Y5   4ht
6bj)Ԛ  "   
  !^u   0-   
  "{   ׋j.k\   &)
6bwyj@  "   
  !JX   cÃ   ԩ
  "Iu   ꀊԛ{r   n
6b'i  "   
  !4+   o~Q9P   yr
  "%   _Ȉ3M   ⽡
6bNi'$  "   
  !XJ   jS1   Rώ
  "J   i'ߐ   Vm2
6bch6  "   
  !F+ǐ   ʀ=,Q   v
  "^   <4 W   ;
6b%hӚ  "   
  !Q   .5   ]
  "V   F7\֗[   J`
6bhWO  "   
  !R   rĩ;   őQ
  "0   ,/q'C   w=9
6bMg  "   
  !&   Ts`   
  "4   .a0b?   gU
6bXg>@'  "   
  !ΐ   ɀYn   ̇
  "5   ژހ+   Yl
6bf6  "   
  !K   %   ʠtZ
  ";4   EQ!z   J!p
6b07f%0E  "   
  !d   3Ӑ   
  "MF   $;&   ;F*
6beW  "   
  !"͐   B8Ķ   Aֱ
  "7r   ߍi?|y   ,ϋ
6bseu  "   
  !   9]Ӑ   ǘT
  "®H|   ּEcr쇐   
6bc!eT"  "   
  !f   S   
  "'0   HryV   
6bdf5  "   
  !tx   Uh   S-\
  "5   ?   ۍ
6b:]d;D  "   
  !נy   fM   Γh
  "|   }IS   X
6bcVV  "   
  !)    Yo:`   ZA
  "\=ڐ   H񻃜   Q7
6b\s#H  "   
  !ͫ   f)F-   
  " xN   3XO   ~BU]
