6a10_ݹ  "   LLLՑ                        LLLՓ2
  !EARTHMOOCTw                  ء%tRH
  "JUPITER ׿                  轻7
6b_ݹ  "   
  !ِ   _K]jj   K]
  "kR   ;jyH   p+=
6bl  "   
  !Oc   軪   9
  "Eԩ   8D|͐   ٩Ε
6baQ  "   
  !If?   g>PƐ   ZX
  "Xy   4Z ~   j
6b(+  "   
  !l   _Xx   X@
  "Wې   @88ɦfݐ   vO
6bam0  "   
  !+H+   qoz   ?&22
  "7Ð   -HUZlJ   d 
6bJә  "   
  !!   '?k   `ݞ
  "[%   Tɹ_   g8
6bזF  "   
  !U   QL1]rfq   <U
  "De   %/u)   ^`
6bЩ_^  "   
  !Lg   lB18   Ib
  "OԾ   u{/֐   Γ
6b N+!  "   
  !^3   NSI   슇
  "Y   ңkl:   X
6b4Ŏę  "   
  !E   q^⣐   =
  "5mA   T   ʾ
6bHQ  "   
  !,   Zz&   '_"9
  ",   ycC   Ro
6b]RI  "   
  !L   pP   Lt҉
  "݄   KBw#   JO
6bqkR  "   
  !ێ   55m   no
  "a   l0C   M:L
6bŅ.  "   
  !Ve   ^ʱhg   5
  "^N   LKƒ   jl
6bɚV  "   
  !֐   xNeK   0
  "E   憭p   Ge
6bͮ]{  "   
  !],      Բ
  "pڐ   6TX+   0t
6bvB  "   
  !3r-   /   8Q
  "ы   -Q   B^i
6bZٞ  "   
  !ƫV   ہ~   4w
  "Z   VWL   7
6b릥2'  "   
  ![   !Dip2T   YH
  "r   (R6ϐ   =
6b򟔸  "   
  !"   CN]χ   {fq
  "Đ   +   
6b4^is  "   
  !B5   kȲtkՐ   v
  "s   ټ,`{   8O
6bHy6  "   
  !CU   Bw    K
  "'裐   Q]<   U6
6b\ܪڙ  "   
  !Ma   ޅIt   rտ
  "G   Qw3S   4Es
6bqb_[  "   
  !Bɐ   bթ`   
  "NU   ~~&'hJa   I
6b򅮃d  "   
  !<   q   A
  "֐   Яfu   /<
6bug  "   
  !   /9@1xW   g}hK
  "ނ   zWM   C
6bf}&*  "   
  !&Đ   Qܡ.GCW   {3
  "T3   Iq   +QV
6b²{߶Ι  "   
  !zUM   x힌   
  "Bl   vgu:   @
6bSŚ  "   
  !3ܠ   w(U   ʱVh
  ",g   =oSȐ   'R
6b痁ؚ  "   
  !-ʐ   =ź3   -R
  "|M   qCIА   
6bcE:p  "   
  !   }A   *&
  "u#   Šz!_:   #
6bӀ  "   
  !=m   c   N&
  "   lѮg   @
6b:涶  "   
  !4Q   =<w}   u#4R
  "gb   Cl|   }
6b/j>ƚ  "   
  !`b   _`l|R   7M
  "   gr{8Ҋ   $C#
6bͦך  "   
  !   u|   
  "s%3   YGT   !
6bmkQ.  "   
  !]ʐ   c'x𼻐   ti
  "?   arZ   
6b~  "   
  !pV   Èa   
  "   DHƞV&    ]
6bD~7'  "   
  !C   O埳   7
  "   Zwg   C
6bU}:  "   
  !%   $^,˵VƐ   \m
  "ݯ   G%IM   B}
6b}d՚  "   
  !   K8^b4   V#
  "   TA   V
6bw}g  "   
  !U   mPV   :3g
  "6   5L   
6b?|T  "   
  !־   0ЛS^   u^n
  "~ː   MUXa   J~
6bN|N'  "   
  !x   v   7
  "PI   |k   O
6b{{E9  "   
  !ې   WP6   '
  "B,   Ex~   |
6b&){5H  "   
  !`_   ]}S(n   D<
  "Zˋ   ^.ɷ[d   %]
6bz5W  "   
  !   2\E𴬃"   i\.
  "7t   >%Z0ʐ   vs
6bez  "   
  !ۼ   X쬟   6
  "Wbr   RMɥ)   ^/
6bXze{&  "   
  !pܐ   z7~J   gƤ
  "Z   6͈<   p
6by5  "   
  !FU   iAՍ   *k
  "ETې   sA#ΐ   
6b0OyLkG  "   
  !   ƚې   
  "gz   /̣J   jJ
6bxZ  "   
  !]"   ܆[~;   4d|
  "$%(   ,n#1   :V
6bx3[h  "   
  !)B   ٌ끩   QQ
  "EW   (RՐ   d
6bc9ww  "   
  !Ig   @s8@   w}
  "Ӏ   I   /Q
6bwߡ7  "   
  !   f$垐   o
  "Ϧ-   "XlE   _t
6b:uwc)F  "   
  !I   yлC   .
  "r   xqʐ   ֒n
6b#vƑU  "   
  !&n   ~aFt   ଎
  "Ő   $YG   Z*-
6bvIh  "   
  !Rݐ   wEoA   U
  "IŐ   Kn   ҦA
6bm_uw  "   
  !ӕ   Oj   AK{
  "b   Ywא   T+:
6bu0鉚  "   
  !HА   $Nِ   _i2J
  "̓-   d׿X   άa
6bDtq  "   
  !    N2q(   #9
  "1   .2   O/
6bItOT  "   
  !Y&   t%XAĐ   Ȓ
  "g}   <   
6bt`g  "   
  !c   Щǐ   ˄|v
  "   삃ϳӜc   K
6bws?v  "   
  !*&Ɛ   xѭV   >
  "R   lݚ   \
6b3sG  "   
  !k^   }P6o   **h
  "{5   }z   G-_
6bNr/  "   
  !*   Gp5ѐ   NI4
  "CoZ   ALÏ   Q<
6bor.  "   
  !귐   2%`eC   l(,
  "HWv   㾷B(F   BB
6b%q  "   
  !W   \PM#Ԑ   ?
  "A   ji.e   G!
6bqu  "   
  !`   A,z T   s
  "ȿ4   6p˧   >π
6bYq^e  "   
  !   IƉ   x7
  "B   A$]   ?P
6bXp͖  "   
  !XS   i5&n   
  "d>P   -W^   :
6bpEU  "   
  !Iې   ܞbB   7t
  "+P$   W   ]Rt
6b0Co  "   
  !Kzf   #w|   [d
  "Ѕ~   hu   64
6bo,Eƚ  "   
  !#   @!G8|   zq
  "\   ~s@   j
6bnٚ  "   
  !ū   jx^   @Y'
  "MQؐ   շi&b    2Q
6bc-n؋  "   
  !kK   ɱqs$   Ҙd
  "Ő   y=ƨ   1C
6bn[  "   
  !tv   3㾿   a
  "+   u   /-p
6b:im{  "   
  !H   Y{D͐   &5
  "Ő   swۨ'T   ?2]
6bmBƚ  "   
  !{    {uy   Dt7
  "7K   QM   +J
6blk՚  "   
  !k   0ޠ>n   hj
  "@R   l"{   
6bmSl)  "   
  !   N1c[   9F
  "%A   u97   'n?
6bk[  "   
  !yE   xː   F
  "g=   e:   
6bDk9  "   
  !SZ/   ᲻ʐ   ѧo
  "D   C>3q   #
6b=kYŚ  "   
  !W   Sb   A2
  "\ⶐ   ^ex   m
6bj)Ԛ  "   
  !F   Yзߐ   2
  "WqJ   f+Tɣd    (>~
6bwyj@  "   
  !ɐ   3!b   Q+g
  "7   W5V[d   ĝ
6b'i  "   
  !_Z   >!+   u)
  "Z쭐   Čdɸ٫   U]
6bNi'$  "   
  !H   \B7Ȑ   Z/
  "C   OIW-ǐ   
6bch6  "   
  !</   =z۶́   gL
  "O|   ty   F$
6b%hӚ  "   
  !R   ϰo   _
  "{q   HTY_   I
6bhWO  "   
  !w   <Y{z   $_
  "7Gڐ   %gd   w
6bMg  "   
  !I`   t!J   ?G^z
  "T0   AA)3C   |
6bXg>@'  "   
  !*ѐ   #ȧc`w   ^
  "蹐   7҉   6=
6bf6  "   
  !nz   L^.~   ~%
  "   :WLn5   w&
6b07f%0E  "   
  !͓   jA_"   4t
  "*   9kƔ   W
6beW  "   
  !s酐   ,I»\   U7
  "FlE   3ƩrH   q
6bseu  "   
  !'   ,ol   
  "uu   aw#   x
6bc!eT"  "   
  !j   ӫ`S9   +OR
  "׋   .Y(J   lt
6bdf5  "   
  !R)   =i_   K}o
  " 6   1V9   t
6b:]d;D  "   
  !Xl+   1^EѦ   kf
  "ݐ   (8.6Vg   gԒ
6bcVV  "   
  !QB   Z殘   
  "]   ho   5-
6b\s#H  "   
  !ϱǐ   %[]¹!g   ^J
  "*   +:ٮKϐ   j^
