6a10_ݹ  "   LLLՑ                        LLLՓ2
  !EARTHMOOCTw                  ء%tRH
  "JUPITER ׿                  轻7
6b_ݹ  "   
  !ِ   _K]jj   K]
  "@9X   5s˥jj   ms˥
6bl  "   
  !ۼ   +ni   2+}
  "?   }b~ks   Y
6baQ  "   
  !   tGyiڐ   v
  "?n   ƜW}j7   ,
6b(+  "   
  !a   ʹjq   Gʥ
  "@4Ґ   /@۵ji   g@
6bam0  "   
  !.   |jG3   c?
  "@(   x5iiC   5>
6bJә  "   
  !ڃ   )FjUi   a
  "?U   GjM   `"
6bזF  "   
  !۸   Lif^   ܪ
  "@+֐   )^ދkĐ   a^)
6bЩ_^  "   
  !X   ?mYjƘ   w8
  "@.'   qcj   r2
6b N+!  "   
  !ܐ   iiiؐ   i|
  "?I   !xhҐ   'n
6b4Ŏę  "   
  !o   UHӵjY   Hz
  "@'E   #+׵j   [+d
6bHQ  "   
  !۸   (~6if   ((u
  "@1   kkkߐ   
6b]RI  "   
  !a   oIĵj   I
  "?   醵j?֐   K
6bqkR  "   
  !i   )^jB   B)?
  "@!   I+i   UI
6bŅ.  "   
  !x   vj   V
  "@9͐   èj~T   ͺ2
6bɚV  "   
  !1   Dj%5   WA
  "?ڕ   qljِ   r#
6bͮ]{  "   
  !œ   'i   ҧ~^
  "?`   ikR   N_
6bvB  "   
  !K   5nYj   m8
  "@<ΐ   _jv   z8
6bZٞ  "   
  !Đ   fϵi(   fi
  "?q   >i /   >ژ
6b릥2'  "   
  !   ONju   z
  "?   4Ƶj6   I4#
6b򟔸  "   
  !۽ϐ   g\is   "g,g
  "@;   Yl:\   
6b4^is  "   
  !   eG!]jГ   F
  "?垐   \>jI@   \a
6bHy6  "   
  !c   &qߵj+h   8&G.
  "?릐   7iM=   Bf
6b\ܪڙ  "   
  !   zPjܑ   rE
  "@?}   Sµjɐ   ˾
6bqb_[  "   
  !̐   Aŵin   M0
  "?   )Gj   )
6b򅮃d  "   
  !^   j(Q   Ȥ
  "?   䮩Ij   <f
6bug  "   
  !   /9jM   gk
  "@>Đ   M÷j&   v
6bf}&*  "   
  !E   ]jr   #
  "?\   GiE   GΉ
6b²{߶Ι  "   
  !.   Eajܐ   }
  "?ݝ   ̠uj`'   6̝P
6bSŚ  "   
  !+   dpi   dG_
  "@8͐   GpMl%*   p}
6b痁ؚ  "   
  !!   [D?k1    C
  "?r   sϵjt   \
6bcE:p  "   
  !Ԑ   #Xj0Ȑ   .#H
  "?k   ؙ~ȵhU   0d
6bӀ  "   
  ! 2   pǵk3+   x
  "@7*   A=୵j2   y=h
6b:涶  "   
  !ِ   #*i@   H#1
  "@    2}ĵk   2O
6b/j>ƚ  "   
  !c   j   Y
  "?'   ҷivjIΐ   *=
6bͦך  "   
  !M   %9hj   ])
  "@3"   ;[޵j7   s[
6bmkQ.  "   
  !)   PjЩ   ء
  "@+K   |j2ݐ   o
6b~  "   
  !   ;ejc   s
  "?А   ̄LjkB   $f
6bD~7'  "   
  !r   ai췐   a;
  "@)D   5(Ak   m(
6bU}:  "   
  !)ݐ   QA/kY   @F
  "@0   }yRj   
6b}d՚  "   
  !t   a搵jw   (a
  "?ّ   Ƣ6-hی   I
6bw}g  "   
  !(Y   kA"XkV@   @S
  "@#   /G!jǼ   gF
6b?|T  "   
  !2    õi1   > 
  "@3Ɛ   wʎk   ʵs
6bN|N'  "   
  !#   =k=^   7y
  "?p   nrj"m   nB
6b{{E9  "   
  ! F   張j   S
  "?n   (Mi   `
6b&){5H  "   
  !)ߐ   ߵkIu   Ξ
  "@;E   qQj̐   
6bz5W  "   
  !ސ   1~jϐ   i~xe
  "?-   ;իjϐ   <+
6bez  "   
  !   vjѐ   蟐
  "?א   #1ok    [1
6bXze{&  "   
  !6$   Ktkoː   ;Y
  "@>E   kj1   
6by5  "   
  !#M   ^jt   ^_
  "?B   YƂi>6   Z ~
6b0OyLkG  "   
  !+d   a=:kVĐ   =9
  "?<   uj   T
6bxZ  "   
  !ބ   õj&]   3x&
  "@<   ekl8   
6bx3[h  "   
  !4   vefk   1
  "?衐   &Ej1?   &
6bc9ww  "   
  !$   j   Ix
  "?   Ӳi96   N!
6bwߡ7  "   
  !7   \mkV   E
  "@>   _?j)   
6b:uwc)F  "   
  !C   +0}jvk   c
  "?w   D~k?   D
6b#vƑU  "   
  !"W   qk!   ޜz
  "?`   ŵj   Hɂr
6bvIh  "   
  !:3   A|Ykb@   y|'
  "@>!   Ym۵jqu   m
6bm_uw  "   
  !0[   [k@u   [Fn
  "?P   liҐ   
6bu0鉚  "   
  !+   W:kDߐ   :̇
  "?ۄ   ꖲjw   B
6bDtq  "   
  !ꔐ   ȩje   )v_
  "@7l   S:>k   :ʧ
6bItOT  "   
  !FQ   q;صkD   ;U
  "?Ő   /#jGQ   /d
6bt`g  "   
  !/   LVj   C
  "?E   䴡hT   <1
6bws?v  "   
  !>   ZNk   V 
  "@4   MY3,k":   Y.Z
6b3sG  "   
  !   !Mxjv3   Y
  "@#   ܟƵk   y
6bNr/  "   
  !5:   |kt   ԙ
  "?Ȑ   ށj%   6W
6bor.  "   
  !<0   7yackKU   oy4 
  "@0   G&7iא   %
6b%q  "   
  !<   Xxk   XQ
  "@-ː   dj[)   ǩ~
6bqu  "   
  !*8   Qyrk!*   y
  "?Պ   ؟tjِ   0#
6bYq^e  "   
  !   Yz"j۞   $Y'
  "@&   ADHŵko   yC4
6bXp͖  "   
  !Mn   g8ӿkށ   8M
  "@3   ǴHjt   )
6bpEU  "   
  !7   Ak6   9<
  "?7   lUh#   *ls
6b0Co  "   
  !A   |a'k   l
  "@    :Mϵj9   r7!
6bo,Eƚ  "   
  !   ej}   O,
  "@5ΐ   kv   
6bnٚ  "   
  !E>   ;km   ʖR
  "?3   94Di   $9,
6bc-n؋  "   
  !@R   1k@   i}
  "?   5/Rin   m.
6bn[  "   
  !Gg   2k   !
  "@;   }{jK   7
6b:im{  "   
  !&   Gvj   v
  "?ݖ   W,7j   W^1
6bmBƚ  "   
  !.   VkS-   VN
  "?   .Fǵjq   fӊ
6blk՚  "   
  !OŐ   ]5Mk   5ܹ
  "@?M   wLj{   
6bmSl)  "   
  !?   R.kz&   /*
  "?w   #i\   $W
6bk[  "   
  !@C   rԎk   Ԧh
  "?   (=HjR   `(r
6bDk9  "   
  !   ;jh   I
  "@<͐   q)xl&W   l
6b=kYŚ  "   
  !RҐ   Տl/   y
  "?믐   Aµiၐ   A
6bj)Ԛ  "   
  !@   '?kF/   _O
  "?某   "4i.   Z
6bwyj@  "   
  !K<   ik   ڔ7
  "@=ː   kk>k;U   kT
6b'i  "   
  !#   =s`j   us
  "?x   =kV   <B
6bNi'$  "   
  !<   Sk;   Sy
  "?އ   jU   T
6bch6  "   
  !NK   S3,Ik   3!
  "@<   e8JjXY   8"
6b%hӚ  "   
  !G`   Sʖkȇ   *S
  "?   ,䜵iِ   -Y
6bhWO  "   
  !8   m3Skeܐ   3x;
  "?٧   j~   N!
6bMg  "   
  !&   bٵj\   ?//
  "@6-   _Vdk0   V-
6bXg>@'  "   
  !W$   Ҳl0I   Ҵ.
  "@"S   Sj5#   Q
6bf6  "   
  !A   <k])   U"
  "?-   ~Ԗh   H~
6b07f%0E  "   
  !J\   Kĵkv   Б}r
  "@1   Y#uյk;   #l
6beW  "   
  !    3q`<j   kqL
  "@&   ޹k9   ٧1 
6bseu  "   
  !I   sk(   f
  "?%   õih   B
6bc!eT"  "   
  !J-   Mq@koP   q
  "@.h   SAiް   AP`
6bdf5  "   
  !Ia   P.ke    Q8
  "@/   %jѐ   b
6b:]d;D  "   
  !0   c0k0ސ   0ݣ
  "?խ   iij   <i
6bcVV  "   
  !.Đ   𴂵kMP   5I
  "@$E   LkWe   7
6b\s#H  "   
  !    EiS   X<
  "@+o   o軵k   pF
6a10\s#H  "   LLLՑ                        LLLՓ2
  !EARTHMOOCTt                  ء%tRH
  "JUPITER ׿ȍ                  轻7
6b\s#H  "   
  !    EiS   X<
  "@+o   o軵k   pF
