6a10_ݹ  #   LLLՑ                        LLLՓ2
  !EARTHMOOCTw                  ء%tRH
  "JUPITER ׿                  轻7
  #SATURN  $d[\_                  yyy
6b_ݹ  #   
  !ِ   _K]jj   K]
  "@9Xߏ7qxdjjok3
  #ƒX<zE$ĔJuP
6bl  #   
  !iQS$%eՃ;
  "Π~ .ḧ\yQ5,7
  #BvoNԡP]"jͻ޿B
6baQ  #   
  !̖l(J=CĂh
  "^HعsԨ(\
  #=\nٌ+%6ib>g
6b(+  #   
  !Յ!v8nJTN>ghy)3
  "وtKܫX]0|S,
  #Cfp{>IK2ų
6bam0  #   
  !を%´:"㫵-Pr%
  "FR6.?PeW
  #}iΌ6GOhr
6bJә  #   
  !M.fV-Go+RcTX
  ";~(ݘaREtn7Μ/!
  #ɟU7%جob|
6bזF  #   
  !bcHd'۴l.$`\<
  "}~C0>~0ycd@\a
  #ʒ$Aܷ2g5x;>-
6bЩ_^  #   
  !W. r(l[YNU
  "2-}3Ө'ː
  #sHaBl.t˸٠Z#
6b N+!  #   
  !Lwbnڵ^4Hd
  "7k|$ɵNK~Vu]-
  #eSЉL'E
6b4Ŏę  #   
  !Z)ueaz^]?Cb
  "!틵Xشħ pZJdo
  #pn'\=}0bv[
6bHQ  #   
  !ur7)cqMM9Aw
  "Zv}<tӑ )]Eʢk
  #ɆcqpG^!
6b]RI  #   
  !4ӦJ :ĵoU|91v
  "Ěǂ;ȔL`7:
  #UsD>˲9\g#sn
6bqkR  #   
  !/˩ fWi#s*
  "K+)QdD۵@Ww
  #h֮d󉢀~a-sh
6bŅ.  #   
  !ըj|<$MoNEx
  "5qSHln
  #"-M3:42hd
6bɚV  #   
  !"7'H׶3AS'
  ",|Yt:YE0d#J
  #˦)_kMg3h
6bͮ]{  #   
  !ѯqN{׽c113
  "kޜ EJV
  #^Խ?̱ţNOd
6bvB  #   
  !8c%fِx%ڑ:a
  "2|ҫ7'|5Sg`O
  #ɐo&U}E3E$W2)l
6bZٞ  #   
  !Ô!b?l5xߝRMp~
  "i_`J~˶Gnp(˥i
  #6dYҤ*Q>F
6b릥2'  #   
  !̅~e@7yYJ0
  "@n{xD8͵o㉫{r
  #ɈE&k~(ܹq_~Ѥϻ
6b򟔸  #   
  !?Z})7ڋw
  "%g<}ֶ@椛+I<
  #pY{xʺC+-5S
6b4^is  #   
  !bv'}۾,+
  "@٤\x;r׫UmH S9
  #ʳʫY&Qao7
6bHy6  #   
  !hw:ar yОl#BH
  "4hD/:FCsv`x;
  #:{~QMrF$
6b\ܪڙ  #   
  !5}sHh6*ڄPv;eT
  "JDi|,vSf\Ѱ*l|
  #ɺ;⑴Gpư+S~uz<h
6bqb_[  #   
  !惀͕|bh~\\_
  ")y}7ʰ@^B"$;
  #XsLl-שfCjkڝ
6b򅮃d  #   
  !WЃT6_ll(Omq
  "J]e$d!-{̯K5y>H
  #,W7.6ESny@jd
6bug  #   
  !_ӝ=Siĵm,gTpt!
  "u0g<:|sYyɂoC'
  #~<HEo}c'F!
6bf}&*  #   
  !KP@|Ƶ}nhX'
  ".\}Еn5"B˨M`
  #TjLL]8%
6b²{߶Ι  #   
  !{E ͻiԁreE
  "}p*^7Ue3z
  #ɂMb8|ضu~N"Jx
6bSŚ  #   
  !@0ru洉C$'ȝh_c
  ")6rc1OkV5
  #ʝ+HAϴ/V8{<W
6b痁ؚ  #   
  !a+Ay6܉BaS
  ""s;3Vp̴}@R*h#+
  #˞*Ζ#؋m&V_04{
6bcE:p  #   
  !NS'Js[ȼK_y
  "NGltueŷMz^zLS
  #offڸvT%-
6bӀ  #   
  !_ry5]gZQ]
  "$=}㞯KUFRJb
  #쟢WP],R&\Ö8
6b:涶  #   
  !쒂hn듡EDxg
  "^4&0-J4
  #ɊJUyHd9iȁ
6b/j>ƚ  #   
  !!}_Zܭ+B8
  "@n+wjga)
  #f"E68pmm~_
6bͦך  #   
  !q.6ݵTV;I
  ".k|:]wʵ$^pv)5V
  #i4^nY'P0$xY
6bmkQ.  #   
  !!ZU픴Am,n
  "-~e5]^̶WI
  #BMߪ5ܨ1U~9gfw
6b~  #   
  !'rä)J@.O
  "qs!Of?V#WB
  #˙Dyۚ8i $\*(N"
6bD~7'  #   
  !ԳyB&JɸƱ8
  "_ƴ YMX(Z@
  #Ir"S<z&XG
6bU}:  #   
  !˻WEOpjk
  "FȌzΧVV(~rcJ!#
  #ɐ@<5nRxx
6b}d՚  #   
  !٤iǍ޲|^V6T'c
  "Ă~ѻތhZh6wŗ
  #^xX'n=̳sCOPGu
6bw}g  #   
  !'%&YQ<'
  "^Z"ƧqdFnaׇ
  #3`nVr:ij7DO
6b?|T  #   
  !CgȵBۥO陈Ҟt
  "BcaA<YT3
  ##\.sl#%DB/3
6bN|N'  #   
  !ދ.ŖVj-{D&Σ
  ";*RfN=~[{qj-bp
  #/~4f wX.x9i;9
6b{{E9  #   
  !`4~{is{9B,</
  "wo~?ͅ藟Q\.A
  #Òs|IFA񎫿x4n
6b&){5H  #   
  !xzVJ^Z
  "&{]}`z)QN0
  #ɺPu4*D 44f'{|
6bz5W  #   
  !yCq?!pxJs,R=!6
  "Ŭ#U3ڶ琦L)'|
  #:쾑?LA\WZ
6bez  #   
  !cuCr$?LMۇ1ß
  ":USXG7Sr1{}gL
  #56ꄺ',qY
6bXze{&  #   
  !л<-].9RZaot
  "5n{OD1xnF
  #˲]kh6+5]ֲ
6by5  #   
  !J`ؐUxzN5T
  "G<zA*ߘ]
  #M4<I'Y³%Iq~ͬ|W8
6b0OyLkG  #   
  !c_RWYʹɃd{9
  "!CcePP~@M?4!D:N
  #ɡ兙GXQ=
6bxZ  #   
  !>*H"iˇ
  "FtFl@j5Jupthֈ
  #go<=G4*&F
6bx3[h  #   
  !wB:.nw\i8\a
  "GV.tQ˭*K
  #ˉ(q`Ǹ9a~=-
6bc9ww  #   
  !=c,YU&?rYIe[,
  "IQy$#_a^m
  #,7Ji.yId4
6bwߡ7  #   
  !q1BOF}d#|cL=
  "^hTz{:v<#8
  #`{bTਉp+
6b:uwc)F  #   
  !QܑҬ#~41zB[ 
  "?:H`8j;jr{m\lC1M
  #,|¼4ŒJk)!x
6b#vƑU  #   
  !矝sy'g3L'
  "}r}k#~,İۤ
  #N5RˬQ"oEr{KSt
6bvIh  #   
  !'0d曘Bw
  "'kze%ԃۧ
  #!Qx X<- 幫H㦆=
6bm_uw  #   
  !,"Y.`H{A{
  "MeÚ_qآi1O
  #̞ @6K(2zn~Ϧ
6bu0鉚  #   
  !WхT8x%`s1
  "4R0vM>@삻'de
  #˚}'Y-v&
6bDtq  #   
  !K~3,ȣd%¯*
  "f,O-c&e3{tߜ
  #ʒ]h:(궚+]B@dY
6bItOT  #   
  !їM2V޴DқqWr-
  "\ |:od˃-oӑKu
  #nŵ^e1/ELE%ڪ
6bt`g  #   
  !´z{7龗ף
  "vb+$ӊe^s޾0)4%
  #9-곁-rD&:
6bws?v  #   
  !np>zSd!c!A*a
  "MeB.&.\4Y]/
  #˘,i&vy耸9u6&n%
6b3sG  #   
  !dyŷ+Xۥ+Xj'7;
  "Td[Kxӏ
  #Λ4RغV|2Q7@
6bNr/  #   
  !͠a_c"f%PؒA
  " L~%=.ȉ_0H[+
  #Kp{ncuAyamJI
6bor.  #   
  !md]wxC͂A΋
  "F5XZ󡥬Aau@3
  #ɷӤ"0y6ɰr|2"b:
6b%q  #   
  !=31?=Syђ
  "'Za}%|7g*QW=
  #QLkM1K:cFZVt
6bqu  #   
  !g5{lxsl
  "𲆎rZRV̴!u4\Y
  #_|gѶQµ$:$@
6bYq^e  #   
  !L:/?|Sujʝ
  "\n=fkǺX<(
  #'?KҌpZnX
6bXp͖  #   
  !:ipRεD u_(۱9#
  "م|l~w[
  #ˬo_M&7
6bpEU  #   
  !I՚"fP9읞ah
  "WʱaGdIP+
  #mB՞8,U01Clw!'by
6b0Co  #   
  !7NgXsf`.E
  "I䟔,@L72!tih1
  #ɹmwlnWƥsDї
6bo,Eƚ  #   
  !ZΜmVR޴jV`"
  ",XDCmh]˺')
  #/L$yҔ5N
6bnٚ  #   
  ! @pUMX}B`_fM
  "[,xtP祸I򗠟*2R.
  #ˤ2lft{!bprp+G
6bc-n؋  #   
  !`t@Uq1Txyv
  "'S#δB nH,
  #ؑBt́l08^
6bn[  #   
  !DN7:c{7uh!k
  "[9XkXC!iu]DHyޭ+
  #,4mB^pƴ2J
6b:im{  #   
  !ߡ3Q3'bHʕ3k
  "EwC8q*yjg%C]g
  #逢&ޱO6K'U
6bmBƚ  #   
  !iz~*a%ݵLº\]}
  "DiuѰ<%m&
  #ɤx{4M.lCj8Èh|
6blk՚  #   
  !_ݵieyP[
  "N+"2j!䐛~hت]A/d
  #"O~쳊ǶI"
6bmSl)  #   
  !㊋\]g1.[!"GzO>
  "rEL<bqxYqBe
  #;_a?n3idޔ$'y{r
6bk[  #   
  !摟Cjo)CϕH
  "Eӱ|p~㱵QpV
  #7l`B˫;!)J]"
6bDk9  #   
  !Ķ3&xWYc"i>qI
  "S~DvgG.dƋ}8DH
  #ʆoimv0AvD)t_3z
6b=kYŚ  #   
  !<MY c#~+F
  "AZ'scUu7@
  #|b91drz/Z3
6bj)Ԛ  #   
  !̈ȹ&˔*H 
  "v5MK}'i~
  #i!:O1Ad":VכOH
6bwyj@  #   
  !flh;̵p/"X"
  "12:h72|P
  #Juw/+ۖEhZHq
6b'i  #   
  !3섖L?u-)zqPz
  "^wsʞ}$ߵ|״
  #!pLv*o.:<
6bNi'$  #   
  !+xv=V]*gz:5
  "* EM֛,@ȱ/5X
  #4\}_k;w$HS
6bch6  #   
  !Bqk"餂 )-T:
  "1ﯬ]+[󴑲Nn`ݴ
  #}Ӻ,2tj)0
6b%hӚ  #   
  !A-}(9HߋxSo
  "G㡉qi`L/W|˙:
  #ɟt|/ZZe;S4
6bhWO  #   
  !^gp[7P=
  "ސzB+hG2zmr
  #R0ZRsʲBe-
6bMg  #   
  !JJd~̹vw*
  "]>̈θ߈Y˲$ˉ
  #.ڂ>lm~ww
6bXg>@'  #   
  !zSkx6}{ĵ}뗼7
  "Lӧ$X8S7ZҖ
  #ˌ}γ5|
6bf6  #   
  !ӭYqB}|JcFP~{g'崮
  ";dAOXKԸ_zȚ
  #ʤHp83.ִ]%:#:j[
6b07f%0E  #   
  !HqREexTai{'Џ
  "չ}ZJĞ7W+[b
  #ɗ-b"i8ίwa/ɵ"'
6beW  #   
  ![,]Ĵ<fiXYA
  "8Eu4ɮ\ys
  #.]V1_~G6P3LK
6bseu  #   
  !!YgF
  "QI,k;֧FSMd
  #ˏz3~4IyDH
6bc!eT"  #   
  !΅أ,vGY/:ነf|3
  "?S3PFmxӥw
  #0V][k솺ÿ̼N&C+
6bdf5  #   
  !vP\kHL8"`Ly1
  "q̘᳗ePj@H}
  #j9piŷԟj1Ud
6b:]d;D  #   
  !"`9MMhRqY&
  "fnz5$3v>._xn =
  #ӦeC`Ԣ圔8*o
6bcVV  #   
  !S96U7M.x)dhw
  "/"/tUhbԞqL8
  #AGW/pa?
6b\s#H  #   
  !V{$ini!My
  "Hm%8qƇ*[w
  #ɀ7zTj]ɱ$:>
