6a10_ݹ  #   LLLՑ                        LLLՓ2
  !EARTHMOOCTw                  ء%tRH
  "JUPITER ׿                  轻7
  #SATURN  $d[\_                  yyy
6b_ݹ  #   
  !ِ   _K]jj   K]
  "f׀   5s˥jj   ms˥
  #ƒX<zE$ĔJuP
6bl  #   
  !;~j7\' 
  "SP&|UIJ
  #^%6M5knA
6baQ  #   
  !+AY]7xz`k
  ">,r(!ǧ~Lnא+M
  #Xw^1;O"Zюg؉
6b(+  #   
  !Cc7E̲ZO%6i
  "Em".o殴%Fft
  #ʳ?R4t*Wf~N!b`
6bam0  #   
  !Up+N<FlX>֎
  "-4x`?6"s
  #E2 FO~7X!
6bJә  #   
  !w͞WvMzyz&
  "7.QBbmȷVU
  #Z.oo*O_&^
6bזF  #   
  !ulUuG}ٴx!)ʰj
  "H<N'2.UȐ2^ۼ
  #˶(T4zϐ?*zGː
6bЩ_^  #   
  !jxҕ&=庚Ơ!^W)
  "Ȗlƶf+&5t
  #VS=rq@7R
6b N+!  #   
  !kYK`<O֟w;h
  "#Yxk$.)某ŕ
  #Ɛ[&,/걥בn-8F
6b4Ŏę  #   
  !%gw;VW!`
  "S'gdnJCD8UE4
  #Ʉe0ؑ42jb
6bHQ  #   
  !^/|>匯ªifJ/<o8
  "'zf7<
  #RsvoՒN>,?H
6b]RI  #   
  !?woxB"肾n
  "a<,-d"[GpP
  #QMH\MM%|
6bqkR  #   
  !?U(2i3`@C֋
  "LhoUۭI=O:}
  #<- UNJun
6bŅ.  #   
  !!%B8c۳gğZ*ٝYI
  "8^抷φ܏5n
  #ˇ,ȏ/^c撠"@4
6bɚV  #   
  !9$Bъ#/[R
  "dqfDXi`9pbgd
  #ˬ4"԰%Hb֕C
6bͮ]{  #   
  !<$.Qs~Fz߆u
  "NW~~a2P pG=k
  #.A+fM{Ev!@B:
6bvB  #   
  !Bu@|o\u
  "A0W%*y׎J{
  #45tҺ<6/Ñ(
6bZٞ  #   
  !1ߢ]XyH$[h
  "g싎cxoWׯ
  #ɭ[(ZKFEXBu7
6b릥2'  #   
  !$_~u)P~dy4^@/}
  ">ɻeAۗb$`@K[
  #)jL2O"?R̳1
6b򟔸  #   
  !/3#9I]oo%xSrx^
  "aQ5G¶LG[J
  #Ï3uKʘ6/Ś`
6b4^is  #   
  !t{;.;PYIǖu`{s|5
  "IP͗sEGX
  #TǞ$Q:'>EO
6bHy6  #   
  !ǳ{|dg꧴̛~>
  "ے<qHae7
  #r|Ie~E7v|\鶤n
6b\ܪڙ  #   
  !NDяNJZW?L|Րj^
  "w@aUFtiwЁ~ظ
  #ˏds2Rt,1%KSO2
6bqb_[  #   
  !𾦖%Ǥ]0NS
  "Q7mΎ=ǰc
  #[dk pr2D"f
6b򅮃d  #   
  !(D)(NM꿮olw\t
  "*I5tN}@LDՈ/Y~0
  #ʁcY8dx7Z_fP>
6bug  #   
  != ȗ26ԝW-qHYt"
  "@͑A$@ $7yh
  #ɺ]]ɰN
6bf}&*  #   
  !tTP8*n{lӖvkpVw
  "ؗE։#W~UFQ
  #f/V>}EhɐUV82
6b²{߶Ι  #   
  ![Ѐ/n.@/w]5Ӡ
  "elɛ{╵gґj7*9
  #ʱsLTPEM?ᐐp(x
6bSŚ  #   
  !l|;تF9+L#Bs\
  "~H\9)llq
  #pːIfLxjJb\֕C
6b痁ؚ  #   
  !K'nBʆN^ԩQeL
  "QEaeܶ\zJ^
  #ˊq3@i<wW(
6bcE:p  #   
  !VzM|v-K(f'
  "-ǻ0<ڼXuP q:
  #r[lh6bX|w$ao+
6bӀ  #   
  !__&ݬ"vTDd`Wa
  "f.F(0fiZ&hhb"
  #GcM-cR9xf;
6b:涶  #   
  !Ɇumq>zPKw
  "hQ,wdcvpɼI
  #ʡ}Dg4&.?<b`[
6b/j>ƚ  #   
  !(dCQB||{
  "5,:NblڙXxR:.
  #٫!ȱw.0Y
6bͦך  #   
  !Ν[o_N>
  "S(uk/`
  #ɷɏCHoqKvR
6bmkQ.  #   
  !L.Z&'A貝aӏ}c
  " ywrbHUXE=6
  #{ʾAJ.9~YK=a
6b~  #   
  !MC#c8QtWqKB
  "ŏ7(v$:
  #sh/HW{:yB
6bD~7'  #   
  !v1#UN)&wa,`-
  "mdґh#+̪vߩZH
  #˸\+\˹V_):W
6bU}:  #   
  !_ՇDӲ
  "ߦ2Giيl1r~X-
  #qE>TRy䓑920D
6b}d՚  #   
  !ryx*=>qaO?Q
  ";&H.?nݐJ3&
  #!U7}=ޑު'x
6bw}g  #   
  !]#~sîMeTO]
  "Dt6I'7S+
  #ʣe֎UK= 2Q
6b?|T  #   
  !/蘩EX"h{S&[IW
  ".롃c{ҷ6I
  #"mT8-zWq~w
6bN|N'  #   
  !'bYUr&ͣl
  "n*Epf뽵f5\޺㠞
  #*LVV)ciYu
6b{{E9  #   
  !^,wG^af8\G|I
  ";g9IKl
  #P,Lɵ@"}kgUU
6b&){5H  #   
  !O''&zDAw
  "ŊĐT5[)S)^bN
  #Kgo(,ַJ41&]
6bz5W  #   
  !Yቂg\[8?X
  "jE@kɵyn/x/
  #ӮNt8}ṺZ~݉
6bez  #   
  !Sb|9jAŊJu?_4
  " ䷳ˁB
  #˘]s&[A%ˎݗՊe
6bXze{&  #   
  !v\*=︻
  "N%3Q]DŊ+6
  #Ф]ڶ+='YOg̝
6by5  #   
  !,xI67bR
  "tTMy!뒐{L|
  #ʅʤσ]CN
6b0OyLkG  #   
  !+;8Ã=&ޡ9
  "ۧDO<z-\$ܐ2>:
  #<\5`+TGhqKG)
6bxZ  #   
  !eȘx뀔XE
  "O浏(MM=M™<
  #~?d@/3
6bx3[h  #   
  !ņW=Y\
  "2^y|i#r/O
  #Jbw_C 6ஏW
6bc9ww  #   
  !יkyTw.DG
  "Щad2{]Zx5d
  #󖤎ZnrQi
6bwߡ7  #   
  !?Pa]AAFs{
  "}DdxfP|<
  #*gf>L~/6Q
6b:uwc)F  #   
  !%yC79jEzk|
  "4zyg&xL]^8
  #˾Mw]gĎv"A0
6b#vƑU  #   
  !NZ_퍪+{ I
  "Q,2*'Ӑ+K
  #MT"
6bvIh  #   
  !ך?UHmCTah
  "7woBl<a}|++tН
  #p!y%KgS|q{
6bm_uw  #   
  !V@}FY_G3o?Q(Ы
  ">zձ珢P
  #;XڑcUEcQͲc~h
6bu0鉚  #   
  !7J0T+X&~sb
  "Fo'WZ볛ތa#%7
  #?P7x@Pʱ౿'(wy:
6bDtq  #   
  !X#BX̺nΧ0
  "r/F5U;~m)
  #drξ9n Gю9p%
6bItOT  #   
  !F_<=^v?`_Ǿp!w~
  "eiOhӪgx@/q
  #B@1G3azSn|h,G
6bt`g  #   
  !Ngn^$;'y3"+
  " HVfGƷzSݐo(
  #|'`@kK_#p
6bws?v  #   
  !~d+KuC@N:&z{&
  "yR3J4.9gQqeMf&M
  #˹vwV~vHYuV
6b3sG  #   
  !MI}TޣhM
  "uEuꦶMMr#r0
  #9wESR㕏R6NF3k
6bNr/  #   
  !N'̎г{Fv -[Cw
  "GKk.TܫD]W`W;
  #bΐHCSmH[ԉEi
6bor.  #   
  !|zsV2Ȅ.MήxJA
  "QcyA'rtCn_j
  #Ұvj^x=NS6
6b%q  #   
  !?X-4f\بN^&9~n?
  "kq<t;V0͓2
  #W`5"ދipb6Jhp
6bqu  #   
  !C~4ǧp#¸}O<g)
  "W~RБ&@Pq
  #ʯ'\b*/nŵ
6bYq^e  #   
  !>Ry9NO4ƻ܌
  "ZT"7FnYYu
  #xC2Uȏ^1'"E
6bXp͖  #   
  !m|DI^KmLHڍ0
  "XMi񚄷>I֡Q
  #`ņ̷Ql&
6bpEU  #   
  !veDz{NaUˮ.
  "h̩t!T98U
  #ˡ^1L>0\
6b0Co  #   
  !]V>@V~yںG{a
  "9=x]>\8Qq
  #EÎL޳]I~[LƏac
6bo,Eƚ  #   
  !sS+רh&%`J
  "JJ^a:_{5q
  #WFfe[vaK
6bnٚ  #   
  !A93ޫZv=
  "^pzꪨ۵H;l!(
  #v׎~Il'S
6bc-n؋  #   
  !mÂuBvGu>|2
  "͇94ю煏bKl
  #)=%%^K$bsɢh
6bn[  #   
  !%#n&k'H_+c
  "($Ϫ]L"ƶm+*x
  #jhY|2Ά\
6b:im{  #   
  !mϴVKtԢ5r
  "Rv2YZu܁R
  #Dy΍E?&j--ƮH9
6bmBƚ  #   
  !)j*m줅}p:eً
  "$a8ZV%YevfD
  #dwSUHL=*K8Ĳj
6blk՚  #   
  !O姴~BrϽו@rނ~
  "qS?I͏yPU
  #ˋP[{{u㎎*α
6bmSl)  #   
  !'Mؕںwв
  "ӏS4&2xgk2Q
  #fmlsV4@
6bk[  #   
  ![$xx֩rUQu(
  ""IOF:p `;k
  #ʚޏ;l^NaIA=
6bDk9  #   
  !>GY2RO@1
  ":a_zeMz{5}|1VL
  #?v@f<fG܏/
6b=kYŚ  #   
  !QMhќkY젞i&X
  "x(͔QYOg
  #츏2_=ݱ221{
6bj)Ԛ  #   
  !ƃ7BrxԉyU{eC
  "bwѤRB[/6eE
  #ʒGmz)Xbjӏ5
6bwyj@  #   
  !_?4˅`:p>
  "jLE:?㏷N^}[
  #FطSQg9;IIƇ>
6b'i  #   
  !k֢ ǂMa$%΁@
  "-&=ΏRbyT
  #bgڠH`KZVS2;{
6bNi'$  #   
  ![bx'jsdSbK:
  "l˔˶͑+\-|~
  #ZԐ5fn=9@#v@pK
6bch6  #   
  !JpDe{S4_w,
  "_ޑ}h>8MGR@vR/
  #PIޏ5G3[uϝ'kma
6b%hӚ  #   
  !;Qn>Y;vb
  "QĎ<p`/1X[6
  #"O#,tg(9era
6bhWO  #   
  !Mqv]0ҏ"P
  "׍FhWcˑ(/Wr
  #0ς,%oe]ސ*1]
6bMg  #   
  !QPwj׹8¬L8m'
  "G0`$8J>ƜqEgpF#A
  #䱡BxXP/=MV3
6bXg>@'  #   
  !sC'xs넙'd
  "FN%8i>?r
  #ʉJ:Y_|SQ?M
6bf6  #   
  !.Ib{@fi
  "(ɈLbǑ%!mX
  #S@Mؚ}WM_ŐYTE
6b07f%0E  #   
  !d&yCAC7+EJ.H
  "/3.>2aթJ~Ǐj"g
  #s-kf;堯N𵅐ұq<
6beW  #   
  !|p2ı]j9`m
  "юXyDdG?qc
  #*}?E?pY3j
6bseu  #   
  !D)\W4!?v,6<
  "OkA㚴1~9\$
  #"t܈e^w**`
6bc!eT"  #   
  !Zu8y׹Mߕmk(&
  "SY#u*Hρcu%
  #ʪUiFB˸Q!V1
6bdf5  #   
  !`~<F2Hڜ;hm;pb
  "QLG3tx܏ꬹ5
  #]%P1®\<~GA=|6v
6b:]d;D  #   
  !a*}<YE-k\*;
  "Oː(AH|P`
  #?sh]Z^j#z
6bcVV  #   
  !d'ݐK{ w7a
  "L':mّ)^
  #ʠgɎ8ƲhoɁؐ%鵸
6b\s#H  #   
  !%(7tͭIe
  "o.fC0=U]l
  #ӑpyM7▰Jx
