 A68        0.6031 0.45147 139.108 0.0000E+00  0.000 139.11
 A14        0.8626 0.88498  25.926 0.0000E+00  0.000  25.93
 EARTHMOO   0.9993 0.35322   1.446 9.1213E-06  0.000   1.45
 A44        1.1540 0.85094   5.254 0.0000E+00  0.000   5.25
 A95        1.6133 0.17686  10.684 0.0000E+00  0.000  10.68
 A41        1.6647 0.36556  11.060 0.0000E+00  0.000  11.06
 A84        1.6664 0.33120   2.568 0.0000E+00  0.000   2.57
 A74        1.7418 0.32572  14.041 0.0000E+00  0.000  14.04
 A58        1.7616 0.26086   9.806 0.0000E+00  0.000   9.81
 A38        1.7885 0.30197   8.547 0.0000E+00  0.000   8.55
 A33        1.8910 0.41477   8.144 0.0000E+00  0.000   8.14
 A51        1.9503 0.29520   3.793 0.0000E+00  0.000   3.79
 A29        1.9968 0.49146   9.221 0.0000E+00  0.000   9.22
 A63        2.9862 0.43918  10.558 0.0000E+00  0.000  10.56
 A98        3.3006 0.49747  77.216 0.0000E+00  0.000  77.22
 JUPITER    4.5719 0.28107   0.664 9.5479E-04  0.000   0.66
 A99        6.3447 0.24273  44.773 0.0000E+00  0.000  44.77
 A17        9.0443 0.49337  44.244 0.0000E+00  0.000  44.24
 A6        10.7803 0.16862  13.451 0.0000E+00  0.000  13.45
 A5        11.2650 0.16346  21.412 0.0000E+00  0.000  21.41
 A22       11.7237 0.01240  41.277 0.0000E+00  0.000  41.28
 A4        12.2091 0.32762  28.326 0.0000E+00  0.000  28.33
 A67       12.7741 0.21315  13.520 0.0000E+00  0.000  13.52
