6a10D2h  #  LLLՑ                        LLLՓ2
  !EARTHMOOCTw                  ء%tRH
  "JUPITER ׿                  轻7
  #SATURN  $d[\_                  yyy
  $A1                              LLLՑ
  %A2                              LLLՑ
  &A3                              LLLՑ
  'A4                              LLLՑ
  (A5                              LLLՑ
  )A6                              LLLՑ
  *A7                              LLLՑ
  +A8                              LLLՑ
  ,A9                              LLLՑ
  -A10                             LLLՑ
  .A11                             LLLՑ
  /A12                             LLLՑ
  0A13                             LLLՑ
  1A14                             LLLՑ
  2A15                             LLLՑ
  3A16                             LLLՑ
  4A17                             LLLՑ
  5A18                             LLLՑ
  6A19                             LLLՑ
  7A20                             LLLՑ
  8A21                             LLLՑ
  9A22                             LLLՑ
  :A23                             LLLՑ
  ;A24                             LLLՑ
  <A25                             LLLՑ
  =A26                             LLLՑ
  >A27                             LLLՑ
  ?A28                             LLLՑ
  @A29                             LLLՑ
  AA30                             LLLՑ
  BA31                             LLLՑ
  CA32                             LLLՑ
  DA33                             LLLՑ
  EA34                             LLLՑ
  FA35                             LLLՑ
  GA36                             LLLՑ
  HA37                             LLLՑ
  IA38                             LLLՑ
  JA39                             LLLՑ
  KA40                             LLLՑ
  LA41                             LLLՑ
  MA42                             LLLՑ
  NA43                             LLLՑ
  OA44                             LLLՑ
  PA45                             LLLՑ
  QA46                             LLLՑ
  RA47                             LLLՑ
  SA48                             LLLՑ
  TA49                             LLLՑ
  UA50                             LLLՑ
  VA51                             LLLՑ
  WA52                             LLLՑ
  XA53                             LLLՑ
  YA54                             LLLՑ
  ZA55                             LLLՑ
  [A56                             LLLՑ
  \A57                             LLLՑ
  ]A58                             LLLՑ
  ^A59                             LLLՑ
  _A60                             LLLՑ
  `A61                             LLLՑ
  aA62                             LLLՑ
  bA63                             LLLՑ
  cA64                             LLLՑ
  dA65                             LLLՑ
  eA66                             LLLՑ
  fA67                             LLLՑ
  gA68                             LLLՑ
  hA69                             LLLՑ
  iA70                             LLLՑ
  jA71                             LLLՑ
  kA72                             LLLՑ
  lA73                             LLLՑ
  mA74                             LLLՑ
  nA75                             LLLՑ
  oA76                             LLLՑ
  pA77                             LLLՑ
  qA78                             LLLՑ
  rA79                             LLLՑ
  sA80                             LLLՑ
  tA81                             LLLՑ
  uA82                             LLLՑ
  vA83                             LLLՑ
  wA84                             LLLՑ
  xA85                             LLLՑ
  yA86                             LLLՑ
  zA87                             LLLՑ
  {A88                             LLLՑ
  |A89                             LLLՑ
  }A90                             LLLՑ
  ~A91                             LLLՑ
  A92                             LLLՑ
  A93                             LLLՑ
  A94                             LLLՑ
  A95                             LLLՑ
  A96                             LLLՑ
  A97                             LLLՑ
  A98                             LLLՑ
  A99                             LLLՑ
  A100                            LLLՑ
6bD2h  #  
  !홏]"jŏ$(
  "׏Fn5vW<
  #Ԓ⡞<p4`uP
  $k%-dΛ5Y[%;
  %_'+x yڅE
  &U^4DB&
  'sVϙ&F/C?(a+
  (!Ö۾Cdo|M2S
  )\}YxJ1+w'wh
  *ϐ7]ͬvcef
  +b؊6 L35r'
  ,~-c5**e!T
  -@c~ZJlc0PK=k
  .0ˈ!/ùm-Y13D
  /:k2ݗ<:B
  0%N#vmSv̩o
  1iA`.ײ.^.G[R
  2" l`}Aͪsٗ[h
  3+4Kޥ˹}ř3j=
  4$&W#<O.\&u.
  5<W;$H%I!><
  6EP x{q;
  7}{~a{SnY5
  8f:soamलG{Vsͦ
  9xFÌ@CH?ɌD A
  :jo]<qP*Τ
  ;BAX3y^,ƪi@e
  <ib>KR+
  =uN̛շLuxtP귱
  >_יhq/֟?".ffz
  ?Q9(o(F뢹}XDv
  @qZ܏bIqbXĀ1BF
  A% g"8uSZ9g
  B%"NJJu
  CȐpCӍH0
  Dx+7uJնaz̬w[
  ElgzYpm41>2
  FB(O9뺛q{
  GLٵ swV^$^!
  HO]5q6 #&OBҳ
  I|8iM\u=By
  JTq9lɞ빃؄>Ow
  K`X&_!N||:}!
  LPmcTFl"Wypա+
  M#|V<Fz5hf<D,
  N%b]ǡ}͵,{0gO)ڧ
  OǊj_Sj%!=
  P#ꑩNNʺy[g΅Uz
  Q3z?zu@_yQ9
  Rv+U?Qtʌ:uEB
  S,Lmhhv?dQ(ӌ
  TY_g^Rǖtq
  UG0Ћ;`ߥuC%P!>7
  V/)ӉZGf@膷h
  W3ޔ*uIRͰ[#"(҈f
  X5!_|xwKr=a^
  Y#wX)N^ߐ/Q
  ZKRD9h`w- R2,
  [&<lQ]
  \:tkp~4<S"
  ]*yR`UpzH<
  ^gﮈ{xK`c))
  _/_pVչ:лA&,
  `:{0אXBeg
  aǎ?sokT%$Grho
  bnc+q>)v.EcQĸ
  cxnC`.GG#!N
  d\D(uF*1fI}
  e,Վ"^TK*<*'
  f(򴐹 A}ʨⳚY2c
  gl 3Ƕ5@;Z
  h2󴫵M(T==Ϳ
  iXȬ4[j[V{_{
  jzǐ"Uk+ի_
  k4B:OŲR%ԍÞ
  l֐~Pd]#ܻ2#դ
  mOk8RزӔLؘ
  neu3u݌HГiW
  ofÐ]5vD9W7x
  pΜYU:O%S:B
  qMg;R ]$LfM
  rIԇ/F+ Nc؛T
  s(}tJ]Z{^tE}
  tu/&Tkde=
  u"ȎuCMsKxM`
  vp"Vr\x%by
  w.sw{o?zpמ%gt
  xK/YFj!7^hoGQ
  y`u3>`919w30
  z5,pRO^@V]˘^
  {;5%\tƟ[[EZ
  |*a>nCS9J
  }hÈpt,b"(|
  ~|8ΗȵGޓRX
  LX/ƶ<P޼͖
  {[JX,;]
  MɏK]2fjD`S
  ^jt⫸<nB
  [3czsg궚X6
  G2]\;F&4g&}B
  Xpi.'rXa(eQ
  :Y1fˍCPy4
  iHOh!H 
6a10l|ks  #  `LLLՑ                        LLLՓ2
  !EARTHMOOCTw                  ء%tRH
  "JUPITER ׿                  轻7
  #SATURN  $d[\_                  yyy
  $A4                              LLLՑ
  %A5                              LLLՑ
  &A6                              LLLՑ
  'A7                              LLLՑ
  (A8                              LLLՑ
  )A9                              LLLՑ
  *A12                             LLLՑ
  +A13                             LLLՑ
  ,A14                             LLLՑ
  -A17                             LLLՑ
  .A18                             LLLՑ
  /A20                             LLLՑ
  0A22                             LLLՑ
  1A24                             LLLՑ
  2A25                             LLLՑ
  3A28                             LLLՑ
  4A29                             LLLՑ
  5A31                             LLLՑ
  6A33                             LLLՑ
  7A34                             LLLՑ
  8A35                             LLLՑ
  9A38                             LLLՑ
  :A39                             LLLՑ
  ;A41                             LLLՑ
  <A43                             LLLՑ
  =A44                             LLLՑ
  >A45                             LLLՑ
  ?A46                             LLLՑ
  @A47                             LLLՑ
  AA48                             LLLՑ
  BA50                             LLLՑ
  CA51                             LLLՑ
  DA54                             LLLՑ
  EA55                             LLLՑ
  FA57                             LLLՑ
  GA58                             LLLՑ
  HA60                             LLLՑ
  IA62                             LLLՑ
  JA63                             LLLՑ
  KA66                             LLLՑ
  LA67                             LLLՑ
  MA68                             LLLՑ
  NA69                             LLLՑ
  OA72                             LLLՑ
  PA74                             LLLՑ
  QA75                             LLLՑ
  RA76                             LLLՑ
  SA77                             LLLՑ
  TA79                             LLLՑ
  UA81                             LLLՑ
  VA82                             LLLՑ
  WA83                             LLLՑ
  XA84                             LLLՑ
  YA85                             LLLՑ
  ZA86                             LLLՑ
  [A89                             LLLՑ
  \A90                             LLLՑ
  ]A93                             LLLՑ
  ^A94                             LLLՑ
  _A95                             LLLՑ
  `A96                             LLLՑ
  aA97                             LLLՑ
  bA98                             LLLՑ
  cA99                             LLLՑ
6bl|ks  #  `
  !yP%0{ҡaj(z
  "ל V m
  #A䗑eFYՓ< B
  $ͽ0Xw(GC[Ze5C՝
  %(U!ídFupՖ 
  &o5^`4CZ("I
  'DĐQn7GJV)
  (#Uq\ Tۚ_"&CR
  )c&9wg틧V&G=h>L
  *:"2BqQ
  +`0d8**|fK"
  ,EsgbMdҢ}+[
  -(F-(8#{sov4
  .C:b)̢ge@c
  /)[_v_iL\`M䓇#1n
  0zcgoR9=1h]AK%
  1F۵.{RĪ唨dt)
  2}ᨫΘ'~
  3ˮΓzsNrczIߨW
  4ofZfA"Xf6ULV~
  5znT͹~8
  6 `;DÌpBw=ݾ
  7z/Tl?JME9w
  8k5ƺB!ۂ\b
  9~19߹9MBA
  :oó&cŊ-ڏ/>S
  ;;bm~ `%
  <Rn~-*v~98
  ==ol#;>ܩ
  >DP&*Ys̑'n 
  ?}\F%:a5gђ>l
  @b}6ԴMMYr)
  A~`3OiZG:k
  BىVHoh3œI8/
  Cp%/bߢO2Шǈ
  Dtv]Ye@pͤ7>gW
  E>3T`N&>+P M
  F |D*)$^]&`>
  GXw'ނH$]n
  HЋ'աd,iy
  I٭􇏗1c_PgsG
  J!qڱ~ȉM
  KȂ2f+W){!U^k
  L̮(!ޕ.>!Xi8t}
  M˿%L#s:wAx][aa
  N=DBÎkMVKn<
  Oh1\̎D{2@n
  Pi(u㧦+܏Iߎ6
  QM)z}<A=nq+7˪
  R-Lcx`[.9"3
  S~=Wʂa緇>;V-~
  TV'Wak;3ݙټGo
  UzǖPezQĜo:
  V{n֦QJ5M@Ѷ/
  W[6O!-"JEu
  XxPy8I(#'"4:
  Y}t/HgadGG
  Z=Ye]狘uER1
  [T;E^ϙ<
  \UfȬV?эJۙ)
  ]s1WJ͇ܾpE
  ^w3/\|V0TO<:
  _ww}.L۞]GĄ冡
  `k؊45y풯AP
  aɏ7Rz$_ڏuMtX~?
  b<E5򗃼}C菉_OEj
  cq,!Lt֕?Nr
6a10"%  #  XLLLՑ                        LLLՓ2
  !EARTHMOOCTw                  ء%tRH
  "JUPITER ׿                  轻7
  #SATURN  $d[\_                  yyy
  $A4                              LLLՑ
  %A5                              LLLՑ
  &A6                              LLLՑ
  'A7                              LLLՑ
  (A8                              LLLՑ
  )A13                             LLLՑ
  *A14                             LLLՑ
  +A17                             LLLՑ
  ,A18                             LLLՑ
  -A20                             LLLՑ
  .A22                             LLLՑ
  /A24                             LLLՑ
  0A25                             LLLՑ
  1A28                             LLLՑ
  2A29                             LLLՑ
  3A31                             LLLՑ
  4A33                             LLLՑ
  5A34                             LLLՑ
  6A35                             LLLՑ
  7A38                             LLLՑ
  8A41                             LLLՑ
  9A43                             LLLՑ
  :A44                             LLLՑ
  ;A47                             LLLՑ
  <A48                             LLLՑ
  =A50                             LLLՑ
  >A51                             LLLՑ
  ?A54                             LLLՑ
  @A55                             LLLՑ
  AA57                             LLLՑ
  BA58                             LLLՑ
  CA60                             LLLՑ
  DA62                             LLLՑ
  EA63                             LLLՑ
  FA66                             LLLՑ
  GA67                             LLLՑ
  HA68                             LLLՑ
  IA69                             LLLՑ
  JA72                             LLLՑ
  KA74                             LLLՑ
  LA77                             LLLՑ
  MA79                             LLLՑ
  NA82                             LLLՑ
  OA83                             LLLՑ
  PA84                             LLLՑ
  QA85                             LLLՑ
  RA86                             LLLՑ
  SA89                             LLLՑ
  TA90                             LLLՑ
  UA93                             LLLՑ
  VA94                             LLLՑ
  WA95                             LLLՑ
  XA96                             LLLՑ
  YA97                             LLLՑ
  ZA98                             LLLՑ
  [A99                             LLLՑ
6b"%  #  X
  !B&ᘴwI
  ".Ï$1]ҫ긏f\Q
  #̈́rQbN$Dglփ
  $ׂ(*~Seų
  %9Dk`Ȣχ%z`
  &T8֐Ap\x
  'm2[1C.83\
  (QݖTQ$hmKw~Ŕ}G
  )|i݌١RN=.[8K
  *Ǫo݀DY^u/
  +\uShAJ;}wouO
  ,HpiYocѼ_âDQ
  -rݖᄻu&ͯ9
  .\aY܃ H{P2g[
  /-!q3PӾQG<~Z/
  0Ŏ1PXzU}t`J
  1iċ~>n*H*qGTh,o_
  2ѡŌbN?AԨt3wFuM
  3*~7h)dB^]
  4>.Hhrez4G'
  5q3*yfYJMh«
  6*楱QrZ+Mp8i
  7gwߵeQ.װ
  8NY|䝾]lA
  90Mja\ȢŐ95]L
  :(Bsӑlf5M
  ;Wu'fH0y:pJOp
  <>CdzvRs'ԭR
  =m*ˊuԳ4Ð&F
  >zzYx:-.FP>
  ?ЌxgMK1{Og.w
  @ر^$ˇҬN8U
  AԷ[8ħ.jfJ5K
  BTgMj!Ǩ7!#?
  Cm~1ñ+qS+-5
  D  9@JM&zޱ
  EYڊ$MSنי\E
  F93`$x%"b?~w7
  Gפ;ld,ZBMKQĢe 
  HWOBBɔw̞$
  I*|&;SyŮS
  J&UWf3z'6
  K/ʓ4:%רּ=?
  LH:tD}ǅ{hu|ƾ
  ME .Oe`tͭ9h񄰳<
  Nթ$Ȇ2O"
  O!+[qj|{.L
  P#v[E2")8E
  Qׄs'm 9-m௮*,>t
  RD|9BBz;t
  SP=h;S+ɐ9O
  T֣Gﾍɮȫ6&!
  UfV*C+B,qjCw\
  V>M2}Lcʊ~O[+
  W5Z3zQ>j/p
  X9F]w܂}o!I|%[
  YjZ<yi-x񝂂dXK
  Zb̋w`D*}qUD
  [mbLR3י/˃<hS
6a10jǺ  #  RLLLՑ                        LLLՓ2
  !EARTHMOOCTw                  ء%tRH
  "JUPITER ׿                  轻7
  #SATURN  $d[\_                  yyy
  $A4                              LLLՑ
  %A5                              LLLՑ
  &A6                              LLLՑ
  'A7                              LLLՑ
  (A14                             LLLՑ
  )A17                             LLLՑ
  *A18                             LLLՑ
  +A20                             LLLՑ
  ,A22                             LLLՑ
  -A24                             LLLՑ
  .A25                             LLLՑ
  /A28                             LLLՑ
  0A29                             LLLՑ
  1A31                             LLLՑ
  2A33                             LLLՑ
  3A34                             LLLՑ
  4A38                             LLLՑ
  5A41                             LLLՑ
  6A43                             LLLՑ
  7A44                             LLLՑ
  8A47                             LLLՑ
  9A48                             LLLՑ
  :A50                             LLLՑ
  ;A51                             LLLՑ
  <A54                             LLLՑ
  =A55                             LLLՑ
  >A57                             LLLՑ
  ?A58                             LLLՑ
  @A62                             LLLՑ
  AA63                             LLLՑ
  BA66                             LLLՑ
  CA67                             LLLՑ
  DA68                             LLLՑ
  EA69                             LLLՑ
  FA72                             LLLՑ
  GA74                             LLLՑ
  HA77                             LLLՑ
  IA79                             LLLՑ
  JA82                             LLLՑ
  KA83                             LLLՑ
  LA84                             LLLՑ
  MA85                             LLLՑ
  NA86                             LLLՑ
  OA89                             LLLՑ
  PA93                             LLLՑ
  QA94                             LLLՑ
  RA95                             LLLՑ
  SA97                             LLLՑ
  TA98                             LLLՑ
  UA99                             LLLՑ
6bjǺ  #  R
  !&_܎f9ϺEB
  "'Gn:H^<ɽ鐳
  #`G^1ߊ]n@i
  $Ϝٟյ'$NvM1+
  %̇^$K=o5eČ
  &񤶪)t<;1W?
  'wEo<LhKg9,
  (Bte1k0}
  )OsH䇺[Xq
  *wʶD,#Ʌ
  +-oX^S〉xF^zc
  ,҉^lDq櫸a$d?^
  -*xʹSub#q)\
  .6B{]^c@KvJʺk
  /(e֌ZA$z.
  0NPG+6hBy
  1I-y\U@sAY
  2>ׇe;Σڗ'9)
  3MT))nCɌtW~
  4O`;n$C(
  56\ɲqfd{-
  6,y1i_öax
  7O*)%?/h4b
  8[4!><}~lB3V
  9ioZ(9Ձ6z~}~
  :%V^ɹ%/F%"
  ;\agu0U(N%
  <<z5*rv]8i?>
  =&{(b(6£*\Lx-
  >Օ)$FE;e~YBWpj
  ?/V/v+~ٕjn7SX
  @3c*<V(ړO}#UX4
  AAtИ"LH^6S4
  BԿE`KO\xLis@R
  CЈR&BO᩠ц_RH
  D;pI~䔜<r
  E1R5ӄ;1}N
  FEѝur+P룜(
  GN\nSSr@$^[٤i
  Hεd㸏v|X.6k
  Ijh{%B&+0?t
  JSo>+:fuȓ̍ԣcc
  K"Pf6\).yҳݛOlZf
  L25xSelJJ]r]Ť
  MFI̖QӤ3Nk
  NTZ'vM$SJ
  OeOXxnhb->
  PoVآi]Ke
  QBS\qAxNn&
  R(Utm`DUFjaa,ˆQ(K
  SΚv(YDYڐ
  T!D)e3Rب峋?HiEs
  UD/vES83*
6a10x|  #  KLLLՑ                        LLLՓ2
  !EARTHMOOCTw                  ء%tRH
  "JUPITER ׿                  轻7
  #SATURN  $d[\_                  yyy
  $A4                              LLLՑ
  %A5                              LLLՑ
  &A6                              LLLՑ
  'A7                              LLLՑ
  (A14                             LLLՑ
  )A17                             LLLՑ
  *A18                             LLLՑ
  +A22                             LLLՑ
  ,A24                             LLLՑ
  -A25                             LLLՑ
  .A28                             LLLՑ
  /A29                             LLLՑ
  0A33                             LLLՑ
  1A34                             LLLՑ
  2A38                             LLLՑ
  3A41                             LLLՑ
  4A43                             LLLՑ
  5A44                             LLLՑ
  6A47                             LLLՑ
  7A50                             LLLՑ
  8A51                             LLLՑ
  9A55                             LLLՑ
  :A57                             LLLՑ
  ;A58                             LLLՑ
  <A62                             LLLՑ
  =A63                             LLLՑ
  >A66                             LLLՑ
  ?A67                             LLLՑ
  @A68                             LLLՑ
  AA72                             LLLՑ
  BA74                             LLLՑ
  CA77                             LLLՑ
  DA79                             LLLՑ
  EA82                             LLLՑ
  FA83                             LLLՑ
  GA84                             LLLՑ
  HA86                             LLLՑ
  IA89                             LLLՑ
  JA93                             LLLՑ
  KA94                             LLLՑ
  LA95                             LLLՑ
  MA98                             LLLՑ
  NA99                             LLLՑ
6bx|  #  K
  ! Jҭ6.N8ﷻ
  "嫏χ.rU>
  #TғT*^s+#UAn
  $Λ;5p0T"SWyM(_
  %Ƅ¦!IG-$fuɍ/
  &㈈WJ<ծ(6CX3
  'Ej D+3▶8m
  (Ri.q)lg5AV]j
  )afOpwzSǱcJx
  *I;ez,al@p
  +ǣhsʥ'VLqÄx
  ,>'Sw/I{[Em
  -$WMr*ECѴ<Pn]
  .z\(#0Ũs
  /ڹX%sal<^
  0P1+Г6|o
  1<Uӛ|HŒ!FʹY
  23'(Ŏ_ΨҊ՗i@O
  3Fk7\fQOYWǚM
  46ڹqZlvTҪ
  5HTbۭqtQG?8x
  6_UyQ_ʡv)T
  7O엷%zӀ/
  8:Ca:ǢӨP(
  9mLޗDZT:ߝJ
  :s9'z`Rrm^^&
  ;?}tD:ƖphY
  <n_gnJT
  =I<!Ȓ-G͚&O(@
  >?Uc1{LAZgC%'
  ?joKFC螱uzgS
  @Dč$ʑepzq
  A|@[(Jmނ8x
  B{\~78Vgʅ7I<r
  Cq@;QGcazHua1
  D2xܐ V91ȳq"RY
  E^I<ϯK]߂ԘF;>
  F#|cљoA:%/K
  GDh4d.i+ԌQ<
  H9KW7Ez4>֜x*~R9
  I{H*Pe/8t
  J(u9?ԭ*᤻̽
  KL5}fNX7H+d3
  Luv7Rsc ulȪ[s
  M|9;בclz`
  NqO<s)\8O
6a10JP)C  "  DLLLՑ                        LLLՓ2
  !EARTHMOOCTw                  ء%tRH
  "JUPITER ׿                  轻7
  #A4                              LLLՑ
  $A5                              LLLՑ
  %A6                              LLLՑ
  &A7                              LLLՑ
  'A14                             LLLՑ
  (A17                             LLLՑ
  )A22                             LLLՑ
  *A24                             LLLՑ
  +A28                             LLLՑ
  ,A29                             LLLՑ
  -A33                             LLLՑ
  .A34                             LLLՑ
  /A38                             LLLՑ
  0A41                             LLLՑ
  1A43                             LLLՑ
  2A44                             LLLՑ
  3A47                             LLLՑ
  4A50                             LLLՑ
  5A51                             LLLՑ
  6A57                             LLLՑ
  7A58                             LLLՑ
  8A62                             LLLՑ
  9A63                             LLLՑ
  :A66                             LLLՑ
  ;A67                             LLLՑ
  <A68                             LLLՑ
  =A74                             LLLՑ
  >A79                             LLLՑ
  ?A82                             LLLՑ
  @A83                             LLLՑ
  AA84                             LLLՑ
  BA86                             LLLՑ
  CA93                             LLLՑ
  DA95                             LLLՑ
  EA98                             LLLՑ
  FA99                             LLLՑ
6bJP)C  "  D
  !KGḊ=I}
  "6Oib\0baf
  #ܗ@1?%mq<񛆢
  $ѷM߈!IilH?MU
  %ҋ?PLmԃx?>b
  &9~%E(5~;
  '6cwǴF،6R:
  (jңe,g[`ߐB
  )Mlb9{lB%Ŏq5ϩu,
  *hczĞcO9
  +nݙ5j0XF-
  ,)T^,",٫~Λok>
  -$fO{0z8n`Luf
  .mXհT=~)O
  /gpH~UՀV/TKc
  0uK$@ݳAL}My 7
  1m݃ʩrgtZՕ]RJ=
  2Ou;B˛%x͖6
  30c'LPҖkЯ
  4Dhۑ6YFA0Σ
  51WpQ8Ƅ-
  6ݳ¢V7-"&!o3
  7Zf~C;*TgA5QErh
  8<ʃ=@lʷ950Q
  9ƽayW2' XũM
  :2)_[
  ;ֻFHj)ϳғOR
  <)vO?f_zE
  =y,?<l2q"雿m憪
  ><-X3"}fiZ
  ?-Ū9-䧊m~
  @riLӓw?1
  Awrj#͎\+
  B~VF]8_4Bw{
  CůZ`9jE{
  DBӗfKZⱇ*湿r
  E(*.<s/Ek.
  FvK%֭!\٦B/pV|
6a10זӲ  "  <LLLՑ                        LLLՓ2
  !EARTHMOOCTw                  ء%tRH
  "JUPITER ׿                  轻7
  #A4                              LLLՑ
  $A5                              LLLՑ
  %A6                              LLLՑ
  &A14                             LLLՑ
  'A17                             LLLՑ
  (A22                             LLLՑ
  )A28                             LLLՑ
  *A29                             LLLՑ
  +A33                             LLLՑ
  ,A38                             LLLՑ
  -A41                             LLLՑ
  .A44                             LLLՑ
  /A50                             LLLՑ
  0A51                             LLLՑ
  1A58                             LLLՑ
  2A62                             LLLՑ
  3A63                             LLLՑ
  4A66                             LLLՑ
  5A67                             LLLՑ
  6A68                             LLLՑ
  7A74                             LLLՑ
  8A83                             LLLՑ
  9A84                             LLLՑ
  :A86                             LLLՑ
  ;A93                             LLLՑ
  <A95                             LLLՑ
  =A98                             LLLՑ
  >A99                             LLLՑ
6bזӲ  "  <
  !*zbn܃BIŲ5
  "m^ɍqݼ_쬏ޫ
  #<mi2]%p+҈-Z삤
  $$ٯfQz 7l`֛
  %LcMy< xr&
  &nzn*pOkBސ|;Am|
  'Xn|:jTƂ
  (ҁ>@);he(#2
  )arw#zVUH&4g
  *Y~p~QwY
  +3';e&l
  ,k|OGlʶٙhUz^
  -%hd=+&v4moH
  .zS;nB_>
  /8㠞.3r]f
  0滼ζ2GLo]
  1`,(CdR<>
  2J-z̩ie륝XHt
  3I:jP!}É3,
  4*TV]␴1hi
  5pb^~ꪻy뇩
  6\Clt:̙@"
  7qrƊbφdVe"
  8W%XFvj⑤Hhĸ/8
  9zሐbrSċiI6
  :?}6ӑ/!֮]D*
  ;υ(NJlRpƮC
  <͉]$;<=껁ųz
  =NUn ڻH^7옊Iz
  >&v!4Fr;-yo9e
6a105j  "  9LLLՑ                        LLLՓ2
  !EARTHMOOCTw                  ء%tRH
  "JUPITER ׿                  轻7
  #A4                              LLLՑ
  $A5                              LLLՑ
  %A6                              LLLՑ
  &A14                             LLLՑ
  'A17                             LLLՑ
  (A22                             LLLՑ
  )A28                             LLLՑ
  *A29                             LLLՑ
  +A33                             LLLՑ
  ,A38                             LLLՑ
  -A41                             LLLՑ
  .A44                             LLLՑ
  /A51                             LLLՑ
  0A58                             LLLՑ
  1A63                             LLLՑ
  2A67                             LLLՑ
  3A68                             LLLՑ
  4A74                             LLLՑ
  5A83                             LLLՑ
  6A84                             LLLՑ
  7A86                             LLLՑ
  8A93                             LLLՑ
  9A95                             LLLՑ
  :A98                             LLLՑ
  ;A99                             LLLՑ
6b5j  "  9
  !DF_ƁBD6
  "Oij|Uф(gUNC
  #92FnOD\uOn̦7$
  $ca)ҨK2*)}?p
  %z'4RӅ+uCN)xd
  &_M`Fb.JbV
  'o7.hssY8N-
  (ͱS5t$O_cc
  )*QVx̍
  *:FB%_!f>7
  +48sM@p͍lDPb
  ,ba^Jΐ6AԖ/
  -x˴ݝriNR
  .Z&q8MxS%d}
  /OX8ڦgFx@
  0k;f\'0}RCH
  1嚏ʁb`i!5UP
  2CwBm%ρX
  3[Q@UӤf&dUk2
  4\<bl-P4Z4
  5LelT1>Lknmn0
  6񲤊73w@ׯ*ڔZ
  7i5?pbc{(ywF+
  8#}9l4O\aUZݔ
  9<\9_bȇMAJ;
  :_eJg"U
  ;`g}\`qϗW8}@LTW
6a10 Nȗl  "  8LLLՑ                        LLLՓ2
  !EARTHMOOCTw                  ء%tRH
  "JUPITER ׿                  轻7
  #A4                              LLLՑ
  $A5                              LLLՑ
  %A6                              LLLՑ
  &A14                             LLLՑ
  'A17                             LLLՑ
  (A22                             LLLՑ
  )A29                             LLLՑ
  *A33                             LLLՑ
  +A38                             LLLՑ
  ,A41                             LLLՑ
  -A44                             LLLՑ
  .A51                             LLLՑ
  /A58                             LLLՑ
  0A63                             LLLՑ
  1A67                             LLLՑ
  2A68                             LLLՑ
  3A74                             LLLՑ
  4A83                             LLLՑ
  5A84                             LLLՑ
  6A86                             LLLՑ
  7A93                             LLLՑ
  8A95                             LLLՑ
  9A98                             LLLՑ
  :A99                             LLLՑ
6b Nȗl  "  8
  !^U"A8>Jq;vN}
  "fďR'w@ďrwi+u
  #S>Æ޳Ys{
  $+cXzBGHj=
  %fe엑6QlIXSb5
  &iZ"֙w k}r(
  'ae,?xr[ݚ
  (VI1Ŧ%ndXQKVW!
  )gaQTZ*}\
  *X-T:nՋ?^H
  +<]~On:̅a8
  ,~4Heɿ(Ant
  -nhD~5)lC 8fYn
  .FJUI+S׵3s9,&
  /8hؓk;?ețF
  0}':f䖼iiD
  1ӒؔP-5?ꃐ '
  2P߱~~W2
  3PۧkzR4Lz?=@d
  4ᇉmFYsa}`k
  5Hql'jg/!
  61zyiNƳ9Ⳑ꫆
  7i(=gC/b 5-U֐/"V
  8h><<hT>3ԥE
  9dzǥp zx.&$-b
  :͹e]ak`T`6b݁3\
6a104Єs  "  6LLLՑ                        LLLՓ2
  !EARTHMOOCTw                  ء%tRH
  "JUPITER ׿                  轻7
  #A4                              LLLՑ
  $A5                              LLLՑ
  %A6                              LLLՑ
  &A14                             LLLՑ
  'A17                             LLLՑ
  (A22                             LLLՑ
  )A29                             LLLՑ
  *A33                             LLLՑ
  +A38                             LLLՑ
  ,A41                             LLLՑ
  -A44                             LLLՑ
  .A51                             LLLՑ
  /A58                             LLLՑ
  0A63                             LLLՑ
  1A67                             LLLՑ
  2A68                             LLLՑ
  3A74                             LLLՑ
  4A83                             LLLՑ
  5A84                             LLLՑ
  6A95                             LLLՑ
  7A98                             LLLՑ
  8A99                             LLLՑ
6b4Єs  "  6
  !r<>ھPuﮎ`mX
  ";rP[3ŐqXFGV
  #Ս%|:IH.h
  $3s?g AM9M
  %#ޞ2t&n]=
  &+f瓝qi?۩
  'Bmj٥?Iu޴
  (c?RGz/ixcِ|%
  )lōLJQCՃ?Sۉʯ
  *ن5̛l^6Z|
  +GoLΪP^\'g
  ,y)۞@A e!s
  -9ڰG'h!_\/g
  .yJX{UAAn
  /jᖸ6q`6i_펌
  0ke@5bnzW+l
  1OVJ͘lܱ&
  2GA.\RS
  3Cf-=Yi.31|]!2h
  4n"#H¢xUۑaS
  5Hł;ړVEQ@
  6&ӂ0]c@iԻ'
  79_`vOϮ5cԣ_9"
  80ydaxVI-<
6a10HS57  "  5LLLՑ                        LLLՓ2
  !EARTHMOOCTw                  ء%tRH
  "JUPITER ׿                  轻7
  #A4                              LLLՑ
  $A5                              LLLՑ
  %A6                              LLLՑ
  &A14                             LLLՑ
  'A17                             LLLՑ
  (A22                             LLLՑ
  )A29                             LLLՑ
  *A33                             LLLՑ
  +A38                             LLLՑ
  ,A41                             LLLՑ
  -A44                             LLLՑ
  .A51                             LLLՑ
  /A58                             LLLՑ
  0A63                             LLLՑ
  1A67                             LLLՑ
  2A68                             LLLՑ
  3A74                             LLLՑ
  4A84                             LLLՑ
  5A95                             LLLՑ
  6A98                             LLLՑ
  7A99                             LLLՑ
6bHS57  "  5
  !Pz,Sa2D
  "ك쐨ӦhЧK3YՃ
  #+z%D|ɳIowjR2X
  $ўPF,A(s3ÆOz4U¹[
  %͸Ս3G]&
  &C|1*;%!QR
  'lXcb|.
  (ϿdggEƜlMŨJ?(dq
  )IR$k[Q.ěoq
  *5ȓzay,>
  +|'.ۓE2uŖ
  ,i΂!ܾal얐|%O
  -"LRmOЊ+(ca
  .@#ǫ"+ŋ*S-G
  /C12. 8
  0ۖ⻃+w%p-
  1ґ97Z3ܙAAS]
  2czg˛b="'
  30<5]f_RyxeDuϓ>
  4ǆ`ʞak֍[U"D
  5bgq۳4L擒qdD
  66mu54іdeofHj@Q`m
  7q˥Wo,3Z~S
6a10]Rڙ  "  3LLLՑ                        LLLՓ2
  !EARTHMOOCTw                  ء%tRH
  "JUPITER ׿                  轻7
  #A4                              LLLՑ
  $A5                              LLLՑ
  %A6                              LLLՑ
  &A17                             LLLՑ
  'A22                             LLLՑ
  (A29                             LLLՑ
  )A33                             LLLՑ
  *A38                             LLLՑ
  +A41                             LLLՑ
  ,A44                             LLLՑ
  -A51                             LLLՑ
  .A58                             LLLՑ
  /A67                             LLLՑ
  0A68                             LLLՑ
  1A74                             LLLՑ
  2A84                             LLLՑ
  3A95                             LLLՑ
  4A98                             LLLՑ
  5A99                             LLLՑ
6b]Rڙ  "  3
  !&vc}lZ!?L
  "uك9ǀʏFc !,
  #=og`zoHeb* 
  $Bg%_2%iq0haB
  %ȃ%SONQȤ5
  &7çTo%ɛuep
  '#l}J&S4\u*3
  (Vn/adBb6L+
  )5\I[gͻJ39Ճ9W
  *zNJ ;E6f#4\
  +JO,H\ԹƳD"Q
  ,ˎ2FqIۅ}/<
  -X">S*s/_'y
  .Js!()^Z+MT
  /Ѣԉ<.b{HF<&ԛJޗYv
  0+j97{1Xإԧ;
  1i7ރS=n"Xi=vF%
  2A_0",0ĺ}`acG
  3Ά[K+'{wLy
  4kإ0(rF`ml&
  5Ⱗ4祛R<m=҆
6a10q8v  "  1LLLՑ                        LLLՓ2
  !EARTHMOOCTw                  ء%tRH
  "JUPITER ׿                  轻7
  #A4                              LLLՑ
  $A5                              LLLՑ
  %A6                              LLLՑ
  &A17                             LLLՑ
  'A22                             LLLՑ
  (A29                             LLLՑ
  )A33                             LLLՑ
  *A38                             LLLՑ
  +A41                             LLLՑ
  ,A51                             LLLՑ
  -A58                             LLLՑ
  .A67                             LLLՑ
  /A68                             LLLՑ
  0A74                             LLLՑ
  1A84                             LLLՑ
  2A95                             LLLՑ
  3A98                             LLLՑ
6bq8v  "  1
  !y3PgX'Lː:遴
  "i͐^B#(Oy"DL
  #Ǡ>p,եꞸUܓA<@=
  $.Q`N33X+$uV[c
  % ʱau"O}bIT
  &ǵp$MZ09[I1U[mg"
  '[fvDRku?
  (K#afM3ԀpY2G
  )k˅)'ɔ1ɼ
  *hk>/svޠ{zop
  +s0rh;01PZ8FY
  ,o(27b
  -DW֊%E@ꋰQ+)j;
  .]H;e-q8NzP
  /\ct8l|.s7
  0قg";$Pw뚓&
  10o+-%)'v
  2R\.M~wU7&
  3ׄ`!WZ3>k\
6a10Ņ굛'`  "  /LLLՑ                        LLLՓ2
  !EARTHMOOCTw                  ء%tRH
  "JUPITER ׿                  轻7
  #A4                              LLLՑ
  $A5                              LLLՑ
  %A6                              LLLՑ
  &A17                             LLLՑ
  'A22                             LLLՑ
  (A33                             LLLՑ
  )A38                             LLLՑ
  *A51                             LLLՑ
  +A58                             LLLՑ
  ,A67                             LLLՑ
  -A68                             LLLՑ
  .A74                             LLLՑ
  /A84                             LLLՑ
  0A95                             LLLՑ
  1A98                             LLLՑ
6bŅ굛'`  "  /
  !ZYm/BJ?@Eb4
  "Hq$)65fCw$jVa
  #>p(b'3<
  $tvK?U#35ڮ}
  %Ϥgos0aHs˄ee
  &ѵ6\)[WTCTTw6
  '>歀Բܪ:5dN*p
  (Jbd"Y;VDu
  )ϸ66.LݣA4^
  */)XJ4*ؕOϺKhG
  +Æ-אB<>T
  ,Pv-.rv:7l~
  -_mδmcI;
  .ųlA#JNaP/#Xi
  /~1Q}ЙV۔A*
  0ȴ&GPVo7Rz
  11+Ԛ.bP{ߏ
6a10ɚV'  "  .LLLՑ                        LLLՓ2
  !EARTHMOOCTw                  ء%tRH
  "JUPITER ׿                  轻7
  #A4                              LLLՑ
  $A5                              LLLՑ
  %A6                              LLLՑ
  &A17                             LLLՑ
  'A22                             LLLՑ
  (A33                             LLLՑ
  )A38                             LLLՑ
  *A58                             LLLՑ
  +A67                             LLLՑ
  ,A68                             LLLՑ
  -A74                             LLLՑ
  .A84                             LLLՑ
  /A95                             LLLՑ
  0A98                             LLLՑ
6bɚV'  "  .
  !d덐O)oADm-*
  "pqN~XYԡ,nCҕ
  #ǝHǗK,s 1/B
  $ԗKsg{vԿۍ|7AJq
  %cfHm!ԕ_8;C
  &+A,y71SX:`sݿi<~H
  'ηTk!в/൷-
  (^2"8J0fvH{ma͠
  )r~T/aV9^u
  *7fL=|FWq
  +ҹ7z1f%(Mer+h
  ,IlǒVH5afGh J
  -!nXagGyᏔtj
  .OۑKZJ%U
  /xׂONsED.匌
  0ybX>'>Ɏ+>*
6bͮh˙  "  .
  !뒞6ׯ.Т0{?(]
  "yE0۩
  #&"Eej>I׀$(t
  $ax\qf%o3ݝƿ,
  %Q,C#Gg$-FNyݨQ
  &Wήw@GWyl&`86I
  'Ҳ&3-ޕh@`Xq
  (NRً̦5ƙ(+
  )-iw]z[B:G
  *b8,SJX3]I
  +т6Z{6w!t<ZL>4
  ,=E78:D`{?k
  -?e<?$clBۅt>O/
  .ijiS$لs{<刌
  /޴@1M.^
  0Nqcxs'xrɀm7<S
6a10Ι  "  *LLLՑ                        LLLՓ2
  !EARTHMOOCTw                  ء%tRH
  "JUPITER ׿                  轻7
  #A4                              LLLՑ
  $A5                              LLLՑ
  %A6                              LLLՑ
  &A22                             LLLՑ
  'A58                             LLLՑ
  (A67                             LLLՑ
  )A68                             LLLՑ
  *A84                             LLLՑ
  +A95                             LLLՑ
  ,A98                             LLLՑ
6bΙ  "  *
  !<+vȁ50/Csqͣ
  ";ts.t!b\
  #r|ec__ؓvMrJ
  $̹v|N/Wl&l7j*Tp 
  %ͬW{G'ͩjNi~
  &͸^ڶweέe~ԃ|°熌
  'ȂGd1JAdr`ghc
  (ד"nF|8㋴ɩBGB
  )DrډVYqɾ{
  *QeT<0Q#*Guq4
  +cׅlBIvdg
  ,qX"g*Ou+;uA
6bZ;  "  *
  !o$j'\#O
  "OӐTuX֏P=TFz
  #ɱngN%ԅҜ爫t)chs
  $Ȭʨ9ʈ|^9
  %&}:,V{1]lǋ
  &ҷCIĽrfvk
  '"%pg1NӏPќ̜
  (@^XX7~4q8CP
  )CFM<ucNSP/ 
  *HB~ͪUљ#RU!$!
  +xZWR/}ZoǪb8TcI
  ,7i8?gcY5SMG
6b릢3U  "  *
  !=^o'76:
  "ŏ*E۝Exlk-
  #ՕwUU >"ϢZ%7Pٚ
  $FϜbӢ;KhLv
  %8E6Qząt\P-h
  &5|vW&pmePƱPiI
  ':-)gv.[KE^oW
  (ёY\B됫h
  )jNGAMe)ݿ
  *^=>ҕU"
  +ïCLk7E"b;ˌ
  ,PXޯm䀊NԱYu΀
6b   "  *
  !k됍2/KkO+.s*_
  "wIW%llw
  #5a<(h)kǷhYE
  $+`7dd׊VkI2f7
  %RޑTiO_-6J!hߤo
  &4bv{5?Б|Qݹ@
  ' ẁ죇*3
  (v(vk\2"&
  )TBklND4/ӸMOQY
  *cVTqw':
  +XU.qGֵt
  ,;ՐAEBkN\@1bd
6a104^t  "  )LLLՑ                        LLLՓ2
  !EARTHMOOCTw                  ء%tRH
  "JUPITER ׿                  轻7
  #A4                              LLLՑ
  $A5                              LLLՑ
  %A6                              LLLՑ
  &A22                             LLLՑ
  'A58                             LLLՑ
  (A67                             LLLՑ
  )A68                             LLLՑ
  *A84                             LLLՑ
  +A95                             LLLՑ
6b4^t  "  )
  ! 뎫06kįMْ`o
  "ɐXˣp֡ԁxJ
  #X]_oUdh<k
  $τ>u'F4q$smA
  %WАoa~.\咍f>kw
  &<[,è'`AsׂF
  'dFOj!U̿؅\
  (UK1&5KK<xP
  )Qv`X9|^!b
  *#W~;]=cΔ}xl9
  +і"#PMn|S~:
6bH%  "  )
  !qt1WX漀Z'8Lg
  "zbZK"S0
  #Pߨ<ylHٷQBd3
  $<آ:}55vevz4
  %,pټ{$e{?C5l
  &M*iY98)کfYr
  'tRJ8c/REsqOs~5
  (ЩfI ϪS^NI˂J
  )UzY>qvȀ=ko
  *HӽlD?`>5T@
  +և$c8}3l#
6b\hI  "  )
  !KHwAhO#;xUMYx
  "+{El(NgG
  #p߭@o\_Vz?8&t
  $Aw6ݵ]lɤ+Wq Ǹe
  %̲~󇖇j=%~,-Nt]
  &Ͱ`Ɗw0LTVHT
  'L%E.'r#Ԛ~`s
  (ҶXΖn)2OȎ
  )]sfsS懶Q-l:z
  *c1#^qG>h[ۋ T
  +-༆'P͸;!y6
6bqb?I  "  )
  !ᑀWJGdՒ6Y{b
  "k,?u-l
  #tҩ|I^JNz7Xҧf
  $cv;Јc~ġQ6
  %xm^cʌ/
  &F[Mɴaf"!o
  'jû&}׽?="
  (2K*x=~A s
  )2L?uqkhӟj
  *m֘;_6SUr}
  +7(s0R7P]=
6b򅮊#  "  )
  !f*2,@9̴N9an+
  "]FLD6V!Mi2
  #ꖼ׋mj!Ɖ)mr.m
  $gHuvchG@QVj
  %͊Hׄg Aﶵ6Ȝ\^x^b1
  &̗8V_=uwDNqF$
  'wayyc.Y2熅<L߯
  (ӱ7X7BBy
  )3H)d.AxKÄU
  *VUk(I_焠lx
  +#Ђ(EymԺh9
6b  "  )
  !l<ڏ3\W_Vԙ|GiN
  "AGj-Why
  #ikǶ^6(>gƍb
  $S.t[jDh֩rX.
  %^ʘ!_G̟s.v&k
  &y˺f+⸹*졙!m(
  '|U;J1"+GXP
  (s_gx]-C)3
  )ദF\)߯<"ʔM
  *Γ.␚<PЀPC
  +H\r_馨:Úoz
6a10f~1z  "  (LLLՑ                        LLLՓ2
  !EARTHMOOCTw                  ء%tRH
  "JUPITER ׿                  轻7
  #A4                              LLLՑ
  $A5                              LLLՑ
  %A6                              LLLՑ
  &A22                             LLLՑ
  'A58                             LLLՑ
  (A67                             LLLՑ
  )A84                             LLLՑ
  *A95                             LLLՑ
6bf~1z  "  (
  !S7UoVꎀA%s=
  "`o{g N\ɪ.#w
  #;Zþ.cU,6@Va8
  $Șhx?F4POp*$
  %ΕTb8l-Tr+"oP[
  &4[D)H-~F.
  '[H)nvBVi
  (ί腍9G,lo\zzzX
  )fW6fɮ
  *0)3]ޔdR
6b²yk=  "  (
  !א P&$G*^b
  "qJ<Q:4yIGI J
  #-I. 9mZ謨v##p
  $Ibj<Z'BdX*`
  %I2 Cf>8
  &ѕq*ʻCpay
  '⼖|ݡ+S1ll@dbn
  (;L/vUХm֙N#kH
  )hXRJK\HTΡ
  *˒ׅ"C(w@*췏Aa
6b(a  "  (
  !Ɏ;څ=dkC
  "pΏ|S.Pmnd
  #ymn|E-:
  $\ӊwOק޿xq
  %ܡuZ?wuZKr+})
  &Μ,ņUBu7u^wG=
  '@`vfS7,P2h\v
  (BxȝV0^bʚdi
  )[+>@c0g_
  *gLqPȅ)uӤ!݆
6b痁~p  "  (
  !BN[gѫXRߑd@'p
  "8֏IUHǫ}k=h
  #ͮTrDUWkZRh*
  $Ճal&Lٚ"iYX
  %7z6ڽ,zpE/&(f
  &pyƁ7 @s.)m;
  'a[ݯbv/,|v6ʨ
  (ѱ=*c1UӐIKN
  )64i(Xu죓WQI
  *Z46,|`t}*FftO
6bcEn.  "  (
  !7\Ugvt_J
  "ՐϞ;ٝ,+X!
  #u~tR;݌>tteE|@
  $Όé$C:?[פx#4
  %δB)ǚU(Tyޖt;
  &o]rZȑgؘ!
  'ʶu%2cHϦV0
  (lWaZ>㔃ƒ#C"
  )B<u#nwۙ^j
  **ݎ!֕2fڧ6SL9
6bӁJ>  "  (
  !zɹߒC)
  "$'ֈyƻޓ׎$
  #s+n`-)ܞ{ȓrQ
  $X!jRޘŇ|ڲ*
  %Ѩ]NNZWG@Uzf;H>2
  &йl\ ݔ}2ڜG/
  '[֐Ԓ^?u
  (l٭`eqp8"(
  ) ^( X%lUUK+
  *?.Je{lyּK{񔴊KSo
6a10:^M  "  'LLLՑ                        LLLՓ2
  !EARTHMOOCTw                  ء%tRH
  "JUPITER ׿                  轻7
  #A4                              LLLՑ
  $A5                              LLLՑ
  %A6                              LLLՑ
  &A22                             LLLՑ
  'A67                             LLLՑ
  (A84                             LLLՑ
  )A95                             LLLՑ
6b:^M  "  '
  !# n fƣ ݍT~:9up
  "=/sEEGLNJE
  #Cjkv*<E%
  $[;ʳ7pQw31
  %΅ao5gbCĭ̷*
  &͞w<(&)a1)|І
  'ݬ+e3TCPfW
  ({ղKᙃAczb
  )ARryT㶳GE[8н
6a10/1^  "  &LLLՑ                        LLLՓ2
  !EARTHMOOCTw                  ء%tRH
  "JUPITER ׿                  轻7
  #A4                              LLLՑ
  $A5                              LLLՑ
  %A6                              LLLՑ
  &A22                             LLLՑ
  'A67                             LLLՑ
  (A95                             LLLՑ
6b/1^  "  &
  !ׂ=LZ.Ι0gӐy
  "c+Ҿ0;ΒmoTa
  #ʹ!n=]pI8dIr煷
  $м JG΄W^r#?i
  %Wvk(2ڟPq"}O6
  &uFbה]l.;d|1.nD
  '">Ŕ) 8BA
  (<c>u;LRD<c
6bNo  "  &
  !|ʅAʟ/َx~c.
  "ʃHU(wjRė
  #r&v%WhfZתif?
  $ktoۓq؝Egv,~`M
  %yMtuv*`;Y[5X
  &,U@5ɣE|
  'c7aŶ_R$7spr
  (XڇQg{`;7)cH
6bmk~  "  &
  !{u%M{LbzU,
  "}Ny"EƜ)ȓ
  #38G4_r9=t
  $̾Ty|GGQ0qLy܍dv
  %Ӆy(R|%bNSX
  &fIF0/7FCLpS@*
  '!>F-zl.;Ŭ
  (AG,奄FfŇ)}
6b~|>  "  &
  !;GGU^K3j_:u
  "Y}PszJ㙏e%90
  #ZݠV%jQo}CHr
  $ײr^*#1d۹T
  %.,QvvXáAI}^L
  &<l鐟6LrV%\
  'n+yć_̼E$
  (8wwdU)_仯lV
6bD~L  "  &
  !GAu|]L=}
  "c ʖ4H=K
  #Փk}jW:SϋBS4+&
  $1~}8uл{;Ö
  %-;}ih@vn
  &4Yɰ`lyJ`ț
  '\|01oㅛDJ
  (ZhT#Ud
6bU~H_  "  &
  !Lב%``-Xi
  "%|揂R38͊1NFp9
  #ζUNZ>Bå<
  $Ε7B32RƝe
  %НnGUp_T
  &4:U=m/񳳧ɢ=s
  'ԻAWLR䉗>5
  (A1jKqG2dW
6b}l  "  &
  !#Sфe&o=
  "FKL;V$ԥCn5@T"
  #lWwX^؞ D
  ${GS%qԯW;fnOfƣW
  %e}Ŋ<RXǀ3~%!
  &jup'C{[/y
  'Ҥ}A\P<!q\b`&H
  (x+xBvM͗x
6bw}/t}  "  &
  !X3/0ɹhIᓧ
  "tÐm8_k$qf1Ǭ
  #,<1qcKŮB͠sڝ
  $0bp,wCJ;Z
  %9(&pȢZ/)
  &Ѿ5鰖:mޏC^`
  'щV:8u}Y@My-u
  (ouד3m^sD"
6b?|܏  "  &
  ! ;MdFèoߑD_y#$
  "3~ZKܴo叽&"ӿ
  #9]}$!N$LIP
  $B&\jmim<7%K
  %ΨCڅ1k|;T"
  &*c1Q1o" 9
  'l4НDO06ӥOXl
  (|x.tftv~*EB
6bN{d  "  &
  !@&nͤd)3
  "LLl+E΅GM"b
  #ɳ^N|#e57z
  $ѵ2QN+Y?t|uC
  %vwA3$XQCl
  &خ(NOtîRbB-i9
  'Uݴ%A<2O~3d0O
  (8+)*cvBEay
6b{{y̱  "  &
  !1ADN(^֙fU>n
  "bz58B$T#qţ
  #ӔxY4fvp\ז7
  $bDJ«W>mɀM
  %ڠsȅ׶~jѪ
  &K_}%7VOEbA><
  'щ#ҙV5O!H@K
  (tsf*>?̚/pҴ
6b&){ªm  "  &
  !w($bKGnשD0ۏ
  "q@IgVɜs
  #-/uwn?݀JUh2J7
  $K8+5{o>FnD>
  %JFn(&l]v~=!V8}
  &r^7J򶷰l'@t6V
  'i6rh|ѧ4dp(B-
  (o}P3ZoJޘ
6b{F2|  "  &
  !H?l':ՑqנO
  "gbmFLOUҫx 
  #%ari_R#[Jeǌ
  $F;8䪀`MIsxV@=6
  %ݎ/4B$b~rBY62
  &՚sz*噩kFSzH
  '0T9kT38o
  (4G512Ǻ6ک{D
6bez  "  &
  ![M*,O_J7K{
  "X,dN$=&
  #L<ŧذ!;Gu",\
  $Yo"u;:Rv̕p[
  % &6ֺs4(h
  &ДbXA24VoDÅZ 5]
  'uښ;[k]
  (BP0ei0[W)ǑO0n5
6bXz-"  "  &
  !эWlFT"tjջQ
  "J?뉕vݩJZ|Nyg
  #yD5|Xtm$H
  $j]<"΀hЖLIk
  %qjllkJ
  &i`"{*J\PBHްO
  'V耪e΅?"O\*H
  (A@tĐgE-Xŋi
6by  "  &
  !bF;]Ć>Q@.
  "tu.7*JCtsTd
  #o.ӟ:fu"P3"u
  $Ѧ^1ռ{ ,;7lf
  %;oH~CpykӤpRz[
  &\<M쮱n
  ':ΊoWA`-՗.
  (]N=NԈAe
6b0Ox  "  &
  !0َb%0b{x5O̹{
  "MGK"Wt_Յcr}ߙJ
  #KfE:s[
  $/I1*2Qptր[
  %M.,,xwLkR
  &ǅb:x7du7$Ì
  'Ѿ~+ІtyԶUƁ0
  (Ʋ"Q[S٬֟Eh*2
6bxwzњ  "  &
  ! ~#c0'[7V8
  "?L!Ok*o:Oi̍
  #fjO|WA_vˉM
  $_eȴ{,^po.
  %с.P#%?Ջ0
  &nX6ْnyP4:
  'FMRն5>sE
  ({E9nTA0߂#
6bxX  "  &
  !Bd0ޥGW+}Vu
  "wig/ҭn\0'Z[
  #X@R4s]EDdJd
  $0eZ_ 3vg
  %ȼB۲jqҊ=8?-J}
  &ͱpGj@2x൪3Fc
  'a "k}߃qYn
  (5Ƭզxʽk
6bc9xC  "  &
  !4/UªJ8\8;͏yT
  "_,8^9_F#Oi
  #C|~kkݙ-3*&o
  $(NS`)DV~:dT_[
  %,X|\ܡ זTHқ_
  &1u(70xTaN|?[
  'ջ+~M(Ww~VI
  (eƕN9ۯ.<ܬ
6bwH  "  &
  !ANk@ur^]жe
  "!giR9A"[9tC
  #]YLCan͉ȭ*M
  $1t*'W1HxR>A?
  %_mxB!\ z=\
  &|k!^s-=NN(:
  '[\*aKzLZ)rgb
  (}wxY큲_
6b:uw*  "  &
  !tV֖yɏo0 >H[
  "^N]2XzϷ
  #ϘKH~8걵phظ
  $сƘK&;zy@|m}n
  %㹛00jb܌Tw
  &7luԷzK`$"
  'ДG:襱!ދ6y1
  (G'O`6ƙ+8&Z
6b#v8͚  "  &
  !bj;`4ZSXz{
  "ʐ@Ȏz˒V_~
  #̹L"Y6"./m>{
  $WOዷA:]rmuE
  %ͷM9֑.z9NX
  &҂-t#Ómkdr|
  'מ2<v3Js~)m)y
  (L!O<lܷŪ[^ת2M
6buߚ  "  &
  !/W^v*d薫qҦf[D
  "tbjdo<Hb$d'4 
  #X}j*tn9ӊNN&NR{b
  $Co%M#$U
  %/i~Y..΀ju\
  &0Y79p)e_X4
  'J51һcpd[,
  (3.Wϩ=X՗~Wc8l
6bm_uu(  "  &
  !땨[ް(ӌS?}
  "FR Dί7HuPN
  #>{բ)웻g3S>#
  $ԺuUK.bGTښmc\
  %DM&$yl`7a
  &"oth;T;H̓
  'F,wě!O浢KKzQ
  (0Ex#hM]@9-
6bu櫚  "  &
  !HTV~g`0Kj
  "}dL<CDѳ2svE-
  #0ݳʻNXN9́
  $Eu/KŰ
  %ʣki埛z;
  &aAoq%ׁyTx-v
  '\_.gO3m^J?C=Q
  (Q/RXpПHu^
6bDuAn  "  &
  ! 2_!Y
  "5L0ZF_bAK~ 
  #<3ILO~+ěg皙
  $ϋt(Djʹ}DmZwA6
  %Z9C5g/bǙto)
  &痚؁!Xkib
  '·d?Mwv+27۳
  (z[ag?xf?/"R
6bIt̚  "  &
  !U,SV1܁W
  "{_5w+#Xaʜn
  #ys8C3}{[3ڂly%
  $d{Vd[3%D
  %Uf*P*L^{
  &zXuJ)/OnMV惋
  '!V-JGRcۚf
  (Wflvo^ېΰ%p
6bt(^ޚ  "  &
  !fpz>r[oXyhU)
  "OU'Ef
  #U쓾1ESxkb.V
  $ʹȏ,q3Ftx
  %4(}SH^kC>g]g
  &Hp=q3VQ`X
  '"-Wg<3ʼ"#@_t
  (]m'ԥa߹A
6bws  "  &
  !OⴕNC;t
  "Ev"OƌlI#aRT}
  #_pnآ1ttpsi2a
  $;^22J4IXdu/
  %hE`*]<Bj'r
  &Fݦ뢁6yI}G}
  'qm} ϙ@\e7or
  (HKl*@6놋c
6b3rN  "  &
  !aS>&!qok&
  "_<_>'돬?wXx
  #A>k:7+=Gq=
  $ÙVsThlP
  %0~[(łdTW\߽
  &cm2{uHGN
  'ӖQl໕J!Kí
  (W-+]>)jP
6bNrr/  "  &
  !AMw-eR6a)0
  "<xR>[vV<
  #LEmQ^w|`WhH9
  $ͅyH]*NY^ӟr}V
  %_/ųTq>~(
  &-Op![i
  '|Ff팗}Jҋ5
  (Za/_^Ë5*yE _Z
6bor˚  "  &
  !뎬Zu$-97m
  "\!)k#_ѣ'!h
  #BәW$MJ@a6p
  $ƎGm:lPst/6]
  %Q\z&rIYT;]jXe;
  &CN%QB~bl[$Z
  'p.kiֺ+ߓ%.
  (K#:1Z(\"
6b%r>ښ  "  &
  !Ф1{ܖڑ3s~D
  "Ոoְ}ߏ1o&40
  #`.ð<YֵʀiuK@C
  $^v*ݲ췊xϔ
  %ҳܒT9 zx0h\T(5
  &ϡcX2toA&ڪ
  '֚-gX$ϐ蛎:
  (ér\ugjܺNd%gjd+
6bq  "  &
  !ɏx%E|tե
  "W*$yVF)S
  #ͰWxp/4-+4#j"Դ
  $[q$5 5b0&kɓ
  %ϥ1SOU_CǛ
  &ϓ?'QBVG)>I߱
  'Ӧ8fN#]R0h[uT~
  ([օՌJhistnEa
6bYq%  "  &
  !l^57ċn9h-
  "nKVA?*%ˏۖxƯ=
  #9Jeu9Wnu-[
  $`qx?Y3©H1݃Yn
  %T/y3'wm`Ohad
  &бg~:HNrϽFE)
  '|'ۉ;l_o\y)
  (}$&o;h;ǹͅ$_rh
6bXpu.  "  &
  ! ӎgF_Mxrq
  "zT<q]x;z,ߝʖ#
  #2ti~@ep/xz|w
  $˜,|xJXՕі:Go
  %Mi֬%ƅ%{wyO
  &ѦqynpM v`hSL
  'ׄ1\6;/~pmd/
  ({c0SIg,D&G
6bo@  "  &
  !V}}/kwd۔
  "Uz#b[>fU3G
  #Sv:V*ɯK:O+d
  $́?;TOKjP9L
  %.=kGs!T[L/{1C
  &̈́|Qϣ֋
  '>s5Z/hӁe4
  (W&&Օ|3aQI
6b0CopeL  "  &
  !8<+0ШuэQ$`^F
  "34tآᛏF|%q
  #Љ~o?ffr鵝Yܐ
  $R~(ogvE
  %EȟYȁ@v%y
  &$5F@ɩDUc>.
  'И>~~-1RgIޔ
  (Q>9Hznbe2qP%
6boB  "  &
  !W'p'dK@ΎMB3
  "26&210*J#TѿR
  #ٹ4ǖ+,կGLuF
  $O/8UyN* 8r4
  %ѲLj[oɷgD]zM
  &ї7~;DL]6]`h
  'fzLtZcZVL[FC[3
  (vgǣ;x&Fٷ]yL'SI
6bo<  "  &
  !z8$cŌ}s@=K
  "1TxC`ÝX?zNa 
  #8GvfiE=
  $neƟ'-("+
  %͵I2잵o3
  &Vݬ愺@nHpb/ѳS?
  '/]fcmpu#K5^
  (Ź#uVrwTIv$
6bc-n3)  "  &
  !֧׵3Ftug?
  "2sVLe_#a=鐌>O
  #:Qsy;0<pdfWe:N
  $?v>GaM_|QMd
  %fT~#l*myZʣ[
  &ȬF4'I+Cn=C
  '9ِﶫxIM5UQ?$p
  (4#Am\«k$
6bn#<  "  &
  !c!zHh@6ΣÏUmz
  "I<-}F?<ĵMI
  #z`Dwf5m4O4vk
  $ޔ%"KZ't1CD
  %ͼFo,G%{Z
  &у9㮵o[ھfv۹
  'Ҕ˜bཽ:EJzi
  (*áBڱS"ދH_i
6b:im#N  "  &
  !ۢa0I,dJ
  "mLdr=?%<a
  #u#s|;D*L^cs
  $ЧB{Ӝ5㙾vo)Ж,
  %?ހ7ǘTS΋
  &7{̗~Nޝ"lϩ
  'i玕/)+oBF&
  ((D]k^䮛ߣ'pw
6bl]  "  &
  !nM$"0^m;.`oO0
  "&I'p_F+I!U1
  #ɰ́<~=yͻP-D
  $#(y9Nf<f[cpy'F
  %|Zܞ)V-8}Z$H
  &̹_1+=%((ͧi̯
  '? eU;
  (!h:4{hkGhyA
6blmp  "  &
  !O]Bϛh+sΈ]
  "׷PpZEFYUA!'{gO
  #ҁP?$D=X\d
  $*UǅT)D%Y7wr
  %ȥSai¾]Tʓ
  &jm~ӳof֨kuRE,U
  'ʓ1yӆytowԾ|
  (#2퇜e#ɼ"t^ֽT
6bmSl,  "  &
  !C&8p5Ц裎Qm8x
  "b̏^a@ʆObH۸
  #qh F0*OOLe
  $Xv(FkH@"'=f<
  %̼x#:H^lY
  &=?2ʘ[pl4R7H/HM
  'ںǞk[g۪\7&E
  (>|_1}̒
6bl:Y;  "  &
  !uVX+gPt"X
  "2QB;ΐЗɂ
  #3qQ@>ΊtIrE6
  $̊V>&$ƱS^;yN=^
  %F9L-֌U+޽i
  &J"7v[վg
  '2@:u[+P?;̘J
  (^[T?Q^SB'ܙN?
6bDkM  "  &
  !rŶpwx-a^#
  "\ǽϫ뜌طj$5J'
  #O|sk}r$;R7<
  $L5-$uҳo{Ifӟ"
  %zzZF잰yAV{e+1
  &ц|,DY)ž(ǣP⍬~
  'h^{lwDo
  ([h,7Ek0z[^gpO
6b=k!I\  "  &
  !2¥}]D
  "od%!(e{^vIVG
  #c9^[̕իjUE
  $Է[{@N,f~и
  %GߚU`굘Bm9
  &)6Yˈ(4Hǂ
  '2˜곳=Syx{Ѡ.XxLi
  (xWeѴ6@ѣ
6bjk  "  &
  !jSXWZ&E&
  ",K+H[>m<P|
  #Bo8FǁLdgU
  $E`%Xr+&}U
  %̡UQoZ罊mj@
  &wϏdF#K.0j?mOea(
  'FG8C*YU%nG
  (c\+l3iėm]q
6bwyi9~  "  &
  !m>ʤe2--jIb
  "i`cq>̑H ?`yY
  #Feoq<j{*/F
  $)eFs#_[l'7Dv
  % 7Pk31zW$y
  &?d{}>CC"szUƁ
  'Q^6rD*Hfd
  (|7[PYH!%_
6b'ik  "  &
  !l0$9҄߅!_^P
  "0M1Uɋ
  #ԦG2+㼁^7;$
  $ϙ#/p#w{w-\W
  %3Xꠏ\_ed6p
  &3C3YEkpēڽgXK
  'Ͻ+/EW|0]$GL
  (;ܙɯDŮfQx
6bNiI  "  &
  !N#܎'zD_hdm{گ
  "<+̴nyɈ-"T
  #_2CH@_4w2
  $Ѽ螢аosZaպ
  %_W01+c9<H
  &͡~hx+)0_YRLW:
  's=G}E1ެp^@۬
  (ͨ_O!)׵֊>TTj
6bci7\  "  &
  !qsSkOЏ3&}
  "/)Q5CMCW@
  #˴0I1^Guw8:tuÙ
  $N\^MF!bҔtHCDQ
  %qElL`0@ȝG
  &I̮S>t9I
  '(7y%X3R
  (-IYغa9uп
6b%hon  "  &
  !^b\Lèތ@dq
  "o1L[J'm0س~Tzb
  #uɊ::RԊ/tu{
  $;LbssCDoIw,
  %x*HFX2_-!N
  &gvA];ˋYYri^Bi
  '!-󞬳ɆS^5P
  (vYmforsAh)
6bg}  "  &
  !Ւ1.ɵҦz*0/
  "=gnje1m?
  #Ԥq2)*ʏR1 X-
  $`e<p6}NT)\;pf1WS?
  %C):}mr}<- 
  &IOm,q /,!_3
  '҂ZхrX,U/hP
  (JHs}3#8Qc
6bMg_  "  &
  !Ckxx6'K<|
  "HG/!]Kxґ>Bq"
  #ɁÞmIş\Fەa;
  $)H9㊥/aP3.
  %a:)2Yw@FdE~
  &{D&2ˌB춌ryp
  '*z<͛O蝫[Ú8w־
  (!1Yބ»14'䐏y
6bXfǞ  "  &
  !@QHT[,2ټ@phu|
  "ݐǽ\+2Z 
  #/wV{Cz?*<+uv
  $L$yA̔Ko{ƴunOUʖ
  %ؓCF*ը
  &́^jeo<⁭-+C{
  'aՓ0>4`1Lż¾^N
  (?PR㏧zjׁڥ_
6bfiO  "  &
  !ЧZ9xΩ>'O0A
  "Ǵ\q*A5cTJX%(6
  #+yN!bVG=lJҔ
  $ӣKڪUT{0
  %[b@/h&9wrxpG
  &j&KƝխN"(p&B
  'Ӛ2U|KiawF
  (Љ!?gg0?M<
6b07f-j  "  &
  !ZD%*y}qrG;lX<w
  "75H=M%hO🢏Z
  #?KQ.ա^$[^CZ
  $s3-Q%jw;| J
  %tgpٮع)⿀9
  &Mqm$Yc}?Ϗ"
  '"5g=¦_
  (=ёpEGGUy^
6bf5|  "  &
  !X\S&&z)C
  "r훏q7|h<d8D㤄-
  #?ދt85ndK89DJ&
  $NHW7ne]3w4
  %LES?j'VVfw
  &D\Zd(N!,eagy
  '_i] /{Z
  (kʠM<pe2M1#ksRJ
6bse  "  &
  !Xا2x}bG
  "$"[ݯCFu
  #,s-M%s=uUQw
  $ҝ+K5AGL7}i
  %{Rf齻o\a^*%]
  &&lQZeEYdkaq7pȐ
  'Ӵܘ_x2c.vˮ
  (>"̉z>lN4
6bc!d  "  &
  !-6,M܎\/
  "A|ԆŨ3|Ųެ
  #p-q-mdBݝַ
  $Ҭɬ6"Φx3.~Ң܈1
  %ӤF9gnfGM;'Z
  &RNGw@kcZ墆G
  'У`˟F@=|:䆓/wq 
  (v̉q衮'|ُq
6bd  "  &
  !}@DST^v@ Z
  "y㏧*LXhN
  #ր_Ic4Sb٣r
  $ʰG*RuhtKn8
  %g.dhwxS[@Bu
  &d[ϾXPHBːD#N1[
  'q∉a8ݣͼفy{nV2
  (DyZ=Xӝ2Y
6b:]cu  "  &
  !h#[6PDN&QC?~CO5
  "үGInNP-֟ƒ
  #;?,J俬ǥ#.y?|
  $g̖"Ϥ64ҚEgm.Q)($
  %܈ޒ0{w(|{:
  &b֯|&Ճ[g^][ډ
  'tՆO7rDѬFźd8v
  (WçV<z[r0uF
6bcfΚ  "  &
  !pxsXƷnP
  "Sҏt$*jOlЖ17r
  #̟b(((ۘD~>bU
  $˳l%mO&"Xӄ
  %ЃwR'S=g)CYḢ
  &$s?GQL6˴k{
  'c|E2c1]j)Dvug
  (XP!`8Ëhv>pӦ
6b\sE͚  "  &
  !+&rՐG{-
  "LVIA^*To
  #ʨNt=MğAGx7_
  $ԛSsWJi=H;wca
  %вeLɞ#hĤ~|
  &υ_5tӔHt(T:W
  'Nz6&SU!r)A294Z
  (͈3$qD"rCHg
