6a10_ݹ  #   LLLՑ                        LLLՓ2
  !EARTHMOOCTw                  ء%tRH
  "JUPITER ׿                  轻7
  #SATURN  $d[\_                  yyy
6b_ݹ  #   
  !ِ   _K]jj   K]
  "   FXF   v|.
  #ƒX<zE$ĔJuP
6bl  #   
  !yN-A>SH)\o@E
  "H?N>q;bL`6
  #&_P"ΤWS1.o>
6a10aQ  "   LLLՑ                        LLLՓ2
  !EARTHMOOCTw                  ء%tRH
  "JUPITER ׿                  轻7
6baQ  "   
  !,쮫\IKnkWު
  "ٿ6=ᲦK\h2G!
6b(+  "   
  !&4za6Vo_j
  "ËM3D  xaz
6bam0  "   
  !?!eEӠTh搄+u
  "`jKd=sVbӹ&ّ-o'$
6bJә  "   
  !WQSEXEł)
  "ivTZvȱe⽠Ul
6bזF  "   
  !in?˼H#!PL~d
  "&|k\L3Lh9PO
6bЩ_^  "   
  !o{',q84،zB;4p
  "$i8sF'Onnr$
6b N+!  "   
  !jsTXm1['
  "g9OE_zUZ/U
6b4Ŏę  "   
  !ԅJ`̸y.4L
  "%k~*qP]g{,bW
6bHQ  "   
  !1Ŭ2w,a?񶾥
  "+!h[N=3_*# 
6b]RI  "   
  !Dֺʊ=HM7v
  "s󖎒.,"@$aQ,
6bqkR  "   
  !2IUSD[3X󔨀^q
  "]a\v*QA*U
6bŅ.  "   
  !AN/l~Pٍ[<ŧ/E
  "v6Y<i³
6bɚV  "   
  !̏c*ĆȖaֺu
  "޻ܐ>FlrpLtUT{
6bͮ]{  "   
  !LϏ\)A+Q6׺R
  "ͱr*6êSq
6bvB  "   
  !{Nj?2ٮ"14J[i
  "[ʯYP{dD[`w
6bZٞ  "   
  !3EKyņ5:W)
  "]2Xى1`Wp%o
6b릥2'  "   
  !*b<0/ڌ+ʦ13
  "dW˜ol\RF>S9e
6b򟔸  "   
  !˻/2(鍑)5/
  "+UGMe8F@
6b4^is  "   
  !||Q˓@SݍZlD
  "&o^aEf̲zh{`
6bHy6  "   
  !`<r^Sܗ+Z88
  "QOjtdƣّ'`ԭ>
6b\ܪڙ  "   
  !fДT-߁`
  "pZ|-⡎0RA/
6bqb_[  "   
  !UU^SgO[`Rϸ)a
  "ȮcdΦx74
6b򅮃d  "   
  !FJ؍/-NGWȍoaZM
  "rYЎӯ 8E$ 5|n8
6bug  "   
  !O<6z[:'{:
  "wzibzEN0Dz
6bf}&*  "   
  !GTor#*;>3
  "ٹosַDۏ~N
6b²{߶Ι  "   
  !Ԏr%хlDT 
  "xR5{j[bߎ1)T
6bSŚ  "   
  !dU&ܘo*Ps
  "e+$|ѭ`V
6b痁ؚ  "   
  !&;H,twa~})
  "VQok]]_Б(
6bcE:p  "   
  !.wg&ߟ|6TD
  "]lӑ#X̲[
6bӀ  "   
  !pGŒa-c=lk<U
  "_RXƱ<u4
6b:涶  "   
  !uc#,T߲}#\4J
  "2|VutjIc@;tS=l!
6b/j>ƚ  "   
  !r8MVEB?rf_v+<
  "*?R<¸ߜ\=D&
6bͦך  "   
  !~i-awϸѶ7M
  "r]ȁQ»$,
6bmkQ.  "   
  !3_xl}H({)?U
  "eZ`$ 4li@5r
6b~  "   
  !B⌭%lLbվo#]2ܮ
  "Q%?SdDz
6bD~7'  "   
  !SJ`-sTttg
  "|YEs1ʵv+{&
6bU}:  "   
  !̒Lq: {Yyܳ7V
  "<3XuvC#)9
6b}d՚  "   
  !~ƅ3crg
  "`ؑ_֥*x4,eBC
6bw}g  "   
  !dkx<贄F<=5͊
  "t^"Hn̯NـW6G
6b?|T  "   
  !G`rwOxW={X])
  "HB8*nґ"!mܿ+
6bN|N'  "   
  !0G_FxfyS)Ŋm
  "P聩jʻ(Wx6w
6b{{E9  "   
  !Ȫz^5>I*ǿ
  "T?йz.zF+
6b&){5H  "   
  !G[aPt7!Ay
  "_lJ1̱;щ)'
6bz5W  "   
  !i&#4z2>XLE
  "/%ǎ37)8>'UCzk_A&
6bez  "   
  !]FFP^ݔDې
  "3:zן_+%ڹ%&33
6bXze{&  "   
  !#o>ЀO*ȡ
  "[GM"fY]^
6by5  "   
  !楳TTo]{vn
  "6`!ܟrcx8
6b0OyLkG  "   
  !EGY/bɢ<Z
  "ȻcxS!׮αzQ׮
6bxZ  "   
  !ΑV>~dgm}U
  "f|ERj7'đ,N
6bx3[h  "   
  !)1f4Ƌ[+'
  "FٛZ{O|\
6bc9ww  "   
  !{7ܐkSdؕ\&}
  "Fnpua!M&
6bwߡ7  "   
  !!9-Z$po/UA
  ";9n|#T-ÏG{CE
6b:uwc)F  "   
  !:O7P֐}0|98
  "rXSD+z$uz8[
6b#vƑU  "   
  !;{b.:4Iҷ
  "ϑglw6ѐ:!g
6bvIh  "   
  !@-Òw\>1/$Ǝ۽de
  "S-8X[qtm)j
6bm_uw  "   
  !#ɐ fЀǳAv2D3x/
  "Vj67)(49
6bu0鉚  "   
  !{ĎKR"G]SC~o>E
  "7y62@yWl@=
6bDtq  "   
  !Qh,e{ h
  "0+2k{Lʑt?
6bItOT  "   
  !yDmGA7rmRlu7
  "ⵑIEјygק\
6bt`g  "   
  !ξyy>%IB7̬
  "(G<t?A'$d
6bws?v  "   
  !+젘ݒG2`aL
  "|~T&ǯ 4rCh^V
6b3sG  "   
  !7ˑ]JzpͰ8r\ɞ
  "#y5_GEҢ̔w
6bNr/  "   
  !)<}'P;FaJ
  "k%㸏p<Sh
6bor.  "   
  !;Jm&?'ӐS6x/
  "e=qVSЎtͪ
6b%q  "   
  !Ap\/Fn{0ZG
  "!ǎyG[=f׏PO
6bqu  "   
  !b6vCao%ky
  "ˉHQjC8d&
6bYq^e  "   
  !Tf.yҕݒ&ν
  "[Vb4ېI
6bXp͖  "   
  !GKӼsCf-0
  "O԰'M1(AJN
6bpEU  "   
  !9.`\еE\^_{
  "RώZ\X<~JA
6b0Co  "   
  !v썬X@#RD]@*
  ":&I>2C>s11ny/M
6bo,Eƚ  "   
  !g9#E£SuCR!_
  "8_xgXxpD=Ch
6bnٚ  "   
  !߰q%hpVԌh
  "TtoϘbsC
6bc-n؋  "   
  !񐨭S2n^#nJ_O
  "3CټdOA3
6bn[  "   
  !kŤ!.J==eԾ:M73[
  "oUJ36kw+
6b:im{  "   
  !{׏S;".o{i
  "tސ>l@\>jJwhJ
6bmBƚ  "   
  !ԏVg߇Q
  "𑑼}X&RmrrF
6blk՚  "   
  !֮^^*0d-`p=ײa
  "ƉMKΔA|9&o
6bmSl)  "   
  !U:RZwH0h<TE
  "Fx!#bE'dz\
6bk[  "   
  !lgc|3E,@v!
  "쎐w9^88GQK
6bDk9  "   
  !Lg*tIDvJ
  "[֑DXV|:1. 
6b=kYŚ  "   
  !zwbܺ3iˌR=O
  "Gv['nGYyHo
6bj)Ԛ  "   
  !Y0QD'7U.AbE\Ϙ
  "OIYяXEN<
6bwyj@  "   
  !!gv|ذޑ]Z
  "=o=zP-κ䕑&K
6b'i  "   
  !b)8`Ӳ8|n]b
  ";dхdfNZ$Swz
6bNi'$  "   
  ! QF,ᑜ~M?ݴ
  "oIu%ӎ2D
6bch6  "   
  !,̐4zٗ oI/do҃
  "ƎHN2Տ.n@
6b%hӚ  "   
  !ԯm/x%ƙjҎ߆KT
  "2j@61PkGmxp
6bhWO  "   
  !i@ƊnHh7T
  "ّp-8y(W'qߐ+ÏH
6bMg  "   
  !~G}yעǏaO@4z
  "5H֩A#V'R3ү
6bXg>@'  "   
  !/ec)ƛ?KgtY
  "ZҏD*(<)g3q|
6bf6  "   
  !M\cr'\s6ݷϒ˦\
  "F0߯9!ߦize
6b07f%0E  "   
  !=IܓŤIsrsð
  "EikkM~\ǼvW=
6beW  "   
  !#a';I;I F
  "mБ}߫HWocԠ`*
6bseu  "   
  !$u͌Ԉ=w)D3ͽm'
  "H$R[˙AH&-U
6bc!eT"  "   
  !ؐrcM$+fU]ēI!
  "FVx!\͸U}[
6bdf5  "   
  !Iu̩~ZW(p9Q5
  "Ed$]4Q\:s*
6b:]d;D  "   
  !4퍩i_Ђ#> 4O
  ">i䑨N<KY_yZ<|
6bcVV  "   
  !]k&7&靈á4fhu
  "UV7xvhuX4x
6b\s#H  "   
  !Em}cܲm|E\
  "EX!0Йp&v`DR
