6a10_ݹ  #   LLLՑ                        LLLՓ2
  !EARTHMOOCTw                  ء%tRH
  "JUPITER ׿                  轻7
  #SATURN  $d[\_                  yyy
6b_ݹ  #   
  !ِ   _K]jj   K]
  "kR   ;jyH   p+=
  #ƒX<zE$ĔJuP
6bl  #   
  !逎k`}~(6(Fm
  "&Ϡdbj$:
  #'iS0̸ڄ$؀!
6baQ  #   
  !%Pd>55BXL~7o
  "C36o6i'p
  #Ͳ":-nmzAbQY
6b(+  #   
  !}GԦ~{Aːr+V
  "Ou5o</cjrL
  #ɮp3>z8)1JZ
6bam0  #   
  !pՎ[mmoK 
  "'17w`Dϣbo
  #){簳/΃~l%P
6bJә  #   
  !b3b&bQ~U3ND
  "E,9hE SގNΤЈ
  #ϊ4Q))s^
6bזF  #   
  !|\ZߗQz:(x>M
  "2K#ū+<\Zq
  #,ڏҲH+)Ei2N-
6bЩ_^  #   
  !f+!ķ7Y1~oZ3}
  "\zmQX[H&F
  #7kĥ-ʏHE
6b N+!  #   
  !ީ7x5AݺL@HGJob
  "[HH4Yuq&0
  #Άےi=״4zzfݫ
6b4Ŏę  #   
  !t2Zj<|R[
  "{~NEUѓ$s9]FQ
  #A:t[9ߣf܎R])h
6bHQ  #   
  !t2ɮcMNm>5m܎
  "C܇nB
  #35|g.ײCp2bl-x
6b]RI  #   
  !^F耐pKar@Hi
  "_iNNpċ.cv
  #nގAS"uQWo\R
6bqkR  #   
  !皝1M%oUٝ
  "wS֚/Kc8sT?Ӵ[
  #Gw]nլ-x|~&5
6bŅ.  #   
  !9tOAueڎ
  " 7a4ɩWougfcS
  #ʏm+5W~eմi~vA
6bɚV  #   
  !5Ǥ\ɷK4PvrYuz
  "u|PF[_@0EkM
  #ʗi<ര+\3l
6bͮ]{  #   
  !͑#*ِn5/4
  "?ȑ*4sndi>]L
  #wˑ`yOhϐ$t
6bvB  #   
  !kBF4뛝3#KƖGh
  "5jѢ1}憐Cr
  #ȓNڑ#λ?,gX]ߵ2
6bZٞ  #   
  !ڶq+0*q5b⻰
  "ǑyUAS͎K9
  #ǸF+B(|普
6b릥2'  #   
  !p QK΂%h%Fր8n
  "=D}ꛐ3R9
  #!dcdnyPob
6b򟔸  #   
  !MfP`Qζ;tᖜ
  "Mɘv2DޜY̸Ko
  #'Ɏ3+F:Ųg~3X:$?
6b4^is  #   
  !IϴΗo9II;i5
  "<@S>9@B)ѐf'uA
  #siͳ^*Buˁ
6bHy6  #   
  !{5T+vnא209
  "*()Dh:ԗ(l
  #\η@sRK{'r[
6b\ܪڙ  #   
  !3;n ΐ0zڷs
  " `I$[9H.
  #>MΘWk@r?'X
6bqb_[  #   
  !ous:Ƽc$b$c
  "Zi,lE8h`g)C
  #Ŵ7/&-ۢR(<
6b򅮃d  #   
  !4jѯ&7{M(: d
  "DudScg&҂
  #_!)R9(!Ocmm䗹
6bug  #   
  !I[+V/TxP<
  "G ʁ@-0s̲Z
  #ˮEhDjF'Ea;_q
6bf}&*  #   
  !1p xWkyX1/
  "Dʏ-!mxƬ5ѐ\0\܍
  #-*l&v*sn9J
6b²{߶Ι  #   
  !y)d҃,7݂GoH
  "E_ȇkr^^e9U
  #)|edë0.I.VJ)P
6bSŚ  #   
  !(͞^X2ߐ5:U
  "g<yr{-uì[
  #.Q"Tqio<́
6b痁ؚ  #   
  !oޏYV[䪴z)2~@
  "5+FunVI
  #2UM=bEL>uZ2
6bcE:p  #   
  !t%zڥճ'/0E
  "^\񏭛Y۩DN밞
  #ʌ!E8볾1On+
6bӀ  #   
  !Ԑh.0vTkϗ
  "kԎtyOh
  #R둅Ap]ΡjPc;
6b:涶  #   
  !F`x۹bu2;>
  "P#LPA[.
  #c)Փ:|&-j$|፱M<
6b/j>ƚ  #   
  !v~j]QoN(Y8
  "1`*,][`uP
  #gKx#ܑV[PP[Ϙ\q
6bͦך  #   
  !erؠ۬{3m
  "([`i$aEL{l
  #ƐOSvΌQ8
6bmkQ.  #   
  !א2肁}GȑތEU
  "Tns1d?}^yF+
  #YY|9;`˄9Gv1y
6b~  #   
  !ˍw1oZb#W"dH~
  "R\^垩wO@ذ
  #htuʎxFe(
6bD~7'  #   
  !ȸ+L>E!ώGVv
  ">[ֶpdI]Ԅ
  #Șn3Fɰ;8腑v
6bU}:  #   
  !:sWZ@?H'Ȑz
  "-~7YYWwr8
  #H.2b:ˤc+G?
6b}d՚  #   
  !</YWd\aI*c7
  "-1Ȏf$/m[]
  #H=onjDSNbڨ~
6bw}g  #   
  !=:R1㛎D~
  "]UP>Nb
  #r(dm-Uӿ̴o`'P
6b?|T  #   
  !E`SytqYZR0
  "DSԧ MQ3-Ԭ
  #YL>>ՃJTZXͮ
6bN|N'  #   
  ! "Ut~mW
  "f]4M#,֩԰Wg
  #:nN/yXs|
6b{{E9  #   
  !`Za)q4i~Ɩ9!&
  "wYLgx}"
  #vdtsSۏq2a[
6b&){5H  #   
  !Ldż`]uҭ+:/
  " JPD$X1e'z
  #s0?jѕAޏKҷTr
6bz5W  #   
  !X˅B·Gޑ79Pqj
  "/z#}e)H8ʚ
  #抮]7)2i2[jD_X
6bez  #   
  !.a={mfX|fqno,
  "ɶקGmHλR~ΐjx
  #`Z `8}r/$#-2
6bXze{&  #   
  !ۖ<(GY>ԥGUѡ5r
  "fـ-E(oY_ī.a"[B
  #:AHM睭푠xeǉ
6by5  #   
  !Td/I^FOk*J
  "/ȐxR||aS[_3ȶ,
  #9- "fDR8;;Q
6b0OyLkG  #   
  !:rtc#j)ao6
  "{ّ.(<%lA%c2o
  #ȉB*N>cѫ-
6bxZ  #   
  !ۢXՁR:NþV1פ
  "uG)0k`ܮb
  #_2Eq)"f؋L[hb
6bx3[h  #   
  !NʲQ<4sצUӢ#;M
  "!l3huڭ`C
  #f!rq6jZϔ(/Z
6bc9ww  #   
  !>/jIp,ᐑnm3/
  "4ug:+F|?^;
  #αXD6pwkXU)
6bwߡ7  #   
  !-GUѷ*?3ԬĦ@,7
  "9X-#ãOz-
  #߬P)wÒN bH
6b:uwc)F  #   
  !SEkPF-
  "1fXyְ6Yו"
  #͍Ŝ=Nb~¶^@5
6b#vƑU  #   
  !]B?-b/Ƞ7wtaTM
  "hA% d[д&r$Re
  #LԌlZ)u
6bvIh  #   
  !"]cΈ<<[foti3
  "Gl<NfD##Xy
  #ǧHt}[p(WE41y
6bm_uw  #   
  !UQN>ƤH)
  "-EMџIO%+.
  #ˠh:Ek#A+M+o/6~
6bu0鉚  #   
  !BcD(d<oHؾm
  "-G9&А#M
  #ˁ'\t:`Dd0vsPL
6bDtq  #   
  !Y[ȴPƻy%
  "X̢b6ɰ4"aK7
  #i#3&7.?ޣCQ
6bItOT  #   
  !@tqY1O
  "ZAJ{m/݈Tf
  #I#f7VWDZvH;
6bt`g  #   
  !J]UzTŦZ숼Y
  "]l6>kI!
  #@ώjW|UޑݲIV
6bws?v  #   
  !4y"J'Liwlr[sv
  "EFD21Uӥ|b
  #z׎`Eڝˉ(2uJ{ҜC
6b3sG  #   
  !ݐR+S߹?]>Z{9z
  "UxTHN՛[5UG
  #̱|'7K(f=tM
6bNr/  #   
  !{X""0O_
  "3菩LĶ&3襁?S
  #D:ҀΈgEM$%k
6bor.  #   
  !K'MF7='Ij1
  "%U͎54-ukYƬ
  #IّkDn!V~[xIT
6b%q  #   
  !y[K9QsX^*vs
  "xD;Eڮ+퐔?v~O
  #YUaH冿Ybx[S^C
6bqu  #   
  !tؐ, _?j$S
  "ɑ1dQa=I/ʴ
  #Ūՠu"jLv
6bYq^e  #   
  !65Î]sk"m!ެ
  "$塚1j8'zkz[
  #PZ!Voc3_Ǒ\
6bXp͖  #   
  !Xo;Wnu<7Wΰ
  "őSp)&?v4fi7
  #ʣQ`jZ5ޥIƉ
6bpEU  #   
  !){я"@*dXח}F
  "xԎ #Dia"h
  #;J lc<eav
6b0Co  #   
  !9vE(ѐϪsݒ
  "|Ȥ{;Q_um2?w
  #~ߒZ{Quh&Ȑep5`
6bo,Eƚ  #   
  !I/V@%Bof%U
  "LcRRoU->E\uq
  #E|Гt}]T+
6bnٚ  #   
  !ݩ[򊐞jf:RE%
  "wqo{!`y
  #ɘ_%#/2T]|
6bc-n؋  #   
  !![ܬpxO[Yk
  "b)utM>?!$
  #㤆$)>Na\-
6bn[  #   
  ! X`<4(Ə}ysw
  "2\^g[2;YX5'
  #ʍ9pȭE]oIh7
6b:im{  #   
  !L푦&EQL`~UuS
  ""ҫ'ȁ8같ŐC!
  #t鎛RrAh!GnG
6bmBƚ  #   
  !l6c @J@
  "ylM'D?<J
  #W,ѿ`qNO-Ɉ
6blk՚  #   
  !GPNx״&Z
  "Rg{W[,(SK
  #ț7s-Wڑa*FO
6bmSl)  #   
  !aՎ};pMƎ2y#
  "J9kEmjTi
  #ʔ?K0['MwaxgIc
6bk[  #   
  !KÄIlfjhʐ?&
  "@đ$Mc%ΎR뾛F
  #5挏oȲd깂9
6bDk9  #   
  !DEIܩ%:
  "ībMӰvL0dHD
  #w}z9\&l9A
6b=kYŚ  #   
  !r޸@Jx?6(
  "HⴎqխFɏhCט
  #ψh2*Ly͓@YRY
6bj)Ԛ  #   
  !UD%\׺(CPۃ
  "MWM+$Ѥ/
  #ƑAnV\<Ųq#
6bwyj@  #   
  !gaZ%`祯ؕ`Mf
  "N>ML.g<`6DC
  ##wjN/''
6b'i  #   
  !$UK=:?(d$wZ6
  "6W|s'׌ЖD(
  #c4JN?ĕ !h=
6bNi'$  #   
  !PVr$*n
  "%j1NO|Rpھo
  #"c|PQa_ɯ)0
6bch6  #   
  !d`ՐWu|(W媱b
  ">E{ǺͰ,;c,t1k
  #ے:Aյv`
6b%hӚ  #   
  !T2D)X-u*ZLăDL
  "ݏ41>OW<
  #НTܹ㑹MKDt
6bhWO  #   
  !Ҏ*%2d9sď_/7
  "93(GqPy}]
  #ʯqT#*f'1fm
6bMg  #   
  !KYB怴Cײҏ:9n
  "|3~;ʐ⿯( b
  #,#_s3~*שD/t
6bXg>@'  #   
  !Tr xx>%ϊ$n'
  "5cY(ՂEQؐX-x
  #3{|$ZUr&U
6bf6  #   
  !gϏG0Dl/B(G
  "'/pj?NWi6>}%wA;
  #`QK[CY+Zw}%
6b07f%0E  #   
  !5Րp:tRo
  "%zuZڡ#a
  #͚Oc퟿/NW,.
6beW  #   
  !Y)}G/]Hi
  "ъ?g莯be<
  #38fM'Zӏ͍Xl
6bseu  #   
  !Dm}HXzegvHt
  "RFϗ6E#2oYmE
  #>NO+Xٵ咬D[
6bc!eT"  #   
  !RwLnYm߳.0^G
  "񮤎"Iw$pJdd
  #zՐ({h3`o_)7kz
6bdf5  #   
  !wSrq{NJLɎ%,n@
  ""e!x~t[\N
  #sʒ.`mx̏M:5G
6b:]d;D  #   
  !ǌ=(&Ԍ$Z
  "/|*9T{Ai>_1h
  #΍|V}V'h掊KDC
6bcVV  #   
  !Bݹ_I8SVxI
  "!Y諸J-2臛*
  #|!R2{ʍ(| d
6b\s#H  #   
  !)O㐡l29!;Y\)F`
  "QM֯yol
  #˼/:)BjSVȹ])UW1:
