 EARTHMOO   0.9942 0.24677   5.418 9.1213E-06  0.000   5.42
 A34        1.0613 0.61872  18.052 0.0000E+00  0.000  18.05
 A150       1.1588 0.63645  31.892 0.0000E+00  0.000  31.89
 A119       1.3678 0.13126  17.889 0.0000E+00  0.000  17.89
 A18        1.3800 0.16646  24.003 0.0000E+00  0.000  24.00
 A498       1.4063 0.47675  10.733 0.0000E+00  0.000  10.73
 A69        1.4794 0.27663  28.498 0.0000E+00  0.000  28.50
 A380       1.4845 0.11158  10.957 0.0000E+00  0.000  10.96
 A306       1.5084 0.56070  29.482 0.0000E+00  0.000  29.48
 A24        1.5225 0.64350  17.951 0.0000E+00  0.000  17.95
 A83        1.5687 0.23211   2.680 0.0000E+00  0.000   2.68
 A47        1.6087 0.23491   8.458 0.0000E+00  0.000   8.46
 A14        1.6366 0.32885  17.001 0.0000E+00  0.000  17.00
 A41        1.6392 0.32910  19.589 0.0000E+00  0.000  19.59
 A290       1.6716 0.13839   8.653 0.0000E+00  0.000   8.65
 A116       1.7259 0.11366  16.735 0.0000E+00  0.000  16.74
 A343       1.7482 0.11895   6.410 0.0000E+00  0.000   6.41
 A362       1.7636 0.18943  12.666 0.0000E+00  0.000  12.67
 A297       1.7638 0.08301  21.532 0.0000E+00  0.000  21.53
 A44        1.7714 0.65003  16.538 0.0000E+00  0.000  16.54
 A351       1.7866 0.09333  22.865 0.0000E+00  0.000  22.87
 A293       1.8903 0.14665  29.431 0.0000E+00  0.000  29.43
 A188       1.9409 0.61308  38.230 0.0000E+00  0.000  38.23
 A497       1.9476 0.11282  48.334 0.0000E+00  0.000  48.33
 A74        2.0117 0.24614  20.254 0.0000E+00  0.000  20.25
 A223       2.0271 0.20547  15.879 0.0000E+00  0.000  15.88
 A186       2.0622 0.62633  32.534 0.0000E+00  0.000  32.53
 A371       2.0976 0.72009  44.580 0.0000E+00  0.000  44.58
 A33        2.1460 0.25874  53.534 0.0000E+00  0.000  53.53
 A111       2.2346 0.42196  37.884 0.0000E+00  0.000  37.88
 A263       2.2382 0.41640  51.571 0.0000E+00  0.000  51.57
 A477       2.2387 0.22176  12.106 0.0000E+00  0.000  12.11
 A25        2.2707 0.84750  43.762 0.0000E+00  0.000  43.76
 A217       2.3247 0.60699  39.764 0.0000E+00  0.000  39.76
 JUPITER    4.5244 0.13669   1.155 9.5479E-04  0.000   1.16
 A27        9.5460 0.55738  91.999 0.0000E+00  0.000  92.00
 A478      10.4245 0.51623  82.603 0.0000E+00  0.000  82.60
 A384      10.8516 0.17203  96.671 0.0000E+00  0.000  96.67
 A423      12.4223 0.54246 134.688 0.0000E+00  0.000 134.69
 A227      12.4364 0.61167  58.388 0.0000E+00  0.000  58.39
 A443      13.7552 0.84412 135.896 0.0000E+00  0.000 135.90
 A250      14.2435 0.40930  46.457 0.0000E+00  0.000  46.46
 A359      15.8678 0.52312  44.883 0.0000E+00  0.000  44.88
 A103      16.5811 0.62915 138.300 0.0000E+00  0.000 138.30
 A173      16.6292 0.36073  79.879 0.0000E+00  0.000  79.88
 A91       18.5356 0.58643   8.084 0.0000E+00  0.000   8.08
 A319      20.0953 0.57024  12.462 0.0000E+00  0.000  12.46
 A294      24.9214 0.72955  37.699 0.0000E+00  0.000  37.70
 A30       26.6426 0.55589  58.165 0.0000E+00  0.000  58.17
 A291      32.0633 0.72452  15.116 0.0000E+00  0.000  15.12
