 A34        0.6876 0.53941  23.631 0.0000E+00  0.000  23.63
 EARTHMOO   0.9941 0.18904   2.999 9.1213E-06  0.000   3.00
 A47        1.6092 0.20579   6.488 0.0000E+00  0.000   6.49
 A290       1.6724 0.15687   4.373 0.0000E+00  0.000   4.37
 A116       1.7260 0.06745  17.461 0.0000E+00  0.000  17.46
 A343       1.7502 0.11952   6.131 0.0000E+00  0.000   6.13
 A297       1.7640 0.12171  19.231 0.0000E+00  0.000  19.23
 A362       1.7646 0.11684  12.346 0.0000E+00  0.000  12.35
 A351       1.7852 0.11631  21.772 0.0000E+00  0.000  21.77
 A293       1.8906 0.12791  28.779 0.0000E+00  0.000  28.78
 A74        2.0110 0.22381  19.925 0.0000E+00  0.000  19.92
 A223       2.0268 0.23017  18.892 0.0000E+00  0.000  18.89
 A111       2.2320 0.20872  40.822 0.0000E+00  0.000  40.82
 A477       2.2391 0.21204  12.915 0.0000E+00  0.000  12.92
 JUPITER    4.5242 0.13716   1.190 9.5479E-04  0.000   1.19
 A478      10.4720 0.55285  77.845 0.0000E+00  0.000  77.84
 A227      10.5526 0.58885  59.780 0.0000E+00  0.000  59.78
 A423      12.2470 0.66310 150.621 0.0000E+00  0.000 150.62
 A443      13.6173 0.77901 142.153 0.0000E+00  0.000 142.15
 A250      14.1936 0.41499  48.388 0.0000E+00  0.000  48.39
 A359      15.6278 0.51490  45.162 0.0000E+00  0.000  45.16
 A103      16.4696 0.57325 140.015 0.0000E+00  0.000 140.02
 A173      16.5061 0.37113 103.596 0.0000E+00  0.000 103.60
 A91       19.0488 0.56694  10.033 0.0000E+00  0.000  10.03
 A319      20.0532 0.58791  12.202 0.0000E+00  0.000  12.20
 A30       26.7159 0.57215  53.292 0.0000E+00  0.000  53.29
