 A95        0.7790 0.91237  40.859 0.0000E+00  0.000  40.86
 EARTHMOO   0.9942 0.18585   4.353 9.1213E-06  0.000   4.35
 A18        1.1562 0.26818  21.856 0.0000E+00  0.000  21.86
 A150       1.1636 0.41540  39.024 0.0000E+00  0.000  39.02
 A34        1.2008 0.43689  20.960 0.0000E+00  0.000  20.96
 A498       1.2621 0.61967  18.845 0.0000E+00  0.000  18.84
 A270       1.2857 0.78078   7.200 0.0000E+00  0.000   7.20
 A470       1.3388 0.35746  17.245 0.0000E+00  0.000  17.25
 A277       1.3817 0.68182  10.415 0.0000E+00  0.000  10.41
 A306       1.4047 0.41624  30.062 0.0000E+00  0.000  30.06
 A395       1.4305 0.82224  14.628 0.0000E+00  0.000  14.63
 A380       1.4754 0.19199   6.491 0.0000E+00  0.000   6.49
 A24        1.4942 0.71376  33.857 0.0000E+00  0.000  33.86
 A487       1.4999 0.86191  26.470 0.0000E+00  0.000  26.47
 A44        1.5338 0.21952  20.052 0.0000E+00  0.000  20.05
 A406       1.5452 0.79995  38.070 0.0000E+00  0.000  38.07
 A119       1.5475 0.47475  16.501 0.0000E+00  0.000  16.50
 A83        1.5709 0.46456   8.179 0.0000E+00  0.000   8.18
 A41        1.5967 0.23150  14.919 0.0000E+00  0.000  14.92
 A47        1.6098 0.18152   7.815 0.0000E+00  0.000   7.82
 A441       1.6192 0.71684  38.531 0.0000E+00  0.000  38.53
 A14        1.6358 0.24608  19.098 0.0000E+00  0.000  19.10
 A290       1.6711 0.15143   3.024 0.0000E+00  0.000   3.02
 A421       1.6724 0.40180   7.822 0.0000E+00  0.000   7.82
 A69        1.6752 0.39680  24.739 0.0000E+00  0.000  24.74
 A217       1.6776 0.21163  37.520 0.0000E+00  0.000  37.52
 A289       1.6791 0.16939  38.609 0.0000E+00  0.000  38.61
 A79        1.6986 0.38064  14.884 0.0000E+00  0.000  14.88
 A189       1.7002 0.58283  28.588 0.0000E+00  0.000  28.59
 A116       1.7258 0.09049  16.061 0.0000E+00  0.000  16.06
 A142       1.7391 0.48752  16.731 0.0000E+00  0.000  16.73
 A343       1.7503 0.12692   6.605 0.0000E+00  0.000   6.60
 A12        1.7563 0.36854  22.410 0.0000E+00  0.000  22.41
 A371       1.7634 0.77926  51.134 0.0000E+00  0.000  51.13
 A362       1.7635 0.13040  11.753 0.0000E+00  0.000  11.75
 A297       1.7637 0.13085  18.608 0.0000E+00  0.000  18.61
 A497       1.7758 0.29313  51.727 0.0000E+00  0.000  51.73
 A351       1.7856 0.18865  21.163 0.0000E+00  0.000  21.16
 A341       1.7978 0.22380  22.200 0.0000E+00  0.000  22.20
 A308       1.8243 0.38588  55.283 0.0000E+00  0.000  55.28
 A293       1.8901 0.14021  30.060 0.0000E+00  0.000  30.06
 A17        1.8974 0.81824  35.154 0.0000E+00  0.000  35.15
 A188       1.9508 0.76899  38.690 0.0000E+00  0.000  38.69
 A84        1.9964 0.44157  35.643 0.0000E+00  0.000  35.64
 A74        2.0130 0.36951  20.406 0.0000E+00  0.000  20.41
 A223       2.0263 0.15586  17.468 0.0000E+00  0.000  17.47
 A33        2.0719 0.47742  56.009 0.0000E+00  0.000  56.01
 A186       2.0722 0.11332  40.693 0.0000E+00  0.000  40.69
 A29        2.1336 0.70832  20.363 0.0000E+00  0.000  20.36
 A263       2.2266 0.62900  50.091 0.0000E+00  0.000  50.09
 A111       2.2314 0.32807  41.464 0.0000E+00  0.000  41.46
 A477       2.2407 0.24067  13.736 0.0000E+00  0.000  13.74
 A25        2.3981 0.71195  55.533 0.0000E+00  0.000  55.53
 A475       2.4608 0.58546  26.713 0.0000E+00  0.000  26.71
 A63        2.5630 0.69714  42.447 0.0000E+00  0.000  42.45
 A216       2.7981 0.62899  23.652 0.0000E+00  0.000  23.65
 A62        3.9033 0.32283  94.294 0.0000E+00  0.000  94.29
 A178       4.3078 0.76333 150.662 0.0000E+00  0.000 150.66
 JUPITER    4.5241 0.13719   1.172 9.5479E-04  0.000   1.17
 A283       4.7163 0.90682  25.040 0.0000E+00  0.000  25.04
 A476       5.5739 0.32866 102.954 0.0000E+00  0.000 102.95
 A301       6.8860 0.50256 110.430 0.0000E+00  0.000 110.43
 A15        7.4445 0.79752 163.660 0.0000E+00  0.000 163.66
 A427       7.9739 0.29016  40.607 0.0000E+00  0.000  40.61
 A94        8.9174 0.65889  26.074 0.0000E+00  0.000  26.07
 A474       9.9038 0.58109  35.875 0.0000E+00  0.000  35.87
 A478      10.3599 0.49534  95.366 0.0000E+00  0.000  95.37
 A384      10.8842 0.11374  91.563 0.0000E+00  0.000  91.56
 A27       11.4562 0.57740  67.677 0.0000E+00  0.000  67.68
 A429      11.7697 0.88569  39.233 0.0000E+00  0.000  39.23
 A423      12.3344 0.39647 134.579 0.0000E+00  0.000 134.58
 A227      12.4282 0.60722  61.390 0.0000E+00  0.000  61.39
 A443      13.7310 0.77551 146.954 0.0000E+00  0.000 146.95
 A250      14.2434 0.25771  48.772 0.0000E+00  0.000  48.77
 A359      15.6238 0.57750  38.394 0.0000E+00  0.000  38.39
 A103      16.4712 0.55743 138.618 0.0000E+00  0.000 138.62
 A173      16.5033 0.44633  73.562 0.0000E+00  0.000  73.56
 A452      16.6544 0.87628  57.533 0.0000E+00  0.000  57.53
 A325      19.6260 0.83579 137.341 0.0000E+00  0.000 137.34
 A319      20.2541 0.56872  12.073 0.0000E+00  0.000  12.07
 A91       21.2156 0.69130  11.291 0.0000E+00  0.000  11.29
 A356      23.9550 0.79872  51.578 0.0000E+00  0.000  51.58
 A294      24.1201 0.74138  21.849 0.0000E+00  0.000  21.85
 A30       26.6701 0.58529  54.241 0.0000E+00  0.000  54.24
 A274      30.7064 0.90970 116.872 0.0000E+00  0.000 116.87
 A291      32.2678 0.70201  15.100 0.0000E+00  0.000  15.10
