 A498       0.8249 0.18280  21.713 0.0000E+00  0.000  21.71
 EARTHMOO   0.9942 0.18694   3.337 9.1213E-06  0.000   3.34
 A34        1.0045 0.25780  26.943 0.0000E+00  0.000  26.94
 A119       1.2509 0.46061  18.702 0.0000E+00  0.000  18.70
 A380       1.4777 0.17675   6.674 0.0000E+00  0.000   6.67
 A150       1.5400 0.43207  28.675 0.0000E+00  0.000  28.68
 A47        1.6071 0.18203   5.676 0.0000E+00  0.000   5.68
 A41        1.6179 0.25981  15.110 0.0000E+00  0.000  15.11
 A290       1.6723 0.13928   5.694 0.0000E+00  0.000   5.69
 A116       1.7255 0.06929  17.220 0.0000E+00  0.000  17.22
 A343       1.7494 0.08960   7.439 0.0000E+00  0.000   7.44
 A362       1.7636 0.19562  13.242 0.0000E+00  0.000  13.24
 A297       1.7641 0.12526  20.642 0.0000E+00  0.000  20.64
 A351       1.7860 0.20286  21.975 0.0000E+00  0.000  21.97
 A293       1.8904 0.12433  29.819 0.0000E+00  0.000  29.82
 A371       1.9526 0.57165  51.731 0.0000E+00  0.000  51.73
 A74        2.0124 0.37258  17.502 0.0000E+00  0.000  17.50
 A223       2.0252 0.13304  19.471 0.0000E+00  0.000  19.47
 A111       2.2329 0.30536  40.617 0.0000E+00  0.000  40.62
 A477       2.2416 0.09076  13.164 0.0000E+00  0.000  13.16
 A188       2.3082 0.61380  63.937 0.0000E+00  0.000  63.94
 JUPITER    4.5244 0.13720   1.185 9.5479E-04  0.000   1.19
 A478      10.3512 0.49521  89.336 0.0000E+00  0.000  89.34
 A186      10.5368 0.74704  84.117 0.0000E+00  0.000  84.12
 A384      10.8339 0.25053  74.802 0.0000E+00  0.000  74.80
 A227      12.1946 0.52631  57.101 0.0000E+00  0.000  57.10
 A423      12.2829 0.28138 134.650 0.0000E+00  0.000 134.65
 A443      13.7352 0.76865 153.164 0.0000E+00  0.000 153.16
 A250      14.1583 0.36281  49.651 0.0000E+00  0.000  49.65
 A359      15.5990 0.53980  38.936 0.0000E+00  0.000  38.94
 A103      16.4867 0.61835 142.044 0.0000E+00  0.000 142.04
 A173      16.5361 0.58784  77.565 0.0000E+00  0.000  77.56
 A319      20.0491 0.57723  14.263 0.0000E+00  0.000  14.26
 A91       20.0782 0.66152  11.367 0.0000E+00  0.000  11.37
 A30       26.6613 0.57637  55.332 0.0000E+00  0.000  55.33
 A294      29.9810 0.61127  46.402 0.0000E+00  0.000  46.40
