 A498       0.8922 0.41903  28.348 0.0000E+00  0.000  28.35
 EARTHMOO   0.9942 0.25573   5.058 9.1213E-06  0.000   5.06
 A34        1.1295 0.66518  20.872 0.0000E+00  0.000  20.87
 A119       1.1662 0.73800  18.596 0.0000E+00  0.000  18.60
 A380       1.4826 0.12930  13.214 0.0000E+00  0.000  13.21
 A47        1.6080 0.18261   8.060 0.0000E+00  0.000   8.06
 A41        1.6486 0.20667  15.721 0.0000E+00  0.000  15.72
 A290       1.6734 0.27359   5.756 0.0000E+00  0.000   5.76
 A150       1.7192 0.38534  33.201 0.0000E+00  0.000  33.20
 A116       1.7256 0.08487  15.181 0.0000E+00  0.000  15.18
 A343       1.7480 0.07786   5.683 0.0000E+00  0.000   5.68
 A362       1.7633 0.19958  14.550 0.0000E+00  0.000  14.55
 A297       1.7639 0.00920  19.779 0.0000E+00  0.000  19.78
 A351       1.7862 0.19984  20.486 0.0000E+00  0.000  20.49
 A293       1.8904 0.09877  31.429 0.0000E+00  0.000  31.43
 A74        2.0120 0.30221  22.105 0.0000E+00  0.000  22.10
 A223       2.0260 0.11795  18.609 0.0000E+00  0.000  18.61
 A371       2.2174 0.67343  52.696 0.0000E+00  0.000  52.70
 A111       2.2271 0.47551  34.325 0.0000E+00  0.000  34.33
 A477       2.2437 0.15058  11.265 0.0000E+00  0.000  11.26
 JUPITER    4.5241 0.13669   1.158 9.5479E-04  0.000   1.16
 A227       9.6328 0.18582  57.913 0.0000E+00  0.000  57.91
 A478      10.5136 0.45789  91.576 0.0000E+00  0.000  91.58
 A384      10.8850 0.12467 104.167 0.0000E+00  0.000 104.17
 A423      12.2905 0.56197 134.533 0.0000E+00  0.000 134.53
 A443      13.6476 0.84116 142.433 0.0000E+00  0.000 142.43
 A250      14.1853 0.29806  44.452 0.0000E+00  0.000  44.45
 A359      15.6975 0.57116  41.037 0.0000E+00  0.000  41.04
 A103      16.4322 0.60847 139.015 0.0000E+00  0.000 139.01
 A173      16.6102 0.35004  75.796 0.0000E+00  0.000  75.80
 A186      19.0557 0.87644  82.702 0.0000E+00  0.000  82.70
 A319      20.1240 0.57503  14.215 0.0000E+00  0.000  14.21
 A91       20.5597 0.65193  11.585 0.0000E+00  0.000  11.59
 A30       26.7043 0.56902  58.486 0.0000E+00  0.000  58.49
 A294      29.9979 0.66384  37.547 0.0000E+00  0.000  37.55
