 A498       0.8123 0.58989  20.862 0.0000E+00  0.000  20.86
 EARTHMOO   0.9942 0.18950   3.054 9.1213E-06  0.000   3.05
 A34        1.0628 0.27678  27.129 0.0000E+00  0.000  27.13
 A119       1.1260 0.63692  32.485 0.0000E+00  0.000  32.48
 A380       1.2914 0.48147  18.246 0.0000E+00  0.000  18.25
 A47        1.6077 0.20777   7.762 0.0000E+00  0.000   7.76
 A41        1.6472 0.36048  14.997 0.0000E+00  0.000  15.00
 A290       1.6732 0.13848   4.317 0.0000E+00  0.000   4.32
 A116       1.7256 0.02645  17.364 0.0000E+00  0.000  17.36
 A343       1.7475 0.09849   6.690 0.0000E+00  0.000   6.69
 A362       1.7633 0.14428  12.791 0.0000E+00  0.000  12.79
 A297       1.7635 0.03358  19.651 0.0000E+00  0.000  19.65
 A351       1.7868 0.14586  21.587 0.0000E+00  0.000  21.59
 A293       1.8905 0.12396  29.300 0.0000E+00  0.000  29.30
 A74        2.0124 0.31410  21.162 0.0000E+00  0.000  21.16
 A223       2.0264 0.18311  17.740 0.0000E+00  0.000  17.74
 A111       2.2334 0.25839  38.825 0.0000E+00  0.000  38.82
 A477       2.2421 0.25944  12.061 0.0000E+00  0.000  12.06
 JUPITER    4.5243 0.13714   1.192 9.5479E-04  0.000   1.19
 A227      10.2541 0.54432  63.770 0.0000E+00  0.000  63.77
 A478      10.3673 0.50032  79.555 0.0000E+00  0.000  79.56
 A423      12.3965 0.32001 137.290 0.0000E+00  0.000 137.29
 A443      13.6827 0.80790 152.636 0.0000E+00  0.000 152.64
 A250      14.1670 0.46233  50.133 0.0000E+00  0.000  50.13
 A359      15.5851 0.52720  40.775 0.0000E+00  0.000  40.78
 A103      16.4173 0.63199 140.504 0.0000E+00  0.000 140.50
 A173      16.6263 0.51267  83.403 0.0000E+00  0.000  83.40
 A91       18.5197 0.60558  11.592 0.0000E+00  0.000  11.59
 A319      20.2524 0.58236  13.437 0.0000E+00  0.000  13.44
 A30       26.8147 0.61129  56.446 0.0000E+00  0.000  56.45
