 A34        0.9001 0.08096  23.953 0.0000E+00  0.000  23.95
 EARTHMOO   0.9942 0.26027   4.678 9.1213E-06  0.000   4.68
 A47        1.6094 0.22118   5.560 0.0000E+00  0.000   5.56
 A290       1.6721 0.29446   7.777 0.0000E+00  0.000   7.78
 A116       1.7257 0.01603  16.049 0.0000E+00  0.000  16.05
 A343       1.7491 0.03551   8.559 0.0000E+00  0.000   8.56
 A362       1.7629 0.12180  11.379 0.0000E+00  0.000  11.38
 A297       1.7642 0.12769  21.141 0.0000E+00  0.000  21.14
 A351       1.7849 0.22181  22.036 0.0000E+00  0.000  22.04
 A293       1.8906 0.13665  29.037 0.0000E+00  0.000  29.04
 A74        2.0122 0.37804  17.878 0.0000E+00  0.000  17.88
 A119       2.0131 0.81790  25.783 0.0000E+00  0.000  25.78
 A223       2.0266 0.10595  19.106 0.0000E+00  0.000  19.11
 A111       2.2344 0.40854  35.407 0.0000E+00  0.000  35.41
 A477       2.2424 0.21771  12.446 0.0000E+00  0.000  12.45
 JUPITER    4.5242 0.13661   1.168 9.5479E-04  0.000   1.17
 A380       8.0133 0.62959   6.093 0.0000E+00  0.000   6.09
 A227      10.2130 0.34097  62.657 0.0000E+00  0.000  62.66
 A478      10.5701 0.52495  97.418 0.0000E+00  0.000  97.42
 A423      12.3260 0.53329 132.106 0.0000E+00  0.000 132.11
 A443      13.6720 0.82961 166.466 0.0000E+00  0.000 166.47
 A250      14.2636 0.36865  46.210 0.0000E+00  0.000  46.21
 A359      15.5891 0.48958  45.754 0.0000E+00  0.000  45.75
 A173      16.5656 0.47983  70.945 0.0000E+00  0.000  70.95
 A103      16.6086 0.58564 141.196 0.0000E+00  0.000 141.20
 A91       18.3298 0.63170  11.297 0.0000E+00  0.000  11.30
 A319      20.0872 0.58362  12.585 0.0000E+00  0.000  12.59
 A30       26.7193 0.57643  56.137 0.0000E+00  0.000  56.14
 A41       69.2700 0.94432  37.746 0.0000E+00  0.000  37.75
