 A498       0.8927 0.61586  14.138 0.0000E+00  0.000  14.14
 EARTHMOO   0.9942 0.24584   3.674 9.1213E-06  0.000   3.67
 A14        1.2526 0.88351  17.640 0.0000E+00  0.000  17.64
 A34        1.2556 0.73101  18.405 0.0000E+00  0.000  18.41
 A150       1.2915 0.54436  29.716 0.0000E+00  0.000  29.72
 A119       1.3087 0.12378  17.649 0.0000E+00  0.000  17.65
 A25        1.3248 0.41061  62.085 0.0000E+00  0.000  62.08
 A380       1.4841 0.12034  12.667 0.0000E+00  0.000  12.67
 A69        1.5491 0.59546  34.151 0.0000E+00  0.000  34.15
 A47        1.6073 0.24198   4.954 0.0000E+00  0.000   4.95
 A41        1.6389 0.25675  13.173 0.0000E+00  0.000  13.17
 A44        1.6638 0.31125  22.350 0.0000E+00  0.000  22.35
 A290       1.6724 0.21642   4.290 0.0000E+00  0.000   4.29
 A116       1.7255 0.10642  17.915 0.0000E+00  0.000  17.91
 A343       1.7491 0.14654   7.074 0.0000E+00  0.000   7.07
 A362       1.7635 0.19512  14.513 0.0000E+00  0.000  14.51
 A297       1.7636 0.09384  19.478 0.0000E+00  0.000  19.48
 A351       1.7850 0.13664  23.021 0.0000E+00  0.000  23.02
 A293       1.8904 0.12784  29.975 0.0000E+00  0.000  29.97
 A188       1.9757 0.45578  42.128 0.0000E+00  0.000  42.13
 A74        2.0110 0.22507  21.408 0.0000E+00  0.000  21.41
 A371       2.0197 0.47482  58.771 0.0000E+00  0.000  58.77
 A223       2.0271 0.09035  16.888 0.0000E+00  0.000  16.89
 A111       2.2299 0.18818  44.209 0.0000E+00  0.000  44.21
 A477       2.2414 0.12044  12.015 0.0000E+00  0.000  12.02
 JUPITER    4.5241 0.13673   1.184 9.5479E-04  0.000   1.18
 A478      10.3962 0.42841  73.610 0.0000E+00  0.000  73.61
 A186      10.7633 0.85972 151.978 0.0000E+00  0.000 151.98
 A384      10.8765 0.10186  83.200 0.0000E+00  0.000  83.20
 A423      12.2933 0.43937 138.314 0.0000E+00  0.000 138.31
 A227      12.4606 0.50763  55.823 0.0000E+00  0.000  55.82
 A443      13.7137 0.84360 143.488 0.0000E+00  0.000 143.49
 A250      14.1864 0.45621  49.762 0.0000E+00  0.000  49.76
 A359      16.0271 0.50587  45.323 0.0000E+00  0.000  45.32
 A103      16.4376 0.63110 141.251 0.0000E+00  0.000 141.25
 A173      16.6447 0.62257  70.132 0.0000E+00  0.000  70.13
 A319      20.1845 0.57202  13.597 0.0000E+00  0.000  13.60
 A91       20.8301 0.60312   9.516 0.0000E+00  0.000   9.52
 A30       26.6213 0.56745  55.613 0.0000E+00  0.000  55.61
 A294      29.9851 0.70571  37.726 0.0000E+00  0.000  37.73
