 A498       0.8359 0.40267  20.567 0.0000E+00  0.000  20.57
 A119       0.8787 0.81434  42.932 0.0000E+00  0.000  42.93
 EARTHMOO   0.9942 0.23716   4.572 9.1213E-06  0.000   4.57
 A34        1.0109 0.46999  32.558 0.0000E+00  0.000  32.56
 A380       1.4560 0.31307   9.078 0.0000E+00  0.000   9.08
 A47        1.6075 0.11856   6.501 0.0000E+00  0.000   6.50
 A41        1.6243 0.32586  13.023 0.0000E+00  0.000  13.02
 A290       1.6734 0.18534   8.299 0.0000E+00  0.000   8.30
 A116       1.7259 0.02983  18.235 0.0000E+00  0.000  18.24
 A343       1.7481 0.06524   6.060 0.0000E+00  0.000   6.06
 A362       1.7638 0.21881  12.857 0.0000E+00  0.000  12.86
 A297       1.7638 0.11389  18.917 0.0000E+00  0.000  18.92
 A351       1.7856 0.11580  20.586 0.0000E+00  0.000  20.59
 A293       1.8902 0.16646  28.685 0.0000E+00  0.000  28.68
 A74        2.0114 0.19337  20.369 0.0000E+00  0.000  20.37
 A223       2.0270 0.16604  18.130 0.0000E+00  0.000  18.13
 A111       2.2338 0.24429  40.447 0.0000E+00  0.000  40.45
 A477       2.2442 0.23417  13.034 0.0000E+00  0.000  13.03
 JUPITER    4.5242 0.13681   1.168 9.5479E-04  0.000   1.17
 A227       9.9093 0.38313  59.408 0.0000E+00  0.000  59.41
 A478      10.4661 0.43315  76.934 0.0000E+00  0.000  76.93
 A384      10.8590 0.43113 110.973 0.0000E+00  0.000 110.97
 A423      12.3879 0.28753 136.924 0.0000E+00  0.000 136.92
 A443      13.6637 0.85713 140.217 0.0000E+00  0.000 140.22
 A250      14.1565 0.43747  47.802 0.0000E+00  0.000  47.80
 A359      15.5518 0.51361  43.113 0.0000E+00  0.000  43.11
 A103      16.4611 0.62985 138.229 0.0000E+00  0.000 138.23
 A173      16.6452 0.52464  78.207 0.0000E+00  0.000  78.21
 A91       19.1511 0.58167  11.658 0.0000E+00  0.000  11.66
 A319      20.1230 0.57806  13.985 0.0000E+00  0.000  13.99
 A30       26.7131 0.58660  54.656 0.0000E+00  0.000  54.66
