 A34        0.6895 0.80760  38.852 0.0000E+00  0.000  38.85
 EARTHMOO   0.9942 0.22683   5.106 9.1213E-06  0.000   5.11
 A47        1.6091 0.24784   6.442 0.0000E+00  0.000   6.44
 A290       1.6721 0.24849   4.566 0.0000E+00  0.000   4.57
 A116       1.7256 0.04473  16.704 0.0000E+00  0.000  16.70
 A343       1.7484 0.11565   8.508 0.0000E+00  0.000   8.51
 A362       1.7636 0.11681  12.369 0.0000E+00  0.000  12.37
 A297       1.7637 0.05660  19.679 0.0000E+00  0.000  19.68
 A351       1.7850 0.17258  22.549 0.0000E+00  0.000  22.55
 A293       1.8907 0.10111  31.067 0.0000E+00  0.000  31.07
 A74        2.0129 0.21825  21.407 0.0000E+00  0.000  21.41
 A223       2.0276 0.16939  19.146 0.0000E+00  0.000  19.15
 A111       2.2333 0.19148  39.895 0.0000E+00  0.000  39.90
 A477       2.2400 0.15088  13.164 0.0000E+00  0.000  13.16
 JUPITER    4.5243 0.13690   1.158 9.5479E-04  0.000   1.16
 A227      10.2450 0.54609  58.965 0.0000E+00  0.000  58.96
 A478      10.4450 0.49642  81.859 0.0000E+00  0.000  81.86
 A423      12.3264 0.38047 133.665 0.0000E+00  0.000 133.67
 A443      13.7204 0.84517 139.159 0.0000E+00  0.000 139.16
 A250      14.2224 0.29954  45.909 0.0000E+00  0.000  45.91
 A359      15.5747 0.53160  40.743 0.0000E+00  0.000  40.74
 A103      16.4625 0.62757 138.733 0.0000E+00  0.000 138.73
 A173      16.5049 0.42516  90.473 0.0000E+00  0.000  90.47
 A91       19.1682 0.57543   9.810 0.0000E+00  0.000   9.81
 A319      20.1050 0.58286  12.038 0.0000E+00  0.000  12.04
 A30       26.7668 0.56269  59.637 0.0000E+00  0.000  59.64
