 EARTHMOO   1.0000 0.09401   2.504 9.1213E-06  0.000   2.50
 A79        1.5213 0.08454  14.163 0.0000E+00  0.000  14.16
 A83        1.5225 0.13058   4.140 0.0000E+00  0.000   4.14
 A51        1.5322 0.09177   7.493 0.0000E+00  0.000   7.49
 A41        1.5457 0.12127   5.020 0.0000E+00  0.000   5.02
 A44        1.5505 0.08204   6.848 0.0000E+00  0.000   6.85
 A85        1.5852 0.08297   9.605 0.0000E+00  0.000   9.60
 A47        1.6056 0.02994   7.130 0.0000E+00  0.000   7.13
 A34        1.6345 0.03894   7.380 0.0000E+00  0.000   7.38
 A95        1.6375 0.13058   6.757 0.0000E+00  0.000   6.76
 A14        1.6450 0.09279   2.092 0.0000E+00  0.000   2.09
 A62        1.6527 0.05628   9.539 0.0000E+00  0.000   9.54
 A84        1.6597 0.11549   7.868 0.0000E+00  0.000   7.87
 A17        1.7212 0.07239  10.514 0.0000E+00  0.000  10.51
 A18        1.7250 0.14825   3.037 0.0000E+00  0.000   3.04
 A38        1.7678 0.12216   7.454 0.0000E+00  0.000   7.45
 A63        1.7685 0.16645  14.044 0.0000E+00  0.000  14.04
 A24        1.8018 0.14295   7.554 0.0000E+00  0.000   7.55
 A58        1.8219 0.05584   5.464 0.0000E+00  0.000   5.46
 A7         1.8235 0.05258   2.208 0.0000E+00  0.000   2.21
 A74        1.8276 0.21822  10.338 0.0000E+00  0.000  10.34
 A99        1.8278 0.12542   5.938 0.0000E+00  0.000   5.94
 A29        1.8422 0.46199  10.706 0.0000E+00  0.000  10.71
 A50        1.8693 0.10929   6.529 0.0000E+00  0.000   6.53
 A33        1.8814 0.03198   8.471 0.0000E+00  0.000   8.47
 A86        1.9091 0.22946   6.192 0.0000E+00  0.000   6.19
 A98        1.9300 0.07183   5.805 0.0000E+00  0.000   5.80
 A82        1.9648 0.24338   2.869 0.0000E+00  0.000   2.87
 A43        2.0568 0.18092   2.579 0.0000E+00  0.000   2.58
 A69        2.0577 0.16053   2.107 0.0000E+00  0.000   2.11
 A90        2.0855 0.15538   0.796 0.0000E+00  0.000   0.80
 A96        2.1054 0.15141  15.569 0.0000E+00  0.000  15.57
 A25        2.1127 0.09979  12.065 0.0000E+00  0.000  12.07
 A12        2.1457 0.17988   2.422 0.0000E+00  0.000   2.42
 A55        2.1758 0.25645  10.990 0.0000E+00  0.000  10.99
 A94        2.1996 0.08506   5.987 0.0000E+00  0.000   5.99
 A45        2.2095 0.03027   4.441 0.0000E+00  0.000   4.44
 A28        2.2187 0.16623   8.603 0.0000E+00  0.000   8.60
 A72        2.2304 0.04575   8.685 0.0000E+00  0.000   8.69
 A61        2.2704 0.14398  11.210 0.0000E+00  0.000  11.21
 A22        2.2711 0.04494  13.142 0.0000E+00  0.000  13.14
 A97        2.2713 0.16739  11.226 0.0000E+00  0.000  11.23
 A35        2.3169 0.25302   7.832 0.0000E+00  0.000   7.83
 A48        2.3963 0.06811  11.841 0.0000E+00  0.000  11.84
 A93        2.4002 0.11707  10.935 0.0000E+00  0.000  10.94
 A20        2.4030 0.17817  15.040 0.0000E+00  0.000  15.04
 A13        2.4952 0.10877  12.277 0.0000E+00  0.000  12.28
 A11        2.5538 0.00457  12.554 0.0000E+00  0.000  12.55
 A89        2.5539 0.21951  12.562 0.0000E+00  0.000  12.56
 A42        2.5782 0.20619   4.605 0.0000E+00  0.000   4.60
 A31        2.6076 0.16792   7.158 0.0000E+00  0.000   7.16
 A6         2.6547 0.25749  15.199 0.0000E+00  0.000  15.20
 A39        2.6684 0.11243   4.215 0.0000E+00  0.000   4.22
 A67        2.6952 0.12183   5.515 0.0000E+00  0.000   5.51
 A2         2.7241 0.26693   6.379 0.0000E+00  0.000   6.38
 A4         2.7248 0.07872   8.138 0.0000E+00  0.000   8.14
 A92        2.7406 0.17336   9.407 0.0000E+00  0.000   9.41
 A87        2.7698 0.10120  12.315 0.0000E+00  0.000  12.31
 A37        2.7762 0.09038   6.696 0.0000E+00  0.000   6.70
 A19        2.7941 0.07978  17.353 0.0000E+00  0.000  17.35
 A77        2.8704 0.16672   8.986 0.0000E+00  0.000   8.99
 A59        2.8828 0.17493   8.812 0.0000E+00  0.000   8.81
 A76        2.9152 0.18636   3.070 0.0000E+00  0.000   3.07
 A64        2.9385 0.18487  15.346 0.0000E+00  0.000  15.35
 A8         2.9441 0.21672  11.351 0.0000E+00  0.000  11.35
 A49        2.9615 0.19690   4.026 0.0000E+00  0.000   4.03
 A21        2.9625 0.12994  10.548 0.0000E+00  0.000  10.55
 A54        2.9666 0.15654   3.958 0.0000E+00  0.000   3.96
 A1         3.0010 0.25274   5.941 0.0000E+00  0.000   5.94
 A23        3.0644 0.04911   5.183 0.0000E+00  0.000   5.18
 A68        3.0982 0.08883   4.279 0.0000E+00  0.000   4.28
 A71        3.1025 0.25210   3.153 0.0000E+00  0.000   3.15
 A16        3.1239 0.34077   4.632 0.0000E+00  0.000   4.63
 A91        3.1653 0.17884   7.965 0.0000E+00  0.000   7.96
 A60        3.3010 0.01952   7.513 0.0000E+00  0.000   7.51
 A70        3.3061 0.35343   5.036 0.0000E+00  0.000   5.04
 A81        3.3176 0.22056   2.893 0.0000E+00  0.000   2.89
 A53        3.5175 0.13470   3.313 0.0000E+00  0.000   3.31
 A88        3.5914 0.09717   3.900 0.0000E+00  0.000   3.90
 A80        3.5983 0.22133  11.481 0.0000E+00  0.000  11.48
 A75        3.6737 0.15683  15.229 0.0000E+00  0.000  15.23
 A73        3.6914 0.18226  11.759 0.0000E+00  0.000  11.76
 A66        3.7227 0.14130   4.483 0.0000E+00  0.000   4.48
 A65        3.8952 0.30422   8.838 0.0000E+00  0.000   8.84
 A26        4.3052 0.41486  10.094 0.0000E+00  0.000  10.09
 JUPITER    6.7360 0.19278   2.051 9.5479E-04  0.000   2.05
