 EARTHMOO   1.0000 0.07108   0.667 9.1213E-06  0.000   0.67
 A79        1.5213 0.06959  12.530 0.0000E+00  0.000  12.53
 A83        1.5225 0.02741   2.408 0.0000E+00  0.000   2.41
 A51        1.5322 0.05166   5.466 0.0000E+00  0.000   5.47
 A41        1.5457 0.03201   3.271 0.0000E+00  0.000   3.27
 A44        1.5505 0.02221   6.902 0.0000E+00  0.000   6.90
 A85        1.5854 0.05136   8.174 0.0000E+00  0.000   8.17
 A47        1.6052 0.06889   3.729 0.0000E+00  0.000   3.73
 A34        1.6347 0.03350   9.986 0.0000E+00  0.000   9.99
 A95        1.6376 0.12772   8.418 0.0000E+00  0.000   8.42
 A14        1.6448 0.03143   3.261 0.0000E+00  0.000   3.26
 A62        1.6527 0.05923  10.876 0.0000E+00  0.000  10.88
 A84        1.6596 0.07508   5.140 0.0000E+00  0.000   5.14
 A17        1.7211 0.03682  11.745 0.0000E+00  0.000  11.75
 A18        1.7250 0.12228   1.832 0.0000E+00  0.000   1.83
 A38        1.7678 0.12163   3.738 0.0000E+00  0.000   3.74
 A63        1.7686 0.15538  12.928 0.0000E+00  0.000  12.93
 A24        1.8019 0.07681   6.979 0.0000E+00  0.000   6.98
 A58        1.8218 0.18008   4.640 0.0000E+00  0.000   4.64
 A7         1.8234 0.10133   3.151 0.0000E+00  0.000   3.15
 A74        1.8275 0.18654  11.872 0.0000E+00  0.000  11.87
 A99        1.8277 0.11123   9.518 0.0000E+00  0.000   9.52
 A29        1.8427 0.50211   7.633 0.0000E+00  0.000   7.63
 A50        1.8692 0.05119   6.529 0.0000E+00  0.000   6.53
 A33        1.8815 0.09145   6.712 0.0000E+00  0.000   6.71
 A86        1.9091 0.11675   7.520 0.0000E+00  0.000   7.52
 A98        1.9301 0.12401   4.150 0.0000E+00  0.000   4.15
 A82        1.9648 0.19593   6.442 0.0000E+00  0.000   6.44
 A43        2.0570 0.22530   4.330 0.0000E+00  0.000   4.33
 A69        2.0577 0.04775   3.285 0.0000E+00  0.000   3.29
 A90        2.0853 0.14949   1.896 0.0000E+00  0.000   1.90
 A96        2.1055 0.14719  17.187 0.0000E+00  0.000  17.19
 A25        2.1125 0.16643  11.999 0.0000E+00  0.000  12.00
 A12        2.1457 0.07029   5.139 0.0000E+00  0.000   5.14
 A55        2.1758 0.24561  11.983 0.0000E+00  0.000  11.98
 A94        2.1994 0.16407   9.920 0.0000E+00  0.000   9.92
 A45        2.2096 0.06743   6.729 0.0000E+00  0.000   6.73
 A28        2.2184 0.11382   7.249 0.0000E+00  0.000   7.25
 A72        2.2304 0.03921   5.125 0.0000E+00  0.000   5.13
 A61        2.2701 0.14725   7.429 0.0000E+00  0.000   7.43
 A22        2.2709 0.06316   9.719 0.0000E+00  0.000   9.72
 A97        2.2715 0.07882  11.897 0.0000E+00  0.000  11.90
 A35        2.3146 0.12789   6.375 0.0000E+00  0.000   6.37
 A48        2.3965 0.14374   8.976 0.0000E+00  0.000   8.98
 A93        2.4002 0.07187   7.825 0.0000E+00  0.000   7.83
 A20        2.4029 0.17998  15.462 0.0000E+00  0.000  15.46
 A13        2.4946 0.15256  14.724 0.0000E+00  0.000  14.72
 A89        2.5529 0.11370  12.506 0.0000E+00  0.000  12.51
 A11        2.5536 0.14979  16.376 0.0000E+00  0.000  16.38
 A42        2.5788 0.07893   7.431 0.0000E+00  0.000   7.43
 A31        2.6077 0.18828   5.961 0.0000E+00  0.000   5.96
 A6         2.6522 0.12400  14.454 0.0000E+00  0.000  14.45
 A39        2.6668 0.06903   1.215 0.0000E+00  0.000   1.22
 A67        2.6924 0.06361   5.981 0.0000E+00  0.000   5.98
 A2         2.7220 0.16265   7.587 0.0000E+00  0.000   7.59
 A4         2.7246 0.05107   6.634 0.0000E+00  0.000   6.63
 A92        2.7400 0.17406   9.068 0.0000E+00  0.000   9.07
 A87        2.7706 0.14321  13.373 0.0000E+00  0.000  13.37
 A37        2.7768 0.14604   6.911 0.0000E+00  0.000   6.91
 A19        2.7941 0.11613  19.879 0.0000E+00  0.000  19.88
 A77        2.8696 0.14263   6.217 0.0000E+00  0.000   6.22
 A59        2.8807 0.32560   6.902 0.0000E+00  0.000   6.90
 A76        2.9149 0.20780   1.427 0.0000E+00  0.000   1.43
 A64        2.9386 0.05564  13.680 0.0000E+00  0.000  13.68
 A8         2.9438 0.22145   9.633 0.0000E+00  0.000   9.63
 A21        2.9622 0.10345  11.658 0.0000E+00  0.000  11.66
 A49        2.9634 0.20467   5.333 0.0000E+00  0.000   5.33
 A54        2.9667 0.10263   4.933 0.0000E+00  0.000   4.93
 A1         3.0010 0.27570   4.630 0.0000E+00  0.000   4.63
 A23        3.0644 0.08418   2.044 0.0000E+00  0.000   2.04
 A68        3.1010 0.21090   4.231 0.0000E+00  0.000   4.23
 A71        3.1063 0.18524   2.482 0.0000E+00  0.000   2.48
 A16        3.1271 0.35556   4.872 0.0000E+00  0.000   4.87
 A91        3.1553 0.24099   6.535 0.0000E+00  0.000   6.53
 A70        3.3005 0.12719   5.182 0.0000E+00  0.000   5.18
 A60        3.3020 0.02821   4.916 0.0000E+00  0.000   4.92
 A81        3.3144 0.12283   3.532 0.0000E+00  0.000   3.53
 A53        3.5202 0.11024   2.065 0.0000E+00  0.000   2.07
 A88        3.5899 0.21555   4.831 0.0000E+00  0.000   4.83
 A80        3.5960 0.16267  12.287 0.0000E+00  0.000  12.29
 A75        3.6724 0.18233  11.827 0.0000E+00  0.000  11.83
 A66        3.7180 0.04524   4.099 0.0000E+00  0.000   4.10
 A65        3.8860 0.05006   9.374 0.0000E+00  0.000   9.37
 A26        4.2151 0.42307  13.145 0.0000E+00  0.000  13.14
 JUPITER    6.7361 0.19279   2.057 9.5479E-04  0.000   2.06
