 EARTHMOO   1.0000 0.05922   3.171 9.1213E-06  0.000   3.17
 A79        1.5213 0.03668  14.625 0.0000E+00  0.000  14.62
 A83        1.5226 0.10963   2.360 0.0000E+00  0.000   2.36
 A51        1.5322 0.03414   4.547 0.0000E+00  0.000   4.55
 A41        1.5456 0.02530   6.812 0.0000E+00  0.000   6.81
 A44        1.5505 0.04513   3.116 0.0000E+00  0.000   3.12
 A85        1.5850 0.08609  10.102 0.0000E+00  0.000  10.10
 A47        1.6052 0.06033   3.039 0.0000E+00  0.000   3.04
 A34        1.6346 0.05302  10.489 0.0000E+00  0.000  10.49
 A95        1.6377 0.18451  10.554 0.0000E+00  0.000  10.55
 A14        1.6449 0.09998   1.392 0.0000E+00  0.000   1.39
 A62        1.6526 0.03508  10.512 0.0000E+00  0.000  10.51
 A84        1.6596 0.01134   5.685 0.0000E+00  0.000   5.69
 A17        1.7211 0.08319   8.990 0.0000E+00  0.000   8.99
 A18        1.7250 0.05873   1.676 0.0000E+00  0.000   1.68
 A38        1.7677 0.07077   5.517 0.0000E+00  0.000   5.52
 A63        1.7685 0.06006  11.707 0.0000E+00  0.000  11.71
 A24        1.8018 0.13966   6.682 0.0000E+00  0.000   6.68
 A58        1.8218 0.12220   6.195 0.0000E+00  0.000   6.20
 A7         1.8235 0.01377   3.279 0.0000E+00  0.000   3.28
 A99        1.8275 0.20094   8.944 0.0000E+00  0.000   8.94
 A74        1.8276 0.18340  12.104 0.0000E+00  0.000  12.10
 A29        1.8397 0.16820   7.722 0.0000E+00  0.000   7.72
 A50        1.8693 0.15138   5.983 0.0000E+00  0.000   5.98
 A33        1.8815 0.13644   7.695 0.0000E+00  0.000   7.69
 A86        1.9091 0.19611   4.195 0.0000E+00  0.000   4.20
 A98        1.9302 0.08689   3.189 0.0000E+00  0.000   3.19
 A82        1.9650 0.24620   6.094 0.0000E+00  0.000   6.09
 A43        2.0569 0.14084   3.996 0.0000E+00  0.000   4.00
 A69        2.0578 0.09920   3.268 0.0000E+00  0.000   3.27
 A90        2.0854 0.15788   4.633 0.0000E+00  0.000   4.63
 A96        2.1057 0.16265  17.160 0.0000E+00  0.000  17.16
 A25        2.1126 0.16406  12.409 0.0000E+00  0.000  12.41
 A12        2.1455 0.08672   3.517 0.0000E+00  0.000   3.52
 A55        2.1758 0.24095  11.738 0.0000E+00  0.000  11.74
 A94        2.1997 0.10221   7.925 0.0000E+00  0.000   7.92
 A45        2.2096 0.18173   5.924 0.0000E+00  0.000   5.92
 A28        2.2185 0.13969   7.611 0.0000E+00  0.000   7.61
 A72        2.2304 0.17871   7.081 0.0000E+00  0.000   7.08
 A61        2.2704 0.04006   9.323 0.0000E+00  0.000   9.32
 A22        2.2709 0.04339  12.237 0.0000E+00  0.000  12.24
 A97        2.2713 0.10932  11.357 0.0000E+00  0.000  11.36
 A35        2.3147 0.20356   8.142 0.0000E+00  0.000   8.14
 A48        2.3965 0.09014  10.984 0.0000E+00  0.000  10.98
 A93        2.4004 0.10604   8.362 0.0000E+00  0.000   8.36
 A20        2.4031 0.15322  11.285 0.0000E+00  0.000  11.29
 A13        2.4946 0.06365  13.685 0.0000E+00  0.000  13.69
 A89        2.5531 0.17444  10.111 0.0000E+00  0.000  10.11
 A11        2.5535 0.08174  14.912 0.0000E+00  0.000  14.91
 A42        2.5786 0.15008   6.252 0.0000E+00  0.000   6.25
 A31        2.6081 0.18377   5.057 0.0000E+00  0.000   5.06
 A6         2.6554 0.20549  15.440 0.0000E+00  0.000  15.44
 A39        2.6678 0.12012   2.074 0.0000E+00  0.000   2.07
 A67        2.6930 0.09753   5.816 0.0000E+00  0.000   5.82
 A4         2.7249 0.06722   7.511 0.0000E+00  0.000   7.51
 A2         2.7254 0.22268   6.301 0.0000E+00  0.000   6.30
 A92        2.7406 0.17739   9.284 0.0000E+00  0.000   9.28
 A87        2.7700 0.06479  13.089 0.0000E+00  0.000  13.09
 A37        2.7763 0.14365  10.357 0.0000E+00  0.000  10.36
 A19        2.7939 0.10399  18.546 0.0000E+00  0.000  18.55
 A77        2.8700 0.15456   7.611 0.0000E+00  0.000   7.61
 A59        2.8812 0.29281   7.771 0.0000E+00  0.000   7.77
 A76        2.9138 0.04136   2.026 0.0000E+00  0.000   2.03
 A64        2.9381 0.16500  11.554 0.0000E+00  0.000  11.55
 A8         2.9443 0.02554   7.521 0.0000E+00  0.000   7.52
 A49        2.9613 0.07704   4.863 0.0000E+00  0.000   4.86
 A21        2.9623 0.11158   7.910 0.0000E+00  0.000   7.91
 A54        2.9662 0.03449   3.162 0.0000E+00  0.000   3.16
 A1         3.0007 0.30677   5.287 0.0000E+00  0.000   5.29
 A23        3.0636 0.17428   3.666 0.0000E+00  0.000   3.67
 A68        3.1010 0.15666   4.184 0.0000E+00  0.000   4.18
 A71        3.1057 0.11623   4.842 0.0000E+00  0.000   4.84
 A16        3.1229 0.15043   4.739 0.0000E+00  0.000   4.74
 A91        3.1571 0.20362   7.686 0.0000E+00  0.000   7.69
 A70        3.2933 0.26983   2.608 0.0000E+00  0.000   2.61
 A60        3.2991 0.22329   4.846 0.0000E+00  0.000   4.85
 A81        3.3216 0.21762   3.146 0.0000E+00  0.000   3.15
 A53        3.5155 0.14706   2.210 0.0000E+00  0.000   2.21
 A88        3.5955 0.27794   4.396 0.0000E+00  0.000   4.40
 A80        3.6005 0.21515  11.387 0.0000E+00  0.000  11.39
 A75        3.6746 0.14027  14.372 0.0000E+00  0.000  14.37
 A66        3.7213 0.08654   1.659 0.0000E+00  0.000   1.66
 A65        3.8862 0.30409   6.104 0.0000E+00  0.000   6.10
 A26        4.2085 0.44615  14.797 0.0000E+00  0.000  14.80
 JUPITER    6.7357 0.19288   2.048 9.5479E-04  0.000   2.05
