 EARTHMOO   1.0000 0.08555   2.643 9.1213E-06  0.000   2.64
 A79        1.5212 0.05085   9.882 0.0000E+00  0.000   9.88
 A83        1.5226 0.08749   5.523 0.0000E+00  0.000   5.52
 A51        1.5321 0.08874   5.317 0.0000E+00  0.000   5.32
 A41        1.5458 0.06272   6.574 0.0000E+00  0.000   6.57
 A44        1.5505 0.13651   5.170 0.0000E+00  0.000   5.17
 A85        1.5839 0.07482   7.922 0.0000E+00  0.000   7.92
 A47        1.6054 0.11579   6.909 0.0000E+00  0.000   6.91
 A34        1.6347 0.12495  11.553 0.0000E+00  0.000  11.55
 A95        1.6378 0.14244  10.368 0.0000E+00  0.000  10.37
 A14        1.6449 0.02232   3.575 0.0000E+00  0.000   3.57
 A62        1.6527 0.05064  10.501 0.0000E+00  0.000  10.50
 A84        1.6596 0.03919   7.533 0.0000E+00  0.000   7.53
 A17        1.7210 0.02517  12.481 0.0000E+00  0.000  12.48
 A18        1.7251 0.03899   2.866 0.0000E+00  0.000   2.87
 A38        1.7678 0.05606   6.947 0.0000E+00  0.000   6.95
 A63        1.7686 0.08440  14.206 0.0000E+00  0.000  14.21
 A24        1.8020 0.16840   6.904 0.0000E+00  0.000   6.90
 A58        1.8218 0.08648   3.591 0.0000E+00  0.000   3.59
 A7         1.8235 0.02903   3.794 0.0000E+00  0.000   3.79
 A74        1.8276 0.19261   8.228 0.0000E+00  0.000   8.23
 A99        1.8276 0.18615   8.111 0.0000E+00  0.000   8.11
 A29        1.8411 0.44247   7.998 0.0000E+00  0.000   8.00
 A50        1.8693 0.14463   6.203 0.0000E+00  0.000   6.20
 A33        1.8814 0.12506   8.798 0.0000E+00  0.000   8.80
 A86        1.9089 0.13062   8.219 0.0000E+00  0.000   8.22
 A98        1.9303 0.09543   3.547 0.0000E+00  0.000   3.55
 A82        1.9648 0.26147   2.749 0.0000E+00  0.000   2.75
 A43        2.0567 0.13769   1.950 0.0000E+00  0.000   1.95
 A69        2.0578 0.04861   3.107 0.0000E+00  0.000   3.11
 A90        2.0855 0.16276   4.588 0.0000E+00  0.000   4.59
 A96        2.1056 0.18772  17.298 0.0000E+00  0.000  17.30
 A25        2.1123 0.17506   8.210 0.0000E+00  0.000   8.21
 A12        2.1455 0.17857   5.353 0.0000E+00  0.000   5.35
 A55        2.1761 0.22709  13.739 0.0000E+00  0.000  13.74
 A94        2.1994 0.21077   6.370 0.0000E+00  0.000   6.37
 A45        2.2097 0.13576   5.509 0.0000E+00  0.000   5.51
 A28        2.2181 0.13068  10.926 0.0000E+00  0.000  10.93
 A72        2.2302 0.14510   5.391 0.0000E+00  0.000   5.39
 A61        2.2704 0.14033   8.266 0.0000E+00  0.000   8.27
 A22        2.2706 0.10473   9.974 0.0000E+00  0.000   9.97
 A97        2.2716 0.05326  11.476 0.0000E+00  0.000  11.48
 A35        2.3155 0.13163   6.067 0.0000E+00  0.000   6.07
 A48        2.3962 0.14275   9.202 0.0000E+00  0.000   9.20
 A93        2.4004 0.13762   8.818 0.0000E+00  0.000   8.82
 A20        2.4024 0.16745  11.910 0.0000E+00  0.000  11.91
 A13        2.4948 0.13003  13.568 0.0000E+00  0.000  13.57
 A40        2.5444 0.51744   8.925 0.0000E+00  0.000   8.92
 A89        2.5540 0.13037  13.746 0.0000E+00  0.000  13.75
 A11        2.5541 0.13113  15.038 0.0000E+00  0.000  15.04
 A42        2.5778 0.14698   7.732 0.0000E+00  0.000   7.73
 A31        2.6080 0.01489   4.870 0.0000E+00  0.000   4.87
 A6         2.6507 0.16041  11.634 0.0000E+00  0.000  11.63
 A39        2.6691 0.11971   3.284 0.0000E+00  0.000   3.28
 A67        2.6924 0.18941   4.460 0.0000E+00  0.000   4.46
 A2         2.7242 0.11955   8.638 0.0000E+00  0.000   8.64
 A4         2.7250 0.11106   7.578 0.0000E+00  0.000   7.58
 A92        2.7404 0.05699  10.515 0.0000E+00  0.000  10.51
 A87        2.7702 0.14003   9.501 0.0000E+00  0.000   9.50
 A37        2.7767 0.13450  10.194 0.0000E+00  0.000  10.19
 A19        2.7942 0.04125  19.616 0.0000E+00  0.000  19.62
 A77        2.8693 0.17772   7.995 0.0000E+00  0.000   7.99
 A59        2.8816 0.26176  10.456 0.0000E+00  0.000  10.46
 A76        2.9163 0.20927   4.286 0.0000E+00  0.000   4.29
 A64        2.9399 0.16828  15.077 0.0000E+00  0.000  15.08
 A8         2.9445 0.21351  11.022 0.0000E+00  0.000  11.02
 A21        2.9618 0.14813  10.333 0.0000E+00  0.000  10.33
 A49        2.9632 0.17157   2.719 0.0000E+00  0.000   2.72
 A54        2.9690 0.10308   5.040 0.0000E+00  0.000   5.04
 A1         3.0020 0.30737   7.432 0.0000E+00  0.000   7.43
 A23        3.0645 0.03657   1.974 0.0000E+00  0.000   1.97
 A68        3.1003 0.22233   4.506 0.0000E+00  0.000   4.51
 A71        3.1049 0.05542   3.872 0.0000E+00  0.000   3.87
 A16        3.1271 0.23564   4.607 0.0000E+00  0.000   4.61
 A91        3.1600 0.23259   8.552 0.0000E+00  0.000   8.55
 A70        3.2888 0.13357   4.188 0.0000E+00  0.000   4.19
 A60        3.3019 0.06998   6.010 0.0000E+00  0.000   6.01
 A81        3.3201 0.23371   4.196 0.0000E+00  0.000   4.20
 A53        3.5164 0.10646   5.941 0.0000E+00  0.000   5.94
 A88        3.5944 0.28548   5.078 0.0000E+00  0.000   5.08
 A80        3.6017 0.11298   9.956 0.0000E+00  0.000   9.96
 A73        3.6541 0.16631   9.022 0.0000E+00  0.000   9.02
 A75        3.6735 0.11585  12.672 0.0000E+00  0.000  12.67
 A66        3.7218 0.22950   4.425 0.0000E+00  0.000   4.43
 A56        3.8733 0.45178   2.687 0.0000E+00  0.000   2.69
 A65        3.8913 0.09332   5.557 0.0000E+00  0.000   5.56
 A57        3.8958 0.39406  21.427 0.0000E+00  0.000  21.43
 A26        4.3121 0.23379   5.790 0.0000E+00  0.000   5.79
 JUPITER    6.7356 0.19280   2.051 9.5479E-04  0.000   2.05
 A100      11.5372 0.78137  66.140 0.0000E+00  0.000  66.14
 A30       15.1449 0.30439  13.703 0.0000E+00  0.000  13.70
 A3        22.2826 0.66334  28.805 0.0000E+00  0.000  28.80
