 EARTHMOO   1.0000 0.04061   1.321 9.1213E-06  0.000   1.32
 A79        1.5213 0.04551  12.295 0.0000E+00  0.000  12.30
 A83        1.5227 0.06695   4.680 0.0000E+00  0.000   4.68
 A51        1.5322 0.04157   5.789 0.0000E+00  0.000   5.79
 A41        1.5457 0.08116   3.085 0.0000E+00  0.000   3.08
 A44        1.5506 0.09860   6.887 0.0000E+00  0.000   6.89
 A85        1.5844 0.01379   9.338 0.0000E+00  0.000   9.34
 A47        1.6055 0.07066   6.024 0.0000E+00  0.000   6.02
 A34        1.6346 0.08189   7.801 0.0000E+00  0.000   7.80
 A95        1.6378 0.12041   8.832 0.0000E+00  0.000   8.83
 A14        1.6448 0.07639   4.805 0.0000E+00  0.000   4.81
 A62        1.6525 0.03154  11.271 0.0000E+00  0.000  11.27
 A84        1.6595 0.04852   6.241 0.0000E+00  0.000   6.24
 A17        1.7210 0.06805  10.282 0.0000E+00  0.000  10.28
 A18        1.7250 0.12540   4.488 0.0000E+00  0.000   4.49
 A38        1.7679 0.08532   5.672 0.0000E+00  0.000   5.67
 A63        1.7686 0.11675  10.518 0.0000E+00  0.000  10.52
 A24        1.8021 0.07402   7.435 0.0000E+00  0.000   7.44
 A58        1.8218 0.11905   2.457 0.0000E+00  0.000   2.46
 A7         1.8234 0.06750   2.839 0.0000E+00  0.000   2.84
 A74        1.8276 0.18803   8.076 0.0000E+00  0.000   8.08
 A99        1.8277 0.09987   9.406 0.0000E+00  0.000   9.41
 A29        1.8419 0.49781  12.139 0.0000E+00  0.000  12.14
 A50        1.8691 0.05513   6.523 0.0000E+00  0.000   6.52
 A33        1.8815 0.02590  10.128 0.0000E+00  0.000  10.13
 A86        1.9089 0.11270   5.733 0.0000E+00  0.000   5.73
 A98        1.9299 0.04820   5.212 0.0000E+00  0.000   5.21
 A82        1.9646 0.22088   5.093 0.0000E+00  0.000   5.09
 A43        2.0571 0.22265   1.931 0.0000E+00  0.000   1.93
 A69        2.0577 0.09349   2.109 0.0000E+00  0.000   2.11
 A90        2.0856 0.15143   2.483 0.0000E+00  0.000   2.48
 A96        2.1060 0.16837  16.905 0.0000E+00  0.000  16.90
 A25        2.1127 0.15572   8.819 0.0000E+00  0.000   8.82
 A12        2.1454 0.14177   2.891 0.0000E+00  0.000   2.89
 A55        2.1760 0.22140  13.285 0.0000E+00  0.000  13.28
 A94        2.1997 0.22137   7.538 0.0000E+00  0.000   7.54
 A45        2.2095 0.14950   4.591 0.0000E+00  0.000   4.59
 A28        2.2188 0.15016  11.075 0.0000E+00  0.000  11.07
 A72        2.2303 0.13386   4.856 0.0000E+00  0.000   4.86
 A61        2.2699 0.05192   7.183 0.0000E+00  0.000   7.18
 A22        2.2702 0.08112  13.360 0.0000E+00  0.000  13.36
 A97        2.2713 0.17023  11.123 0.0000E+00  0.000  11.12
 A35        2.3159 0.20655   4.215 0.0000E+00  0.000   4.21
 A48        2.3971 0.08691   7.829 0.0000E+00  0.000   7.83
 A93        2.3999 0.02362   7.609 0.0000E+00  0.000   7.61
 A20        2.4033 0.16027  13.693 0.0000E+00  0.000  13.69
 A13        2.4950 0.12958  11.782 0.0000E+00  0.000  11.78
 A40        2.5026 0.58133   9.263 0.0000E+00  0.000   9.26
 A89        2.5533 0.17292  10.856 0.0000E+00  0.000  10.86
 A11        2.5538 0.16631  12.547 0.0000E+00  0.000  12.55
 A42        2.5789 0.20385   6.685 0.0000E+00  0.000   6.68
 A31        2.6077 0.06080   6.488 0.0000E+00  0.000   6.49
 A6         2.6499 0.10275  11.188 0.0000E+00  0.000  11.19
 A39        2.6683 0.11286   0.572 0.0000E+00  0.000   0.57
 A67        2.6929 0.17881   4.709 0.0000E+00  0.000   4.71
 A2         2.7242 0.16352   8.749 0.0000E+00  0.000   8.75
 A4         2.7262 0.10432   8.067 0.0000E+00  0.000   8.07
 A92        2.7408 0.09980  10.134 0.0000E+00  0.000  10.13
 A87        2.7699 0.10623   9.303 0.0000E+00  0.000   9.30
 A37        2.7760 0.15124   6.271 0.0000E+00  0.000   6.27
 A19        2.7945 0.03610  18.233 0.0000E+00  0.000  18.23
 A77        2.8694 0.17763   9.478 0.0000E+00  0.000   9.48
 A59        2.8813 0.32397  11.374 0.0000E+00  0.000  11.37
 A76        2.9214 0.03256   3.985 0.0000E+00  0.000   3.99
 A64        2.9380 0.18757  14.015 0.0000E+00  0.000  14.02
 A8         2.9447 0.05532  10.520 0.0000E+00  0.000  10.52
 A49        2.9619 0.12286   1.659 0.0000E+00  0.000   1.66
 A21        2.9626 0.05491  11.323 0.0000E+00  0.000  11.32
 A54        2.9663 0.03785   6.762 0.0000E+00  0.000   6.76
 A1         3.0018 0.26974   7.285 0.0000E+00  0.000   7.29
 A23        3.0656 0.18161   5.180 0.0000E+00  0.000   5.18
 A68        3.1017 0.17484   4.379 0.0000E+00  0.000   4.38
 A71        3.1076 0.22327   4.426 0.0000E+00  0.000   4.43
 A16        3.1294 0.27230   5.247 0.0000E+00  0.000   5.25
 A91        3.1513 0.20134   5.556 0.0000E+00  0.000   5.56
 A70        3.2904 0.31712   3.292 0.0000E+00  0.000   3.29
 A60        3.2989 0.21566   4.385 0.0000E+00  0.000   4.38
 A81        3.3157 0.18011   3.603 0.0000E+00  0.000   3.60
 A53        3.5180 0.14343   5.982 0.0000E+00  0.000   5.98
 A88        3.5946 0.22615   4.649 0.0000E+00  0.000   4.65
 A80        3.6012 0.02560   9.763 0.0000E+00  0.000   9.76
 A73        3.6251 0.44464  12.379 0.0000E+00  0.000  12.38
 A75        3.6734 0.18565  11.190 0.0000E+00  0.000  11.19
 A66        3.7259 0.22659   0.675 0.0000E+00  0.000   0.68
 A65        3.8919 0.31853   9.367 0.0000E+00  0.000   9.37
 A26        4.3128 0.22716  14.906 0.0000E+00  0.000  14.91
 JUPITER    6.7361 0.19290   2.056 9.5479E-04  0.000   2.06
