 EARTHMOO   1.0000 0.08732   3.269 9.1213E-06  0.000   3.27
 A79        1.5214 0.08812  11.530 0.0000E+00  0.000  11.53
 A83        1.5227 0.01421   0.836 0.0000E+00  0.000   0.84
 A51        1.5322 0.09826   6.656 0.0000E+00  0.000   6.66
 A41        1.5456 0.11454   6.839 0.0000E+00  0.000   6.84
 A44        1.5504 0.10991   3.205 0.0000E+00  0.000   3.20
 A85        1.5854 0.10393   6.982 0.0000E+00  0.000   6.98
 A47        1.6054 0.03587   7.128 0.0000E+00  0.000   7.13
 A34        1.6348 0.01325   6.839 0.0000E+00  0.000   6.84
 A95        1.6378 0.19160   7.501 0.0000E+00  0.000   7.50
 A14        1.6448 0.02922   5.254 0.0000E+00  0.000   5.25
 A62        1.6526 0.07475   7.353 0.0000E+00  0.000   7.35
 A84        1.6596 0.07514   8.405 0.0000E+00  0.000   8.41
 A17        1.7210 0.03904  10.508 0.0000E+00  0.000  10.51
 A18        1.7250 0.13860   3.807 0.0000E+00  0.000   3.81
 A38        1.7678 0.04969   7.035 0.0000E+00  0.000   7.04
 A63        1.7685 0.05861  12.085 0.0000E+00  0.000  12.08
 A24        1.8019 0.18259   7.212 0.0000E+00  0.000   7.21
 A58        1.8218 0.14506   3.430 0.0000E+00  0.000   3.43
 A7         1.8234 0.12405   3.090 0.0000E+00  0.000   3.09
 A99        1.8276 0.18776   8.931 0.0000E+00  0.000   8.93
 A74        1.8277 0.15334  12.006 0.0000E+00  0.000  12.01
 A29        1.8446 0.37404  13.355 0.0000E+00  0.000  13.36
 A50        1.8692 0.16632   6.066 0.0000E+00  0.000   6.07
 A33        1.8814 0.07895   6.805 0.0000E+00  0.000   6.81
 A86        1.9090 0.09539   6.536 0.0000E+00  0.000   6.54
 A98        1.9302 0.13974   6.342 0.0000E+00  0.000   6.34
 A82        1.9648 0.12453   4.094 0.0000E+00  0.000   4.09
 A43        2.0572 0.27890   5.098 0.0000E+00  0.000   5.10
 A69        2.0578 0.11169   3.361 0.0000E+00  0.000   3.36
 A90        2.0854 0.15898   3.580 0.0000E+00  0.000   3.58
 A96        2.1058 0.14411  15.129 0.0000E+00  0.000  15.13
 A25        2.1125 0.11727  10.965 0.0000E+00  0.000  10.96
 A12        2.1456 0.17568   1.970 0.0000E+00  0.000   1.97
 A55        2.1757 0.23468  13.143 0.0000E+00  0.000  13.14
 A94        2.1995 0.21483   8.619 0.0000E+00  0.000   8.62
 A45        2.2096 0.15904   7.593 0.0000E+00  0.000   7.59
 A28        2.2186 0.07043   7.569 0.0000E+00  0.000   7.57
 A72        2.2303 0.16854   5.145 0.0000E+00  0.000   5.14
 A61        2.2704 0.03082   7.631 0.0000E+00  0.000   7.63
 A22        2.2709 0.07181  13.149 0.0000E+00  0.000  13.15
 A97        2.2715 0.17166  12.539 0.0000E+00  0.000  12.54
 A35        2.3148 0.10757   4.587 0.0000E+00  0.000   4.59
 A48        2.3966 0.04424   7.650 0.0000E+00  0.000   7.65
 A93        2.4004 0.13946  10.100 0.0000E+00  0.000  10.10
 A20        2.4030 0.15586  11.142 0.0000E+00  0.000  11.14
 A13        2.4946 0.07304  14.575 0.0000E+00  0.000  14.57
 A89        2.5532 0.06164  13.953 0.0000E+00  0.000  13.95
 A11        2.5536 0.17313  13.017 0.0000E+00  0.000  13.02
 A42        2.5790 0.06691   8.033 0.0000E+00  0.000   8.03
 A31        2.6073 0.17754   8.373 0.0000E+00  0.000   8.37
 A6         2.6516 0.13326  12.969 0.0000E+00  0.000  12.97
 A39        2.6651 0.04774   3.594 0.0000E+00  0.000   3.59
 A67        2.6926 0.03038   6.207 0.0000E+00  0.000   6.21
 A2         2.7233 0.12179   5.119 0.0000E+00  0.000   5.12
 A4         2.7252 0.03416   5.649 0.0000E+00  0.000   5.65
 A92        2.7406 0.16377   8.748 0.0000E+00  0.000   8.75
 A87        2.7706 0.09908  12.962 0.0000E+00  0.000  12.96
 A37        2.7764 0.09279   8.639 0.0000E+00  0.000   8.64
 A19        2.7935 0.11920  20.844 0.0000E+00  0.000  20.84
 A77        2.8699 0.12564   6.103 0.0000E+00  0.000   6.10
 A59        2.8825 0.23613   8.169 0.0000E+00  0.000   8.17
 A76        2.9159 0.24943   0.776 0.0000E+00  0.000   0.78
 A64        2.9388 0.20086  15.177 0.0000E+00  0.000  15.18
 A8         2.9433 0.05724  11.409 0.0000E+00  0.000  11.41
 A49        2.9622 0.05239   5.422 0.0000E+00  0.000   5.42
 A21        2.9630 0.12880   9.768 0.0000E+00  0.000   9.77
 A54        2.9668 0.18863   6.809 0.0000E+00  0.000   6.81
 A1         3.0002 0.17092   3.533 0.0000E+00  0.000   3.53
 A23        3.0638 0.15897   5.226 0.0000E+00  0.000   5.23
 A68        3.0984 0.23898   4.442 0.0000E+00  0.000   4.44
 A71        3.1040 0.23452   5.174 0.0000E+00  0.000   5.17
 A16        3.1234 0.14068   4.773 0.0000E+00  0.000   4.77
 A91        3.1506 0.27645   8.200 0.0000E+00  0.000   8.20
 A60        3.2981 0.22069   7.508 0.0000E+00  0.000   7.51
 A70        3.3071 0.19597   6.707 0.0000E+00  0.000   6.71
 A81        3.3182 0.05160   4.096 0.0000E+00  0.000   4.10
 A53        3.5206 0.11921   3.157 0.0000E+00  0.000   3.16
 A88        3.5929 0.22191   5.290 0.0000E+00  0.000   5.29
 A80        3.5956 0.05624  12.920 0.0000E+00  0.000  12.92
 A75        3.6816 0.12153  11.450 0.0000E+00  0.000  11.45
 A66        3.7251 0.06876   2.634 0.0000E+00  0.000   2.63
 A65        3.8976 0.28778   5.762 0.0000E+00  0.000   5.76
 A26        4.1562 0.44711  12.391 0.0000E+00  0.000  12.39
 JUPITER    6.7356 0.19285   2.047 9.5479E-04  0.000   2.05
