
 Time (years):    9993155.3839836

              a        e       i      mass    Rot/day  Obl

 EARTHMOO   1.0000 0.09908   1.883 9.1213E-06  0.000   1.88
 A79        1.5213 0.08099  10.405 0.0000E+00  0.000  10.40
 A83        1.5225 0.14413   1.080 0.0000E+00  0.000   1.08
 A51        1.5322 0.04849   6.505 0.0000E+00  0.000   6.50
 A41        1.5457 0.06878   5.488 0.0000E+00  0.000   5.49
 A44        1.5505 0.14227   4.190 0.0000E+00  0.000   4.19
 A85        1.5841 0.12548   6.734 0.0000E+00  0.000   6.73
 A47        1.6053 0.10715   3.110 0.0000E+00  0.000   3.11
 A34        1.6347 0.09801   8.702 0.0000E+00  0.000   8.70
 A95        1.6376 0.08673   7.007 0.0000E+00  0.000   7.01
 A14        1.6449 0.08290   4.692 0.0000E+00  0.000   4.69
 A62        1.6525 0.05196  10.128 0.0000E+00  0.000  10.13
 A84        1.6597 0.11800   4.281 0.0000E+00  0.000   4.28
 A17        1.7210 0.06807  11.392 0.0000E+00  0.000  11.39
 A18        1.7250 0.15551   5.192 0.0000E+00  0.000   5.19
 A38        1.7678 0.01786   3.453 0.0000E+00  0.000   3.45
 A63        1.7686 0.13863  11.843 0.0000E+00  0.000  11.84
 A24        1.8019 0.15727   7.757 0.0000E+00  0.000   7.76
 A58        1.8218 0.17370   2.152 0.0000E+00  0.000   2.15
 A7         1.8234 0.01096   1.336 0.0000E+00  0.000   1.34
 A74        1.8278 0.12967  10.898 0.0000E+00  0.000  10.90
 A99        1.8278 0.07860   6.236 0.0000E+00  0.000   6.24
 A29        1.8410 0.14000  10.763 0.0000E+00  0.000  10.76
 A50        1.8692 0.06494   7.064 0.0000E+00  0.000   7.06
 A33        1.8815 0.08254  10.174 0.0000E+00  0.000  10.17
 A86        1.9090 0.22929   8.204 0.0000E+00  0.000   8.20
 A98        1.9303 0.12202   7.084 0.0000E+00  0.000   7.08
 A82        1.9647 0.25366   5.656 0.0000E+00  0.000   5.66
 A43        2.0576 0.15655   5.168 0.0000E+00  0.000   5.17
 A69        2.0579 0.17652   1.506 0.0000E+00  0.000   1.51
 A90        2.0859 0.12887   0.694 0.0000E+00  0.000   0.69
 A96        2.1054 0.10488  15.625 0.0000E+00  0.000  15.63
 A25        2.1128 0.05477   9.222 0.0000E+00  0.000   9.22
 A12        2.1455 0.06331   4.443 0.0000E+00  0.000   4.44
 A55        2.1756 0.21167  14.644 0.0000E+00  0.000  14.64
 A94        2.1994 0.21837   7.330 0.0000E+00  0.000   7.33
 A45        2.2094 0.14538   7.378 0.0000E+00  0.000   7.38
 A28        2.2186 0.02432  10.710 0.0000E+00  0.000  10.71
 A72        2.2304 0.16129   8.241 0.0000E+00  0.000   8.24
 A61        2.2702 0.01832  10.786 0.0000E+00  0.000  10.79
 A22        2.2707 0.13610   9.926 0.0000E+00  0.000   9.93
 A97        2.2715 0.11339  12.681 0.0000E+00  0.000  12.68
 A35        2.3158 0.26424   6.970 0.0000E+00  0.000   6.97
 A48        2.3961 0.14615   9.952 0.0000E+00  0.000   9.95
 A93        2.4004 0.12897  11.300 0.0000E+00  0.000  11.30
 A20        2.4030 0.10994  11.545 0.0000E+00  0.000  11.54
 A13        2.4951 0.15119  11.178 0.0000E+00  0.000  11.18
 A89        2.5537 0.10897   9.993 0.0000E+00  0.000   9.99
 A11        2.5539 0.09800  16.293 0.0000E+00  0.000  16.29
 A42        2.5795 0.22452   7.604 0.0000E+00  0.000   7.60
 A31        2.6067 0.16256   6.146 0.0000E+00  0.000   6.15
 A6         2.6498 0.25174  11.560 0.0000E+00  0.000  11.56
 A39        2.6680 0.09656   2.118 0.0000E+00  0.000   2.12
 A67        2.6950 0.11723   5.507 0.0000E+00  0.000   5.51
 A2         2.7226 0.18093   5.132 0.0000E+00  0.000   5.13
 A4         2.7244 0.06613   5.157 0.0000E+00  0.000   5.16
 A92        2.7414 0.05845   8.175 0.0000E+00  0.000   8.18
 A87        2.7705 0.14091   9.771 0.0000E+00  0.000   9.77
 A37        2.7759 0.13486   6.600 0.0000E+00  0.000   6.60
 A19        2.7931 0.14327  18.557 0.0000E+00  0.000  18.56
 A77        2.8691 0.02196   9.832 0.0000E+00  0.000   9.83
 A59        2.8813 0.28287  11.701 0.0000E+00  0.000  11.70
 A76        2.9126 0.07117   0.869 0.0000E+00  0.000   0.87
 A64        2.9399 0.18497  12.911 0.0000E+00  0.000  12.91
 A8         2.9417 0.01801   7.675 0.0000E+00  0.000   7.68
 A49        2.9615 0.11362   5.219 0.0000E+00  0.000   5.22
 A21        2.9615 0.12528  11.362 0.0000E+00  0.000  11.36
 A54        2.9658 0.16470   4.368 0.0000E+00  0.000   4.37
 A1         3.0017 0.29323   5.604 0.0000E+00  0.000   5.60
 A23        3.0645 0.06937   1.328 0.0000E+00  0.000   1.33
 A68        3.1004 0.15546   3.686 0.0000E+00  0.000   3.69
 A71        3.1021 0.25160   5.364 0.0000E+00  0.000   5.36
 A16        3.1270 0.32195   2.640 0.0000E+00  0.000   2.64
 A91        3.1609 0.41183   6.600 0.0000E+00  0.000   6.60
 A70        3.2939 0.38952   5.814 0.0000E+00  0.000   5.81
 A60        3.3035 0.12786   8.042 0.0000E+00  0.000   8.04
 A81        3.3141 0.19118   3.138 0.0000E+00  0.000   3.14
 A53        3.5192 0.10581   5.959 0.0000E+00  0.000   5.96
 A88        3.5917 0.21481   3.762 0.0000E+00  0.000   3.76
 A80        3.5999 0.05867  11.501 0.0000E+00  0.000  11.50
 A75        3.6761 0.14670  12.664 0.0000E+00  0.000  12.66
 A66        3.7213 0.06795   0.498 0.0000E+00  0.000   0.50
 A65        3.8976 0.30699   6.139 0.0000E+00  0.000   6.14
 A26        4.1876 0.23607   7.697 0.0000E+00  0.000   7.70
 JUPITER    6.7358 0.19278   2.054 9.5479E-04  0.000   2.05
