 EARTHMOO   1.0000 0.02808   1.484 9.1213E-06  0.000   1.48
 A79        1.5213 0.02321  12.825 0.0000E+00  0.000  12.82
 A83        1.5226 0.07475   3.007 0.0000E+00  0.000   3.01
 A51        1.5321 0.06198   3.669 0.0000E+00  0.000   3.67
 A41        1.5456 0.05175   4.250 0.0000E+00  0.000   4.25
 A44        1.5505 0.06846   4.682 0.0000E+00  0.000   4.68
 A85        1.5847 0.04917   9.689 0.0000E+00  0.000   9.69
 A47        1.6054 0.07504   5.407 0.0000E+00  0.000   5.41
 A34        1.6345 0.06766  10.828 0.0000E+00  0.000  10.83
 A95        1.6376 0.13519   9.507 0.0000E+00  0.000   9.51
 A14        1.6449 0.02176   4.438 0.0000E+00  0.000   4.44
 A62        1.6526 0.04179  11.551 0.0000E+00  0.000  11.55
 A84        1.6596 0.03650   5.974 0.0000E+00  0.000   5.97
 A17        1.7211 0.01701  12.041 0.0000E+00  0.000  12.04
 A18        1.7250 0.08156   4.977 0.0000E+00  0.000   4.98
 A38        1.7679 0.08374   5.292 0.0000E+00  0.000   5.29
 A63        1.7686 0.09164  11.222 0.0000E+00  0.000  11.22
 A24        1.8018 0.09489   6.765 0.0000E+00  0.000   6.76
 A58        1.8219 0.14466   4.425 0.0000E+00  0.000   4.42
 A7         1.8235 0.10138   0.312 0.0000E+00  0.000   0.31
 A74        1.8277 0.19327   9.964 0.0000E+00  0.000   9.96
 A99        1.8278 0.13883   6.705 0.0000E+00  0.000   6.70
 A29        1.8421 0.27510   9.891 0.0000E+00  0.000   9.89
 A50        1.8692 0.08954   6.327 0.0000E+00  0.000   6.33
 A33        1.8814 0.10154  10.097 0.0000E+00  0.000  10.10
 A86        1.9091 0.20424   7.812 0.0000E+00  0.000   7.81
 A98        1.9302 0.02953   7.025 0.0000E+00  0.000   7.02
 A82        1.9648 0.16546   4.376 0.0000E+00  0.000   4.38
 A43        2.0573 0.25899   2.337 0.0000E+00  0.000   2.34
 A69        2.0577 0.17883   1.082 0.0000E+00  0.000   1.08
 A90        2.0855 0.15495   3.939 0.0000E+00  0.000   3.94
 A96        2.1057 0.16798  13.437 0.0000E+00  0.000  13.44
 A25        2.1127 0.03545  11.126 0.0000E+00  0.000  11.13
 A12        2.1456 0.13989   5.284 0.0000E+00  0.000   5.28
 A55        2.1758 0.25689  10.698 0.0000E+00  0.000  10.70
 A94        2.1996 0.15058   8.712 0.0000E+00  0.000   8.71
 A45        2.2095 0.17805   3.737 0.0000E+00  0.000   3.74
 A28        2.2182 0.16919   9.932 0.0000E+00  0.000   9.93
 A72        2.2301 0.16732   8.438 0.0000E+00  0.000   8.44
 A61        2.2702 0.04433  10.728 0.0000E+00  0.000  10.73
 A22        2.2706 0.05192   9.955 0.0000E+00  0.000   9.95
 A97        2.2716 0.06721  10.855 0.0000E+00  0.000  10.85
 A35        2.3150 0.26926   6.740 0.0000E+00  0.000   6.74
 A48        2.3965 0.14328  10.812 0.0000E+00  0.000  10.81
 A93        2.4002 0.05444  11.516 0.0000E+00  0.000  11.52
 A20        2.4034 0.14955  12.448 0.0000E+00  0.000  12.45
 A13        2.4949 0.15134  10.858 0.0000E+00  0.000  10.86
 A89        2.5529 0.23787  13.663 0.0000E+00  0.000  13.66
 A11        2.5539 0.09705  15.749 0.0000E+00  0.000  15.75
 A42        2.5781 0.23501   3.895 0.0000E+00  0.000   3.90
 A31        2.6070 0.14326   8.871 0.0000E+00  0.000   8.87
 A6         2.6506 0.24977  13.529 0.0000E+00  0.000  13.53
 A39        2.6610 0.07139   4.382 0.0000E+00  0.000   4.38
 A67        2.6956 0.14524   5.300 0.0000E+00  0.000   5.30
 A2         2.7221 0.26637   8.401 0.0000E+00  0.000   8.40
 A4         2.7242 0.09252   8.404 0.0000E+00  0.000   8.40
 A92        2.7405 0.15768   9.593 0.0000E+00  0.000   9.59
 A87        2.7699 0.14406  11.161 0.0000E+00  0.000  11.16
 A37        2.7762 0.04347   8.782 0.0000E+00  0.000   8.78
 A19        2.7941 0.05714  16.662 0.0000E+00  0.000  16.66
 A77        2.8702 0.17684   9.825 0.0000E+00  0.000   9.83
 A59        2.8819 0.15249   9.913 0.0000E+00  0.000   9.91
 A76        2.9161 0.24927   3.306 0.0000E+00  0.000   3.31
 A64        2.9396 0.04988  13.592 0.0000E+00  0.000  13.59
 A8         2.9428 0.02103  10.349 0.0000E+00  0.000  10.35
 A21        2.9628 0.08182  11.031 0.0000E+00  0.000  11.03
 A49        2.9628 0.10094   2.678 0.0000E+00  0.000   2.68
 A54        2.9657 0.20078   6.052 0.0000E+00  0.000   6.05
 A1         2.9987 0.11952   6.792 0.0000E+00  0.000   6.79
 A23        3.0657 0.17909   2.093 0.0000E+00  0.000   2.09
 A68        3.1002 0.03677   4.430 0.0000E+00  0.000   4.43
 A71        3.1064 0.09229   4.665 0.0000E+00  0.000   4.66
 A16        3.1245 0.21373   4.991 0.0000E+00  0.000   4.99
 A91        3.1610 0.17676   4.900 0.0000E+00  0.000   4.90
 A60        3.2976 0.22114   8.312 0.0000E+00  0.000   8.31
 A70        3.3024 0.38973   6.861 0.0000E+00  0.000   6.86
 A81        3.3144 0.13014   2.848 0.0000E+00  0.000   2.85
 A53        3.5181 0.10304   4.560 0.0000E+00  0.000   4.56
 A88        3.5902 0.31013   3.626 0.0000E+00  0.000   3.63
 A80        3.5996 0.19564  10.602 0.0000E+00  0.000  10.60
 A75        3.6707 0.16973  14.209 0.0000E+00  0.000  14.21
 A73        3.6846 0.36490  12.938 0.0000E+00  0.000  12.94
 A66        3.7233 0.17523   0.734 0.0000E+00  0.000   0.73
 A65        3.8998 0.04669   8.047 0.0000E+00  0.000   8.05
 A26        4.2065 0.10410  13.092 0.0000E+00  0.000  13.09
 JUPITER    6.7358 0.19290   2.055 9.5479E-04  0.000   2.06
