 EARTHMOO   1.0000 0.03802   2.289 9.1213E-06  0.000   2.29
 A79        1.5213 0.00566  11.578 0.0000E+00  0.000  11.58
 A83        1.5225 0.08956   1.903 0.0000E+00  0.000   1.90
 A51        1.5322 0.04691   3.077 0.0000E+00  0.000   3.08
 A41        1.5457 0.05590   4.317 0.0000E+00  0.000   4.32
 A44        1.5504 0.07290   6.808 0.0000E+00  0.000   6.81
 A85        1.5851 0.01184   7.112 0.0000E+00  0.000   7.11
 A47        1.6054 0.09555   4.761 0.0000E+00  0.000   4.76
 A34        1.6347 0.07004  10.463 0.0000E+00  0.000  10.46
 A95        1.6377 0.18097   9.730 0.0000E+00  0.000   9.73
 A14        1.6448 0.08622   5.237 0.0000E+00  0.000   5.24
 A62        1.6527 0.03644  11.914 0.0000E+00  0.000  11.91
 A84        1.6596 0.02908   7.507 0.0000E+00  0.000   7.51
 A17        1.7211 0.07249   9.202 0.0000E+00  0.000   9.20
 A18        1.7250 0.04995   4.651 0.0000E+00  0.000   4.65
 A38        1.7678 0.12067   7.318 0.0000E+00  0.000   7.32
 A63        1.7686 0.12779  11.913 0.0000E+00  0.000  11.91
 A24        1.8019 0.08533   6.667 0.0000E+00  0.000   6.67
 A58        1.8218 0.08026   1.983 0.0000E+00  0.000   1.98
 A7         1.8234 0.07676   1.825 0.0000E+00  0.000   1.83
 A74        1.8276 0.14397  10.539 0.0000E+00  0.000  10.54
 A99        1.8277 0.17795   6.088 0.0000E+00  0.000   6.09
 A29        1.8410 0.21113   8.395 0.0000E+00  0.000   8.40
 A50        1.8692 0.11904   6.164 0.0000E+00  0.000   6.16
 A33        1.8813 0.13279   7.735 0.0000E+00  0.000   7.73
 A86        1.9091 0.16509   4.094 0.0000E+00  0.000   4.09
 A98        1.9301 0.13171   7.439 0.0000E+00  0.000   7.44
 A82        1.9647 0.18987   3.612 0.0000E+00  0.000   3.61
 A43        2.0571 0.25806   5.401 0.0000E+00  0.000   5.40
 A69        2.0576 0.16941   2.081 0.0000E+00  0.000   2.08
 A90        2.0856 0.14793   3.667 0.0000E+00  0.000   3.67
 A96        2.1056 0.13833  13.362 0.0000E+00  0.000  13.36
 A25        2.1125 0.04258   9.366 0.0000E+00  0.000   9.37
 A12        2.1456 0.15189   3.929 0.0000E+00  0.000   3.93
 A55        2.1757 0.20164  14.524 0.0000E+00  0.000  14.52
 A94        2.1998 0.22079   6.204 0.0000E+00  0.000   6.20
 A45        2.2097 0.12577   7.307 0.0000E+00  0.000   7.31
 A28        2.2184 0.03607   8.597 0.0000E+00  0.000   8.60
 A72        2.2303 0.09472   7.423 0.0000E+00  0.000   7.42
 A61        2.2704 0.14860   9.973 0.0000E+00  0.000   9.97
 A22        2.2708 0.09461  12.435 0.0000E+00  0.000  12.43
 A97        2.2714 0.09207  13.295 0.0000E+00  0.000  13.30
 A35        2.3158 0.17948   4.227 0.0000E+00  0.000   4.23
 A48        2.3965 0.10401   9.065 0.0000E+00  0.000   9.06
 A93        2.4005 0.02189  11.617 0.0000E+00  0.000  11.62
 A20        2.4028 0.19210  14.476 0.0000E+00  0.000  14.48
 A13        2.4947 0.08869  13.592 0.0000E+00  0.000  13.59
 A89        2.5534 0.08387  10.728 0.0000E+00  0.000  10.73
 A11        2.5536 0.13951  13.731 0.0000E+00  0.000  13.73
 A42        2.5794 0.13505   7.573 0.0000E+00  0.000   7.57
 A31        2.6073 0.15506   9.076 0.0000E+00  0.000   9.08
 A6         2.6552 0.21197  11.722 0.0000E+00  0.000  11.72
 A39        2.6680 0.10151   4.579 0.0000E+00  0.000   4.58
 A67        2.6925 0.01583   6.399 0.0000E+00  0.000   6.40
 A2         2.7221 0.12082   8.672 0.0000E+00  0.000   8.67
 A4         2.7252 0.02203   4.766 0.0000E+00  0.000   4.77
 A92        2.7406 0.14172   8.460 0.0000E+00  0.000   8.46
 A87        2.7705 0.06859  12.046 0.0000E+00  0.000  12.05
 A37        2.7762 0.04145   9.623 0.0000E+00  0.000   9.62
 A19        2.7930 0.13569  20.730 0.0000E+00  0.000  20.73
 A77        2.8706 0.09988   7.276 0.0000E+00  0.000   7.28
 A59        2.8824 0.11979   9.083 0.0000E+00  0.000   9.08
 A76        2.9159 0.16731   0.433 0.0000E+00  0.000   0.43
 A64        2.9382 0.10166  11.273 0.0000E+00  0.000  11.27
 A8         2.9430 0.21459   8.082 0.0000E+00  0.000   8.08
 A21        2.9624 0.07574   8.605 0.0000E+00  0.000   8.60
 A49        2.9627 0.20930   5.084 0.0000E+00  0.000   5.08
 A54        2.9667 0.18835   7.284 0.0000E+00  0.000   7.28
 A1         2.9996 0.11013   3.200 0.0000E+00  0.000   3.20
 A23        3.0643 0.11565   3.569 0.0000E+00  0.000   3.57
 A68        3.1006 0.24169   4.565 0.0000E+00  0.000   4.56
 A71        3.1066 0.04013   2.275 0.0000E+00  0.000   2.27
 A16        3.1270 0.33932   5.040 0.0000E+00  0.000   5.04
 A91        3.1514 0.30503   4.669 0.0000E+00  0.000   4.67
 A60        3.3047 0.05721   8.272 0.0000E+00  0.000   8.27
 A70        3.3064 0.29985   5.261 0.0000E+00  0.000   5.26
 A81        3.3125 0.19331   4.601 0.0000E+00  0.000   4.60
 A53        3.5186 0.14873   4.434 0.0000E+00  0.000   4.43
 A88        3.5955 0.29003   6.303 0.0000E+00  0.000   6.30
 A80        3.5960 0.07428  13.403 0.0000E+00  0.000  13.40
 A75        3.6726 0.18461  13.038 0.0000E+00  0.000  13.04
 A66        3.7241 0.11393   3.431 0.0000E+00  0.000   3.43
 A65        3.8904 0.31382   9.266 0.0000E+00  0.000   9.27
 A26        4.2035 0.43581  17.059 0.0000E+00  0.000  17.06
 JUPITER    6.7361 0.19282   2.052 9.5479E-04  0.000   2.05
