 EARTHMOO   1.0000 0.09927   3.449 9.1213E-06  0.000   3.45
 A79        1.5214 0.05520  13.334 0.0000E+00  0.000  13.33
 A83        1.5225 0.08718   5.481 0.0000E+00  0.000   5.48
 A51        1.5322 0.06560   7.097 0.0000E+00  0.000   7.10
 A41        1.5458 0.07431   6.803 0.0000E+00  0.000   6.80
 A44        1.5505 0.13736   6.384 0.0000E+00  0.000   6.38
 A85        1.5841 0.08916  10.735 0.0000E+00  0.000  10.73
 A47        1.6052 0.06595   1.778 0.0000E+00  0.000   1.78
 A34        1.6346 0.10368  10.539 0.0000E+00  0.000  10.54
 A95        1.6378 0.21934   7.468 0.0000E+00  0.000   7.47
 A14        1.6447 0.09834   5.813 0.0000E+00  0.000   5.81
 A62        1.6526 0.07924   7.310 0.0000E+00  0.000   7.31
 A84        1.6596 0.10828   3.423 0.0000E+00  0.000   3.42
 A17        1.7210 0.09474   8.728 0.0000E+00  0.000   8.73
 A18        1.7250 0.08360   5.899 0.0000E+00  0.000   5.90
 A38        1.7678 0.09495   2.804 0.0000E+00  0.000   2.80
 A63        1.7686 0.13830  14.514 0.0000E+00  0.000  14.51
 A24        1.8020 0.18841   7.489 0.0000E+00  0.000   7.49
 A58        1.8218 0.19228   2.479 0.0000E+00  0.000   2.48
 A7         1.8235 0.12383   2.093 0.0000E+00  0.000   2.09
 A99        1.8277 0.21072   9.624 0.0000E+00  0.000   9.62
 A74        1.8278 0.21616   8.325 0.0000E+00  0.000   8.33
 A29        1.8426 0.46023  10.078 0.0000E+00  0.000  10.08
 A50        1.8692 0.17709   6.025 0.0000E+00  0.000   6.02
 A33        1.8813 0.13507  10.757 0.0000E+00  0.000  10.76
 A86        1.9091 0.16246   4.492 0.0000E+00  0.000   4.49
 A98        1.9302 0.01804   7.456 0.0000E+00  0.000   7.46
 A82        1.9649 0.12911   7.079 0.0000E+00  0.000   7.08
 A43        2.0571 0.28314   1.630 0.0000E+00  0.000   1.63
 A69        2.0575 0.16036   1.002 0.0000E+00  0.000   1.00
 A90        2.0856 0.15997   3.234 0.0000E+00  0.000   3.23
 A96        2.1057 0.17036  14.677 0.0000E+00  0.000  14.68
 A25        2.1126 0.10354   9.715 0.0000E+00  0.000   9.72
 A12        2.1457 0.02757   3.085 0.0000E+00  0.000   3.09
 A55        2.1760 0.24935  12.087 0.0000E+00  0.000  12.09
 A94        2.1994 0.20725  10.151 0.0000E+00  0.000  10.15
 A45        2.2095 0.08139   3.357 0.0000E+00  0.000   3.36
 A28        2.2184 0.17097  10.850 0.0000E+00  0.000  10.85
 A72        2.2306 0.10095   6.744 0.0000E+00  0.000   6.74
 A61        2.2701 0.14394   8.704 0.0000E+00  0.000   8.70
 A22        2.2708 0.07191  11.966 0.0000E+00  0.000  11.97
 A97        2.2716 0.11432  10.836 0.0000E+00  0.000  10.84
 A35        2.3160 0.25842   4.503 0.0000E+00  0.000   4.50
 A48        2.3966 0.06980   8.706 0.0000E+00  0.000   8.71
 A93        2.4000 0.14048   9.744 0.0000E+00  0.000   9.74
 A20        2.4029 0.17989  13.415 0.0000E+00  0.000  13.41
 A13        2.4943 0.02705  10.671 0.0000E+00  0.000  10.67
 A89        2.5524 0.21957  11.149 0.0000E+00  0.000  11.15
 A11        2.5532 0.15725  15.628 0.0000E+00  0.000  15.63
 A42        2.5792 0.23562   4.973 0.0000E+00  0.000   4.97
 A31        2.6072 0.10864   8.589 0.0000E+00  0.000   8.59
 A6         2.6560 0.18333  11.935 0.0000E+00  0.000  11.93
 A39        2.6621 0.05950   2.658 0.0000E+00  0.000   2.66
 A67        2.6942 0.16569   5.011 0.0000E+00  0.000   5.01
 A2         2.7243 0.23334   5.313 0.0000E+00  0.000   5.31
 A4         2.7254 0.09968   8.423 0.0000E+00  0.000   8.42
 A92        2.7422 0.13474   9.835 0.0000E+00  0.000   9.83
 A87        2.7701 0.06056   9.980 0.0000E+00  0.000   9.98
 A37        2.7770 0.10729   9.526 0.0000E+00  0.000   9.53
 A19        2.7942 0.04471  17.022 0.0000E+00  0.000  17.02
 A77        2.8694 0.17965  10.072 0.0000E+00  0.000  10.07
 A59        2.8811 0.28372  11.116 0.0000E+00  0.000  11.12
 A76        2.9137 0.19045   3.916 0.0000E+00  0.000   3.92
 A64        2.9377 0.12221  11.073 0.0000E+00  0.000  11.07
 A8         2.9439 0.22267   7.338 0.0000E+00  0.000   7.34
 A49        2.9630 0.18603   1.593 0.0000E+00  0.000   1.59
 A21        2.9634 0.14130   7.830 0.0000E+00  0.000   7.83
 A54        2.9665 0.15643   7.178 0.0000E+00  0.000   7.18
 A1         2.9997 0.14377   7.416 0.0000E+00  0.000   7.42
 A23        3.0643 0.02687   3.660 0.0000E+00  0.000   3.66
 A68        3.0984 0.11078   4.375 0.0000E+00  0.000   4.37
 A71        3.1048 0.20193   3.631 0.0000E+00  0.000   3.63
 A16        3.1223 0.31350   4.666 0.0000E+00  0.000   4.67
 A91        3.1528 0.18499   8.968 0.0000E+00  0.000   8.97
 A60        3.3017 0.04466   6.408 0.0000E+00  0.000   6.41
 A70        3.3025 0.39654   5.650 0.0000E+00  0.000   5.65
 A81        3.3147 0.04645   3.039 0.0000E+00  0.000   3.04
 A53        3.5194 0.13730   5.502 0.0000E+00  0.000   5.50
 A88        3.5946 0.15773   4.277 0.0000E+00  0.000   4.28
 A80        3.6064 0.13303   9.952 0.0000E+00  0.000   9.95
 A75        3.6788 0.13336  12.512 0.0000E+00  0.000  12.51
 A73        3.6911 0.39505   7.902 0.0000E+00  0.000   7.90
 A66        3.7211 0.20547   4.656 0.0000E+00  0.000   4.66
 A65        3.8841 0.28031   6.413 0.0000E+00  0.000   6.41
 A26        4.2354 0.11080   3.374 0.0000E+00  0.000   3.37
 JUPITER    6.7358 0.19278   2.046 9.5479E-04  0.000   2.05
