6a10_ݹ  #  LLLՑ                        LLLՓ2
  !EARTHMOOCTw                  ء%tRH
  "JUPITER ׿                  轻7
  #SATURN  $d[\_                  yyy
  $A1                              LLLՑ
  %A2                              LLLՑ
  &A3                              LLLՑ
  'A4                              LLLՑ
  (A5                              LLLՑ
  )A6                              LLLՑ
  *A7                              LLLՑ
  +A8                              LLLՑ
  ,A9                              LLLՑ
  -A10                             LLLՑ
  .A11                             LLLՑ
  /A12                             LLLՑ
  0A13                             LLLՑ
  1A14                             LLLՑ
  2A15                             LLLՑ
  3A16                             LLLՑ
  4A17                             LLLՑ
  5A18                             LLLՑ
  6A19                             LLLՑ
  7A20                             LLLՑ
  8A21                             LLLՑ
  9A22                             LLLՑ
  :A23                             LLLՑ
  ;A24                             LLLՑ
  <A25                             LLLՑ
  =A26                             LLLՑ
  >A27                             LLLՑ
  ?A28                             LLLՑ
  @A29                             LLLՑ
  AA30                             LLLՑ
  BA31                             LLLՑ
  CA32                             LLLՑ
  DA33                             LLLՑ
  EA34                             LLLՑ
  FA35                             LLLՑ
  GA36                             LLLՑ
  HA37                             LLLՑ
  IA38                             LLLՑ
  JA39                             LLLՑ
  KA40                             LLLՑ
  LA41                             LLLՑ
  MA42                             LLLՑ
  NA43                             LLLՑ
  OA44                             LLLՑ
  PA45                             LLLՑ
  QA46                             LLLՑ
  RA47                             LLLՑ
  SA48                             LLLՑ
  TA49                             LLLՑ
  UA50                             LLLՑ
  VA51                             LLLՑ
  WA52                             LLLՑ
  XA53                             LLLՑ
  YA54                             LLLՑ
  ZA55                             LLLՑ
  [A56                             LLLՑ
  \A57                             LLLՑ
  ]A58                             LLLՑ
  ^A59                             LLLՑ
  _A60                             LLLՑ
  `A61                             LLLՑ
  aA62                             LLLՑ
  bA63                             LLLՑ
  cA64                             LLLՑ
  dA65                             LLLՑ
  eA66                             LLLՑ
  fA67                             LLLՑ
  gA68                             LLLՑ
  hA69                             LLLՑ
  iA70                             LLLՑ
  jA71                             LLLՑ
  kA72                             LLLՑ
  lA73                             LLLՑ
  mA74                             LLLՑ
  nA75                             LLLՑ
  oA76                             LLLՑ
  pA77                             LLLՑ
  qA78                             LLLՑ
  rA79                             LLLՑ
  sA80                             LLLՑ
  tA81                             LLLՑ
  uA82                             LLLՑ
  vA83                             LLLՑ
  wA84                             LLLՑ
  xA85                             LLLՑ
  yA86                             LLLՑ
  zA87                             LLLՑ
  {A88                             LLLՑ
  |A89                             LLLՑ
  }A90                             LLLՑ
  ~A91                             LLLՑ
  A92                             LLLՑ
  A93                             LLLՑ
  A94                             LLLՑ
  A95                             LLLՑ
  A96                             LLLՑ
  A97                             LLLՑ
  A98                             LLLՑ
  A99                             LLLՑ
  A100                            LLLՑ
