 EARTHMOO   1.0000 0.00049   1.261 9.1213E-06  0.000   1.26
 A79        1.5216 0.04879   9.285 0.0000E+00  0.000   9.28
 A83        1.5225 0.05451   6.264 0.0000E+00  0.000   6.26
 A51        1.5322 0.02724   5.333 0.0000E+00  0.000   5.33
 A41        1.5456 0.09706   2.134 0.0000E+00  0.000   2.13
 A44        1.5505 0.04442   8.078 0.0000E+00  0.000   8.08
 A85        1.5847 0.01284   6.026 0.0000E+00  0.000   6.03
 A47        1.6055 0.02914   6.268 0.0000E+00  0.000   6.27
 A34        1.6347 0.05769   9.377 0.0000E+00  0.000   9.38
 A95        1.6376 0.09719   6.253 0.0000E+00  0.000   6.25
 A14        1.6448 0.02600   1.086 0.0000E+00  0.000   1.09
 A62        1.6525 0.06023   8.565 0.0000E+00  0.000   8.57
 A84        1.6596 0.05608   2.293 0.0000E+00  0.000   2.29
 A17        1.7214 0.04636  10.165 0.0000E+00  0.000  10.17
 A18        1.7250 0.01642   0.471 0.0000E+00  0.000   0.47
 A38        1.7679 0.03740   2.515 0.0000E+00  0.000   2.52
 A63        1.7687 0.02755   8.248 0.0000E+00  0.000   8.25
 A24        1.8018 0.04583   5.112 0.0000E+00  0.000   5.11
 A58        1.8214 0.09532   6.142 0.0000E+00  0.000   6.14
 A7         1.8235 0.03439   4.087 0.0000E+00  0.000   4.09
 A99        1.8275 0.04962   6.612 0.0000E+00  0.000   6.61
 A74        1.8282 0.06145   6.259 0.0000E+00  0.000   6.26
 A29        1.8411 0.03855   5.819 0.0000E+00  0.000   5.82
 A50        1.8695 0.01048   3.971 0.0000E+00  0.000   3.97
 A33        1.8815 0.02585   4.598 0.0000E+00  0.000   4.60
 A86        1.9085 0.05668   1.895 0.0000E+00  0.000   1.89
 A98        1.9301 0.06262   1.351 0.0000E+00  0.000   1.35
 A82        1.9661 0.11004   1.412 0.0000E+00  0.000   1.41
 A43        2.0497 0.10499   6.456 0.0000E+00  0.000   6.46
 A69        2.0560 0.04353   7.072 0.0000E+00  0.000   7.07
 A90        2.0876 0.09973   6.965 0.0000E+00  0.000   6.96
 A96        2.1045 0.06521   8.750 0.0000E+00  0.000   8.75
 A25        2.1137 0.03302   6.882 0.0000E+00  0.000   6.88
 A12        2.1455 0.02266   5.138 0.0000E+00  0.000   5.14
 A55        2.1719 0.06357   7.645 0.0000E+00  0.000   7.64
 A94        2.1999 0.04805   1.102 0.0000E+00  0.000   1.10
 A45        2.2127 0.05174   2.152 0.0000E+00  0.000   2.15
 A28        2.2179 0.05102   2.429 0.0000E+00  0.000   2.43
 A72        2.2277 0.02007   1.032 0.0000E+00  0.000   1.03
 A22        2.2647 0.00378   6.243 0.0000E+00  0.000   6.24
 A97        2.2726 0.04584   9.256 0.0000E+00  0.000   9.26
 A61        2.2732 0.04440   1.877 0.0000E+00  0.000   1.88
 A35        2.3204 0.07281   7.280 0.0000E+00  0.000   7.28
 A20        2.3916 0.09276   5.046 0.0000E+00  0.000   5.05
 A48        2.3954 0.08078   3.674 0.0000E+00  0.000   3.67
 A93        2.3993 0.08408   2.365 0.0000E+00  0.000   2.36
 A13        2.4911 0.08517   7.512 0.0000E+00  0.000   7.51
 A89        2.5572 0.01526   6.625 0.0000E+00  0.000   6.62
 A11        2.5651 0.03741   7.014 0.0000E+00  0.000   7.01
 A42        2.5657 0.04282   7.629 0.0000E+00  0.000   7.63
 A31        2.5969 0.04178   8.047 0.0000E+00  0.000   8.05
 A67        2.6551 0.05589   6.592 0.0000E+00  0.000   6.59
 A6         2.6639 0.04815   3.948 0.0000E+00  0.000   3.95
 A39        2.6984 0.06787   9.243 0.0000E+00  0.000   9.24
 A100       2.6990 0.01074   6.518 0.0000E+00  0.000   6.52
 A4         2.7070 0.07607   3.014 0.0000E+00  0.000   3.01
 A87        2.7487 0.04383   6.745 0.0000E+00  0.000   6.74
 A2         2.7588 0.03305   0.916 0.0000E+00  0.000   0.92
 A37        2.7656 0.01932   2.527 0.0000E+00  0.000   2.53
 A19        2.7798 0.06107   9.401 0.0000E+00  0.000   9.40
 A92        2.8247 0.02212   1.719 0.0000E+00  0.000   1.72
 A77        2.9401 0.09080   8.421 0.0000E+00  0.000   8.42
 A49        2.9472 0.01644   4.118 0.0000E+00  0.000   4.12
 A64        2.9473 0.08187   9.144 0.0000E+00  0.000   9.14
 A8         2.9486 0.07207   5.128 0.0000E+00  0.000   5.13
 A21        2.9670 0.07665   4.677 0.0000E+00  0.000   4.68
 A59        2.9717 0.07586   6.340 0.0000E+00  0.000   6.34
 A23        3.0091 0.04560   1.843 0.0000E+00  0.000   1.84
 A1         3.0453 0.03991   1.606 0.0000E+00  0.000   1.61
 A54        3.0700 0.04537   0.670 0.0000E+00  0.000   0.67
 A76        3.0773 0.02769   6.408 0.0000E+00  0.000   6.41
 A68        3.1127 0.02311   8.484 0.0000E+00  0.000   8.48
 A71        3.1161 0.03109   3.664 0.0000E+00  0.000   3.66
 A78        3.1254 0.04940  10.015 0.0000E+00  0.000  10.01
 A16        3.1350 0.06804   4.484 0.0000E+00  0.000   4.48
 A40        3.1737 0.07821   7.835 0.0000E+00  0.000   7.83
 A60        3.2296 0.05643   6.511 0.0000E+00  0.000   6.51
 A81        3.2746 0.04221   4.879 0.0000E+00  0.000   4.88
 A91        3.3016 0.05213   6.718 0.0000E+00  0.000   6.72
 A70        3.3190 0.05816   4.410 0.0000E+00  0.000   4.41
 A73        3.3285 0.04248   1.585 0.0000E+00  0.000   1.59
 A53        3.3883 0.04671   2.333 0.0000E+00  0.000   2.33
 A66        3.4055 0.04548   4.211 0.0000E+00  0.000   4.21
 A75        3.4212 0.19565   9.046 0.0000E+00  0.000   9.05
 A27        3.4244 0.00610   8.068 0.0000E+00  0.000   8.07
 A57        3.4259 0.00338   6.339 0.0000E+00  0.000   6.34
 A88        3.4682 0.09038   2.146 0.0000E+00  0.000   2.15
 A3         3.4816 0.00865  10.073 0.0000E+00  0.000  10.07
 A56        3.4822 0.12270   5.777 0.0000E+00  0.000   5.78
 A80        3.5051 0.08245   0.993 0.0000E+00  0.000   0.99
 A32        3.6116 0.00886   5.597 0.0000E+00  0.000   5.60
 A52        3.6382 0.09143   4.314 0.0000E+00  0.000   4.31
 A46        3.6750 0.01400   9.518 0.0000E+00  0.000   9.52
 A65        3.7647 0.06488   5.525 0.0000E+00  0.000   5.53
 A10        3.7991 0.05177   5.554 0.0000E+00  0.000   5.55
 A9         3.9089 0.03344   5.177 0.0000E+00  0.000   5.18
 A36        3.9729 0.01080   6.776 0.0000E+00  0.000   6.78
 A5         3.9857 0.03148   8.404 0.0000E+00  0.000   8.40
 A30        3.9956 0.08045   3.631 0.0000E+00  0.000   3.63
 A26        4.0447 0.03377   3.035 0.0000E+00  0.000   3.04
 A15        4.0724 0.04937   6.815 0.0000E+00  0.000   6.82
 JUPITER    7.1610 0.02299   1.271 9.5479E-04  0.000   1.27
 SATURN     9.7016 0.08128   1.219 2.8589E-04  0.000   1.22
