 EARTHMOO   1.0000 0.00132   0.513 9.1213E-06  0.000   0.51
 A79        1.5215 0.05204   9.638 0.0000E+00  0.000   9.64
 A83        1.5226 0.05184   5.639 0.0000E+00  0.000   5.64
 A51        1.5322 0.03299   6.444 0.0000E+00  0.000   6.44
 A41        1.5455 0.09947   1.882 0.0000E+00  0.000   1.88
 A44        1.5504 0.04301   7.256 0.0000E+00  0.000   7.26
 A85        1.5847 0.01630   5.474 0.0000E+00  0.000   5.47
 A47        1.6056 0.03300   4.999 0.0000E+00  0.000   5.00
 A34        1.6347 0.06577   8.911 0.0000E+00  0.000   8.91
 A95        1.6376 0.09917   5.763 0.0000E+00  0.000   5.76
 A14        1.6448 0.03039   0.856 0.0000E+00  0.000   0.86
 A62        1.6526 0.05286   7.815 0.0000E+00  0.000   7.81
 A84        1.6596 0.05590   3.265 0.0000E+00  0.000   3.26
 A17        1.7214 0.05985   9.142 0.0000E+00  0.000   9.14
 A18        1.7250 0.00494   1.569 0.0000E+00  0.000   1.57
 A38        1.7680 0.03725   1.752 0.0000E+00  0.000   1.75
 A63        1.7688 0.01777   8.899 0.0000E+00  0.000   8.90
 A24        1.8018 0.05597   5.945 0.0000E+00  0.000   5.95
 A58        1.8215 0.08708   5.747 0.0000E+00  0.000   5.75
 A7         1.8234 0.04076   5.195 0.0000E+00  0.000   5.19
 A99        1.8275 0.04686   5.804 0.0000E+00  0.000   5.80
 A74        1.8281 0.07311   4.986 0.0000E+00  0.000   4.99
 A29        1.8411 0.04838   4.534 0.0000E+00  0.000   4.53
 A50        1.8695 0.00589   4.281 0.0000E+00  0.000   4.28
 A33        1.8816 0.03747   4.408 0.0000E+00  0.000   4.41
 A86        1.9084 0.06443   1.236 0.0000E+00  0.000   1.24
 A98        1.9302 0.04656   1.133 0.0000E+00  0.000   1.13
 A82        1.9661 0.10491   2.117 0.0000E+00  0.000   2.12
 A43        2.0496 0.10035   5.524 0.0000E+00  0.000   5.52
 A69        2.0561 0.03919   6.320 0.0000E+00  0.000   6.32
 A90        2.0877 0.11916   8.139 0.0000E+00  0.000   8.14
 A96        2.1044 0.07041   9.810 0.0000E+00  0.000   9.81
 A25        2.1136 0.03297   6.757 0.0000E+00  0.000   6.76
 A12        2.1455 0.02562   5.211 0.0000E+00  0.000   5.21
 A55        2.1718 0.05486   8.036 0.0000E+00  0.000   8.04
 A94        2.2000 0.05866   1.365 0.0000E+00  0.000   1.37
 A45        2.2126 0.05323   1.902 0.0000E+00  0.000   1.90
 A28        2.2179 0.05855   2.018 0.0000E+00  0.000   2.02
 A72        2.2278 0.01654   1.937 0.0000E+00  0.000   1.94
 A22        2.2647 0.01200   7.070 0.0000E+00  0.000   7.07
 A97        2.2726 0.04250   9.403 0.0000E+00  0.000   9.40
 A61        2.2731 0.05390   2.496 0.0000E+00  0.000   2.50
 A35        2.3201 0.05321   6.273 0.0000E+00  0.000   6.27
 A20        2.3917 0.09194   4.817 0.0000E+00  0.000   4.82
 A48        2.3951 0.06421   3.349 0.0000E+00  0.000   3.35
 A93        2.3992 0.07390   2.239 0.0000E+00  0.000   2.24
 A13        2.4915 0.08367   7.795 0.0000E+00  0.000   7.79
 A89        2.5572 0.00283   6.932 0.0000E+00  0.000   6.93
 A11        2.5648 0.03285   7.810 0.0000E+00  0.000   7.81
 A42        2.5661 0.04359   6.685 0.0000E+00  0.000   6.68
 A31        2.5968 0.04058   8.049 0.0000E+00  0.000   8.05
 A67        2.6550 0.06152   5.804 0.0000E+00  0.000   5.80
 A6         2.6642 0.06258   4.133 0.0000E+00  0.000   4.13
 A39        2.6980 0.05849   9.733 0.0000E+00  0.000   9.73
 A100       2.6989 0.00402   6.565 0.0000E+00  0.000   6.57
 A4         2.7066 0.07893   2.092 0.0000E+00  0.000   2.09
 A87        2.7486 0.04339   7.939 0.0000E+00  0.000   7.94
 A2         2.7591 0.03292   1.067 0.0000E+00  0.000   1.07
 A37        2.7658 0.01877   1.616 0.0000E+00  0.000   1.62
 A19        2.7801 0.06805  10.450 0.0000E+00  0.000  10.45
 A92        2.8244 0.02959   2.194 0.0000E+00  0.000   2.19
 A77        2.9402 0.09567   8.582 0.0000E+00  0.000   8.58
 A64        2.9470 0.08225   9.760 0.0000E+00  0.000   9.76
 A49        2.9471 0.02558   5.168 0.0000E+00  0.000   5.17
 A8         2.9510 0.06573   4.702 0.0000E+00  0.000   4.70
 A21        2.9664 0.07339   5.047 0.0000E+00  0.000   5.05
 A59        2.9712 0.09232   6.612 0.0000E+00  0.000   6.61
 A23        3.0095 0.05655   1.450 0.0000E+00  0.000   1.45
 A1         3.0448 0.05736   2.497 0.0000E+00  0.000   2.50
 A54        3.0700 0.05901   0.959 0.0000E+00  0.000   0.96
 A76        3.0770 0.03922   7.028 0.0000E+00  0.000   7.03
 A68        3.1123 0.02404   8.324 0.0000E+00  0.000   8.32
 A71        3.1163 0.01707   4.390 0.0000E+00  0.000   4.39
 A78        3.1266 0.05268  10.011 0.0000E+00  0.000  10.01
 A16        3.1337 0.06365   4.232 0.0000E+00  0.000   4.23
 A40        3.1747 0.07668   7.679 0.0000E+00  0.000   7.68
 A60        3.2293 0.06099   6.203 0.0000E+00  0.000   6.20
 A81        3.2741 0.04318   5.163 0.0000E+00  0.000   5.16
 A91        3.3017 0.04856   6.884 0.0000E+00  0.000   6.88
 A70        3.3190 0.07046   3.939 0.0000E+00  0.000   3.94
 A73        3.3293 0.04984   1.767 0.0000E+00  0.000   1.77
 A53        3.3910 0.06642   2.378 0.0000E+00  0.000   2.38
 A66        3.4039 0.03962   4.184 0.0000E+00  0.000   4.18
 A27        3.4242 0.00934   7.239 0.0000E+00  0.000   7.24
 A57        3.4247 0.01494   6.899 0.0000E+00  0.000   6.90
 A88        3.4687 0.09077   1.478 0.0000E+00  0.000   1.48
 A75        3.4756 0.20339   8.294 0.0000E+00  0.000   8.29
 A3         3.4791 0.01878   9.352 0.0000E+00  0.000   9.35
 A56        3.4842 0.09539   5.811 0.0000E+00  0.000   5.81
 A80        3.5096 0.07523   1.977 0.0000E+00  0.000   1.98
 A32        3.6086 0.05912   6.042 0.0000E+00  0.000   6.04
 A52        3.6394 0.08654   4.122 0.0000E+00  0.000   4.12
 A46        3.6778 0.02249   9.739 0.0000E+00  0.000   9.74
 A65        3.7658 0.04399   6.000 0.0000E+00  0.000   6.00
 A10        3.7987 0.04008   6.581 0.0000E+00  0.000   6.58
 A9         3.9073 0.05723   4.084 0.0000E+00  0.000   4.08
 A36        3.9731 0.00921   6.540 0.0000E+00  0.000   6.54
 A5         3.9900 0.04192   8.403 0.0000E+00  0.000   8.40
 A30        3.9929 0.10439   3.002 0.0000E+00  0.000   3.00
 A26        4.0453 0.03722   3.108 0.0000E+00  0.000   3.11
 A15        4.0798 0.04431   7.279 0.0000E+00  0.000   7.28
 JUPITER    7.1749 0.00627   0.645 9.5479E-04  0.000   0.65
 SATURN     9.6045 0.07415   2.265 2.8589E-04  0.000   2.26
