
 Time (years):    9199999.9972622

              a        e       i      mass    Rot/day  Obl

 EARTHMOO   1.0000 0.00312   0.558 9.1213E-06  0.000   0.56
 A79        1.5215 0.04755  10.132 0.0000E+00  0.000  10.13
 A83        1.5225 0.05586   5.153 0.0000E+00  0.000   5.15
 A51        1.5322 0.03046   6.670 0.0000E+00  0.000   6.67
 A41        1.5456 0.09485   1.990 0.0000E+00  0.000   1.99
 A44        1.5505 0.04342   7.274 0.0000E+00  0.000   7.27
 A85        1.5846 0.01380   5.555 0.0000E+00  0.000   5.56
 A47        1.6054 0.03032   5.614 0.0000E+00  0.000   5.61
 A34        1.6347 0.05432   8.612 0.0000E+00  0.000   8.61
 A95        1.6376 0.10669   5.568 0.0000E+00  0.000   5.57
 A14        1.6448 0.02996   0.120 0.0000E+00  0.000   0.12
 A62        1.6526 0.04822   8.082 0.0000E+00  0.000   8.08
 A84        1.6597 0.04894   2.283 0.0000E+00  0.000   2.28
 A17        1.7215 0.05968   9.895 0.0000E+00  0.000   9.90
 A18        1.7250 0.01686   1.477 0.0000E+00  0.000   1.48
 A38        1.7678 0.05144   1.863 0.0000E+00  0.000   1.86
 A63        1.7686 0.02799   7.994 0.0000E+00  0.000   7.99
 A24        1.8016 0.05411   5.816 0.0000E+00  0.000   5.82
 A58        1.8214 0.08951   6.114 0.0000E+00  0.000   6.11
 A7         1.8235 0.04406   4.809 0.0000E+00  0.000   4.81
 A99        1.8275 0.04347   5.907 0.0000E+00  0.000   5.91
 A74        1.8281 0.07219   4.979 0.0000E+00  0.000   4.98
 A29        1.8411 0.03803   4.499 0.0000E+00  0.000   4.50
 A50        1.8696 0.01221   4.321 0.0000E+00  0.000   4.32
 A33        1.8816 0.01868   4.372 0.0000E+00  0.000   4.37
 A86        1.9084 0.05556   2.326 0.0000E+00  0.000   2.33
 A98        1.9300 0.04617   0.191 0.0000E+00  0.000   0.19
 A82        1.9660 0.09209   1.539 0.0000E+00  0.000   1.54
 A43        2.0496 0.09740   5.165 0.0000E+00  0.000   5.16
 A69        2.0562 0.05644   7.309 0.0000E+00  0.000   7.31
 A90        2.0879 0.09840   7.956 0.0000E+00  0.000   7.96
 A96        2.1043 0.06557   9.821 0.0000E+00  0.000   9.82
 A25        2.1135 0.03292   6.789 0.0000E+00  0.000   6.79
 A12        2.1455 0.03142   6.300 0.0000E+00  0.000   6.30
 A55        2.1720 0.05820   7.025 0.0000E+00  0.000   7.03
 A94        2.1998 0.04622   1.087 0.0000E+00  0.000   1.09
 A45        2.2127 0.06503   2.754 0.0000E+00  0.000   2.75
 A28        2.2180 0.05253   1.739 0.0000E+00  0.000   1.74
 A72        2.2278 0.01444   1.741 0.0000E+00  0.000   1.74
 A22        2.2647 0.01920   6.317 0.0000E+00  0.000   6.32
 A97        2.2726 0.03948   9.657 0.0000E+00  0.000   9.66
 A61        2.2731 0.05844   1.502 0.0000E+00  0.000   1.50
 A35        2.3205 0.07056   6.923 0.0000E+00  0.000   6.92
 A20        2.3919 0.09172   4.728 0.0000E+00  0.000   4.73
 A48        2.3952 0.08016   4.072 0.0000E+00  0.000   4.07
 A93        2.3992 0.08186   1.421 0.0000E+00  0.000   1.42
 A13        2.4915 0.08401   8.149 0.0000E+00  0.000   8.15
 A89        2.5574 0.01846   6.302 0.0000E+00  0.000   6.30
 A11        2.5650 0.03890   7.018 0.0000E+00  0.000   7.02
 A42        2.5653 0.05742   6.635 0.0000E+00  0.000   6.64
 A31        2.5968 0.05283   7.511 0.0000E+00  0.000   7.51
 A67        2.6554 0.04735   5.884 0.0000E+00  0.000   5.88
 A6         2.6640 0.06209   4.187 0.0000E+00  0.000   4.19
 A39        2.6981 0.04975   9.298 0.0000E+00  0.000   9.30
 A100       2.6989 0.00965   5.606 0.0000E+00  0.000   5.61
 A4         2.7071 0.07035   2.353 0.0000E+00  0.000   2.35
 A87        2.7489 0.02936   7.108 0.0000E+00  0.000   7.11
 A2         2.7592 0.02187   0.993 0.0000E+00  0.000   0.99
 A37        2.7659 0.03499   1.681 0.0000E+00  0.000   1.68
 A19        2.7798 0.07298   9.911 0.0000E+00  0.000   9.91
 A92        2.8243 0.02429   1.006 0.0000E+00  0.000   1.01
 A77        2.9400 0.09440   8.398 0.0000E+00  0.000   8.40
 A49        2.9467 0.02307   5.202 0.0000E+00  0.000   5.20
 A64        2.9476 0.08133   9.828 0.0000E+00  0.000   9.83
 A8         2.9512 0.06775   4.715 0.0000E+00  0.000   4.71
 A21        2.9672 0.06374   4.498 0.0000E+00  0.000   4.50
 A59        2.9720 0.08830   5.653 0.0000E+00  0.000   5.65
 A23        3.0094 0.03870   1.329 0.0000E+00  0.000   1.33
 A1         3.0462 0.04490   2.593 0.0000E+00  0.000   2.59
 A54        3.0696 0.06257   0.694 0.0000E+00  0.000   0.69
 A76        3.0767 0.04079   7.069 0.0000E+00  0.000   7.07
 A68        3.1121 0.02520   9.606 0.0000E+00  0.000   9.61
 A71        3.1175 0.02754   4.223 0.0000E+00  0.000   4.22
 A78        3.1261 0.04381   9.445 0.0000E+00  0.000   9.44
 A16        3.1343 0.06699   3.684 0.0000E+00  0.000   3.68
 A40        3.1745 0.08186   8.814 0.0000E+00  0.000   8.81
 A60        3.2299 0.06657   6.148 0.0000E+00  0.000   6.15
 A81        3.2737 0.05190   4.056 0.0000E+00  0.000   4.06
 A91        3.3012 0.04728   6.848 0.0000E+00  0.000   6.85
 A70        3.3205 0.06934   3.633 0.0000E+00  0.000   3.63
 A73        3.3294 0.05463   1.079 0.0000E+00  0.000   1.08
 A53        3.3810 0.10325   1.611 0.0000E+00  0.000   1.61
 A66        3.4048 0.04461   4.713 0.0000E+00  0.000   4.71
 A57        3.4243 0.01539   6.531 0.0000E+00  0.000   6.53
 A27        3.4260 0.00420   7.219 0.0000E+00  0.000   7.22
 A75        3.4468 0.26769  14.214 0.0000E+00  0.000  14.21
 A88        3.4729 0.08233   1.592 0.0000E+00  0.000   1.59
 A3         3.4793 0.02704   9.335 0.0000E+00  0.000   9.33
 A56        3.4837 0.11049   6.633 0.0000E+00  0.000   6.63
 A80        3.5069 0.07733   1.808 0.0000E+00  0.000   1.81
 A32        3.6099 0.05255   5.643 0.0000E+00  0.000   5.64
 A52        3.6373 0.08803   3.911 0.0000E+00  0.000   3.91
 A46        3.6776 0.01796   8.985 0.0000E+00  0.000   8.99
 A65        3.7637 0.05191   5.098 0.0000E+00  0.000   5.10
 A10        3.8002 0.05110   5.399 0.0000E+00  0.000   5.40
 A9         3.9093 0.03545   5.467 0.0000E+00  0.000   5.47
 A36        3.9752 0.02313   7.030 0.0000E+00  0.000   7.03
 A5         3.9867 0.02938   8.365 0.0000E+00  0.000   8.36
 A30        3.9984 0.09915   4.295 0.0000E+00  0.000   4.30
 A26        4.0475 0.03412   3.641 0.0000E+00  0.000   3.64
 A15        4.0798 0.04176   6.521 0.0000E+00  0.000   6.52
 JUPITER    7.1610 0.03210   0.861 9.5479E-04  0.000   0.86
 SATURN     9.6998 0.07216   1.986 2.8589E-04  0.000   1.99
