 EARTHMOO   1.0000 0.00025   0.941 9.1213E-06  0.000   0.94
 A79        1.5215 0.04859   9.694 0.0000E+00  0.000   9.69
 A83        1.5226 0.05655   5.849 0.0000E+00  0.000   5.85
 A51        1.5322 0.02617   7.066 0.0000E+00  0.000   7.07
 A41        1.5454 0.09348   1.366 0.0000E+00  0.000   1.37
 A44        1.5505 0.04349   6.990 0.0000E+00  0.000   6.99
 A85        1.5847 0.01439   5.436 0.0000E+00  0.000   5.44
 A47        1.6056 0.03873   6.048 0.0000E+00  0.000   6.05
 A34        1.6347 0.05385   8.474 0.0000E+00  0.000   8.47
 A95        1.6376 0.10845   6.324 0.0000E+00  0.000   6.32
 A14        1.6449 0.02165   0.644 0.0000E+00  0.000   0.64
 A62        1.6526 0.06058   7.467 0.0000E+00  0.000   7.47
 A84        1.6595 0.05575   2.064 0.0000E+00  0.000   2.06
 A17        1.7215 0.04415   8.837 0.0000E+00  0.000   8.84
 A18        1.7250 0.01142   1.505 0.0000E+00  0.000   1.51
 A38        1.7679 0.05367   2.381 0.0000E+00  0.000   2.38
 A63        1.7686 0.02069   8.413 0.0000E+00  0.000   8.41
 A24        1.8016 0.04770   6.041 0.0000E+00  0.000   6.04
 A58        1.8214 0.08650   6.607 0.0000E+00  0.000   6.61
 A7         1.8234 0.04640   5.420 0.0000E+00  0.000   5.42
 A99        1.8274 0.04321   5.746 0.0000E+00  0.000   5.75
 A74        1.8281 0.05429   5.520 0.0000E+00  0.000   5.52
 A29        1.8410 0.05569   4.686 0.0000E+00  0.000   4.69
 A50        1.8695 0.01228   3.175 0.0000E+00  0.000   3.17
 A33        1.8816 0.03116   3.657 0.0000E+00  0.000   3.66
 A86        1.9086 0.07410   2.145 0.0000E+00  0.000   2.14
 A98        1.9301 0.04721   1.297 0.0000E+00  0.000   1.30
 A82        1.9662 0.10208   1.054 0.0000E+00  0.000   1.05
 A43        2.0496 0.10273   5.084 0.0000E+00  0.000   5.08
 A69        2.0560 0.03625   6.110 0.0000E+00  0.000   6.11
 A90        2.0880 0.09712   7.519 0.0000E+00  0.000   7.52
 A96        2.1044 0.05077  10.044 0.0000E+00  0.000  10.04
 A25        2.1136 0.02900   5.744 0.0000E+00  0.000   5.74
 A12        2.1455 0.03761   5.872 0.0000E+00  0.000   5.87
 A55        2.1719 0.04608   7.368 0.0000E+00  0.000   7.37
 A94        2.1998 0.04466   0.285 0.0000E+00  0.000   0.29
 A45        2.2128 0.05181   1.860 0.0000E+00  0.000   1.86
 A28        2.2179 0.04896   2.004 0.0000E+00  0.000   2.00
 A72        2.2278 0.01492   1.956 0.0000E+00  0.000   1.96
 A22        2.2646 0.00243   7.188 0.0000E+00  0.000   7.19
 A97        2.2728 0.04820  10.258 0.0000E+00  0.000  10.26
 A61        2.2731 0.06151   2.592 0.0000E+00  0.000   2.59
 A35        2.3202 0.05892   7.436 0.0000E+00  0.000   7.44
 A20        2.3920 0.09275   5.092 0.0000E+00  0.000   5.09
 A48        2.3950 0.07533   3.602 0.0000E+00  0.000   3.60
 A93        2.3992 0.08214   2.004 0.0000E+00  0.000   2.00
 A13        2.4911 0.10018   6.964 0.0000E+00  0.000   6.96
 A89        2.5573 0.01706   6.319 0.0000E+00  0.000   6.32
 A11        2.5649 0.03995   7.942 0.0000E+00  0.000   7.94
 A42        2.5655 0.04587   6.707 0.0000E+00  0.000   6.71
 A31        2.5967 0.03559   8.379 0.0000E+00  0.000   8.38
 A67        2.6554 0.05503   5.687 0.0000E+00  0.000   5.69
 A6         2.6642 0.04738   4.779 0.0000E+00  0.000   4.78
 A39        2.6979 0.05157   8.737 0.0000E+00  0.000   8.74
 A100       2.6990 0.00613   6.686 0.0000E+00  0.000   6.69
 A4         2.7067 0.06423   3.267 0.0000E+00  0.000   3.27
 A87        2.7490 0.03432   7.384 0.0000E+00  0.000   7.38
 A2         2.7589 0.01717   0.812 0.0000E+00  0.000   0.81
 A37        2.7659 0.03584   1.670 0.0000E+00  0.000   1.67
 A19        2.7795 0.07219  10.088 0.0000E+00  0.000  10.09
 A92        2.8243 0.02027   0.975 0.0000E+00  0.000   0.98
 A77        2.9405 0.08891   9.405 0.0000E+00  0.000   9.40
 A49        2.9464 0.01241   5.204 0.0000E+00  0.000   5.20
 A64        2.9471 0.08364   9.230 0.0000E+00  0.000   9.23
 A8         2.9493 0.07228   5.672 0.0000E+00  0.000   5.67
 A21        2.9667 0.08015   4.684 0.0000E+00  0.000   4.68
 A59        2.9715 0.08024   6.226 0.0000E+00  0.000   6.23
 A23        3.0099 0.04118   2.392 0.0000E+00  0.000   2.39
 A1         3.0458 0.05661   2.048 0.0000E+00  0.000   2.05
 A54        3.0696 0.04519   0.175 0.0000E+00  0.000   0.18
 A76        3.0763 0.03290   6.184 0.0000E+00  0.000   6.18
 A68        3.1123 0.02196   8.568 0.0000E+00  0.000   8.57
 A71        3.1165 0.02419   4.142 0.0000E+00  0.000   4.14
 A78        3.1268 0.04855   9.448 0.0000E+00  0.000   9.45
 A16        3.1357 0.05065   4.519 0.0000E+00  0.000   4.52
 A40        3.1742 0.09108   8.623 0.0000E+00  0.000   8.62
 A60        3.2300 0.05631   6.831 0.0000E+00  0.000   6.83
 A81        3.2749 0.04114   5.045 0.0000E+00  0.000   5.04
 A91        3.3020 0.05294   6.767 0.0000E+00  0.000   6.77
 A70        3.3192 0.07208   3.487 0.0000E+00  0.000   3.49
 A73        3.3290 0.04827   1.233 0.0000E+00  0.000   1.23
 A53        3.3828 0.02044   3.278 0.0000E+00  0.000   3.28
 A66        3.4058 0.03694   4.925 0.0000E+00  0.000   4.93
 A27        3.4240 0.00407   7.396 0.0000E+00  0.000   7.40
 A57        3.4264 0.00404   6.727 0.0000E+00  0.000   6.73
 A75        3.4393 0.16522   7.534 0.0000E+00  0.000   7.53
 A88        3.4661 0.07136   2.642 0.0000E+00  0.000   2.64
 A3         3.4792 0.02967   9.680 0.0000E+00  0.000   9.68
 A56        3.4812 0.11194   5.875 0.0000E+00  0.000   5.87
 A80        3.5053 0.06582   0.689 0.0000E+00  0.000   0.69
 A32        3.6111 0.01660   5.658 0.0000E+00  0.000   5.66
 A52        3.6381 0.08488   4.570 0.0000E+00  0.000   4.57
 A46        3.6766 0.00901   8.928 0.0000E+00  0.000   8.93
 A65        3.7648 0.05592   5.659 0.0000E+00  0.000   5.66
 A10        3.8011 0.06278   5.390 0.0000E+00  0.000   5.39
 A9         3.9096 0.04232   4.186 0.0000E+00  0.000   4.19
 A36        3.9722 0.02412   5.870 0.0000E+00  0.000   5.87
 A5         3.9847 0.03077   8.457 0.0000E+00  0.000   8.46
 A30        3.9922 0.09272   3.259 0.0000E+00  0.000   3.26
 A26        4.0490 0.01590   3.028 0.0000E+00  0.000   3.03
 A15        4.0750 0.04809   7.026 0.0000E+00  0.000   7.03
 JUPITER    7.1635 0.01817   1.111 9.5479E-04  0.000   1.11
 SATURN     9.6830 0.08356   1.638 2.8589E-04  0.000   1.64
