 EARTHMOO   1.0000 0.00109   1.208 9.1213E-06  0.000   1.21
 A79        1.5215 0.04587   9.994 0.0000E+00  0.000   9.99
 A83        1.5225 0.05759   6.246 0.0000E+00  0.000   6.25
 A51        1.5322 0.03235   6.925 0.0000E+00  0.000   6.93
 A41        1.5456 0.09569   1.436 0.0000E+00  0.000   1.44
 A44        1.5504 0.04536   7.602 0.0000E+00  0.000   7.60
 A85        1.5847 0.01151   4.731 0.0000E+00  0.000   4.73
 A47        1.6056 0.03974   4.812 0.0000E+00  0.000   4.81
 A34        1.6346 0.06555   8.577 0.0000E+00  0.000   8.58
 A95        1.6376 0.10580   6.441 0.0000E+00  0.000   6.44
 A14        1.6448 0.03108   1.266 0.0000E+00  0.000   1.27
 A62        1.6527 0.04739   8.435 0.0000E+00  0.000   8.43
 A84        1.6597 0.05592   3.517 0.0000E+00  0.000   3.52
 A17        1.7214 0.04710  10.150 0.0000E+00  0.000  10.15
 A18        1.7250 0.01862   1.532 0.0000E+00  0.000   1.53
 A38        1.7679 0.05191   1.694 0.0000E+00  0.000   1.69
 A63        1.7687 0.02472   7.925 0.0000E+00  0.000   7.93
 A24        1.8016 0.04443   4.991 0.0000E+00  0.000   4.99
 A58        1.8215 0.09479   6.571 0.0000E+00  0.000   6.57
 A7         1.8235 0.02750   5.251 0.0000E+00  0.000   5.25
 A99        1.8275 0.04454   6.861 0.0000E+00  0.000   6.86
 A74        1.8281 0.06508   5.877 0.0000E+00  0.000   5.88
 A29        1.8410 0.05329   5.493 0.0000E+00  0.000   5.49
 A50        1.8695 0.01405   4.208 0.0000E+00  0.000   4.21
 A33        1.8816 0.01824   4.268 0.0000E+00  0.000   4.27
 A86        1.9085 0.07228   1.135 0.0000E+00  0.000   1.14
 A98        1.9301 0.06199   1.290 0.0000E+00  0.000   1.29
 A82        1.9662 0.09500   1.894 0.0000E+00  0.000   1.89
 A43        2.0495 0.10333   6.189 0.0000E+00  0.000   6.19
 A69        2.0560 0.04727   6.762 0.0000E+00  0.000   6.76
 A90        2.0878 0.11666   7.549 0.0000E+00  0.000   7.55
 A96        2.1044 0.06136   8.839 0.0000E+00  0.000   8.84
 A25        2.1136 0.02501   5.585 0.0000E+00  0.000   5.59
 A12        2.1454 0.03658   5.813 0.0000E+00  0.000   5.81
 A55        2.1718 0.04527   8.133 0.0000E+00  0.000   8.13
 A94        2.1999 0.05812   0.772 0.0000E+00  0.000   0.77
 A45        2.2127 0.05290   2.895 0.0000E+00  0.000   2.90
 A28        2.2179 0.05671   1.323 0.0000E+00  0.000   1.32
 A72        2.2279 0.02119   2.128 0.0000E+00  0.000   2.13
 A22        2.2648 0.01084   6.395 0.0000E+00  0.000   6.40
 A97        2.2725 0.05127  10.125 0.0000E+00  0.000  10.12
 A61        2.2732 0.05806   1.467 0.0000E+00  0.000   1.47
 A35        2.3202 0.06352   6.207 0.0000E+00  0.000   6.21
 A20        2.3917 0.09189   4.155 0.0000E+00  0.000   4.16
 A48        2.3954 0.06221   3.944 0.0000E+00  0.000   3.94
 A93        2.3991 0.08519   1.237 0.0000E+00  0.000   1.24
 A13        2.4914 0.09767   8.132 0.0000E+00  0.000   8.13
 A89        2.5575 0.00191   6.077 0.0000E+00  0.000   6.08
 A11        2.5648 0.03321   8.072 0.0000E+00  0.000   8.07
 A42        2.5661 0.04071   7.610 0.0000E+00  0.000   7.61
 A31        2.5969 0.04802   7.799 0.0000E+00  0.000   7.80
 A67        2.6550 0.06024   6.538 0.0000E+00  0.000   6.54
 A6         2.6642 0.05273   3.616 0.0000E+00  0.000   3.62
 A39        2.6980 0.07125   8.926 0.0000E+00  0.000   8.93
 A100       2.6990 0.01335   6.088 0.0000E+00  0.000   6.09
 A4         2.7068 0.06789   3.008 0.0000E+00  0.000   3.01
 A87        2.7487 0.03564   7.233 0.0000E+00  0.000   7.23
 A2         2.7589 0.01785   0.654 0.0000E+00  0.000   0.65
 A37        2.7666 0.03572   2.565 0.0000E+00  0.000   2.56
 A19        2.7798 0.05467   9.195 0.0000E+00  0.000   9.20
 A92        2.8243 0.02768   1.799 0.0000E+00  0.000   1.80
 A77        2.9400 0.09311   9.144 0.0000E+00  0.000   9.14
 A49        2.9468 0.02542   4.222 0.0000E+00  0.000   4.22
 A64        2.9472 0.08197   8.885 0.0000E+00  0.000   8.89
 A8         2.9516 0.06698   5.420 0.0000E+00  0.000   5.42
 A21        2.9669 0.06494   4.958 0.0000E+00  0.000   4.96
 A59        2.9713 0.08961   6.498 0.0000E+00  0.000   6.50
 A23        3.0098 0.05690   2.509 0.0000E+00  0.000   2.51
 A1         3.0452 0.03879   2.544 0.0000E+00  0.000   2.54
 A54        3.0692 0.06234   0.296 0.0000E+00  0.000   0.30
 A76        3.0770 0.04451   7.061 0.0000E+00  0.000   7.06
 A68        3.1128 0.01522   8.396 0.0000E+00  0.000   8.40
 A71        3.1163 0.02166   3.500 0.0000E+00  0.000   3.50
 A78        3.1257 0.04462   9.472 0.0000E+00  0.000   9.47
 A16        3.1353 0.05008   4.179 0.0000E+00  0.000   4.18
 A40        3.1740 0.08140   8.806 0.0000E+00  0.000   8.81
 A60        3.2294 0.06154   5.939 0.0000E+00  0.000   5.94
 A81        3.2747 0.04432   4.850 0.0000E+00  0.000   4.85
 A91        3.3021 0.03996   6.738 0.0000E+00  0.000   6.74
 A70        3.3192 0.06646   3.450 0.0000E+00  0.000   3.45
 A73        3.3289 0.04554   1.441 0.0000E+00  0.000   1.44
 A53        3.3933 0.08593   1.750 0.0000E+00  0.000   1.75
 A66        3.4063 0.04109   4.174 0.0000E+00  0.000   4.17
 A27        3.4227 0.00381   8.295 0.0000E+00  0.000   8.30
 A57        3.4239 0.01553   5.791 0.0000E+00  0.000   5.79
 A75        3.4479 0.23023   9.292 0.0000E+00  0.000   9.29
 A88        3.4710 0.07800   2.497 0.0000E+00  0.000   2.50
 A56        3.4775 0.10827   5.908 0.0000E+00  0.000   5.91
 A3         3.4777 0.02876   9.276 0.0000E+00  0.000   9.28
 A80        3.5073 0.06397   1.645 0.0000E+00  0.000   1.65
 A32        3.6114 0.04688   6.367 0.0000E+00  0.000   6.37
 A52        3.6379 0.08700   4.483 0.0000E+00  0.000   4.48
 A46        3.6756 0.02257   8.639 0.0000E+00  0.000   8.64
 A65        3.7678 0.05535   6.080 0.0000E+00  0.000   6.08
 A10        3.7986 0.05439   6.483 0.0000E+00  0.000   6.48
 A9         3.9121 0.03945   5.187 0.0000E+00  0.000   5.19
 A36        3.9739 0.01731   6.099 0.0000E+00  0.000   6.10
 A5         3.9847 0.03510   8.672 0.0000E+00  0.000   8.67
 A30        3.9913 0.09490   3.902 0.0000E+00  0.000   3.90
 A26        4.0472 0.03877   3.217 0.0000E+00  0.000   3.22
 A15        4.0764 0.03646   7.317 0.0000E+00  0.000   7.32
 JUPITER    7.1611 0.03156   1.261 9.5479E-04  0.000   1.26
 SATURN     9.7108 0.07093   1.325 2.8589E-04  0.000   1.33
