 EARTHMOO   1.0000 0.00082   0.267 9.1213E-06  0.000   0.27
 A79        1.5215 0.04645   9.852 0.0000E+00  0.000   9.85
 A83        1.5225 0.05675   5.430 0.0000E+00  0.000   5.43
 A51        1.5323 0.03010   6.648 0.0000E+00  0.000   6.65
 A41        1.5456 0.09704   1.469 0.0000E+00  0.000   1.47
 A44        1.5505 0.03674   7.401 0.0000E+00  0.000   7.40
 A85        1.5847 0.01136   5.510 0.0000E+00  0.000   5.51
 A47        1.6056 0.03597   5.250 0.0000E+00  0.000   5.25
 A34        1.6347 0.06249   8.364 0.0000E+00  0.000   8.36
 A95        1.6376 0.10104   5.358 0.0000E+00  0.000   5.36
 A14        1.6448 0.02598   0.563 0.0000E+00  0.000   0.56
 A62        1.6526 0.05232   7.358 0.0000E+00  0.000   7.36
 A84        1.6596 0.05992   2.652 0.0000E+00  0.000   2.65
 A17        1.7215 0.05819   9.859 0.0000E+00  0.000   9.86
 A18        1.7250 0.01822   1.466 0.0000E+00  0.000   1.47
 A38        1.7679 0.04424   1.918 0.0000E+00  0.000   1.92
 A63        1.7686 0.03311   8.401 0.0000E+00  0.000   8.40
 A24        1.8017 0.06150   5.824 0.0000E+00  0.000   5.82
 A58        1.8215 0.07577   5.586 0.0000E+00  0.000   5.59
 A7         1.8235 0.04547   5.237 0.0000E+00  0.000   5.24
 A99        1.8276 0.06177   5.961 0.0000E+00  0.000   5.96
 A74        1.8281 0.06390   5.149 0.0000E+00  0.000   5.15
 A29        1.8410 0.05280   4.604 0.0000E+00  0.000   4.60
 A50        1.8696 0.01308   3.823 0.0000E+00  0.000   3.82
 A33        1.8816 0.02137   3.643 0.0000E+00  0.000   3.64
 A86        1.9084 0.07081   1.662 0.0000E+00  0.000   1.66
 A98        1.9300 0.04387   1.125 0.0000E+00  0.000   1.12
 A82        1.9661 0.09877   1.631 0.0000E+00  0.000   1.63
 A43        2.0494 0.10753   6.187 0.0000E+00  0.000   6.19
 A69        2.0560 0.05619   6.267 0.0000E+00  0.000   6.27
 A90        2.0876 0.10485   8.000 0.0000E+00  0.000   8.00
 A96        2.1045 0.05574   8.919 0.0000E+00  0.000   8.92
 A25        2.1136 0.01626   6.273 0.0000E+00  0.000   6.27
 A12        2.1456 0.03545   6.014 0.0000E+00  0.000   6.01
 A55        2.1720 0.05089   7.897 0.0000E+00  0.000   7.90
 A94        2.1998 0.05460   0.998 0.0000E+00  0.000   1.00
 A45        2.2129 0.05206   1.891 0.0000E+00  0.000   1.89
 A28        2.2180 0.05418   2.014 0.0000E+00  0.000   2.01
 A72        2.2277 0.02470   1.887 0.0000E+00  0.000   1.89
 A22        2.2647 0.00734   6.237 0.0000E+00  0.000   6.24
 A97        2.2725 0.05426   9.445 0.0000E+00  0.000   9.45
 A61        2.2731 0.05927   2.494 0.0000E+00  0.000   2.49
 A35        2.3203 0.05629   6.684 0.0000E+00  0.000   6.68
 A20        2.3915 0.09163   4.972 0.0000E+00  0.000   4.97
 A48        2.3953 0.07500   4.004 0.0000E+00  0.000   4.00
 A93        2.3993 0.06755   2.077 0.0000E+00  0.000   2.08
 A13        2.4912 0.08654   7.352 0.0000E+00  0.000   7.35
 A89        2.5575 0.00897   6.116 0.0000E+00  0.000   6.12
 A11        2.5650 0.03540   7.865 0.0000E+00  0.000   7.86
 A42        2.5656 0.03904   6.534 0.0000E+00  0.000   6.53
 A31        2.5969 0.05430   7.571 0.0000E+00  0.000   7.57
 A67        2.6550 0.05871   6.628 0.0000E+00  0.000   6.63
 A6         2.6642 0.05792   4.625 0.0000E+00  0.000   4.62
 A39        2.6986 0.05280   9.589 0.0000E+00  0.000   9.59
 A100       2.6989 0.00420   5.585 0.0000E+00  0.000   5.58
 A4         2.7066 0.07138   2.579 0.0000E+00  0.000   2.58
 A87        2.7486 0.04436   7.666 0.0000E+00  0.000   7.67
 A2         2.7593 0.02247   0.981 0.0000E+00  0.000   0.98
 A37        2.7657 0.02980   1.711 0.0000E+00  0.000   1.71
 A19        2.7797 0.07453   9.220 0.0000E+00  0.000   9.22
 A92        2.8249 0.02601   1.558 0.0000E+00  0.000   1.56
 A77        2.9399 0.09477   8.485 0.0000E+00  0.000   8.48
 A49        2.9470 0.02250   4.107 0.0000E+00  0.000   4.11
 A64        2.9473 0.08300   8.952 0.0000E+00  0.000   8.95
 A8         2.9493 0.07143   4.903 0.0000E+00  0.000   4.90
 A21        2.9664 0.07703   4.807 0.0000E+00  0.000   4.81
 A59        2.9717 0.07725   6.519 0.0000E+00  0.000   6.52
 A23        3.0093 0.05369   2.337 0.0000E+00  0.000   2.34
 A1         3.0462 0.03952   1.835 0.0000E+00  0.000   1.83
 A54        3.0693 0.05668   0.834 0.0000E+00  0.000   0.83
 A76        3.0769 0.04041   6.928 0.0000E+00  0.000   6.93
 A68        3.1123 0.01179   8.426 0.0000E+00  0.000   8.43
 A71        3.1159 0.03398   3.460 0.0000E+00  0.000   3.46
 A78        3.1267 0.04135  10.417 0.0000E+00  0.000  10.42
 A16        3.1354 0.05696   4.396 0.0000E+00  0.000   4.40
 A40        3.1735 0.09538   8.032 0.0000E+00  0.000   8.03
 A60        3.2300 0.05853   6.022 0.0000E+00  0.000   6.02
 A81        3.2739 0.04277   3.962 0.0000E+00  0.000   3.96
 A91        3.3021 0.03898   6.757 0.0000E+00  0.000   6.76
 A70        3.3189 0.07120   3.662 0.0000E+00  0.000   3.66
 A73        3.3288 0.03872   0.820 0.0000E+00  0.000   0.82
 A53        3.3875 0.07242   3.011 0.0000E+00  0.000   3.01
 A66        3.4039 0.05209   5.011 0.0000E+00  0.000   5.01
 A27        3.4224 0.01463   7.569 0.0000E+00  0.000   7.57
 A57        3.4258 0.01522   6.627 0.0000E+00  0.000   6.63
 A75        3.4465 0.20549   6.547 0.0000E+00  0.000   6.55
 A88        3.4650 0.09982   1.821 0.0000E+00  0.000   1.82
 A56        3.4802 0.10033   5.801 0.0000E+00  0.000   5.80
 A3         3.4807 0.02750  10.008 0.0000E+00  0.000  10.01
 A80        3.5080 0.06781   1.404 0.0000E+00  0.000   1.40
 A32        3.6121 0.02678   5.930 0.0000E+00  0.000   5.93
 A52        3.6422 0.10205   3.607 0.0000E+00  0.000   3.61
 A46        3.6761 0.02123   9.359 0.0000E+00  0.000   9.36
 A65        3.7654 0.04667   5.779 0.0000E+00  0.000   5.78
 A10        3.7990 0.04859   6.028 0.0000E+00  0.000   6.03
 A9         3.9097 0.05350   5.166 0.0000E+00  0.000   5.17
 A36        3.9740 0.02932   6.250 0.0000E+00  0.000   6.25
 A5         3.9834 0.03020   8.471 0.0000E+00  0.000   8.47
 A30        3.9911 0.09782   4.218 0.0000E+00  0.000   4.22
 A26        4.0457 0.03138   3.386 0.0000E+00  0.000   3.39
 A15        4.0797 0.04427   6.755 0.0000E+00  0.000   6.76
 JUPITER    7.1983 0.02564   1.278 9.5479E-04  0.000   1.28
 SATURN     9.5752 0.05395   1.264 2.8589E-04  0.000   1.26
