 EARTHMOO   1.0000 0.00067   0.744 9.1213E-06  0.000   0.74
 A79        1.5215 0.05120  10.128 0.0000E+00  0.000  10.13
 A83        1.5225 0.05378   5.800 0.0000E+00  0.000   5.80
 A51        1.5323 0.02864   6.927 0.0000E+00  0.000   6.93
 A41        1.5455 0.10008   2.182 0.0000E+00  0.000   2.18
 A44        1.5505 0.03962   6.597 0.0000E+00  0.000   6.60
 A85        1.5847 0.01633   6.133 0.0000E+00  0.000   6.13
 A47        1.6055 0.03790   5.930 0.0000E+00  0.000   5.93
 A34        1.6347 0.06094   8.391 0.0000E+00  0.000   8.39
 A95        1.6377 0.10787   5.483 0.0000E+00  0.000   5.48
 A14        1.6448 0.03273   0.929 0.0000E+00  0.000   0.93
 A62        1.6526 0.05746   7.462 0.0000E+00  0.000   7.46
 A84        1.6597 0.04843   2.901 0.0000E+00  0.000   2.90
 A17        1.7214 0.05995   9.196 0.0000E+00  0.000   9.20
 A18        1.7250 0.00735   1.672 0.0000E+00  0.000   1.67
 A38        1.7679 0.05139   1.428 0.0000E+00  0.000   1.43
 A63        1.7688 0.03167   8.864 0.0000E+00  0.000   8.86
 A24        1.8016 0.05840   5.242 0.0000E+00  0.000   5.24
 A58        1.8215 0.08460   5.402 0.0000E+00  0.000   5.40
 A7         1.8236 0.03015   5.267 0.0000E+00  0.000   5.27
 A99        1.8275 0.05985   6.636 0.0000E+00  0.000   6.64
 A74        1.8280 0.07331   5.099 0.0000E+00  0.000   5.10
 A29        1.8410 0.04960   4.840 0.0000E+00  0.000   4.84
 A50        1.8696 0.00932   4.349 0.0000E+00  0.000   4.35
 A33        1.8815 0.03464   4.126 0.0000E+00  0.000   4.13
 A86        1.9084 0.06638   1.587 0.0000E+00  0.000   1.59
 A98        1.9301 0.05715   1.144 0.0000E+00  0.000   1.14
 A82        1.9660 0.10863   2.133 0.0000E+00  0.000   2.13
 A43        2.0495 0.10853   5.126 0.0000E+00  0.000   5.13
 A69        2.0560 0.05194   7.057 0.0000E+00  0.000   7.06
 A90        2.0880 0.10204   8.033 0.0000E+00  0.000   8.03
 A96        2.1043 0.06832   9.978 0.0000E+00  0.000   9.98
 A25        2.1136 0.02784   5.722 0.0000E+00  0.000   5.72
 A12        2.1456 0.02941   5.445 0.0000E+00  0.000   5.45
 A55        2.1719 0.04809   7.851 0.0000E+00  0.000   7.85
 A94        2.2001 0.05144   1.385 0.0000E+00  0.000   1.39
 A45        2.2128 0.05166   2.825 0.0000E+00  0.000   2.83
 A28        2.2182 0.05268   1.390 0.0000E+00  0.000   1.39
 A72        2.2278 0.02342   2.066 0.0000E+00  0.000   2.07
 A22        2.2647 0.00564   7.364 0.0000E+00  0.000   7.36
 A97        2.2726 0.03602  10.439 0.0000E+00  0.000  10.44
 A61        2.2733 0.05306   1.638 0.0000E+00  0.000   1.64
 A35        2.3206 0.05871   6.935 0.0000E+00  0.000   6.94
 A20        2.3919 0.09211   4.161 0.0000E+00  0.000   4.16
 A48        2.3952 0.08098   3.065 0.0000E+00  0.000   3.07
 A93        2.3994 0.07142   1.300 0.0000E+00  0.000   1.30
 A13        2.4913 0.10362   8.127 0.0000E+00  0.000   8.13
 A89        2.5574 0.01223   6.915 0.0000E+00  0.000   6.92
 A11        2.5648 0.03548   7.962 0.0000E+00  0.000   7.96
 A42        2.5655 0.04022   7.242 0.0000E+00  0.000   7.24
 A31        2.5967 0.04921   7.729 0.0000E+00  0.000   7.73
 A67        2.6557 0.05854   5.477 0.0000E+00  0.000   5.48
 A6         2.6639 0.06154   3.783 0.0000E+00  0.000   3.78
 A39        2.6980 0.06543   9.903 0.0000E+00  0.000   9.90
 A100       2.6992 0.01488   6.011 0.0000E+00  0.000   6.01
 A4         2.7069 0.07999   2.233 0.0000E+00  0.000   2.23
 A87        2.7491 0.02591   7.628 0.0000E+00  0.000   7.63
 A2         2.7591 0.02724   0.179 0.0000E+00  0.000   0.18
 A37        2.7657 0.03145   2.647 0.0000E+00  0.000   2.65
 A19        2.7794 0.05797  10.182 0.0000E+00  0.000  10.18
 A92        2.8247 0.02370   2.136 0.0000E+00  0.000   2.14
 A77        2.9397 0.08949   9.590 0.0000E+00  0.000   9.59
 A49        2.9468 0.01911   5.216 0.0000E+00  0.000   5.22
 A64        2.9481 0.07970   9.472 0.0000E+00  0.000   9.47
 A8         2.9499 0.07204   4.553 0.0000E+00  0.000   4.55
 A21        2.9662 0.06378   4.746 0.0000E+00  0.000   4.75
 A59        2.9712 0.07449   6.441 0.0000E+00  0.000   6.44
 A23        3.0096 0.04958   1.934 0.0000E+00  0.000   1.93
 A1         3.0465 0.05613   1.455 0.0000E+00  0.000   1.46
 A54        3.0697 0.05027   0.961 0.0000E+00  0.000   0.96
 A76        3.0775 0.03193   6.710 0.0000E+00  0.000   6.71
 A68        3.1123 0.01928   8.457 0.0000E+00  0.000   8.46
 A71        3.1165 0.03576   4.476 0.0000E+00  0.000   4.48
 A78        3.1257 0.05738  10.562 0.0000E+00  0.000  10.56
 A16        3.1342 0.05291   4.442 0.0000E+00  0.000   4.44
 A40        3.1751 0.08141   8.843 0.0000E+00  0.000   8.84
 A60        3.2299 0.05753   6.206 0.0000E+00  0.000   6.21
 A81        3.2741 0.04221   4.340 0.0000E+00  0.000   4.34
 A91        3.3017 0.04502   6.731 0.0000E+00  0.000   6.73
 A70        3.3190 0.06301   3.782 0.0000E+00  0.000   3.78
 A73        3.3297 0.03972   1.450 0.0000E+00  0.000   1.45
 A53        3.3826 0.06564   3.160 0.0000E+00  0.000   3.16
 A66        3.4061 0.04701   4.262 0.0000E+00  0.000   4.26
 A27        3.4241 0.01418   8.162 0.0000E+00  0.000   8.16
 A57        3.4267 0.01781   5.791 0.0000E+00  0.000   5.79
 A75        3.4604 0.13278   5.630 0.0000E+00  0.000   5.63
 A88        3.4626 0.10405   1.611 0.0000E+00  0.000   1.61
 A3         3.4789 0.01860  10.286 0.0000E+00  0.000  10.29
 A56        3.4815 0.12077   5.809 0.0000E+00  0.000   5.81
 A80        3.5058 0.07801   1.213 0.0000E+00  0.000   1.21
 A32        3.6110 0.03257   5.736 0.0000E+00  0.000   5.74
 A52        3.6382 0.10229   3.709 0.0000E+00  0.000   3.71
 A46        3.6764 0.01793   8.649 0.0000E+00  0.000   8.65
 A65        3.7676 0.05316   6.205 0.0000E+00  0.000   6.20
 A10        3.8022 0.04110   5.739 0.0000E+00  0.000   5.74
 A9         3.9104 0.04074   4.318 0.0000E+00  0.000   4.32
 A36        3.9725 0.01816   6.103 0.0000E+00  0.000   6.10
 A5         3.9843 0.02180   8.433 0.0000E+00  0.000   8.43
 A30        3.9895 0.10146   3.968 0.0000E+00  0.000   3.97
 A26        4.0437 0.04052   3.217 0.0000E+00  0.000   3.22
 A15        4.0722 0.04185   6.877 0.0000E+00  0.000   6.88
 JUPITER    7.1787 0.00676   1.263 9.5479E-04  0.000   1.26
 SATURN     9.5834 0.06807   1.207 2.8589E-04  0.000   1.21
