 EARTHMOO   1.0000 0.00187   1.223 9.1213E-06  0.000   1.22
 A79        1.5215 0.05045   8.643 0.0000E+00  0.000   8.64
 A83        1.5226 0.05297   6.196 0.0000E+00  0.000   6.20
 A51        1.5322 0.03223   6.321 0.0000E+00  0.000   6.32
 A41        1.5455 0.09481   0.819 0.0000E+00  0.000   0.82
 A44        1.5504 0.03831   7.207 0.0000E+00  0.000   7.21
 A85        1.5847 0.01471   5.811 0.0000E+00  0.000   5.81
 A47        1.6054 0.03965   5.029 0.0000E+00  0.000   5.03
 A34        1.6346 0.05996   8.568 0.0000E+00  0.000   8.57
 A95        1.6375 0.09769   5.585 0.0000E+00  0.000   5.59
 A14        1.6448 0.02604   1.310 0.0000E+00  0.000   1.31
 A62        1.6525 0.06039   6.732 0.0000E+00  0.000   6.73
 A84        1.6597 0.05944   3.705 0.0000E+00  0.000   3.71
 A17        1.7214 0.04543   8.629 0.0000E+00  0.000   8.63
 A18        1.7250 0.00801   0.738 0.0000E+00  0.000   0.74
 A38        1.7679 0.03910   2.588 0.0000E+00  0.000   2.59
 A63        1.7686 0.01489   9.006 0.0000E+00  0.000   9.01
 A24        1.8017 0.05190   4.696 0.0000E+00  0.000   4.70
 A58        1.8214 0.08349   5.731 0.0000E+00  0.000   5.73
 A7         1.8235 0.02965   4.945 0.0000E+00  0.000   4.94
 A99        1.8276 0.06210   7.091 0.0000E+00  0.000   7.09
 A74        1.8282 0.05653   6.297 0.0000E+00  0.000   6.30
 A29        1.8409 0.05590   5.839 0.0000E+00  0.000   5.84
 A50        1.8696 0.00828   3.081 0.0000E+00  0.000   3.08
 A33        1.8815 0.03713   3.186 0.0000E+00  0.000   3.19
 A86        1.9084 0.07395   1.016 0.0000E+00  0.000   1.02
 A98        1.9301 0.06334   1.394 0.0000E+00  0.000   1.39
 A82        1.9660 0.10726   1.396 0.0000E+00  0.000   1.40
 A43        2.0496 0.09264   5.977 0.0000E+00  0.000   5.98
 A69        2.0560 0.03919   6.237 0.0000E+00  0.000   6.24
 A90        2.0879 0.11733   7.026 0.0000E+00  0.000   7.03
 A96        2.1045 0.04885   9.671 0.0000E+00  0.000   9.67
 A25        2.1136 0.01972   5.925 0.0000E+00  0.000   5.93
 A12        2.1455 0.03610   6.057 0.0000E+00  0.000   6.06
 A55        2.1720 0.04188   7.860 0.0000E+00  0.000   7.86
 A94        2.1998 0.05708   0.510 0.0000E+00  0.000   0.51
 A45        2.2127 0.05349   2.936 0.0000E+00  0.000   2.94
 A28        2.2181 0.06025   1.199 0.0000E+00  0.000   1.20
 A72        2.2278 0.00471   2.254 0.0000E+00  0.000   2.25
 A22        2.2648 0.01347   6.729 0.0000E+00  0.000   6.73
 A97        2.2726 0.05186   9.242 0.0000E+00  0.000   9.24
 A61        2.2730 0.06146   1.287 0.0000E+00  0.000   1.29
 A35        2.3202 0.06513   6.806 0.0000E+00  0.000   6.81
 A20        2.3918 0.09211   4.186 0.0000E+00  0.000   4.19
 A48        2.3951 0.07971   3.985 0.0000E+00  0.000   3.99
 A93        2.3992 0.07910   1.160 0.0000E+00  0.000   1.16
 A13        2.4915 0.08694   7.780 0.0000E+00  0.000   7.78
 A89        2.5574 0.01131   6.246 0.0000E+00  0.000   6.25
 A11        2.5649 0.03387   8.134 0.0000E+00  0.000   8.13
 A42        2.5658 0.05156   7.760 0.0000E+00  0.000   7.76
 A31        2.5970 0.04153   8.697 0.0000E+00  0.000   8.70
 A67        2.6550 0.06054   6.251 0.0000E+00  0.000   6.25
 A6         2.6639 0.04488   4.144 0.0000E+00  0.000   4.14
 A39        2.6980 0.06336   9.241 0.0000E+00  0.000   9.24
 A100       2.6995 0.01085   6.412 0.0000E+00  0.000   6.41
 A4         2.7071 0.06952   3.402 0.0000E+00  0.000   3.40
 A87        2.7488 0.04461   6.896 0.0000E+00  0.000   6.90
 A2         2.7594 0.02350   1.017 0.0000E+00  0.000   1.02
 A37        2.7661 0.02878   2.632 0.0000E+00  0.000   2.63
 A19        2.7795 0.05538  10.355 0.0000E+00  0.000  10.35
 A92        2.8252 0.03072   1.061 0.0000E+00  0.000   1.06
 A77        2.9408 0.09293   8.235 0.0000E+00  0.000   8.24
 A49        2.9468 0.02314   4.966 0.0000E+00  0.000   4.97
 A64        2.9476 0.08892   9.806 0.0000E+00  0.000   9.81
 A8         2.9513 0.06743   5.336 0.0000E+00  0.000   5.34
 A21        2.9663 0.06529   5.128 0.0000E+00  0.000   5.13
 A59        2.9716 0.09019   6.454 0.0000E+00  0.000   6.45
 A23        3.0099 0.04745   2.102 0.0000E+00  0.000   2.10
 A1         3.0452 0.05687   1.386 0.0000E+00  0.000   1.39
 A54        3.0696 0.04683   0.772 0.0000E+00  0.000   0.77
 A76        3.0766 0.02905   6.405 0.0000E+00  0.000   6.40
 A68        3.1124 0.02214   8.402 0.0000E+00  0.000   8.40
 A71        3.1161 0.03108   3.929 0.0000E+00  0.000   3.93
 A78        3.1259 0.04340  10.499 0.0000E+00  0.000  10.50
 A16        3.1341 0.05074   4.055 0.0000E+00  0.000   4.05
 A40        3.1743 0.09720   8.407 0.0000E+00  0.000   8.41
 A60        3.2294 0.06369   6.853 0.0000E+00  0.000   6.85
 A81        3.2745 0.04394   4.104 0.0000E+00  0.000   4.10
 A91        3.3017 0.05270   6.913 0.0000E+00  0.000   6.91
 A70        3.3184 0.06735   3.215 0.0000E+00  0.000   3.22
 A73        3.3286 0.05492   0.423 0.0000E+00  0.000   0.42
 A53        3.3820 0.09903   2.466 0.0000E+00  0.000   2.47
 A66        3.4037 0.04249   5.167 0.0000E+00  0.000   5.17
 A27        3.4249 0.00788   7.870 0.0000E+00  0.000   7.87
 A57        3.4250 0.01232   5.762 0.0000E+00  0.000   5.76
 A75        3.4336 0.22363  16.944 0.0000E+00  0.000  16.94
 A88        3.4722 0.07745   2.560 0.0000E+00  0.000   2.56
 A56        3.4803 0.10247   5.885 0.0000E+00  0.000   5.89
 A3         3.4808 0.02755  10.441 0.0000E+00  0.000  10.44
 A80        3.5090 0.05846   1.990 0.0000E+00  0.000   1.99
 A32        3.6082 0.05409   5.683 0.0000E+00  0.000   5.68
 A52        3.6374 0.10393   3.662 0.0000E+00  0.000   3.66
 A46        3.6755 0.02011   8.633 0.0000E+00  0.000   8.63
 A65        3.7685 0.06141   6.160 0.0000E+00  0.000   6.16
 A10        3.7987 0.05795   5.530 0.0000E+00  0.000   5.53
 A9         3.9066 0.05343   4.480 0.0000E+00  0.000   4.48
 A36        3.9785 0.02588   5.564 0.0000E+00  0.000   5.56
 A5         3.9841 0.04854   8.639 0.0000E+00  0.000   8.64
 A30        3.9911 0.09891   4.093 0.0000E+00  0.000   4.09
 A26        4.0451 0.03454   3.521 0.0000E+00  0.000   3.52
 A15        4.0751 0.05267   6.847 0.0000E+00  0.000   6.85
 JUPITER    7.1607 0.03261   0.545 9.5479E-04  0.000   0.54
 SATURN     9.7094 0.07081   2.326 2.8589E-04  0.000   2.33
