 EARTHMOO   1.0000 0.00160   0.513 9.1213E-06  0.000   0.51
 A79        1.5215 0.04710  10.099 0.0000E+00  0.000  10.10
 A83        1.5226 0.05731   5.521 0.0000E+00  0.000   5.52
 A51        1.5322 0.03286   6.155 0.0000E+00  0.000   6.15
 A41        1.5456 0.09870   1.619 0.0000E+00  0.000   1.62
 A44        1.5504 0.03808   7.430 0.0000E+00  0.000   7.43
 A85        1.5847 0.01312   5.976 0.0000E+00  0.000   5.98
 A47        1.6055 0.03278   5.112 0.0000E+00  0.000   5.11
 A34        1.6346 0.06314   8.921 0.0000E+00  0.000   8.92
 A95        1.6376 0.10879   5.130 0.0000E+00  0.000   5.13
 A14        1.6449 0.02173   0.806 0.0000E+00  0.000   0.81
 A62        1.6526 0.05803   7.624 0.0000E+00  0.000   7.62
 A84        1.6596 0.04841   3.169 0.0000E+00  0.000   3.17
 A17        1.7215 0.05863   9.963 0.0000E+00  0.000   9.96
 A18        1.7250 0.01790   1.133 0.0000E+00  0.000   1.13
 A38        1.7679 0.05341   2.311 0.0000E+00  0.000   2.31
 A63        1.7686 0.01340   8.263 0.0000E+00  0.000   8.26
 A24        1.8016 0.06221   5.474 0.0000E+00  0.000   5.47
 A58        1.8216 0.07596   5.438 0.0000E+00  0.000   5.44
 A7         1.8236 0.04461   4.473 0.0000E+00  0.000   4.47
 A99        1.8274 0.05804   6.300 0.0000E+00  0.000   6.30
 A74        1.8281 0.05920   5.305 0.0000E+00  0.000   5.30
 A29        1.8411 0.03995   4.813 0.0000E+00  0.000   4.81
 A50        1.8696 0.01346   3.722 0.0000E+00  0.000   3.72
 A33        1.8814 0.01788   4.056 0.0000E+00  0.000   4.06
 A86        1.9084 0.05764   1.260 0.0000E+00  0.000   1.26
 A98        1.9301 0.05004   1.168 0.0000E+00  0.000   1.17
 A82        1.9662 0.11060   1.203 0.0000E+00  0.000   1.20
 A43        2.0497 0.09674   5.746 0.0000E+00  0.000   5.75
 A69        2.0560 0.03538   7.286 0.0000E+00  0.000   7.29
 A90        2.0878 0.11863   7.515 0.0000E+00  0.000   7.51
 A96        2.1042 0.06318   9.128 0.0000E+00  0.000   9.13
 A25        2.1136 0.03054   6.045 0.0000E+00  0.000   6.05
 A12        2.1456 0.02642   5.362 0.0000E+00  0.000   5.36
 A55        2.1719 0.06077   7.913 0.0000E+00  0.000   7.91
 A94        2.2002 0.05803   1.229 0.0000E+00  0.000   1.23
 A45        2.2128 0.05336   2.168 0.0000E+00  0.000   2.17
 A28        2.2179 0.05970   2.336 0.0000E+00  0.000   2.34
 A72        2.2279 0.00995   1.120 0.0000E+00  0.000   1.12
 A22        2.2645 0.01285   6.745 0.0000E+00  0.000   6.75
 A97        2.2726 0.03807  10.436 0.0000E+00  0.000  10.44
 A61        2.2728 0.04463   2.207 0.0000E+00  0.000   2.21
 A35        2.3206 0.06994   6.542 0.0000E+00  0.000   6.54
 A20        2.3918 0.09208   5.211 0.0000E+00  0.000   5.21
 A48        2.3954 0.07226   3.380 0.0000E+00  0.000   3.38
 A93        2.3992 0.06667   2.138 0.0000E+00  0.000   2.14
 A13        2.4916 0.10335   6.975 0.0000E+00  0.000   6.98
 A89        2.5576 0.00706   6.619 0.0000E+00  0.000   6.62
 A11        2.5649 0.03393   7.057 0.0000E+00  0.000   7.06
 A42        2.5657 0.04795   6.859 0.0000E+00  0.000   6.86
 A31        2.5967 0.03541   8.449 0.0000E+00  0.000   8.45
 A67        2.6551 0.06052   6.223 0.0000E+00  0.000   6.22
 A6         2.6641 0.05199   4.788 0.0000E+00  0.000   4.79
 A39        2.6981 0.05200   9.827 0.0000E+00  0.000   9.83
 A100       2.6991 0.01455   6.648 0.0000E+00  0.000   6.65
 A4         2.7069 0.07935   2.618 0.0000E+00  0.000   2.62
 A87        2.7487 0.02711   7.054 0.0000E+00  0.000   7.05
 A2         2.7589 0.02680   0.151 0.0000E+00  0.000   0.15
 A37        2.7658 0.03225   2.704 0.0000E+00  0.000   2.70
 A19        2.7796 0.06834   9.200 0.0000E+00  0.000   9.20
 A92        2.8247 0.03049   1.489 0.0000E+00  0.000   1.49
 A77        2.9400 0.09138   9.612 0.0000E+00  0.000   9.61
 A49        2.9465 0.02512   4.439 0.0000E+00  0.000   4.44
 A64        2.9467 0.08356   8.852 0.0000E+00  0.000   8.85
 A8         2.9510 0.06616   4.614 0.0000E+00  0.000   4.61
 A21        2.9668 0.08085   5.046 0.0000E+00  0.000   5.05
 A59        2.9713 0.09214   6.563 0.0000E+00  0.000   6.56
 A23        3.0092 0.05175   2.185 0.0000E+00  0.000   2.18
 A1         3.0447 0.03863   1.841 0.0000E+00  0.000   1.84
 A54        3.0692 0.05324   1.013 0.0000E+00  0.000   1.01
 A76        3.0763 0.02942   6.607 0.0000E+00  0.000   6.61
 A68        3.1124 0.02447   8.402 0.0000E+00  0.000   8.40
 A71        3.1163 0.02372   3.799 0.0000E+00  0.000   3.80
 A78        3.1252 0.05723  10.506 0.0000E+00  0.000  10.51
 A16        3.1338 0.06124   3.982 0.0000E+00  0.000   3.98
 A40        3.1742 0.08875   8.514 0.0000E+00  0.000   8.51
 A60        3.2296 0.06187   6.368 0.0000E+00  0.000   6.37
 A81        3.2733 0.04465   4.628 0.0000E+00  0.000   4.63
 A91        3.3012 0.05095   6.796 0.0000E+00  0.000   6.80
 A70        3.3198 0.05579   4.271 0.0000E+00  0.000   4.27
 A73        3.3288 0.05338   1.105 0.0000E+00  0.000   1.11
 A53        3.3950 0.05994   2.373 0.0000E+00  0.000   2.37
 A66        3.4031 0.04218   5.161 0.0000E+00  0.000   5.16
 A57        3.4238 0.01847   6.497 0.0000E+00  0.000   6.50
 A27        3.4240 0.01094   8.314 0.0000E+00  0.000   8.31
 A75        3.4399 0.25952  13.182 0.0000E+00  0.000  13.18
 A88        3.4721 0.07366   2.418 0.0000E+00  0.000   2.42
 A3         3.4794 0.02077  10.114 0.0000E+00  0.000  10.11
 A56        3.4816 0.10010   5.988 0.0000E+00  0.000   5.99
 A80        3.5074 0.07909   1.856 0.0000E+00  0.000   1.86
 A32        3.6075 0.03947   6.110 0.0000E+00  0.000   6.11
 A52        3.6389 0.09664   3.476 0.0000E+00  0.000   3.48
 A46        3.6759 0.02231   9.307 0.0000E+00  0.000   9.31
 A65        3.7645 0.06111   5.280 0.0000E+00  0.000   5.28
 A10        3.7994 0.04844   5.799 0.0000E+00  0.000   5.80
 A9         3.9070 0.03975   5.312 0.0000E+00  0.000   5.31
 A36        3.9753 0.02114   6.868 0.0000E+00  0.000   6.87
 A5         3.9868 0.04322   8.855 0.0000E+00  0.000   8.86
 A30        3.9943 0.08114   3.261 0.0000E+00  0.000   3.26
 A26        4.0467 0.03090   3.043 0.0000E+00  0.000   3.04
 A15        4.0746 0.05384   7.437 0.0000E+00  0.000   7.44
 JUPITER    7.1702 0.03127   1.113 9.5479E-04  0.000   1.11
 SATURN     9.6986 0.06409   1.582 2.8589E-04  0.000   1.58
