 EARTHMOO   1.0000 0.00095   1.098 9.1213E-06  0.000   1.10
 A79        1.5215 0.05262   9.073 0.0000E+00  0.000   9.07
 A83        1.5225 0.05206   6.003 0.0000E+00  0.000   6.00
 A51        1.5322 0.03142   5.651 0.0000E+00  0.000   5.65
 A41        1.5455 0.09351   0.794 0.0000E+00  0.000   0.79
 A44        1.5505 0.04142   6.241 0.0000E+00  0.000   6.24
 A85        1.5847 0.01694   4.747 0.0000E+00  0.000   4.75
 A47        1.6055 0.03009   4.791 0.0000E+00  0.000   4.79
 A34        1.6347 0.06374   7.645 0.0000E+00  0.000   7.65
 A95        1.6377 0.10387   6.130 0.0000E+00  0.000   6.13
 A14        1.6449 0.02184   1.054 0.0000E+00  0.000   1.05
 A62        1.6527 0.04718   7.037 0.0000E+00  0.000   7.04
 A84        1.6597 0.04856   2.898 0.0000E+00  0.000   2.90
 A17        1.7215 0.04395   8.740 0.0000E+00  0.000   8.74
 A18        1.7251 0.00374   0.667 0.0000E+00  0.000   0.67
 A38        1.7679 0.04353   2.753 0.0000E+00  0.000   2.75
 A63        1.7686 0.03103   8.686 0.0000E+00  0.000   8.69
 A24        1.8017 0.05068   5.422 0.0000E+00  0.000   5.42
 A58        1.8216 0.08403   6.314 0.0000E+00  0.000   6.31
 A7         1.8235 0.04105   4.249 0.0000E+00  0.000   4.25
 A99        1.8275 0.05406   6.346 0.0000E+00  0.000   6.35
 A74        1.8281 0.05391   5.958 0.0000E+00  0.000   5.96
 A29        1.8410 0.03718   5.329 0.0000E+00  0.000   5.33
 A50        1.8696 0.00614   3.109 0.0000E+00  0.000   3.11
 A33        1.8816 0.03675   3.227 0.0000E+00  0.000   3.23
 A86        1.9084 0.05461   1.490 0.0000E+00  0.000   1.49
 A98        1.9301 0.05785   1.323 0.0000E+00  0.000   1.32
 A82        1.9660 0.09087   0.958 0.0000E+00  0.000   0.96
 A43        2.0498 0.10748   5.323 0.0000E+00  0.000   5.32
 A69        2.0561 0.05437   7.337 0.0000E+00  0.000   7.34
 A90        2.0878 0.11051   7.079 0.0000E+00  0.000   7.08
 A96        2.1046 0.04777   9.909 0.0000E+00  0.000   9.91
 A25        2.1138 0.01362   6.618 0.0000E+00  0.000   6.62
 A12        2.1457 0.01716   6.389 0.0000E+00  0.000   6.39
 A55        2.1718 0.06386   8.073 0.0000E+00  0.000   8.07
 A94        2.1999 0.05680   0.216 0.0000E+00  0.000   0.22
 A45        2.2128 0.05251   2.193 0.0000E+00  0.000   2.19
 A28        2.2178 0.05550   2.380 0.0000E+00  0.000   2.38
 A72        2.2278 0.02396   1.077 0.0000E+00  0.000   1.08
 A22        2.2645 0.00937   7.364 0.0000E+00  0.000   7.36
 A97        2.2727 0.03166  10.069 0.0000E+00  0.000  10.07
 A61        2.2728 0.04181   2.092 0.0000E+00  0.000   2.09
 A35        2.3202 0.07242   6.376 0.0000E+00  0.000   6.38
 A20        2.3915 0.09175   5.224 0.0000E+00  0.000   5.22
 A48        2.3951 0.06739   2.884 0.0000E+00  0.000   2.88
 A93        2.3989 0.07991   2.274 0.0000E+00  0.000   2.27
 A13        2.4914 0.09314   7.194 0.0000E+00  0.000   7.19
 A89        2.5571 0.00560   7.208 0.0000E+00  0.000   7.21
 A11        2.5647 0.03455   7.021 0.0000E+00  0.000   7.02
 A42        2.5653 0.03909   7.278 0.0000E+00  0.000   7.28
 A31        2.5965 0.05479   7.536 0.0000E+00  0.000   7.54
 A67        2.6551 0.06045   5.522 0.0000E+00  0.000   5.52
 A6         2.6648 0.04425   4.518 0.0000E+00  0.000   4.52
 A39        2.6981 0.05747   8.889 0.0000E+00  0.000   8.89
 A100       2.6993 0.01258   5.579 0.0000E+00  0.000   5.58
 A4         2.7067 0.06224   3.278 0.0000E+00  0.000   3.28
 A87        2.7488 0.03346   6.763 0.0000E+00  0.000   6.76
 A2         2.7589 0.03454   0.569 0.0000E+00  0.000   0.57
 A37        2.7662 0.02095   2.605 0.0000E+00  0.000   2.60
 A19        2.7795 0.06774  10.286 0.0000E+00  0.000  10.29
 A92        2.8249 0.02621   1.029 0.0000E+00  0.000   1.03
 A77        2.9398 0.09256   9.230 0.0000E+00  0.000   9.23
 A64        2.9468 0.07908   9.602 0.0000E+00  0.000   9.60
 A49        2.9471 0.02363   5.189 0.0000E+00  0.000   5.19
 A8         2.9501 0.06848   5.562 0.0000E+00  0.000   5.56
 A21        2.9672 0.07967   4.886 0.0000E+00  0.000   4.89
 A59        2.9718 0.08280   6.512 0.0000E+00  0.000   6.51
 A23        3.0096 0.05616   1.436 0.0000E+00  0.000   1.44
 A1         3.0457 0.05669   2.335 0.0000E+00  0.000   2.34
 A54        3.0693 0.06165   0.382 0.0000E+00  0.000   0.38
 A76        3.0764 0.04549   7.074 0.0000E+00  0.000   7.07
 A68        3.1131 0.00615   8.407 0.0000E+00  0.000   8.41
 A71        3.1161 0.02814   4.537 0.0000E+00  0.000   4.54
 A78        3.1259 0.05881   9.823 0.0000E+00  0.000   9.82
 A16        3.1338 0.06620   4.300 0.0000E+00  0.000   4.30
 A40        3.1740 0.09474   8.056 0.0000E+00  0.000   8.06
 A60        3.2299 0.05952   5.955 0.0000E+00  0.000   5.95
 A81        3.2735 0.04378   4.260 0.0000E+00  0.000   4.26
 A91        3.3032 0.03616   6.730 0.0000E+00  0.000   6.73
 A70        3.3184 0.05490   4.410 0.0000E+00  0.000   4.41
 A73        3.3281 0.04163   0.752 0.0000E+00  0.000   0.75
 A53        3.3852 0.05489   2.367 0.0000E+00  0.000   2.37
 A66        3.4039 0.04852   4.938 0.0000E+00  0.000   4.94
 A27        3.4223 0.00989   8.391 0.0000E+00  0.000   8.39
 A57        3.4255 0.02202   6.394 0.0000E+00  0.000   6.39
 A75        3.4406 0.18273   8.473 0.0000E+00  0.000   8.47
 A88        3.4678 0.08948   2.371 0.0000E+00  0.000   2.37
 A56        3.4769 0.10360   6.059 0.0000E+00  0.000   6.06
 A3         3.4784 0.01077   9.449 0.0000E+00  0.000   9.45
 A80        3.5061 0.08360   1.534 0.0000E+00  0.000   1.53
 A32        3.6124 0.02359   6.242 0.0000E+00  0.000   6.24
 A52        3.6395 0.09392   4.325 0.0000E+00  0.000   4.33
 A46        3.6758 0.02123   9.411 0.0000E+00  0.000   9.41
 A65        3.7651 0.06303   5.324 0.0000E+00  0.000   5.32
 A10        3.8008 0.05727   6.355 0.0000E+00  0.000   6.35
 A9         3.9127 0.04141   4.402 0.0000E+00  0.000   4.40
 A36        3.9725 0.02865   6.783 0.0000E+00  0.000   6.78
 A5         3.9831 0.03851   8.589 0.0000E+00  0.000   8.59
 A30        3.9991 0.08176   4.056 0.0000E+00  0.000   4.06
 A26        4.0476 0.04764   3.294 0.0000E+00  0.000   3.29
 A15        4.0773 0.03895   7.176 0.0000E+00  0.000   7.18
 JUPITER    7.1651 0.03049   1.259 9.5479E-04  0.000   1.26
 SATURN     9.6650 0.07329   1.184 2.8589E-04  0.000   1.18
