 EARTHMOO   1.0000 0.00324   1.301 9.1213E-06  0.000   1.30
 A79        1.5215 0.03788   8.825 0.0000E+00  0.000   8.82
 A83        1.5225 0.05900   4.156 0.0000E+00  0.000   4.16
 A51        1.5323 0.04125   6.116 0.0000E+00  0.000   6.12
 A41        1.5455 0.10410   2.389 0.0000E+00  0.000   2.39
 A44        1.5504 0.03650   7.715 0.0000E+00  0.000   7.72
 A85        1.5846 0.01382   6.074 0.0000E+00  0.000   6.07
 A47        1.6056 0.02552   4.779 0.0000E+00  0.000   4.78
 A34        1.6347 0.06857   9.305 0.0000E+00  0.000   9.31
 A95        1.6376 0.10213   5.799 0.0000E+00  0.000   5.80
 A14        1.6448 0.02035   1.211 0.0000E+00  0.000   1.21
 A62        1.6526 0.04148   8.583 0.0000E+00  0.000   8.58
 A84        1.6598 0.06885   2.828 0.0000E+00  0.000   2.83
 A17        1.7215 0.03514   8.868 0.0000E+00  0.000   8.87
 A18        1.7249 0.02148   1.389 0.0000E+00  0.000   1.39
 A38        1.7679 0.05386   1.822 0.0000E+00  0.000   1.82
 A63        1.7688 0.02334   8.050 0.0000E+00  0.000   8.05
 A24        1.8017 0.03819   5.293 0.0000E+00  0.000   5.29
 A58        1.8214 0.10351   5.242 0.0000E+00  0.000   5.24
 A7         1.8234 0.03217   4.874 0.0000E+00  0.000   4.87
 A99        1.8275 0.06243   6.838 0.0000E+00  0.000   6.84
 A74        1.8281 0.06384   5.245 0.0000E+00  0.000   5.25
 A29        1.8410 0.03576   5.291 0.0000E+00  0.000   5.29
 A50        1.8695 0.00759   4.427 0.0000E+00  0.000   4.43
 A33        1.8817 0.03324   4.558 0.0000E+00  0.000   4.56
 A86        1.9085 0.06558   1.115 0.0000E+00  0.000   1.12
 A98        1.9300 0.06158   0.707 0.0000E+00  0.000   0.71
 A82        1.9660 0.10829   0.866 0.0000E+00  0.000   0.87
 A43        2.0495 0.08419   5.968 0.0000E+00  0.000   5.97
 A69        2.0560 0.04262   6.716 0.0000E+00  0.000   6.72
 A90        2.0881 0.11992   7.101 0.0000E+00  0.000   7.10
 A96        2.1045 0.04685   9.095 0.0000E+00  0.000   9.10
 A25        2.1136 0.02625   6.664 0.0000E+00  0.000   6.66
 A12        2.1455 0.02498   5.023 0.0000E+00  0.000   5.02
 A55        2.1717 0.05205   8.021 0.0000E+00  0.000   8.02
 A94        2.2003 0.03954   0.807 0.0000E+00  0.000   0.81
 A45        2.2130 0.06055   1.585 0.0000E+00  0.000   1.58
 A28        2.2179 0.06258   2.533 0.0000E+00  0.000   2.53
 A72        2.2276 0.03128   1.291 0.0000E+00  0.000   1.29
 A22        2.2646 0.01077   6.493 0.0000E+00  0.000   6.49
 A97        2.2729 0.05969   9.528 0.0000E+00  0.000   9.53
 A61        2.2730 0.04079   1.673 0.0000E+00  0.000   1.67
 A35        2.3202 0.06864   6.384 0.0000E+00  0.000   6.38
 A20        2.3920 0.09269   4.689 0.0000E+00  0.000   4.69
 A48        2.3951 0.08604   3.303 0.0000E+00  0.000   3.30
 A93        2.3999 0.09228   1.733 0.0000E+00  0.000   1.73
 A13        2.4912 0.08360   7.353 0.0000E+00  0.000   7.35
 A89        2.5575 0.01648   6.343 0.0000E+00  0.000   6.34
 A11        2.5647 0.03175   7.786 0.0000E+00  0.000   7.79
 A42        2.5659 0.05482   6.973 0.0000E+00  0.000   6.97
 A31        2.5972 0.03913   7.884 0.0000E+00  0.000   7.88
 A67        2.6550 0.06466   5.919 0.0000E+00  0.000   5.92
 A6         2.6650 0.04328   4.426 0.0000E+00  0.000   4.43
 A39        2.6982 0.06561   9.226 0.0000E+00  0.000   9.23
 A100       2.6999 0.01219   6.003 0.0000E+00  0.000   6.00
 A4         2.7066 0.07759   2.813 0.0000E+00  0.000   2.81
 A87        2.7487 0.02840   6.936 0.0000E+00  0.000   6.94
 A2         2.7604 0.01534   1.068 0.0000E+00  0.000   1.07
 A37        2.7654 0.04253   1.811 0.0000E+00  0.000   1.81
 A19        2.7797 0.06504   9.779 0.0000E+00  0.000   9.78
 A92        2.8248 0.04060   1.771 0.0000E+00  0.000   1.77
 A77        2.9398 0.10133   8.966 0.0000E+00  0.000   8.97
 A49        2.9463 0.01046   5.173 0.0000E+00  0.000   5.17
 A64        2.9467 0.10191   9.277 0.0000E+00  0.000   9.28
 A8         2.9498 0.06772   4.596 0.0000E+00  0.000   4.60
 A21        2.9682 0.06548   4.554 0.0000E+00  0.000   4.55
 A59        2.9776 0.09246  10.680 0.0000E+00  0.000  10.68
 A23        3.0094 0.07237   2.940 0.0000E+00  0.000   2.94
 A1         3.0474 0.06664   1.008 0.0000E+00  0.000   1.01
 A54        3.0693 0.07000   1.058 0.0000E+00  0.000   1.06
 A76        3.0772 0.01764   7.213 0.0000E+00  0.000   7.21
 A68        3.1118 0.00717   9.629 0.0000E+00  0.000   9.63
 A71        3.1156 0.04964   4.461 0.0000E+00  0.000   4.46
 A78        3.1248 0.05140  10.848 0.0000E+00  0.000  10.85
 A16        3.1348 0.04833   2.597 0.0000E+00  0.000   2.60
 A40        3.1738 0.08485   8.649 0.0000E+00  0.000   8.65
 A60        3.2297 0.05263   5.179 0.0000E+00  0.000   5.18
 A81        3.2783 0.07633   4.084 0.0000E+00  0.000   4.08
 A91        3.3022 0.04551   4.679 0.0000E+00  0.000   4.68
 A70        3.3158 0.05243   2.265 0.0000E+00  0.000   2.27
 A73        3.3298 0.05250   4.040 0.0000E+00  0.000   4.04
 A53        3.3862 0.01393   5.601 0.0000E+00  0.000   5.60
 A66        3.4033 0.05628   3.971 0.0000E+00  0.000   3.97
 A27        3.4260 0.02977   7.680 0.0000E+00  0.000   7.68
 A57        3.4283 0.03005   8.045 0.0000E+00  0.000   8.04
 A75        3.4621 0.03315   8.864 0.0000E+00  0.000   8.86
 A88        3.4651 0.08801  11.480 0.0000E+00  0.000  11.48
 A3         3.4815 0.01883  14.381 0.0000E+00  0.000  14.38
 A56        3.4840 0.13352   7.243 0.0000E+00  0.000   7.24
 A80        3.5088 0.04930  12.311 0.0000E+00  0.000  12.31
 A32        3.6108 0.05883   2.137 0.0000E+00  0.000   2.14
 A52        3.6360 0.11157   9.772 0.0000E+00  0.000   9.77
 A46        3.6740 0.05437  17.699 0.0000E+00  0.000  17.70
 A65        3.7871 0.20692  11.104 0.0000E+00  0.000  11.10
 A10        3.8000 0.01972   5.683 0.0000E+00  0.000   5.68
 A5         3.8175 0.31339   6.709 0.0000E+00  0.000   6.71
 A9         3.9333 0.09135  10.184 0.0000E+00  0.000  10.18
 A36        3.9850 0.04063   7.835 0.0000E+00  0.000   7.83
 A30        4.0155 0.05024   4.146 0.0000E+00  0.000   4.15
 A26        4.0558 0.04486   1.971 0.0000E+00  0.000   1.97
 A15        4.0720 0.03184  10.917 0.0000E+00  0.000  10.92
 JUPITER    6.1971 0.01722   1.337 9.5479E-04  0.000   1.34
 SATURN     9.5625 0.05079   1.171 2.8589E-04  0.000   1.17
