 EARTHMOO   1.0000 0.00303   0.767 9.1213E-06  0.000   0.77
 A79        1.5214 0.04333   9.790 0.0000E+00  0.000   9.79
 A83        1.5226 0.06443   5.266 0.0000E+00  0.000   5.27
 A51        1.5322 0.03354   6.903 0.0000E+00  0.000   6.90
 A41        1.5456 0.10423   2.288 0.0000E+00  0.000   2.29
 A44        1.5505 0.04494   6.657 0.0000E+00  0.000   6.66
 A85        1.5845 0.01647   6.406 0.0000E+00  0.000   6.41
 A47        1.6056 0.03394   5.099 0.0000E+00  0.000   5.10
 A34        1.6348 0.05156   8.926 0.0000E+00  0.000   8.93
 A95        1.6376 0.11473   6.134 0.0000E+00  0.000   6.13
 A14        1.6448 0.01477   0.969 0.0000E+00  0.000   0.97
 A62        1.6526 0.06142   8.230 0.0000E+00  0.000   8.23
 A84        1.6596 0.04888   2.292 0.0000E+00  0.000   2.29
 A17        1.7214 0.05654  10.009 0.0000E+00  0.000  10.01
 A18        1.7250 0.02360   0.510 0.0000E+00  0.000   0.51
 A38        1.7679 0.05562   1.706 0.0000E+00  0.000   1.71
 A63        1.7688 0.01695   8.627 0.0000E+00  0.000   8.63
 A24        1.8016 0.03758   6.001 0.0000E+00  0.000   6.00
 A58        1.8216 0.07626   6.130 0.0000E+00  0.000   6.13
 A7         1.8235 0.02737   4.187 0.0000E+00  0.000   4.19
 A99        1.8274 0.06883   5.642 0.0000E+00  0.000   5.64
 A74        1.8282 0.04758   5.035 0.0000E+00  0.000   5.03
 A29        1.8411 0.04394   5.851 0.0000E+00  0.000   5.85
 A50        1.8694 0.01100   3.932 0.0000E+00  0.000   3.93
 A33        1.8816 0.03940   4.337 0.0000E+00  0.000   4.34
 A86        1.9085 0.06335   1.711 0.0000E+00  0.000   1.71
 A98        1.9299 0.04450   0.539 0.0000E+00  0.000   0.54
 A82        1.9660 0.09783   0.737 0.0000E+00  0.000   0.74
 A43        2.0495 0.10251   5.073 0.0000E+00  0.000   5.07
 A69        2.0560 0.04680   6.717 0.0000E+00  0.000   6.72
 A90        2.0878 0.11074   8.056 0.0000E+00  0.000   8.06
 A96        2.1044 0.07690   8.970 0.0000E+00  0.000   8.97
 A25        2.1137 0.01791   6.085 0.0000E+00  0.000   6.08
 A12        2.1455 0.03370   5.681 0.0000E+00  0.000   5.68
 A55        2.1717 0.05829   7.498 0.0000E+00  0.000   7.50
 A94        2.1998 0.05070   1.277 0.0000E+00  0.000   1.28
 A45        2.2126 0.06630   2.127 0.0000E+00  0.000   2.13
 A28        2.2179 0.04451   2.805 0.0000E+00  0.000   2.81
 A72        2.2278 0.00922   0.815 0.0000E+00  0.000   0.81
 A22        2.2647 0.01037   6.944 0.0000E+00  0.000   6.94
 A97        2.2726 0.06047  10.139 0.0000E+00  0.000  10.14
 A61        2.2730 0.06468   2.586 0.0000E+00  0.000   2.59
 A35        2.3201 0.07187   5.941 0.0000E+00  0.000   5.94
 A20        2.3914 0.10247   4.498 0.0000E+00  0.000   4.50
 A48        2.3955 0.08195   4.260 0.0000E+00  0.000   4.26
 A93        2.3994 0.06893   1.555 0.0000E+00  0.000   1.56
 A13        2.4908 0.08141   6.770 0.0000E+00  0.000   6.77
 A89        2.5571 0.01198   5.837 0.0000E+00  0.000   5.84
 A11        2.5652 0.04200   6.790 0.0000E+00  0.000   6.79
 A42        2.5654 0.03623   6.547 0.0000E+00  0.000   6.55
 A31        2.5971 0.03945   7.943 0.0000E+00  0.000   7.94
 A67        2.6547 0.04634   5.965 0.0000E+00  0.000   5.96
 A6         2.6640 0.05792   4.060 0.0000E+00  0.000   4.06
 A100       2.6988 0.01020   5.219 0.0000E+00  0.000   5.22
 A39        2.6989 0.05169   8.644 0.0000E+00  0.000   8.64
 A4         2.7072 0.08659   2.180 0.0000E+00  0.000   2.18
 A87        2.7493 0.03900   6.140 0.0000E+00  0.000   6.14
 A2         2.7588 0.01240   1.819 0.0000E+00  0.000   1.82
 A37        2.7661 0.02994   1.078 0.0000E+00  0.000   1.08
 A19        2.7799 0.07223   9.915 0.0000E+00  0.000   9.92
 A92        2.8251 0.03122   1.940 0.0000E+00  0.000   1.94
 A77        2.9402 0.07883  10.059 0.0000E+00  0.000  10.06
 A49        2.9467 0.01421   4.209 0.0000E+00  0.000   4.21
 A64        2.9470 0.08616   9.389 0.0000E+00  0.000   9.39
 A8         2.9484 0.08733   5.182 0.0000E+00  0.000   5.18
 A21        2.9684 0.06749   4.555 0.0000E+00  0.000   4.56
 A59        2.9891 0.24377  29.628 0.0000E+00  0.000  29.63
 A23        3.0105 0.06932   2.863 0.0000E+00  0.000   2.86
 A1         3.0450 0.06109   0.973 0.0000E+00  0.000   0.97
 A54        3.0696 0.05494   2.579 0.0000E+00  0.000   2.58
 A76        3.0753 0.04269   7.920 0.0000E+00  0.000   7.92
 A68        3.1129 0.02748   8.547 0.0000E+00  0.000   8.55
 A71        3.1156 0.02740   3.720 0.0000E+00  0.000   3.72
 A78        3.1251 0.04149   9.850 0.0000E+00  0.000   9.85
 A16        3.1337 0.04732   3.907 0.0000E+00  0.000   3.91
 A40        3.1747 0.06866   8.317 0.0000E+00  0.000   8.32
 A60        3.2275 0.07030   4.304 0.0000E+00  0.000   4.30
 A81        3.2783 0.06214   7.103 0.0000E+00  0.000   7.10
 A91        3.3028 0.02406   6.499 0.0000E+00  0.000   6.50
 A70        3.3157 0.06983   6.737 0.0000E+00  0.000   6.74
 A73        3.3291 0.04967   6.067 0.0000E+00  0.000   6.07
 A53        3.3839 0.01827   1.375 0.0000E+00  0.000   1.37
 A66        3.4036 0.04961   2.002 0.0000E+00  0.000   2.00
 A57        3.4261 0.03445   9.126 0.0000E+00  0.000   9.13
 A27        3.4261 0.02252   8.349 0.0000E+00  0.000   8.35
 A75        3.4613 0.02118  12.416 0.0000E+00  0.000  12.42
 A88        3.4649 0.09371  11.713 0.0000E+00  0.000  11.71
 A3         3.4777 0.02686  10.897 0.0000E+00  0.000  10.90
 A56        3.4865 0.12145  15.465 0.0000E+00  0.000  15.47
 A80        3.5063 0.06011  10.927 0.0000E+00  0.000  10.93
 A32        3.6123 0.03330  12.739 0.0000E+00  0.000  12.74
 A52        3.6328 0.13101  15.600 0.0000E+00  0.000  15.60
 A46        3.6722 0.03652  11.590 0.0000E+00  0.000  11.59
 A65        3.7432 0.23071   8.955 0.0000E+00  0.000   8.95
 A10        3.8031 0.04533   6.885 0.0000E+00  0.000   6.89
 A36        3.8232 0.36448  10.702 0.0000E+00  0.000  10.70
 A30        4.0184 0.09990   3.732 0.0000E+00  0.000   3.73
 A26        4.0354 0.12602   3.034 0.0000E+00  0.000   3.03
 A15        4.0644 0.09055   8.605 0.0000E+00  0.000   8.60
 JUPITER    6.1979 0.02422   0.853 9.5479E-04  0.000   0.85
 SATURN     9.5172 0.02591   2.055 2.8589E-04  0.000   2.06
