 EARTHMOO   1.0000 0.00339   1.374 9.1213E-06  0.000   1.37
 A79        1.5215 0.04591   9.990 0.0000E+00  0.000   9.99
 A83        1.5225 0.05181   4.278 0.0000E+00  0.000   4.28
 A51        1.5322 0.03392   6.353 0.0000E+00  0.000   6.35
 A41        1.5456 0.09975   2.746 0.0000E+00  0.000   2.75
 A44        1.5504 0.03712   6.828 0.0000E+00  0.000   6.83
 A85        1.5845 0.00971   6.472 0.0000E+00  0.000   6.47
 A47        1.6056 0.04318   5.453 0.0000E+00  0.000   5.45
 A34        1.6347 0.05142   7.922 0.0000E+00  0.000   7.92
 A95        1.6377 0.11805   6.535 0.0000E+00  0.000   6.53
 A14        1.6449 0.03284   1.028 0.0000E+00  0.000   1.03
 A62        1.6526 0.04032   7.237 0.0000E+00  0.000   7.24
 A84        1.6596 0.06569   3.325 0.0000E+00  0.000   3.32
 A17        1.7214 0.03821   9.199 0.0000E+00  0.000   9.20
 A18        1.7249 0.00220   0.213 0.0000E+00  0.000   0.21
 A38        1.7680 0.04541   3.020 0.0000E+00  0.000   3.02
 A63        1.7688 0.03999   7.658 0.0000E+00  0.000   7.66
 A24        1.8017 0.06385   6.278 0.0000E+00  0.000   6.28
 A58        1.8216 0.09800   5.236 0.0000E+00  0.000   5.24
 A7         1.8235 0.02918   3.933 0.0000E+00  0.000   3.93
 A99        1.8275 0.04148   6.083 0.0000E+00  0.000   6.08
 A74        1.8282 0.05891   6.018 0.0000E+00  0.000   6.02
 A29        1.8411 0.04388   4.401 0.0000E+00  0.000   4.40
 A50        1.8695 0.01011   2.980 0.0000E+00  0.000   2.98
 A33        1.8817 0.04235   4.212 0.0000E+00  0.000   4.21
 A86        1.9084 0.05470   2.175 0.0000E+00  0.000   2.17
 A98        1.9299 0.06965   1.331 0.0000E+00  0.000   1.33
 A82        1.9661 0.10586   0.690 0.0000E+00  0.000   0.69
 A43        2.0496 0.09505   5.004 0.0000E+00  0.000   5.00
 A69        2.0561 0.06330   6.626 0.0000E+00  0.000   6.63
 A90        2.0880 0.12893   8.105 0.0000E+00  0.000   8.11
 A96        2.1043 0.07115   8.802 0.0000E+00  0.000   8.80
 A25        2.1138 0.01863   6.675 0.0000E+00  0.000   6.68
 A12        2.1458 0.04530   5.659 0.0000E+00  0.000   5.66
 A55        2.1720 0.05579   8.424 0.0000E+00  0.000   8.42
 A94        2.1998 0.04207   0.833 0.0000E+00  0.000   0.83
 A45        2.2129 0.05955   2.133 0.0000E+00  0.000   2.13
 A28        2.2178 0.06043   1.415 0.0000E+00  0.000   1.41
 A72        2.2281 0.00953   2.323 0.0000E+00  0.000   2.32
 A22        2.2649 0.01828   7.437 0.0000E+00  0.000   7.44
 A97        2.2725 0.03254  10.431 0.0000E+00  0.000  10.43
 A61        2.2730 0.04588   1.447 0.0000E+00  0.000   1.45
 A35        2.3204 0.05750   7.009 0.0000E+00  0.000   7.01
 A20        2.3914 0.09766   4.644 0.0000E+00  0.000   4.64
 A48        2.3956 0.08424   3.622 0.0000E+00  0.000   3.62
 A93        2.3990 0.07946   1.366 0.0000E+00  0.000   1.37
 A13        2.4912 0.10857   8.085 0.0000E+00  0.000   8.09
 A89        2.5575 0.00906   5.700 0.0000E+00  0.000   5.70
 A11        2.5648 0.05100   7.589 0.0000E+00  0.000   7.59
 A42        2.5653 0.05182   8.196 0.0000E+00  0.000   8.20
 A31        2.5965 0.05090   8.626 0.0000E+00  0.000   8.63
 A67        2.6551 0.04654   6.667 0.0000E+00  0.000   6.67
 A6         2.6643 0.03532   5.043 0.0000E+00  0.000   5.04
 A39        2.6980 0.05917  10.299 0.0000E+00  0.000  10.30
 A100       2.6995 0.01360   5.142 0.0000E+00  0.000   5.14
 A4         2.7075 0.06251   3.920 0.0000E+00  0.000   3.92
 A87        2.7490 0.04953   6.749 0.0000E+00  0.000   6.75
 A2         2.7594 0.02675   0.935 0.0000E+00  0.000   0.94
 A37        2.7653 0.01967   2.066 0.0000E+00  0.000   2.07
 A19        2.7794 0.08265  10.784 0.0000E+00  0.000  10.78
 A92        2.8244 0.03155   2.612 0.0000E+00  0.000   2.61
 A77        2.9408 0.06961   9.538 0.0000E+00  0.000   9.54
 A49        2.9471 0.00938   5.291 0.0000E+00  0.000   5.29
 A64        2.9479 0.09690   9.556 0.0000E+00  0.000   9.56
 A8         2.9513 0.08774   5.088 0.0000E+00  0.000   5.09
 A21        2.9670 0.06951   5.478 0.0000E+00  0.000   5.48
 A59        2.9686 0.13892  33.761 0.0000E+00  0.000  33.76
 A23        3.0113 0.07107   3.424 0.0000E+00  0.000   3.42
 A1         3.0444 0.05802   1.805 0.0000E+00  0.000   1.81
 A54        3.0700 0.04332   1.152 0.0000E+00  0.000   1.15
 A76        3.0750 0.01396   7.718 0.0000E+00  0.000   7.72
 A68        3.1133 0.00177   9.570 0.0000E+00  0.000   9.57
 A71        3.1189 0.04709   5.094 0.0000E+00  0.000   5.09
 A78        3.1257 0.06171  10.622 0.0000E+00  0.000  10.62
 A16        3.1350 0.03654   4.442 0.0000E+00  0.000   4.44
 A40        3.1731 0.07311   7.122 0.0000E+00  0.000   7.12
 A60        3.2275 0.06253   6.421 0.0000E+00  0.000   6.42
 A81        3.2774 0.04337   7.167 0.0000E+00  0.000   7.17
 A91        3.3012 0.02078   2.209 0.0000E+00  0.000   2.21
 A70        3.3182 0.05655   1.324 0.0000E+00  0.000   1.32
 A73        3.3307 0.02098   4.732 0.0000E+00  0.000   4.73
 A53        3.3833 0.03074   7.343 0.0000E+00  0.000   7.34
 A66        3.4044 0.05717   3.895 0.0000E+00  0.000   3.89
 A27        3.4254 0.03899   3.372 0.0000E+00  0.000   3.37
 A57        3.4317 0.04320   6.159 0.0000E+00  0.000   6.16
 A75        3.4603 0.01208   8.559 0.0000E+00  0.000   8.56
 A88        3.4651 0.08354   1.729 0.0000E+00  0.000   1.73
 A3         3.4786 0.02834  10.749 0.0000E+00  0.000  10.75
 A56        3.4802 0.10981  13.741 0.0000E+00  0.000  13.74
 A80        3.5095 0.04182   4.351 0.0000E+00  0.000   4.35
 A32        3.6127 0.02913  16.043 0.0000E+00  0.000  16.04
 A52        3.6383 0.13305  15.470 0.0000E+00  0.000  15.47
 A46        3.6743 0.02428   9.940 0.0000E+00  0.000   9.94
 A65        3.7586 0.19196  12.586 0.0000E+00  0.000  12.59
 A10        3.8053 0.03819  10.669 0.0000E+00  0.000  10.67
 A9         3.8536 0.26872  22.097 0.0000E+00  0.000  22.10
 A36        3.9712 0.04348   5.039 0.0000E+00  0.000   5.04
 A30        4.0252 0.06389   1.710 0.0000E+00  0.000   1.71
 A26        4.0402 0.07207   2.618 0.0000E+00  0.000   2.62
 A15        4.0746 0.03081   7.487 0.0000E+00  0.000   7.49
 JUPITER    6.2001 0.00746   0.742 9.5479E-04  0.000   0.74
 SATURN     9.4739 0.04351   2.172 2.8589E-04  0.000   2.17
