
 Time (years):    9993155.3839836

              a        e       i      mass    Rot/day  Obl

 EARTHMOO   1.0000 0.00075   0.856 9.1213E-06  0.000   0.86
 A79        1.5214 0.04386   9.834 0.0000E+00  0.000   9.83
 A83        1.5226 0.06315   4.802 0.0000E+00  0.000   4.80
 A51        1.5323 0.03995   6.674 0.0000E+00  0.000   6.67
 A41        1.5456 0.09838   2.320 0.0000E+00  0.000   2.32
 A44        1.5504 0.03721   6.582 0.0000E+00  0.000   6.58
 A85        1.5848 0.01872   6.023 0.0000E+00  0.000   6.02
 A47        1.6056 0.04471   5.721 0.0000E+00  0.000   5.72
 A34        1.6347 0.07486   8.708 0.0000E+00  0.000   8.71
 A95        1.6377 0.11440   5.554 0.0000E+00  0.000   5.55
 A14        1.6448 0.03371   0.417 0.0000E+00  0.000   0.42
 A62        1.6526 0.04592   7.808 0.0000E+00  0.000   7.81
 A84        1.6596 0.06352   2.739 0.0000E+00  0.000   2.74
 A17        1.7214 0.05092   8.820 0.0000E+00  0.000   8.82
 A18        1.7251 0.00494   0.766 0.0000E+00  0.000   0.77
 A38        1.7680 0.05355   1.647 0.0000E+00  0.000   1.65
 A63        1.7688 0.01441   8.862 0.0000E+00  0.000   8.86
 A24        1.8018 0.06066   5.806 0.0000E+00  0.000   5.81
 A58        1.8215 0.10356   5.459 0.0000E+00  0.000   5.46
 A7         1.8236 0.04379   4.423 0.0000E+00  0.000   4.42
 A99        1.8276 0.03970   5.670 0.0000E+00  0.000   5.67
 A74        1.8282 0.07490   5.264 0.0000E+00  0.000   5.26
 A29        1.8411 0.03695   5.631 0.0000E+00  0.000   5.63
 A50        1.8696 0.01299   3.267 0.0000E+00  0.000   3.27
 A33        1.8816 0.03878   4.382 0.0000E+00  0.000   4.38
 A86        1.9085 0.08032   2.231 0.0000E+00  0.000   2.23
 A98        1.9300 0.06836   0.906 0.0000E+00  0.000   0.91
 A82        1.9661 0.09170   1.819 0.0000E+00  0.000   1.82
 A43        2.0494 0.11202   5.466 0.0000E+00  0.000   5.47
 A69        2.0561 0.04231   6.898 0.0000E+00  0.000   6.90
 A90        2.0877 0.12705   7.447 0.0000E+00  0.000   7.45
 A96        2.1046 0.07442   9.264 0.0000E+00  0.000   9.26
 A25        2.1138 0.02840   5.782 0.0000E+00  0.000   5.78
 A12        2.1455 0.02964   5.570 0.0000E+00  0.000   5.57
 A55        2.1720 0.06177   8.122 0.0000E+00  0.000   8.12
 A94        2.1999 0.05130   0.430 0.0000E+00  0.000   0.43
 A45        2.2126 0.07402   2.235 0.0000E+00  0.000   2.24
 A28        2.2182 0.04057   1.583 0.0000E+00  0.000   1.58
 A72        2.2277 0.02913   2.027 0.0000E+00  0.000   2.03
 A22        2.2647 0.01762   7.288 0.0000E+00  0.000   7.29
 A97        2.2726 0.03171   9.507 0.0000E+00  0.000   9.51
 A61        2.2729 0.06554   2.567 0.0000E+00  0.000   2.57
 A35        2.3205 0.05640   6.943 0.0000E+00  0.000   6.94
 A20        2.3920 0.10591   4.572 0.0000E+00  0.000   4.57
 A48        2.3956 0.08582   3.976 0.0000E+00  0.000   3.98
 A93        2.3989 0.09235   2.094 0.0000E+00  0.000   2.09
 A13        2.4912 0.08438   6.995 0.0000E+00  0.000   6.99
 A89        2.5571 0.01355   6.709 0.0000E+00  0.000   6.71
 A11        2.5649 0.05382   7.420 0.0000E+00  0.000   7.42
 A42        2.5652 0.04205   7.142 0.0000E+00  0.000   7.14
 A31        2.5971 0.03946   8.200 0.0000E+00  0.000   8.20
 A67        2.6550 0.06399   5.527 0.0000E+00  0.000   5.53
 A6         2.6651 0.04626   4.541 0.0000E+00  0.000   4.54
 A39        2.6987 0.05139   9.373 0.0000E+00  0.000   9.37
 A100       2.6990 0.01224   5.471 0.0000E+00  0.000   5.47
 A4         2.7075 0.08349   3.039 0.0000E+00  0.000   3.04
 A87        2.7491 0.02776   7.107 0.0000E+00  0.000   7.11
 A2         2.7588 0.02736   0.845 0.0000E+00  0.000   0.85
 A37        2.7657 0.01854   2.288 0.0000E+00  0.000   2.29
 A19        2.7795 0.07300  10.104 0.0000E+00  0.000  10.10
 A92        2.8251 0.03719   1.831 0.0000E+00  0.000   1.83
 A77        2.9399 0.07511   8.846 0.0000E+00  0.000   8.85
 A49        2.9467 0.02126   5.081 0.0000E+00  0.000   5.08
 A64        2.9479 0.10307   8.654 0.0000E+00  0.000   8.65
 A8         2.9495 0.08104   4.802 0.0000E+00  0.000   4.80
 A21        2.9676 0.06393   4.848 0.0000E+00  0.000   4.85
 A59        2.9856 0.39627  21.610 0.0000E+00  0.000  21.61
 A23        3.0120 0.06973   3.390 0.0000E+00  0.000   3.39
 A1         3.0458 0.06469   1.952 0.0000E+00  0.000   1.95
 A54        3.0688 0.07105   1.229 0.0000E+00  0.000   1.23
 A76        3.0767 0.03770   7.931 0.0000E+00  0.000   7.93
 A68        3.1119 0.03169  10.074 0.0000E+00  0.000  10.07
 A71        3.1156 0.04883   4.333 0.0000E+00  0.000   4.33
 A78        3.1254 0.04216  10.078 0.0000E+00  0.000  10.08
 A16        3.1353 0.06377   3.646 0.0000E+00  0.000   3.65
 A40        3.1742 0.09215   7.067 0.0000E+00  0.000   7.07
 A60        3.2271 0.07700   3.959 0.0000E+00  0.000   3.96
 A81        3.2753 0.05753   3.858 0.0000E+00  0.000   3.86
 A91        3.3019 0.04315   4.973 0.0000E+00  0.000   4.97
 A70        3.3155 0.07728   5.445 0.0000E+00  0.000   5.44
 A73        3.3295 0.05044   4.374 0.0000E+00  0.000   4.37
 A53        3.3850 0.00522   3.484 0.0000E+00  0.000   3.48
 A66        3.4046 0.05873   0.798 0.0000E+00  0.000   0.80
 A57        3.4266 0.02224  10.246 0.0000E+00  0.000  10.25
 A27        3.4285 0.03759   7.847 0.0000E+00  0.000   7.85
 A75        3.4616 0.01159  13.306 0.0000E+00  0.000  13.31
 A88        3.4692 0.10158   4.416 0.0000E+00  0.000   4.42
 A3         3.4798 0.01259  14.372 0.0000E+00  0.000  14.37
 A56        3.4817 0.10195  13.914 0.0000E+00  0.000  13.91
 A80        3.5067 0.04951   5.040 0.0000E+00  0.000   5.04
 A32        3.6095 0.03493  14.576 0.0000E+00  0.000  14.58
 A52        3.6342 0.13462  20.302 0.0000E+00  0.000  20.30
 A46        3.6756 0.07272  10.805 0.0000E+00  0.000  10.81
 A36        3.7287 0.48387  24.256 0.0000E+00  0.000  24.26
 A65        3.7470 0.13282   6.964 0.0000E+00  0.000   6.96
 A10        3.7995 0.03641  11.210 0.0000E+00  0.000  11.21
 A30        4.0060 0.12461   1.037 0.0000E+00  0.000   1.04
 A26        4.0382 0.14138   3.023 0.0000E+00  0.000   3.02
 A15        4.0831 0.07684  10.670 0.0000E+00  0.000  10.67
 JUPITER    6.1982 0.02026   1.252 9.5479E-04  0.000   1.25
 SATURN     9.5156 0.03071   1.393 2.8589E-04  0.000   1.39
