 EARTHMOO   1.0000 0.00314   1.125 9.1213E-06  0.000   1.12
 A79        1.5214 0.03960  10.658 0.0000E+00  0.000  10.66
 A83        1.5225 0.06144   4.853 0.0000E+00  0.000   4.85
 A51        1.5323 0.02930   5.375 0.0000E+00  0.000   5.37
 A41        1.5456 0.09805   1.353 0.0000E+00  0.000   1.35
 A44        1.5503 0.04701   7.469 0.0000E+00  0.000   7.47
 A85        1.5847 0.00910   5.281 0.0000E+00  0.000   5.28
 A47        1.6055 0.02949   5.286 0.0000E+00  0.000   5.29
 A34        1.6347 0.06813   7.736 0.0000E+00  0.000   7.74
 A95        1.6376 0.09756   6.292 0.0000E+00  0.000   6.29
 A14        1.6448 0.03202   1.012 0.0000E+00  0.000   1.01
 A62        1.6527 0.06479   6.964 0.0000E+00  0.000   6.96
 A84        1.6597 0.05560   2.328 0.0000E+00  0.000   2.33
 A17        1.7214 0.05515   9.356 0.0000E+00  0.000   9.36
 A18        1.7250 0.00567   1.787 0.0000E+00  0.000   1.79
 A38        1.7678 0.06082   2.923 0.0000E+00  0.000   2.92
 A63        1.7687 0.04216   8.849 0.0000E+00  0.000   8.85
 A24        1.8017 0.06226   6.037 0.0000E+00  0.000   6.04
 A58        1.8214 0.08939   6.495 0.0000E+00  0.000   6.49
 A7         1.8236 0.03553   4.273 0.0000E+00  0.000   4.27
 A99        1.8277 0.04499   6.792 0.0000E+00  0.000   6.79
 A74        1.8281 0.04748   6.478 0.0000E+00  0.000   6.48
 A29        1.8410 0.05278   5.412 0.0000E+00  0.000   5.41
 A50        1.8695 0.00869   4.428 0.0000E+00  0.000   4.43
 A33        1.8816 0.04006   4.884 0.0000E+00  0.000   4.88
 A86        1.9084 0.07430   1.715 0.0000E+00  0.000   1.72
 A98        1.9301 0.06414   1.026 0.0000E+00  0.000   1.03
 A82        1.9662 0.09565   1.241 0.0000E+00  0.000   1.24
 A43        2.0496 0.10964   5.519 0.0000E+00  0.000   5.52
 A69        2.0559 0.06062   7.135 0.0000E+00  0.000   7.13
 A90        2.0876 0.09903   6.938 0.0000E+00  0.000   6.94
 A96        2.1044 0.05861   8.813 0.0000E+00  0.000   8.81
 A25        2.1139 0.02653   5.378 0.0000E+00  0.000   5.38
 A12        2.1458 0.04143   6.100 0.0000E+00  0.000   6.10
 A55        2.1719 0.05542   6.812 0.0000E+00  0.000   6.81
 A94        2.2001 0.03912   0.934 0.0000E+00  0.000   0.93
 A45        2.2131 0.07820   2.499 0.0000E+00  0.000   2.50
 A28        2.2177 0.04249   1.243 0.0000E+00  0.000   1.24
 A72        2.2277 0.02958   2.376 0.0000E+00  0.000   2.38
 A22        2.2648 0.02583   6.432 0.0000E+00  0.000   6.43
 A97        2.2725 0.03414   9.035 0.0000E+00  0.000   9.03
 A61        2.2731 0.06688   2.945 0.0000E+00  0.000   2.95
 A35        2.3205 0.06011   5.800 0.0000E+00  0.000   5.80
 A20        2.3923 0.09788   4.303 0.0000E+00  0.000   4.30
 A48        2.3952 0.06532   4.562 0.0000E+00  0.000   4.56
 A93        2.3988 0.07272   1.308 0.0000E+00  0.000   1.31
 A13        2.4907 0.09890   7.542 0.0000E+00  0.000   7.54
 A89        2.5572 0.00988   7.227 0.0000E+00  0.000   7.23
 A11        2.5646 0.05587   6.576 0.0000E+00  0.000   6.58
 A42        2.5659 0.05895   7.426 0.0000E+00  0.000   7.43
 A31        2.5969 0.04892   7.739 0.0000E+00  0.000   7.74
 A67        2.6549 0.06276   6.630 0.0000E+00  0.000   6.63
 A6         2.6650 0.06144   3.161 0.0000E+00  0.000   3.16
 A39        2.6985 0.07305   9.225 0.0000E+00  0.000   9.22
 A100       2.6990 0.01109   4.899 0.0000E+00  0.000   4.90
 A4         2.7066 0.08033   3.154 0.0000E+00  0.000   3.15
 A87        2.7499 0.03937   7.213 0.0000E+00  0.000   7.21
 A2         2.7595 0.02964   0.805 0.0000E+00  0.000   0.81
 A37        2.7658 0.03350   1.022 0.0000E+00  0.000   1.02
 A19        2.7798 0.07621   8.822 0.0000E+00  0.000   8.82
 A92        2.8261 0.03799   0.478 0.0000E+00  0.000   0.48
 A77        2.9402 0.09422  10.068 0.0000E+00  0.000  10.07
 A49        2.9463 0.01333   4.955 0.0000E+00  0.000   4.96
 A64        2.9474 0.09495   8.207 0.0000E+00  0.000   8.21
 A8         2.9486 0.07793   4.909 0.0000E+00  0.000   4.91
 A59        2.9576 0.48448  21.923 0.0000E+00  0.000  21.92
 A21        2.9681 0.06272   5.088 0.0000E+00  0.000   5.09
 A23        3.0090 0.04675   4.232 0.0000E+00  0.000   4.23
 A1         3.0457 0.06636   2.144 0.0000E+00  0.000   2.14
 A54        3.0693 0.04758   2.772 0.0000E+00  0.000   2.77
 A76        3.0765 0.04757   8.860 0.0000E+00  0.000   8.86
 A68        3.1127 0.02921   8.608 0.0000E+00  0.000   8.61
 A71        3.1169 0.03056   3.598 0.0000E+00  0.000   3.60
 A78        3.1257 0.03296   9.453 0.0000E+00  0.000   9.45
 A16        3.1333 0.05248   2.120 0.0000E+00  0.000   2.12
 A40        3.1752 0.08175   7.106 0.0000E+00  0.000   7.11
 A60        3.2271 0.07038   3.494 0.0000E+00  0.000   3.49
 A81        3.2797 0.05211   2.548 0.0000E+00  0.000   2.55
 A91        3.3032 0.04309   6.698 0.0000E+00  0.000   6.70
 A70        3.3151 0.08134   6.659 0.0000E+00  0.000   6.66
 A73        3.3277 0.03313   2.852 0.0000E+00  0.000   2.85
 A53        3.3850 0.00695   1.145 0.0000E+00  0.000   1.14
 A66        3.4041 0.06442   4.327 0.0000E+00  0.000   4.33
 A57        3.4261 0.02601  11.271 0.0000E+00  0.000  11.27
 A27        3.4266 0.02085   2.741 0.0000E+00  0.000   2.74
 A75        3.4597 0.02074  14.185 0.0000E+00  0.000  14.19
 A88        3.4642 0.11447   1.918 0.0000E+00  0.000   1.92
 A3         3.4769 0.03673   9.736 0.0000E+00  0.000   9.74
 A56        3.4807 0.12632  10.129 0.0000E+00  0.000  10.13
 A80        3.5103 0.06058   3.896 0.0000E+00  0.000   3.90
 A32        3.6073 0.04813   9.699 0.0000E+00  0.000   9.70
 A52        3.6339 0.10696  14.993 0.0000E+00  0.000  14.99
 A46        3.6739 0.04674  10.464 0.0000E+00  0.000  10.46
 A65        3.7554 0.35675  13.933 0.0000E+00  0.000  13.93
 A5         3.7716 0.51385   5.911 0.0000E+00  0.000   5.91
 A10        3.7995 0.02184   3.782 0.0000E+00  0.000   3.78
 A9         3.8511 0.26098  22.349 0.0000E+00  0.000  22.35
 A36        3.9700 0.09685   5.753 0.0000E+00  0.000   5.75
 A30        4.0273 0.07184   2.863 0.0000E+00  0.000   2.86
 A26        4.0456 0.03668   1.661 0.0000E+00  0.000   1.66
 A15        4.0718 0.04342   7.755 0.0000E+00  0.000   7.75
 JUPITER    6.1975 0.02737   0.511 9.5479E-04  0.000   0.51
 SATURN     9.5068 0.02849   2.340 2.8589E-04  0.000   2.34
