 EARTHMOO   1.0000 0.00544   0.161 9.1213E-06  0.000   0.16
 A79        1.5215 0.04150   9.485 0.0000E+00  0.000   9.48
 A83        1.5226 0.05608   5.381 0.0000E+00  0.000   5.38
 A51        1.5322 0.03469   6.317 0.0000E+00  0.000   6.32
 A41        1.5456 0.09344   1.487 0.0000E+00  0.000   1.49
 A44        1.5504 0.04700   6.756 0.0000E+00  0.000   6.76
 A85        1.5846 0.01177   5.391 0.0000E+00  0.000   5.39
 A47        1.6055 0.03981   5.510 0.0000E+00  0.000   5.51
 A34        1.6347 0.07190   8.849 0.0000E+00  0.000   8.85
 A95        1.6376 0.10269   6.008 0.0000E+00  0.000   6.01
 A14        1.6449 0.01659   0.284 0.0000E+00  0.000   0.28
 A62        1.6526 0.05140   8.104 0.0000E+00  0.000   8.10
 A84        1.6597 0.04903   3.344 0.0000E+00  0.000   3.34
 A17        1.7213 0.06218   9.707 0.0000E+00  0.000   9.71
 A18        1.7250 0.02355   1.320 0.0000E+00  0.000   1.32
 A38        1.7680 0.06105   2.341 0.0000E+00  0.000   2.34
 A63        1.7686 0.03393   8.981 0.0000E+00  0.000   8.98
 A24        1.8016 0.03601   6.032 0.0000E+00  0.000   6.03
 A58        1.8214 0.08053   6.007 0.0000E+00  0.000   6.01
 A7         1.8234 0.03837   4.284 0.0000E+00  0.000   4.28
 A99        1.8275 0.06862   6.100 0.0000E+00  0.000   6.10
 A74        1.8281 0.05763   5.724 0.0000E+00  0.000   5.72
 A29        1.8410 0.06006   4.888 0.0000E+00  0.000   4.89
 A50        1.8696 0.00951   3.612 0.0000E+00  0.000   3.61
 A33        1.8814 0.04127   4.582 0.0000E+00  0.000   4.58
 A86        1.9085 0.07987   2.033 0.0000E+00  0.000   2.03
 A98        1.9302 0.04282   0.624 0.0000E+00  0.000   0.62
 A82        1.9662 0.11716   1.559 0.0000E+00  0.000   1.56
 A43        2.0494 0.08385   4.943 0.0000E+00  0.000   4.94
 A69        2.0558 0.05875   6.961 0.0000E+00  0.000   6.96
 A90        2.0877 0.11103   7.383 0.0000E+00  0.000   7.38
 A96        2.1046 0.07225   9.128 0.0000E+00  0.000   9.13
 A25        2.1134 0.02551   6.757 0.0000E+00  0.000   6.76
 A12        2.1458 0.04248   5.327 0.0000E+00  0.000   5.33
 A55        2.1719 0.05561   7.583 0.0000E+00  0.000   7.58
 A94        2.2000 0.04622   0.440 0.0000E+00  0.000   0.44
 A45        2.2128 0.05298   1.848 0.0000E+00  0.000   1.85
 A28        2.2178 0.06602   2.716 0.0000E+00  0.000   2.72
 A72        2.2280 0.03048   0.906 0.0000E+00  0.000   0.91
 A22        2.2647 0.00803   6.996 0.0000E+00  0.000   7.00
 A97        2.2724 0.05833   9.343 0.0000E+00  0.000   9.34
 A61        2.2731 0.04173   1.491 0.0000E+00  0.000   1.49
 A35        2.3201 0.07002   6.287 0.0000E+00  0.000   6.29
 A20        2.3917 0.09799   4.460 0.0000E+00  0.000   4.46
 A48        2.3952 0.06526   3.043 0.0000E+00  0.000   3.04
 A93        2.3994 0.07821   1.600 0.0000E+00  0.000   1.60
 A13        2.4909 0.09963   8.028 0.0000E+00  0.000   8.03
 A89        2.5571 0.00950   6.934 0.0000E+00  0.000   6.93
 A11        2.5646 0.03859   8.078 0.0000E+00  0.000   8.08
 A42        2.5663 0.04523   7.436 0.0000E+00  0.000   7.44
 A31        2.5965 0.06141   8.343 0.0000E+00  0.000   8.34
 A67        2.6547 0.06422   6.031 0.0000E+00  0.000   6.03
 A6         2.6653 0.04725   3.941 0.0000E+00  0.000   3.94
 A100       2.6986 0.01289   5.191 0.0000E+00  0.000   5.19
 A39        2.6988 0.05365   9.588 0.0000E+00  0.000   9.59
 A4         2.7067 0.07563   3.122 0.0000E+00  0.000   3.12
 A87        2.7487 0.04906   6.132 0.0000E+00  0.000   6.13
 A2         2.7596 0.03356   1.644 0.0000E+00  0.000   1.64
 A37        2.7650 0.03103   2.435 0.0000E+00  0.000   2.43
 A19        2.7803 0.07998  10.328 0.0000E+00  0.000  10.33
 A92        2.8244 0.03572   1.333 0.0000E+00  0.000   1.33
 A77        2.9407 0.08728   8.369 0.0000E+00  0.000   8.37
 A64        2.9467 0.08910   8.507 0.0000E+00  0.000   8.51
 A49        2.9469 0.00837   4.289 0.0000E+00  0.000   4.29
 A8         2.9487 0.08926   4.740 0.0000E+00  0.000   4.74
 A59        2.9651 0.07337  33.812 0.0000E+00  0.000  33.81
 A21        2.9696 0.06930   5.244 0.0000E+00  0.000   5.24
 A23        3.0109 0.04310   3.825 0.0000E+00  0.000   3.83
 A1         3.0442 0.06508   0.696 0.0000E+00  0.000   0.70
 A54        3.0695 0.06988   1.337 0.0000E+00  0.000   1.34
 A76        3.0764 0.03499   6.384 0.0000E+00  0.000   6.38
 A68        3.1134 0.01682   9.746 0.0000E+00  0.000   9.75
 A71        3.1155 0.02331   4.448 0.0000E+00  0.000   4.45
 A78        3.1263 0.03289   9.423 0.0000E+00  0.000   9.42
 A16        3.1367 0.06837   3.469 0.0000E+00  0.000   3.47
 A40        3.1743 0.09082   9.356 0.0000E+00  0.000   9.36
 A60        3.2287 0.05887   6.617 0.0000E+00  0.000   6.62
 A81        3.2780 0.07368   3.178 0.0000E+00  0.000   3.18
 A91        3.3033 0.03839   2.418 0.0000E+00  0.000   2.42
 A70        3.3148 0.06022   2.875 0.0000E+00  0.000   2.87
 A73        3.3303 0.02561   1.756 0.0000E+00  0.000   1.76
 A53        3.3856 0.01430   7.211 0.0000E+00  0.000   7.21
 A66        3.4036 0.04278   2.473 0.0000E+00  0.000   2.47
 A27        3.4259 0.03921   4.667 0.0000E+00  0.000   4.67
 A57        3.4282 0.03089   5.931 0.0000E+00  0.000   5.93
 A75        3.4598 0.03417   8.250 0.0000E+00  0.000   8.25
 A88        3.4642 0.11678  11.679 0.0000E+00  0.000  11.68
 A3         3.4801 0.02726  12.101 0.0000E+00  0.000  12.10
 A56        3.4816 0.13226  14.005 0.0000E+00  0.000  14.00
 A80        3.5073 0.06272  11.549 0.0000E+00  0.000  11.55
 A32        3.6095 0.02515  11.232 0.0000E+00  0.000  11.23
 A52        3.6312 0.10462  17.557 0.0000E+00  0.000  17.56
 A46        3.6765 0.05361  16.099 0.0000E+00  0.000  16.10
 A65        3.7476 0.17835  12.312 0.0000E+00  0.000  12.31
 A9         3.7678 0.52976  22.305 0.0000E+00  0.000  22.30
 A10        3.7991 0.03337  10.291 0.0000E+00  0.000  10.29
 A36        3.8119 0.30887   8.504 0.0000E+00  0.000   8.50
 A30        4.0218 0.08559   1.245 0.0000E+00  0.000   1.25
 A26        4.0562 0.07929   1.779 0.0000E+00  0.000   1.78
 A15        4.0738 0.06570   9.619 0.0000E+00  0.000   9.62
 JUPITER    6.2001 0.01854   1.043 9.5479E-04  0.000   1.04
 SATURN     9.4754 0.03200   1.817 2.8589E-04  0.000   1.82
