 EARTHMOO   1.0000 0.00544   1.008 9.1213E-06  0.000   1.01
 A79        1.5215 0.04835   9.664 0.0000E+00  0.000   9.66
 A83        1.5226 0.06281   4.530 0.0000E+00  0.000   4.53
 A51        1.5323 0.03903   5.586 0.0000E+00  0.000   5.59
 A41        1.5456 0.09358   1.729 0.0000E+00  0.000   1.73
 A44        1.5505 0.05048   7.788 0.0000E+00  0.000   7.79
 A85        1.5847 0.01082   5.629 0.0000E+00  0.000   5.63
 A47        1.6056 0.04235   5.702 0.0000E+00  0.000   5.70
 A34        1.6346 0.05330   9.189 0.0000E+00  0.000   9.19
 A95        1.6376 0.10903   6.209 0.0000E+00  0.000   6.21
 A14        1.6448 0.01846   0.371 0.0000E+00  0.000   0.37
 A62        1.6526 0.06184   8.313 0.0000E+00  0.000   8.31
 A84        1.6595 0.06497   3.488 0.0000E+00  0.000   3.49
 A17        1.7216 0.03767   9.089 0.0000E+00  0.000   9.09
 A18        1.7250 0.02206   1.005 0.0000E+00  0.000   1.00
 A38        1.7678 0.03808   2.401 0.0000E+00  0.000   2.40
 A63        1.7687 0.03835   8.038 0.0000E+00  0.000   8.04
 A24        1.8017 0.03748   5.612 0.0000E+00  0.000   5.61
 A58        1.8215 0.09659   6.442 0.0000E+00  0.000   6.44
 A7         1.8235 0.03328   4.488 0.0000E+00  0.000   4.49
 A99        1.8276 0.06387   6.726 0.0000E+00  0.000   6.73
 A74        1.8283 0.07357   6.099 0.0000E+00  0.000   6.10
 A29        1.8411 0.06194   5.693 0.0000E+00  0.000   5.69
 A50        1.8695 0.00729   3.389 0.0000E+00  0.000   3.39
 A33        1.8815 0.03765   3.715 0.0000E+00  0.000   3.72
 A86        1.9086 0.05449   2.254 0.0000E+00  0.000   2.25
 A98        1.9301 0.05394   0.360 0.0000E+00  0.000   0.36
 A82        1.9660 0.11131   1.447 0.0000E+00  0.000   1.45
 A43        2.0495 0.10015   5.567 0.0000E+00  0.000   5.57
 A69        2.0558 0.05600   6.890 0.0000E+00  0.000   6.89
 A90        2.0879 0.11025   7.864 0.0000E+00  0.000   7.86
 A96        2.1045 0.05278   9.128 0.0000E+00  0.000   9.13
 A25        2.1135 0.01827   6.174 0.0000E+00  0.000   6.17
 A12        2.1455 0.03647   5.068 0.0000E+00  0.000   5.07
 A55        2.1718 0.05358   7.369 0.0000E+00  0.000   7.37
 A94        2.1999 0.03996   0.906 0.0000E+00  0.000   0.91
 A45        2.2131 0.07730   1.639 0.0000E+00  0.000   1.64
 A28        2.2178 0.05518   2.552 0.0000E+00  0.000   2.55
 A72        2.2277 0.00971   1.185 0.0000E+00  0.000   1.19
 A22        2.2646 0.02318   7.203 0.0000E+00  0.000   7.20
 A97        2.2727 0.05845   9.900 0.0000E+00  0.000   9.90
 A61        2.2730 0.06308   2.393 0.0000E+00  0.000   2.39
 A35        2.3204 0.07353   6.925 0.0000E+00  0.000   6.92
 A20        2.3914 0.09561   4.650 0.0000E+00  0.000   4.65
 A48        2.3954 0.06585   4.025 0.0000E+00  0.000   4.03
 A93        2.3992 0.08951   1.706 0.0000E+00  0.000   1.71
 A13        2.4912 0.08534   7.021 0.0000E+00  0.000   7.02
 A89        2.5582 0.01051   6.601 0.0000E+00  0.000   6.60
 A11        2.5648 0.04742   7.173 0.0000E+00  0.000   7.17
 A42        2.5654 0.05885   7.364 0.0000E+00  0.000   7.36
 A31        2.5971 0.05768   7.948 0.0000E+00  0.000   7.95
 A67        2.6559 0.05059   6.001 0.0000E+00  0.000   6.00
 A6         2.6643 0.05117   3.799 0.0000E+00  0.000   3.80
 A39        2.6985 0.07140   9.465 0.0000E+00  0.000   9.47
 A100       2.6991 0.01027   5.936 0.0000E+00  0.000   5.94
 A4         2.7074 0.08423   3.189 0.0000E+00  0.000   3.19
 A87        2.7493 0.03112   6.663 0.0000E+00  0.000   6.66
 A2         2.7603 0.03035   1.227 0.0000E+00  0.000   1.23
 A37        2.7657 0.02140   1.662 0.0000E+00  0.000   1.66
 A19        2.7795 0.07313  10.331 0.0000E+00  0.000  10.33
 A92        2.8249 0.02420   1.273 0.0000E+00  0.000   1.27
 A77        2.9393 0.07870   9.516 0.0000E+00  0.000   9.52
 A64        2.9465 0.09743   9.095 0.0000E+00  0.000   9.10
 A49        2.9470 0.01371   4.851 0.0000E+00  0.000   4.85
 A8         2.9487 0.07273   4.955 0.0000E+00  0.000   4.96
 A21        2.9700 0.06429   4.062 0.0000E+00  0.000   4.06
 A23        3.0089 0.06009   2.314 0.0000E+00  0.000   2.31
 A59        3.0094 0.34239  12.694 0.0000E+00  0.000  12.69
 A1         3.0448 0.04777   0.764 0.0000E+00  0.000   0.76
 A54        3.0701 0.06800   1.841 0.0000E+00  0.000   1.84
 A76        3.0751 0.03948   7.923 0.0000E+00  0.000   7.92
 A68        3.1126 0.02497   9.050 0.0000E+00  0.000   9.05
 A71        3.1155 0.04006   3.848 0.0000E+00  0.000   3.85
 A78        3.1265 0.05430  10.712 0.0000E+00  0.000  10.71
 A16        3.1347 0.05220   3.515 0.0000E+00  0.000   3.52
 A40        3.1753 0.07932   7.811 0.0000E+00  0.000   7.81
 A60        3.2285 0.06582   4.010 0.0000E+00  0.000   4.01
 A81        3.2779 0.06605   5.159 0.0000E+00  0.000   5.16
 A91        3.3049 0.03372   3.490 0.0000E+00  0.000   3.49
 A70        3.3169 0.07070   5.570 0.0000E+00  0.000   5.57
 A73        3.3284 0.03933   3.237 0.0000E+00  0.000   3.24
 A53        3.3836 0.01102   5.450 0.0000E+00  0.000   5.45
 A66        3.4090 0.05379   3.405 0.0000E+00  0.000   3.40
 A57        3.4268 0.02438  11.010 0.0000E+00  0.000  11.01
 A27        3.4278 0.01801   5.756 0.0000E+00  0.000   5.76
 A88        3.4631 0.10578  11.859 0.0000E+00  0.000  11.86
 A75        3.4650 0.02654  12.353 0.0000E+00  0.000  12.35
 A3         3.4791 0.01795  14.025 0.0000E+00  0.000  14.02
 A56        3.4907 0.10836   8.472 0.0000E+00  0.000   8.47
 A80        3.5080 0.05075  12.403 0.0000E+00  0.000  12.40
 A32        3.6105 0.04682  14.843 0.0000E+00  0.000  14.84
 A52        3.6307 0.12493  15.345 0.0000E+00  0.000  15.34
 A46        3.6733 0.04182  17.241 0.0000E+00  0.000  17.24
 A5         3.7266 0.38509   5.645 0.0000E+00  0.000   5.65
 A65        3.7580 0.25500  14.358 0.0000E+00  0.000  14.36
 A10        3.7981 0.06597  11.155 0.0000E+00  0.000  11.15
 A9         3.9426 0.09364   2.733 0.0000E+00  0.000   2.73
 A36        3.9851 0.01542   6.462 0.0000E+00  0.000   6.46
 A30        4.0134 0.08078   1.140 0.0000E+00  0.000   1.14
 A26        4.0453 0.07221   1.361 0.0000E+00  0.000   1.36
 A15        4.0899 0.03106  10.737 0.0000E+00  0.000  10.74
 JUPITER    6.1954 0.03280   1.289 9.5479E-04  0.000   1.29
 SATURN     9.5395 0.02185   1.322 2.8589E-04  0.000   1.32
