 EARTHMOO   1.0000 0.00023   0.487 9.1213E-06  0.000   0.49
 A79        1.5216 0.05503  10.174 0.0000E+00  0.000  10.17
 A83        1.5226 0.05393   5.072 0.0000E+00  0.000   5.07
 A51        1.5323 0.03835   6.269 0.0000E+00  0.000   6.27
 A41        1.5455 0.10547   1.745 0.0000E+00  0.000   1.75
 A44        1.5505 0.03735   7.317 0.0000E+00  0.000   7.32
 A85        1.5845 0.00854   5.896 0.0000E+00  0.000   5.90
 A47        1.6056 0.02826   4.842 0.0000E+00  0.000   4.84
 A34        1.6347 0.07108   8.899 0.0000E+00  0.000   8.90
 A95        1.6375 0.11008   6.002 0.0000E+00  0.000   6.00
 A14        1.6449 0.01711   0.873 0.0000E+00  0.000   0.87
 A62        1.6525 0.05094   8.064 0.0000E+00  0.000   8.06
 A84        1.6596 0.05634   2.538 0.0000E+00  0.000   2.54
 A17        1.7214 0.05393   9.381 0.0000E+00  0.000   9.38
 A18        1.7251 0.02471   1.037 0.0000E+00  0.000   1.04
 A38        1.7679 0.04665   2.626 0.0000E+00  0.000   2.63
 A63        1.7687 0.04437   8.714 0.0000E+00  0.000   8.71
 A24        1.8017 0.03452   5.877 0.0000E+00  0.000   5.88
 A58        1.8216 0.08918   5.610 0.0000E+00  0.000   5.61
 A7         1.8236 0.05228   4.377 0.0000E+00  0.000   4.38
 A99        1.8275 0.06757   6.385 0.0000E+00  0.000   6.39
 A74        1.8281 0.07315   6.146 0.0000E+00  0.000   6.15
 A29        1.8410 0.03531   4.862 0.0000E+00  0.000   4.86
 A50        1.8695 0.01001   4.110 0.0000E+00  0.000   4.11
 A33        1.8815 0.04207   3.787 0.0000E+00  0.000   3.79
 A86        1.9086 0.07264   1.270 0.0000E+00  0.000   1.27
 A98        1.9300 0.04676   1.023 0.0000E+00  0.000   1.02
 A82        1.9660 0.09140   1.958 0.0000E+00  0.000   1.96
 A43        2.0493 0.11028   5.120 0.0000E+00  0.000   5.12
 A69        2.0562 0.06380   6.051 0.0000E+00  0.000   6.05
 A90        2.0878 0.11350   7.056 0.0000E+00  0.000   7.06
 A96        2.1047 0.06648   9.103 0.0000E+00  0.000   9.10
 A25        2.1134 0.03960   5.764 0.0000E+00  0.000   5.76
 A12        2.1457 0.04505   5.156 0.0000E+00  0.000   5.16
 A55        2.1720 0.05605   7.863 0.0000E+00  0.000   7.86
 A94        2.2001 0.03924   1.428 0.0000E+00  0.000   1.43
 A45        2.2131 0.07186   1.712 0.0000E+00  0.000   1.71
 A28        2.2178 0.04327   2.607 0.0000E+00  0.000   2.61
 A72        2.2279 0.02383   1.064 0.0000E+00  0.000   1.06
 A22        2.2644 0.02503   6.708 0.0000E+00  0.000   6.71
 A97        2.2726 0.06179  10.353 0.0000E+00  0.000  10.35
 A61        2.2731 0.05870   2.487 0.0000E+00  0.000   2.49
 A35        2.3205 0.05148   7.005 0.0000E+00  0.000   7.01
 A20        2.3916 0.09673   4.545 0.0000E+00  0.000   4.54
 A48        2.3954 0.08460   3.697 0.0000E+00  0.000   3.70
 A93        2.3991 0.08544   1.638 0.0000E+00  0.000   1.64
 A13        2.4916 0.10447   7.636 0.0000E+00  0.000   7.64
 A89        2.5576 0.00933   5.765 0.0000E+00  0.000   5.76
 A11        2.5643 0.05772   7.477 0.0000E+00  0.000   7.48
 A42        2.5656 0.05578   7.862 0.0000E+00  0.000   7.86
 A31        2.5968 0.03395   7.264 0.0000E+00  0.000   7.26
 A67        2.6553 0.04254   6.083 0.0000E+00  0.000   6.08
 A6         2.6639 0.05448   4.657 0.0000E+00  0.000   4.66
 A39        2.6985 0.07240   9.948 0.0000E+00  0.000   9.95
 A100       2.6989 0.01487   5.606 0.0000E+00  0.000   5.61
 A4         2.7066 0.06662   3.565 0.0000E+00  0.000   3.56
 A87        2.7501 0.04633   6.335 0.0000E+00  0.000   6.34
 A2         2.7597 0.00985   1.434 0.0000E+00  0.000   1.43
 A37        2.7655 0.04387   2.381 0.0000E+00  0.000   2.38
 A19        2.7798 0.08273   9.388 0.0000E+00  0.000   9.39
 A92        2.8251 0.01954   2.208 0.0000E+00  0.000   2.21
 A77        2.9403 0.08904   8.948 0.0000E+00  0.000   8.95
 A64        2.9477 0.08703   8.592 0.0000E+00  0.000   8.59
 A49        2.9481 0.01067   4.588 0.0000E+00  0.000   4.59
 A8         2.9500 0.08437   4.680 0.0000E+00  0.000   4.68
 A21        2.9675 0.06416   4.096 0.0000E+00  0.000   4.10
 A59        2.9690 0.16748  32.407 0.0000E+00  0.000  32.41
 A23        3.0102 0.07291   3.021 0.0000E+00  0.000   3.02
 A1         3.0451 0.05337   0.609 0.0000E+00  0.000   0.61
 A54        3.0702 0.07510   0.871 0.0000E+00  0.000   0.87
 A76        3.0760 0.03960   7.247 0.0000E+00  0.000   7.25
 A68        3.1131 0.02430  10.163 0.0000E+00  0.000  10.16
 A71        3.1153 0.03914   4.186 0.0000E+00  0.000   4.19
 A78        3.1277 0.04979   9.952 0.0000E+00  0.000   9.95
 A16        3.1335 0.07277   1.851 0.0000E+00  0.000   1.85
 A40        3.1740 0.05981   7.350 0.0000E+00  0.000   7.35
 A60        3.2294 0.06717   5.930 0.0000E+00  0.000   5.93
 A81        3.2788 0.07098   6.031 0.0000E+00  0.000   6.03
 A91        3.3016 0.02549   5.713 0.0000E+00  0.000   5.71
 A70        3.3203 0.07971   4.722 0.0000E+00  0.000   4.72
 A73        3.3295 0.02313   5.060 0.0000E+00  0.000   5.06
 A53        3.3848 0.02434   3.188 0.0000E+00  0.000   3.19
 A66        3.4041 0.07738   2.997 0.0000E+00  0.000   3.00
 A27        3.4248 0.03411   1.521 0.0000E+00  0.000   1.52
 A57        3.4279 0.02565   9.634 0.0000E+00  0.000   9.63
 A75        3.4611 0.01101  12.371 0.0000E+00  0.000  12.37
 A88        3.4634 0.09609  11.656 0.0000E+00  0.000  11.66
 A3         3.4822 0.02947  13.223 0.0000E+00  0.000  13.22
 A56        3.4844 0.09892  10.624 0.0000E+00  0.000  10.62
 A80        3.5090 0.04554  12.062 0.0000E+00  0.000  12.06
 A32        3.6157 0.07106   5.883 0.0000E+00  0.000   5.88
 A52        3.6334 0.10358  22.329 0.0000E+00  0.000  22.33
 A46        3.6833 0.07422  13.751 0.0000E+00  0.000  13.75
 A10        3.7994 0.02365   6.311 0.0000E+00  0.000   6.31
 A65        3.8088 0.36465  11.889 0.0000E+00  0.000  11.89
 A9         3.8743 0.29275  21.128 0.0000E+00  0.000  21.13
 A36        3.9601 0.10715   5.936 0.0000E+00  0.000   5.94
 A30        3.9946 0.08983   4.219 0.0000E+00  0.000   4.22
 A26        4.0444 0.06300   3.654 0.0000E+00  0.000   3.65
 A15        4.0729 0.03079  10.321 0.0000E+00  0.000  10.32
 JUPITER    6.1992 0.01511   1.187 9.5479E-04  0.000   1.19
 SATURN     9.4842 0.04136   1.545 2.8589E-04  0.000   1.54
