 EARTHMOO   1.0000 0.00542   0.631 9.1213E-06  0.000   0.63
 A79        1.5215 0.05327   9.700 0.0000E+00  0.000   9.70
 A83        1.5226 0.06218   5.348 0.0000E+00  0.000   5.35
 A51        1.5323 0.02915   6.180 0.0000E+00  0.000   6.18
 A41        1.5456 0.10013   2.037 0.0000E+00  0.000   2.04
 A44        1.5505 0.04629   7.633 0.0000E+00  0.000   7.63
 A85        1.5846 0.01211   6.123 0.0000E+00  0.000   6.12
 A47        1.6056 0.03885   5.105 0.0000E+00  0.000   5.11
 A34        1.6347 0.07358   8.020 0.0000E+00  0.000   8.02
 A95        1.6376 0.11634   5.697 0.0000E+00  0.000   5.70
 A14        1.6448 0.03031   0.814 0.0000E+00  0.000   0.81
 A62        1.6526 0.04845   7.150 0.0000E+00  0.000   7.15
 A84        1.6596 0.04898   3.594 0.0000E+00  0.000   3.59
 A17        1.7214 0.06320   9.551 0.0000E+00  0.000   9.55
 A18        1.7250 0.00922   0.297 0.0000E+00  0.000   0.30
 A38        1.7678 0.05701   2.344 0.0000E+00  0.000   2.34
 A63        1.7686 0.03086   9.146 0.0000E+00  0.000   9.15
 A24        1.8016 0.06135   5.603 0.0000E+00  0.000   5.60
 A58        1.8215 0.08194   5.570 0.0000E+00  0.000   5.57
 A7         1.8235 0.05159   4.782 0.0000E+00  0.000   4.78
 A99        1.8275 0.04803   6.906 0.0000E+00  0.000   6.91
 A74        1.8281 0.05332   5.590 0.0000E+00  0.000   5.59
 A29        1.8410 0.05193   5.801 0.0000E+00  0.000   5.80
 A50        1.8696 0.00700   3.620 0.0000E+00  0.000   3.62
 A33        1.8815 0.03569   4.202 0.0000E+00  0.000   4.20
 A86        1.9085 0.07796   1.809 0.0000E+00  0.000   1.81
 A98        1.9300 0.05821   0.287 0.0000E+00  0.000   0.29
 A82        1.9659 0.11769   2.093 0.0000E+00  0.000   2.09
 A43        2.0497 0.08769   5.941 0.0000E+00  0.000   5.94
 A69        2.0559 0.05019   5.768 0.0000E+00  0.000   5.77
 A90        2.0877 0.12440   7.031 0.0000E+00  0.000   7.03
 A96        2.1043 0.04968   8.787 0.0000E+00  0.000   8.79
 A25        2.1136 0.03861   6.848 0.0000E+00  0.000   6.85
 A12        2.1456 0.03209   6.336 0.0000E+00  0.000   6.34
 A55        2.1718 0.05221   8.361 0.0000E+00  0.000   8.36
 A94        2.2000 0.03951   1.782 0.0000E+00  0.000   1.78
 A45        2.2132 0.07137   2.723 0.0000E+00  0.000   2.72
 A28        2.2178 0.06522   1.229 0.0000E+00  0.000   1.23
 A72        2.2276 0.02189   2.295 0.0000E+00  0.000   2.29
 A22        2.2651 0.01887   7.349 0.0000E+00  0.000   7.35
 A97        2.2729 0.03363  10.607 0.0000E+00  0.000  10.61
 A61        2.2732 0.05137   2.069 0.0000E+00  0.000   2.07
 A35        2.3202 0.07749   6.280 0.0000E+00  0.000   6.28
 A20        2.3915 0.09525   4.099 0.0000E+00  0.000   4.10
 A48        2.3954 0.08175   3.313 0.0000E+00  0.000   3.31
 A93        2.3993 0.06707   1.310 0.0000E+00  0.000   1.31
 A13        2.4907 0.08182   6.387 0.0000E+00  0.000   6.39
 A89        2.5571 0.01287   5.302 0.0000E+00  0.000   5.30
 A11        2.5643 0.03551   8.220 0.0000E+00  0.000   8.22
 A42        2.5655 0.05812   6.347 0.0000E+00  0.000   6.35
 A31        2.5970 0.05782   6.901 0.0000E+00  0.000   6.90
 A67        2.6549 0.04456   6.496 0.0000E+00  0.000   6.50
 A6         2.6640 0.03878   4.909 0.0000E+00  0.000   4.91
 A100       2.6986 0.01252   5.489 0.0000E+00  0.000   5.49
 A39        2.6991 0.07318   8.295 0.0000E+00  0.000   8.29
 A4         2.7072 0.08601   1.941 0.0000E+00  0.000   1.94
 A87        2.7487 0.02663   7.658 0.0000E+00  0.000   7.66
 A2         2.7595 0.01848   0.645 0.0000E+00  0.000   0.64
 A37        2.7655 0.03406   2.839 0.0000E+00  0.000   2.84
 A19        2.7797 0.06959  10.924 0.0000E+00  0.000  10.92
 A92        2.8244 0.02154   2.714 0.0000E+00  0.000   2.71
 A77        2.9403 0.07776   8.049 0.0000E+00  0.000   8.05
 A49        2.9474 0.01249   4.527 0.0000E+00  0.000   4.53
 A64        2.9488 0.08353   7.979 0.0000E+00  0.000   7.98
 A8         2.9505 0.06691   4.719 0.0000E+00  0.000   4.72
 A21        2.9687 0.06378   2.999 0.0000E+00  0.000   3.00
 A23        3.0089 0.07196   2.899 0.0000E+00  0.000   2.90
 A59        3.0126 0.31764  13.350 0.0000E+00  0.000  13.35
 A1         3.0450 0.05666   2.417 0.0000E+00  0.000   2.42
 A54        3.0698 0.05141   2.076 0.0000E+00  0.000   2.08
 A76        3.0757 0.03109   7.144 0.0000E+00  0.000   7.14
 A68        3.1124 0.02214  11.181 0.0000E+00  0.000  11.18
 A71        3.1188 0.03128   4.909 0.0000E+00  0.000   4.91
 A78        3.1257 0.03446   8.889 0.0000E+00  0.000   8.89
 A16        3.1363 0.06565   2.877 0.0000E+00  0.000   2.88
 A40        3.1748 0.06612   9.868 0.0000E+00  0.000   9.87
 A60        3.2278 0.05728   4.193 0.0000E+00  0.000   4.19
 A81        3.2773 0.04990   7.068 0.0000E+00  0.000   7.07
 A91        3.3018 0.02897   1.557 0.0000E+00  0.000   1.56
 A70        3.3158 0.07500   4.346 0.0000E+00  0.000   4.35
 A73        3.3282 0.05263   6.296 0.0000E+00  0.000   6.30
 A53        3.3853 0.01008   7.928 0.0000E+00  0.000   7.93
 A66        3.4025 0.06822   4.733 0.0000E+00  0.000   4.73
 A27        3.4248 0.03631   7.913 0.0000E+00  0.000   7.91
 A57        3.4278 0.03482  10.845 0.0000E+00  0.000  10.85
 A88        3.4640 0.11618   2.263 0.0000E+00  0.000   2.26
 A75        3.4653 0.03236  10.479 0.0000E+00  0.000  10.48
 A3         3.4770 0.03626   9.118 0.0000E+00  0.000   9.12
 A56        3.4801 0.11160   7.728 0.0000E+00  0.000   7.73
 A80        3.5074 0.05347   1.413 0.0000E+00  0.000   1.41
 A32        3.6058 0.06094   9.228 0.0000E+00  0.000   9.23
 A52        3.6399 0.09559  12.942 0.0000E+00  0.000  12.94
 A46        3.6718 0.05012  17.309 0.0000E+00  0.000  17.31
 A5         3.7279 0.39996   5.901 0.0000E+00  0.000   5.90
 A65        3.7633 0.26478  11.043 0.0000E+00  0.000  11.04
 A10        3.7921 0.06748   9.975 0.0000E+00  0.000   9.98
 A9         3.9793 0.02972   2.030 0.0000E+00  0.000   2.03
 A36        3.9857 0.02689   5.271 0.0000E+00  0.000   5.27
 A30        3.9967 0.07016   2.138 0.0000E+00  0.000   2.14
 A26        4.0432 0.06746   1.745 0.0000E+00  0.000   1.75
 A15        4.0749 0.02437   7.987 0.0000E+00  0.000   7.99
 JUPITER    6.1946 0.02924   0.262 9.5479E-04  0.000   0.26
 SATURN     9.5635 0.03622   2.461 2.8589E-04  0.000   2.46
