 EARTHMOO   1.0000 0.00539   1.324 9.1213E-06  0.000   1.32
 A79        1.5216 0.05465   8.781 0.0000E+00  0.000   8.78
 A83        1.5226 0.05928   4.046 0.0000E+00  0.000   4.05
 A51        1.5322 0.03473   7.323 0.0000E+00  0.000   7.32
 A41        1.5455 0.09966   0.706 0.0000E+00  0.000   0.71
 A44        1.5504 0.05132   6.249 0.0000E+00  0.000   6.25
 A85        1.5846 0.01405   4.991 0.0000E+00  0.000   4.99
 A47        1.6055 0.02731   5.109 0.0000E+00  0.000   5.11
 A34        1.6347 0.07073   8.635 0.0000E+00  0.000   8.64
 A95        1.6376 0.10038   5.892 0.0000E+00  0.000   5.89
 A14        1.6449 0.03229   1.083 0.0000E+00  0.000   1.08
 A62        1.6525 0.06259   7.879 0.0000E+00  0.000   7.88
 A84        1.6596 0.06752   3.489 0.0000E+00  0.000   3.49
 A17        1.7213 0.03606   9.082 0.0000E+00  0.000   9.08
 A18        1.7251 0.00299   1.837 0.0000E+00  0.000   1.84
 A38        1.7680 0.03875   2.603 0.0000E+00  0.000   2.60
 A63        1.7687 0.02546   8.359 0.0000E+00  0.000   8.36
 A24        1.8016 0.06156   6.353 0.0000E+00  0.000   6.35
 A58        1.8214 0.10220   6.631 0.0000E+00  0.000   6.63
 A7         1.8235 0.05067   4.258 0.0000E+00  0.000   4.26
 A99        1.8276 0.04112   5.445 0.0000E+00  0.000   5.44
 A74        1.8281 0.07116   4.934 0.0000E+00  0.000   4.93
 A29        1.8410 0.05963   5.879 0.0000E+00  0.000   5.88
 A50        1.8695 0.00966   4.568 0.0000E+00  0.000   4.57
 A33        1.8815 0.04016   3.290 0.0000E+00  0.000   3.29
 A86        1.9085 0.06188   1.430 0.0000E+00  0.000   1.43
 A98        1.9301 0.06897   0.569 0.0000E+00  0.000   0.57
 A82        1.9661 0.11314   1.696 0.0000E+00  0.000   1.70
 A43        2.0496 0.09011   4.749 0.0000E+00  0.000   4.75
 A69        2.0559 0.05291   6.123 0.0000E+00  0.000   6.12
 A90        2.0880 0.09988   7.169 0.0000E+00  0.000   7.17
 A96        2.1046 0.07631   8.868 0.0000E+00  0.000   8.87
 A25        2.1136 0.03849   6.410 0.0000E+00  0.000   6.41
 A12        2.1456 0.03779   5.186 0.0000E+00  0.000   5.19
 A55        2.1718 0.05628   7.099 0.0000E+00  0.000   7.10
 A94        2.2001 0.04883   1.666 0.0000E+00  0.000   1.67
 A45        2.2128 0.05730   1.781 0.0000E+00  0.000   1.78
 A28        2.2179 0.05721   1.685 0.0000E+00  0.000   1.69
 A72        2.2277 0.02151   2.127 0.0000E+00  0.000   2.13
 A22        2.2648 0.00176   6.379 0.0000E+00  0.000   6.38
 A97        2.2725 0.03443   9.997 0.0000E+00  0.000  10.00
 A61        2.2729 0.05269   2.376 0.0000E+00  0.000   2.38
 A35        2.3204 0.07732   7.208 0.0000E+00  0.000   7.21
 A20        2.3914 0.10069   4.998 0.0000E+00  0.000   5.00
 A48        2.3952 0.06685   3.011 0.0000E+00  0.000   3.01
 A93        2.3996 0.08659   1.416 0.0000E+00  0.000   1.42
 A13        2.4912 0.09164   6.754 0.0000E+00  0.000   6.75
 A89        2.5579 0.01011   6.603 0.0000E+00  0.000   6.60
 A11        2.5643 0.03252   8.164 0.0000E+00  0.000   8.16
 A42        2.5655 0.03953   7.713 0.0000E+00  0.000   7.71
 A31        2.5970 0.05165   7.187 0.0000E+00  0.000   7.19
 A67        2.6555 0.04866   6.623 0.0000E+00  0.000   6.62
 A6         2.6644 0.05866   3.856 0.0000E+00  0.000   3.86
 A39        2.6979 0.05149  10.005 0.0000E+00  0.000  10.00
 A100       2.6994 0.01102   5.847 0.0000E+00  0.000   5.85
 A4         2.7068 0.08409   3.585 0.0000E+00  0.000   3.59
 A87        2.7492 0.04541   6.378 0.0000E+00  0.000   6.38
 A2         2.7595 0.02020   1.022 0.0000E+00  0.000   1.02
 A37        2.7650 0.04100   2.802 0.0000E+00  0.000   2.80
 A19        2.7795 0.07365   9.461 0.0000E+00  0.000   9.46
 A92        2.8253 0.01752   1.490 0.0000E+00  0.000   1.49
 A77        2.9400 0.09084   8.131 0.0000E+00  0.000   8.13
 A49        2.9483 0.01114   5.593 0.0000E+00  0.000   5.59
 A64        2.9486 0.09305  10.194 0.0000E+00  0.000  10.19
 A8         2.9496 0.08415   4.523 0.0000E+00  0.000   4.52
 A21        2.9691 0.06601   3.690 0.0000E+00  0.000   3.69
 A59        2.9801 0.23699  29.393 0.0000E+00  0.000  29.39
 A23        3.0118 0.05607   1.774 0.0000E+00  0.000   1.77
 A1         3.0454 0.04767   1.473 0.0000E+00  0.000   1.47
 A54        3.0718 0.05456   1.249 0.0000E+00  0.000   1.25
 A76        3.0763 0.04047   6.241 0.0000E+00  0.000   6.24
 A68        3.1130 0.02415  10.544 0.0000E+00  0.000  10.54
 A71        3.1171 0.04260   3.227 0.0000E+00  0.000   3.23
 A78        3.1253 0.05018  11.543 0.0000E+00  0.000  11.54
 A16        3.1346 0.05597   2.554 0.0000E+00  0.000   2.55
 A40        3.1763 0.07970   9.370 0.0000E+00  0.000   9.37
 A60        3.2283 0.06463   6.667 0.0000E+00  0.000   6.67
 A81        3.2790 0.05031   3.796 0.0000E+00  0.000   3.80
 A91        3.3047 0.04212   6.052 0.0000E+00  0.000   6.05
 A70        3.3149 0.07111   6.238 0.0000E+00  0.000   6.24
 A73        3.3313 0.03583   4.680 0.0000E+00  0.000   4.68
 A53        3.3859 0.00949   3.714 0.0000E+00  0.000   3.71
 A66        3.4045 0.06260   3.333 0.0000E+00  0.000   3.33
 A57        3.4266 0.01722   7.865 0.0000E+00  0.000   7.86
 A27        3.4297 0.02456   7.732 0.0000E+00  0.000   7.73
 A75        3.4602 0.03079  10.795 0.0000E+00  0.000  10.79
 A88        3.4665 0.10182   1.890 0.0000E+00  0.000   1.89
 A56        3.4798 0.11732  16.043 0.0000E+00  0.000  16.04
 A3         3.4820 0.01339  11.939 0.0000E+00  0.000  11.94
 A80        3.5106 0.06537   6.878 0.0000E+00  0.000   6.88
 A32        3.6102 0.05215   4.714 0.0000E+00  0.000   4.71
 A52        3.6358 0.12652  20.545 0.0000E+00  0.000  20.55
 A46        3.6721 0.05646  12.775 0.0000E+00  0.000  12.77
 A65        3.7500 0.10627  11.791 0.0000E+00  0.000  11.79
 A10        3.8027 0.05155   2.421 0.0000E+00  0.000   2.42
 A30        3.9897 0.13027   1.587 0.0000E+00  0.000   1.59
 A36        3.9948 0.28424   7.228 0.0000E+00  0.000   7.23
 A26        4.0339 0.11601   3.249 0.0000E+00  0.000   3.25
 A15        4.0832 0.07372   7.571 0.0000E+00  0.000   7.57
 JUPITER    6.1993 0.02572   0.952 9.5479E-04  0.000   0.95
 SATURN     9.4913 0.01413   1.938 2.8589E-04  0.000   1.94
