6a10_ݹ  "   LLLՑ                        LLLՓ2
  !EARTHMOOCTw                  ء%tRH
  "JUPITER ׿                  轻7
6b_ݹ  "   
  !ِ   _K]jj   K]
  "ǂZ   5s˥jj   ms˥
6bl  "   
  !+   y^Gj   _i
  "ǂ7   qviĮ   Yp
6baQ  "   
  !㪐   `yj   `*
  "ǂYǐ   ah   _
6b(+  "   
  !֐   ~jw   t!
  "ǂr   TJjh$   BS
6bam0  "   
  !a   ͷjM$   %W
  "ǂ   FĵlU   ~
6bJә  "   
  !ة   R/jMd   @R*
  "ǂ}   <׵kސ   
6bזF  "   
  !o   "̖jE   Z̚
  "ǂT   \݆i   ]$`
6bЩ_^  "   
  !   =g*j   ug)
  "ǂ   i먐   Snj
6b N+!  "   
  !릐   WXjf   c
  "ǂK   W-j1   W
6b4Ŏę  "   
  !   r|(j   |6
  "ǂo   <Ki0   <
6bHQ  "   
  !ᰐ   LjV   
  "ǂZp   }{j86   (}/
6b]RI  "   
  !֡   \jE   B
  "ǂ   ,nl,B   dc]
6bqkR  "   
  !4   mP*jI   ma
  "ǂ   iEՓl5   F:
6bŅ.  "   
  !   jʐ   8-
  "ǂ^   bi   ݆f
6bɚV  "   
  !雐   qj   Ss
  "ǂi   灵i8   9R
6bͮ]{  "   
  !Ӑ   5Ujސ   m
  "ǂ   >&j,   v&S
6bvB  "   
  !ː   P4jƯ   
  "ǂ   zeHj^b   f,
6bZٞ  "   
  !%   k1j^   1
  "ǂU}   jZ'   rF
6b릥2'  "   
  !.   #jh   :
  "ǂz   0Tk   K/
6b򟔸  "   
  !8   8jq   ܈
  "ǂȐ   OolE   oޜ
6b4^is  "   
  !   #4Uj   #O
  "ǂzD   MjJ   ï
6bHy6  "   
  !`   ٝj^   1ҍ
  "ǂW   %hz   )
6b\ܪڙ  "   
  !   8mj   L8y
  "ǂ   $P˵iN   \P>l
6bqb_[  "   
  !<   .j!   fW
  "ǂ   `jܐ   
6b򅮃d  "   
  !ڐ   IM{j   M$
  "ǂf   Ϧj   Ͼ;
6bug  "   
  !R   h)v~j   )
  "ǂ^   Y6k%6   1Yk
6bf}&*  "   
  !ː   Jj   !
  "ǂX   5ĵkܐ   mL
6b²{߶Ι  "   
  !   >tj{   >
  "ǂ   qljǐ   T
6bSŚ  "   
  !   $j   ;_
  "ǂ[Y   93rh   9^
6b痁ؚ  "   
  !`   Sjg   *SH
  "ǂqg   z iS   By
6bcE:p  "   
  !h   `صjں   D`
  "ǂY   Fkk   ~x:
6bӀ  "   
  !   'hjf   _h}
  "ǂ    k.   K
6b:涶  "   
  !_   FDxjƳ   ~D}
  "ǂSא   ܵja   Y
6b/j>ƚ  "   
  !   `KOj7   q%
  "ǂ   hYj   SN
6bͦך  "   
  !   {Y'j   Y
  "ǂh   X">j   "l
6bmkQ.  "   
  !]   mjϞ   ԇ
  "ǂr   bdh   b
6b~  "   
  !   nݵj*   o1@
  "ǂZM   УPNhj   (_
6bD~7'  "   
  !   j   "
  "ǂ͐   ,͵kWK   d48
6bU}:  "   
  !%   Wj]   =S
  "ǂ   iBálSa   Bߔ
6b}d՚  "   
  !   $`gjկ   \`t
  "ǂ_   /jА   ݬ(e
6bw}g  "   
  !"   >ةk:x   v
  "ǂf?   Rj;   9n
6b?|T  "   
  !&   Yuwk;c   u1
  "ǂ   >Ljj'   vL
6bN|N'  "   
  !#   sij   (}
  "ǂ   zڤi   0
6b{{E9  "   
  ! I   k)   Ɗ/
  "ǂWg   aIi@ؐ   K
6b&){5H  "   
  !   %Y8j࿐   %T
  "ǂx*   ->j谐   K,
6bz5W  "   
  !蘿   ß(j   Y
  "ǂv   OllC   l;
6bez  "   
  !O   | j2   :|'0
  "ǂ{   .Dkc   Վ
6bXze{&  "   
  !!@   pk2   T?
  "ǂU   5ີi    6 
6by5  "   
  !&O   7TTk1ݐ   oI
  "ǂې   $vy%i+   \vO
6b0OyLkG  "   
  !'   R+k3   +Ϥ
  "ǂ,   `ֵj>Ր   
6bxZ  "   
  !%Z   lsXkC   mE
  "ǂj0   Mi͊   p
6bx3[h  "   
  !Ő   @еj谐   @U
  "ǂ]@   V}ɵjX   1V3J
6bc9ww  "   
  !   j^   ٻ 
  "ǂ   5lTY   ms
6bwߡ7  "   
  !O   j"   
  "ǂҐ   qk?   5i
6b:uwc)F  "   
  !   2Zzjڐ   32N;
  "ǂ[ސ   ^it   __1
6b#vƑU  "   
  !   صjӐ   MX
  "ǂn   hϐ   B
6bvIh  "   
  !!א   0Gk!   hG#
  "ǂ   Fߣ@jc   ~sl
6bm_uw  "   
  !!   J9k6   (
  "ǂ   >嘵jO   >
6bu0鉚  "   
  !   e\Tjk   \
  "ǂTC   -j   }.
6bDtq  "   
  !Z   )j   (}
  "ǂ0   W-kR   S"S
6bItOT  "   
  !w   Fj0   ֳK5
  "ǂ   XHkȐ   HJ
6bt`g  "   
  !F   M+jF   M
  "ǂt   G_i   ̈
6bws?v  "   
  !   ȗ_jt   +}
  "ǂY   - h   (4
6b3sG  "   
  !א   cIjo   Fc*
  "ǂ   -)j5   e)"
6bNr/  "   
  !   (Ҵj   `ݦ
  "ǂ_   ihk~ِ   h
6bor.  "   
  !   Cx[j   {x9U
  "ǂaÐ   :j   ݨ
6b%q  "   
  !ː   ]򱬵j   
  "ǂb   騦j:   9E
6bqu  "   
  !V   |jٶ   
  "ǂ^   >rksА   vr
6bYq^e  "   
  !8   ij{jĐ   i^:
  "ǂB   z¨j#   ?#
6bXp͖  "   
  !q   Hj$   E
  "ǂX   <h   M
6bpEU  "   
  !c   ~jT   $~
  "ǂv   Ri   KR
6b0Co  "   
  !檐   `jߐ   >4
  "ǂא   Ohkٳ   mv
6bo,Eƚ  "   
  !   !͔j|   Y
  "ǂ~   ֵk{   VD
6bnٚ  "   
  !K   <.Jj7   t.>
  "ǂT   2Xjp    2
6bc-n؋  "   
  !a   Z\ӵjÐ   U'
  "ǂ4   $^j   \I
6bn[  "   
  !א   u֫j   D
  "ǂ*   `۝MjXؐ   Y
6b:im{  "   
  !   qj   le
  "ǂm   ;dph   ;d
6bmBƚ  "   
  !Ɛ   oj`   "
  "ǂ\   |Xid   1{
6blk՚  "   
  !ۥ   4jd   4
  "ǂ   5k˼   m0H
6bmSl)  "   
  !5   ߯0jIt   7
  "ǂ   qĵlPϐ   k
6bk[  "   
  !i   Ijѐ   RIK
  "ǂ\   [חj{ʐ   \D
6bDk9  "   
  !A   9%j   q%n
  "ǂk   Þiħ   Bų
6b=kYŚ  "   
  !Z   SQj   Fc
  "ǂ   G%j;   %
6bj)Ԛ  "   
  !뚐   n:ȵjf   :V
  "ǂ^   d.i   d5
6bwyj@  "   
  !帐   WڵjZ   R
  "ǂU   k%i   H
6b'i  "   
  !r   OʫjVl   OJ
  "ǂ}}   8ktg   Sg
6bNi'$  "   
  !ԏ   Q!j;5   W
  "ǂh   XExl`   E
6bch6  "   
  !Z   dŸjnu   0dΣ
  "ǂv   4j   ̅
6b%hӚ  "   
  !א   @j   O@
  "ǂW   i5E   (
6bhWO  "   
  !躐   1ݵj2   i}
  "ǂ}   -OiWi   eO1
6bMg  "   
  !앐   LV$Zj2   V%
  "ǂ'   ijq   
6bXg>@'  "   
  !\   fЕjT   Г
  "ǂdԐ   ·ZjED   ΐ,
6bf6  "   
  !޶   jji   k y
  "ǂ`   /ϵj   :/A4
6b07f%0E  "   
  !   sԵjZ   呄
  "ǂ   >oϵlC   vov
6beW  "   
  !͐   j.   )
  "ǂՐ   zJk$   <
6bseu  "   
  !   \Lеj|   -\S
  "ǂY   7hꌐ   8U
6bc!eT"  "   
  !L   jw   Gڲ
  "ǂtx   x௵i&[   Kx
6bdf5  "   
  !몐   *qxj   bqz
  "ǂ   Oεj_   U
6b:]d;D  "   
  ![   Dj*   |
  "ǂN   *k!+   
6bcVV  "   
  !W   _ijp   x
  "ǂSސ   X޵j*    X
6b\s#H  "   
  !(   q"jА   Ad
  "ǂnz   vjǐ   
