6a10_ݹ  "   LLLՑ                        LLLՓ2
  !EARTHMOOCTw                  ء%tRH
  "JUPITER ׿                  轻7
6b_ݹ  "   
  !ِ   _K]jj   K]
  "@9X'5ۇjj&l
6bl  "   
  !릳+Ojoa`jTm$
  "?u~F{͵kgzԼ]
6baQ  "   
  !6 A\*~k(y<>
  "?qGZxphXčeA
6b(+  "   
  !uq(j|jx.))
  "@.])kkkqeɪa}
6bam0  "   
  !乗[[5'jm
  "@,ΆMpF5j{ds
6bJә  "   
  !8Iq$djQf)~
  "?ڃ+u:xi-8d
6bזF  "   
  ! ~"0jRWa
  "@#6L lֵkwIVC
6bЩ_^  "   
  !1BHLkOp\K0c
  "@7،Neh?jgd}ӔF
6b N+!  "   
  !೉{TLQ)jgw">eb}
  "?ܘ䮪s>iJE΄
6b4Ŏę  "   
  !ᨀᛡjja4%f
  "?fڏd:ܵk"GK
6bHQ  "   
  !EE@`xka~G7iI{
  "@>eRZH\jAl}[p
6b]RI  "   
  !G[δj[BT~
  "?b~SNaj6u
6bqkR  "   
  !wt؝cj#7E0
  "?활GV<3i9@lv
6bŅ.  "   
  !|Ov_ٵj➒9bހ
  "@?0rOrǵjM(}4
6bɚV  "   
  !%s4/ꐵjГl
  "?}<RЕk3+fD
6bͮ]{  "   
  !06ĦΤ0j򳕶'@
  "?䤗(&=ɵi3N 4(
6bvB  "   
  !ެs7eji|@(
  "@:՜<AC$KkQzg
6bZٞ  "   
  !'^Gֵjޑ
  "?P~Nf$jˉ§
6b릥2'  "   
  !4QuG!#kHX!Cj
  "?݂f:exi6)eK
6b򟔸  "   
  !bE!̤ݚjܓҥ?
  "@3{r|8hk݇J<oi
6b4^is  "   
  !N.aRjFj)
  "@(+{3m~#$j+Fd
6bHy6  "   
  !˨jƑ{Uʻ
  "?ˋeRI"i@9AJ
6b\ܪڙ  "   
  !VhjɰI
  "@*:S,xk~^d
6bqb_[  "   
  !BvkRኀ3՘
  "@3սr卵iZ(n>`
6b򅮃d  "   
  !ƭ%4%еj{|lgI
  "?؄?OV#dj|ӂl
6bug  "   
  !ᾄ,c(B}jוT+s
  "@ ~4;!}^ǵj_kYߨ
6bf}&*  "   
  !-qo9ԏVPk_~Ŕ-
  "@:`%)h7Pj~Fn
6b²{߶Ι  "   
  !,}RL0jZHDhQ
  "?ݙ=|jכ!
6bSŚ  "   
  !ϭktj:}]?m
  "?j33-i~fV7N$P
6b痁ؚ  "   
  !ռ|gK)jD&A&ig
  "@<.\`/k}{:ܔ
6bcE:p  "   
  ! P}B5-]Fk*|̘
  "?~xҤCHmjv7ku
6bӀ  "   
  !>*2{k_!W#$
  "?۝?,iY=CGM
6b:涶  "   
  !݇śdj$uC
  "@;ԖREl3~g2o4
6b/j>ƚ  "   
  !W7z)Wjq!E!
  "?}[Θri?RcВ
6bͦך  "   
  !s-4)k0_}Cl
  "?ߛt4)i栝@7
6bmkQ.  "   
  !#cM@j).h
  "@8,bFk}/S
6b~  "   
  !+YmrCjК?.9F
  "@!~&Q˾^iB=4x
6bD~7'  "   
  !04&Mj)x&3
  "?؀"jj$cg,6{#
6bU}:  "   
  !ݗ3lOjē#>Eu
  "@1^;eꎵjr1>rKF
6b}d՚  "   
  !A>m.bk2:J5
  "@,w.t1Uj`07纍KN
6bw}g  "   
  !Ѝ*cjH1=q
  "?&Oj} 
6b?|T  "   
  !nrjI:XK
  "@(/3iugd
6bN|N'  "   
  !x򗼼gf˵jimw
  "@4u~ĵke+R'rf
6b{{E9  "   
  !8t4ju螵k/y<l
  "?9̽ĳjDyk-
6b&){5H  "   
  !?x܅51kc<7mnW
  "?>+$!וi2P[\F"N
6bz5W  "   
  !)l/ζ_ḭx|)ҙh
  "@9j8l"L~|}g:
6bez  "   
  !鹌M釒BjOI5ʕ
  "?Ϡa~iz?_|?
6bXze{&  "   
  !9[L_,k!o(Xc
  "?١E޵j=ږWQr
6by5  "   
  !%닩]uĵjLݙBf
  "@<܏^_#kk7}w|ٗ׃
6b0OyLkG  "   
  !H됵jL?܇۷]
  "?b14biU>
6bxZ  "   
  !ҫmdti~jnC
  "?⮞EKԵjj6F'
6bx3[h  "   
  !$CjkJ񂖨+Tb
  "@<_JTvk)~OCM
6bc9ww  "   
  !BUuBbHk󀐰
  "?E}֛Xصi+jY
6bwߡ7  "   
  !1zz㝵jQaI
  "?șRȆjˌ@:
6b:uwc)F  "   
  !毁ƌ89j;wqG
  "@8Kl5Ij?!~K
6b#vƑU  "   
  !$9K0j암g+
  "@$h}TjڌWG&
6bvIh  "   
  !>swo k~q/&H/D
  "?9\b֑j>#/,O
6bm_uw  "   
  !/>K8jxeL>T
  "@.˞5>Oi-྆u%
6bu0鉚  "   
  !ۿFiTqC*
  "@.Rڏ(kS:
6bDtq  "   
  !(l#57j1W
  "?ڋc&v"iiwO#C5
6bItOT  "   
  !Iߋe'kkWJF
  "@!92ީujĉj4y
6bt`g  "   
  !Ӑ3;" ]jv]xZ 
  "@6kқxbkقzt썖
6bws?v  "   
  !Qֿi[{
  "?rчhHm
6b3sG  "   
  !1!yzڵjdՎ࿢
  "?j$&k#ҏǅ^
6bNr/  "   
  !=*1D8@kPzOVl$
  "@=~zmkk8G@pX 
6bor.  "   
  !1]z]߇kWBu;+
  "?OݳRZiem 
6b%q  "   
  !mׂXi/Hꚢ
  "?缡(4ȵk-앱3SԐr
6bqu  "   
  !0PGijRĈځ\
  "@?b pjf}d'
6bYq^e  "   
  !-Q|X)kfϗ<(Cl
  "?P%B"~uj]I8̗
6bXp͖  "   
  !0}mkg#@pK
  "?߱7H&gʵjifyH`
6bpEU  "   
  !z:b%j'|_#
  "@</ZWvĵjF4}zc
6b0Co  "   
  !ct!B,i"[d
  "?Z}'P7kv!վ
6bo,Eƚ  "   
  !2uuV@kx" @
  "?\IR2pis?.v=u
6bnٚ  "   
  !MόT\zxĵk?s(&/
  "@3AULAljD3
6bc-n؋  "   
  !X2(9(jHh{upv
  "@(_}ڒ!k&A
6bn[  "   
  !ՇaWoĵi&,u.q
  "?ڪr`õhBG2"EQ
6b:im{  "   
  !+/uj~7qf{
  "@';LA5ڵkoă_w
6bmBƚ  "   
  !Iը(MQ5'k]w볅6n
  "@4,?qOjΈ3Ƀs
6blk՚  "   
  !w)yjǇ$?Bo@u
  "?܍TCciIdl&<
6bmSl)  "   
  !ۼm<鸩\$µit#޺
  "?[,?5}ֶkĕ<lw<
6bk[  "   
  !%|1cv*j0bu!
  "@<}{{Igjo7o\}
6bDk9  "   
  !<S#J#Wk&N}\wr
  "?(J]o&صjLġ5
6b=kYŚ  "   
  !G"JMjx
  "?xǓ)T[j_:a
6bj)Ԛ  "   
  !ry5Hz3T:j8{H Cؗd
  "@@ /p@ajVfMG
6bwyj@  "   
  !lmjw9w[j%0Zhq
  "?铄E0Tk!~4
6b'i  "   
  !?3^Nk0I/.|
  "?@#2)iObsV
6bNi'$  "   
  !=ύLPFŵk17b
  "@=d^jI}KxtN
6bch6  "   
  !6I'MIݲiݫn6Mz
  "?T⬛UkKVs}Iz
6b%hӚ  "   
  !Y.ORj,7GQe
  "?߃չPh虌Kπ
6bhWO  "   
  !,Vqk@飿7Yo
  "@6guZD7!k}Fݲ
6bMg  "   
  !@%ЄhƵkÂ~ΐU3b
  "@#F~M#Eӵj.hV؍u
6bXg>@'  "   
  !>%#a~jq׀jXO
  "?ڣ-.ĵi8;j@]4
6bf6  "   
  !wYFiqT%
  "@,>N9ŵkZV=!)
6b07f%0E  "   
  !>Fxzk}Yɲfl]
  "@0@}{^|j=fksS
6beW  "   
  !9g89k5[[q'4
  "?"xiEy4Ve
6bseu  "   
  !u[]=jRΕ6t/Ӕ
  "@"٘Cmk8&\z@
6bc!eT"  "   
  !s:30Dj>π
  "@9n~"j8ى"
6bdf5  "   
  !7~O紻j;a^u
  "?۹UPjÝ)5Ld
6b:]d;D  "   
  !;sp,k-HJcu
  "?ʠg8mj$5u!okRX
6bcVV  "   
  !^ͨjk(?=a>^n
  "@=K~.zjÄ.Z\
6b\s#H  "   
  !*[@I#еk-֮@̨FM*a
  "?]πGiUg;'IO
