6a10_ݹ  "   LLLՑ                        LLLՓ2
  !EARTHMOOCTw                  ء%tRH
  "JUPITER ׿                  轻7
6b_ݹ  "   
  !ِ   _K]jj   K]
  "   FXF   v|.
6bl  "   
  !͏   ѻAM   /
  "y   wPA   ((
6baQ  "   
  !<   y7G6I   -n
  "ę80   Tܞga   :
6b(+  "   
  !C^   }oaױ   N?N
  "CZb   :β   r;
6bam0  "   
  !R   +3U]Ɛ   m2
  "%>   JTՐ   zRG
6bJә  "   
  !2L   6N7!   m23
  "yIŐ   %>^   +}
6bזF  "   
  !U}   F5&   79
  "ĔgÐ   gc܁\M   {H
6bЩ_^  "   
  !0X   LBH(G   ߃
  "W6G   ZA   ޜ
6b N+!  "   
  !S~      #b
  "<&   N@ml   }9
6b4Ŏę  "   
  !Uʐ   rQ&}   Ȍ
  "gې   jE;쐐   .I
6bHQ  "   
  !ǐ   m[   ;d9
  "Ē6   Pt莐   {,
6b]RI  "   
  !X   '&G(   CY
  "i   zmϫm   1
6bqkR  "   
  !z1   bRNBN   UU[
  "nI   R\eӐ   Zt`
6bŅ.  "   
  !B7   (:3   U
  "AzJ   GIq   1q
6bɚV  "   
  ! Đ   7Oᐱ^C   q^
  "Če   _SS   [
6bͮ]{  "   
  !FEѐ   LQu   (æ
  "rl   le   
6bvB  "   
  !Y   aleJD   (i
  ";-   UԗrĐ   
6bZٞ  "   
  !<   LrD#%   )o
  ".ϐ   PTh.   49
6b릥2'  "   
  !   s;؅    
  "ą   qj,/M   ;
6b򟔸  "   
  !co   'Đ   ?
  "3   ;idː   S9
6b4^is  "   
  !   R@M`   vD
  "x   YOs$v   _%L
6bHy6  "   
  !k   "fȵ8   ^],U
  "q2   ѧ=O,X   8[
6b\ܪڙ  "   
  !tiY   㐑R   ߏ7
  "Ăw   ^$C   N
6bqb_[  "   
  !S   LsH   u
  "_Đ   0Жoې   TM
6b򅮃d  "   
  !UȐ   W@;9U   7
  "f   ]C^Y   y
6bug  "   
  !HR6   kEAJ   z
  "   "鳂=ΐ   ;9
6bf}&*  "   
  !7   ͓9,   -C<
  "|   r+x   [
6b²{߶Ι  "   
  !P~   zK47s.   7Y
  "ǆ      Ĕ
6bSŚ  "   
  !Uk   ~zɍߐ   K
  "%   aN[_o/   Y;
6b痁ؚ  "   
  !o)   ')[|   X
  "6j   210j   >N
6bcE:p  "   
  !'׵   5DC̐   jn
  "yN   ^zǐ   \G
6bӀ  "   
  !f   Y   qG
  "¨r   kP   ǓU
6b:涶  "   
  !R|   Qy2K|t   aO
  "Z"   eQ`\   5
6b/j>ƚ  "   
  !   ?_ξG:   k
  "g   ۏ%dh   B;
6bͦך  "   
  !gq   i)Y[   I
  "sx   n۞/   =
6bmkQ.  "   
  !p   O.{   :U
  "¹y   cѳ   ҟ
6b~  "   
  !@m   0=    >0
  "ssڐ   hMa   K:
6bD~7'  "   
  !O:   X⪯Ր   V'aE
  "oUĐ   ޜ^ΐ   EG
6bU}:  "   
  !]   t/K   2
  "oې   XFۈ"   
6b}d՚  "   
  !ѐ   5C2E   q(E
  "8   ͟3=   2t
6bw}g  "   
  !ͅ   ՜5B   }
  "   lC%X   
6b?|T  "   
  !7   Ukr   5T
  "D    sB_   H8
6bN|N'  "   
  !k   Of   *Ѷ
  "h@v   kFZ/q   P
6b{{E9  "   
  !s   ~v>Ω   p
  "ѵi   ^7א   5!q
6b&){5H  "   
  !XI   z.|9   B
  "T   oWBږ   :K
6bz5W  "   
  !V{   !y⮮   
  "0,ː   ,O?I   K
6bez  "   
  !bo   Ȋ+   [W
  "`1   w$-9t   :a+
6bXze{&  "   
  !B.    +^   )kb
  "W   ӧҾ6   u
6by5  "   
  !t   APYH|   {-
  "   sޅٷ   ;
6b0OyLkG  "   
  !.ʐ   ē|\g   J
  "4   $y   O,C
6bxZ  "   
  !ų   j%"   0W
  "]5ݐ   m   ";/
6bx3[h  "   
  !d   g3'Ȑ   1t
  "ꯐ   Ϗ   u
6bc9ww  "   
  !*   ~*˧~ѐ   ~
  "2B   wA~C1&   E
6bwߡ7  "   
  !]   Xz~'몐   HyK
  "?ِ   *LJ   R
6b:uwc)F  "   
  !w)      -
  "U6   ǀL̼   %{Y
6b#vƑU  "   
  !   -Y   h
  "t   魨lӐ   ڳO
6bvIh  "   
  !uI   -@;U   뷮
  "h1א   {,BLݰؐ   
6bm_uw  "   
  !8   R<*ِ   d
  "i   0yYf   U
6bu0鉚  "   
  !ʱ   -n&    
  "Q{   jڵo   (z
6bDtq  "   
  !Q   f@)%&l   i
  "!ǟ   3ӕ5   ݲQ
6bItOT  "   
  !-   ؞֟   7G
  "w   ~+.^+   g
6bt`g  "   
  !h   .(V   gP
  "yP   .g,v   XS
6bws?v  "   
  !򠦐   UtvD<   VJ
  "IM   ||ڂrG   +
6b3sG  "   
  !cF   m`c   ۈD
  "00   3   
6bNr/  "   
  !H   8/sx   p*
  "r   T k   
6bor.  "   
  !4   ״G   cY
  "c       \+4
6b%q  "   
  !   Kv=Q   .
  "Dΐ   iRhQ   .z
6bqu  "   
  !]Ґ   6y^"`   'H
  "?2   2WbՐ   TÜ
6bYq^e  "   
  !|4   t/Fwd   -
  "]   5[ΐ   ?i
6bXp͖  "   
  !   U(z~   F}˟
  "5{   >./   _B
6bpEU  "   
  !*   Cķ   %
  ";S   3Ґ   1
6b0Co  "   
  !:U   "3ʪbL   \
  "GA   #ԏ>   U
6bo,Eƚ  "   
  !ϴѐ   &ǰmt   ؊
  "'2'   pՐ   cd
6bnٚ  "   
  !+5   3v+2"   ru^
  " f   Y(   b;
6bc-n؋  "   
  !#   {|3/ɐ   Dw2
  "373   ֕Ӛ   5ZE
6bn[  "   
  !'   `\يx   B
  "VI   <   ꓣc
6b:im{  "   
  !Ґ   @+i   6r
  "]|   EP"y   Ѵ
6bmBƚ  "   
  !Z   f   e
  "ͨ   ^<   f(Q
6blk՚  "   
  !0   <J   J5n+
  "/>w   ـI   8ZX
6bmSl)  "   
  !I   﫞w   ͸
  "\s   )sQ-!=   f
6bk[  "   
  !w    ;~   `>ҧ
  "v}T   {V!ǐ   /T
6bDk9  "   
  !f:ѐ   i$MZ   |Ż
  "Ð   #dې   iZ
6b=kYŚ  "   
  !7   L6^m   U
  "%ɐ   ܓP~ُB   ;
6bj)Ԛ  "   
  !\֐   3ٿِ   ',9
  "j`   BC|   ў
6bwyj@  "   
  !S   oiZuȐ   [
  "DƐ   Lqڠm`   |
6b'i  "   
  !Ll   ✴Zې   9L:
  "֐   &}TY   lݧ
6bNi'$  "   
  !q/   Cߐ   Z
  "    ~qB   >
6bch6  "   
  !%   'qΐ   Oy
  "p"   2աdِ   Ӎ
6b%hӚ  "   
  !p   КYz֐   =o
  "/   YjC   [
6bhWO  "   
  !cf   9g⺞@P   rק
  "]{   )g7}Z   p)
6bMg  "   
  !Ytڐ   с9Ńߐ   X
  ";.   $37i   Aׄ
6bXg>@'  "   
  !B   T$ۢҳ   2Ͽ
  "~n   N{Z   4&
6bf6  "   
  ! s   3{-,   (k
  "b   M쪡ۺ(   {N
6b07f%0E  "   
  !   hrɨCX   (,
  "Fh   -9rq͐   s?
6beW  "   
  !t   f9M   ?
  "n   <w   D
6bseu  "   
  !09   f7yPː   H
  "Ì0[   h,a   sN
6bc!eT"  "   
  !   )::bl   a>j
  "OO   c㢨   v
6bdf5  "   
  !rb   z   檤
  "Ef   0W\   vI
6b:]d;D  "   
  !X[   :3A   vq'I
  "k   ػ   H:R
6bcVV  "   
  !   bɴo&   
  "ÒƐ   Tև4/   rc
6b\s#H  "   
  !-S   Ŋj3饘   [T5
  "ې   jƦӐ   \
