6a10_ݹ  "   LLLՑ                        LLLՓ2
  !EARTHMOOCTw                  ء%tRH
  "JUPITER ׿                  轻7
6b_ݹ  "   
  !ِ   _K]jj   K]
  "f׀   5s˥jj   ms˥
6bl  "   
  !l   qJk봐   !^
  "f   5ir%   65aM
6baQ  "   
  !ݐ   ToMƵj75   oU
  "f   ֢9j_   ֨
6b(+  "   
  !ߠ   ȵj7X   4
  "fŐ   o?Okm   Y
6bam0  "   
  !t   Mٴl3R   }
  "f)   84Cj\Z   p(
6bJә  "   
  !۴   vɫjg!   v*
  "f5   㚵iŎ   9
6bזF  "   
  !;   BjÐ   zta
  "fX   L밵j̆   M!a
6bЩ_^  "   
  !ΐ   ojr   6
  "ḟ   rj$   Ң
6b N+!  "   
  !,2   8<jKi   p<A
  "f   ;Bj9   s
6b4Ŏę  "   
  !]א   SlRT   ڽS
  "f   r̵jfА   <rS
6bHQ  "   
  !۟   -^h/   e_8
  "f   3:jt   3 
6b]RI  "   
  !܀.   Bl.   B\Y
  "fΉ   vdjy7   e7
6bqkR  "   
  !!d   &áSj   ^6
  "f1   ?'5jcH   w&
6bŅ.  "   
  !T   gd>j"2   f
  "f   fjV   ?ȥ
6bɚV  "   
  !Oa   Qk1   SS
  "fb   Hjv͐   D
6bͮ]{  "   
  !^   ik   b
  "fТ   yKߵj&   Kn
6bvB  "   
  !|b   ,O,l$   I+D
  "fڐ   Aj8   y
6bZٞ  "   
  !۽%   {%Vh{   
  "fP   ꯛ{jm   Bq
6b릥2'  "   
  !4ϐ   õk#   Bb
  "fG   SAiݐ   
6b򟔸  "   
  !g5   u1V˵k{   1Ŕ
  "f2   |Һiv   ]
6b4^is  "   
  !;   ߴϵi   7AX
  "f$   Ed8ӵk`   }c
6bHy6  "   
  !I    jU^kap   U
  "fJ   %+jې   F%;
6b\ܪڙ  "   
  !   gjW   ,֣
  "fd   miq   >
6bqb_[  "   
  !C   _z<OkT   yI
  "f+   jh   
6b򅮃d  "   
  !&   j   !
  "fN   HJka   J
6bug  "   
  !Я   Xݽ9i   
  "f   |KԵjy   I|>
6bf}&*  "   
  !hǐ   À=k   a
  "f   =Ji8   =t
6b²{߶Ι  "   
  !(   N!pdkaϐ   !
  "fu   ,jԖ   
6bSŚ  "   
  !ŵ   B iDk   
  "fv   K@kה    @
6b痁ؚ  "   
  !y   CDOxl⦐   {D
  "fs   b>iЅ   Lbe
6bcE:p  "   
  !Ѵ   &صie   H.
  "fM   #ݐiGߐ   #
6bӀ  "   
  ![R   8i9kE   piV
  "fϘ   ōskyq   Ś
6b:涶  "   
  !ڐ   J|io   Kw
  "fr   Nεk_   zp
6b/j>ƚ  "   
  !<m   1圵kE7   iF
  "fX   Fin   O4
6bͦך  "   
  !s   o+l   o
  "f   zC8i   zN(
6bmkQ.  "   
  !ۖ/   &BƵhf   ^ă
  "f%   ;)kÐ   ;Q
6b~  "   
  !xd   ulͣ   ɓ?A
  "f=   QHk6Ր   @
6bD~7'  "   
  !S   4kѵi   T4
  "f-   7i9\   R
6bU}:  "   
  !9^   a˵kא   
  "f   `ؚj8   `
6b}d՚  "   
  !ݐ   pj<ǐ   Mڊ
  "fώ   D۵kg   ĒoI
6bw}g  "   
  !   ;Gj   ;=
  "f0   UTj   T
6b?|T  "   
  !p(   LQk   BL,
  "f9   ?iRA   UQ
6bN|N'  "   
  !ۋ   u_uiƐ   _qi
  "f'   Ʒ@Lj   Pi
6b{{E9  "   
  !}   ᴳjY3   7I
  "f?   x"kА   y<
6b&){5H  "   
  !o   jKk   
  "fs   X;LFj;-   ;3
6bz5W  "   
  !6   %qjvѐ   -%X
  "fD    ʵiÐ   Xܕr
6bez  "   
  !?   cjԐ   
  "f֐   -ji   "-j
6bXze{&  "   
  !c   Έ|jx   &]
  "fŐ   M\k&   ύ(
6by5  "   
  !5>   Y,]jq^   ,b
  "f]   [j    iE
6b0OyLkG  "   
  !Y{   íVlB   f
  "fv   $S:"jE   \Rۓ
6bxZ  "   
  !۞4   NO[h   Ol
  "f   AjN   $u`
6bx3[h  "   
  !܃   #lH   k
  "f@   慵j   Ͷ@
6bc9ww  "   
  !   CrNij}   {rG
  "fِ   ^xJUjR/   w
6bwߡ7  "   
  !V   Wjh   Vu
  "f   'jd   _K
6b:uwc)F  "   
  !Bǐ   <֞kؐ   tf2
  "f5   jNj   (j
6b#vƑU  "   
  !ۡ   yi   y
  "f֣   ,MkjC   ,yl
6bvIh  "   
  !w   1CzlP   iR
  "f   aΑ j.   J
6bm_uw  "   
  !۵Z   Zhۥ   Ԝ
  "f]   *6Mj   b,
6bu0鉚  "   
  !7   '?sk   _?+
  "fÐ   Q=1iӐ   +Qt
6bDtq  "   
  !h(   Լk   hv
  "fT   1j>f   h
6bItOT  "   
  !B    mi)   Xh;
  "f   eDPk@D   D
6bt`g  "   
  !KՐ   Eεki   E
  "fl   -}ji   em
6bws?v  "   
  !   Ɔ&j    Mƾ
  "f   ֧wiÐ   .ã
6b3sG  "   
  !Mؐ   jYik   i
  "fԐ   iK)j}8   iRs
6bNr/  "   
  !    jm   Bd
  "f   h+pk   +Z
6bor.  "   
  !ِ   ufj8   K
  "f   05jQ   h3
6b%q  "   
  !j   .ϵk   8.s
  "fF   َ6iS/   1h,
6bqu  "   
  !   n޵k7̐   
  "f%   TjB   ڿ.
6bYq^e  "   
  !?   ٔEƵiz   1ѹ
  "f   kṵkԐ   
6bXp͖  "   
  !n   d4.l   4
  "fِ   4C}@i6   lC}
6bpEU  "   
  !̐   η0ߵioސ   &@
  "f   }ib/   4:
6b0Co  "   
  !_>   YYl*   Y*
  "f   Sk)   ݦV
6bo,Eƚ  "   
  !Ƞ   vio   ʸ
  "fɢ   nhk&   hZ
6bnٚ  "   
  !9   N}=յk"   |}B
  "fϐ   7*4DiL   o*+
6bc-n؋  "   
  !l   ^wlyՐ   __
  "fm   Zƿi   8Zڃ
6bn[  "   
  !ۘ   G,lhuH   ᛬
  "f^   ۵kx   
6b:im{  "   
  !{   ͵l"   D
  "fp   qеj3   ދ
6bmBƚ  "   
  !   =$/ib   u$qm
  "f   :|i#A   rd
6blk՚  "   
  !FŐ   ^kޝ   ߧL
  "f   AڵjPސ   ;A
6bmSl)  "   
  !9   2GXj:1   jGԙ
  "fܐ   ckC   
6bk[  "   
  !   "jë   S
  "f,   tjv,   
6bDk9  "   
  !q   +k   c%
  "fH   =@i9k   u֛u
6b=kYŚ  "   
  !Ԣ   O*ݵi≐   N*
  "f   zjY   >
6bj)Ԛ  "   
  !    F1j}ѐ   X@[
  "f   YPkǐ   Y
6bwyj@  "   
  !fސ   qQkI   r01
  "fu   wiv   
6b'i  "   
  !᱐   $ j   Mt
  "f   @zi_   xG
6bNi'$  "   
  !<O   ɧjِ   
  "fE   ~k'   A~
6bch6  "   
  !/   6j8   C7\w
  "fߐ   @tk-   @M
6b%hӚ  "   
  !>"   yvsj5   
  "fP   {rbܵiH   r2
6bhWO  "   
  !T-   Hl.   <
  "f   D3?j+   |3
6bMg  "   
  !۞l   o?.ڵh   ?+
  "fǐ   ׵j   D0
6bXg>@'  "   
  !܉|   XlW   1x
  "fٛ   Yj   
6bf6  "   
  !ѐ   da2jh   bz
  "fɶ   ~Xѵj.w   XW
6b07f%0E  "   
  !   cjbȐ   &̺
  "fݐ   F'jА   ~Y
6beW  "   
  !B   Yk   A
  "f   ﻓjI   Gݰ
6bseu  "   
  !q   ii$    ihX
  "f   /jX   P
6bc!eT"  "   
  !܁%   Rzm"   뛈
  "f   kj^   
6bdf5  "   
  !ۮO   WhK   M
  "f-   Jpj   p
6b:]d;D  "   
  !A#   H/L~k͐   .
  "f$   1j>7   K2N
6bcVV  "   
  !^   gk_   L
  "fn   ]jNА   ٿ
6b\s#H  "   
  !   3i   <a
  "f|   ;j Ӑ   ,<.C
