6a10_ݹ  #   LLLՑ                        LLLՓ2
  !EARTHMOOCTw                  ء%tRH
  "JUPITER ׿                  轻7
  #SATURN  $d[\_                  yyy
6b'R#Z]  "  #o:"1w]wQ?"^wwZ<9l QUu=xx
6b+$B  "  #Jo}23}ZiQJ=*xpw%~ Q>/D>57wtXj
6bPÙ  "  #s`lSg޷FFFNFѴ:lx&+k%ЬnI}>RMj_ڧ
6bRcnƵ  "  #yExd#G|@nmTZ,S=Ju6H6%uZOYh
6bUrϽ0  "  #o0L{|ZJ$3+o=%Z E)*ŏTMe]"
6bU)tN  "  #N;y3aFط*|lӿUuEhϒSCSryg#h
6b]o  "  #1˴]IuE~,bԈvkAW?y.B;UϑxXr+d8 
6b`܉ؙ  "  #>4'9_]GdZK,O?lmP_`$.>[Չ]7b
6baGsL  "  #cmǐ\T߾?3ĳNq2<g,jƿ/;ĶA]AkYueG
6bc"kW  "  #<^,iiu=Hې eHU4;@MkZZeo
6bi<!`  "  #ӐxCKbmO<k$(8t̒ӶdⵤvWZ<#k`S*,ba&
6bl0aN*  "  #X`"`Q`"MUt8&/b~ǁ9aǺEt<Dظ_ucW
6bp  "  #Dҙ퐻mėͣ6Pڭcla7ֽ;$68c;rDf<3_V&
6br،gř  "  #Ԇꐻ[ɯ4qi)2?v`ty0NM6/="+f-_
6bxǾ)  "  #ca׌UR0DiZI^aFeF0,]9l*h\
6b~kH  "  #ؔǓ(ZX+Z"eF,tPvPpALs[>R
6bI  "  #s'2d0oW^~kCU~;ysRkX- [/`}c{<<TL͛
6be  "  #НmsF~ÐtǜA=өB cWLhe!dpkK@QuQ3
6bFgՙ  "  #jYlKLSIRy-?ODJKޑéUAZ~R2~
6brh  "  #˙]~(6unPf;̱RJTe=OlYlT݅'QMa
6b  "  #կu(Dփli/3yTSWs:9y?֜wLd
6bm  "  #´R2NB{>&yPIٸDFV冠)zfJˣ
6b(X%  "  #uWY).mcW/,FS[ҿ͝|&,qI
6b㜽  "  #)%1Lņ҈x{b=6Tkv|Oy`H>v
6bƓ  "  #\rǐ[3聋}(iI/ոz|x<xfGQQ
6b-C7g  "  #+>4$;Kw@j<O˸q.㽰BC*V̍}F{X
6bre  "  #́,q[͐{8-p$p`O/ܸcY+3ݡkrQE2
6bеX  "  #AoFL'빀D龀Ʃ?|i-bKWEW!.[ࠃ~(OkjD
6bY:  "  #zrhT䃨HJ_`̷$5QԢJBQ
6b*?ϗ  "  #>nߑ8\DǊEBTy膂K\*`Bw]
6b2  "  #|}ސ;F4uM҉fD,緛Pso<Ɏ颓oo@:
6bs>Y  "  #,3b2Vh礵S俸_KĂe#4nK'e{.0?
6bW&  "  #<̶;8.ށ@PR~4gWEVK}J՜V.?^
6bW  "  #X/2ǁޒXKy3ɛ@'rNHo6HP1=?2
6bcBЙ  "  #֒5D9˥].ĪJ9DhkPmKgf럅ZN+;>J,
6bs}[ؙ  "  #@$nf?jȾVLyRfGbJ)샲ǖ=1(
6bRL  "  #*?=#=܈ŰI^+EEyзN{>b79:Bh
6b1_Ԉ  "  #׬F&OH^uYJㅳ[8s$I[ǕGڰ'+UP:y
6b)m  "  #umZ/<vl0Ѕ$s3N)=tƐ+&8q.
6b(  "  #3r:9:G'TL*%~P=MҏjoqL*[
6bݘ  "  #v[I]qȩ42f9J0׊\Ԥ]UӤYow96*b
6boř  "  #~^B4,Q3\LCLuԎ,*%
6b</ә  "  #?БQp4F!E.B^ෟGv.=L礍*áu
6b"5/im  "  #!yb'_&qdG3>巪#^ӏ1HG)s
6b"{xv׿  "  #`5/'\aA˟P$a0x&-=2͕D`Paå`&
6b#AK}  "  #Mb손btDТ,fЀv3#A*Ct٩~wSM'Ƞ
6b%d@  "  #|muV朑0[pA*ĬuN,#\#}i"WL#禥%3t
6b'D;x_  "  #yКZ2 6+8רau0X5]qBLBnQ%'
6b+'I  "  #-tŔPkeeyp4a[3݃(iгTE((9#
6b+V  "  #Wa^dA?v5fѡNC*wq2ԏ""}rڦ|!
6b-]  "  #WVU-ۆ#ʗߩ'ѧ(3jTz&SΦ@̦r!@
6b0G  "  #nnڐY^&>a,3EODJn͔lR閭xtaLO
6b1}4~  "  #wǗJ2eB8s6B6z6US>
6b5ѓ  "  #rq>5ȩyi%'埇\'l[{&{
6b8P*  "  #ڛ;MȀe<$%_@#o_D-uMԥݩ6
6b:[)  "  #⶝WB/''>5=,&hzǂpƍ9t2?3Q
6bBoC  "  #ҽY;͐v~Pק־adm;X}A %${_
6bB4Ix  "  #,`l!>uyU@wq,ĺG}@0Ȓm8;#󹶯
6bFtf  "  #TQ[!|P?,ä(8$7QKغu97gy0D˄[s
6bHY}X  "  #3,HnD-{bXTUc9-tty`/n-_6
6bJ*~鵙  "  #]T;LTsII[Ҍ)'dJxvMftJ1l񑺭Y)'b>
6bQA7n  "  #v5tlSjx%[c*S#ӯL%mTv\Bb<)H
6bS  "  #԰ /ư|YfIG浞0uFM3sQl¸dԓt_\逡
6bTyM  "  #aoוSa8k*I%J8blG< pjW=OgjL'-.
6bV56M  "  #~n-Kb$jIPȭlK)jdI`uFehdMo
6bV鼣f  "  #ޥ-%hDLb1qz-8[.Hyi~ٵxeJp=
6bX{<  "  #Dאtd૳Xucq9ݨkgRucz
6bYv  "  #sjMZ%Q_i.p"QŬXXfRgWMѪ="f
6b[c_ݙ  "  #_FHO)dU۲:5úh\䪽qew-\B.K ҂rb
6b`$/o  "  #Sͣ_6>)nŬfzMվt3Lb8RݣJ76
6bay-  "  #䩥ܐC~*]?%]7Fջ(a+3Rcौ
6bbJC  "  #Cv/]^4э^g=g/Sྠ`*aD/n"XRv"
6bdnj  "  #0 g3tYUݪWZI(hm5;_+~8iF
6bgc  "  #֐suȒZgpG,47}ᚿfb_vyfgU0e`X
6biRiZ\  "  #hW~>⑽KVX!v뺚2lտ]yGKއ%pߥ,
6bm  "  #H\xZ>$9>W%2:)/ScAY[ߡf8b3{Y
6bp/P  "  #nP8|W`BiiwPnՅa{u[fbKGo(~dl`-
6bwn=C  "  #0YUW}⯕Jΰ8?m\ޖ/+wv~Y@^F
6bz8"4ߙ  "  #.{5XWp)wKV&PPЖsGZl*8}wJw{ƕZm
6b}ٙ  "  #_㐾W):4ϝܫ,pX[S)Ps76U
6b3̕>  "  #O\5yXS TFLƸD2β.N#H[tz;7dqٿ"h
6bha  "  #9⮑GJY zi4̟[;A,£@^Jf4=)m=g}
6b ߯p  "  #G_&TYR?y:MuOn̐J­~f\Cҍ,˪D^nX[
6bk-  "  #:.(f-RZ .Չ9bᛖKZ[I$JXڡnӭ9
6b]lH  "  #EG۵>/V\Zpk.`]_jnpʐ_#[n܋Eʪs9mG@ٷ
6bk  "  #VlҐ@zkAz л'tk>bO}d:|C눧B#ISwʹM
6b¡fM7  "  #Vbp[CᄝEp9*e'~yg˻l>Wҁkft
6b¢gr  "  #얇SqA4.$sIocN9嬼yw?sϝ=u|
6b¥!^-9  "  #hͯV㹐]h_cANtbIjG>;L㞔Pfu%
6b¦vZy;  "  #L`ΐ)w:5= K{o_kG<ӾbB'ƬwbH
6b©]ӛ'  "  #^ǐL+XR=FT){a+_aVſN=7W]/1u(
6bªK9*  "  #~Ր9ȼiq?`x+U/a-@gL:ͥ_0ss.
6b«>  "  #J6ݐWGNT9ɦWLz];jMmq?A,k!u=G
6b®+R  "  #Vc(QgI+d9{ɪlC\0ڏ<Z<I`C߮(t~
6b°l^oZ  "  #|AYzZH}C69jaXra["(ѿýA=_KDAtz
6b±-  "  #ɿ_!9wـLҳ\̲c °6~ĠۢCq
6b³!屬  "  #-Ӊ@bB6rz.}["\HEkO82*yP}djDr˓
6b·oq   "  #C=dP5֐S!w3>kYj ōN3K9<ѦAp
6b¹Gsb  "  #,0pxE֖6ie⹾.,H3ZHhĢǭ/2NnJ<ɤUBnt5
6b¹  "  #ɢ|x쎐oh3?nψ7}Ych}uMŵ/|n
6b»鷌媙  "  #Dŷ#/UL.]ĵ[8nVg&Hэ/fZn{
6b½_%c  "  #TC;B`/^PB/VzJƥ?--*F!ɲ6m@mK
6b¿N~f͙  "  #ۋNZ3ƻf>ݴYSC3*<jt꾤l8VG
6bf`}  "  #o:|wǐ:\t',MNV<R4 Z-;-WmI
6bÈW`  "  #7P#ț-Z:,Ʒ-UjHվT4^(:![.+Rk ?9
6b^  "  #dQNV<\:$Oa꿚Pſֽjʜ%|#WEf-+j7z
6bj65  "  #JIQ(~y*dG[<|TS1+Aa#CZR٨\qh܈o
6b<.qC  "  #08_`VdxoAZ3NAWN-2Je80%ꫠڐi9
6b2,  "  #PbhNˑJ,h&A[RMHn>踮ge>
6bgI-ٙ  "  #ٖEڐ9uw񱾥sMƛbĽ>|t[d
6b.&>  "  #DЛpĿY2Gf=꡿8LF6D?Idۇ$b
6b`0  "  #`%n,]JH5Rd_VC]ɻ"qIv۴̷`flG
6bۀ]mߙ  "  #ͯ$+]֐oop޸5;3Kq;g~,~+FBX4_
6bݟsÙ  "  #&+_6!h;dڦhIkfDy|f-'1]ƽ
6bXv&  "  #FFtRp{Ƿ@+zHRxE*qguߕ\]
6b#RZx0  "  #j{ex#x]tT#I._B]̺``]"h<]@Z֞
6b&gD  "  #8laVdv\Er[n.`4vd^SG
6b*;?sc  "  #gjiE˸Q3̮olR@ϊ*fEPwMvyAΏ/1Q;
6b*P%  "  #;𔐹KJ1M~gxkr>g>Q^+zI<_Qjʮ
6b0]1  "  #yO;O&7_Xj@I8;zټJS+|vR
6b0a=%  "  #U*nFkoxz?▙eLowG|v]0xPG
6b3ۿ*  "  #xq.535SQv50u\H7!fn؂d5^N
6b;<vә  "  #h$吸bNWݺNxIK87`yB;~PLZ
6bHOI~˙  "  #WcO5V֮1᪌ҩEsk<)QHkgzh>F4
6bHuA  "  #$wwC+=͕ծ2/zo\Y:޻ayއJBg2
6bKGl  "  #r;`+!HY}g52Cr᛹1mW5yo~ڱnEE>
6bfW[O˙  "  #Cg]搸R!6KG>"7DXR&۽rU[۰=[Y
6br&|B  "  #"x'p1+v%z}(q-oPۣLCLrd?7
6buo  "  #HJ񑷻r^F#y4gt1EN26
6bx}쎺ԙ  "  #g}L*:֭¾~rR=sF-$ɩt1'<nU
6by'}fT  "  #9ѐeѢ[*ئ5oBh3r߷ޟB(vsF!5К
6bÉA Up  "  #f&ǐ({I6LR-*Ae[j"zQP!-~
6bÍ<F  "  #-Uio/6S%nE-;*ՍL}=-]+7O|
6bÎtH  "  #6W|6aaܠITE7x-~v?V)b
6bÒf.y  "  #kr&\ԐuIf9y3 \&˗O|VcY&4]
6bÕ,ә  "  #荰APjl7nّibf>3L5'&SzY~+[z#&#:
6báqC\  "  #ᵑ8rǽڦM'5~F϶}(iٍyc_Yd
6bênu0  "  #.XvU2e";ǰ9t+@tUU{B*r:
6bìfLJҙ  "  #}#b\{wK6*#'O]N|j^nU:
6bïH2IH  "  #vP3<HڐaFy#nS-8t,|FˊXyKO0
6bñRd  "  #C$( gVθzٽջ(T4y=TD߇knP
6bô?  "  #xIːhY!åI/c*9嶯:Jz"Q_
6böt!]H  "  #W@~P2;8H֪פͼQ3۶(Vrάz(0VeD
6bMu]  "  #ӬV3!܏]juY{h*+䕶9ŢH-z(}l[#N:
6bؽi  "  #)WLp?Q`+iӤˆ1oh-Sɍ`ʺx&Lפ
6b`i-  "  #Ù'Õáy0N/r}w~lȱ&`w_= 8`
6b晁ߙ  "  #̃ʴeTs'}Ȑ5Zڧ]s;ЃxQSxC1VJa
6bE  "  #8Oǐڃ܌,,ƥy"L_&Sy#Kҵ|̆
6b+)u  "  #˰ԑFfq|/ +P|>1ugK]yo5X
6b1Ι  "  #fNѨB.,(5;V)c;HmpY;x͟[f>=
6b$"  "  #V|(B#˻;v&Yƀ ğpw.2̴uɤ
6bv!  "  #G`K֐TMzхb+Hl3$!Xy_o8X+vyh&brs
6bBm%  "  #^TZ({}M~fnnc(Ff|EbQr:vԺ
6b~4m  "  #a-({¯Z̻?m\j{R>oy6K|Vg
6b[HVR  "  #?чH2pq8dh&ѯ"ڼw=PI@uFPBnW64)ᅒ
6bhM!  "  #ޅ۴vCh(#wC"ʨtplqSL2%
6bno?g  "  #4]Qw0gϴM/ը!֯%WǲkMr`| ۻ.
6bt-|  "  #ü[vFPFW\)hUwհg4arRĿ,.j
6bv   "  #vǑ?\zKC9F-(NO\Vyw2qn[ӰmF
6b{?"  "  #JMyj댯_ELp淥ao)mq򆰺X܇po
6bĆu!  "  #-seGv.MDA߷Bjgq]Mqsy=ҥ+5
6bćVف  "  #QiA*׷R@Im@am[xts-59ٶ
6bĊVF  "  #wQ\Ts64rn3MYDOnLAc.v9Vq٭t
6bĖ1>g  "  #sG{ِQj[k^{gSJ4`849i^u*F vA4 {
6bĝ,K  "  #p&x1V^[`xrɪ~O\`RZVwұr
6bğUh5  "  #2 ː`+4M"峒?jFkO.e=IͮtGyKÅZj~+
6bģm##  "  #:"Ɗ␺_NP|GQeu`sw{(r<
6bĦ5:  "  #uS:ɪogj\;C7K}d;?I}1oeғ^
6bĨ.Pr%  "  #Ld,qܐRKIZ(qM.!Kxč`_W͇athѨ#e|䨇)\
6bī_٭f  "  #ƇD6^`){Ш$ޠd]v};q>
6bĬL;q9  "  #ʗ̑MfP¶G稭9r0Wyqc}A |e[DD
6bĬkę  "  #ˠgw$+^zڡVF#@_d[{p'Tl{ð
6bĭj  "  #~`v@Cucfa>XnyhC ޓ`(z#}_j#c
6bĮA<0  "  #!uꐑdiQP^"2[טKmLɋ}_Hۄ1pWk(hVy[
6bĳAYK  "  # ٰ6>*#bߠ̳d#޳9/PȺbϸ7R|hDw
6bĴ]  "  #)f%`C)3aY*N$=M.J`1Zk汗
6bĵ/a^  "  #LƆF.oHP`w̗Yt׋.w"8(y#_glh_ױiu
6bĻ#|ڙ  "  #zgȘe_~_̝8Z6+Sؕ6^0*iFj
6b4,Й  "  #۹cِ!wljc9fO^,`2tOx#<nfY
6b5"]  "  #"Rl;r)cl 5FUgG,7zKsr3[:udҾn8
6b6_  "  #H]HhFww)yxer.Cxҡ}PKpe
6b7D/%  "  #b܏*p\Am}ʣĲ##scLLF|ꙴα
6bA?휖  "  #=ӑǻ}bu(pXzPdynH-2"o
6bC%~a  "  #nmWWh3kW빪QdgG\"$)~ܧoo#1ކ_S޽e
6bD1lx  "  #O.Pl4<<4}¨ȏ%RSohlZ߂
6bFZ  "  #ϐ075hxĲ(9ĻO=[\nʹhM2ߚ
6bHQ؎  "  #l[f=<#qN6H̼m0/h@y>\lhnDV:Zd
6bN Oˇ  "  #UM+p^ż&ɎI*w2UHkJv2}̓ R
6bQ1  "  #EQn2'mtQ:*BR+ƗgRjahV#ݾܟ
6bQ1"  "  #EQ4_|nG亨^`H>L\jϵíSLFsON
6bTӚ-F  "  #'SA^1oB.E˃-DJKIĿnHjU/"4Ғ[ނ
6bbn4cԙ  "  #2ztCkC&'gqQo5j(%f8yz70
6bm_zfQ  "  ##qPɑV0l`GUfBUg|dj5Ƥ0~:
6bpKG  "  #;ajdۢ㽛Բޚdǣh]2
6bs%{  "  #kdb)`6n(~=d,\Gc٩oׇ?yY_
6bt7a`  "  #ڙi¿R[_5)kq""pY9UVcE:4UN$2q}C
6buBk1  "  #ϋtMLU+_5_ŬmҹpBmJcs[͍DKl
6bv"`S  "  #My^>z#{ōeE."+tTcJ\w׋
6bx|*ś  "  #ؐp8c[:Ϋ'bVʃ=vmނyG֥Uj
6bxܙ  "  #wb'm#5eY6EbmE0ymb.5㭥u=7s%֫~
6bN/:  "  #M${z֫^}f::6b=vPz@`ωޭ~E
6bƁ79  "  #ьuͺQ]Z\v߶MWvIp@&`HkޫQ/.|Ռ
6bƄq\I  "  #x񝑺bjIH&lr8k XB\75XOqkkQm
6bƆ{I^  "  #]Nѐ7`bRmmZa$ ؿ}_C&ǩ?Ezp
6bƈe  "  #Dps_xS¦ILym{>^ƙfFGa{Q%Ԓ
6bƊwM\  "  #]i]x%cWįu-n*+ ]x*L^0Nl]|VA
6bƍ4rY\  "  #'|e@n<dWQ#i^ ԏM+|=iӵ
6bƏqO4  "  #8NC_1b'̮[}`oTV]sF~<RHԩu
6bƐẽR  "  #IPB[Ӆtg1QS4)ÿvS`]9`bL}ԅ
6bƓTx|ș  "  #Ej7Lo]n[`tČKėSv]YZ1E2&{oSTS
6bƗqG  "  #_-}T@eN]S&ᥧ-_x\N泥Dw,}
6bƙg%/Ia  "  #ɋ\ՑLKXmRr>Q/rԜo]R[8xx8x^Z 
6bƚ+l  "  #}\u[`)8zbDھ9F[zӣֺfw?377
6bƟ~#  "  #dj_ [rZlyRʍ[=v{r[jΣ[}N8u6
6bƤ|\[L  "  #ۈMӐ+4^reNx`jݤDs6ZHZyJ]yTu\
6bƪ9\&D  "  #Q&)/[Y_E̦CXA@֤ÿxZ/Qxx@o
6bƯh  "  #9~`3>MX$pT̚ZDq#*Zf|5p|ovTc̍+
6bƾCb  "  #M[ՐrZɂ/Hr>Fe#Ydb!I~Ȭk6܁i
6bx*V3  "  #&L<ғ}Xόf̓ґftʝUl 7Z;q3}ڛiĺ_
6bĎb  "  #2쑹!|]FtbRGpUkVRg4J֊{Hxd:
6b;GX4  "  #zXWluG7[p0Q*lѺ/:þsH"(x3f/ ւG
6b]os  "  #< 7#!YVL;ȄFB4`̊\}H[VwԼ`#'
6b濃  "  #&4_Yl[uN:盌!ʿ,\!Z^w9j_8>%*
6b f֐  "  #Pׅ0_/}u0~:'L0g_N3\vxe[d7s
6b&:  "  ##鑾sE"ZRUp!ٙk_҈\.cpx\ux2WD
6b(0Ĕa  "  #khjcaA|_ˑ{ݏ -Y_̆)=wQZe5
6b)VR  "  #n(ZZR 1K<!8QԾ2\}LxqF\=s"p
6b,z  "  #dR\%[`#A4wɢ^ABqȒ!*z\z&noBZU
6b~<Z  "  #rMM䑿0td\kwPwu]$, xc6kqA=UK+@
6bǂCz   "  #/M!L`}~_ۓ$HX_oCgrZmVkK@
6bǃ؞  "  #|Ix^^zf,}Ńaq`^3(sT3svZU#k
6bǌi"V  "  #MT!K\D";l"ƙCȔ\]Sޅ{xv_U{v
6bǭ-vH  "  #~`D(\n]݋saſΐHv񆇾L ]ä́"wtqTW;A
6bǸ]/i  "  #~Sn;7B\fmR)FxxȕEQ^o/YXs+TN5wg
6b  "  #´CY*'F]aQGbŰ"$+LO_YHsgRfjC:
6b5<:  "  #CɑjP s=e!E*p\شnxg'hL{WdrҳOM^r
6b ;u  "  #'gW`pc?4|J|ٵн࿆aǙ~<5sV7NcA
6b#x$"d  "  #+_ygGvx1u?gㅽ_Bc;||˯v@&Ma@e
6b)>F;  "  #1nʓϚ^GƆ"+ЈcaOa}cw?!NVoY
6b-bN1˙  "  #_ꐽ˛Y_d-'LB!UaB}nup]0NvV=
6b/Α'  "  #9go8_dcԄ_8Æf[Ӫ%>b}%TtLnNY
6b4l:2  "  #xnQ$IPo<nRdYmjVGԂfkhYwJs%+Lz;8
6b8Hr  "  #WҺ(!ɚklxErnGĭ7pj{JսfytsLǭ
6bL4*י  "  #uؽ"js썽qhֽQ%gԲx@u!0JfRЇ
6bO;*  "  #2w"<|f.xO}YxȺnwWvg'_xTlI}7
6a10_ݹ  "   LLLՑ                        LLLՓ2
  !EARTHMOOCTw                  ء%tRH
  "JUPITER ׿                  轻7
6bNQ  "  !J)ԑU7P|i4S>8~԰?J|D/c~59
6bS+I  "  !-]O3_N¡5N:BK8OXǗCV2JV<_c۱}✇
6bTV\  "  !KEމX6-M*ɠ~}Ov0䀠wiΎGu`y-e<=zօ
6bVVjTݙ  "  !{;P{3 Md1AKTrK$IץdNI~}f
6bW,5  "  !ѽP8DѺ>ٵL'WL9*Jc}%Hg1o,eGC{01
6bYm7$  "  !WSzH}?DKK'LK+7'!9ZEYoنg<yE}
6bZ9"U  "  !m+JYK!שL¶@NCi:vǣ<
6b\t  "  !#2?F?,J0ÎGK_ʄ̶^̨/2H!e"]|@n
6b^4V  "  !MB97Ԑ(ZnJG6'ͰFyS(/x_Gq0oxf5Oz+
6b_  "  !湙`KCIRϜ:EHMI%ܹnFlf.y؉
6baKH/  "  !R}<,ZIc`JyC5#-o-ޮFrD2FfyZ
6bbǎV-  "  !rDr96z'vI.(ݜ'!B|'`cF:Il"fy%L
6bggLw#ϙ  "  !ߓՋi2G𫙞?ګïν-B8ة{Qi]ud
6br;5ZT  "  !AW,(ŸHBÜuݢMɍ?)ॸ;t1Hp^Qo
6bvI%  "  !~wŐ0UBv܁_M0>Dݳ孷>=EG4o+G]p8
6bw4  "  !2}DLzB>VoL^h;δu?hbalTFrl
6b{L =`  "  !6DXC%G%At$L*E\|q<ʪ^ouepaqi
6b|󸇒  "  !{O2~BB.k`xKmՖӈ[AL#k,sM>
6b~y2  "  ! haE-pOB2]J뮽@)T@BF|]^ls/-c
6bwҭz  "  !!CSjgƿ(AQ~vJ¼۶]?@ 2hlxrD
6bΙ  "  !03"z@Ǉ6d>J;,y;jp:oj
6b   "  !4WG`.2T@"'|>J[d]-q:;B6peooe(
6b@L}  "  !S,%Ŝm?(bIݼ-ԣr;uժpo^
6bx]  "  !nD=h?:%0Huc*鸸+M;dIpRoz
6b  "  !{g\}Ŭa?n*Hkc2Z;hFIppvo4([
6bЪo  "  !r{bᐴhg>HHGMҷE#:_Ƭ0dqAnats
6b@"  "  !/d(DăԈ>JmRGo1~FxǹԊ:Xh1qqn[R
6byG  "  !~BiԡlD:>WـoFECkCU.t9jrmH
6b|  "  !EB8xwW>/쾁BF@Z&QoUİ9\mrtmz
6b@u  "  !k^{p=yC(EX9W[xrRm
6bA8  "  !iqĜ@i=:kBJ8Em=ξ୏h<O4Jx8;slce
6byR  "  !#yEhĢ<Yk>NDȳ]'EPf_6<\\mu]kcq
6b+9  "  !V$k%(Gä×<BRD[.u+ڼly6㸬^|uhkV
6b]3T  "  !.9Sěİ89<q1fCCO+845kށv3h>j
6bB>  "  !R搤;WXChBooT)66(8t3kI
6bz5n  "  !?'ᐲhăY;ȩwtBF3x6rnĬcyu@k
6bL  "  !2V}ėT;limPB-P?ٽ4(_wJj;pX
6bCZę  "  !zXBh7Y.:޺~&AIxC+˽a~4`aw=jG
6b{ԙ  "  !7\'I^;7@@mO3ÖzSJ_4.׬裃wE0jB
6a10_ݹ  !   LLLՑ                        LLLՓ2
  !JUPITER ׿                  轻7
