6a10_ݹ  #   LLLՑ                        LLLՓ2
  !EARTHMOOCTw                  ء%tRH
  "JUPITER ׿                  轻7
  #SATURN  $d[\_                  yyy
6b_ݹ  #   
  !ِ   _K]jj   K]
  "@9XCM@oAVjjvxf^
  #ƒX<zE$ĔJuP
6bl  #   
  !PSz{̛X5U
  "KcRnİ)EMTt
  #7 cHpj.n+Wg
6baQ  #   
  !ˑ7цmڰɑ2aD7
  "|3X^_M,8
  #{Q-:!nf!l
6b(+  #   
  !Pav4甤x !
  "Kpt.~EUzx0I
  #5RTF(,ǻ0Pz;У|
6bam0  #   
  !yzme7Τ׫Fy-W
  "@XFaG)~jʉ]&3unBl
  #H.yACF{7
6bJә  #   
  !XekSGpۀ3
  "UP;ϳ*@{{I
  #=#<aP7F[
6bזF  #   
  !rۛ؛ܧ!
  "]e7y+:CDZ
  #͋}.~Pux"4
6bЩ_^  #   
  !&k'AG>nð9
  "@}1˥T;=
  #G?e0\7ݫ*ꥈh&L
6b N+!  #   
  !\C0AIQ߃zcxjrA8
  "%vƫ>c6idA]
  #m1}Zw7\qe,]ޟ\
6b4Ŏę  #   
  !:Q}o^HV>gE+
  "/_Y35s3In(A*K
  #ͣ:at=Aөcj+_B
6bHQ  #   
  !\KZhk1sC"_Z&wGm
  "s#m%CF(Mߐ_/c%
  #ͨk`]pLMe
6b]RI  #   
  !'Ce38X@0߯뤁
  "3;=Q,iAߗ1
  #OΟWo͝ElKδп
6bqkR  #   
  ! FmT=2U{Dm
  ")NmN{cs@
  #)Ҕ=:q!gބꮾI
6bŅ.  #   
  !ŻnؒyNԍqA
  "U5TeĞFϳ-sEjAٙD
  #,N ,\ªypovQ
6a10ɚV  "   LLLՑ                        LLLՓ2
  !EARTHMOOCTw                  ء%tRH
  "JUPITER ׿                  轻7
6bɚV  "   
  !UܿRHb4+=K
  "nDqЇsn"c
6bͮ]{  "   
  !}}[LЬU%|~6+v
  "CxXGoi^Zi
6bvB  "   
  !G=JbcRSMa
  "jo^Q]<}bc|Meg
6bZٞ  "   
  !B,K&Օ斟1KþPt-
  "hbEM@ֱ\zvjzB
6b릥2'  "   
  !otbRv]vYb#hT
  "oǦ44L?fqez
6b򟔸  "   
  !v8.if-6ePvUY1`
  "xc+<ҫ[
6b4^is  "   
  !!Nzهo^|&i
  "ƃ8/SnY*N#sK
6bHy6  "   
  !錡ś0#j
  "$5W0]jS>
6b\ܪڙ  "   
  !Yl~RLFHآG
  "eb$@(N3=҇Rd_1F
6bqb_[  "   
  !Q`Rr1(e\bK0
  "T_ >qۦksCWv
6b򅮃d  "   
  !0.;w[ɑstmLE
  "̲A`Ԛ#MQ&WN[e
6bug  "   
  !coĽ|jM/Zx
  "[rN[B̙`AҲ~
6bf}&*  "   
  !ϯ6[t{y2H
  "漮7ʘ۪śLI5L
6b²{߶Ι  "   
  !*);W\~mvbѿ\SRH
  ")rebtUOG0И#
6a10SŚ  !   LLLՑ                        LLLՓ2
  !JUPITER ׿                  轻7
6bSŚ  !   
  !t{_]C}札u}Е$0
6b痁ؚ  !   
  !Χ+/LyITd|\e0
6bcE:p  !   
  !gH4%>\_HkO+
6bӀ  !   
  !",_ɤ=Rf< !
6b:涶  !   
  !_d^ШDaY<О[
6b/j>ƚ  !   
  !W{-Gg5OgbV^948
6bͦך  !   
  !C(hkS?c*O
6bmkQ.  !   
  !QI1;WL};
6b~  !   
  !HyV"Dgo&A
6bD~7'  !   
  !.\5^˶X4|h)C
6bU}:  !   
  ! "ZsK4!B>cX}j
6b}d՚  !   
  !CJ.8ԻrHpP
6bw}g  !   
  !.͐;ʐؤAl"a
6b?|T  !   
  !$eEycv-Єv
6bN|N'  !   
  !2xShnA)ZcV9毨
6b{{E9  !   
  !bNd*/m0Hd62%
6b&){5H  !   
  !NاiQբ=/
6bz5W  !   
  !葮zrC|IXĲ[Ҟk躷T
6bez  !   
  !]^S }j[ɧ
6bXze{&  !   
  !|:[-M;ݥH=bB%׀0
6by5  !   
  !(#5)bt,nQST
6b0OyLkG  !   
  !8lUG<QBb$#d
6bxZ  !   
  !?fxԪܻ^DW
6bx3[h  !   
  !vTj:4Adh]h)
6bc9ww  !   
  !?T,Y}7AeEa
6bwߡ7  !   
  !;CRqHe^r>1
6b:uwc)F  !   
  !V{㈽ML2Ӏ'zvf
6b#vƑU  !   
  !]us>hEu~®
6bvIh  !   
  !qNUaW͹ZYT
6bm_uw  !   
  !RbBŰПt}i/R_
6bu0鉚  !   
  !M߅YݞnYL4%p
6bDtq  !   
  !Z1gcͫZԼAAȼ
6bItOT  !   
  !t).lQe`'o
6bt`g  !   
  !B"\/({}fzh
6bws?v  !   
  !,ڴiB#yaUv?
6b3sG  !   
  !'}',wqu{κxc
6bNr/  !   
  !]ilﰘCP)ó
6bor.  !   
  !{2ӠTP-l#`>g
6b%q  !   
  !dipKDe]S
6bqu  !   
  !|(t1'oK
6bYq^e  !   
  !}2h[hЗOPS,-*
6bXp͖  !   
  !%r3mѥ[XFcgATl
6bpEU  !   
  !^c30܃ZOz/cgQ
6b0Co  !   
  !}#3ۍjòVF/~@$
6bo,Eƚ  !   
  !3J~DԭhXŴջf"
6bnٚ  !   
  !ƌ#]a:)G܅Ĵ
6bc-n؋  !   
  !g摝R&6tR_9B
6bn[  !   
  !ST`+`grwJTO'
6b:im{  !   
  !A͂6Tܜo"(Ɉl
6bmBƚ  !   
  !iwܽi|Z!o!l
6blk՚  !   
  !vpM2ovUhLH@p
6bmSl)  !   
  !ld:28xhڝ
6bk[  !   
  !26Gj%]ɫ/lsAi[
6bDk9  !   
  !BBh$<˰}
6b=kYŚ  !   
  !]tߓI,p#2j
6bj)Ԛ  !   
  !\+H_SRL^DL
6bwyj@  !   
  !ȾrqZW˗gU
6b'i  !   
  !C 9̉+d*Ai
6bNi'$  !   
  !]jm`e7ō
6bch6  !   
  !5nxq (i33§
6b%hӚ  !   
  !{S5-qvVj
6bhWO  !   
  !֭OݑͻŅyC|
6bMg  !   
  !M#+K[p㽌%
6bXg>@'  !   
  !7Q]ةRu'_
6bf6  !   
  !RKFJTG+7^1A37
6b07f%0E  !   
  !lC1tW5/Ը>nuͨVs
6beW  !   
  !5`GǸI:,+V
6bseu  !   
  !ϐkڰ2neb-
6bc!eT"  !   
  !Z4l.9tsW0|;k×dP
6bdf5  !   
  !YJm6ٻh_'tkW
6b:]d;D  !   
  !Ĝkwi^ذn:D=
6bcVV  !   
  !Vj</qdƎDC([Q
6b\s#H  !   
  !CWzۡ>]ΧH¦
