6a10_ݹ  "   LLLՑ                        LLLՓ2
  !EARTHMOOCTw                  ء%tRH
  "JUPITER ׿                  轻7
6b_ݹ  "   
  !ِ   _K]jj   K]
  "ď6   5s˥jj   ms˥
6bl  "   
  !͐   CGj֔   {Gy
  "ď   H11tj@g   1#
6baQ  "   
  !(   'DtnkUM   _DQ@
  "ď   Zsk,   cc
6b(+  "   
  !:   @2j>Ɛ   C@f
  "ďS   mqk!   
6bam0  "   
  !ⴐ   }j}   +}ѽ
  "ď   { kki   {~%
6bJә  "   
  !!   z$k+g   z!
  "ď(   8ߵip   9-^
6bזF  "   
  !`   vajrĐ   vW
  "ď8   yٵhL   ֔
6bЩ_^  "   
  !   r3pjĂ   rI
  "ď   Zi   9
6b N+!  "   
  !   cn}jj   n{}
  "ď   RBj   #R!
6b4Ŏę  "   
  !   Gjj   j
  "ď\   j   5
6bHQ  "   
  !y   +fj   cf
  "ďN   Wiϐ   H<
6b]RI  "   
  !'2   k(̐   K
  "ď偐   #$~i   [&
6bqkR  "   
  !ߐ   נjv   /+
  "ď   6Z-kbK   nZ0
6bŅ.  "   
  !   j#ː   
  "ď   H$lrA   
6bɚV  "   
  !]   ϵj;   ט
  "ďi   [2Ok   p
6bͮ]{  "   
  !h   |jŪ   u
  "ďﭐ   nrj'm   rʼ
6bvB  "   
  !"   g۫j   &
  "ď}   /uiB   0-h
6bZٞ  "   
  !%   K4kA͐   /l
  "ď   ͔εjS   ͫv
6b릥2'  "   
  !   35صj%   k
  "ď   .jL   ޽ZX
6b򟔸  "   
  !C   ٓj   O
  "ď   zi   {D
6b4^is  "   
  !   ʵj/   37
  "ďT   8ׅh   $8җ
6bHy6  "   
  !   jg   g
  "ď   ֯iS   6^
6b\ܪڙ  "   
  !x   gjP   ۻ\t
  "ďW   pgj   I]
6bqb_[  "   
  !q   %ĵjU   S
  "ďᛐ   $Qyk   \QĞ
6b򅮃d  "   
  !$   kkC   _
  "ďD   6sjې   ns
6bug  "   
  !Ð   Sajv   YD
  "ďr   Iކ;jF   ކ
6bf}&*  "   
  !    7Y6k''   ok{
  "ď   \fj   
6b²{߶Ι  "   
  !   ௵j-   S
  "ď^   oY6۵k   YI
6bSŚ  "   
  !k   ]j5v   7廏
  "ď?   k/   
6b痁ؚ  "   
  !M   ڵjސ   N
  "ď   N1i   ̴
6bcE:p  "   
  !ɐ   jM   R
  "ď   qThc   r@
6bӀ  "   
  !秐   Hj   ;
  "ď   /Ԛisΐ   /
6b:涶  "   
  !黐   t7jj   7
  "ď   j0   $Z
6b/j>ƚ  "   
  !"ڐ   X3㒵k&{   3
  "ď=   ߽g>jl   7P}
6bͦך  "   
  !#   <0\vj(   t0E.
  "ď͡   {*Zi   Jz
6bmkQ.  "   
  !t    ,>jR   X,NV
  "ďa   %8iĐ   ]8fw
6b~  "   
  !#   (k>ݐ   <(
  "ď   7()j   oմQ
6bD~7'  "   
  !ب   $債jEP    $
  "ďu   Jsl_;   Wu
6bU}:  "   
  !ː    njkѐ    $
  "ďȐ   ]Pkː   P#
6b}d՚  "   
  !&   ^]Pk@   ^qG
  "ďݐ   p?˵jyې   @E
6bw}g  "   
  !   xZYjݐ   ZY
  "ďݐ   WiԐ   ݊%
6b?|T  "   
  !턐   \V͵j   VN
  "ďț   ތjYҐ   ͚!
6bN|N'  "   
  !5   @RjP   xR
  "ď   X%jؐ   X+
6b{{E9  "   
  !f   $Oqjƛ   \O_;
  "ď   LjMk   
6b&){5H  "   
  !ϐ   KToj{   @KU
  "ďP   ʹq˵hِ   %z
6bz5W  "   
  !B   Gsjϐ   $G
  "ď   rL1h   8q
6bez  "   
  !   jɐ   t
  "ď˲   a˵j1   KaS
6bXze{&  "   
  !Ң   Zǵj&͐   Ёh(
  "ďu   %_kՓ   ]
6by5  "   
  !W   |}<k'   }pK
  "ď7   8bkzb   p
6b0OyLkG  "   
  !%A   `y⧵k&   yM
  "ď   Kz.jd   z6
6bxZ  "   
  !뷐   Duuj,   |uR
  "ď&   ^7o#jv|   7e
6bx3[h  "   
  !   (r'Cjz   `r!
  "ď   pԻtk   ă
6bc9ww  "   
  !y   n۵jV   Dni
  "ďv   CTk?   
6bwߡ7  "   
  !/   ԫʵjo   ,
  "ďx   j   ΁/
6b:uwc)F  "   
  !   ֗jF   w
  "ď)   ?\h   ?
6b#vƑU  "   
  !"   xgk)+   ԤrZ
  "ď   8jh^   (4
6bvIh  "   
  !ઐ   1jy-   
  "ď!   Κ#jkܐ   &
6bm_uw  "   
  !+   d]j?    
  "ď:   XojŐ   9XN
6bu0鉚  "   
  !,W   Hڲke<   V
  "ď͐   tjA   K
6bDtq  "   
  !ꄐ   ,L׵j   d0N
  "ď   &Iain   ^]
6bItOT  "   
  !u   Ҵ2j,   L
  "ď   9uҵjy   q%-
6bt`g  "   
  !   9j7   0A
  "ďR   L`"l"̐   `
6bws?v  "   
  !ǐ   EjD   @
  "ď   ^'lN   L
6b3sG  "   
  !   Fj   %
  "ďN   qtj   J
6bNr/  "   
  !)>   dk'   o
  "ďZ   x֖iU   y4
6bor.  "   
  !:   hj,   ~
  "ďf   6xʵi/   6
6b%q  "   
  !A   Lbj   
  "ď   ?7j2   X>
6bqu  "   
  !   4jq   l
  "ďƐ   }jB   ~
6bYq^e  "   
  !j   TjѾ   P؇
  "ď@   ρYiV   '
6bXp͖  "   
  !ሐ   jZ*   4<
  "ď=   ?͵hf   :?]g
6bpEU  "   
  !   'zk(֐   *
  "ďǐ   U^j8i   LΝ
6b0Co  "   
  !V   ꇒjxk   i
  "ď>   'ݫks   _F
6bo,Eƚ  "   
  !)   0µjq   [
  "ď   :XfDk   rXX
6bnٚ  "   
  !+1   lckO   z
  "ďŐ   Lqjs   R
6bc-n؋  "   
  !"   U@j   @0
  "ď   _jE   l
6bn[  "   
  !   9<=j   q<
  "ď   r(k3͐   *
6b:im{  "   
  !   8j   U8
  "ďߎ   _ѵk~   _
6bmBƚ  "   
  !   4jͣ   94
  "ďn   24j{   n
6blk՚  "   
  !d   0jc;   0
  "ď   zi5%   @
6bmSl)  "   
  !   ,ljҬ   -+
  "ď   x}hɸ   xm
6bk[  "   
  !   )Ok!M   )|
  "ďא   6j$Ր   (6`~
6bDk9  "   
  !ڲ   ug5jJa   g2
  "ď   &CPj_   ;%y
6b=kYŚ  "   
  !9   YbjҐ   c.
  "ď/   vjY   M
6bj)Ԛ  "   
  !*n   =_ǵk=n   u_
  "ďާ   (*iK   `nq
6bwyj@  "   
  !眐   ![ԩj=   Y[W
  "ď<   ;>jBƐ   s>k
6b'i  "   
  !P   Wjܐ   =W
  "ď   Mh?ko   .
6bNi'$  "   
  !)   Sj   !S
  "ďx   `ll$   9
6bch6  "   
  !   Oj   O
  "ď   sVk;v   Wm
6b%hӚ  "   
  !   |j   ͍
  "ďS   FD/iO   F+
6bhWO  "   
  !-o   y.kY'   
  "ď   ki   6
6bMg  "   
  !H   ]wڵj   M~
  "ď   {j   㡒
6bXg>@'  "   
  !|   A ĵjxА   y<
  "ďV   _bj   _
6bf6  "   
  !(2   %~mgkRΐ   ]~o
  "ďJ   K~i]   (h
6b07f%0E  "   
  !#   zٵj   Az8
  "ď   *zhǰ   ;
6beW  "   
  !Ր   vjn   %v
  "ď   xi|   Nxp
6bseu  "   
  !   sj   p
  "ďm   )hIkwR   ag
6bc!eT"  "   
  !弐   j#   Ѱd
  "ď   <%k   t%)
6bdf5  "   
  !Ր   }tvjo   0
  "ď   N%ߵjِ   8J
6b:]d;D  "   
  !+ސ   aֵk3}   
  "ď}   aglj<   r
6bcVV  "   
  !   Exk"t   }N
  "ď   t=jא   =
6b\s#H  "   
  ! G   -k*:   -s
  "ď   VKŵk5   h
