6a10_ݹ  #   LLLՑ                        LLLՓ2
  !EARTHMOOCTw                  ء%tRH
  "JUPITER ׿                  轻7
  #SATURN  $d[\_                  yyy
6b_ݹ  #   
  !ِ   _K]jj   K]
  "@9X'5ۇjj&l
  #ƒX<zE$ĔJuP
6bl  #   
  !-|ᥭɥPeѝzCQ
  "b)`ylg`=ap
  #T#Ăi-soõ[gꂭn`
6baQ  #   
  !bż`3Լ'3vP
  "P<zmdcL@Ͼ"
  #ˏދ~ǘ0U^2-:IH
6b(+  #   
  !贚?@Ҵpz'v[+
  "ph"Ρi/|
  #ʆ~8t&b9YjvB
6bam0  #   
  !ЂO^HaB:w(>T
  "UnRB-hݠ&
  #-@ymhyG@
6bJә  #   
  !RUz{Khh+
  "2u+#VYp9i9[b
  #ʳ^v!oH<Xx
6bזF  #   
  !£2d&ӴBu_2
  "`;ӵD۲IK+`@
  #)FQSozg趆K
6bЩ_^  #   
  !V MkE諼Y
  "&vAcdK9@38K
  #[hg^6DDC}
6b N+!  #   
  !܋*F]٣PltS
  ")S֩p?}ԔNR_
  #( PErCnzJ
6b4Ŏę  #   
  !8,jb3+zmy@V
  "IBwLBȮly}
  #Gƍ"x ʲ3|Ų@
6bHQ  #   
  !K;wt$Rny=ʖM
  "MQ(ꏁ_絮6I_5
  #A1 0^Zڎ!7꿄d
6b]RI  #   
  !ȵA#Ofmy
  "Āe`xٟI?I+
  #\EEnGD_
6bqkR  #   
  !مfn^_獥-%Fu
  "}Jbg*ϲy?
  #ݩT13mGu p{}h
6bŅ.  #   
  !CvyYX_~2Y 
  "&k`Jpo|
  #|[{v'h=j<
6bɚV  #   
  !lҞ.=$"h^4ǭ緾ZV;=
  "yF.?x!y扒fVFo
  #˞{K$;Q?찷
6bͮ]{  #   
  !y)L7PE6&
  "1֚eoN1L8k7oJ
  #?EFhGe=BIF2
6bvB  #   
  !ۅՇY:h苢|!
  "݀s)!O 惔=
  #˔@H]鰊^Ҏ&
6bZٞ  #   
  !::~ouy"E|,?cf
  "uZ}HbY,I
  #hCn}FցK,5_ě8]
6b릥2'  #   
  !j>;Cs̽B0
  "$MBոVzH
  #LZēɳCH9k$?
6b򟔸  #   
  !'ᱣXР@-rM>}m#uQ
  "~qi+$훶ҏEUa
  #u#M1)H
6b4^is  #   
  !"jn#6
  "@Z9s0Ht$&
  #᫥vJqлT
6bHy6  #   
  !0g{xuɶu\*CѮ>'
  "Q8}OHYpF
  #aUĥȵ73
6b\ܪڙ  #   
  !u,lr ;k鱟]jhYpC
  "Jm^rd\}d#"
  #Q"Eقߟx
6bqb_[  #   
  !}nD6}Ңv*vₙ^
  "(+;h̥!ZsI
  #ʧL{wtkanviekI³
6b򅮃d  #   
  !ExӀUYO8]k=}nO
  "vB>bZsBŽ
  #·<NKŹW8?*
6bug  #   
  !7RuT[>
  "I^ȋ|F&Tc=
  #ˑ-o"Is^'۾0
6bf}&*  #   
  !~xFN0<=vޑ
  "J~eIJGp6D
  #Yhەc{MCݳ
6b²{߶Ι  #   
  !ÏM=5C6t:X
  "ܺwY(]Sjȅ*~T
  #[FW1ZԙYKJ
6bSŚ  #   
  !UQ_Pȿ4صp⫤) i
  "8v[*KHfkaӑ
  #-99ϻJnDyV_if2
6b痁ؚ  #   
  !|_uzϦɬbF
  "7q-ؼAE$;o.0V
  #˸U{Ic+ρA 
6bcE:p  #   
  !J*Gz5RU
  ".;v"֨%%ʚ~^v| M
  #ŚbKRU,xF
6bӀ  #   
  !ʁNȚḷ
  "!lvpiҋӰ!|
  #ɷXL$az׬Om
6b:涶  #   
  !ۡ;XJ&h֖"v,J
  "$qf<J$+ЗhM&A8
  #Y.̪LEǲ9 jH
6b/j>ƚ  #   
  !!.ΰ쵛L/sl=
  "6Ʒl+vO!
  #wzOg򠸃WhAڬ
6bͦך  #   
  !ZLPA̖[@l
  "K$^x@/Å
  #mFΛë֥צʹʶ
6bmkQ.  #   
  !7詃ۉ;m^:82qՔL
  "SXÂ8Wصƌ/ܵb
  #1d✒fES
6b~  #   
  !ڤA^NǵdFK3ZW&
  "gJq׸e]:@G~Vc1
  #ɰ-KE)P@ E^啉0
6bD~7'  #   
  !c8pE}8Ҫ
  ".3UU&x՘l]
  #ʺmȵgH@nf
6bU}:  #   
  !bV":ȗ1`Ts|
  " _.,;>9!
  #ˑ./r}xYJ
6b}d՚  #   
  !"ւ[yӶ6&d^t
  "6;N2<x8W.
  #u稴tD4uvAϮT߷
6bw}g  #   
  !ޤ$Xnvۇ9SՏurH
  "%6DPZߪޜgK
  #ɜf{UUXaιv
6b?|T  #   
  !3OLm(đ@::cQ
  "%|zSh](~*cQ:~
  #&d9?ŉ3zB ~$I»a+
6bN|N'  #   
  !LabXbc`ؐ
  "{#$E]$(,n6V\Z"
  #_4~.P1X2U
6b{{E9  #   
  !5Aܔ6Ys~Rn
  "ZUNM!|))
  #ex㠗;oOѠTi
6b&){5H  #   
  !ܒƵmHd
  "iˆCeɣcUȓmګ1
  #GFX5/3wTQZ
6bz5W  #   
  !i@oՍn^mM.K2覩c
  "\!qr/&Pν
  #ɭ~<!䋄qB2+-N
6bez  #   
  !QYQ1ƳNbU@
  "od?+B dOa;;y-
  #LȐToٕ+
6bXze{&  #   
  !\)NPs?ݵtHP3C
  "jDhUkdIFo
  #ˮt//JݏwV3qB
6by5  #   
  !NSMֵngx'c
  "Y85!;w T4
  #=XL붗?*/j
6b0OyLkG  #   
  !He,o[}j,i8o^
  "oP|[,l4Pǰz
  #ӱwUp!ߪ;6
6bxZ  #   
  !I6O~w89Oj{
  "Z_WƴÊS[e
  #@3WƁN1Q>Lc
6bx3[h  #   
  !p:4v9i`.mI
  "7/=pЈjfĚ
  #ˁޮc>_立Q7XDg
6bc9ww  #   
  !^.r0"nyisU[
  "KF9<BoΠ7
  #ˢӅYTǍMm }0
6bwߡ7  #   
  !K%;oq[86x 9vm
  "^ljwd疂 
  #ʙՖ|q#ߘ_<'
6b:uwc)F  #   
  !\efзrNHg_RFu
  "4(TeݑB9QpjS@~
  #딵VȚ02_!w
6b#vƑU  #   
  !x_G~.ٴd
  "]3eM"%d5Z![
  #gJ$pεZb%
6bvIh  #   
  !3ʺR{l]iъ!
  "kYpgTﺏϛTH
  #94[N.[JJDL=
6bm_uw  #   
  !*k=3-yx?*q5?
  "ͦRG`t_[v=$
  #`=%}$$)u
6bu0鉚  #   
  !ZF9TlBE&Wrϩ
  "^~2gM6㏝9 )
  #<R&]sOl@$y
6bDtq  #   
  !֘v`2x쥶%~ig
  "'_>pjaO=Y}\*x
  #c먤j"rhniIZ=
6bItOT  #   
  !o[~ܭKy_dQ
  "+MĽK<0ic`js6
  #˜ؓ[gxv2,
6bt`g  #   
  !5_krm~v[ll
  "`JQ<^/zC^}
  #؋'X۱~k<$ϲ8
6bws?v  #   
  !!EVwԶ0HWNP%U
  "Y|'<*=xZb̓?
  #H9L܂)G%(7
6b3sG  #   
  !ƨ!]ìӑ4
  "ƀx/eۘ-OkPn^[
  #fI&r)W^X
6bNr/  #   
  !ƛƎOiu賆E
  "~|[X]E4r(
  #*=[[SEVG
6bor.  #   
  !E,U\+2fܑ
  "BN4({}(RBG`û
  #vW+[Za_لii
6b%q  #   
  !48xZF3S&
  "KX0׳9ᵣv0z*{
  #˔/وXԜgY5L)
6bqu  #   
  !(y5cj͵wR}Gm_
  "tu*?S±
  #P/+LK:ƅbE
6bYq^e  #   
  !ᕗ]忿ǵes2wy
  "rgLwq%L/
  #PXX_UKA
6bXp͖  #   
  !+\l?jzУ>q
  " BF(:d~&g
  #e"ȑ1cϷg+y
6bpEU  #   
  !Gl^'WmRف];jL
  "J m1s6fL>!O#
  #RQ Hq+GL
6b0Co  #   
  !Ztn͑3+xٜ
  "?Ʊ׵p^b.O
  #Vt.Ｕye{
6bo,Eƚ  #   
  !%M'4:`rB1x
  "]@vWt/3
  #mwe@b?*WQ_-q
6bnٚ  #   
  !| i]!?鷦N0-
  "'ei^}
  #ʓ{Ec>w8]DYփ$
6bc-n؋  #   
  !vЅ=`lTJ
  "e*6W˷>mۅ
  #˰..C7c,k
6bn[  #   
  !SP2ҽm2~̊JhlT
  ""0Qi|Ps@<
  #g 0ץch{epv
6b:im{  #   
  !{P~\ْQ"(գ\A
  "18k_&&[ӵ/LD
  #-&ai"dzwD֑
6bmBƚ  #   
  !yx[g8lf%h{|
  "Yօ.xFҌ}Ϩ
  #}X":qBg*P
6blk՚  #   
  !Wxthw'!pDLĭ
  "y#Rɷ ~ZzcCt
  #½f^qfj-5
6bmSl)  #   
  !эYFD38m֛
  "ڟL"Kەģ[o2
  #ˡSK04-g%q}
6bk[  #   
  !׍^Lf1drڌ|+炁W<
  "la"lUE*S
  #ʺaюtjT̘_e~a]tJ
6bDk9  #   
  !7oᑏ;ٰ)k,1
  "T(܇4(|,W攉0u5Z
  #ɝ]w]c 2wu
6b=kYŚ  #   
  !&y?؁_HēIr;
  "F$xp";d3-[E
  #Rh=۳]@s/4
6bj)Ԛ  #   
  !ʏє,/@0$ggg
  ",Cm#s?by
  #xyEJ/Ͳ,$CshVf
6bwyj@  #   
  !ەǾ'Chܧ4xx
  "*`UҜI^-
  #MԆlSkC댵< ,
6b'i  #   
  !:>9c*f;qǂr
  "lv醴Ok87&-
  #p$N3\ږ
6bNi'$  #   
  !')Dz%$RG3I
  "&鏻cPu.0
  #ɬ2.؂&t2`.
6bch6  #   
  !"~ztΎJbg(N"
  "]x;`_[ycfv{,
  #ΩZ{B906$L|j8
6b%hӚ  #   
  !ިX9L'ѵX(E=O
  "t$-0*|Jчe[
  #˒M6ʏl+*
6bhWO  #   
  !!둂d׽Ʒ0#_k/ab
  "Z.8߱j48Y7̽
  #ʹufeŴrȗDxM$Y
6bMg  #   
  !Fk.YH>Պm) :
  "~⩂tXkf
  #ɣڠYA7pdB53;?
6bXg>@'  #   
  !K,RrPWc5
  "USHO}Uiˉ@%e
  #?冧aY2$0-qlj8
6bf6  #   
  !>ܹV﵊=:ijD
  ",咰DL89Rs1Äݻ
  #}R[@k겷)yX¯
6b07f%0E  #   
  !օ+9aYZ9|kze
  "<xOZ|` U\
  #c]ɧ@uH-nb5=
6beW  #   
  !)e)ڍ]{%E/t
  "ˡ334<Q#
  #W.ڲ:p7o
6bseu  #   
  !lc& Xݠ?cԷ&
  "1ޑ(Ҵ<z*#T
  #,:Q;5K8Ulb~؞mZzY
6bc!eT"  #   
  !SkJƵHۄ*{'
  "*Ktkkj d}
  #cMjɗư{L
6bdf5  #   
  !VWtȕcf,"V
  ">Ij*<LX\vsm=
  #˿Lx'-bSe
6b:]d;D  #   
  !$~*~8apn{\}e
  "s#۴`+0B7w
  #1Uas,o=m:M
6bcVV  #   
  !F*h"bĖ
  "xMwST2D{
  #hD:%Z7"qJ
6b\s#H  #   
  !IU\GOt"5͚
  "c1_$FmHm
  #p|>we/L`u,
