 A50        0.9453 0.41339  67.685 0.0000E+00  0.000  67.68
 EARTHMOO   0.9999 0.39882  88.776 9.1213E-06  0.000  88.78
 A79        1.3101 0.52033   6.832 0.0000E+00  0.000   6.83
 A17        1.7117 0.78466  55.656 0.0000E+00  0.000  55.66
 A61        1.8025 0.77212  38.289 0.0000E+00  0.000  38.29
 A7         1.8148 0.38325  25.266 0.0000E+00  0.000  25.27
 A82        1.8373 0.72495  28.765 0.0000E+00  0.000  28.76
 A74        1.8859 0.52643  43.529 0.0000E+00  0.000  43.53
 A69        1.9707 0.26097  45.233 0.0000E+00  0.000  45.23
 A86        2.0891 0.65639  47.359 0.0000E+00  0.000  47.36
 A12        2.1462 0.48516  37.509 0.0000E+00  0.000  37.51
 A45        2.3289 0.37617 110.318 0.0000E+00  0.000 110.32
 A22        2.3885 0.53352  27.846 0.0000E+00  0.000  27.85
 A72        2.4095 0.50863  13.930 0.0000E+00  0.000  13.93
 A94        2.4317 0.47628 110.446 0.0000E+00  0.000 110.45
 A67        2.5946 0.44963  41.077 0.0000E+00  0.000  41.08
 A48        3.0391 0.83649  99.730 0.0000E+00  0.000  99.73
 A85        3.7688 0.80573  77.643 0.0000E+00  0.000  77.64
 JUPITER    5.2017 0.14168  44.135 9.5479E-04  0.000  44.14
 A98        5.8995 0.79953 118.330 0.0000E+00  0.000 118.33
 A31        8.6950 0.71333  70.836 0.0000E+00  0.000  70.84
 SATURN     9.5522 0.10068  60.609 2.8589E-04  0.000  60.61
 A83       10.5790 0.62751  67.142 0.0000E+00  0.000  67.14
 A43       10.7667 0.29532  68.396 0.0000E+00  0.000  68.40
 A71       21.6716 0.64935  20.215 0.0000E+00  0.000  20.22
 A24       28.7008 0.82398 100.423 0.0000E+00  0.000 100.42
