6a10D2h  #  LLLՑ                        LLLՓ2
  !EARTHMOOCTw                  ء%tRH
  "JUPITER ׿                  轻7
  #SATURN  $d[\_                  yyy
  $A1                              LLLՑ
  %A2                              LLLՑ
  &A3                              LLLՑ
  'A4                              LLLՑ
  (A5                              LLLՑ
  )A6                              LLLՑ
  *A7                              LLLՑ
  +A8                              LLLՑ
  ,A9                              LLLՑ
  -A10                             LLLՑ
  .A11                             LLLՑ
  /A12                             LLLՑ
  0A13                             LLLՑ
  1A14                             LLLՑ
  2A15                             LLLՑ
  3A16                             LLLՑ
  4A17                             LLLՑ
  5A18                             LLLՑ
  6A19                             LLLՑ
  7A20                             LLLՑ
  8A21                             LLLՑ
  9A22                             LLLՑ
  :A23                             LLLՑ
  ;A24                             LLLՑ
  <A25                             LLLՑ
  =A26                             LLLՑ
  >A27                             LLLՑ
  ?A28                             LLLՑ
  @A29                             LLLՑ
  AA30                             LLLՑ
  BA31                             LLLՑ
  CA32                             LLLՑ
  DA33                             LLLՑ
  EA34                             LLLՑ
  FA35                             LLLՑ
  GA36                             LLLՑ
  HA37                             LLLՑ
  IA38                             LLLՑ
  JA39                             LLLՑ
  KA40                             LLLՑ
  LA41                             LLLՑ
  MA42                             LLLՑ
  NA43                             LLLՑ
  OA44                             LLLՑ
  PA45                             LLLՑ
  QA46                             LLLՑ
  RA47                             LLLՑ
  SA48                             LLLՑ
  TA49                             LLLՑ
  UA50                             LLLՑ
  VA51                             LLLՑ
  WA52                             LLLՑ
  XA53                             LLLՑ
  YA54                             LLLՑ
  ZA55                             LLLՑ
  [A56                             LLLՑ
  \A57                             LLLՑ
  ]A58                             LLLՑ
  ^A59                             LLLՑ
  _A60                             LLLՑ
  `A61                             LLLՑ
  aA62                             LLLՑ
  bA63                             LLLՑ
  cA64                             LLLՑ
  dA65                             LLLՑ
  eA66                             LLLՑ
  fA67                             LLLՑ
  gA68                             LLLՑ
  hA69                             LLLՑ
  iA70                             LLLՑ
  jA71                             LLLՑ
  kA72                             LLLՑ
  lA73                             LLLՑ
  mA74                             LLLՑ
  nA75                             LLLՑ
  oA76                             LLLՑ
  pA77                             LLLՑ
  qA78                             LLLՑ
  rA79                             LLLՑ
  sA80                             LLLՑ
  tA81                             LLLՑ
  uA82                             LLLՑ
  vA83                             LLLՑ
  wA84                             LLLՑ
  xA85                             LLLՑ
  yA86                             LLLՑ
  zA87                             LLLՑ
  {A88                             LLLՑ
  |A89                             LLLՑ
  }A90                             LLLՑ
  ~A91                             LLLՑ
  A92                             LLLՑ
  A93                             LLLՑ
  A94                             LLLՑ
  A95                             LLLՑ
  A96                             LLLՑ
  A97                             LLLՑ
  A98                             LLLՑ
  A99                             LLLՑ
  A100                            LLLՑ
6bD2h  #  
  !WB]6*jF͕7e
  "@9V]@P(*jvfQ
  #ג⡚<pCƎfu
  $mY(ǪΟyն%
  %nԏݣ虵҅:Iڡ0
  &Y_jYtGϬh&Vf
  't&RIl)H>NAGaC
  (&nf۽4HA{2
  )aZ:޿RzVuM{
  *PDE/Sq5f7:W&)
  +,ZS65š%
  ,|P&@iָ$,l
  -E(v6ZCBX(jSB
  .*Xл4͹v*rȩ
  /Yѐ8񟳛Kp:4
  0kK?nv/~v{͛
  1LE*`27`p揫KdT
  2 㝏``yc瀥TH
  3/7\}3\
  4x΍E0A<S&w)"
  5:8>H<4_Z9C
  6<jy۔ڕ>44蘙In
  7"{`~<
  8֑o#zVm5w|
  9oK8t̂5A
  :i}G ʐvA
  ;ҥ py^Jb4oW
  <rH݁M!@=Rk5
  =߹C'B)Zo'_
  >]ՙ/=IZS|go'
  ?#TbMoe+ &TmP
  @m^kI%*l'lL,B
  AQzm3DG>
  BxQ ݓPht
  C*fUPK^?
  Dv`9Oul%vլ^
  Et=jo~Yld21I8;!
  F6%#&9gcڊqB
  GL%yPS>
  HZp9}p;JEdA
  Imj\:>ԓR
  JJ_1xQvh\E[Z
  KԻ懑P"zzϖ[:xF
  LJo4l&rX=h͡ρ
  M)鍇8Թz81<5n
  NJ5!__uߕk+B
  Oɘڱۊϗg#$*З
  PkWQNN%ˤ鶻7
  QUxg?&CыdHw
  RGU8q>};PN5
  SՓn@hO>8%&p
  TU+ZSضtlݵ>vڊשt
  UD`*3Ã%bN7
  V&"\vfLDm5_[D
  WKp<]a(6{
  X0jȍ\¼xxg74ѯd
  Y%r?Yϗoߣ2
  Zِ]P޺*/QGG
  [}dIl>)7
  \ڏ!h{"ֵ|L۷2.
  ]%psa섯䖐S6
  ^kɢL(ȹ^P2)#
  _A'rV %FϐOD
  `ĩD}EP0<Բ~gg8
  a[{"moE}N
  bzZ+rͲvcIn
  cyj[ߩgBE#$
  dдMёEZ||ʌ
  eC*pT;b.p3}'
  f-ʐv fzY 
  gڵL] %>C';KzE
  hȅeLճsZǼ
  iaox8B)[`36h
  ju=M`٠")B[愴
  k?碏=\BKv
  lܐyoǝݝg0-չ
  mJb85/A[ޮ
  nlY;Z3ĤJǆ.kA-
  odj1vzOĻVSƮ
  p<S;=9򬈼7R
  qzXeW$S-:W񝄵J
  rMK1++ON1cܚ
  s%q6WÏ[ΚEå
  tK֐q/1ٷ|6@>e?
  uqgpR
  vjב;Vb.kky&ˏ
  w5`^SYh-nŃ<j
  x (2yqgTe[:t
  y.ؒw0>I.`jw.
  zBۈ&_ڞCO˲^
  {+Lx:w%nl4ƏJ[cT
  |j(S|ҹ0ZF6d
  }9$vCMŉq
  ~u^b?.귽|!X
  ((gg{ג;@,N
  qװBvJ?5G
  =MN}]vIwCW
  o۝ɤmI5M
  fFCdK5փ:0
  WbF8ܶ|8"o}ϼ
  շp.YΟ\eD
  "<8߯9̩ؑ
  QksLaÎsG/d
6a10l|ks  #  LLLՑ                        LLLՓ2
  !EARTHMOOCTw                  ء%tRH
  "JUPITER ׿                  轻7
  #SATURN  $d[\_                  yyy
  $A1                              LLLՑ
  %A2                              LLLՑ
  &A3                              LLLՑ
  'A4                              LLLՑ
  (A5                              LLLՑ
  )A6                              LLLՑ
  *A7                              LLLՑ
  +A8                              LLLՑ
  ,A9                              LLLՑ
  -A10                             LLLՑ
  .A11                             LLLՑ
  /A12                             LLLՑ
  0A13                             LLLՑ
  1A14                             LLLՑ
  2A15                             LLLՑ
  3A16                             LLLՑ
  4A17                             LLLՑ
  5A18                             LLLՑ
  6A19                             LLLՑ
  7A20                             LLLՑ
  8A21                             LLLՑ
  9A22                             LLLՑ
  :A23                             LLLՑ
  ;A24                             LLLՑ
  <A25                             LLLՑ
  =A26                             LLLՑ
  >A27                             LLLՑ
  ?A28                             LLLՑ
  @A29                             LLLՑ
  AA30                             LLLՑ
  BA31                             LLLՑ
  CA32                             LLLՑ
  DA33                             LLLՑ
  EA34                             LLLՑ
  FA35                             LLLՑ
  GA37                             LLLՑ
  HA38                             LLLՑ
  IA39                             LLLՑ
  JA40                             LLLՑ
  KA41                             LLLՑ
  LA42                             LLLՑ
  MA43                             LLLՑ
  NA44                             LLLՑ
  OA45                             LLLՑ
  PA46                             LLLՑ
  QA47                             LLLՑ
  RA48                             LLLՑ
  SA49                             LLLՑ
  TA50                             LLLՑ
  UA51                             LLLՑ
  VA52                             LLLՑ
  WA53                             LLLՑ
  XA54                             LLLՑ
  YA55                             LLLՑ
  ZA56                             LLLՑ
  [A57                             LLLՑ
  \A58                             LLLՑ
  ]A59                             LLLՑ
  ^A60                             LLLՑ
  _A61                             LLLՑ
  `A62                             LLLՑ
  aA63                             LLLՑ
  bA64                             LLLՑ
  cA65                             LLLՑ
  dA66                             LLLՑ
  eA67                             LLLՑ
  fA68                             LLLՑ
  gA69                             LLLՑ
  hA70                             LLLՑ
  iA71                             LLLՑ
  jA72                             LLLՑ
  kA73                             LLLՑ
  lA74                             LLLՑ
  mA75                             LLLՑ
  nA76                             LLLՑ
  oA77                             LLLՑ
  pA78                             LLLՑ
  qA79                             LLLՑ
  rA80                             LLLՑ
  sA81                             LLLՑ
  tA82                             LLLՑ
  uA83                             LLLՑ
  vA84                             LLLՑ
  wA85                             LLLՑ
  xA86                             LLLՑ
  yA87                             LLLՑ
  zA88                             LLLՑ
  {A89                             LLLՑ
  |A90                             LLLՑ
  }A91                             LLLՑ
  ~A92                             LLLՑ
  A93                             LLLՑ
  A94                             LLLՑ
  A95                             LLLՑ
  A96                             LLLՑ
  A97                             LLLՑ
  A98                             LLLՑ
  A99                             LLLՑ
  A100                            LLLՑ
6bl|ks  #  
  !(5JX3ϻP^e6M,
  "FJӂ87ės{i)u
  #7=YFҿ&J7$
  $oȳ4օ&PtA
  %,>gh{|J hTZ-g
  &ż}geO^]6lm:C
  'ձN,d>Ƒ
  (=Z>mg1BR%
  )DyQJ?sXwW_
  *2R^70Y)+.\}Y
  +姾X:rC}!&84[/
  ,Vkϓz8Ӗﾔc+wom
  -??1/ۚt!2}x
  .nL]"_fE&gsi;
  /FCf:2ޒ`W+i.
  0w6LAOyv\Mm@^$S@
  1;4@톱Þ,vAQ
  2nw%*3`ib lLL
  3fYN7ǆb־ϋWd;
  4~)Aa<#fDݽLj
  5@_痜ܯƖIwW0
  6gO韛߄(@ܬ2ջܖzw
  7s=;+1K堽ߞK*p
  8ea6De6%ޛVh=hpb_
  9re8L=0=Etu
  :RƼUȗs6"F☕VU
  ;/?n8ˌBf/b2z
  <'C[`9OLx1!z
  =WĬƢ&+J\K0mMU
  >pD<GԿ'S2JާhJ|
  ?Rյ'7Ae~~Qw
  @]ԸfBש/4^
  A@!SM1Qu+nW
  Bz"dE(a4;vu
  CQiO)ͧʵФ}}~
  D:Ys/u}
  E),ؾ0pDTϢVv=
  FdR*tCyW\J\@)
  Gym#ãzsA>] 5=
  H"IiǵNHq50(7%
  I!,i+fNQeg҆)
  Jespgr1yg8x4
  KѨTA9wFKҸ+f0O1fzŲ
  Lcϑ)|t63w
  MUʬ~jGǝ\|
  NuV~z /rzT%ۧӧ
  OrG"^(]ųA*6
  P_d`J쭈eUDvJ
  QV@j]tdӵ4PЙ
  RCrc)!wt=
  Syԫ~>Єȟ٩{}d
  TI}o|,_-\bkEc5U
  U"F<=tJlԕtT
  VX3SNt:6<A
  W7Vq^!ֿ?i[
  X#êWD)Ͽm!b
  YaS-xΗw=Y>&.v
  Zsdks~åY;"
  [WyNDhU8ɛA`
  \vN+wp陖?
  ]DiOLc-E/=uyٟ\Y
  ^AA)S^ߔF;]\]n
  _e0aYr%X7x$
  `F`r8Ur G
  a^~RB믯7Ht0
  booWo.b
  cQ}8F_S/xAbT
  d\5}{z;1q΅mՈ
  e$Ѐ2ֿfXqP)^LuC
  fuTfD3Z/SȀX
  g%ٮ=Ӕ?U/0
  h-}٦rfgo9,f
  iNlujz'z뜃.
  j5bUJb9ݬ
  kYM|rab}5 ſ[a
  lF{Є_<щz;3#,
  mXܷЏE#<ΑY}pV
  n.Fؠ&읬V
  ou<v/ S`C_&槻8ңD
  paq99#_ǛW{
  q뜥G1L_υT']f
  re1}uUuhj-y#.˂
  s;GM0ʯ1۾\
  tG-zd{1]k
  uj>Sd1ہ(
  vV索OW9barAE*
  wB*\4:#?+!
  x#S7a^]jǢQ7
  y-zc-
  zΜu:^"3cg0'v
  {%k4(jUI3tr,m
  |?"z[Tb'4WټV6
  }-{-^7CL롮+
  ~E=mesz<m|$aNa
  Zy} ǩAvJt
  ^oPem;ٵ"%$
  }%Ǔ88<
  &\6U
  NֈȌZGvXNq
  בv}_?GUYys
  +ڪuLņ"ZȄfcϤ
  {&ƱcXޒl
6a10"%  #  kLLLՑ                        LLLՓ2
  !EARTHMOOCTw                  ء%tRH
  "JUPITER ׿                  轻7
  #SATURN  $d[\_                  yyy
  $A1                              LLLՑ
  %A2                              LLLՑ
  &A4                              LLLՑ
  'A6                              LLLՑ
  (A7                              LLLՑ
  )A8                              LLLՑ
  *A9                              LLLՑ
  +A11                             LLLՑ
  ,A12                             LLLՑ
  -A14                             LLLՑ
  .A15                             LLLՑ
  /A16                             LLLՑ
  0A17                             LLLՑ
  1A18                             LLLՑ
  2A20                             LLLՑ
  3A21                             LLLՑ
  4A22                             LLLՑ
  5A24                             LLLՑ
  6A25                             LLLՑ
  7A28                             LLLՑ
  8A31                             LLLՑ
  9A32                             LLLՑ
  :A33                             LLLՑ
  ;A34                             LLLՑ
  <A35                             LLLՑ
  =A37                             LLLՑ
  >A38                             LLLՑ
  ?A39                             LLLՑ
  @A40                             LLLՑ
  AA41                             LLLՑ
  BA42                             LLLՑ
  CA43                             LLLՑ
  DA44                             LLLՑ
  EA45                             LLLՑ
  FA46                             LLLՑ
  GA47                             LLLՑ
  HA48                             LLLՑ
  IA50                             LLLՑ
  JA51                             LLLՑ
  KA52                             LLLՑ
  LA53                             LLLՑ
  MA54                             LLLՑ
  NA55                             LLLՑ
  OA56                             LLLՑ
  PA58                             LLLՑ
  QA61                             LLLՑ
  RA62                             LLLՑ
  SA63                             LLLՑ
  TA64                             LLLՑ
  UA66                             LLLՑ
  VA67                             LLLՑ
  WA69                             LLLՑ
  XA71                             LLLՑ
  YA72                             LLLՑ
  ZA73                             LLLՑ
  [A74                             LLLՑ
  \A75                             LLLՑ
  ]A77                             LLLՑ
  ^A79                             LLLՑ
  _A81                             LLLՑ
  `A82                             LLLՑ
  aA83                             LLLՑ
  bA84                             LLLՑ
  cA85                             LLLՑ
  dA86                             LLLՑ
  eA89                             LLLՑ
  fA90                             LLLՑ
  gA91                             LLLՑ
  hA93                             LLLՑ
  iA94                             LLLՑ
  jA95                             LLLՑ
  kA97                             LLLՑ
  lA98                             LLLՑ
  mA99                             LLLՑ
  nA100                            LLLՑ
6b"%  #  k
  !2Ɋ>=|i1t"LOߟ#
  "={^{U"TM_ꩣ
  #|^ǝM-RլrgDf</5
  $Lb2v1{,ˌ4dWO
  %}[7/|On~T~X
  &aӢmֵ2욳oJ
  'Ҫ"rAקOݴhu
  (yǬshʪ$˦`
  )YlHlz/EJ#
  *rr N坌w)
  +xpGIaEǤZSjho
  ,mlBߒ]X|;K
  -3⁀zEtlJfO)
  .H؝k"-_Gӡ7\
  /"L!9o}dгM
  0C3>y7-*ͿdQd&
  1%X$HT1垙ԻP
  2:]%U,ɭi]|{< @
  3NZqjpp͓tTC=m
  4!-290K29]"~@sWt
  5,/<'.F(\QT
  6mv+\ի]q#^qG'5=
  7EU(ԆWCVh
  8]eäz%ȭ14V
  9󩧺uK&ϥHm*ˎ&
  :iI؍LS}M
  ;Gbas)4#wifᕆ4
  <`YJZ8;ֺR,)
  =Da`$E|Y0iS&e
  >ܼA]hD_Ȁ
  ?|6/ܹ>Vz@簶?jy
  @q{8ډlMY~0KV
  A1HقJU2l*,"
  By8GM賢f[u
  CF˕^/uhGW
  DCKb~plSJbbvȿԬ
  EQ7,^#|r˯T<t9
  Fl}.Oڃʹ8D"fm:I
  GLjcQ<ݰ̈́G
  HXT|@!%lضpq%
  I,HsapG-w|CcO]
  J㕷Ԍ.,߉!Urk
  Kܗ7eeNI~mnHѪ?Y)
  L?c$N<#@2i
  M*{ѡo$32wJp99h
  NM˥ޛpxPL
  O[HV!GcʡҊ ?
  PϨuTN?%efR)-
  Qbwc=Mv˲,gW
  R<A=FIœ+ZZPT
  S(81ޅ3-Fk
  TԆur5Z^tR4
  U}R:z,"o:"!1
  V_3E@B?!*çDn
  W"X:NPtx\=v
  XP{\stݳIћNNJ1
  YxO(\<Ջ-8\QϱX
  Z?Jee8Ng_~uj`S
  [agcQB+4y~ݔQ!2
  \Is&1l7lfM\Zeai
  ]9PȖp'
  ^jd%X<%4;y.
  _1Sc9FҢ)sI3
  `۪VFFUH]Ε<qc
  aXoT>"FŸ+
  b̹uȣz-c5#V9,V>
  cnʼzUL*3)
  dFbiS^z2~XJ
  e$"ox}/5ξ
  ffh}uprČxۦJC
  ggwA+q򒖹߱آLgS
  h6YɪP.F[ݳ~
  ivaD}eHIvn
  jJ{A`L߻ޟdX|׌
  k`uך4>V1
  lS}S8G!㏠0
  mm-'#so^z@Lsғz
  nK;`ez9P1]>2_
6a10jǺ  #  bLLLՑ                        LLLՓ2
  !EARTHMOOCTw                  ء%tRH
  "JUPITER ׿                  轻7
  #SATURN  $d[\_                  yyy
  $A1                              LLLՑ
  %A4                              LLLՑ
  &A6                              LLLՑ
  'A7                              LLLՑ
  (A8                              LLLՑ
  )A9                              LLLՑ
  *A11                             LLLՑ
  +A12                             LLLՑ
  ,A14                             LLLՑ
  -A15                             LLLՑ
  .A17                             LLLՑ
  /A18                             LLLՑ
  0A20                             LLLՑ
  1A22                             LLLՑ
  2A24                             LLLՑ
  3A25                             LLLՑ
  4A28                             LLLՑ
  5A31                             LLLՑ
  6A32                             LLLՑ
  7A33                             LLLՑ
  8A34                             LLLՑ
  9A35                             LLLՑ
  :A37                             LLLՑ
  ;A38                             LLLՑ
  <A39                             LLLՑ
  =A40                             LLLՑ
  >A41                             LLLՑ
  ?A42                             LLLՑ
  @A43                             LLLՑ
  AA44                             LLLՑ
  BA45                             LLLՑ
  CA47                             LLLՑ
  DA48                             LLLՑ
  EA50                             LLLՑ
  FA51                             LLLՑ
  GA52                             LLLՑ
  HA53                             LLLՑ
  IA54                             LLLՑ
  JA56                             LLLՑ
  KA58                             LLLՑ
  LA61                             LLLՑ
  MA62                             LLLՑ
  NA63                             LLLՑ
  OA64                             LLLՑ
  PA67                             LLLՑ
  QA69                             LLLՑ
  RA71                             LLLՑ
  SA72                             LLLՑ
  TA74                             LLLՑ
  UA75                             LLLՑ
  VA77                             LLLՑ
  WA79                             LLLՑ
  XA82                             LLLՑ
  YA83                             LLLՑ
  ZA84                             LLLՑ
  [A85                             LLLՑ
  \A86                             LLLՑ
  ]A90                             LLLՑ
  ^A91                             LLLՑ
  _A93                             LLLՑ
  `A94                             LLLՑ
  aA95                             LLLՑ
  bA97                             LLLՑ
  cA98                             LLLՑ
  dA99                             LLLՑ
  eA100                            LLLՑ
6bjǺ  #  b
  !@vsHoI*44
  "KDs)~wFxlS
  #4ͅTo_-.ܶϊЦ<>
  $gi?;o(2=aQ
  %}%,2SĕeϳU?
  &\U8yϴpٗh9o
  '\&iªJcox"k
  (RW|_|F,Ίh%5O
  )Η4VӡozjK*߲Å؊
  *|FTB~ܗaNz>X^
  +Į\(&PY/9
  ,WVdI-/= ָ
  -ނ<0)֗]W37%
  .p-m]y5ZWdk*CW
  /,*㼆Ilx)mC
  0Ű&M,2O/NVL8:E_{
  1M~\%d{֢J5%
  2?Kђ)dཱ#%
  3PǞxjuQCVX
  4I_rE9E;
  5ޚm{Qi<Vi6Lά˴p
  6Sckd뛈+u⾛
  7|f3n7]^.m;{P
  81edĢcoFCht?
  95&1{+m6ߢS|
  :!o7MjvCoZLԛt
  ;g֚mPR,[]:
  <weN%x>лDf7|
  =C}9;}y]@U:;ν
  > _\;ei*S62u
  ?P?֍8HoDp7wi
  @UqUuf5`9Yf.f
  A='x4k<Ljh<wO
  B<_b2d=}>GIZ
  CCSt>SͨYAh
  DW@]nq[CÇ
  EeuiJhз!
  F<'R~FEׄHZ
  Gټ]-O3bz_ur(X^
  HF}UU@S4NoZhZx
  I¬As{ݶq` ̺
  JԖDwPQe{Cbm:)
  K/Zɤͻ`G:OFb
  L(+E̶"#X췍;Gg^Nv
  M)X}NLD~neu
  NjwԵdȨW{-CU
  O#%{` C눳?͈
  P8Iv+TjҒЫ
  QJ[53[.nvj
  Rp6z?y2{kxd<O^I
  S0??d^Ω1@qÂaP
  T?(ӕ%P.HבG;
  U#穊`KQz.)&
  Vb(3`kFRaj?;z
  WHZ_*'Eh2R
  Xk@QG̼ҦC~>8
  YH;û97^%Җx0x
  Zy"{qtҜQBTO
  [zsav"("TEÂh
  \@s'1L'9
  ]qI9H)φX¹IZ
  ^VB^CRӃrY[ʙ
  _~yiHXtיzk
  `;/q)mQ
  aMMA`uGX
  bZȣ-Oֵ2{+#
  caSApdvfwq/*
  d^ˬC(4_djPE&m^E
  eb)14;"D@Za}
6a10x|  #  TLLLՑ                        LLLՓ2
  !EARTHMOOCTw                  ء%tRH
  "JUPITER ׿                  轻7
  #SATURN  $d[\_                  yyy
  $A1                              LLLՑ
  %A4                              LLLՑ
  &A7                              LLLՑ
  'A8                              LLLՑ
  (A11                             LLLՑ
  )A12                             LLLՑ
  *A14                             LLLՑ
  +A15                             LLLՑ
  ,A17                             LLLՑ
  -A18                             LLLՑ
  .A20                             LLLՑ
  /A22                             LLLՑ
  0A24                             LLLՑ
  1A25                             LLLՑ
  2A31                             LLLՑ
  3A32                             LLLՑ
  4A37                             LLLՑ
  5A39                             LLLՑ
  6A40                             LLLՑ
  7A41                             LLLՑ
  8A43                             LLLՑ
  9A45                             LLLՑ
  :A47                             LLLՑ
  ;A48                             LLLՑ
  <A50                             LLLՑ
  =A51                             LLLՑ
  >A56                             LLLՑ
  ?A58                             LLLՑ
  @A61                             LLLՑ
  AA62                             LLLՑ
  BA63                             LLLՑ
  CA64                             LLLՑ
  DA67                             LLLՑ
  EA69                             LLLՑ
  FA71                             LLLՑ
  GA72                             LLLՑ
  HA74                             LLLՑ
  IA77                             LLLՑ
  JA79                             LLLՑ
  KA82                             LLLՑ
  LA83                             LLLՑ
  MA84                             LLLՑ
  NA85                             LLLՑ
  OA86                             LLLՑ
  PA91                             LLLՑ
  QA93                             LLLՑ
  RA94                             LLLՑ
  SA95                             LLLՑ
  TA97                             LLLՑ
  UA98                             LLLՑ
  VA99                             LLLՑ
  WA100                            LLLՑ
6bx|  #  T
  !~+fJ3˖ӧSx^ŭ
  "=:QF6^ɟ]X:mg|
  #Gh:zOWVhd{d8O
  $+fXĠT巳P(%<
  %S~z\?CvHz_'r
  &7Z5ifGFSxG&
  'Tc:iEG~ļ`Ga
  (IEk@V(Emɨ"d2
  )sP4nQ+DDMiͱ9
  *mטÀ1ݧw|
  +玃j<gM1
  ,9jя[<G0*'W
  -_SI60QE{B*<g+
  .3US#S$Qm:K1
  /)p,=J$xmUt՞:
  0a_\7{H˄Z,@
  1^"Ի[h88l=5ZfAO
  2HHn~ނѭ0Sk@
  35}a32&kX
  4EkTqT|p?2?<
  59prz&T%JwFob
  6ڂvrHdPmγ
  7ږmz%rx<=s??
  8cK_rډ`m з
  95]Omx%{;T
  :٢EM>>.
  ;ֱ)S5;eB9)
  <)mIY:?RQ?3
  =&ЗGQϨ0+Rf
  >관}B.cU#F¯=7ֵ-
  ?y(Z@ɧsSgǜC
  @ɗfr0ȷppU'
  AD#,2l<?.+
  BEt2￯%nr"5%
  CzOHףяWhX
  D-8i9[g3L
  EJQ܊VߴvDRzSZ
  F5-cr`Yv{hՋȆCP
  GxZ5rBi?=UVwc
  Hu0xh?{W%SZ׫
  IAw$BB/7KV~v(W'd?+
  JUJ؉+BrFb"r^pH
  K?I}z܏kY[
  L`2cGCedD
  MpX,sF'h4c0ZI
  N@"y>w;_oo;
  Oӊ^geXŨcGԑ$dn
  P)taF}Lx[CDzЛ!Գ
  Qi\U\,c檐H3m*O
  RHT֩9aQi0< 7~
  Sv肚oORS`q
  Tp:Vpxj+f֧L5
  U#/,>'Qy0?/
  Vi}k0$i
  W6&vy1MYxZ
6a10JP)C  #  QLLLՑ                        LLLՓ2
  !EARTHMOOCTw                  ء%tRH
  "JUPITER ׿                  轻7
  #SATURN  $d[\_                  yyy
  $A1                              LLLՑ
  %A4                              LLLՑ
  &A7                              LLLՑ
  'A8                              LLLՑ
  (A11                             LLLՑ
  )A12                             LLLՑ
  *A14                             LLLՑ
  +A15                             LLLՑ
  ,A17                             LLLՑ
  -A18                             LLLՑ
  .A20                             LLLՑ
  /A22                             LLLՑ
  0A24                             LLLՑ
  1A25                             LLLՑ
  2A31                             LLLՑ
  3A32                             LLLՑ
  4A37                             LLLՑ
  5A39                             LLLՑ
  6A40                             LLLՑ
  7A43                             LLLՑ
  8A45                             LLLՑ
  9A47                             LLLՑ
  :A48                             LLLՑ
  ;A50                             LLLՑ
  <A56                             LLLՑ
  =A58                             LLLՑ
  >A61                             LLLՑ
  ?A62                             LLLՑ
  @A63                             LLLՑ
  AA64                             LLLՑ
  BA67                             LLLՑ
  CA69                             LLLՑ
  DA71                             LLLՑ
  EA72                             LLLՑ
  FA74                             LLLՑ
  GA77                             LLLՑ
  HA79                             LLLՑ
  IA82                             LLLՑ
  JA83                             LLLՑ
  KA84                             LLLՑ
  LA85                             LLLՑ
  MA86                             LLLՑ
  NA91                             LLLՑ
  OA93                             LLLՑ
  PA94                             LLLՑ
  QA95                             LLLՑ
  RA97                             LLLՑ
  SA98                             LLLՑ
  TA99                             LLLՑ
6bJP)C  #  Q
  !/[|Ax"b[rҋh
  "~P?&ƔlM_=
  #(n߬%1dl;F
  $ɯQd֤/*j />
  %|>FuSș}q+FTO
  &f><<ת7\jޙބw
  'WШu8_(Y+߄3x
  (g3/U˧P<zmGw
  )q"9,f2aaL-ZXG
  *cvqrZp K=!*]
  +~1B94ȫJ3Oo`I
  ,Z1v8$dgIq
  -1E@WN;h
  .뎋)'dY/PE]
  /ZL{ep/쥞8߶{t
  0·E_`/i}vgn6
  1y9O]30niH
  2A^9눃ԥWl+Y
  3?Ë-0/fA2
  4rlH?r&_ϝxF9
  5tx= $TǨ(-R
  6&YᡤЎ:굋z\
  7j;\iX9q4k
  8X4jZa"6oP
  91U_dTL%Z<
  :ATlndiAԻ?u|ۚ
  ;Ic|m}&/B
  <ؗ_Yf2ΥO,`|@W
  =ǰ*kVƩ%,$ 
  >OҍVH7jCh
  ?xY.䇩L)n
  @>'sՓ.ʛU&
  AVk[JnIQ!~6s
  BG5bbn r^\
  C&brŶT?E$s
  D+U`@nH=E=ymn
  E%muȩφJnQQdo
  Feشf l~Ub
  G)gW)eg]xk0耀X|
  HxnfC(yM۪'HWN?
  ILv_Ǹ*TO"ΨZ}
  JkTU:t/B
  K=IK{;̚lF?Do
  Lnޝez0:t1K
  MB%Mtͩ/UQSƋݷ
  N7dB1qe]t.}
  OQT,J+5{\N[;>
  Px!J[i$l7
  Q5Ue"Bs*`y @.|
  Rn77ݣҙw8{s]\9Y
  SY._&rTҪ2ݍ
  TjB]KWi<>1-f_o
6a10זӲ  #  JLLLՑ                        LLLՓ2
  !EARTHMOOCTw                  ء%tRH
  "JUPITER ׿                  轻7
  #SATURN  $d[\_                  yyy
  $A1                              LLLՑ
  %A7                              LLLՑ
  &A8                              LLLՑ
  'A12                             LLLՑ
  (A14                             LLLՑ
  )A17                             LLLՑ
  *A18                             LLLՑ
  +A20                             LLLՑ
  ,A22                             LLLՑ
  -A24                             LLLՑ
  .A25                             LLLՑ
  /A31                             LLLՑ
  0A37                             LLLՑ
  1A39                             LLLՑ
  2A40                             LLLՑ
  3A43                             LLLՑ
  4A45                             LLLՑ
  5A47                             LLLՑ
  6A48                             LLLՑ
  7A50                             LLLՑ
  8A56                             LLLՑ
  9A58                             LLLՑ
  :A61                             LLLՑ
  ;A63                             LLLՑ
  <A64                             LLLՑ
  =A67                             LLLՑ
  >A69                             LLLՑ
  ?A71                             LLLՑ
  @A72                             LLLՑ
  AA74                             LLLՑ
  BA77                             LLLՑ
  CA79                             LLLՑ
  DA82                             LLLՑ
  EA83                             LLLՑ
  FA84                             LLLՑ
  GA85                             LLLՑ
  HA86                             LLLՑ
  IA93                             LLLՑ
  JA94                             LLLՑ
  KA97                             LLLՑ
  LA98                             LLLՑ
  MA99                             LLLՑ
6bזӲ  #  J
  !8T;bӐׁ̲(d
  ")Ff|xtfn]sNAc\
  #ͅ'K~OW%dB_#Ǹ
  $^0fB ف$x1?u 5
  %cPn;ۅQ`Ŕ
  &ߟyMX=gk
  'OԳ6.ess}nuK
  (!MST#GOivd8
  )a)?3(\,
  *BlRoߐN\S=j$똋
  +wq\x~yEشN
  ,ԘG~>^c%r:afĺ
  -0~?4uDPcz
  .(ܨ13ۏ߻¯r]$&
  /CYRMl7hZIxLJdx
  07T_\.[?+߫HQ[
  1RNM#sݒGIk
  2ϐX;iT:Bz\İ2Ě
  3<Q֑1q ZO(
  4s9/1ʎmq^_Y
  50\z/,gˋ%
  6UX{ĩl10
  7]{r݌9AET$S
  8][hX=9Ce0l'
  9m}bj,u$z4iD%^e
  :(#RBKK**/NE
  ;qN+E27OS!
  <St+V޹KU~GL3
  =L.KG۽_vl+8
  >1Sw.J+b@2]"lj%
  ?y:b%Aޖ[ڵS
  @C{d^^O:ѯ:`]!ҩ
  ADvas5Q\A;RSQ
  B/V3JMk(~Gݟ@*
  C9aeW2ۍQ6S^\\
  DZkWˬCЬA;
  E[АȄW԰ !,
  F:WtE8ߢd)o
  G%20eOl
  Hg/\<(=d{(`C.
  I~zYe呆ʊQ^
  Jrv2ԨkeSm
  K[V56k(I
  L|aAҬKd=7Z>|JA
  M*i}pǳڣD9e
6a105j  #  ELLLՑ                        LLLՓ2
  !EARTHMOOCTw                  ء%tRH
  "JUPITER ׿                  轻7
  #SATURN  $d[\_                  yyy
  $A7                              LLLՑ
  %A8                              LLLՑ
  &A12                             LLLՑ
  'A17                             LLLՑ
  (A18                             LLLՑ
  )A20                             LLLՑ
  *A22                             LLLՑ
  +A24                             LLLՑ
  ,A25                             LLLՑ
  -A31                             LLLՑ
  .A37                             LLLՑ
  /A39                             LLLՑ
  0A43                             LLLՑ
  1A45                             LLLՑ
  2A47                             LLLՑ
  3A48                             LLLՑ
  4A50                             LLLՑ
  5A56                             LLLՑ
  6A58                             LLLՑ
  7A61                             LLLՑ
  8A63                             LLLՑ
  9A67                             LLLՑ
  :A69                             LLLՑ
  ;A71                             LLLՑ
  <A72                             LLLՑ
  =A74                             LLLՑ
  >A77                             LLLՑ
  ?A79                             LLLՑ
  @A82                             LLLՑ
  AA83                             LLLՑ
  BA84                             LLLՑ
  CA85                             LLLՑ
  DA86                             LLLՑ
  EA93                             LLLՑ
  FA94                             LLLՑ
  GA98                             LLLՑ
  HA99                             LLLՑ
6b5j  #  E
  !4ޠbq؍PgyNK|
  "*Zz):^I(<e
  #Idb1-MTWݎi
  $Yh륐ZuƓݓ
  %6o7veUpW-Ize
  &<M~4Ƨɾ!z3-b
  '#ٖdR2٢jǅE!
  (sKSliC?z1I"
  )z`ePUߩūfH0
  *(h;G%@ɑ+WPH@J
  +k& [.q*n,=
  ,Avό7g=sÚ
  -ֲ;wQUd&-.[{
  .K`sW\fy$
  /BBM&?VMzs
  0Y1CZʭ1DY?W8;
  1~TӀS2IZx"O)
  2lZ1]::?
  3FX"O*Gב(+{
  4wY')4iE%T
  5r쾊nˣPFEr*J
  6YǆݰktjbM?W'
  7wCI,䄤9dD
  8Ύg{y/oҨP
  9\ǥ"dn*3Zؖ
  :js]5r/͙
  ;᪊R2zd2'GrO;aa
  <# 0TlNͭ(P
  =(*jE(n$E։CW
  >v.ʧL#t3E鐢G{
  ?]gl뺆H׺y5
  @U{1뇠ؾOB
  A=;wzrǏLb/D
  B9+<3,%u=nץ
  C:#BO) *ܤ_ŧ
  DIվbiǨ~s֖U
  E[z5gW^{
  Fjke}\m7kJC
  GnO!x$Q,Gz
  HǖɸG&7kMU4O
6a10 Nȗl  #  @LLLՑ                        LLLՓ2
  !EARTHMOOCTw                  ء%tRH
  "JUPITER ׿                  轻7
  #SATURN  $d[\_                  yyy
  $A7                              LLLՑ
  %A8                              LLLՑ
  &A12                             LLLՑ
  'A17                             LLLՑ
  (A18                             LLLՑ
  )A20                             LLLՑ
  *A22                             LLLՑ
  +A24                             LLLՑ
  ,A25                             LLLՑ
  -A31                             LLLՑ
  .A43                             LLLՑ
  /A45                             LLLՑ
  0A47                             LLLՑ
  1A48                             LLLՑ
  2A50                             LLLՑ
  3A58                             LLLՑ
  4A61                             LLLՑ
  5A67                             LLLՑ
  6A69                             LLLՑ
  7A71                             LLLՑ
  8A72                             LLLՑ
  9A74                             LLLՑ
  :A79                             LLLՑ
  ;A82                             LLLՑ
  <A83                             LLLՑ
  =A84                             LLLՑ
  >A85                             LLLՑ
  ?A86                             LLLՑ
  @A93                             LLLՑ
  AA94                             LLLՑ
  BA98                             LLLՑ
  CA99                             LLLՑ
6b Nȗl  #  @
  !@s}%m]@M|Ĕ
  "tݼjĊyً^[0f
  #<ق6qs}n
  $$7tRMMԌTDTr
  %g憙*yLl
  & ;2EZ,]}v(+
  '}OӖbPH˾Gt\
  (=>*bv&M
  )!Hn:C|qh
  *׍q`WSVKwkMo
  ++AdWݴWgO{DpN
  ,ǮH`]A
  -ZR{5`X#}Uh8[
  .ҝ!]}ö~BMp*%2
  /DsTyc4ԺBq\~
  0孠f.&ĭNAq>ȤV
  1>vS1y>rĬ
  2U7wp4#*pKLa
  3C:zBaQdߞ
  4՞zFL/yȶIJQ
  5)喖1~:$Ds?hl5
  6^y: m+%0A
  7̒UG21.~8IDmPG
  8=\˄f;2=YH֨jz
  99ٖ.eZUِ}bb
  :(~i]ۜƛ^K7
  ;/UoiJAC0&c
  <@iCXfgsjk
  =Wul*J'y)3.*U
  >ɘouۯmh@&0
  ?PsDˎ,PR{v
  @wrk4xh ~ǒ&5
  A}k&lɪKYcѢI
  Bm20@X;q`A\l8
  Cwbu4Ix>oͷo
6a104Єs  #  ;LLLՑ                        LLLՓ2
  !EARTHMOOCTw                  ء%tRH
  "JUPITER ׿                  轻7
  #SATURN  $d[\_                  yyy
  $A7                              LLLՑ
  %A8                              LLLՑ
  &A12                             LLLՑ
  'A17                             LLLՑ
  (A18                             LLLՑ
  )A22                             LLLՑ
  *A24                             LLLՑ
  +A31                             LLLՑ
  ,A43                             LLLՑ
  -A45                             LLLՑ
  .A48                             LLLՑ
  /A50                             LLLՑ
  0A61                             LLLՑ
  1A67                             LLLՑ
  2A69                             LLLՑ
  3A71                             LLLՑ
  4A72                             LLLՑ
  5A74                             LLLՑ
  6A79                             LLLՑ
  7A82                             LLLՑ
  8A83                             LLLՑ
  9A84                             LLLՑ
  :A85                             LLLՑ
  ;A86                             LLLՑ
  <A93                             LLLՑ
  =A94                             LLLՑ
  >A98                             LLLՑ
6b4Єs  #  ;
  !XY#*꾙Nid|
  "썫-2Ҍǚ?^<3
  #$]I_ߧü#/6?.d
  $btsvS80Mݿh:
  %G+4xNOx~Xjӎ*<}
  &Ti)YIDE>"}3M
  'jk-k`zZޞ썧[,
  (DZ0u!Pzݹh
  )YK8M^QZ$BX
  *J@z!^*=5w7
  +mo!.>]j ,!JAʖ
  ,Ylwtͬvd]
  -d>!o}qN0Hw?
  .SezR|qlg
  /Xi?|Ictu9pOh
  0h!Fjv7N+/*
  16UCoSe؆~xt`0,
  20݄(ϑaJ]s1¹,
  3|*/TxKUٿp+1
  4癪SܖsTUrmØ
  5BHtW'H@ࡗ)E
  6lC솵Q=Uk92!b0N
  7*:3ҤIT<Oȑ
  8V]=`|ײTU$(i
  93JIlgb1wz
  :ƴa|Mߺ^abiY`X
  ;,ϵ+(5}/=4h1
  <ra901jmQ
  =a/:B8~dS\P@
  > 6,;i<Uer}
6a10HS57  #  7LLLՑ                        LLLՓ2
  !EARTHMOOCTw                  ء%tRH
  "JUPITER ׿                  轻7
  #SATURN  $d[\_                  yyy
  $A7                              LLLՑ
  %A12                             LLLՑ
  &A17                             LLLՑ
  'A22                             LLLՑ
  (A24                             LLLՑ
  )A31                             LLLՑ
  *A43                             LLLՑ
  +A45                             LLLՑ
  ,A48                             LLLՑ
  -A50                             LLLՑ
  .A61                             LLLՑ
  /A67                             LLLՑ
  0A69                             LLLՑ
  1A71                             LLLՑ
  2A72                             LLLՑ
  3A74                             LLLՑ
  4A79                             LLLՑ
  5A82                             LLLՑ
  6A83                             LLLՑ
  7A85                             LLLՑ
  8A86                             LLLՑ
  9A94                             LLLՑ
  :A98                             LLLՑ
6bHS57  #  7
  !"}jeQmP&zzlB=9
  "v>6_'ݛ`7>?
  #˖GQo[ɡDTB~kަ.YN
  $dGBq0xðBD5[\
  %}EyF'71nጧ1S
  &iDzj;ݒࠐ:<
  'EB* ۳F&B'
  (S+e=`TӲ4p1!z
  )ҜV*}4o@yE
  *oh<DLWfcpUBK
  +̌YA6blr䛖:hX5 
  ,ГGgWfGv}7MW9<
  -GsG?GXcZzP
  .&{9$O9aFi~b
  /-H/nHm{pD
  0.o$vXers"Y^
  1Dj?]/o4`휥
  2ҥsꦚV^
  3$o+|qkQgĚNjs4
  4꼕W\YR%>}U
  5ݏc|՗At_ Y{%
  6OV?b7$
  7E7fPADӭ9
  8I{5LUၶEbo
  9-PF~پtߗmT-
  :Xwi]0lftwLct
6a10]Rڙ  #  3LLLՑ                        LLLՓ2
  !EARTHMOOCTw                  ء%tRH
  "JUPITER ׿                  轻7
  #SATURN  $d[\_                  yyy
  $A7                              LLLՑ
  %A12                             LLLՑ
  &A17                             LLLՑ
  'A22                             LLLՑ
  (A24                             LLLՑ
  )A31                             LLLՑ
  *A43                             LLLՑ
  +A45                             LLLՑ
  ,A48                             LLLՑ
  -A61                             LLLՑ
  .A67                             LLLՑ
  /A69                             LLLՑ
  0A71                             LLLՑ
  1A72                             LLLՑ
  2A74                             LLLՑ
  3A79                             LLLՑ
  4A82                             LLLՑ
  5A86                             LLLՑ
  6A94                             LLLՑ
6b]Rڙ  #  3
  !fAbI64"]
  "olv;i!<)ZsuD9
  #k#-3m:2OC15
  $?PɿzYtjsf*],
  %o<?{Fc\#2͠
  &7,C`Gh姵8B[ü
  ' uK^ &,q
  (?\TV&[N>O~
  )&86P%N4e
  *6ϓ"7Z]Q
  +WA2ɿ1gh&,x
  ,ú-\ ><9~* l«
  -qED"PAyE]Ч
  .zxãNFq̫Q
  /Q0J'ͭ?Jhyle
  0ɗ5stnd}xޏL=ZK׎
  1xoƲ`,ά4sQ^
  2O{f)19ƘSG5w|\,
  3؟Vea2=e@ƪ'
  4R0ӓBg(
  55-}J5X69Llj
  6ыhkO۳ЀXt
6a10q8v  "  1LLLՑ                        LLLՓ2
  !EARTHMOOCTw                  ء%tRH
  "JUPITER ׿                  轻7
  #A7                              LLLՑ
  $A12                             LLLՑ
  %A17                             LLLՑ
  &A22                             LLLՑ
  'A24                             LLLՑ
  (A31                             LLLՑ
  )A43                             LLLՑ
  *A45                             LLLՑ
  +A48                             LLLՑ
  ,A61                             LLLՑ
  -A67                             LLLՑ
  .A69                             LLLՑ
  /A71                             LLLՑ
  0A72                             LLLՑ
  1A74                             LLLՑ
  2A82                             LLLՑ
  3A86                             LLLՑ
6bq8v  "  1
  !l<J..î@w͓ l˿E
  "paueV4$fSC6t
  #VRVdvﴟyK
  $wh/iw;}ůs
  %+_1n,XIꅣ~i-[5
  &ȒQN@%,ƈ_
  ' 7jkzHi365FoJ
  (bFbѮC4uXwIw
  )ߚ!eZ~QDڎCӥw
  *%Yca{:x.=
  + (u2&H^kܢ݄𒱦'Ih
  ,2UEx%&yW˟־
  -SvP [P9}MC
  .|ݙ8*)
  /;4ꮈ\겎Hk
  0Vu\*@E;)ع=2
  1i4n-˸hq4gI,
  2aRVƹ1T.;dR
  32)x+麭Ayjrgf^
6a10Ņ굛'`  "  /LLLՑ                        LLLՓ2
  !EARTHMOOCTw                  ء%tRH
  "JUPITER ׿                  轻7
  #A7                              LLLՑ
  $A12                             LLLՑ
  %A17                             LLLՑ
  &A22                             LLLՑ
  'A31                             LLLՑ
  (A43                             LLLՑ
  )A45                             LLLՑ
  *A48                             LLLՑ
  +A61                             LLLՑ
  ,A67                             LLLՑ
  -A69                             LLLՑ
  .A71                             LLLՑ
  /A72                             LLLՑ
  0A74                             LLLՑ
  1A86                             LLLՑ
6bŅ굛'`  "  /
  !2VʸpmmϝΌEԪC
  "!oWglJYtI쾬
  #r&Mv6'q=
  $-aY+"IJ
  %jCֱ4(9u[i,
  &VTmE)08:jYc*
  '3dV8};XGú,
  (a~6,}΃SPqRm\
  )ުk~!L娧Y3
  *`&U00vك*5G
  +pǯ[r|W>ۡ>
  ,quɨ~"D@|l
  -NKO%Y|Bs<Q(g
  .Ѓ|β2X܈!}&/
  /jxBHW5$#;mZ
  0Ui#{Ϭ|;A/H
  1LWcfX11睈?5
6a10ɚV'  "  .LLLՑ                        LLLՓ2
  !EARTHMOOCTw                  ء%tRH
  "JUPITER ׿                  轻7
  #A7                              LLLՑ
  $A12                             LLLՑ
  %A17                             LLLՑ
  &A22                             LLLՑ
  'A31                             LLLՑ
  (A43                             LLLՑ
  )A45                             LLLՑ
  *A48                             LLLՑ
  +A61                             LLLՑ
  ,A67                             LLLՑ
  -A69                             LLLՑ
  .A71                             LLLՑ
  /A72                             LLLՑ
  0A74                             LLLՑ
6bɚV'  "  .
  !GwwhxL٩.7]
  "H˘za.ES;b
  #|}h*1mƘ*ÐoSs
  $C"sp&}חf4BBi 6
  %\b!ڥg⵺ Np
  &+hp&6L7ϡHԃsZ:
  's06$ty1J)Zŉj
  (rI 0v-8?22
  )=}Q`|ol"`3Fyh
  *%i@^ʐM1|Mk
  +|ZTWVf$wq{2IY
  ,:;V*v\uv(
  -w`p(&8^yH
  .b%fkьP zvڎӺ
  /^qN莠n;\8{A]I
  0(mmVR(߫gըi
6bͮh˙  "  .
  !㏔b,ԕ1H뾙-
  "??_;s? ҃
  #c[wUX;D-5Ǥp
  $3ʇ,Ѭ>H
  %N/쎈Xw,R
  &HP߷o.r{˷=⤇V
  'y¶Fh\C2}7b
  (ǂ1ύ'qsXN||ԬP
  )i+sSZm*SzPH
  *wF7rc
  +\p~(`2pАC9aB
  ,N}Wq/`zvĲ
  -Cfͺ\ȱ&~(`
  .uQYik(<)ʘ3
  /.1jorwщΌ
  0@anx OA;,*Bd7)Ǫ
6bΙ  "  .
  !5ɶސr|sѡ
  "r_DP ogO-{;)
  #w"Ң&U{pRHC<^D
  $CKŊn*bshb$
  %5ѣ¸K̀ۥ>:x<,
  &яL@Y~MLfe~
  '3EqO(Nҽ*@lT
  (njO1Apr+LpdUV
  )ql>OuW$ձ1g1O.
  *=%t=1dBk
  +J;H'xWgּ{e
  ,'%\l<V,/rԋ
  -s;O&˓(J>O~7i
  .*WEl$$(ImW@t9
  /5zi=vF?aNڗXGQZ
  08Qax.t}>`c:i\4
6bZ;  "  .
  !BdeV~id&
  ",~Z7=W𨺹r*
  #yb^&L빪~M?eCߪI
  $[z3k!b>3od
  %׽e/JfuA3}T}"
  &I+ϪwY5d
  '7ǖǾGzNĒC.ױqo
  (-F@KצLbMBn^
  )RQW w?QU|] {.O.
  *oN+;ϢE]Cbe
  +;LVx0ejaW7<
  ,Ysm|AGq!U~!
  -*א`|nqY1*
  .0lv-n!ݎ.9"Ɔ
  /`|c]H57@vf(
  0,o~q^(D
6b릢3U  "  .
  !eL,c2t9J)3Hp0
  "\zf4hEg
  #7ߠ̼ٛsQڮb.
  $a1RRFXkw/
  %*7;ǎF|8Sva4
  &pVn;`쵢Eg\/
  'Nw?iߴ1Ro۝up|
  (q=W"px0=Wu :vh
  )ypәLYcɶa
  *5{堇Ot^Ug"Xr
  +mUb~>$AyWr
  ,^#+$y,kAҧ
  -oㄸw4BkzcU
  .mMOЈ]}7+D%
  /ʌnh\1M|_~௏of
  0KG."X[7`1гྛ
6a10   "  -LLLՑ                        LLLՓ2
  !EARTHMOOCTw                  ء%tRH
  "JUPITER ׿                  轻7
  #A7                              LLLՑ
  $A12                             LLLՑ
  %A17                             LLLՑ
  &A22                             LLLՑ
  'A31                             LLLՑ
  (A43                             LLLՑ
  )A48                             LLLՑ
  *A61                             LLLՑ
  +A67                             LLLՑ
  ,A69                             LLLՑ
  -A71                             LLLՑ
  .A72                             LLLՑ
  /A74                             LLLՑ
6b   "  -
  !r(#P`Bѩ+/uFypԖ
  "&b+`/;N+ɮ[vN6ɮ
  #C@/!_~Lq]%a
  $$z1Pӟk{XsNR
  %\y$ַ̃QPzrڃ\f:
  &ޔRa!^X&-lgZ
  '\Usۈ3Uƶl?
  (R4ͱMu<Bב7ʖPkn)
  )(xBN'!Wy襎
  *U/!f1WxUIbi=
  +6)\_IĊhD|-w>B
  ,xΔzArBlmIv
  -턕x/6djy`&@ea
  .gHz3ꇯdw%iTfq
  /mtcrViHfMQ0
6a104^t  "  ,LLLՑ                        LLLՓ2
  !EARTHMOOCTw                  ء%tRH
  "JUPITER ׿                  轻7
  #A7                              LLLՑ
  $A12                             LLLՑ
  %A17                             LLLՑ
  &A22                             LLLՑ
  'A43                             LLLՑ
  (A48                             LLLՑ
  )A61                             LLLՑ
  *A67                             LLLՑ
  +A69                             LLLՑ
  ,A71                             LLLՑ
  -A72                             LLLՑ
  .A74                             LLLՑ
6b4^t  "  ,
  !U-Ȅ̕۱ͤկ丩h
  "T=ߺ5)\T
  #XngN-P
  $Dřpqxwy#5\
  %*|<PZqH[Ϥn
  &3lq2>g@YT
  'UlNH,!h!
  (<</s=Ymo(O ې\
  )VLG\8&q䔱p*o
  *-UDKXÅA|C~
  + 6nt`x["etD`/V
  ,7Cq7ꨝԩ7-˽
  -E[t~0GѪ9ҥ.R
  .ַUaăna6lU
6a10H%  "  +LLLՑ                        LLLՓ2
  !EARTHMOOCTw                  ء%tRH
  "JUPITER ׿                  轻7
  #A7                              LLLՑ
  $A12                             LLLՑ
  %A17                             LLLՑ
  &A22                             LLLՑ
  'A48                             LLLՑ
  (A61                             LLLՑ
  )A67                             LLLՑ
  *A69                             LLLՑ
  +A71                             LLLՑ
  ,A72                             LLLՑ
  -A74                             LLLՑ
6bH%  "  +
  !(MdzA[jjψ'g|
  "]ݜ{hSVY
  #Ɋ׶n:&BR
  $RZɡh~QÚ#
  %;2!JL͋)౥r3tx
  &{p|uZѤ\:=j&</
  'Ub`qZ3DaI[_
  (ajV}ĭ&ZS"
  )Az,Gb.yY
  *aOLmk۟Px
  +1b<vNUUBrܸw
  ,Eöw~Kxz+xϯ[
  -u8uq{|dF0
6b\hI  "  +
  !u oc{+nPpr
  "d!rtSQ˰y3
  #>-)@{U@ί ܦK
  $nZS7Y>Q} s
  %:ip|iޖxZ=雽I{Z
  &,͂m&+"P[u4UI!
  '&NIljx_Az6Ā
  (Bha3NGX(46X
  )w`4ċ]qrJi~X
  *_0f~
  +k]^Ú櫐YO㛖
  ,˪ٕb-}pa
  --΃=xR-j%
6bqb?I  "  +
  !JTEf*3FIOa6:
  "+Xc~X@+gK\U@$vM`
  #/z~+(-ŨIj>Ē
  $/o֛{a{@G%6V
  %I>~GIa93#
  &k4x[CM'!Sv(cҗ麋
  'Jo^̓ Săe
  (Q|n(r{'n'*
  )>y36S亣I:Tp
  *T1bBcwϔ14l
  +,ޱŪ0dFwnݐ|R
  ,Ωҟۄus%xI
  --]Q^F)j)\sa]
6a10򅮊#  "  'LLLՑ                        LLLՓ2
  !EARTHMOOCTw                  ء%tRH
  "JUPITER ׿                  轻7
  #A12                             LLLՑ
  $A22                             LLLՑ
  %A67                             LLLՑ
  &A69                             LLLՑ
  'A71                             LLLՑ
  (A72                             LLLՑ
  )A74                             LLLՑ
6b򅮊#  "  '
  !eYjy!P_Qe
  "5jVeaaVvF=s
  #DR==EmgT$2j
  $=LwknWHȴĩfK;
  %f<+ɏ^OO/g
  &?ek<lԧjעX
  'c}OόęzN^ASz
  ()/Chͭ㡐uʄm
  ){,+bjA٫j;rvp
6b  "  '
  !3m#zUO҃
  "|WƺA1BxL|o]n`
  #ftҞyӤNЛ
  $<8jL[rpl>X
  %ΒC+Nyz4qJc
  &`xb{7FR|>
  '~3ۚ!L2R
  (\fă6ۀvԥ+_^
  )NՔѤ'#e!UQ|
6bf~1z  "  '
  !(vR,3}`\AY
  "bPUj4CBW4+,9
  #{ziP%AvY4$^
  $Z_r_;
  %ٜ}tVz+>̤<,
  &\w1ҍG+ʧJX!%DtO
  '^\ϙ,#oBa̠X)
  (IоpUqޕWl^
  )mXr;n|*7S .
6b²yk=  "  '
  !*~CZV=
  "Hɓ ElD>]=R
  #YƎ[&l]FguG~=
  $vʨse|k{|)l23lge
  %FIxI}1W
  &HXB%LR2AyX8f<k
  'rqeńa'VcUoUn
  (u6=#;Xc<0YlT'6Ѕ
  )w9**QMyw 
6b(a  "  '
  !UATfvvW艚[٨}!_
  "[cwauq\F}J_R u
  #=jLogIn}>E,xA`
  $sn~.ON6x^
  %,؞Vz)tfn
  &n,|J7j%"oqL
  '̘^}^[~eUX
  (Җv7hQQvwM?
  )w+0I˳+g4O)g
6b痁~p  "  '
  !0dJUe1Hj%fSA
  "8!`!{l<Ck
  #ʑRV;yLZZg
  $<oU@ZdDj&ՙ
  %edl|#=hƙ«{
  &$8R˭8G`جKr0P
  'bvkxwj&N?K
  (D'mYn넴x%I
  )zo}\hME˻GՆ`澘8
6bcEn.  "  '
  !Y?jP{}lOP?"
  "ˢn_lTfGU"X\
  #)~͊F. +mmsPef
  $J:UbZMO#
  %b?Xե@ڐCIq>
  &]$^f/4fZ'Gi~
  '彙G5'wf,X8IA
  (<75PsM?yZf
  )ic2.?+~i٠7"hѶW
6bӁJ>  "  '
  !y)ưsR׮RN;ϰ
  "m~Kfg@dp&$
  #JSro=h0L^
  $_ڃY:Ft»|
  %;씀@q6
  &lsTBQ#{z+zi
  '+npQmm_]2Ã
  (ٔjg.a-us3z8;
  )n~rny%:LM
6b:^M  "  '
  !3mI>!q,eoݖL~
  "w׽wK(p,n-O_vz
  #_$g^kzљ^
  $/I?F}QP#su
  %Sq\vEPNie%ٙ-
  &0tw"|@&\OTNJ[A
  'Sвf/o57]nfy>1i_C
  (Ƿ`ёgK*֯gۢ>
  )Ҹϰa)o&%T2%
6b/1^  "  '
  !a/ſ3ԏذl<
  "6)Uye_Y+͜[ۼ^U
  #t~j=T7%
  $Oym8뵜8ZL-{Ê
  %*6OB/wtfd
  &Ò(j˨Ȼ:X5ܼY
  'dJ\_D1ۘ3S4
  (r4DŞTDQkS[
  )ӆ;|2`ތ|B:
6bNo  "  '
  !NuycZŷ\W62G
  ".̓.Py\{-0Add
  #A.I;\ү7e_}Ƅ
  $'NԘ5R7AyauKޡ
  %H'$3L<AFDx
  &:6_'ӦZӤzGn
  'ImIV]) =1gJ@
  (ѻ,!b&$/1xL
  )e|2wN;m[:
6bmk~  "  '
  !^7ɚlaV+t9=Ѱ
  "gj{Ar8A¦nVXOh
  #l-mb;.ߒ80NV
  $ÏnߒH+BI.
  %^:o'Ssbې"HϷ3
  &C[óSEH
  'EmXCH/'i2
  (Ǝ<ðE\Ÿwhi|Ct
  )4Kոnb|t>p,<S
6b~|>  "  '
  !QT!d7܍`)g[B\
  "蝼j9Jw'rPUmh
  #<ϴpOodwm`w\
  $Et&@^cx}jS
  %æ^txGO)~BAj*3
  &mȶA.GgL:W`5p
  'ӢqJNχzOH¸>
  (؍B7A\xP¤Y[D(ҕ
  )얈W4(AMt?PO)y
6a10D~L  "  &LLLՑ                        LLLՓ2
  !EARTHMOOCTw                  ء%tRH
  "JUPITER ׿                  轻7
  #A12                             LLLՑ
  $A22                             LLLՑ
  %A67                             LLLՑ
  &A69                             LLLՑ
  'A71                             LLLՑ
  (A72                             LLLՑ
6bD~L  "  &
  !✴?7ꉘx@2
  "B%eIc!T@.5
  #R$[KƟfP<Z
  $HS<Tdhl4GK
  %Z`36ԅQʗmt.T
  &@e?)fg&RAf
  'au~@cnQ(F K7t
  (7iD&WoX='
6bU~H_  "  &
  !mӅ7<zv1
  "2ӌq׍箎m̃=+b
  #XsŴ!K
  $妩o;'LeX,w4d
  %,QﱼźvG<kM
  &PnMfXט+9SۿS8
  'VWKƸ.p".7
  ( 74Yuk>t>
6b}l  "  &
  !eaƜ?b?-yR؎F
  "Z8TX&t>`覮
  #XI0N;X_Ul&ɳ}#
  $p$|1'#3m13B~Q
  %,WĞ5Im|R(p
  &Xܹ&n<̯dfS<
  ',KnJ3N.2+-*(EAS
  (x7%M[zʳ"g}MPA ɬ
6bw}/t}  "  &
  !P臢'ΰ,er90
  "H/a؛\w[3i
  #΍QgmҜܓ|yc]J
  $KތV@{Jx;nCLUz
  %{X_XFYpIng4%T`
  &]|Si1]F^|y~[.zaU%
  'wNjGH -$Dwlw:
  (- E^8\`df^{_
6b?|܏  "  &
  !扑\$Nٖwҕ48O
  "x9ɤWd<?I/sky
  #Ҧ{\w\sma_v2ZB
  $"2odH*˝%sv
  %Onǫzh"ruKכ
  &2x#],n,ĀlU/
  'ힸg@ܙE4牔k+A_C
  (~d5޼Y2[V9a
6bN{d  "  &
  !q*XF[r/UX]W}#E
  "PYzuzN'ιV
  #Ν֑>v7OFl}
  $4(egX cb$Zx
  %c귃'M"EwRm
  &dH=Mƴ,jdj
  '1^9Es(1j)|oV
  (HjE{HA|356=f
6a10{{y̱  "  %LLLՑ                        LLLՓ2
  !EARTHMOOCTw                  ء%tRH
  "JUPITER ׿                  轻7
  #A22                             LLLՑ
  $A67                             LLLՑ
  %A69                             LLLՑ
  &A71                             LLLՑ
  'A72                             LLLՑ
6b{{y̱  "  %
  !S<6yzhe؆R5
  "M]ƦC~LڼDkY
  #!E?טbxN*
  $>6 :y#׹A
  %k:|/Y]r>ߨZHW
  &ktMjAJbgQC(Q<A
  'nA_4G9Ĭo՘8F
6b&){ªm  "  %
  !N`zw!tvZ0з4.Sf
  "w'~lmh#t[4Q՚
  #ѹ|`ﷳKL:{G
  $ŎS,>Nb_LSps
  %4Ph^5Ͷ\uTN5g
  &A?? ];Y'\We
  'P,mZY\ZiY~
6b{F2|  "  %
  !&I8L~m5 .!Ms!+/
  "+l?WY]GsX3=r
  #dv2/&糕aqL6`<
  $K[VR+k$[_6#Dh
  %WS9|ݙ9!S
  &RMS4=Lpt;꫟_O
  '/jOe?p|Mu1
6bez  "  %
  !d,}mB{,#rNݲ
  "ȚϤbR\TgWl΢Ù
  #/gyE䭼J]j=
  $C1v1f4H
  %$HSV>x\֩zX'_!
  &dyFU J+Gn2
  ':uAn3*rD2+PB1%
6bXz-"  "  %
  !՚5p"Z*ҹY*]`
  "%u0Zz\
  #MY1S誫xqT
  $, Ln '0f"F
  %~4>ۚĚW짬<Ӑq
  &_`jL)pWNzDMm
  'G6'o6o酣ԾCh
6a10y  "  $LLLՑ                        LLLՓ2
  !EARTHMOOCTw                  ء%tRH
  "JUPITER ׿                  轻7
  #A22                             LLLՑ
  $A67                             LLLՑ
  %A69                             LLLՑ
  &A71                             LLLՑ
6by  "  $
  !'0ޛ☶ClM+4mU
  "w5P'uG6(I]tQs:M
  #MaU΀,ۆc
  $ĝu})RuƗ
  %RS1|Z}P6j[@
  &(a3ɰSxfΠ<C˒
6b0Ox  "  $
  !%B2xG`࿥Ⱥ#cD
  "9SLɞIUT蜿׉`
  #SͪSecjۋ
  $l%dOzZ8R~:AH9
  %97/J./MlX9gwQ
  &LUe^h@
6bxwzњ  "  $
  !K`fcv'asS*K
  ">q˛v'gL06a;Q
  #2_â":PRth
  $4ݪŝǚN '
  %t`qXTJgxvn9{
  &Rvp>,RLzs8r]7
6bxX  "  $
  !)Xܐrvz>?!x4
  "n?v)sg×ѐ
  #uV҈>3gG4sαa
  $s=t6߉URU4 
  %]]y1@?J܄_v
  &̾zP*^4۔ԇv[ρ
6bc9xC  "  $
  !IIHc\G
  ".ߏe]4]RGBK`q
  #8&^ם{|
  $88ؕShvR2eZ
  %ղbtwx;i:S6N
  &$2Y9FtkbWĻbU]
6a10wH  "  #LLLՑ                        LLLՓ2
  !EARTHMOOCTw                  ء%tRH
  "JUPITER ׿                  轻7
  #A67                             LLLՑ
  $A69                             LLLՑ
  %A71                             LLLՑ
6bwH  "  #
  ![+叿r<?[^M
  "<\K,KbPnLS<ш
  #mG3Oޟo-
  $,إYiw<Uyv
  %τtJ-ŒȆI
6b:uw*  "  #
  !J:.CUʿdrf3m
  "jD[o"yʀ'"fM
  #.=ƈ|G39Q2z_
  $OW#ҡJ`^IWb"
  %$7/8Rs+@zcg@D
6b#v8͚  "  #
  !~4}3tILOvM
  "r(P4$;f3|!#
  #Ou퐲a'q⌆:C~
  $4EU;q;]ԟfKwݛ
  %]JcE41yl
6buߚ  "  #
  !Mȑ#SoTr$
  "]Z1*_i~0
  #{ע:sC~x&
  $uWhgYaI0yPM
  %u|G"/;{ͩ\]E
6bm_uu(  "  #
  !Jqr2&Q+jP<3^r'
  "`lS624䌊hj;^
  #wed$kx9T)ӄzXT
  $΂QþW'¥9+]r
  %倱#Pw1Uj7aYw
6bu櫚  "  #
  !}~:ɾa*ܵt8
  "n_Idڂ*RxKظ
  #VPÍ7~Hk>
  $x4z̜{=[Zh58dT}
  %GM[K-HA
6a10DuAn  "  "LLLՑ                        LLLՓ2
  !EARTHMOOCTw                  ء%tRH
  "JUPITER ׿                  轻7
  #A67                             LLLՑ
  $A71                             LLLՑ
6bDuAn  "  "
  !/2uԃQbែGj3ƐA
  "/h߉Ѱ~UD
  #FsJ/~h4W[w\xC
  $*$[2p%ȺGȚ
6bIt̚  "  "
  !8p4$ϔ6l
  "oziwMpWYsq
  #A+oaHc0
  $IWƳoىwC=4%
6bt(^ޚ  "  "
  !Hf8CqۊkOO9
  "0+Zb뿰˄5۴
  #U>Ӡ ~&66VkW
  $ᨯ>3 ӈȧ)aE߿gH
6bws  "  "
  !~"3?|JcOygɆ
  "$~!XeFf[MT6|*
  #Ӎ|*́˷_(V
  $ޤeMfqMѪ=u
6b3rN  "  "
  !|KxWbiBڅYx
  "`kgÒ-,s{ʹ9#c
  #!"{op?g`n
  $|8PH\,0?4lZ!x.
6bNrr/  "  "
  !1G[3II痨+;,@
  "zuLŻۍBwy8Tzo
  #ޘc1׀{ۯ`T(}6
  $#Aj9ͬ]/\!}5
6bor˚  "  "
  !83s{)Pn
  "V%Tu0w`Rˋ}FB
  #[[/DWdU
  $瞴֒Ԭ&iH
6b%r>ښ  "  "
  ![U{:)~Zmf%
  "d!O·Qv^?
  #ٓ_ƴ]'ZX>r
  $xM?e}mtN8Ϳ
6bq  "  "
  !6F#zko3Qf$|
  "}6urW#%Va9|
  #{c;Nųa
  $Gc꜖pF~wƧܮd(
6bYq%  "  "
  !u?ѮC݆@łD
  "t60K:%^5En
  #iyIԫƝmn9Ƭwiի
  $3BSZܯnQxRHM38
6bXpu.  "  "
  ![r逨<ó{e5
  "{ݝ[`P_=F@UTyP7
  #q?7ˌoX5E
  $lfjM+v׃N7#weKuZ
6bo@  "  "
  !B2ݺ|.uẹUQ`Uh^1T
  "spwbƖ,}ƼsTϰ
  #R=Q2q41{C#
  $rށeBVqaXF9
6b0CopeL  "  "
  !@aetiZNxY~ʳa
  "yڊ>CLْx5/lw 
  #sHn}߭,q".P>
  $O^#x]Z솠(
6boB  "  "
  !ۗn%dD/ngX
  "~V+ʫq<DV
  #r 鈁"I$P=01
  $̟t_:.X_5;Ⱥc4Rr
6bo<  "  "
  !zBvNĦK̂Ҋsh;
  "7Sm^09;@֎\,eU+
  #LB.$Qޫ3h#~d
  $okCxRX%0Н5UR`
6bc-n3)  "  "
  !_fPyehsc~x˽[%r
  "|neɸ|B`p{>7\b
  #:ÝI?yHڄٖB76
  $_՟f_QYoY,0
6bn#<  "  "
  !Ѻ#']쾼.&pUQ
  "ԃd@׸7hQ}J
  #p!Rw|2B#}"X
  $qG}<.@uȐmAw^p,g= 
6b:im#N  "  "
  !^NH9qo
  "EW[%f7B?T#*CQ
  #JtYx[c|Lw(
  $pLs6o([_͸<ȫ
6bl]  "  "
  !`Cw/1kj
  "<?^@ޭksb-@kX
  #0xuhzo3-PdN:
  $ouO+YzKcVٗQf3
6blmp  "  "
  !o<~ӞlE(la
  "U+̱TUX!Z|_
  #؞zak+@Ҝy
  $>>6*-`"ŗԫwP:!
6bmSl,  "  "
  !e&o;Í3^?_l+a趾
  "ac+/ϲw[|
  #r!L18g9&f/
  $6l\l䷙%=P[4
6bl:Y;  "  "
  !ir5>etgԘ^$xAf
  "yUȜ\d=3΁uvlp٬
  #WNEݮu܀jƂ_ߣ`:
  $yo/ɕc`!p&tܬ$
6bDkM  "  "
  !qVuK=_qoߵx
  "XV-t}ϵ
  #K>[ǝpk809rE|Hn=
  $$ZYg祥E,51`:
6b=k!I\  "  "
  !"7Bq;-c+yk^
  "XzLn>{1'nZ+
  #9VShՖ\
  $.[ܗfPE;'|AkYw
6bjk  "  "
  !/kLǿ?(E'T\''
  "I}`vnp:G[Y
  #ՙ.%yΉ8e!H
  $)Py&8i!XOn
6bwyi9~  "  "
  !!_20;}Jch
  "58jDҲxi[>j
  #&zq+kgIlWx[pP
  $EAyKMب滦{6
6b'ik  "  "
  !@y]QZDM!
  "D㣒\ԉ(zV
  #:2r~EH
  $4Ś-I%͓ibq굼\a
6bNiI  "  "
  !s ԅ8>Gt®o
  "2wDzhl*镴"
  #k/}˃H{U,12bϵ
  $ї)IhjY{2Hq
6bci7\  "  "
  !PtUv:Lap+N
  "v@H%%|rުs<
  #?,v'y*sCP;
  $#y9ȗ[xø^aSv
6b%hon  "  "
  !5zLDo~]V
  "T%ex)/تi
  #Lw2ZVR4ҿ
  $El.x~;\ۙE
6bg}  "  "
  !?hpWCuX=1
  "g^)j\lam
  #stm2g9ϩO/7M
  $ٙ*c@1> VJh:cHA
6bMg_  "  "
  !7ZOV~ТejDv,
  "m%*&w}hiL)_)
  #C͇0nyCEL+
  $p۟~On<|)Ȑ]
6bXfǞ  "  "
  !nجo󤑬JaWN
  "8,krI"ꞥ1Xh,@LZ9
  #ÄX6~zg~dJ)
  $ꅈgbм.a֑ᇸ
6bfiO  "  "
  !^WNs~:A=ڏb-ay
  "8*7VcS{{
  #J&)L.qUd.
  $d1;Dۭ_a_ZRG
6b07f-j  "  "
  !/XóodVa>M"
  "ٌ{ME\hS%0p
  #SHtgF8y#ƫ
  $BaUoYh~¥tLz6
6bf5|  "  "
  !nbjZd~+|> 
  "poR*re'}I=
  #ō]珧1d,T_T
  $;1)ibUú
6bse  "  "
  !5JbMR9/2r
  "\KtFC\#u
  #8:Dܼ{eeWTP-
  $ῳje6P4YOI
6bc!d  "  "
  !C"koZgJJ8\
  "gE7و$iO
  #&N/PLNѶmI~zk
  $l@Zn:?3/GtaW
6bd  "  "
  !;u[J'郴j_P:v
  "덿^"q*.,${y^˧0
  #Y},IltbLA
  $,礧YL=$.YC;|
6b:]cu  "  "
  ![ZdK&Lx.楌8
  "qþ(*zeVƆ
  #ki_DBDOuM1
  $rЮH]B#žP0
6bcfΚ  "  "
  !acfǨ~g^:^%)Ɯ
  "gMj{R&?W&2
  #Ӻur}%ڶP~g>f
  $}0owۤjd
6b\sE͚  "  "
  !QU+o!yN<JNqz
  "{VYwP2"/Mzk
  #[Y{Wk!̣G
  $&ޕc/٧DlY@{ 
