6a10_ݹ  #   LLLՑ                        LLLՓ2
  !EARTHMOOCTw                  ء%tRH
  "JUPITER ׿                  轻7
  #SATURN  $d[\_                  yyy
6b`*x  "  #}=gRh)aԁqx3ˇR}A5qVqq*Gt
6bNy  "  #"420ߐ+ݽqWpȖA[E8Έ/yS0\YZ
6bԺj  "  #6U^|'9!RX0{lQZY3 N{`S?z|!іU
6bٵtl  "  #5hGȕԏ[GpGѝc^k>{DWĬ."#8~f
6b74*m  "  #O(^Ӌh(z55%y_^`eJ("ǥs/Fe޼
6b};^{  "  #4 iH5l"y3:k{ZC@ύE"}N^f[R=
6b|䁗  "  #Qt=3P/[O{pbaO V7[FamV![X
6b;HP;  "  #pnoSǿҏoj8jE5ʎ3c~-Ej
6bOvu  "  #%aUȔ5L椨jY+$uR3V܃ł-JI
6b۫^`  "  #D{=Skp6Ll)؁Sp4bT Y6|,dnjU[
6b>Ü  "  #]o8Jl𞫇,ȗhk~wdjTrEWC
6b{5f7  "  #}?Rȝ΋؎zEvS\">_Hق˂":so):z
6b&  "  #;Qx%%Lϱ\/[\SCK%ԏa F``H
6bʡ  "  #N6c4eZၱMBu!޻Y \OMRb5
6b~  "  #-dώMȏ>kA;':&)8snib橧^ǞBuִb
6bQ  "  #p,kx@]Ե2#ܴ5E>;zdE%a1m:
6b5Z  "  #9gpuǫ;ȍ?yMI6ךz}5뉫ח(#AB,
6b]_ܓb  "  #(^orD˥Dz]ϱEɉGq,%xiG\
6bpaȗ  "  #M˵zǬ-vWv;Wr>gōn?0pđuǲZUZ|
6bٿp  "  #L^Ǡג$^z3]zQyDHɏOލ>x krW]<
6b~T  "  #QZĐǗёV.'ZgV̏vb.wj;iae|}
6b1  "  #XTǃos\;+l˼fjcrɍ<Đ;{0u{0oٕߡi9
6bZ(  "  #fR`Ǥ0Ӑ@5L9y뼷@Cqiǰa=Y:0ߗ%ޔsk
6b!#x  "  #sZǤUO>rܽN+c:gLXjVOGx
6b#؏  "  #j3mǤ:6;UGm[ݍ+1'X>j<6|(ߐ.&5
6bS}Ofח  "  #!'W~7meD&θW&ZB0~Roʴ|͇
6bS~ĞN  "  #'`8ߏcAk@(b.& ]0l{w%s
6bWkٗ  "  #8b$'`J{?<'v$RBA^_j퓷{.5w*n=,ч
6bWa  "  #8fHg&LcL`!C%ɑ'ACkX(qHmIU=gFO
6bǥƽ^  "  #<%W(d(PL=P9Vvɲ.鑺+bKQ+!Hő!
6b>:d  "  #udC/8cbǦ~F5.Ɋ(kJJ
6bɯVũF_  "  #--ܨp#_!ZŶ}GY"ɀOĥ'%Ў>Bތb]̈
6bɯYcU(ʗ  "  #,U奩pss!A­P)Yjɀ֍&I-Eʙ^Ix
6bɯ[VWc  "  #,p|ܑ:u!t-MZUɀ"&|MW"rq^wf
6bɯA  "  #./~@ً(rDKBafaɉ':k-'dë-TNbd~u
6bɯ+x  "  #/)jj6(7BFyAapBɉ{9ȹ-0ōP5d
6bɳ9!D  "  #'T^vkǂB}掅I5n޵{&<^eezJ8KDL2
6b*ڵ4n  "  #K=Ǉr;`g-s!SߞíPhe4۰D1D
6b̘pM  "  #ybtȷʐ;;墵1%ǉ!]-YԚKx&:(
6b̞̗  "  #zӐJ<)n%Mr0@\"`?ƶBN*q%hr̋8YOh
6b̥*H  "  #167Ƿ+qCٷڟ`n^6#itoGPS`_+
6be$S  "  #RaX"oBvIX5NWK:X+D岲)HG
6bͪǗ  "  #:10ڐ1ў&aSc?B;yQ-k{1QY׬)
6bӹ03  "  #Շ&P'Pv͒Bd1I$bː#?9׭V1^K
6bӺ󮲭  "  #Պ'_Q홹+*ٓU^(B9O22,5HE$ysVr1
6bџ՗  "  #k!bÑǗ\6bIbtH&3@J٫VEfٓd(|d
6b:P  "  #,Ǧ(e@\!.&Jmw1 D7Cto^ͲQ|)
6b;}  "  #PǦ@&-H w/O?D%생zÓF}4J
6b AR  "  #9&;bٳH(nOB1VIGOInpjʿۆ'
6b  "  #zʸېȡ8k=x&ڍïԈqx'I9D󱒓=
6b~!3Y  "  #_"ʑvio=|ׯ=VLZ/oZ?Βljc3Cَ0tH
6bs =  "  #c$גd}[ԬZ~r,DŅ`:gդ굪빊-bs
6bsp}B  "  #c1Dd `LY:3|ʐtSD-ZŅےZf8'h-3
6bձBap;  "  #zJԑ#9#HIEἀ8F>hzZIr>U^j
6bЄX  "  #?R;o-p2՘N|:7X3-ތKBBIiz?y9so
6bؽo@y  "  #)?sVQc<ԏ2ܘGJ[BaGH&cjŎ90
6b(ܚ  "  #^N3&\.#~7DM7T^es~:4kQ0|6
6b٩/d  "  #HzȪ-D?#"Įxd{S%ǼiBa*vt=]E
6b=  "  #5=YRxGcrCG%8ȹz]"_ܫY6JAet
6bL  "  #LB;Xk'L ꬒUs<GmzȾŒTzbBop]AԞ
6bQ  "  #AOϐԲy&/QN@4A^$Xh,%}o3u>X^x>
6bIYHʗ  "  #PBKzǩ9ːsCJ|[/-KEm;p}vj
6bݢPQ{  "  #G7/.{ss7^JAܑ%_I\PVF,zn88y
6bTΗ  "  #G^HWYC##=~S㎸B]pȜ{v]XEa"^J}
6bދ/ u  "  #ҳN"TӨÊ+ϋ0?1 ^(T|Hcc8cy
6b1ؿ`  "  # :;EQK ?̆ZzȐD$O^F_<«$l
6b ٓ  "  #1e9ȴN)U_n*#̏HH/Ŵ'/_cҲL֦U>M
6bj૖ݗ  "  #ւ"쨲Glm:DRюlbK8CٍpԋӑߥU
6bjkw  "  #c=oOmc@<OJD=I37qMN)BT̰
6bx:#  "  #|gԱ {]rl}T\]oScn@x<P
6b5Vx  "  #!g}R2bۤgB SǧRwnhbj7#$
6b&8ޗ  "  #q֐7֐&P(8_JZaE PpQ(so~"[$0]'
6b+K1;{  "  #+xfFOҏ_\V"f7%reo\!z$ƌhK`8
6b0^位  "  #ޘPʏU1Go;7n܊Tt _qG׎񴒄Ǡ4Τx\
6b5P.хI  "  #qtҏȨnTuGvIx_ȗYwTȜRog
6b<M  "  #>gu0r)[&8jLa`_N햑!)'vP#c
6bHE  "  #樘dj>#?.tY#+KEQW9SőľX:ʞړ5
6bB  "  #vYDD2=y%Re4Zش#0}/t{ЕDҋ
6b㱢{e~]  "  #;q ّejiֺ~GlSw^K@2߿#̥<XI&TlB)
6b㱥m[u  "  #;rCT ]_,SI,;U)+$TV
6b㱨n֗  "  #;lB1 z?UNQSٮH#'?<z͋!Tǻ
6b㱫q,  "  #;!L r0(VؾT)F:R!QʩzT
6ba>  "  #?NL}|ֺWv\V/jd գcL-WwMs
6byd՗  "  #?TS.dՐp:Ċ6Vp.h(|Y܌W\
6bcXz'  "  #<P謐Ǭꮑ3<ư}aYuѠf,/=ʛ;ؕot?C
6b'PĭǗ  "  #%(9h2я}GQc~t΍gU;KbNU;S2yƔS
6bؗw  "  #RmEm;)ǔ4ǎd0Mw2BDڑΰTL8
6b;}  "  #Rm]NǔώnXڶd֑ӻJDeW䭝FMx5
6b!L  "  #,.Yc9op4](g鸜,1o"j.kݬ!Vp2
6b!.i  "  #,)OX8a^nE?ՠ!~ɬK =mi
6b5+ڎ  "  #\̺"Ց,`ɐ_X/dj})FDmWaيnG#0
6b9o5Ɨ  "  #X/.+SX-F.!,K%/6,QWlD˝ @їu`)5K
6b躿㔗  "  #]ۑ%rr0%T9V'k>OtЏk.hh\+
6b_-  "  #Sn%짹HIyz%&$c𧋑"+@xpRn$Q%!
6b`Dsr-  "  #SF_?'EԓbɔAS%p>2/=PO;^jߕ&&
6b?8̣  "  #`T9RǦϊo#'񖑤7]l8Θ%9;<O|)[jo
6b˹eb  "  #Ǜǋ͏I2VY϶FR[kLʽ%v92g}]X-K"i8
6b*%Tϗ  "  #BFǌp05j8C_&~m-Cʛ˫Zr4J=~m
6b+;)ؗ  "  #݄ԮǋӐ5ϳp}C-n8zʚyLyR4ӢX;m
6bh!  "  #7t֑zKV۷C^u}ǘ{3Gm9ytBN@A|}B
6b6C\  "  #ʁ2j^yKphPɠNsow%:ޕٞЮ3
6b6V  "  #ʁ*jo^*yθhXSɢMʌ{x;Ma8qK
6br׉  "  #Q݋jwNl]^mb北뺎Trɴ7)%`ѧrz
6bMDǼ  "  #+O0p3di$@lI]KᔾCP/ O<?H0deV
6b8>  "  #D"e%_O:O"S=ݑ4:Ҕb_L8{_݃
6bYl  "  #mWݑǶͧ著ߡP7ZZh]̮*jZ8q@
6bYI  "  #n:ʑǷpє]T,v%^]a4Fn\Ή>EpHN
6bnxᕘ  "  #܌,)ѻ&V90D1_mQq8x2C.iP4^_
6bV  "  #Gb[FfѳֱIZp0jNsbbu&L@
6bV ͘  "  #G)f٪}>P&anFQP1gR?NvcN"ȵ
6bϴjr-  "  #Bǎk^n,kvw$0ǖf;O,/
6bzGq\  "  #j6ǘΐ'ݖ<:HN'á3"DB"9Ř!O
6bI5`  "  #CUv&oAr\1(KVs66n|dN
6b.՘  "  #X+.Ñǥe>T6n1[*}D|[[W{ےb{`lA
6bg#cq  "  #8ۑ}X9Qe;^h3sBdKTdޗ0 
6bKӧԬ  "  #$Yl=_c˛Yv׋#Y|7b6BN&(5F#
6b~  "  #^TN녏$b1#=_#0nyk[MK4.i<b6 K
6b~IT  "  #^BG`˩'i}#z̏yɖjŘb-^ ʉ
6b՛҃  "  #f{zۏ~)%|%#BQKɟۘ)!v
6b-i3U  "  #d""őF\tP/o`06,~@M 7 ѐXta]{(>)V6
6bFk  "  #OeK䭎3.U`¥}0ymӥW3k/3E
6bDR|?  "  #G`d&Ds.>׬pa)Ƒ՝2kʑ,@c}Mv3<MV]6
6bMS=  "  #v)3CR羅<OQ1Z"2CiCʨVNhxޕp2@з
6bf+  "  #Dl:{Q^3؆ғ?iF]fʲozL-4ŉ-(EF[
6bf4͔  "  #Dg$oP\9=oFʳ6l1+'v}'E}
6b}0{  "  #hGdE=VsmUYÈBMPŲÜA HdDI
6b!n  "  #S~'#đ0mOгyǓwE)OӮ1IE gؓ/h~K
6b;fiј  "  #&cK_:_tx2}zN <wʬayq@2I7P
6b;Ѕ  "  ##e-KfSxɓyNmXʪBJ@7~GI{QL`
6bZĒ  "  #NLW+c_ޒ~FZSՔʒ錔xٹ`f5XaX5
6b!Ӣր  "  #A )Ǭ{Jz?45)ydʏ|NB`5˂xӬ?
6b2kZY2  "  #%5dǇf}Jam$ȍ7s8Sg'Hb+z^BbBk!
6b2ki^Ә  "  #hǆ'J! 3G*4RӍ3.H`哖H;~f
6b<&{bw  "  #Q@K!>9s^@zbg]Q{ݒ+`YYg׽m
6b<3ˆ  "  #Pw훑=0yI^t拗_&)8O`XcљAa
6bSzP  "  #T3GP\jt"Pek#!Vb.j28UP
6b?Ӌ:  "  #v:ϑ$i|$`Tݑ$ABcW+քޚԞP*Nn
6bV&࠹%  "  #y(֋<Lxlhx;NǙɑe1ْdš5MA
6b`bh  "  #3HeeOndZ.6ڍA\؂ɼA;HqɊ=x8ԝ
6bqM3˘  "  ##h$јKVCuց;B="H'&ʍg`3ۺnE#
6bqME&=  "  ##g䌊?Vt1Ө~o?ai'VEʏ%;ܨ0זG$RG
6b$>1?  "  #k;hw9tV1Xmb&XK2,ʼHX?K<1ɘp|3傟
6bűk')  "  #&hy](~jZD4Q/ MQ8YO6F&)
6ba5S  "  #T|Nǰz5;[3?Vn~^{)4;3OFMlu0;
6b_k  "  #Gs~@fBm>3y0D呠=d{g0x
6b227ޘ  "  #e_!AG#-ےnW*67G`{WWsƫs㋌_|
6bBVWc  "  #q5 }䐢Dˉ$1JKBl[p`WOcb[Op
6bMF$p  "  #r'^u4Kjm4:N3}ؕ'jkǘFh:
6bMFm-  "  #r%ฬ5W_`K\"gɂXظboQefK*Ǧ9
6bcU&>  "  #jQȎȷVy;&ٔy,4σ((TD5CK³
6b}YM3  "  #r#Z>ӑs!fFŀj<װ"+铩şKڙiM휓
6b}Y]Ę  "  #r#%ڣu֏UiFvۋ{Ȣ6:G8Q\4H
6b*Y7y  "  #.Yj(v`ˤ%lL猟#`%CKΧ{ۣGż"
6bF^  "  # `$B?ɼbrn[g!9ʒ`:y5gxCT
6bP4  "  #,S7ɸr^D4(2 ʝ}1̖Xyʩ7$9Z
6b  "  #|6<Ho΅$cw$<ʣ:؍Ѐ(ŧ](S
6bP6X  "  #鱧WS!@VԊG'E+/vʱꉊ>ʭ4U)؆
6bP6y  "  #xfU0ajcd0Ց&`+qʰCEy]J*)
6biʺq  "  # -{nhȉX|U:^|_?kzq_Р09x?n
6bԄB  "  # .$;ȉNƒT4#]@gx0?Ԫ妚/F㳠:sA>?3
6bIL)>Y  "  #c~#Y4_gHj掦]]BGD?/
6bf`ci  "  #vwȁKWD݊aJ)U)43Tt?;Lӄ
6bf<R  "  #veՑȁVPbōXaJto*SCJc5|)CMT8#
6b|й\S  "  #"qRȈcX2n"a5VM7:E|Xo,Lt
6b:  "  #򺴓vYȈWmYh`S.Q:nBߓʌ'*]NCT)
6br3  "  #TIȈ~}3!6DL.yY:Kȕ&Tkf5ה4߄Wɰ
6b>_v  "  #xOekȀx4'ˉJƏϲ]`P.ʤK̖X1+*.x5dMG
6b?)'И  "  #ydY;Ȁݎſ&(O(vҦ`rʢY2+i埶Gndc
6bbTIܘ  "  #ID4o`#8Znꪑ4 HrgK$ʙ4}Jsύ(tGlk
6bc`Z  "  #BZ0ӏ=~-f2]%wyʧ͖A␡DKቍ1x|0;
6byh  "  #GևP9Na"(BXe+-?c{Qug]ECۂa.8݇s|!B
6by  "  #0a@,eB>"Cmc^|B *ghON7sD?P3uT|^>
6bdH~  "  #Ib}đߑeE׉"G~䞽ʇՎg]F'9Ur5
6b?̉  "  #߼a,"ˑƺ^MiF${HҴ0.*>,;!KU|FQB)ZAፈ
6b3꿃Ƙ  "  #WV0"/ƸaDgE$7Kq[)K޿ܼݫ
6bBmߘ  "  #~?(ꎛfJʕg՚w䢆=߸eE
6bY%H1  "  #T-lhpCU~:zj=]YƏ쌢bЦ>MS=;y
6bo45  "  #kTz~ػ(:E4~r&>(=ioKC?
6bvc+Ƙ  "  #-ȁn`D'Z]G3Wyxj"lM?
6bP  "  #lOYnȝf,"uzNZʽXt%gǛKsK\2
6b!  "  #lNMɧȜ뒪H"fҐJnZ|ʽæuگ%JUh]@6]
6b[Y  "  #lN`}Ȝ %"ӦcF&T[Ncʾ)(v%ąa]hz8
6bSIĘ  "  #lɅ/Ƌ=ԊwY|hw1ΩՎ0Ҽ<=s#/''H-u:
6bΒVS  "  #:!0@ǯw`rNJs¸v׍AnETʧw̒AxM@D`Dkzu
6bU\  "  #z,㑑lmGVӄݷ vsΗ=HU Ī{̑FxP
6bUáC  "  #zdukDW>yߍ·tPTU`Nt%
6b1Y  "  #*gN׸ӎ׀Ռڱ.49L64ʳ-Mg'fZ
6bM|dx  "  #:ǃ8VW)NM1u̮?"8~
6bR#LD  "  #(gm4,hʜfǪRo6U5ΌsXKw&{#FD
6bg+v  "  #Nw&g3\EX&f[c^ndE8
6b}}  "  #ܶӑǭ琐n÷uF=z$1e$]+({ړ
6b-+]  "  #󜮓vS/؁Iɯi=׎! 59EXtyYj2*
6b21O0  "  #瓑Ǣal%:Mƾ0Ld8:%a&T~OJ$, 
6b6X  "  #qOL=죓I2>-Ob&mY}zὖ`C^)34{
6ba-N  "  #Nۖg_rrQJħU>b5ʇ]GݸQˑ*)4_=?
6byk]  "  #3ݙw쎿]Ms(6I=Ɣ.ʷ|+:a'J<+~Z
6byxᥘ  "  #3d=֯xdÀ揑+̑퐹>2vAʹfx/r'Y0ˢ<as
6b<k#pY  "  #yԑ~lhv!ݑE'i3 bpJwBj
6b6IP>s̘  "  #:zQc~4UgړcDTNAWvq֩uF$
6bM^䂘  "  #thARz&/x)Mœ{N%/)k^?*fCAH
6bgW̘  "  #AHyWoæNԓH!'Q$kI+|XKh
6bYW   "  #JX\fԑȄ!`B:<!ubiQ?U%|ihm?Ra\ՉLOA
6b bh  "  #~OȊ#xea-mݞUi_-bv[ZlqDT^S
6b;  "  #3].$Ȃ|۴PuM.5Rż;bՋHWoC
6bw%$  "  #|Ȏݯ"/GV2RgETAےMV?f
6bB%]w  "  #*4Ȋn)(vC>j#ac>dg'#7$wV]!H
6bz6$s!  "  #$%ȉԇBNZ$QÞ^3f\Ep%&(ݖW1 _
6bϖjݸј  "  #1f$xvO0N&vNaitڳ6T,]nG\ˁʝCc)
6bt\.˘  "  #(3Ȏ+ƴFSͤc[<$8\0N#9Uh!
6bx]L{  "  #WFlȐ4O-2E@\@RkZuB}Bn.4pT]:zfM:
6bstߘ  "  #]LVȃe?gCg.#myRÍbe7SF32Nwlc 
6bYgY  "  #*'đȎr2̣3?<i)6tG&[,y:o
6bbv)֘  "  #VbZȢgH3<c<!@!D`lZsd_%;NyaO\ux
6bba6Ҙ  "  #VbYY\Ȣ~D0O<`F>"8Ȏo,tPT7Iޕ,9;1GO2ENu
6bX+-  "  #9*){DɥVYj.6ʘ5KT[{r!O[>r&
6b\3  "  #aڑ`#^ͲwBk&5ha*2{1L
6bY  "  #//:ebtבcɞn~p\fl7υvT/
6bZC٘  "  #l#BƏƐKXU.F2xJ.ʍ;͌E筃-?ԭ
6bZCڠ  "  #kϑƎGt=L'22d0֜ʏJ;ʞԊM{,h%
6bxz%VŘ  "  #/_yvƾ^hID<}\r"ŭDar:@d#
6bj|#  "  #sNǣJिMw^Ogf%ț6WT͗(Nw
6bۈRI`  "  #Ul6Fb!2&/)-WEc0L9G AK.@X%
6b)G۬A  "  #^0zIK&:5BEq18frfL:&7ʹqv)
6b)qҁH  "  #] vz*e:B8wEHr5>egŕZ; ̠H$̕q)i
6b1=gu͘  "  #̔8JtᏄ%`IwJ]ɝ(Fh3v|P9.
6bL6B  "  #2ԑ{(*JcZlg:1^H_ʭbKfԙcOji
6bo$ᩘ  "  #%bD<krHH+Q-TfG~ޮӕO}T'z~ܡ
6bCS  "  #/ch>Q@ĉuXEoc5ʅF?;RKIҹq_ȋ g
6b)t  "  #gN^oV&qgWĸ^͑\|~&,W%9b@Ɛ6
6b`L  "  #,H?tZ)M㕒lɄRG>Zs@w/-
6b'O  "  #HLK|fV;ﻂUsv䋥%dhޛRk
6b{  "  #zm6vLi9ŒO2ȣMSIvg0Wv"
6b3u㶘  "  #3P6M950^hK4-V>Sb:Ul<e0
6b"bB  "  #q1)MO&|`ŔP<ޘ3תxd X"}Q
6b\ǎ@Q  "  #LDޑiYjU?7=ʵ7zk֌(y)mB
6b^`  "  #WYv02DHj;Sj><5RCETʳkmjr4-oצ-
6b^.)C  "  #W-|DSdjj0ߧAʲom6%cg
6br  "  #{Sґ?-mm9*/Qʢj)rqK~KsKgߝ
6b#  "  #{$)>^ސE@mG99rʡyfq3N9p{Z6}
6biGI  "  #I(𷯏KHwށ7V&ʎ*o):vM239/
6bTx  "  #&_/zmwczUvqF7x:ɖϲV
6b>+{q  "  #;~ǴD~J,33FT!vǑf~:W~9
6bP  "  #9Gס@t<v<+ήlʔ{Ing
6bd9  "  #G-1-QFI|10}}AW=wPeΐ"T5W:\qD
6bÆllQ  "  #|bڍzW(3h W+}=>/ΆG1l,r큎RٵY
6b{oI)  "  #@dqQzW^"0עϓ.i^{URyn.
6bTd"̘  "  #y#J"XLdKX%88aܬ(9`Zrv{`mK
6b0i0c  "  #wd7ڨێ3nBhWXﶡvLẃxԟ
6bN3W$  "  #ӑFXBoԢv#<{4ʐܝIƄ({
6bN9m9  "  #+FJ2Zʞi'yCؒn0ݐ~`A@Gqa
6bĐqĘ  "  #[oѥL֏:NΨsb~ܿ}#HI0X~;?؋o
6b&sB  "  #Jx61SVF t)oۂԏBuWJgŇW(
6b+Ƣ9u  "  # n<U7{5K>%)@l U%∕,?'W
6bǗ5.͘  "  #aԑXXoS¿OAV9Id2 "(,[ٯN
6bǺL:)  "  #g4jѿ`#²뽨_ѥwhjs~_~ސ6XO
6b;3C  "  #^|ƣe::Czb`|<z袋è~O|=~T6J
6bS.u  "  #'t;|hƸE0ltɘ݃ឍЁЋ˪7,zuߌv
6b4nm  "  #ǽyۭƱ\5+LxX^-Ff=/eS՜ڱj3y&Ӡi
6b`'-  "  ##n:eۡߑK"q_яґN7ϊjګUz[ҭ9^
6b$x$z  "  #tas?ґp|MS>Vw+ZΛ؊֤{5t}&:
6bhj@  "  #;;#Im1y돖{6yɷ[6:64r|W9ҏQI
6bj2^  "  #,TϱWD¼p㋐BɻG9Y~&g$J
6b4sɝ  "  #}pbuƫ{ҍasIg{Cuwt[i#O
6bӅdֽ  "  #T.Ơݐrh'ZhĲsM/MjRkIKwǖQ{
6bֺJP_  "  #J!ƈ<F2'#R㴇(*w)_ihr
6b[YVL  "  #VylfƟϏ,Bgę1ud7ewR{J$_
6bש;ѕ  "  #YŅ)r`]@ʗPg˙捬$w@,DKtwK:zT
6b^YG0]  "  #Nƕ(3.荺HM$I#hrOCa]
6a10_ݹ  "   LLLՑ                        LLLՓ2
  !EARTHMOOCTw                  ء%tRH
  "JUPITER ׿                  轻7
