6a10_ݹ  #   LLLՑ                        LLLՓ2
  !EARTHMOOCTw                  ء%tRH
  "JUPITER ׿                  轻7
  #SATURN  $d[\_                  yyy
6b_ݹ  #   
  !ِ   _K]jj   K]
  "ǂZ   5s˥jj   ms˥
  #ƒX<zE$ĔJuP
6bl  #   
  !֐Pi~l]+ba7
  "N2üs|59io{
  #<9a>QDvdfK
6a10aQ  "   LLLՑ                        LLLՓ2
  !EARTHMOOCTw                  ء%tRH
  "JUPITER ׿                  轻7
6baQ  "   
  !,vf\y2Q_|@
  "ľ⑴`Ƚ<rEQH
6b(+  "   
  !Z)[^`
  "QDۍPߑGGb+V<`
6bam0  "   
  !;Mls(
  "|p_ѤՒH[˖<;p
6bJә  "   
  !eG-0Akυzq
  "H6T%L5fQ
6bזF  "   
  !Ou677pb!&nΞ
  "+IW_pR2
6bЩ_^  "   
  !)x&dF̱RBlqg`>Y
  ";a~wɬ;㐹$
6b N+!  "   
  !-^muUBS
  "ƨdaNfXt΍y#
6b4Ŏę  "   
  !b@*!t~aI-<
  "o@*.o!Jvik`
6bHQ  "   
  !.x()'N;?Jn
  "ÁRN;晗ڤ_"ɐj
6b]RI  "   
  !@Ǎ9jsǹ<V2ht@
  ""8S>M)Ȏzu2oM
6bqkR  "   
  !96pEЫţB\Vo(?
  "SM!N%C2$V
6bŅ.  "   
  !.0vyMk
  "ň,!*]|ϴ<ߔx*
6bɚV  "   
  !Rm&帩.!i\
  "y3m-5d@jG[T
6bͮ]{  "   
  !93=̬ػD--t-
  "qΒ?]ọ_6,
6bvB  "   
  !̏qӆclEg&
  "ƌ`ڴqƿϤ Y>
6bZٞ  "   
  !dIj4ȺЛ
  "at' ̸i3g>^ 
6b릥2'  "   
  !=DvϊƁ,G\_|N
  "撃VfRPZv^V
6b򟔸  "   
  !\a%/䶮J&8Fm
  "Ƌyh{G>Zƹpʍz(
6b4^is  "   
  !5e{_oHFӰ-ˁ^LS
  "lP%=;9K$}yG:1
6bHy6  "   
  !؟ҧjblWyn#
  "~7e5##[g6:KB
6b\ܪڙ  "   
  !;KgfCX5kV1c\{`J
  "ńpӣh.l=BH
6bqb_[  "   
  !iD81G2ۖ>y]
  "-!ck0^jI؋G
6b򅮃d  "   
  !1 cD9Ե=)usa
  "%PyE!V'_}C,|
6bug  "   
  !%5d4"o6w)lnC
  "zBuշ0S
6bf}&*  "   
  !4%^B͎^=
  "w&9~l%GސvqՍ
6b²{߶Ι  "   
  !V~ӟV0>ْ3Q5;E
  "ƨњGwumӍ'Go
6bSŚ  "   
  !#t&o[f~?F8
  "G@B.sh`/kս
6b痁ؚ  "   
  !<Nٴғt{p:XF
  "2$5#/<*fp~
6bcE:p  "   
  !鏦/n҈޸])Wj,@
  "ECFؐ%:3ך
6bӀ  "   
  !nk݋c6֯F^ق!M
  "c<Mw撐vEܼ
6b:涶  "   
  !MZNzJg;~B
  "U۰y8]!B֘ࠠ
6b/j>ƚ  "   
  !EMö#ߊc0i
  "ĹH`:}H
6bͦך  "   
  !+-<>6Ljm4
  "5="joc˦kGߤO
6bmkQ.  "   
  !#z+٠G79plPTZջz
  "zsG1,z]t덌;{T0
6b~  "   
  !,ɐik4ZXeer+
  "d"!coi_k
6bD~7'  "   
  !DH$Аˡ0y
  "S挌E^꾨{
6bU}:  "   
  !XyG $
  "ƚ펣eХ#*a)u
6b}d՚  "   
  !e2䕀kVnǮ+cT`
  "C!X=HG4]E}oylQ
6bw}g  "   
  !vZ\<^ѳDxx
  ":X8QM\,=
6b?|T  "   
  !5@UӴ}z擌صN
  "ų ^'g1%vnp=Ƌ>u
6bN|N'  "   
  !rH(G#N@#{,N
  "9ZH^:ꓤcӖI9O+
6b{{E9  "   
  !&[Jb6$Opt
  " ՐaWΰ~W-
6b&){5H  "   
  !m]C`-v`X ؏&ke<
  "̔d[67tJ1ĐTf;
6bz5W  "   
  !Z1![ 렲pLM\Yi
  " %~ݩU萲
6bez  "   
  !ڞMt,dä2+QOD&
  "Ƥ .*]j k
6bXze{&  "   
  !7ST9BD:ϼ
  "9&C+.Zӭo slYh
6by5  "   
  !N˯Jq!92q9
  "¿/b񕴆N^71@X
6b0OyLkG  "   
  !'H֑0ѭyJ.**
  "a1q1Źj42
6bxZ  "   
  !c<>ƫ1)Qr()=
  "wC3}LKziG
6bx3[h  "   
  !Ќ@7"ݸLU
  "Q)c#PqVu%
6bc9ww  "   
  !FtyZF<Hk:"s
  "2m[BǝIr
6bwߡ7  "   
  !U_'D+ 1L/`
  " 9^n1=>[-\
6b:uwc)F  "   
  !wB$ٵsӆC
  "cb5Qp#T4w
6b#vƑU  "   
  ! c,F-MCLZ
  "¹R]s!iwT``k
6bvIh  "   
  !яCȯzn[{
  "@ÆJ.߂=S;
6bm_uw  "   
  !30va/$4k
  "Ƥ#WQ\I%3,+&
6bu0鉚  "   
  !jhf ]| 1
  " #?p<pW|ayb+
6bDtq  "   
  !#<Wֱоsf(tq
  "đI)GbLܛVj4
6bItOT  "   
  !&ǶQޏյZu(פ
  "&ˍzpnnMY?ڢ
6bt`g  "   
  !h,FFF˛uT}T
  "P]oasIXn
6bws?v  "   
  !4ʨlt4dƲ:În-
  "ŶTDI/cU2v
6b3sG  "   
  !P)Ӹ.(cKj
  "4ݍ@А2UP1
6bNr/  "   
  !֍~ 5J|eȴX014
  "꒑~aZtr,}t2l
6bor.  "   
  !ￍ״ -I
  "ƚʔh)ʍģ!_y@
6b%q  "   
  !?WZB$?`9B=}U
  "D%t.(ȯE#"l~
6bqu  "   
  !щ,"J.ijY~l7kj
  "ka*]u81XO
6bYq^e  "   
  !Ҡђ-ѺzAׅi)5;
  "x ۸}Uv5R
6bXp͖  "   
  !pSd_e剚,+
  "1XR+LD0];JS
6bpEU  "   
  !,1T/IG*
  "ľV6+k#v^
6b0Co  "   
  !&tXjʇr:
  "Qu!{HJ
6bo,Eƚ  "   
  !,#וCΠ_bץv
  "e1*m0ĤُB3
6bnٚ  "   
  !ˑ=IP-+s85w̲`
  "EzՏEªX&R'
6bc-n؋  "   
  !!4Muw)>iыhA
  "+#;"Lȑ=a*
6bn[  "   
  !ho})αTtŵ
  "ʦ7001b`:bC>
6b:im{  "   
  !ɒ.2FrܡmaMF
  "ƨּwŰvx0c,JK
6bmBƚ  "   
  !ǿە1g4RDQx+q
  "p*W<ŪU}FSy
6blk՚  "   
  !uCUؐM5ҏC,{
  "À1gsMf׳v
6bmSl)  "   
  !" /I093C49ւx
  "%7;6^)Y@=
6bk[  "   
  !zi?4A#wW
  "#Bq\W?~Lo
6bDk9  "   
  !ݐ43l41Bmiή
  "Ň1_}{^j
6b=kYŚ  "   
  !E &g?`N>KM`I
  "yxPm\yAPX2VB
6bj)Ԛ  "   
  !:5N9cȌCV9w1
  "qb_ӽ}R^=%%XW
6bwyj@  "   
  !`KM]=d2ќH
  "ƌfrCƿ"-
6b'i  "   
  !^bBB}X̷;.
  "?WI.C=6Q'km5
6bNi'$  "   
  !Je~pٶ5<Q_0
  "n(,pu{4?HU
6bch6  "   
  !/uͣ9ty$<
  "ƌA+<Fƿ.z6,I
6b%hӚ  "   
  !s-nN%g?@|
  "l7%KpNxW<2k
6bhWO  "   
  !<p}񞑻Qj<=
  "~(3EtXhWgpt
6bMg  "   
  !·$W-3lL䟦
  "ńꍋB7-2iA%aK!
6bXg>@'  "   
  !y`k"|'z~ebd
  "H,ym%s0uƣ]
6bf6  "   
  !uIĖRԒ{&R`@
  "$6v^E\pt
6b07f%0E  "   
  !P; !Ӳ GW?
  "ÁF^C.#h޷║6za_
6beW  "   
  !yꎏwA'w7Яꕠ
  "px>vL{w2
6bseu  "   
  !ż.znנ5Z{§f8 
  "ƨb߇՜rw܎;-mj
6bc!eT"  "   
  !cvNe[b ȔW^_@
  "ĮY<{k8~y0
6bdf5  "   
  !c$\sTAJʒW
  "1dsw߃^+F,g؉
6b:]d;D  "   
  !!PF5rr:Ǥ%G:Q
  "E$4涝'͏inAܺ@
6bcVV  "   
  !(;$dK=nKBNqusϿ
  "9U[Mjd~
6b\s#H  "   
  !&=FLf"ey
  "k0ePPA鱒e%~i
