6a10_ݹ  #   LLLՑ                        LLLՓ2
  !EARTHMOOCTw                  ء%tRH
  "JUPITER ׿                  轻7
  #SATURN  $d[\_                  yyy
6b_ݹ  #   
  !ِ   _K]jj   K]
  "ď6   5s˥jj   ms˥
  #ƒX<zE$ĔJuP
6bl  #   
  !ܲ6Sw/Z0nܧ
  "rMd#GnMm
  #ʼz/>\\yw`
6baQ  #   
  !Ӫ֐f݊FN9r4Fx
  "Ă?ԹGDvjuhM<q
  #^xçW1,>
6b(+  #   
  !gː>lN}%jOro_
  "8@/ݏ腳u&]]3
  #;bYl˸ے,H8ڰ
6bam0  #   
  !]d=dq7s!Ax#{
  "j1NNBMICiOd
  #ʻ-ˑQ@I"Sجz
6bJә  #   
  !˅lvzHk"LE
  "<̎Gsԏiι%B
  #1Jvf_֎
6bזF  #   
  !ڑR;Q#zo[f=
  "Mj[`يk]Ի1&
  #̞~=*"]^8zN"
6bЩ_^  #   
  !ߢ)zw!ab
  "ć#ѴYݷ"i͑!Ƹ
  #2Wbc0~e*i!g
6b N+!  #   
  !s1H|B⸐Ttp9\
  "ĭ񎟚ܴj珶F@^TrYb
  #9.[Wg.i^)ˀ
6b4Ŏę  #   
  !䁏9_cv|B~JL
  "E^ɐ0h*%B3M&
  #ʡNQ'k8P7FM`
6bHQ  #   
  !'rRkNQ6
  "&ʐZk?WпC|
  #EƖ=n7poW߻<| 
6b]RI  #   
  !ߓjʸclӵz~MĤͅ]
  "K?'m`'r
  #h|dfuG6YJQ
6bqkR  #   
  !ҝwg[iD͒6AnَմF|RM
  "Ęi;AaqzF
  #$-1+iޓgc
6bŅ.  #   
  !S(D\Ʊ0=Tbs
  "с&@Wж}sw쨉
  #ʒdnK[˦ t
6bɚV  #   
  !XS&V$s%,)
  "l4AmW^vʹﾚ?ⴁ
  #˚<؏I}ݑH$H
6bͮ]{  #   
  !ː~>"Ő/--Ύ
  "؝؂ڸS49j%3ar
  #ϒPNNG?|.aJ
6bvB  #   
  !D|g\
  "_j5|8H'^z
  #ʍQ XoJLqU'n
6bZٞ  #   
  !^돏[^u6Y[
  "ye{uk䵎:tVc
  #3=!/䎉2̝
6b릥2'  #   
  !:E77,G-poK
  "g3i!Yɟ
  #ꧏ,Lu`{aa;Od
6b򟔸  #   
  !Z4P%Ny|arG::
  "b;ȎK"8q2l)w
  #*C3|5>(ɽ
6b4^is  #   
  !U䏋Oѵl:Ga
  "Dibg),QPه`U
  #T6$xgJqc[A]U
6bHy6  #   
  !P|Y6k;eӂGz
  "x 01XL*Ơ
  #s̎B]@̭-j@yka
6b\ܪڙ  #   
  !NXvtõ72-(hb
  "3-٩f!<
  #>*n6 Bq-Y8M
6bqb_[  #   
  !xMR2x$پFH
  "đTҐ>T<Дm0D|
  #̲dol^IeN:
6b򅮃d  #   
  !e<~A%zD`]
  ")0zуûl6
  #9hžE\ZZS6wt
6bug  #   
  !۠#k;µ$$ސј9u
  "ďOY;6r:VyT
  #6CfuRҠPe?
6bf}&*  #   
  !`1Oon1JS񏐀
  "ĦɿynӶ:Y]9@c
  ##ps,!3$ɊvKh@
6b²{߶Ι  #   
  !ݙې$FؑRpq{{dO
  "yx/U:,)&
  #Ԡ}Ym.P)b*Nn
6bSŚ  #   
  !֌`mh3R̎!4N
  "jw%W\_<q]1^
  #˱~yɕDώ$"l
6b痁ؚ  #   
  !ܒۑ=.@tmf̎x7a
  "aW˷{%ʩ
  #ʛ<RQ+댳ģee
6bcE:p  #   
  !JpohM.Pt
  "&W¿cP3ר
  #~&hcWf۰k$GꑜR
6bӀ  #   
  !֏"εZ<(0
  "ȱŐ+bT"/򭂚o
  #f婎U]vlXQ27JHY
6b:涶  #   
  !wfRݵ3yV\v
  "Įml%`3UJ8-
  #'S+9M2kɒ:L
6b/j>ƚ  #   
  !J꜁ਵAތx
  "u$-)GE:ԵsАa،~^
  #<kmm05YOFR
6bͦך  #   
  ![^@?HLU
  "PǤiNķӪᏞskp
  #U=Ȃ+턶MQ\U/EJ
6bmkQ.  #   
  !ސ&F43a$۵(JMǢkib
  "N8?*Be@>b{
  #GB#M0I*Cg6
6b~  #   
  ! Oi5CBA
  "ĲЧP$cee9KƮ 
  #Ѓ<bSPQ "Ǎ,)
6bD~7'  #   
  !ܠՆE%m7S)
  "Ŀ"kH'v;5u
  #9iZbo HpW/y{}
6bU}:  #   
  !QsT^ϐlp҈;
  "X<&tq{`K4x$
  #jף{l3ǍR0~M
6b}d՚  #   
  !ۯW{"vԑmij`ۮk
  "Qב:Uo݌x7J%D5l
  #%)6r%~)J.E@q
6bw}g  #   
  !ݒa`N\<qF0Yc=
  "-돝gY_󀪎ݚJ
  #͎fLA*p'#*
6b?|T  #   
  !⣩>%޵0H^"
  "Hň A}f
  #ɭIxu_NG9
6bN|N'  #   
  !ͧʐ|]+:j5t
  "ĽA䑑w9}xq
  #wÏe^px<Ո~du"i 
6b{{E9  #   
  !AɏܒDF)l:tX
  "jo %E/fI"7j|o
  #XZVoѹt:&L-
6b&){5H  #   
  !a6]Y<4K\.P
  "ă䰑sH-1K+iNX
  #m$~s"فgXRu&
6bz5W  #   
  !Adw.Ne
  "ӏN>߈` n
  #XORˑ
6bez  #   
  !JdAAҵ: -y2D
  "ģDЏfy܁ؚ>kj4
  #̏Ź(ֳ")һvlsY$e
6bXze{&  #   
  !"zTɫk1HYPɼD
  "ğD:@b-WSbP*
  #̸Cj%bAkiz\6{c׊
6by5  #   
  !(RW=dlbpOeX(yy9
  "˦&ؒhm2+mD薀X
  #K$밫P*ք
6b0OyLkG  #   
  !w;2\ޏk
  "/6E7v+6ŏ)d^)
  #R&n&a6-^?
6bxZ  #   
  !ńȿf|^v:8l
  "ɏkuò|ܤVX
  #ѹ{0~G<#滵ۣ
6bx3[h  #   
  !V%rW̎pY6
  "3~*+o۶?W3ˬ
  #CK`eu'l^/?ҋ
6bc9ww  #   
  !`ow/ޫ%lQgX
  " ϐc5md)[mp_
  #88.&6^벍˒=p9Y
6bwߡ7  #   
  !%.:CW9'JC4l
  "2(7֏;:V
  #x-^\D"X!
6b:uwc)F  #   
  !jՎi;Oc~7NlEM
  "%7Xݜe0A+
  #Hwa2ۃ'r8r{洞
6b#vƑU  #   
  !?1鏵1,
  "]ϻp8ݎ [d
  #̄uDQҼPa.\)H
6bvIh  #   
  !g[/rYXȪŵ
  "vZ܏n:nF{zu&}ȣ
  #?I4g!h0&X?f
6bm_uw  #   
  !۲.JuJij\v
  ""BAUpA(F-(
  #̺юN:+':rss
6bu0鉚  #   
  !܄Ӑ.!#l\BZ*#
  "}pDTTRFݾY
  #B⧎Nyed.Ʒ"
6bDtq  #   
  !BT1~Pۑx1[
  "]!B]#"+}[M
  #&{jŽntt]
6bItOT  #   
  !ߣ?evׇʵz{Xf`
  "~pvB*d֮գ
  #ʉpЮ8jx˱fm
6bt`g  #   
  !a"udŤA
  "|t·4x?
  #MaeJúZُ+7ǐ;'
6bws?v  #   
  !,[e$Ώ(x
  "8;rD!1S粈{
  #̍][)5åw\z~oO\
6b3sG  #   
  !fH=8<cou7
  "č]I:TTLL*
  #z4qztJ),_ұXH8
6bNr/  #   
  !+Ml!gx(IKL
  "ȵ[Q;#M-ItR
  #ƍz0(-U*|1
6bor.  #   
  !&>}v:f,a$
  "!a_`Q9c#{
  #@:\7DK>,Qo2
6b%q  #   
  !=$ỤZ%I@w}
  "qӎ?Vcr+)e
  #3pWH|PZdgU!A
6bqu  #   
  !eWjcSgbC^1f<
  "o;J$v94M<L+
  #ɞ%0G**"mIv
6bYq^e  #   
  !cǰWyյpRa
  "H=ޏrBpƪ=
  #Dh(bY/R\,
6bXp͖  #   
  !ݑ[&0!5Kkg)
  "ȇDGҍ#9t)͛
  #ʔ@vJI"5@X+
6bpEU  #   
  !<ＵJ?L
  "ĺ$D\*bJҎ'$=
  #ʚA?dWʎu8d
6b0Co  #   
  !լjQ֎WwVވ
  ".22{yXDL{$
  #@Aʍ}f(*e\>
6bo,Eƚ  #   
  !˪*$g#'.0#;
  "ĔuW*TCȵՐ\{X1
  #\n== M;GPGӐt
6bnٚ  #   
  !{|nxǵ My
  "ĉ'Ïd,ܵ^dom3
  #[WѬ?uLBY&
6bc-n؋  #   
  !SޥJsoo7vA
  ",%K8(]36
  #/$dACvJ|
6bn[  #   
  !( Q"m?A4Z~>w
  "<Dcz{HXXzQX
  #٦o+>M1B'.,uÛ
6b:im{  #   
  !_-pUTʨ2h
  "Ġ(ʐ0{>w!PD>
  #>?3q\аԼ몍0Fy#^
6bmBƚ  #   
  !ۦ᎘tyAi\=
  "]'6eO,ߍ
  #˦\{F9IØv
6blk՚  #   
  !7pcPٵxx4
  "ĳ*]*Mf޶b~0"z
  #̦h2@*M6!Q=S
6bmSl)  #   
  !sߟa@$k7h
  "r[J4VѰ*_
  #L՘[Gg0r;
6bk[  #   
  !י}y95ExJq=g
  "a_tT/Y"1)Xyr
  # ڍu0Z~iÒ\Y{]
6bDk9  #   
  !CP8gȋMH,[
  "Ŀ+ZN}0mswȏd*gI
  #R<jLCuV:i#_Q|͢
6b=kYŚ  #   
  !AL$K=2$r
  "Qp.~}7
  #e0qq[,ͣO
6bj)Ԛ  #   
  !(c,յ1ifܸX
  "ݑAV9@;.0Hq
  #u㑉#ZD88ԟ09
6bwyj@  #   
  !ܺCCb|z\xn2奆ybS
  "ڶِ|S):ƥI
  #.I:K<1qU
6b'i  #   
  !ԁ:)lS1I##*%
  "0J"~HȪ1e
  #̎Js:կ
6bNi'$  #   
  !ߠ~Fb,0<z@)cH
  "\*~*ûŔb$
  #ن۠ͫ{:1
6bch6  #   
  !g0Flw)m;g
  ";]ִXfvﱂƷ
  #͑Eħ5II+=w
6b%hӚ  #   
  !Jǿ#zCKl0J
  "ĉ̈́PndqGvS
  #,{z;~2M,
6bhWO  #   
  !ѝNꗙd==}RυI
  "/xqe[1+=
  #ʑtG.6+aȲ+Ekp`ռ
6bMg  #   
  !G:fIo$ŵ0,
  "ę|Q5plg,!ˌ)
  #<l1LeQFI0eڞ[<
6bXg>@'  #   
  !7쐼NF@B䎾)`~fE
  "ĝ.\ٶH\ϓ
  # ǡx͡q1\5C'
6bf6  #   
  !hz&H0RVp
  "Ƙ8cñ󞊐}/yl
  #"G>a*%
6b07f%0E  #   
  !巏&u)46.k8
  "/`J?/ѐ#{qѥhj
  #Ubq}גIAEa
6beW  #   
  !?&mKiɌ'D
  "sKuM%П;|
  #ك\̅kꄼK9ꍝg]
6bseu  #   
  !՘Ď6ˑN]L;
  "ělmݵLِyѺ7
  #_.ƥReݍB/
6bc!eT"  #   
  !ަeb"ƵvsFʙ;
  ">^)fn%CbꌑpQ((R
  #&Ime0A}Y摙K|v:
6bdf5  #   
  !4k9)n(qf
  "תLF1I;dՎ/Ps
  #ɬ[;`^ǐǷyT
6b:]d;D  #   
  !vCp$3/X!IO
  "ġζYa>9[г
  #6ߑWѣɏ&
6bcVV  #   
  !qYF\4Cص3ej!0
  "Rh6V#6\;\
  #ycꅎCW
6b\s#H  #   
  ! }8)_5B뾵Ci@m6
  "𑈇e$ 5pV\p
  #{ɏZ6#发k
