6a10_ݹ  "   LLLՑ                        LLLՓ2
  !EARTHMOOCTw                  ء%tRH
  "JUPITER ׿                  轻7
6b_ݹ  "   
  !ِ   _K]jj   K]
  "Fj   5s˥jj   ms˥
6bl  "   
  !Ԛ   qblڐ   K
  "F4N   ӵiE}   
6baQ  "   
  !M}   ܿܪkI   44
  "Fjp   Ekw2   }n
6b(+  "   
  !i)   ;f%   sd
  "F,   㪵j_   z
6bam0  "   
  !h;   ~ܵpφ   
  "Fm   V0\jo   NG
6bJә  "   
  !Y   U䤵h   U
  "F42   ⷗iI   &❑
6bזF  "   
  !)   cjB   Sd
  "Fh'   g#˵kv   #
6bЩ_^  "   
  !ܐ   Zp(k䥐   â
  "F2   E:jE   7Ej
6b N+!  "   
  !ܧ   (i   ъ
  "FfN   wf8j~ݐ   fr
6b4Ŏę  "   
  !ǐ   Pdm!(   0RN
  "F>t   Եi   G|
6bHQ  "   
  !]ې   6;ks   n+
  "FZ   sʵkSĐ   F
6b]RI  "   
  !Wi   z!1f:   "8
  "FA    ju   Xag
6bqkR  "   
  !CԐ   ɷYov   a
  "FU(   )j*   дl
6bŅ.  "   
  !G   µj%   Ok"
  "FP&   0cQi   h#q
6bɚV  "   
  !C   VY͍h   Y[
  "FG   Cjΐ   $
6bͮ]{  "   
  !ܾ֐    )m;p   !
  "FT   A9K[kH   y9.r
6bvB  "   
  !   y5i5E   +`
  "FCܐ   YMi   Z7y
6bZٞ  "   
  !ܼ   2=Tm   j
  "Fa   Q{ӵj\   {
6b릥2'  "   
  !܉=   uz?l&@   
  "F6   djw   "d
6b򟔸  "   
  !f6   _bg1;   `
  "Fd0   bĵk<   \
6b4^is  "   
  !j   'On#l   K( >
  "F5   ڧic   2]
6bHy6  "   
  !ܑא   Qө޵lԲ   
  "Fl   rjjɐ   GE
6b\ܪڙ  "   
  !o   -ڵgJ5   Ș0O
  "F-   ?j.   B-
6bqb_[  "   
  !]   ^_nBG   '_
  "Fk'   ,:k}   ,M
6b򅮃d  "   
  !   .)]h~   f(6K
  "F38   MiHb   SM5
6bug  "   
  !ܓD   q//Xl#   0
  "Fmy   6)ja   63
6bf}&*  "   
  !܀Ő   ߵk   ٔt
  "F06   ,Xwjf   dXVh
6b²{߶Ι  "   
  !ۃ   xh&   F
  "Fe   ykgҐ   y>
6bSŚ  "   
  !ĭ   MfB|lg   f}>
  "F:   <xidc   tck
6b痁ؚ  "   
  ![   2Ln   1N4
  "Fa   F]j   U
6bcE:p  "   
  !>2   և޵eː   "֙"
  "F<?   Lj/jP   7
6bӀ  "   
  !   )/o(s   a
  "FW   %cj:   iW
6b:涶  "   
  !'w   l,i(ݐ   s{
  "FK   ]2i   
6b/j>ƚ  "   
  !s   mѠlW   n|
  "FP   )jGq   .)
6bͦך  "   
  !qQ   8zsjF   B7
  "FOA   nKk]ې   K
6bmkQ.  "   
  !۴   H(Sik   }v
  "FD   lj   >l
6b~  "   
  !ܖ   [j   
  "F]   ~ԍi   
6bD~7'  "   
  !^   ptos   oW
  "F=Ɛ   Mi8   N^
6bU}:  "   
  !   %5.jd   ]5C
  "F_F   Ѥk;   }6
6b}d՚  "   
  !   h;ݶoH   =^o
  "F5N   '^jA   _@
6bw}g  "   
  !Hǐ   i:   -}
  "Fl@   FPjN=   4
6b?|T  "   
  !AK   ̙k@   =y
  "F2w   7S9i*   oK
6bN|N'  "   
  !gy   Duݵjn   |u{
  "Fi>   >ak٪   >
6b{{E9  "   
  !   =Q9j֩   =-
  "F/   H`^i뷐   `x
6b&){5H  "   
  !g[   Z&i   l
  "Fo   'jZ~   
6bz5W  "   
  ! T    1o   X
  "F0   XT˵i߸   /
6bez  "   
  !(   cdbf   ~
  "FfT   ьMk   )`
6bXze{&  "   
  !!ʐ   yoÐ   {i0
  "F4   i1iŐ   /
6by5  "   
  !lG   F^i   9ER
  "Fg   j7   97
6b0OyLkG  "   
  !   ?2jI   wc
  "F;7   yеj9   º
6bxZ  "   
  !j   ~LJj   
  "FZ   1Vk   J1M
6bx3[h  "   
  !Ny   |Hl7>   {
  "FC   S\j;   Sv
6bc9ww  "   
  !8   @{̵h˳   TA8
  "FX0   "ti$   Ztʤ
6bwߡ7  "   
  !1%   _Noѵo   ME
  "FLx   ^j   ^g
6b:uwc)F  "   
  !E   JԵdϐ   *
  "FGg   3VǵkC   k
6b#vƑU  "   
  !Ȑ   ܸFoaN   4$
  "FV|   j   㡀
6bvIh  "   
  !ܒŐ   ;jߐ   s1u
  "FDڐ   C<i   {cj
6bm_uw  "   
  !۳   zKKin   J,
  "F]ΐ   bj   #
6bu0鉚  "   
  !u   Lk-   q
  "F7H   T%1jɐ   %]
6bDtq  "   
  !zc   ,wl@   O 
  "Fg$   G<3je   $G4
6bItOT  "   
  !Ȑ   Z9gq   :x
  "F7A   e/ߙiH   /
6bt`g  "   
  !$   zoZl   ыm3
  "Fi   QڵkY   5Q
6bws?v  "   
  !H   RMe   0R
  "F-R   ur2jS   rZ
6b3sG  "   
  !ِ   6unS   nƫ
  "Fm   {Dj   E
6bNr/  "   
  !   uzlI]   ª=
  "F2   .i>ސ   
6bor.  "   
  !ێn   +h^   쉇J
  "Fj'   3kw   U*
6b%q  "   
  !}   M^k   KOQ
  "F/   ߵjݐ   я
6bqu  "   
  !ܪ   V[Xεm   Y
  "Fi   .j   fe
6bYq^e  "   
  !   shA$   !(G
  "F:   #`ig   #w
6bXp͖  "   
  !ǐ   ʉn   +Ɇ
  "F`&   ?DykUI   wDE
6bpEU  "   
  !ہ   2,gMƐ   jH
  "F;   f"j   f^
6b0Co  "   
  !܁ϐ   qUl   VXV
  "F[G   OUyjL   
6bo,Eƚ  "   
  !I   !Sn&   !9
  "FI   ǩ'i   F
6bnٚ  "   
  !t   Ɉ,gy   FL2
  "FN<   _'ujA   Ez
6bc-n؋  "   
  !X   Q5j乐   1
  "FN   شC7k?B   0"-
6bn[  "   
  !ܾ   ?/m   Ș
  "FH֐   pȻi_   *
6b:im{  "   
  !G   _05i)R   '`5i
  "F\   j53   @A
6bmBƚ  "   
  !:   .(eݵmdT   f'8
  "F<9   7\jL   7ȑ
6blk՚  "   
  !ۿА   lϧhɢ   ϱ{
  "F_   Ykw   QY:
6bmSl)  "   
  !>   /j   Bw
  "F9g   zWiyՐ   z޵
6bk[  "   
  !N   _ob   B_
  "Fi   )j   am1
6bDk9  "   
  !x   MjTԵg_   h
  "F/L   z.j]   څ{
6b=kYŚ  "   
  !H<   +oj@   -
  "Fi   :;|k   rC6
6bj)Ԛ  "   
  !Ѷ   amc3   "ij
  "F2x   Ȁ9iT   ȓ
6bwyj@  "   
  !Ґ   )j%?   a8
  "Fn   Jcj   ʟ
6b'i  "   
  !܋   hf'_kO   e
  "F.S   +|wj9   +c
6bNi'$  "   
  !$Ȑ   .wqj   .m9
  "Fh   [Lck~Z   Lo
6bch6  "   
  !/   h3   =>
  "F6   n%iXy   +nth
6b%hӚ  "   
  !l4   Hpc   kp
  "FfÐ   lW@j   WJ
6bhWO  "   
  !i   >f   w
  "F7   yKjĵ   <x
6bMg  "   
  !<А   ik-:   lCP
  "F\G   |k<   V
6bXg>@'  "   
  !噐   %7jhlI   ]5
  "FE^   Ais   L!x
6bf6  "   
  !l   cj   ]
  "FV   bjZې   
6b07f%0E  "   
  !Gc   =jN   ڤ=(
  "FHϐ   $)(k>   \о
6beW  "   
  !si   mQlvÐ   9lU
  "FK~   ?jJ   ?\
6bseu  "   
  !ۿ   Dteg   |tb
  "FX   6)ġi(   n)
6bc!eT"  "   
  !jސ   =Pp   =+
  "FC   Jjic   Jx
6bdf5  "   
  !i[   祮f~   :4
  "FZ   FlkV   ~li
6b:]d;D  "   
  !:ސ    kq   Xf
  "F9i   gj\ސ   t
6bcVV  "   
  !   _uutl   t
  "Fh&   Vnŵj=   U
6b\s#H  "   
  !ܙ   WMlm)   
  "Fj   omkkݐ   y
