6a10_ݹ  #   LLLՑ                        LLLՓ2
  !EARTHMOOCTw                  ء%tRH
  "JUPITER ׿                  轻7
  #SATURN  $d[\_                  yyy
6bcE?  "  #JG|񑻎[5\ʑ25U>o(6;u[s1
6b  "  #f{P98螐9D;͐J>:n'/?ߺ"JK
6b8na  "  #U&sm{Sh,UJHW%ITNP^=SqZT5N
6bó&ݗ  "  #`^6-mA|s؜#'Acmֹ1oY훓"ug-+B
6bMhs  "  #ԿllCnM`w~U*NKavWG{dO=9
6bŶ8I  "  #VMwt_iɕaO[_8=JݟW*;PK^>
6bcį  "  ##@wze˭.{N搔<W)9#[)!ё/+BfW
6bƄ,KΗ  "  #lk#^Q:۲b#~"]$o'Îr:1/T͖nW
6by*0t֗  "  #%[ǐzv퐵PC"vJVl.6B9͆Q#ֈ~4kA~d
6be+va  "  #_]בf5ҏ6ZxTJ(`,wB42f\v ԏ69v
6b><؁X  "  #l\E┶Mz3Ze|lFK{KY.#풚%|n6'
6bD'  "  #5ٰ+FďYE{J!yrüsVvRAK4&
6bJ{LI  "  #r惀O6;\t۽I*]^uWǝZ/ّ:ۇ۝
6bˁ59  "  #g|y"moR+i1q~@ jjt|tM.7
6b73dӗ  "  #H&ؑ[ʎtxw¢y%ӗE×sEVΈvV맚a:LL
6bЛl(v  "  #Fn&@}JݲϺ. X\<В72cX[êcԌ{2z
6bh5Aח  "  #HOlx[dߎ4Agŷ${#fM@GMIͳ#
6bh65  "  #H*cYH玆"~ՋnF ,eNh?2ߏFc$Mv
6bkޚۗ  "  #b^~ϾR&,2m3ġSN<}()}
6btM7  "  #hv+#COx'E+1,2됾׳"㯚3ܝ6h8-
6b}x>nP  "  #~뽑GYϥ#S̒Mo6($ zit$M[Í18g!P
6b}x;  "  #~zcw$%טϞCYQmJ6厥z?XT#8Ę7
6b KQ.  "  #F'4sc#<Jsc۳&+˟:oݏ7պK6ʎ :
6b؁vF  "  #鯄"AOm{|]4A)ھ'^?bޜOqB
6bIJ  "  #xR7te3Vx]8V"Zzl Obk*\Vum
6bIh!  "  #x^"vv;}t"IPVW\Ob[[[ƐfWK@:
6b  "  #zѵKZkm1uؑY.f@jJ<5]nz%X@
6bMH  "  #\̸N萵B@<+X,_ZU#%x݄xXZeT
6bK9=i  "  #^ۿq&rZ.NTȗRwg3iZWT.Quki_g
6bg!U  "  #.N8P#Aɏ%T$챜8Ŏyӄ<V<|aߓSQXfsHB͠#
6b2>)Y  "  #Gou.M#Ӑ]AxDꎙPu肷뒃AHƒKviD
6bk*-  "  #۶0)]Qm@h؆Ay W49O*!Ȑrx
6b􋦘  "  #7<`ߐ-fCݨO.ܩqRЕcUÇ2HPhd
6b<ǘ  "  #njODˏBϚxC,'<wA=4\Bq󧊰\0n
6b8  "  #pp2ڐ^cHD+t0DnE^W2_qɳ˦C]^
6b!u  "  #VȅΰNF~L"Ɖ.N娠ᣂyqgٌȾ6nB
6bZ/6  "  #1ՐԨ3q`3wA9JQvsms3-}]woΉ;".s
6bV6Ar  "  #ct"2Mf ٠[yTÌb~B{}))!6
6b  "  #.GjY菏kF]ʩ*pT7N9p7}B!O/[}
6bŕu  "  #/$꼮'[xީn01ÇX_#}RՌe̩3,
6b#x৘  "  #,>Bbnb($?@tb[o~JHwL6vģ@UׂUf74BaQ
6b"  "  #D}P(|KkG(2&\z'T֗FN:)6ŭM
6bu(:И  "  #\@┑4@:>[EE9cO<zrPeF72Fg,5
6b@)  "  #5Ni#ܑA$ֈ>Bď=+ň\\3؇o?܎%i
6b\$   "  #:)0WԐ64􊢷֡BSMZoV&zA5>XJEWU
6bWS}  "  #`0c0m9wHC|1s "HxTΊIXgES)
6b@.咘  "  #?B,V!ח]C"̱kM/Ku#2]%"xNϻٍT
6b'Ⱥ  "  #_ó?FOJ㹻Şƍtcuj=(O_
6b]ʝ  "  #VߑYgW'^ܵ6bnoIf6@摪kf
6bSzm!H  "  ##qīC˕v|hYBk'W0|w璦F{
6b-J  "  #jer!EQ՘;<nR@gw8QӈbE\>(
6bQ2)I  "  #O◑N_Ҏ'PAd XRt܁lb݃bw͎
6bE:'Ę  "  #]ՑźQ"3]uMEߏVڞЫŕtȯW
6bp\Jѹ  "  #)ehūHv"jxm5hu%F|([p^R%)^
6bʸ;I  "  #0g1[q7ijƎHvX{L íҖE|j`
6b<  "  #*Oa𴖎e!J<%hɎH( `[aA>G5-iJa
6bf!eȘ  "  #yr nUu^ M:]3om鲐z|h@FՖ֪$m5,*
6b'ј  "  #B<*gҎ^Ny`n6|jhxX~he⑐uN3[
6b+-F  "  #3E4TqDQ0NQw٠mp銣46pHG
6b=6[  "  #5W1!=JQ2S9xTyoNB]EbL0v*
6bcã  "  #'}"#&"P2fP}z3e|oC4`wF ˏe _?
6byJn  "  #X)wPGRˣ+d}BliȐaܔiaulX
6bߠ$d  "  #d6߽e8qҲ饡fY\yTmܲ-`a)f4
6b`I  "  #8bؑtȝH+GMJ\Rf%UˎWˢt%
6bꏙ  "  #$;ruG5|W葸pbCJdR{QΓZ{X
6bZ>?l  "  #}Du>+ŷw}<ƮA7%/ג=K#,N!
6bt[z  "  #G3ZŜ+Al-qpTMεm\y؍O4Kg
6b&  "  #78U!˛厼O#L&fpF"/ qx~Ǎ-?3
6b+\sۘ  "  #"ꓝ_Ŋǎv1Ǘ㒒WǋȤ6P|G"/
6bXX  "  #Cy_ʫąNd#[7af1X/*fKñ`Ja7$-r
6b7s  "  #'5M%ňE<H8<̒GUxPC:W:s=,
6b${  "  #][\[=|M+<axǅ/56˹ߓ2n>i
6bm%5P  "  #5v<Hˏ,,-܋<EP=Y[;KіrGƶ
6bﱄ7  "  #y]i4|Ie85;Z7Uǃ``J/kDƿSMs
6b _Ͼ  "  #YGFYWqE׭[`$CGt^a{%6"h
6bj<  "  #ڗ2T&(-WIZO((c꽅*yYk6 p*|&3V
6bP  "  #;jM;Lzv5xc//d䊉ޅnyv&,CC
6b!<b  "  #/]k&ûUګ`6d.Ņ^9kµΗM{l(=
6b![/̘  "  #c{zb]3Q|;x}6*&NF̊iݸ'xy0Zi
6b  "  #"RC␾>N@An33Nq&D9b?I6+Cώ{*~є3R
6bQҘ  "  #"T'Kf9?.{Ƚ9.@q+Y.oI3
6bK  "  #4CG%=ygҏ|#A.ę~ew/n@o4B5-Z]
6b^O!(  "  #wwnLZGV!shL ,ٱ)!8tF%~Y2;)
6bsߗt>  "  #ƌom3DiѶpA,ߐUkvcO]y9I
6bsߜVݘ  "  #ƌq9폟^ֹ9ݛXAy7X˾ՑFաWT9Nt
6b{/!  "  #]"G돵d/n653!A],Sۊ=a*jh92_
6b8"  "  #1?:\I8hXٷCG)0D>ѾSIɠ2PŷGPA 
6b9  "  #"Mve0۱AK5#Iwu췑卲Dx7M}vd-
6bi*  "  #\Đs6#Wb˽`O>2(03֐ֿ:6EPb`7
6bx  "  #'̐\5]8:mҒ>KF1nث@R'sJӥPY?8O
6bĂCN  "  #Z6ƽ%OLkfB*'Vd"㗓ƺV1y~X2 J)|
6bbUǞ#  "  #KBLG1"Bp~nP*>LeMB5Yɔʢ}S
6bl{b2Ҙ  "  #NLjƙWȏ%'犑Mtƙ$$EpZ2^ݚ.Ru
6bWV  "  #\e9C叾A9׈Ua?B-{ѕ,׾_I5j
6bRߘ  "  #Z՚8pǏpB(ؽ?a}~Ƃ/#<^~CF2
6bR;  "  #`4͢ocإ.*aƂ<_NYT#Q0vɺI-
6b=JпҘ  "  #G'+ڏ5:'ń^0*#Ul}.k>3
6b;uf  "  #Y0Mk#2s`*{CƜ`<Q/ԓ#݌6|
6b)GD$  "  #2J*ށeϹ[j֬E2B˄n`^C3V+Gc
6b5?  "  #N:خC"7㎢/ڎT$/WSZйl7
6b9XŘ  "  #"}eeV#CM E4]KSVd*,Tw
6b:wBk  "  #=ِrUw,ֺՇI-']-ERl0ÌTb
6bAM`ؘ  "  #>Kj[v=ѬT0HQe9>Š|Cqޮr%_"띥
6bK~qJN  "  #:.A͐l'kpՕ=cc6ťh'P!]VWu5h
6bRF$  "  #8>;+GBϚs!@LA%쫏+j=OgM
6bS%,E  "  #ן5xGL2uefV7ݑ&CO<{bms xbJƉ}
6b\R]؈  "  #^|4c=ݏQWw ǒVS8hA:{a.éBK
6b\t  "  #Hu1n_^rzw٪)ɶ00ˬ{Mmn82'ɣr
6bQ  "  #,鍚Z{_Bش?݈v8zvƦk&1vȨaϩ&
6b_eQ  "  #]{͐ƇG{&ϐ5^3?鼟ƨ6~n -xc
6bVDI  "  #磛;3V{ɏwIzTzoBK wr?GS~[_
6b,_  "  #!fN^ÏǾ&UqI5{}<Gȿiؑ_`ԅm=$9ѯ
6b8tL  "  #^Ӯmkސ`S a`̓*-A(74S8SR31TD
6b_NC  "  #i',QhYE?^1TJH askٓwE
6b_>  "  #i]=Q*PԑC1Zِ}W$<޶g*e^gbXf/Z
6b C8(  "  #V9琵ƑvpQgۑBm ǱGQJe}J~O*
6b1p  "  #J2z 3h9ї֒)aΔw'o~`o+b
6b2kKt1  "  #&#~dᑵouGBaUQPzԞŕ5Wm2p4
6b2谘  "  #EGdےNO^zTgxЏ!4F}2ʸ9Q#wJo"2*x;
6ba\J  "  #_ T '7^q@OȒUZ7ZXԷ"a=$z儉V^K
6bk #  "  #xX_@7VN&H^ZK˓{hHU$9Q\m
6bl0  "  #J쎧Hsvftm˿+#wKFQą8eEyԜnaHqI(
6b+~  "  #y鐻/i'N` TAfmVx$SM 
6bڋ  "  #m-䐻ꐃ7uxOTRa󎨷sZu<Ou@ ?
6bCt  "  #) )&X)Q9[NA^T.@f#Y#h#ˣ{Gtl
6bԘ  "  #-}GYyxYnAyZ^qnuXy"ՈJțr֏Vs^
6bs<7  "  #}-׶P*.{o'k=n̵W^޻5n7buH,'
6b =Z  "  #g)ѫ2M:_EYHMX#&Te`M֫hD@
6bɶ˘  "  #~Z]c}De^]C(dTZJȷǻkW^j&p[z_ZZ
6bXrИ  "  #-̉EƔOxx_&2p8kfӷŵu~?K)M*4M
6bGqow  "  #sRŔ&t)C:ۑ6E$$%HTvL܋,i
6bќY  "  #4$´쐶ӌ*}p2(xRh|,!#A0!QcqO\ra
6b 5  "  #w=ްpX\/iM3 _F#{<Hﭱf-.K|f?
6bJ  "  #S?m[+]r9ŒbW#x"#FvW۹+8[Ci[
6b@sL  "  #ä\wtDb%doIQ"[x$C <ȷkY%=
6bF2Y*  "  #%@鐽BjSLȓ%OSm5n4k4"gvzM9|
6b:fy  "  #ݕv{mezAB`L&y6׈171"C9
6b!  "  #rĊxTȐKD̏Mt۸P#fƦ{t(St!y<~}g|<Q
6b!Ҷf7  "  #V8o{@=Pܺyp8HЬ%V_߿}2ur~Dk!*
6b"*f?  "  #Ev*ʳL蓤,tڶe<Fg8}|j{G
6b*tT  "  #8V)jKomXֈĂa3q>;bÜ峐тtZJ5p|
6b/=)M  "  #5o&6=Ug-njbs.ņYЎk16
6b0s)4  "  #CnDS0l.ї9|)d+'5c{ze,z^
6b5s  "  #Ѿ[uA|;*nöTrɓq.{6'ٟ
6b6JڇU<  "  #oxf&Bz_8Mڕ8[ҕsQh`QX=>|^栁{o
6b<RB  "  #GH|1_Ĵ֑P]͌gGT:/1DDHzȇڇÝ~t#z
6bB:xv˘  "  #nAO)ìL#ٕc#e׼ğoi~9Fq
6bB2%#_  "  #%!QPœ1GfAZb`SOmɲQ>4!=gtg
6bI;ÖИ  "  #,S`űBV=2u;m*Z]LWE S(ں:
6bYP+  "  #LԽR60ik߿aJxo#]syJsWC|T
6bZ&d  "  #E0TKlB1*ԘOuhԃڊA&5b@]l<V
6bdu$  "  #H#,*cƑ_K39D$!4{%t-UXKNKqu1
6bjV4VX  "  #Daãd-UӀî?4-ɭu@S"2k
6bjV|  "  #0}HÒUQD :X4"Cz#B}~hc,"v3)Co
6bjB  "  #U'pΉ]Ƅ86Iyv9sjPP2?َ넕cNtmg
6bp[ϱ  "  ##Wsj&ƝGő\@Ɛ wM-Ʃn=T۷2&Bqk
6bprʥi  "  ##XTՂƙn1#/%lƯD B:F[K
6bxSqZ  "  #ݲUT耐?qX7YɆS]iqґ>u;s:
6bzIOS{  "  #XKyVć40lY.s >//2;lfXM":
6bBiu  "  #c$ĦY?*Vͱ~'"e.AݘÞ1_b̖#c7^F
6bh؜  "  #A/^pgx,{٭,\֪)򫋹j)_(
6b5  "  #$剑j'Vޙ˪ca۵+q%&ĎQGĆC/#8Z
6b4lY!  "  #}=c=)5{i*ϐ&Ckk>΄,ϨzA!9
6b.MJs  "  #auekŶ%,7읽HH&5V":/ܝF!&T
6bO<  "  #492k4~؈8߂s:ǖ:6˨pAFƋFWԛ
6bbA.  "  #;%oxgr.rȕȧ}7(&DŎ<;Ǆ"E,'8XSm
6b4Pڔ  "  #@93d'2,~JJ21U#bťǖ[Q-TP\h{
6bKR  "  #=6ǐ.QN{ybT\61wĴ]τzQ~$6L
6b+l  "  #B,ՏʀHR,6CptLGQ5{e1rao
6b7(  "  #SPo@1ɞ81ry<}O'CRYSDSvĦVfzU^,(
6bLǩ  "  #M1T{\m)L}+gsQP$8aź%]aյh&'7Z
6bkޏ-!  "  #&\VŐ近J.gek*Ϧ(mp|8aCHJif2a?&=@
6bk"b8  "  #&DyvŇUPs@ݬ})=:q9FǣʩUzE&e
6bG3  "  #ֹ9YQomf؊keD+>۶S(QM"F
6b*1v  "  #RDFpjnAWۜ֓M"ƥQ>nں(qEV`-
6bnTȘ  "  #tz.5N<A9'*m.r:'؋U<ɱk$`J1
6b0&S&  "  #҃OơI˺f/n7{b}&/S΍>˸:A:T)
6b/]L  "  #yߐĩ`1XӎX(Ӈc퐛i7)!nͰiڐw48K
6bסz&  "  #i=Wܐ'Dוx.{!&Y=Tt ݮqRN ې`Ϲ'
6b 5{K  "  #Uߘ8ͤ܏O`${鏧ר%WP)Jm[7+
6b+'H:  "  #bPv␵pq)_AfE~{`V?3S=^⑳'Fs|
6bLlf5k  "  #]BÐb2ҹau0|s6Nbz3ߋŒd[ߴkeM
6bN3=Y"  "  #NuaߐE^Lw1ې?ԑA,SFGNAwY?PARf
6bN˘  "  #sJ=Šs2ի;mcs؏`ROJu6o
6bOy'm  "  #Je^!T.Xh~8@Gr:VߝڍUq$v
6bOeQv  "  #$'nqWy파*2sǎ./mᆗ^ـ
6bQ;C0   "  #~΋-ԐŷAQҮ#qώ߹wGފHA!؛Nx
6b[hwA  "  #1{iR? ,`?8bZPV˸æ&qo_БZP
6b\(t(  "  #zkǘw_0 >)ZC٫Ҹ&ݡƗ&)1ٔ
6beW  "  #\L'\>,l%V,mS|dDߑtn5d`
6bp¯s^Ș  "  #·_[ºߑ$s_mO;<?SDoORBǅ(9C6g
6bpG6v  "  #ku]ܒ!݉Bl`cڷhZŉ뱮b!Z5{e5y
6bzW[  "  #(某 43(y#18N`b?=$o4l!㔓`as
6b"J'm  "  #Ϩ8LTKnw^7SQ ['4ow#`d3-0>
6b?  "  #ხ_>{ײ/3t~CҐqF(|7??0̥~~ǌuj±
6b~nK  "  #/8bF9̻Iefw)p^趜hZט
6b*՘  "  #jY;'󊔭+^M=h¥T%9@KhPj
6by>!ۘ  "  #Myb\FƏ-\'PX\&3SE|2cfKNRh2T̽
6bx$  "  #Ͻ2xVݕ֏O3ԓ·cQ/'}KH|_!\&B
6b'ݔt  "  #WDM:ÐoOz:a&0sZVe4ABN읔ddPkD`
6b9  "  #7d(zT6*oHHiZ@Jd`쥀LoMu
6bҚ  "  #no܃k(x֛@y[mRջ!&IێwWR0
6bꆑ  "  #y^Ϣ8"LӼ0=-Ubp?Jd"Vs%f~@H
6b<>d!  "  # Ԝ/H6bj{k"5$z:%Lt!NBΡ/ѥdye
6b,-V!  "  #wgC,qpe9pܡ/]BEՏ&j\YEkٲ$P
6b5H  "  #Me(&5#$.=B_U6wm2gk\y3bOT0&
6b6gĦh  "  #<PHr\?i!R\ ӊ`SU1%BߎjT<ϚޓyYЏq5
6bJIS_  "  #di|#pJvAqT.ŋ&d!}|pڍ*Lsٟנ8+v 
6bg+&̊  "  #)$㐶L`7Fͨ5uZhNQDJϷwR;km
6bjxP;  "  #_D嚬1=4'i1/F(tC|`#Rb>؟Oߕ}%
6bq!~  "  #Xuԭ{K/1_*ӗ!JHJqƫ2}z:y<%z.
6bv9/  "  # @| ɑl79{O/vcx]ɼ$|<I:fa{{
6bn  "  #-}biʐ\j\4"~(at7UB8;Mp۵zr
6b$eɥ  "  #Ft/s7o;P,BIyW~y5Np.t*#
6b><  "  #>#e%>q+B-L0fmj0-;}4ICmt)D
6b"l"  "  #~w`\q0c&pqfGnΑ65QfkQОu=
6bZȫ֘  "  #þ4^c5kfwN{u۵40EWxri{
6bH٘  "  #|Uh݅7[H&QB1w(~ؒ(2O덪H4o͗_
6b.M  "  ##&U8?_dx;?;QL.΀r3.klʷ)
6bdӎ  "  #JkRkbP>U׉%꣪+$ZbsU^Cׂ)꯲q7G
6b"Ҙ  "  #}wxkBJ7OU(w4`+6.[,ghmm,3
6b]х.  "  #̃ÍU?+7aj0.շoDc)gwb?ŝb
6bz=Д  "  #ϔBڑ?&9"5Fy*l7Ц4(ϯԏZq$$i~1lG|
6bwp  "  #0?8g}Бc&̘aꭔjQ7!caɑ`Ov/RJ}%@5p
6b4+nb  "  #s]c"ICwJ*"}[:k逷tgA:K^%k
6b/  "  #kKw.'S.u=VnxݓzְMw^P/p30h {~<V
6bU-;4  "  #U.5$kMn(Q_Lݹ&|Ǻ,N7V}%=l
6ba;  "  #(_琿{8V2AӳF&SGݾE]o<Yr3R?R
6b?3  "  #0jd`ď\{fN;TH-:-%ߚsx|W󚀵8}[ԛ
6b9  "  #ٔ+_Հ{.l`BeP&\%P`GkRb~Hm9)
6b:UP  "  #ՀGSM׾b).xw:q=O\qӉh>S
6b:뱡wW  "  #n>XυWFsCڲ=~岖٠HTl=d`ԧC
6b;ia  "  #1peq]@ֵ32dĎB7w{߿@'?;
6bC[ZƘ  "  #IWWŞ܌$ϋ<-**җ[挋:h5P
6bGas,  "  #6tgUEꍿ`o+Υ'ŗlR{7;zHϰ
6bNȜ;  "  #~۾IĎծ=MP4-y٨Q딏[D4
6bRL)  "  #v<ie+y.G`+L/핏!=17ud{ԱӴꭓV0;:
6bUk_WJ  "  #5%,tƇ.*uѫEߓv8P8|Cko
6bY.\  "  #ɼ<.q3oс>?=uV#[wdOZ\ǍXu
6b^ݼ\  "  #Yl)<0UR3''5G+$RvRЍy"j8\%=j2
6beA  "  #{8O06>D̀.YӃK#%;Ƒ<ּ˚f43e
6bhc͕  "  #x䐶,bvO?ƗE)AU1|1(9<@6/eis7j
6bmA`|pt  "  #T^l@ߑ8҂XeOE._>Śꂌб;6@č7&y
6bqu֘  "  #s-"Ɛ%2:ѹݴ,{.XȌ{j463\
6bvgԘ  "  #׀4ƩؕȽ2QO *źT`X6.¼\'
6boVM'  "  #z'7r@LHVwr_%EwN@¯p%7b'H_@`h
6b+]   "  #rO?aoEKOѲiMFweÅ)@wMK"L;$
6b(emal  "  #Kܰ싐=Ux>ŘРS&ڣtƎ#S偃&y
6bMԘ  "  #篗rk#Ǒ]T$&OzJܵd6̦%HMA^B
6bRm  "  #Ovfơ9Z8Ć?񭒅;y?TƋ XuǭQkЋ1(
6bt@  "  #f螐x?T;8~YmIFAV@6^ڼhpwlԾP:7
6bkWR  "  #ENƑٻ5X橒n-7b=N;"$6
6b)*D  "  # V?R{M8U˱\k+s(9Ҕł|ܢpiJ~AE!4
6bㇿ  "  #uߪzLhIz3/ʹ/-Vȟo0!;ԛ
6b*-  "  #زEyUt\ʧWL߿U3Ɩ\_jj'ΦS"Լ%Z#t
6b¨BØ  "  #Y{~QGc7Fz'mwV>V\#R
6b'zm  "  #sO䭗vܕ~d|ֿ*}Ɨ3ې{cݲ˙Ɍ5%$
6b*dC  "  #4;Q!;ݿgg($`Qy x(3Blİ 9*
6b8^  "  #ENPs8<r_(ʥA,mH< *yPc?ٓͪ'X
6b;]~  "  #̟R.èlt:aU MΑE'{ݲX4,N28rc
6bF菫  "  #X/ՔΑnȏOIuS:y-GX9ʕcޢA?ɏR*x
6bLq,  "  #C3͑ZtEq-?ɑt<W5o5*>?
6b[ɉK  "  #|ZŦiŏu$w`o숵\<.št52serݖ!Z
6bg$Z7  "  #q[+8鏸%,8>t[ڀ/"Z|jӮ@%Pƃ
6bt0T  "  #j[>?J/<$`bhR$!dJ*w6#ւ㜣W
6bu|k˘  "  #ok&Y_oJέӖ&V}990no΋HTbΦ
6bu   "  #nEÐˎy,{V`O^rLEի܋xc.sN
6bz:;"  "  #I32ş)}|ٻyΕ;0/<ǋUXl**MB~*oN
6bDy/Ș  "  # 35clШW|3J }@~92颔E
6b0  "  #.7iFDH[\،iրA6.֯1FIckיK8jS;=<
6bޡϘ  "  #p4nŞ8̎s{u=1ΎU9G*:ā뺍Ǝ؝R
6bh羬  "  #+.''b;u\\#X5뒁MdkƮNGⴋ|oR
6bm`  "  #H.{{/lWjatEE]q+#{V\
6b9  "  #vArNm\a=kyn?͸14%7RmSMA.M
6b+36Q  "  #厺/Ũ*cӽwIγ6tQ-6bs1'طY9
6bmqW2  "  #//oWťyjT嵗kr jHȁ,-koz!
6bmw}(Ř  "  #/֧oũoR}΃Np}l:SXvȮ8i"d 
6b  "  #d9r2ۓlɮ|ގSP*'#¿݁$'M?R`n 
6bQqM  "  #ī'y_2˃f;wРz+^"1Y2M{V蓗єT4kX
6b2Jۘ  "  #sWwS6+и?꜇ẕ~Ģ&~qwE萘W
6b80󕷘  "  #DO2ː3BllFtRߦQSm򗍲3&Ʋ<
6b$/  "  #4V_$S/t˅&9ώ/YVPފ}X-exL󘩏7п
6b?<O  "  #ݫ6vcE#x2Ⱥ/sD۠66u]ڱ=Ȅvoi
6bƜG>  "  #۝ém+N5ʜl|pώz̻^a8~bU%m濙9/L
6bʆr'  "  #f2MX*C3Y\ظE3zĒ{Əx!n%O߮x
6bi`#  "  #ז[0 hQ@?ҥC"q=4rl\t݅/˚϶
6bHLp]  "  #P{tJ{D<qwT7r;d~vQC}7>CzݾM
6b-'  "  #HC w`==xFjƐ|H00,E{𼈓ۘЎ
6be%ޕ  "  #Du^d¢ҏqeMآtT~ucB~E60
6bAbC  "  #?n uw}n}#Ԅu*CʐV9LȪE/UJ
6bo  "  #~JH_l_"Snj)r$*8b11%
6biX  "  #YIo]xML9oM,1p7.LcC+@w-eqt_%0
6bu  "  #5pb^qt8'Kcᗑ2͏^tӴ2^-ke}BĊ\3c
6bk>  "  #/7<~!x5zuwڧEWbKPцAچjD,V
6b'  "  #SKҐ?).PGm0AAw+qZy`o57
6bFx  "  #S52ԝIPԤTZSA䀿ew_臘#>
6b&4G(T  "  #8 JK-kV'"PޛMk4蠜Wǚ7?K
6b'2'  "  #\\4~TÑsoēD8B,9hwك}B
6b*TtK  "  #Qq,tӐ dmaB>ȥkvQ_vM]Jy2
6b<N1  "  #8ہC1^쎦kAAApϱ)ߑ;`sBUor乃E?[
6bE$qH  "  #RNkz8x$?{Nk;ZI}vP8r\ 2'|溘J[O
6bIͰ  "  #FpvT䐵Q\y 董Z1c'X+erQ7Q
6bS'  "  #$<zސs6Ύҭ~0v^ypn!IhM^˥KsO
6bZ~b  "  #詮Ցv펗:[b9*,J{y>Av:61}Z{@
6bag`;  "  #nG3Ml&F.lVgٲȖ0)ҹÕGZ}
6bert  "  #DvPt̑rQ"=\͐p.TͨaNgGK@ѕո@e
6bj;Z  "  #K̇ת)텳gDLuT9Vo¢Vx*Z6+iC8J
6bpcwF  "  #;"g!Dvӏ1uXZ&揑EZ}sIOsΞ4MMn?W
6buE  "  #̏W` (*r,Ve7,]htο>`E2
6bwxXט  "  #x:C䐸6c;&0!eL}/ELehcT-
6b{Xj  "  #~GAA'ngܢ̒l%;t *¼VQk
6b\%ۘ  "  #ֶ:CSH6Z]Ƒm\_8k=Ec5֜#~lu2P
6blP)  "  #iվƑx{'{yؓq\e$PkQޔZPGe
6bю  "  #@]0^DʒSaFdD&20[8ʆk4iHc7erB?
6b9  "  #%20qB*==Z}g._+b#+Tk2:]"M]?
6b/+  "  #ۇP¿)|͉*񮍏OX+'\YDV1Xa=;>3
6bY(+  "  ##Bܲ/Ig#Դy[rݏ6HgK7*U8s#wnڸ,{l)G[
6b*x  "  #o@»?$?]XZIR#_'H_2H1&A)
6bJ3k  "  #;zDOȐo8ޮ&JT<Ӓ3[|Y;^ǆC
6bC3  #  !kuKRIp֞<+܊9Qq!秋ejw~}-aϻ!a
6b\u#  #  !}L?Xl:ڵ@"m=0L'P)qĜʣI
6b{]6  "  #?f*$r@g\ghdIUk0qHW50pH~&y
6b:d|  "  #nNeŐUg0$H`nLvè=o!~0Bh4F[?
6bc  "  #>|mՐঐ=0`у焬Tx;-P(@/L5e7
6b,,  #  !nN;9Ў6HglcՃԍGޏ: Yؘ.d{I}h-ȭ
6bנ{>  "  #مRKxQд~خ[QJT{'-s ?<RT"/ߊ`jE 
6bv͘  #  !vqF|RUڊʏ10qƢbY:Wz'Q<:2v
6bԘ  #  !Ua釐TsѲ߫֐JWYtޣwhy,9OLG&l}a
6bb  "  #yd&=(U+9IAD(-Mx``CݣyAA{P
6bV,G  "  #)@oP:ߐ%Ig]oƤZMbe N0MlK=>Y0
6bfWv  "  #-zϐ^$鲺پ@ڗJL&asR%-q[4J:
6bs3o  "  #KIVľݘ$놁AJbƌ^Te6+i.8Ö
6b?'F  "  #܁3&WF>0Ww5&6޺?ԯ&_YҔ}q=tv:
6b&Ю  "  #0&V[<;U̐|B$WB|E<Q䩐m^];DuNj6-c
6bm[4!  "  #¯+Ԑ!ۻ}GolP c:L"đ廐nfM~RY_5
6b ~  "  #@y'TMU[ݧ[60CļFJ-xMa(
6b3xј  "  #!pqSRp5ٷ:ބǻ/Z?ĒgӔK܃zca)G
6bA~Aqw4  "  #3rzj@啽[#<HWmĖScOUylK΂ho7
6bLv6  "  #̒AT[_FuvɖD:ģЍOj/]EjM~6Cs
6bY_j(  "  #?$ ̍';*ުb{T^%a*D[i[*M
6bi  "  #*GTf`A=$K ĨO?*Cᄊt8v
6b~k:  "  #𺝓kȑÅȍ7qO*Jŉ"FPAyeFK;"*)a
6bI\Ixm  "  #Ll搃-\8_`,/6yeq<HuX~ʄ8/tx
6bdLS  "  #Fu?{#l]٥rO4F|đ?٘쇖R.p,
6b'?  "  #(T#Q쀔Rq75`d#vo<jP-Ё!ك݈J%ܘ
6bg  "  #Hk |?Rk`V!Eá]H!]ǈ]6Tm
6b̶  "  #7$Ws|M%ԊV\qe+yAPxFLb괇Z'1$
6bO  "  #O9~0Buϑ %'ѳ&'i&e鍒ѩ]R4N,#؊*
6bH;{?  "  #q0sRĿʒE{Z钡;}$Q'X:ڻU`aLk)
6b8  "  #áNഐğ=s}MqcT41c,VÖfT)i2ڌ"w̆
6b&k  "  #4'@zro`$p-;/M$t.nIY#
6b/F[˘  "  #osNoǈ5&v=s)KĢC`C5!}
6b8a;k5  "  #Wj(祝$5!qK^,2wt,O8I-
6bL   "  #B֐銀$߰u(zjAŽG}l,o4Y&ˈ
6byp!Ř  "  #"@w2ZdLZeXM?Ů@ԩdڴrpt'5
6b>(Ø  "  #ѦM'J4~e<aP&P @v[zoM
6bH˘  "  #&X{#B,`B\L9o}n ͟,nu
6bVDUW  "  #dy5Y4ħm#v$x\jV0ǍKTW9(9pY7q]OتݙY>&-I[
6b^q  "  #؟q(E{zϸ߇?:`拯Z1=9h&t/
6bNk  "  #2ijzqә,Ɍ5&,x=XWw }
6bİ:˘  "  #LڛÒqezqԂ0yiKqBTOBU:,b:y!v%
6bkw]Y  "  #I!I쪐Ɛ&[p]#\$coZ/_bmz
6bwW/  "  #/AVȋͮVe*`HÂn<JpU34 7|
6b4\G(  "  #LxĖKAΉmZl#y %ltpo8FW
6bmI7  "  #勡>TƑē5ǏMR|ߖɍf'0{+vl>Uo7
6b2  "  #`Ð*7Ugx썚#HЬHM:B/ʊ]%KP
6b%}  "  #<JX1s4.瀺ϋ_x2JOxRXKHzuy
6b(#UR٘  "  #7/ʱQ!{Zo1{`9סڽ©ui6NEIZfn
6b/*y  "  ##(nH`$3qvlVfQs?g̞#M#8
6bE};&J  "  #)pqgljB@}r -ⴊġў,H
6bHy   "  #d(CMu],nW!b$QHcI&9+TUsn\"Π(
6bMY팘  "  #/ݐ鎐)U<14؋;Xh}+؈У@yΗh
6bWc)}  "  #PBؿ&ӎerأ:a"-Q-@yFBgЏv
6bi^L  "  #҆o׺Ipό*kyc#ܞ0{np!ԓ
6bo  "  #"'Hސ,,qN]r&<J,{ h^;z(ҫi
6by\;  "  #S%ӑvⴌۚ$Ĥ%m?$Jl] v}e
6b*  "  #:琷 L˚J/H^"d|]o;;ډ"_]<Ĵdr:
6b  "  #N,o-2΄"g8:y?5&!^忹(
6bqc  "  #HJLĐ[ƍK]+ ߫՛WfO5 J泉
6bn8Ș  "  #1|9zaR"pF8y@mfPńo%JJ
6bFj  "  #˒1G@$\Ƹsȵ`[su}Bl?yb1[
6bWI  "  #ѿGŉH2;x|Gǭh9HLMEgto{WYU
6bc랇  "  #Gې;IZMVڊ{KVt?+'RXI܆ɴjoŘ
6b84uʟ  "  #8Uqs*:G##G?n6Ln"umXJ
6b2'`  "  #-ZO.Ws-]\呡̳ulhu+uxD
6b(o7Iܘ  "  #6>.ꡐH?3,d9Ir^󢁀|ev|"9$17JY꺋 n.$ɌI.
6b3ƕƹ`  "  #M\t+4B|1kc1@J%d#"PC@eJi"!P-
6b4.eU  "  #вR_>&Jx'9R򐍻4cԬmǪ}`3ݓ
6b8Xf{O  "  #Xq0|KS!oU9Y0JaH5Cw|z6鍂
6b?je  "  #ܐ)l&4j?dH%h6%2{9j1m\|'
6b@K޸a2  "  #܁5zǙƫܜ0-toJ[;u~Wj@~<\ѫ\
6bNŒ  "  #DEjߐ:^F^>,ygPJI.ѩ1c##b}_$
6bOl  "  #FSEÐӿ.,l}TCq.>Ѡ.pĕФ\]t>bm
6bYS^  "  #0K~T/'ʕ8rm\yL$8JS|ieF
6bZ,ݘ  "  #n<3Q*R՝ҧB'*:b6󕰝Y{TvŎ
6ba:p  "  #3/ѐx#Ӻ|~~悁hXR6x $i:h`@mjMa
6bhv  "  #k^^Ґ4_i$bPqy2`hay*q-&#9pHO
6bpafL  "  #DgH6)jxB˝kX7]bR봏;RE+|&pċOǡ
6bz?^~  "  #YQuF.Bhtf4e'^L^%ÖS*c;VRwZ.
6bh{;l  "  #>cYHBP?^{0R̋nRWuW'玎77yhެVVD@n
6by&er  "  #:!O&ݏEwٻ~Z@_Bþ`˒(d5M\jbj 
6bA(m  "  #āRtة}GTƣSH1UHݱp
6b77L  #  !|H!$ڗEwMǵ.Z;@؀ѱskp
6bp٘  "  #VՐ6ÐiɾqynUm+|ןrJ栒To
6b;  #  !Ǟۜ5[W̗]pn%:EUgS\5cxY
6b7UfTG  #  !EԁKQ+T&o }͕MUȠ@.ۺs}͎/f$
6bE  "  #Y7DƐŬ{).M_tdoS똱*N$3$
6bIoC  "  #;?՘ԇ^P[5y[FTĻi̐f)"xܗ}*v`
6bx^  "  #_-o>&Zl=1ؤe`}diD>ͼyƉb5hK
6btӋഘ  "  #Wr")\{(5c͢cF%VIGMZ;eU謌ܡ;/H9
6bj.ɘ  "  #I֮|9<[znjۖ8>I˭ܖޱXC
6bܠ$  "  #X]'7`5т_9ƐGz%VYĕ/ʕԾNҕ7/
6b<Lr=  "  #"gH莄J`^Co{'RApN7%7v=w\
6b~  "  #\J3_ڒd|RkH*(,A3+M(呩
6b˒U  "  #!fҐ!VNb,ʶAǁymU42HHW04ab0{
6b:酘  "  #֫E zU&ZD.9§ꕐ`Mo2-5u/haFfty
6b0И  "  #Ӝ_ݜG.iFS.CM]8wĝqP~~j24azv5#B}
6bꃗfi  "  #lt:>琺ӄ:L}Fӌq3?V5Ż۞$Ax*a4(
6b_|=  "  #%PmĊ<:?\#ɟ\09Xh(#ER+AK
6bP\D  "  #0MCa:uN60E?PpG9fkԮsp{r
6b(8S  "  #xZ./XźJBG*6,+d\I@.$b)xB+Z
6b/e  "  #w,JϏo+Л倚"SV[q }Ұ,4cxp7J'Utj
6b<︲  "  #>)NU+T\#FFΝ$ƒ?Ýz\UG-yS&4
6bJ[ƛu  "  #u(ԏALy׺Ř1f͆,7UlkQ0%zcl#!y
6bc&٥e  "  #c$4}-*]jj!k]Y)Uʳ8(Sy 0[
6bpؖ#ݘ  "  #sʗؼHDkkۋ鞈GR}Ad
6b}$  "  #۠\wTvUWzĦ㕆Nq4O+qT_~]mB
6b3ߘ  "  #4O߯[*PIN6lP̔h@R3Sr޴J䭠+ 
6bT~􌢘  "  #<]x׬3Uo]" ܂瓻ט瑆jqX~V껬
6bd4f_E  "  #:tkV|>Uuҋ@ǘ홶yIUm`(95-l
6b3u  "  #9QN>H KN>&P6T٩9ۻfök3=6x
6b~n:  "  #ׇTYaTf\N9Pڛ:ܴ0·VE}R2{)ttE^
6bnB)  "  #⛆RxR%4&?ז&yhv,ZΆ愸F
6bÆ_  "  #DϞޠjtf&}$:3eSQ9e$M!c~_56<
6b*u(  "  #ZgNskۮ7'cMdİg)=ĵ}uO} 
6b/ø8  "  #IQ?sDa3TA(AuJqN
6b88l  "  #*'Lg'G^}ڕ歒'5FBŚpY:ƹa!lh
6bHP6=  "  #C͵؋)j8'%ǵJd<bTe
6b\3w  "  #'!)N=^㏜\)\KP;iO./sm<
6bi3n&  "  #մƬNHڋefmvH:WP?񏙠 +jfW󢸎=ޞ\
6bsޥ  "  #ҌÒ+;NMK5ܫWβ.鼢0^ၘȩ
6b}yUyoƘ  "  #d3)|M4$PLx^׷1|qɅZTe:|}*9
6b'!  "  #,DאvNj`ZJvR0R^=l<aYtpۀA
6bs!  "  #p|괏`i ΧUy(UUAAJ߈
6bR   "  #w`򶐷o~=^Ji4y5Ʌ<0p6#f5O|ǈ3d/
6bI8z  "  #:;i?%ЏQICM^#Ҍ߈xAj|z^
6bq/  "  #J5U|6y(S`Ʊ1YM~RɎ4Du
6bHc  "  #L$Āۘ )}pʖH%lc -6
6bWH  "  #(Hp`䏛߉*ذ:.?lXĢd^྆ EAe
6bǿSq֘  "  #o?]~S|UBwN}DdIʟxіBX@ai
6bӳ[o  "  #4#_!C2!ɡXώ0 r>nD<bX?)9
6bᴘ  "  #T()!s$:IhVΒLq%Hi<Ἔ?lͩ7vA
6bxs  "  #Ryˀˎ9B,͍LR2r!{ț(e7Q
6bBu  "  #^7񑐹]͛Τ:(юkrԓu05?▍b"ͻ
6b֡{  "  #ҹ򦐸|_̤!G/3V>ᶌQ!2.ί(px
6b󴐹V  "  #j!㐺Y-ԯJlېEuS.NǣnQ)nێ0?
6b'  "  #Ř%[N&s/2yZ+y8j4^B,WErzV[
6b!'z  "  #ΐߐ;UJ<Ǐ%Ƒ+i81$N^(H¿
6b"|8l  "  #Z~S6719CئǺ:bI`΁ћ<)
6b&[r  "  # Xq|퐼/ˏ*j{#ғߜ۝E#cަ0c*}}a%B
6b.F▧  "  #7:^GH폨RMǓS!0ۭ=JLwE9u$B<C/
6b4C  "  #6pVr-e"{MQWUЀ'Dk5 @
6b6wdB=  "  #Hꐼ??TT>乸A5Y4mv!m.!G
6b??s  "  #@C06RۆhSӣS=^tn'ӲOe%}s\2g[=Ϝu8N
6bHSVa  "  #71K>[rRːy;kؕkQk|}WA&0
6bMp  "  # Ăِ)M㍜M4v юyBr׉|މ_
6bOTq  "  #ApY>QיvJ~E\c!Jys8Pj.꛼
6bT|֘  "  #aHM3%U#qj.ͪ*ߏ_e{ueHWؗ
6bXz9٘  "  #kA폗3DbpnYKݻ؏Zfтd_"
6b^Pk  "  #,T)aŏgc9≗t۸~S@甘0$H_
6b`{i  "  #n?pqȞ[䑴rs^g&?vHǕϦ
6bj5Z  "  #b琽BJw`܎.+/^Î'U<cXl]c
6bq88  "  #%eHؑ}ƏPڱ!M#0$JLYT((JI滷a#M
6bs,r  "  #1k!"Ǐm{R ~Bo8Ȏ灳;\xSthK
6b}<G  "  #ASqCABIc,ߕE5盐WX}4|Y2D3k
6bޕ5  "  #x1%wIǏ2#̙'0,(7鐢򒢮w-A9i
6b0AG  "  #Lw&xO*@5⹳bB浏2D\tې$n#oog]dU
6bA~hC  "  ##6!&J%9WeQn {&6ߓ~kЖҵ&
6bfբ՘  "  #qS=Տ8ew1h?UïL]ȏ^EPl."ZP
6bp  "  #XŊd.|_̖zxYKqw\-Ӽ>"#wJK0/H
6b{1  "  #[t-*ʤ'̕PtǬ'GAH}6>DDʷwg
6bE>?R  #  !yL򐋣~,z*b'HY}=!D(It]י{\7\0
6b])nX  #  !Xz&+*NUb;l/q#[y!ܖ>=`>(|(/E7j
6be􊊘  #  !B0J;~?׏{sE(X`M*hQ.jir~^:$|*
6bc:  "  #ǰS\i"e*u<hv?F5d+R^:
6b6E  #  !;/嶐zj4'u Xxua'fݣ{I׎Dg
6bݚԘ  "  #NdmЪE#+FVpDm_eڒԒx
6b'Ki  #  !%cq񐊔6@N|DBȑ⇌u)P+Ċ@a{UL.خd=
6bRͰʘ  "  #-2=͐3QuӚ/Lm%F?XǪ=,v}&$p
6bkX[  #  !,Sn6Wɑ?T@Ͱ|p{5jUq#yr^쎍W
6bJ  "  #]A7ސE Lу˲hH뭬npu-4TQb&@=b
6bǫ  "  #cTh {I[^1P<<Aΐ$v%&z>~95gZzaAt
6bzCK?  #  !11ňe:I~AוŌþś<¡3Lnȁ>Xo3<
6bP5˘  "  #%&{[H!ꉡ3ٲ7{T**&!W<
6bd~,  #  !Zː%/U_?%W-<dߒrQ(_ypv,񓾔w
6bQo  "  #^QǐłP!\ۑCQfýYaUȍya젋 %
6bh  #  !fMv7DvL CV'ncytu9(Wzœ\H~V.
6bL@  "  #?Vُ9T>[ёWbzG,;dU1CM^~JI
6bȃЍ  "  #Cw߾:6.ߡ@x/,mݒ>Wʊ<;߰
6b͞Lp  #  !eOΔt:WQ=64~.d1=4YI5Iy@dWJ
6bζ8\  "  #쑾dԎg3i?Ja0씹wfb6ߛRjG
6bǶͿ  "  #;?",,pRع/O<B*c 
6b{Fc  #  !%5F7\}nf@A.i-hKzW
6bt  #  !v"Ґ WKxݙcfǎm*HҘO|NOhܨB
6b1  "  #l\meIt4rbdƑୟAB<Ԍ\3X0
6bޛ^ݘ  #  !𶘤FFҵo$aጽ'Ǒtcxp7gz<7lC
6bYlޝ  "  #͆xࠊQk؏p3 q檒0SUya1v~]Ʊ[ywz
6bY1~f  "  #Gf+Pz'fܛ˒EÈϽ4!kr.[Q
6bЈm  #  !w':mܒi>R5,\|lΒKUS3xy'3{l]
6b)Z  #  !_p<#NE["Sd/}odꏧzju:xaC}
6bX-  #  !P*CW)SƑ'Ǧ8X%hҖkvf-x6X#SU8
6b,<uz  #  !)BJ^Q4~v_r"jkƧwp+1
6bPB   "  #-C9lneNE.ΜTq'h}kOł $_
6bs/4#$  #  !a辆SP^&8MM4O}%0/#TLaDNv6}_cX
6br8n  "  #⺒=$Ώp}jLƒK_νܯ1ƕ,jÂ0MR<
6bT?Ę  #  !3ORl5D4yō%xuގ\OC)w`蜸n7
6bi)L$  #  !.3scэIV3VD-'g8Ǖۛ$$ӊv<Ŷh>
6btWp  "  #ېƟySběD}."şh~
6b  #  !B^.e^q< ~?~MNsٜq턁 L;x_
6boŏq  "  #Iu@a|鏣މJgFtSQx|0*EKӂᆘ(k7n
6bL<  #  !ycJON(EJ2`6;0]dt}$ؔN%_u{{EtJ2
6b݀2Nu  #  !op|(mdgvU}|X{_ԗ0$Q
6b~  #  !^p?ŏ\E+yҾ=䎜(K[σsp)KNtZݨDH
6b!#a]s  "  #㖗 Z _AHn̺LL%((ftFI#Y*xA
6b#.%j  #  !Ȭki.bӍKQ!,Շ'jSguvf7=
6b$Sߘ  #  !Y&yy/TlC2Ə|U֢r_Lj[.Ǣ/FWSԓn
6b)>i+_  #  !E>p=2ٙu;ߛLџʭN<eJ-p
6b),_N.  "  #IBÿ99H^21Ąi+
6b,Il*  #  !Y萞3M'GX~~~mbY#cU6ǇDV{M|&
6b/טO  "  #TjJ*殏PŜ#R<`Zk#Xƅ=w1/xBO
6b0_4  #  !(ƅWifI+[Ҥi쾨C$!5쬟[.vǺg
6b0+  #  !ԫUs'/~,"輙8afj܎uHl1"x:ӛ|"]
6b4vҋܘ  #  !`ngٺ5g䚌MM!w)74mh>0vU朰7
6b6s6_L9  "  #1N}uuXcC3l5mpA*IDv^
6b8/ŻEϘ  #  !Ěvq\YÎD[EO&}Ɣlyv4xeXZ̓@ r
6b:I`  "  #x'9ƢȕQ=}kc΅[H̼8f,-
6b:זML[  #  !Jgy"eI!T=M󅲛Y偊Cלv<c
6b?2}  #  !|/8ґj]3ʾ9%$k`OpE:eWt9ڽ=y6
6b@hL[3  #  !3fM҈ۘɕ"kQ/N#<h*Lwvf՗2
6b@՘  #  !gSky(IEꈖUf_qHv0QAtSB4
6b@h͉  "  #cːmWoM^7͒+ښe6ީ5l0kRG|
6bF_ʘ  #  !@䖑ݟ4GYRF'Kx'bciSHjK#qw~?j͝
6bGuԽ  "  #ar;]Ώ8Ʃ?hLrgRǍh˅)yR뺢
6bIf  #  !e壐EOemTߎCyO.0=Ȗwgw5rP_NmY#
6bKט  #  !,o¥܋r̘BVVKv9_c|Ec[gY9¡tɚXKRD
6bN;nBN  #  !VTFɒ(Դ)-D!̐k79`dp!xc7
6bO}  #  !{o3Bb%UZ[n1ݼ=eԀ,#wɪ_Yy|
6bQevA  #  !W%Ϗwq96M՜zN`92Uv.[CK}JV~
6bR$0ǘ  "  #UOw¾/(XnڑllɭX1݅gxQ
6bT>4Ę  #  !t+>я{XӸ{ALѵ.>zQ65M?~Ժ3
6bUvY  #  !6c+^g&RWr<<4WI}ܤ0A럷ߡ
6bWl7b'  #  !4p/ݐĒnJ#('1߻laZ4f$Xy[ՉSu1
6bXyS"w  "  #pHUD40YޜPߑǥ&h'kՄĀ`숬Ac(
6bY6jhØ  #  !`HRLgg5x{T:8XΗ'8}O쿑oտ
6b[.Ή&=  #  !1yʔh<ܔ3ޙ=x+kkCWӑTuѺ0͋
6b\NE  "  #VVnωE/|nȳ1^12,\
6b]xk<R  #  !Ti+f_z(ƾ߳*q$ox҇d$WV3{ibz
6b^ҧ&  #  !(z|+Qav0״½lҪZ SוGāŐv]O0
6b`߹[  "  #⾰'pǐeJz#iv !#>
6ba;Z;  #  !+4X:puэnTZ%CMxRwy-T<
6bb;f  #  !oFpt51{6󘆌x~$RL5,:ۺvҚ=z_қ
6bb!  #  !uO{idJ9:uA.MAKљ(.ǔyؠʯrކ띺>p
6be3Iј  "  #nE鏮ʀϝlꑉAId=̶˔Ex!'C
6bfR섽  #  !琚:8`ʷt:[a=TG,a-<}0oiQ0
6bjҵ   #  !CO*LdK4OŶ46-ɢx̀fn5ݔ|]e`mI
6bkҧr  "  #U=b6ǵx޾lܧg%`Qs޷v;'/
6bk  #  !m5\[#w8RG`]^ Ebz+orSA<[A
6bo)s?  #  !w[Kⓠl3{AӇzv}&$=.;vN2|<\
6bo,;  #  !nԭ\NdߐO*Ը}@i֓SN{Chh󰷨 r
6bo:b䫘  "  #ěICSf1MFp1\-y.ԍ!$ZvЊvA}T
6boqJ  #  !v@~!㐋[ /^Ϡ.䃭g(mpo)Ƅt"Xm
6bs[  #  !DǞ*:?0U.i;5\[p됋#ӃWȔzjm
6bu窘  #  !!Z}7v9b~tӊ==2Mva?,.2~
6buh5e  #  !Xq&K玘?*8ɐceyRKUͷZėpi|y,nUǴ>
6bx1  #  !G-ꃐ!U"J/J-}妒/ܑCYoXy̚;[
6bz@F  "  #\Q!.|czo%w<öЌ'Paam'&??
6b~mEuI  "  #ق &Ԥ{ʈ0ǝސ+$=Nˇrz5},Qk
6bz⌘  #  !y8~^ݮ}HuH՜_|<?oA}g|q
6bǃ  "  #>'XĐt$ɽ1$4vn6U%ʬp{(F6lY
6b Ș  "  #>F%ϏCg,E[$p:Ԁ~i̝Fۃ^
6bȨD7  "  #\)AP%s챝7qw^`is%hѣ+@%,
6bj  #  !!-ȐK.~ /ÌT[5>OtwXaZqI
6bۡvR  #  !';ŐO3ţg>wXb)Òrnংwz(lQ@R
6bѼg֘  #  !R Đq֍0!GFS@Fm0*BJR{do9q2
6b%뫘  "  #Yn]JJR@ljWnQWϺi ʞ+$#7<
6bBW߲Y  #  !N8Ǘ&& ۄ͂[`N5y^`dTd"]+h
6b5=r&   #  !MKJe/y]FN9W둭ꐪl
6bl  #  !Vm&JJ_%`|BO)LnbYuUY$ -
6bQ  "  #T%*79`~od4w*8`K3<倖ߌ)˻
6be+4s  #  !TQɇ6Nk~xqS5IѨ$~x47wq~V|}
6b5  "  #֖9}@n֙r3!獦->b;UU?䔸
6b0ޘ  #  !}Ő{GsVSЃۢc$.gů^8!К_@kr
6btv;  #  !C^jLoQiu.Mra6KW:MQ!mL3^gK
6bl؎  #  !sPL}Orۊّ]uAh˔q
6bohF%  #  !%4YҡH,_=jͶE.\kX?:bcV§h!
6bӔO*  "  #q7~lb&d__-zQ/fɕ$zp
6baĘ  #  !2:۱K1%ƣk7Wr\Ǒژ:D?xNTRsQ
6b3bl;  #  !͔|ptMd]ՐڂgUreޣ_캵<`Mi-&
6b"(,  "  #s@=98p4:Ldu(:_@g'f
6be~2  #  !A7wClCp6ؼ˻yQ0 {BE赏xh
6bQ_R  #  !'ᐍ`ߋiP̹W\4E-=NuP س*
6b#t  #  !:s$ӐvQ~]9&F֤X+'P2%2uωípV
6b*bA  #  !obd%ڹgpCm[퇬0vO!ɏ?jr}
6b_H?N  "  #>r QDIw<qI?EzqCmrbYѨJjo?ǏJ
6bfK  #  !8hJ:יs`0sIȌ2{;~d棚|)<uHoz
6b޲  #  !],蔮=X߭R(J2LE=ޠߖ ~VfhJ
6b+=  #  !Ɛ]{yi^dSAx,-K̇mZȏ;lj&x
6b   "  #OlT!^N]r|ސ4O|!uލ!ڸHue3D)]
6b==R  #  !)vv*퉐\a#K_]#L{{7w~"07jR`4o;hWQ
6b  #  !ݐ됣9狄_D]}IKv%!-яgD
6bCG  #  !g00&pF۔Z8mHÑY6coyEQ9l8l
6bK  "  #5y-7ᚑIş4+eW-V=>=A`
6b4i  #  !Te#W$7߽^LS57%ؤ%SBh_["
6bkk  #  !>rd>gh5\՛W,΍W):>WU;v)x.
6bEMv,  #  !X}B+ΐR'+??C5(B"`Tl!SR~kF8lj؎
6b)l!-  #  !Ɠ31͓AΌvxN'wvgB^uXEׅNP
6b{:&sԘ  #  !4VN` i_(TU7(@cb]Ӭɍzg
6bC@YT  #  !Gl^QAOXbқ5ܻ)hH'6t$bz&Κ
6b*j#  "  #M+,da'N]dM=-:޽=>8=&_F*(ZR
6bbDZ  #  !{ČŐͬeea'F,]Ü!l)uz2M2,U
6bacѦ  #  !jغDUg4Vs?&K9.Cs|:{X=7E7
6b2S.  #  !aʏӐuȹ`jUN8<Xzߠ(qTd|aiI
6bXr̘  "  #$cW(S2Ҟ$5@ܼ3s~LJ
6b  #  !;au"Պ?}ل/PMˁt./:.਋Hnh؅
6bߘ  #  !+,~1wUEQ/:j@26.Ƌ/pBshǘ
6b]j'v  #  !]4XِSw4~ߞ}YUljposl">Qii
6b(*  "  #ӷEr`ǽ/ɠC]%^wi\S8IAԆ@hs
6b .'  #  !Ymٓ)y"Jr}7!OŐ*╀hwP+(;.%xt;?r}=v
6b6qI  #  !5ϐMa|<yș;_bO˝念ĺBSk&
6b캆͘  #  !VsiEBF5k`~~vIL6;tȨ
6bT[  "  #7?WoX9옖x[.pW[諾.5?#
6b)Ql%  #  !D8m||vgi^lt:ȁԃݐvL煩꼷A'
6bj:  #  !4Ga!9h8:\'ɖsІۏ؁GcwR|
6bUɾ  #  !<CB<a!T4?jMg뫘x޵ :pUcgr
6bǮ  #  !rIk6{GqUՇۢE/OJ1[xӏig[
6bJg  "  #h5O%l>zbpzџiۧm-}:움D*E
6bɑf=  #  !Y^K됏$/j=sU񨑲q'nJl04są7P~
6b'f  #  !`$RM8ڍ􀈣R_lEw)璌0Qٍ$h}
6b\e  #  !,Dtnx;hf-獺G[n5Woc Z6hd
6b<  #  !bd<MɎoPJI2\GӵaBξN9s9j
6bc_I  "  #~\:E~4̯͡Eo}~},ˊ.f2s<$D
6bϚ/Q  #  !yue{[R8"kېN-цB̞T1+Nua#E;5CWu
6b.4  #  !㺐ׅTPLHZRp|u?2Pl~P$
6bҒH  "  #O,8h̐,E뎹f:ʡډrsҮ9ki:(@Hv
6bԻ3$5  #  !y񆐣P6k<BG8]-H^Ԇh~~g5S
6b7^O  #  !8N0*(idL7*`12َvhHZ
6bוi̳!  #  !]ڒGp0-ZZzژ`\jɶN^E3j0g
6bRQ5  "  #:ÄKwt"]rfCb[#OF0̐yŽm#_FC&
6b˻  #  !4<ΐx3>K㘣PxlOyxڀs+ftɽveU
6b8u  #  !FQA(nޑ(F)(c`TDUߪ遦oLgg.`
6bax  #  !*7>!24lӋ^W2U-ۚ8$"a͌;jY5
6bY[_  "  #Niuz$ҠP֏&೿ۓpI?c4?.
6bݮ-hG  #  !5?⟻ĭsGn_S%#oK$WI+.bgW
6b'h  #  !eK7yn&bm`CP:|2ߚDbrob@fhed
6bLkMu  "  #w1<\97+#y8="J҆rEe1>Ur
6bS]P  #  !#kӲِA9uYnwU]gۄx㥔XpY'7dΔ~
6bQ  #  !ȓ-ƞJ<_r4|aXYMńG5hM
6b䩜г  #  !1k]`=A#Z(E΍L].v"Dm.y~lT7QjZ?
6b9JM  "  #*H&9CY=͚Wp=XJ8{v$^˭`d&)%
6bh)  #  !4݉>Ð?퐇w䟼"U7?ˣ{EkDпYQ]Xh
6bp!  "  ##>F\~䡻ͷjِ7O.̻?s֚DRB
6b/Te  #  !cO/=q/AV`d0%`_j,Ŝ]x~\ҋyPj|
6b!a<]  #  !3iWqԐsyY!3%F.T#1GEuYd<麠Ǐ¡쌫<hwZ
6bc̔  #  !2Z9ې'p@<IJi*b*֐TDhx[
6bX-ݘ  #  !2kq]Ӑ,ys{t0?@|KڤJc6.Zrj`h|
6b)G  #  !->DJZY>zvb?Za29Wg 
6bXS/  "  #Եc=߃zψ%Cr!pG伱V}a648.
6b߯"  #  !'TzňD5R,Wʑ6ml~݌EG <i_7
6bV!ʳϘ  #  !=쐣i< 8ONᏍUs}sJ\#^6`:S!?-i$
6bi#  "  #o"łWϑ+DVQ?iLFΟqm<S-
6bΣb  #  !^gfY)PAI-SǇjN-~Wo9FJNj]g*x
6b帘  #  !8P_tlsq>:"rNenk -{lzsJ#os>q*:D
6b|O  #  !g?9𕐥 \qA6׏>?Tu]Kw֑nxyh*X
6b_kfv  #  !U9zȸ9}lK޵eba,S~gŮ
6b# 'Ԙ  #  !WTFjB㙏p=Q6[R:t`iӛ+*'{+,ʌIǑho
6b$}gb  #  !J90ZbR~&$pyA|aS7oicD~O
6b%+1 Ġ  "  #S$ x!ݩ΍Z֙$ݴsBxcNT
6b%i`C  #  !MLqqkWt%ߑTJ7ǽޚЋעe3h2
6b&q,<  #  !G9n؏K-uUь,AS,$gVÀ9LPGg
6b(?V5  #  !ڟm}iq+$AXD̥ŚJ`-P"jg
6b)X#}  "  #-k_͑sI-4Y>#>ԙu =*x
6b)rB  #  !_J=ĐNEuRvKwd~MWRlR5&~bh
6b,{+  #  !}pd0eixp(JǞ[l~3t\{Tesw
6b/{\g  "  #Cx52OנВ{DďH܏a>Ӱ^hr>r#
6b17h  #  !>emO/{ppQQēē V"!#n+˛r\h9F񋽵Gh.M
6b2*8`#  #  !B.eyoKbW74EE۔eabUW/i
6b3Z:  "  #ۜ5֏!AAߠ&<"uYܿCP0\SϹ+\y
6b34  #  !;*]|`:?͑H|`U|jNhA愬tffM
6b47}  #  !t5$n?-zˍOBmn}ŊbN#ݝu ݵy,$
6b5|X/  #  !"̐YPv8+x1␀c}$`o'5a s9u;ޅ8w^K7
6b6U_  #  !3#808ؓZ#i9F~rBy<j}tۿZ
6b7  #  !J$EϐG9ڑ&5,CXդn8*bvg=W5I
6b7m  "  #֐]ЋЧjF``1>Xw~*W҆1
6b:C  #  !Wp1ِ"vnpwT2.Ó$1h
6b<FawM  "  #M`cWdir`GTxǀOf1J0.U=g-I
6b>E:o  #  !eZ#:u<&v`jC𖝋Ov%Ț|NVR5{hj_
6b@*vD  #  !rRxd< 7xЍ;`z_mDs)DvٷnF62B
6b@P  #  !-Do!SJPK嘤Fz} [nt.߆c\h`
6bBm  #  !1YL?5/70Og[/k~c$h**
6bBB  "  #dM$Ӽ*z(Qg2)nNߘwMloM#]c
6bC_T  #  !&Rb\P(vh%ոNĦwV욉T$Ng{Kahv
6bDU-i-  #  !P6ؐYs9B6IW+;9dM *6(*tɄ
6bE'U/v  #  !˥P[$+B:`+3イa#m#ӐӋAMh7
6bF^+(  #  !(_G퐥ޏ <CꘂM68+3F51cX1"NSh>D
6bFߛA  "  #塈pq~͠{GLs6m8x`
6bHgЋ  #  !UsL`-uѩ-@Ԙ黮==m䚠Å1А8i0/?
6bJ~;  #  !ǡ쏹;|V{|}m>ozҋڃi~TBep<GЩ{
6bJј  "  #X_'UFgӑdMusΨB*њTQ
6bKIoɘ  #  !Kȩf䐥!ZdXzC:oC.G/s+g臛6:ڄihY
6bLQ%L  #  !,0<Ӑ281"옙wF5;F{Mꃕzii
6bNgИ  #  !9~}6{^WRov|1'.ho8'}<x"&.
6bOܳ/  #  !$M!R05VO8>W<.)a5*jVP
6bP%P  #  !s"GZ3P򔡛'D樻^aRzҪIhc
6bP!Ӛ  #  !Ƕ%A*8azś}<QK!,钀X>1aviW
6bP".  #  !N+~7?'*DF6Fx_2^_o]G^-ʼHia
6bQWvّ  "  #/E:Ɍq@Z߶A T{"u!PiΌ}1
6bSܒ|  #  !G7ʳ퐅у&s_*ǁD-К{o1ҁ}v[_sgc:q
6bTe^v  #  !ˍƝj;,oi6f~sAu۞Xb&zsmMYY{U
6bUVVJ8ߘ  #  !*SԠΐUԬg>.jrN5]20|SVogj+
6bU;  "  #xET4]&3kE*)Ǖnbp3<
6bV*/  #  !po퐓*c苁*JK"ɻֈ?ϝ-$s̾z)
6bWF  #  !4Cy?Amy~{ApXM1yg{oph̍ϧ.
6bX7K  #  !hvŐf2Xo$,qX2Wޙq3v*Nkid
6bXr_)  #  !뾏Xl@Ѿ}YyUDkk`uXlơh8
6bY+Ȩd  #  !v1҃搥[Kk軄UKk[:ZkW>g`ˏq;"i|FP
6bYv|  #  !vMwؘ4+IM D/~1_?S>z@y;i/
6b[Bw  "  #E2ܫ➐住OUwsj!ҿm/ڒ~#䯍Jᛉ7W:z
6b]ف}  #  !T:[䐋,Hۋ6`ˍU$/q~!H36.uᄌb
6b]'JUϘ  #  !Q#kꮐa'poޱawBj똷w]2P">
6b^p;  #  !9򐥘g9NzCoIG@'b~5siii
6b_ScKؘ  #  !H֝8ԱьF׉ݒ=.6\gJ/*7}ci
6b_=K  "  #ޟ,>LyzA.U ؍/꧑{$<~hZO=
6bb7B,  #  !2ri~턱V!]ַvۃ0%|tpEaG
6bc'^|x  #  !{da+QEӓgF.^,RREuv谎2}拯%iҿp
6bc6  #  !S\{f UaBҩƣ=}+r~B2Ջ6[i
6bc:k  #  !%́y @M|<%Huњ-S-$}~KÈri(
6bfN*X  "  #[5 zD`!J6&$ZBo!W'եՑt$MH8HV
6bgkGm  #  !W9p9ҐrO:PCB`}\tW\pz6r՘]:ǁy\h8A)q
6bglh  #  !ޟw,{/QKPӎzz_gOƱuo{N섥Qt.hd
6bgьX:  #  !9/L3*=lꗻs6wXa8ً6角yT>i
6bh[3TMZ  #  !{=s_Eǩ/|ktӡ4kh#iGUr\c25h
6bh㎕  #  !YSo$Bi٫eɜާ/%(ͣh^AYx7*jBj1
6bj{k  "  #u5i_5zR!Ze-JgxƚNX 
6bjk$  #  !u<gmB|~|U;{ldq`uQ"wU;pII
6bk3{F/  #  !DҐكsMTX0ؤBrmݗ,J}E|{8niJ$
6bl-h  #  !or/!/wkΝ)D{OYҖUit7Bhm
6bn㣷d  "  #VYLPXҤ*H9dZ!k)͑sϊg$,
6bn@VϘ  #  !mׄ]@INv%e\H)ޖnڌe:8Yjv
6bovӂ봘  #  !Gk{\sGk{,CDx+7Gr(@X'ЃWLix6
6boDk^  #  !Thalێ%%տ@3Un.9 ږqw8O1@H`iV
6bpmOM  #  !=k$EO?Τ]1\Hǔ@x95vČ+~i
6bpϘ  #  !bƐP)R*j՗R%d!;Cza0݌2iӟ
6bs.  #  !_:݁a$$g~.'8??6xt"v,
6btC  #  !b"Zݐ p=˹$;2nMSɤ6ݖe35i
6btn,  "  #jZK܍Ȑ?Sɭ%Xnn~"h]п,XcҬڵn1!
6bu=(7\(  #  !n[34("xvjVqFd֣W9y僌ޠi
6bu[Mr-  #  !-A=wt/k30Vߥ"1$Rq&cɟhj
6bv3Ocy  #  !m]v1k#]v/By[(zѥaUΕ{Pe\g+'_iD
6bvr9ꗘ  #  !UZzɊ?AZ"ܣ}ҕuKwj/#
6byKS  #  ![Cs^6~a$vu*s4?aA2o,R
6by6ј  #  !^Wv{<v̧ǋz|RoQ}Pt9swokps
6bz~sM  #  !}@ydx=yzroktbcr=puģ-3
6bz*#s  #  !wŏtx(wev)Lv{fv?&\}8Ko0׋P7
6b{IgY  "  #wb殐YUґ9_b"0p8sqCؒCϛ 
6b|g*  #  !9*7K*%LW2V!E֠ё2;;Z-dykzG
6b|s(Ԙ  #  !Mo4;ȧ0czΤβQLbLijY
6b}]w~   #  !uސ\0ԒW,mstqN]p퇆۩^$aTi{6X
6bv,g  "  #|WDԏB(pczP=[!"*@NxY0H-
6b.d  #  !@Ǚk?y=F9L-$O&ozW?:PSS&i\
6bA0v  #  !ٖC;4~kkS"ngH"D6f[ˠkib
6bWl  #  !J<^HWaM+nV&ˊrN.cN[$,$r)H{l
6bq  #  !S7vZ=y.13p>x{wgYzǑw苍Wa7tUFL)ׇ;ʵ
6b21צ  #  !*υҐ䩉kƌn$!ǞgjN뢤4+##ږjb
6b7  #  !qnP7zp;g|,"*ȝ!Fi
6b'%d  #  !ݐF򒐥ƒ;>z4LZ-t},D\ϋễj:E
6bp  #  ![=3ebI&ܕK!N&<@leޗ jjb
6bt֘  "  #̇բp= z+""չ4{Aҗ֙~ܓj
6bǘ  #  !n;N? dґ=.l8eMD-W|O3r}`k7kCi.$
6bhJ+  #  !'*+p"6SrDb|a%=ofB9)fMjV.
6bӝ#  #  !O&}1V,LO >19 ؤ厩Ŋ_ck@c'ki
6bqgc  #  !j&VzJMgzQwhs7qIw`<rCh_LV5
6bҏ !  #  !yݐpV\o.{i[pQY9l|󉓎畖5phE*P`
6bP`I  "  #OVug̱c>or#m{P~MOlr 7h
6bDK  #  !!@1Z6&/84gIV}Ljos
6b;XX  #  !kÏWz:e>*fkפ]]Ûin
6b9No  #  !5犐7y&,HM(ؑȡ;5.jb'
6bZ  #  !x׶A!QM$`a+gvCGʑ$[8jAQZ
6b-|7ؘ  #  !|9#FÿdO*Wˑck&j;I
6bٻ  #  !jg퐡%Z^iW]NuZ5mE1vŽJka$
6bC7;  "  #`Gbа?9Ƣ:Qs ~"xL=a|'!LMf7Ţ
6bC۞  "  #`bUɐ)Vf.,H#c#RT׿N4I)<Ywaw
6bjc1  #  !r׺'q0g^w*oE)&r@-mj(x_p:T>r"
6bztIט  #  !A.u'[Y)Gꆞ.YevxÐg.E'lS/Sky$
6b6q  #  !LV吣It&rc-"š~l\9К0Oyk[yq
6b~#Lm  #  !lXa(,Ѿ2/$)z)ugw0c;Pj k=
6b+UE  #  !Ngg~#4:݀4 L*N0 3f.i
6bGKuʘ  #  !y-\!YɐӔnr_.C*kKUTvLvr:j;j!f
6bv}0w  #  !~f_ِ,jFЀHC&Z3/HVfkȰ'
6b ;  "  #RBM Ҽ%M;J:#9ӿY4&<6
6b(B  #  !͒Eh?k砄c"P򣭷BJ<ЎLе`j[
6bjD  #  !6{ـݎ͢rt'Mеg81i
6bԫN  #  !avlF\Zr1@jrkZؑǪb&i
6b_'@T՘  #  !G)?r3EŊ\ӵL/=ENU8|?|rwif
6bFA4  "  #J&;|TSޜ^1#8S3Mk8н>ZoU#k
6b=PQ,  #  !`\+UGԣrʣuxšDk ]#k
6br  #  !423Ő,-;_b@cKĢ+T庅(qam Î1i
6bZ7  #  !N!Ej{z@y0(}o_6xJ։x*9(cq١DRe
6bA  #  !vNo,maw<B6ti%uuoriqmyxw
6bA  #  !_Ab6z9#^2Twף":՟O1*0Nlm
6bd?  #  !#ZeEq!Gr:+5;ҔjT>?
6b!  #  !8}M*ϓ^`pv\eb9Khb{ђaGюi
6b܏  #  !|א0eox0B%YQ@my'M"u2k
6b6A  "  #s#ǐϸ<Ԧv$[鿷\K{)88/
6be 7m  #  !(-F4j*{KOAш$4-{gj@LgJ4Bj"@
6bϾY,j  #  !u./Q+GDaDM#ɔ8ݦ,&yic
6bQr  #  !qeDɼ}*N2LYf'A:ZьaƇ#ڏPk
6buja  #  !sLݐ/_.R6jӈH6&gŴuY8IǏ?.4i}4
6ba=  "  #ҡC͸(2P$Y~̽Gf=ЊH{@#gT
6bgMM  #  !ʁ]PikzBϯiXs^$0ޢ~Rř$ϺIkC
6b1Mܯ  #  !)]D$Y9+i;HEneK>ďRvi.
6bt~h  "  ##vޑ}⚢#8 $3=fWpyעg_w֍Q
6bAŘ  #  !`(]\_Ѣ֞U>87/Ќogǔe'kkM$
6b:  #  !ÿOWۑqٴ5@,_:>"9W뎑ď}t?j*
6b옜=f  #  !^ƾ^yDRQ&U贁ha+MOFk%
6bc '  "  #&@B{ސZK:`ǡ%zP$e/~`G<ʕ-ZnJ
6bڭd  #  !F2[%ĐKFDwy럮n9!)yQi3ں@^%:ja
6bidԘ  #  !\l4Po+ԗÎ2ŜKjOx#rGmO
6bZwzAĘ  #  !/|:Nm\J_ß~O\c\C|wǇ!Sl8
6bV~^k  #  !6ug؎])|1q_Mjdv`6P0ˋ=hn-\
6bJ|1  #  !}LV㏚ ƺFq Û:|nAE6&Wpϐgl:
6bg?<  #  !aVT$ṏ}h`8*qV :v<+W2j=
6b[0  "  #缓R!1u͎9@B$q#F=Ӓ=xHwCMņq
6b<X~  #  !0:i w6Äݼ4V/iDp0D&ZvHˑӎnS{
6bԘ  #  !椔_[[Ws3EbM;UG/=8v_k:]
6b,ǶY  #  ! Zl)yސ>e)18|v\.Wb)V냔=tr|m:P
6b`6  #  !fY_#ꑀaoKʩ@'FܢNڿ湚ђ.Ht#iƏ
6b/  #  !'@Ҋ鲐gt͈N{z^P$♍y-jꞁW|A[lo;
6b*i  #  !0Uߐ*"_:V4;˧g!fg7A(+_(>齐eorj[V
6bc  #  !a~^BސJiAN񌗅\67J^Dܲ.o*
6b5o"S  "  #ܮ巭:b{Ģ.чq%"Y;4";kJ"/
6bl¬  #  !d5RtSjm4boR!Z7tH.jkyu
6bgS-0  #  !NVKJ\cJmH*rss^k7MbuZш{n额Y)A
6b[ҶG  #  !<w*g'4q,S&~˨2l{flG
6bx!\p  #  !.|tY*OI3Z뢞Gޣ˼LSkq.Q
6bMɢ\  #  !Zbb;Twnrvy k®qn~pF_R<SzW_noBQ
6b7B  #  !3ǐi==X`0`{6cm=Lt4{v蓧q`|
6bB.9'   #  !+֐ed}2Y:i~O)U2(mlG
6b`rMu  #  !VV<.]7*'~i0EW"-t[ѐAjlW
6bnn  "  #׺vNsǐ(ܖNۢUБg%Iy:k's!ڽ 
6b§jҘ  #  !of`ooM$R%=NRIt(FG'Kqԙ9Kބ
6b¨IH  #  !3{'`G~4s<anbeiMW=pj1A
6bÛ(  #  !6y@fS݉؃t]aH<ݞBCl3n.8
6b$1  #  !#]AճjY!ߝ@+0נ[$5>b#^: [l9Ge
6bĎӗ  #  !Pt=v2NwF>{֣d*ʁ+ϸK쐅];QMj}=
6by>  #  !1C3 M[nգ$nوXt=`ji
6b"nZ  #  !,V|uYQŐmD$:ՠ* 궽vW8al-
6bc籿^  #  !Z~uQF8`nD2 8ä]q算uo2fj|:
6bȦ:  "  #7"/T!vMi|\+%ڿސwf􁓽DH
6bȦħ@  "  #7:==?ʏˑ5&wҏ~cA֗%|QÁ9Em
6bѨ֘  #  !@ynv&x˱^ʖ*Gߠ.B!K`ǘĒlσ|
6bPڪ  #  !YTאdꎢ!sׁ}R;cʈ(葑|ɑk
6bʿn=  #  !L5¤SwJuuh@̗8vs<`{~=8/ˎ)op܁3
6bFo  #  !ޕtUOsr#6Yl[bazW(YbsIIHiף
6b˶򠣘  #  ![em买_&(Ssf$Gf9xV]r7qnn#b˄눒
6b˷j1  #  !t$ 5>[T[tfnAt!m`ճymLdk70'&o<q
6b>.,<˘  #  !2WĐzy:X9ʥsyl9j(QsڑSi
6b̭wH  #  !o}7<АʓȦI#hY8-^ta}:Z+/p؛}-}v
6b̮  #  !`V+#^Cs-Vʝ6zo!LtK(<pݎ(L-G!OqKpk+:
6b:4̘  "  #oтμ)KݡSJ~ӑ0%$á,襫р/V
6b5ߤ  #  !^4^G0Y#o74;I{jP%Qgiؒ]
6bΠ{+  #  !A&2,ϐd2oe{+Ǩs18Ń@mWpx5{sH9
6bykݘ  "  #]MMA-߄j:'\I&o;IDGr,Db-H
6bϘU  #  !arS@cevHY=)4񫒾nS%rK(bn
6bЏ1  #  !UEېXΗ:1xmšgo\/o$kN
6bщa4L  #  !Pf5zVK܍G]R^SKD@fQ{[O.'qF
6b҂ي  #  !Rktj '2M&)MІ?ZL *rr;I*ybBA
6b҃`  #  !VՔpWo`foz`]á'@oiӢǷrK)
6b`hR  #  !Np3+⎆Gu6٥ۙ"%ܢMdn>kܒޢl
6b?xte$  "  #s.J6V6<ԝ2}GM7*&{흐ݜlJSu7|T7(
6bvw1  #  !"{CەΉ{t(ܷkxZTڗm𢾥|B'$p
6brX  #  !kj(䬐RRw)K1ײzo#xi毟p'G}Fj׮
6bP6  #  !CX"nYȊ[5zpKi0coy;7MFQq
6bR֏ܘ  "  #1^֑CJ&誢=~L'/Y@؏_D<|Uɿ
6buv8  #  !)z\st5<"Qiȇ<)`lfQ
6bx䰩q  #  !CcyE|ngExޚF~]J|g1($+pSeQz}
6bNc  #  !ެ\MB|VԈ]lQ-5dPoiC@InnokN
6b糡\8  #  !5 SjlWѤ:]qf?z1h~8|](ɹipNΜWY};
6bᣦ  #  !n̔d50p02o]ٞXjvS[|)7GMnђIRyE
6bt  #  !p6ِ%D#DӍ՗6bh:x!_nA/
6bX  #  !X3|񡐤!wD03tVG`I,톏SubjK
6brs@]  #  !BJ1cUQrB7=&e]ua%Mק%#wnK
6bݗ\  "  #fK^%71miԚ探@ic&`އh&Ut+0;A6CR
6b䙋4  #  !_i?/_n0cBĄ5^J~kYta4{v
6btYWp]  #  !OZ֐6-vtҜsKAWic뀲]mOŖm
6byr6l  #  !D(E"h\2@8+Ș_C{;~|iړh5l݄
6bߪ;ĲE  "  #J&qߐ*FV;s#W&ĉfs2{wӿ'Fo
6bﰦ.  #  !Z搝א=:B"囈x?.2kou
6b8  #  !^\CzϜc1Iɜ:4ڂpc^^؏oI
6b=  #  !3ougKԒ.ܷj!Kx?}g4!f-Omn
6bWi  #  !.Kx\Q]_Tw挖qZLz6{9(q:
6bᷧ?  "  #i㞒۫#jѢX)1fo&Uֽ唟M)&l=
6bf;͘  #  !b.АX--R'8ߚz~sk)0Pysk'oO^B
6b*2Rɘ  #  !݊tk=,@<%Ѽ.L8as5W)誇o$c
6b?*y  #  !AGA_E'VS,ݢn:s낔`mJ
6b4%  #  !_쯺U'*ݑ蜢.X;~~! %bgd l'
6bh%a  #  !dI9C6Hfu}9LӔ4oꖽRTl̀"
6b%OĘ  #  !MiF]N;Nw+,W;ccÃ$h$HQ=mA'D
6bua  #  !bвз%wfuLzGW<Z+1:9^D<BlIP>
6b6K  #  !6Z&Ҹѐיv^ѱc~wɖXWNg&8{|~dr
6b𷈞0  #  !fGjLU7x0l)|zhɬqSZQ@)qԜI]/
6b}$s  #  !dUnxy73g4K,mDV}HW7[v\酚,gvmZ;
6b|  "  #bVLmҏ4QՈ0(ܿw(@շYك<܆<;U
6bC  #  !XMQR(ߢ+~t|U%z0{!Os)*y2
6bL  #  !ՉO^Z,$\dbjň 3:&ђb~?Y'ox^#~kJtN
6bꑘ  #  !jR7z+!,c۶.>uip.1.O~+:zt/op?ry/p&
6b뗝e  #  !94;<bO5Ơ6Ԩ폑:ϨyITɚ}˔jaj
6bᖶ  "  #%D7eap,Qֻ_a:)'vF<זܳ~6%G;P"
6b4  #  !QĐ?J!t&pxlfh?mM2_hmm$vRK
6b쥔  #  !zQ^9'ӏ~5CS7uѠkx=MQa贔Rm'
6bfZq  "  #K4W]ː+֐pH5i)<&%%h/ e}?
6b%ߘ4  "  #źmӭc/Az\tVH$)-ѝe,$ױ.ޕJɵ
6b?EO  "  #/j2uס_).s1d.M׈^NdJ섰
6b\Ok  "  #аʐYq(|aS)N'oX`5#$|n#k
6bT-  #  !-CmǑ#bNŔYH2ίo5ڊck%қ
6by<G՘  "  #O;Jr.zGi5(q(슾fv^;7M^ՔK(q@
6bhq'  "  #U]vѫWUh-_עkG)6eϾ>| ڒC^{҂_#
6b1N$  #  !7w='l!x,JCtlG~&n'8
6bXv傘  #  !07e)Wt׫T5ocNhUՄሺwl#
6b)`  #  !23"mpSqE ꐝ1zDجO{(|㢊7nw>
6b#  #  !BgވWZxܱ#梩78r̲6ε5_Bl[v
6bAU  "  #7zuΑY;#+=K}{J()gkJ.Mq"g.t\Z܈l
6b:')  #  !C3wGr3x,QKs!<󂓀<*6IxMuoϵ;)w擏
6b:Lј  #  !c2ڐU԰ׇ19Vk{r$&Vj{u-T|l&tA
6bi  #  !QrjќMz9$xDfӢ"DfvׇqF
6bGb  #  !tv൓I:,ky>}l^5{$,}JOsȥ2loRF},4%
6bg5|,  #  !ĿF-D$/ak{+Fךՙh||}ʚnjH
6bGȕ  "  #{'2ڢ?*Hb*؂l6F]7#
6b*  #  ! Pjn̚93ٗ/ǋB5u,uWst3tse
6b]Z  #  !Z"mfVK*jiUr`lRR|ݽ'4Wv!QIQpI-Q `u
6b;6 s  #  !L,7񐓠㌻I긨[@(mГ祢,ˤwLp
6bf{  #  !DjbʉtGw;;Fdpç^~uq<ZAuٟZ
6bꧪ2  "  #{Bk]+TCbZu(@ttЌcONhAG
6b }  #  !lf;QO`eVTǢX-Gj|S&Qo|R
6b!!.J Ƙ  "  #HC^B'%֊Bm1)oW۴wC%_RbRI`=!o
6b!@JS  #  !8|[!).I()~ߍۜ=#Usd>t"%
6b!BRn  #  !a=`7w%ClLp\w֫EB{F=4pw<Kr}n{W
6b!My  #  !vYX𺯪v62sE㙨7'd|>fZo
6b"md2F  #  ![ǃqC̙AhP1xm~طj֦uJdrS
6b"n  #  !.DW#g3ϴgjE Cl\c^shpJҖ4}mmw낹k
6b#:1I  "  #4bADQ*V_;_";(Cs05XW<9^bD\
6b&/  #  !X4FZ/xѣ^ @֩︐J(YxUꁯqbeRn~U
6b'cٵ  "  #Y05C9i(؞ԼS!m(-jypc_[h
6b(qz  #  !ó^RאTSdɆ/%t]4Sf>t|^vѫ
6b)t8a  "  #ɵ0HfyycU~?0,12ɕ:KLzw,?Y
6b*I8X  #  !(kr?k(9ѐѧI9׶m^K+<z\0+Hr--
6b,+齃  #  !Ïޚ#)v=]flF)^2A=쳾^MWhfo^
6b-%  "  #ߛoNsEjl`-⏊(Q|tJtG/cW1] r
6b1v  #  !φoݐEcϊ6;݅皟8Lk,EH$f)wW҇Ϭ`qqtW
6b2|  #  !נS\fP铫i~ذF◛\ȕ̄HlaI
6b3ǶZ٘  "  #ȸ笾ovXH@"l#)O#"_57~֘_4V 
6b4Ls  #  !kQk38lx2΀2vQw@|iM:6n
6b4Aa  #  !IkQ#1߄ap$Otl+%GڶrVtō
6b6B@   "  #"Ke1HEU9)/5NEֻpNi`_@n
6b6А  #  !pČ,ՐJvJSyƀpVWnu 0dp-
6b6E  #  !ݖ:TGI5iu8I@{}W홇i[?o㤖vNf}
6b>[s}&  #  !җ ~40G1~K7uS~WSm'
6b>^'\m  #  !oSo)qiep@6΀y~Gat,v{9v1pJ-L
6b>  "  #e"TTZMڟj/(.^6ߑ\a㣄H՞
6b@N}^  #  !f@IHZP}Q7uEY^!pUJĴ|Q-my<
6bA鷙q  #  !>;-LJrً*o脦U4x,}{𑍖n<t3
6bB/  #  !J/;{j?}<}tБ[Ɩsx3^.oh
6bB|  #  !y}fpv7OjUnVтc|ۉؚ|ʺ,tY̎
6bE@sYq  "  #˸CڐW}=.vؑVn(4~D+;d]>H
6bH;lL  #  !ջ)>󄯅,_fF:#ʽBS)kh<
6bJ6q  #  !&m⑧$ɎK2.,B4uHlh:FΌRQc-ĝ";{vOqhB
6bK&ѿј  #  !t*($/NuwDM͙}Ф2jr/ȝᄌ.̛#
6bLЙ  "  !dgv[5(x7{Zd{J6BCCHeo6@k͎
6bMI1  #  !o;^͑|+vŔ#Uw~/΁k8`V씛ї
6bNAu  "  #W雑9ܱGԬ#?ܑ´'{l]l;KB[߉S]/ 
6a10_ݹ  "   LLLՑ                        LLLՓ2
  !JUPITER ׿                  轻7
  "SATURN  $d[\_                  yyy
6bRI  !  "MHŐNYhM1Ѫ=(gʾ'ŜzτH*Q>
6bfF  !  "9QiY*?{e9NO)Q*}-=o6xA4dU
6bo<  !  "ׅגRVɏLu&"a14)'Hhr#D~tM
6b>(ʓ  !  "C2HXn֋+2ۓ*5տ%]=ttc䅇%[\
6biT*  !  "DJ&Iߐhx\ttk-_J*s?qheW@%~؉_
6bSR  !  "'Ni#%jg+ZD+I!)!_`ם?Rin*|
6br@  !  "*b'|.g0\` eP<m,.3s>ŞΕtnHA
6b:儘  !  "?Ac‏Dݲ?*<*ڈd6`
6b6)?  !  "J#'7j._%dݴ,͙K<1u<\
6bh[r  !  "a~U2>R)[?d'ߞm11
6bZGk  !  "skMݐ%Sմ?F;n&.~S4Z)[eF1(vh
6buo/)  !  ":kD%zġJ~&KI+o~%F.DS
6bҘ_  !  "kṭ<֏C[)[]Ԅ%ffW)<s}B' C
6bB`p  !  "Da?8u(Z]CԘpљT%+}{+q;֏׈%E4l
6b^#Ϙ  !  "Ң<eB2ں!7"X<%[*8p옌/Y`ͮ(UD^R)Π
6b/  !  "lseې!Fx2~$;Nl}ӡQ6,P5S
6bK5  !  "`b*%"U$m@t$IMAYp`ճ\2F_&O$
6b~{W  !  "&O[W%~|9ԲԠm:ʾ$^{`#EEYaiN
6b(ʱc<  !  "vՋ4I"$03ИWg$cg/ºA@ˈ+I$ &[
6b3e7  !  "ڝeta<ߐ0q1~0C$LeV{Fj3^-MebuNI
6b<a|4  !  ".XV6eꭲƛ#CN@g>9TZi8K
6b@ C?  !  "eE9ݩ7CÅtΗz9X#f::&g)D*kFT
6bGQOZ  !  "bk;c`裥x#d4ݻ2GҌ\oIcTkD
6bId"9ט  !  "\ⵤ<LUpRntʗE#lqԩe҆W杖)hڈA
6bSߡ  !  "xI5쵂K -$o^ÄL5oZ6kҐ>鶅d
6bU#%  !  "BcG;%fDzhR#7+Nh&<:67xm߷ھ
6bcKr  !  "⧚0R~,ќtr;q##FzۋMXҠi+up䁜h
6bmɋ*  !  "2CTېp?ِ:^naML"F&|d@OvPb_)
6box_  !  "񇲞;1`xW:ze)=#<WhXbJޠZCݭH
6by-xg  !  "&rqh.f\3:>ʓ"ͣ\\wP ݀
6b'[3՘  !  "ɋ^RDYYgУ5`hְar!!bkҖ0؀#cލ?
6b#X52  !  "UTDOj':Z N7a,S Nοp#Bbap_ޥ-
6b繋ݘ  !  ">埐iuϮb]Mf .][ZY&҄/p
6bQV6  !  "[=-o}3Y#~ md󿈳[c}>N
6bС O  !  "QA֍01굋S<,c!bS:?x/[tZ@
6b۷y  !  "鍝ː뒐λ4>L/|DV#k"!ރ)
6bS  !  "t;kV~݅H\/ 6+ͮ,CXJå071\T
6b9MFw  !  "6edr<.堐މ}SJ&9"CY箽;
6b?  !  "l"[,G%ݷÃH+ڿR@4-|p0^&@Xn
6bR  !  "вAՐ!hꐻ/Qp#6v?+`W3&JBބcA74Bd[-
6b7Ψ  !  "%ˮ`;ᐮܶ􎛭*t*ۧ#A+Z[
6b3p  !  "Oz=֋ܐVkATm*t]X"$޶b$E(ջ[C{
6bAPFaP  !  "סWD<bs҄%§u`\+e$Sƌ3H16:W;҇
6b>  !  "sIp*ŐVNЍEǴ)*z5-ޣʛ={ZC#
6bN/  !  "$y°89=U$ߌ]A(ۃxB[jE0[8P
6bmxW  !  "Lk}"+f@G];@*|DE+荭ePxs|IǙSE
6bf؍!  !  "6h)&_~~$p]gqP*FA!vlڨs>gpIגy
6b#LT﬘  !  "\\iǐ,[O'N&=?t)꒹õdTr⩸LR
6b'7I]E  !  "ױS`Z?y܍-:Ⓣ饈)1»[-ܭ1ǣ+fT$y
6b-/Evt  !  ";LVa%-B?^ʜh[p'*WQȄ-ƪn_9%w~>]i
6b6#}J  !  "3,j\D/L~ӨGR")uljG>ǪfRF[
6b:JaӘ  !  "J?6Kf.mC㊈P[)Hb[dŎa=j|E~eIr
6bH1P[  !  "9įh08M=[Ak(A^)Hh|´XY۱J4N~nFfk
6bIpN  !  "YR $VɄp)߄%Ɩں/_<Њ
6bTER  !  "77*}翦$2Nۤ0aXXX~)h#¸I~vH-b)9憜
6b`  !  "on:K|EɹD 8װϝ69%)<«w0`Cw*ZYXL۰/6
6bn(Eڪo  !  " pF¶ISUa%qS(CpVW򐤗Խʾ;-,
6bxTwn  !  "cz}'-ڇ^_}r(סUWSٝ>V :Ҏ 3+
6b}pw  !  "=[Yk.H1~d7'A7u8Ks>ځƩTSҕ06rH
6bWR  !  "¬¤{tZn|سq%^B'F%`ڜj(b\s*6=
6b+ز  !  "J ɐ¯#Ï&WE~(vb)4)cNZԗ.1
6bHYט  !  "苨phY;;ק۬JQ7&w"p\\(Ȩ7vUE
6b?򛘘  !  "u_M`֐c8xa᫖d'lz=N!:خ *;d
6bp٥  !  "HqBڗ߮6샮U')>ZC4ߋp Y?e=v?
6bT:@  !  "ʤc^LL#6N>ȫ#i&K4퓌b٤F捫[q#+K
6b(ɹ  !  "`%-Z½Mޏp`Mݕ9*)$4\!$%Ubu|e<
6bw[g  !  "|mאe~-/Doփs'n̏_V׮4w"/!8
6bǒ(˘  !  "ɲ2I$;9O|G֤쬯_&Mxl|LA$Β=
6bHd  !  "'1n<8k_㹃(spNI&'JhU.
6bc֘  !  "?Kr-%|Yv̼قR4э$*S
6bP4Ę  !  "ن85Mn{«k6))o&ܫ)5ҕ!î̠Y
6bYO  !  "ӕymq>aP2z$jN*sV+ו]&UA! ˌ
6b%zј  !  ":Д&ܭ%DK~eVC؄`$:bSד@]ϰX
6b3=  !  "@ȐjTaLC*΋+`#}us9Yb4Y5ώ%k
6b5k|  !  ":+,r=Ԁ3_b}a#UwfRy{='Xϣ&<`
6bB]  !  "Q9ʐ˜ѠMVfW|#-9]tAJ,̲i:gd
6bMe&#ǘ  !  "$#Jϐv@pҹ&e&g_!z¼Ζi"֤PbA*I %e
6bO7ƚ  !  "rncNd{E$LYGѱrѴɀy4}k
6bYz  !  "HpV]gՒw:Z$baˮe%ͦD=
6bsɔ  !  "pdkGH_\pх t!r@pеќ!t?
6b|bD;C  !  "F'q91u(і#yڦ&y 9Z4\Ҿl;ҖkǦ-7
6b$  !  "BACo3&yt݅Qa@¼)*_ӵ0_w#|W
6bC95  !  "XvΨ9\9IӅIR¿$?M-wm8WQf{S
6b  !  "`9DO!֏VYXvvAH27ߑM)Д{t~]
6bSɮ  !  "y8ϚWͥSgSeV3ыV^;mī[
6bHE_}  !  "a{L'׏`Vw Ņ+HL)ˉ@[B-bCv
6bS[  !  "Zoha>h'vp]g&3H[Rwjy<Pܐ
6bYb.  !  "@;*&h 8<Թ_*5ͣ$͵*ix
6b놺>  !  "7ݐV_C;7Kt=Bح]̥p2#]]n
6b*  !  "ʯyDYsX(l)K^ےF̟ߗ\.
6b~eY  !  "$4#jK젟P]7s0w+ٝ;&
6b*A9v4  !  "⺀吿r810Gy%l%Hz@a[>ӾXs#o
6b+Or<  !  "<Go܏1I۠s5GN5oІO\L;<RK
6b:<LFϘ  !  "EnM&n`=p͠ǅކg!*,~բ%WW=
6b;wd#  !  "ėw4H$M{WjWzÆ(i/9]+9HS9ODv&
6bJwLu  !  "^QF. t,~ФcҍD>?aWnK {~%Dh
6b[L  !  "@UTK]2)M*9jۋ%36f%}@BY
6b]!͎U  !  "x<"bՠ8RMkV񋊇(ΎjN8
6bl{y  !  "KQUVpm~PRr%Լ*3^aüUX-J
6bnπ`  !  "LrxmJw)G21df'+h/M48<t
6bmӘ  !  "~%حJO,pk,P[p%^=@]v
6br^  !  "i7yaBɏ.C+\|{MHpw*<`u~&n
6bd  !  "5cpث'.ƛ6"ƻh&Qzìș7ȝ'Ի
6bC]Ø  !  "tھ*fGv^)\uv-mW@V2T}\
6b\V  !  "<Ըՠ<#ش¬Hv䶈m|뤩پY̖PǙ%9 |ݯ_"<
6bsD7(  !  "Z|WY-_z҈w}G[7"_%,1
6bJ㊘  !  "ܴᏐ[[aLLrR5E/Xc<ӾUM_:oÔGp
6bǡ&F֘  !  "yIi`Q˿K:Ċy (#,fxAF 7eͮe
6b+  !  "3e!w(JlmQ7CZwpÝޭ`c_
6bݖs*˘  !  "f5ِL芏+r'A@^;IόNxUwiN?d
6bݖژ  !  "f4m=LI8V^׬̘4V3h3慇ԽE3}R[SZ
6b폎`$  !  "30.0]4=s)OHG:@U׼|Qw:
6b^G  !  ";45YaRj60%ρrNhkRrwZtW>/
6b1ɴI  !  "a69}Op{$3ȯ͗KPtDyiO603sTd)
6b4׊.˘  !  "̖/t.a/:wD_;뎘'I!JA׹z.ACrz
6b>Ґ&C  !  "fwl^{%f%?Z?P]-Q9rƼ\y3`QM{
6bIt0}c  !  "))|}@|Z(܌!ѝ7#iGdX(g
6bO5К  !  "O֕rΐPPe}ٛ8?~ޖ\Vd<ywqPͳ1{
6bZn@䊘  !  "r3b<jxf|֊Pû/ʷY^<;d
6be^  !  "=u(|/nNA5)J3KlV8)Bopc|V]qW
6bmn47  !  "Mn|c?qPB-`(zpʑ\* ?|G>tO]RkHM?
6bv<G&  !  "PfTַu&t<?KڥH⇕B6ʋ4WDZYjj$W{i
6b$+u  !  "Ҳ?QĐ㗐_>d>`ҝU)nN<)k·Ckp}Bm1s
6b֙ɓ  !  ",}O^qԐ|>!eR/:0c;ykl
6bK[fh  !  "uY\x!?ŧw6GH3<?FazjJ~nJ
6bVr  !  "ҵe_ztߪt7eԸbf~%ɣ!-~#
6bTS  !  "`̐?<Nݘ)}dB[|:9V]!L#lybjIHF
6b;`  !  "HF7^bvU!Ö'M@DN"ItӥD)P
6bU,  !  "*7bȧY-j><Doֿ掍k?@16kj7}er$T
6bȺ"P4  !  "ۓR뵐`ƏOzk_s=G^и˄Ħʥ42PT7
6bк(,  !  "d8Sm:rv;ɴϣ+儾ReJM8?(;ǹjr&
6bٜq  !  "mu3Y\yS 4wӧ,ҷ-e4<F 4$
6bVεb͘  !  "2՝c"(]m!;tXp!~tC2=FNj#pQ
6b~048  !  "lL":0pc&L=XR͗DGІ!ʳBa8LN%ŮlZhfR@
6b^w@  !  "?Yh.g8נx*RΡ)ˈJ)͞1`¬[V;t
6b'P<M  !  "[lNNO9;!'sM@t~;ұsjm
6b3[p  !  "~"Bl呤}9훗Lz'/$8xOESl٨f
6b;p'  !  ".xW[I͝k:@²\"ӽ5̩^obO
6b?":p  !  "2rΙ|NU{:9-SAS4^oёm5YɜTpa!
6bG;h  !  "u6쫐|t6Bd`n"~Wf;:Սy79/7_Vo9<`h)l
6bJGj  !  "ː;84}zM/Kh0^4w)q\_x
6bRF'W  !  "t"d!Alc7Me̴y:1M(me­m5Hܝ[q`<
6b\mӵ  !  "r^h<d<fuV&$ͷۗo䧺O(m2kw
6beL  !  "Ƞx]ËOV+5387V~t07/-0rΉcu
6br~V*  !  "Bn,7Q$KwFH˱*':U4Eŵ?t0^w
6bx2  !  "}Iwk^6,f.i;D/¥A&㴑3m'vG]r.
6b1g  !  "ߘ]#Eؐ52ufRDq{1ttQy 5QAu`$"
6b^Hn  !  " X}u^F4~')}1m<Q1s~@5wɪ\X{K
6bJ)  !  "wEx[b1&*o&xKeyʇ^vOo14#4̺]UvC\ڔ
6bҦ?V  !  "У/dQ{6.݈"VŤȹ[~ʑY߬#S)
6bc  !  "ם._&QC1/^yywVt@zL0V0q|GbTQ
6b컏A  !  "ۗ&kq7?9?'HýŴUbiO:ߢ1֩O
6bש_Ę  !  "U/0F11~?ȝvy÷H.nnƛ|MR~
6b:z  !  "iS/ٮG԰2ͻ͡gyzhÎiKB\-־~'wQ[
6bㄜ  !  "tRdŐIn.p?Lk0]Ruf'0/V9DVmyQ\
6bCWa  !  "Yś%ؐaWk-qQ'6̒Ts>tE=R$}K-|J$4܅;N]
6bp"W8  !  "Y5x6/ss]~gv43+%X-f[;KQ
6b2WS  !  "zAfݐC-q}8P3WsĕZo$/,l&TKwQ
6b@@m  !  "+Ċšht)rJ苐\o:@;0Wm.oϬi3ȎN4
6bQx+g7  !  "ev3ѲSR+Sv(dpi\i#*?89^8H.
6bRR  !  "(ҀɐČ-",ܝr]=:rn(ٳ"7IGD($
6ben뛘  !  "/kV*5ő(/_lDż˱*k$-ÙH=
6bg+  !  "hr긾?w)Čl~,nvچaaU)G:iF~
6bhӧ/  !  ",ެľ]}Η+xfE^nHplC2Č原(BbLxR"oEg
6bzX̓{  !  "%{GŦqKr&HҎX^j)9̏-b*<dԵ_(Gb*
6b{Mq  !  "dҒېHei9(fv܍܉lWj߷,(.:{{D~
6bNܘ  !  "/EOťV%k%/ǳ56Shx11":(˾Ɠ߁.D
6b9h~  !  "(4ِ|w/mZ%&LJifjȅ(X}d,wCP
6bx6  !  "ӕ)W]q)FOp(k֯ĘV&iK^iE@yI
6bǲhv  !  "Buxא_vMCR&߷9i,lůf'٤EAo
6bFk<\  !  "09|Ň&TJ%Ud<mf[fh;Z(N.D5Bhl
6b^z  !  "nϏK$̐Ob&)ʺv"g%lHvW#&Ct;;t
6bϿ⚓V  !  "֞#6q@úB'׻:냍g2J;%/!971C9
6b%ڽO  !  "!a_=.5&[EΎ66fշC'C&ݓ.wXF:
6bK]Ø  !  ""Ӑh[@M_MP*:ԁ?rBF
6bJZE  !  "*+`34aR#E)ؐkNb,/v67*6%s]]wXaf:(
6b&   !  "w֋0%H[O<>oܐO6;{_wz݈$?~*ʊp
6bPВ  !  "6)UXLߐX$"󴐿Fc<ƩA'l:Jv<<
6bD  !  "@oM[Ꚑq=PײN[A+yjc9=-zZߝӒj
6btFc{  !  "%Dy=֐ðѐQO5%d]p#LJo\I8b ~FDj
6bs`  !  "ҙ.sCĐí1N<5gE%kAp5[~߻M7ēVeX=.
6by=  !  "C/ّIK4Fw#3VoEi wg7mʭ¡\=*
6b<6  !  "д Mv6qٔɏPqnY+P5$!%!ށWM8ȕ
6b`M  !  "꽤θ(?Ǒ-O4VUpppn7)?āČQ4տv@X%螐#
6b/t  !  " 0GiCIN}h4üÃѽ*nP,Į6yb4˴mɨ!8}=
6b̒s  !  "xSvNĈ6쉠2!w1@jXĨӋ:'3G[M;HT3(k
6bp`;b  !  "{-=(ɐī.Ғb<3F(B!k̨w_g62!3<^`gA
6b2kX  !  "49fe62ֈj;|)~1Hq15
6bBtN  !  "?4ޓ>aݮC.H_ED߰%̐L&l
6bk%  !  "n.hh{GyE֩mm)Ʉ!Tܷ|Kb;4
6b-|޾  !  "ڥʿyW].تIɥ(?8]=)*`0"
6b%ʌ)  !  "6؊ݐCSn)q8I!h8S|/Uī!5E7
6b6?D2٘  !  "ţ1#'ejd/mMʛ/l=jδ6kK%G;̣A+
6bG?  !  "ꆉɸhMIeD?n5-w,"H=ᡯ3
6br  !  "ʦ7i-ZE8U94ܴ\r Ȟqv{0<z
6bku  !  "lXm㐵=35&4agZY!|ƇexIaC}
6b͇DBޘ  !  "k^}/|l5֙$0LD^&˸TbTKkH8}ٽ:
6bϡ5  !  "5o)𐵑fsڒ:ZŚDԀ:/'ˉE;ٚ{D^P^
6bR  !  "9/Cɐ]+yF@X1ΆCbs1i(M~[2x,m@|Uw
6b@  !  "cܬkWTº`}:W,B4Nr1'8fRO
6b)4̯  !  "X~sa^IQ&@J#B!x@RpZ-뼵&N M
6b40YM{  !  "դpOL#>Y~х+A2ÇxAʷ9b('Kv
6bKҕ  !  "|E.CI3H;qBf˯ËAmB4-@c捥G~6
6ba'  !  "%;X-ļw񚼿ún΂:f¤;P>&t-RDyB
6bzhҢ  !  "ԏ&#t&P,F;:x?V;nC@O@
6bn!  !  "f3Cw֍WE:Ǚ%s|F1niLnH.0yg
6bRAҘ  !  "'OzG၏]|pט8{3x㱼:n+ሰ%7+jqB`ɲF
6bv$H6  !  "T1HtWQ#|1^TtpeL:̣4*z{?zn,"%Ó?
6b+^  !  "y5㐺f_m#w<DPWu덬9x0foi"ig
6b/c  !  "ۑw#DwGыĔ^뼖beUy(]rhk[
6biHKΘ  !  ",␻|"ЏAo^͝m=MOEfz!c]9tmksp)
6b  !  "F#!J쐻e)Jm{6p.*;tҎ^Rmۤ/HqluH
6b F]  !  "q2ݐaUg(nҪhחѰc7ˋ?"o$ͤ{~ZuY$J
6b֎FV"  !  "e IǂۀJȈee<p!}ueБΧbEԫhp 1닛
6b!ˣpԘ  !  "P%ߘ^`ntVbNʿ;8lZtǪznȉК\
6blr1Ad7  !  "e7d؏AR4Y&3͙[SD <KDSGlwkndۃ
6bÊT;X+  !  "qYSVº촏Q*ȸks<ޔi>k[NU#,hk롦]
6béz"  !  "6fuZ2KS0͕F޶O:`2/Ofٛ|I
6bëp+ʘ  !  "`Z!z8CR}@'w6ͼ FN~HFg8x[7a
6bڨ  !  "uAó<K\KM16!OސU\NtRNfVta
6bE݋}  !  "ROzeîIՐDMJǛIœPԼ0LPݘub`/ޚ
6bߴH4ֺ  !  "WrøM)rM5ǽ)Z~+L$؜cL(S3baǗP
6b^c@  !  "Npg^Óӑ)`N,"ߛu-9ß>\UJ)l`bY{
6bOBl  !  "-04-А\JUjWٽY˱lYr}*E8L5#
6b!fwvxK  !  "_25M=qeH&gfH݋zaie2
6b!~`֘  !  "41XՏ[y2?X(`꣮Ͻ_h+}^<>b8Ía
6b/"  !  "]R"׏eG@ŨTӊ;czِl[Iz>Oa?W$:t
6b1u5Y  !  "hd~_h\DƑvK¤b8P5cc8yԝHjP`])G
6bBj  !  ")op/`/߶EbYp{8}M;L2uTgH}rȶ{`0R
6bC8j+  !  "ZTq:(J_2d}lyxQaQ_aERYp;
6bD~)1D  !  ")$*CdG^F+D)gz76&Gڅ}_KA&
6bDwC-  !  "U;cЎ_?ܺ0Lml$͂B8k0/{'.q^UXI
6bEm _  !  "Vw6=fNkFhiXoT\ѼG[Ҿ^'^eI
6bGKs'  !  "HˠIP熓:q:|U!S?ޔ6ܯ#߉쯧4
6bSJd  !  "Ftt8ϑ8G:%xcj4öPk!6Fti:\f
6b_Li  !  "Бv&G/rSZ^Ԝ]]þ Emܱb]]~
6baP1T  !  "z4+ZitŎ6XH⺚oMXI19Bi8&E&I|g
6byYݘ  !  "̼6Ě Q&GY>ӢN9MP~RBorNr^i|R
6b{IOvM  !  "8vO"cEN;݊#{|d✺C]f5O_0F}
6bĒܱ  !  "GdŠ𐧍5BK;ǀ,͜䆣myĨ9b(CCܖ߾<`;D|Vu
6bĔLձو  !  "}9t[A) ǯU>Oį4eiD(QFz_\{N
6bėK,|  !  "ɀa쐺?~^iاǕ企h-+WMCK^u숣
6bˀW  !  "嬮Rݷ?\$<\򓻜ƀQ[<DP@fkh`)uV
6b̘  !  "G%v4r&Nu)ZMJĐbG籛vUڲ
6b$oFIG  !  "եH$Yˁ=ɟ#Nay79/q2_7#?ѹl][%tQ/q
6bhYI  !  "#`dߐ1^=[FĒDv1\mCX?^93]C*r
6bZOL  !  "A/Yłđg?Rge=G먓8;f4I`\h
6b\  !  "{0X=,$cd|سW&GO>iZg|^3(Nn|B
6b"r7ޘ  !  "˄Es=1<0iЀg/{<0'>H٥w^Kl}
6b*oM  !  "_!õzsw:e;`r՚S~ŦIA9>ea4^8nev
6b-Ք:  !  "PŚ6%{?7nrG/ĻEWs:c؞mcT:b_
6b5YMO  !  "3S;D3GP<f44ՙ񽒀2uŇ(xk<Y-t`gfꎸ
6bDvP  !  "Fqah`{Q]1;!ʮIb+ť`TH<5Jk]Hd{fcPQ
6bG9;  !  "Tr%G5><ņ|V,,Am&:a=ۛh@iW3_8A
6bP6(  !  "u(61ސkGjZ[;85X+c:{َ#;ͣ<8ri`)@+
6b^I  !  "{ptrm+1:і6~?΋?u:-k~bkoH\',
6bmxq  !  "3}mƚDiV9øϕt}6PTk :mr[-2
6bpB2  !  "eSEX*(ƹ5\V8g1B|Pˊm;j^6s[]
6b|H  !  "&>Kr6t:G;KTƔd}ł"Bۜ89*Kx͑Ug
6bF  !  "ȸ[$T ͐Ɔ\9ǬNҴ|}6Bإm9J$^z\Vʗ
6bŒ$yVbE  !  "sf9"uƎt.9Z9!i9/|K90ka9>u┼Z~Uɷ
6bŤ1;t!  !  "qƚԑ8<Oy{!5y_pl+J9(vT
6bžt{闘  !  ")9m?[GҦYWIT>׫[Ӵo͙)
6bddt  !  "#Ff;|Z&0p@;WVCYv\CF/Ś}I
6b$zO  !  "ؽtaW*SӑS`Z%d;,չjH)X29ܜn,$k&
6bj^v  !  "ۆoQ&|^t"@Z2,Ge])՝\X8L"/l
6b0|  !  "؛ca*X`Ӫqm*u<CW-Fנ.]
6bI)  !  "Y@^(T8I [+ofXii6a4Ȳ&K
6b69S  !  "S ]+B{RV)5cÊ1KJ٢*T۠7$>J
6bl  !  "Ҿs([xS߰n:E;[(OIU'cioK5
6bŇ  !  "5(\<x<Sv;6~\8bO }U1P/vɤp*
6b#Mf  !  "bv_|*'SJnBrȻ[Bs\S{xeSua
6b/͙  !  "lV,lR7=)В R㟖ГQV
6b15m_  !  "8EG!s\4ڐL+RNiqHÔHrJP~;tCWs
6b<S  !  "oN^¤lQMJUu𽝓\^EPҫN"|PL
6bK7.  !  "S&\ŐĐ_/P:Nj5A"9}.rzPuڕ!fɹ\
6bMյ  !  "p>Q/O":<tmT#6K{R5<fT
6bZ͘  !  "@fn( Ot/5h0@Ց56ǍOKM]|_~yl
6bh}9  !  "ЖÖ/0MJ?.47p@xQvřiw{Bu
6bj((ߘ  !  "FֱY4NrKՆGՑ섢د\tN@/[^ǡ/ۘH
6bw8  !  "k_MrMM]x1B3:tBMQʾx&
6b}4r  !  "ċRlÃMR/2tH*ůK .~b)
6bƆ:  !  "92<qߐ_rMଛ}d3(gA%40|YXIƾwTyD,x^z
6bƑA  !  "/G8Oð2L%_\ 7pS~\xKn]~є}_
6bƞeOݘ  !  "gt|luKwK=(@TírLK G\jx
6bƭ(E  !  "ȕ KsځK{EnPrj;.IQSMޚpJz
6bƮ݅ǻ  !  "076ĐuFh|K02i;YL#.HW]k;oB
6bƾ(GY  !  "1NklU~А)J!nlQe]Tߐļr*uMm',<zp
6b6h  !  "ovfMI?kI󓑰ЛܟAJВVJ|;~qzOp`
6bi  !  "͇1Qk0pJW*ǉސLאQfGVEⳫui%
6b͛@˘  !  "zz%YYbII1cnĩ*^K:]~]Pq>
6bصoa  !  "&O;ؐd톐4.IB߯^H%TVܡIQө%:jw
6bFv@y  !  "yL4->lmSIfFn䒏h#NܑMFO}~Jkd("0
6bdE  !  "yăҐVHxi*Ҍ7̮5YIAeâOjӴ
6b;^ޘ  !  "V9kޏH_2{%aBY~FMӔ6va
6b'X:0c  !  "rtĔ*G};c%cp2H/"FeUbI
6b4J,hǘ  !  "Ӌνģ/"UGZ²=:)cq@G#.,ޗ1e0
6b8(  !  "n3j]F#zv@3%sw[XZܔLJv1t
6bF݌ژ  !  "8ɐF.\7Ljۮ%TJÕ>[j~pζv
6bU@z  !  "/(̢}Z<Ϥod>}7:XۄdS
6bWe#M  !  "(XFaƔ]Zt>0W-CڻZsXJ"Z%~@;ӓ]
6beuh  !  "m*CzYcXT!&0%]X픙<zՙ$9
6blxe  !  "@:[U!=XӱRzMXNk|X9Z(wt<A
6b{oT  !  "WB.BWjP/j~\ 6CqtV[oɘp%P.
6bǈtk  !  " qh(mPU<׮Ub8Zŕӟ@|oV=όI0o6įV
6bǍA  !  ".Ҿ=ݐ>bvTKM֖jUnYUKҨU}m^홯O'
6bǛjIE  !  "`MgPVT\ګ䬒<i̒SC#f{0@fq
6bǧ)Ƙ  !  "->ǯ§9qHR<S2].|򆍏rϒSfwhblbg
6bǩ.Զ  !  "6c]se¡O1S<hE-òY{-Qkpah]%
6bǴ&V  !  "lyOIؐ0oRmiE՘4ђEF[b*NwP!"Uɪ^ub
6bD}gf  !  "|BKf.OHf@5,ϙbvLcǣBC8tQY&b؆
6bˁg:<%  !  "&wA>Rђ?+fEusr| JA/|PYŉ\~%
6bˌW>1  !  "/^C{QAɉ骘Bvg0<3\0=;Z[kGPOs1
6b˓IfK\y  !  "5f%θ21>[,Ȋk3rⲠŚsVFAA_F]:Y|l
6b˝cWB  !  "N~D}aZ@ĳ3*^t m=*ٽFkUjOz
6bˤ2=  !  "8퀯ò롐M>u#Is@zґ>S%Ԙ`gߒP7q
6b˪VO  !  ",?ØvՐ=9^Gv_^W<qJ<>"ϣ:il+?Tn
6b˷l  !  "DdKrƏÇ5I=9WMv qßN\%=usi)NRJ
6b˹lr  !  "QZboeÀ)ϐ=n"rX :Xpt[5<yݩ oRqM
6b`j  !  "Xh[&RZۑAX<|boP eR:;Zs5_Lo
6bT%8  !  "%=#손&fݑ:n`dC m]9e;|0sdgLB
6b5~ZQ  !  "8'279歏Д.lle vlO);yoU"tqN
6b1E  !  "/کؿ3:&&.l}V:|G@lzĘJO.
6bx|%5  !  "K$uՑC]:r<)iߓl-ln[k7-<XekV0xsO
6bL  !  "WA!3ˑil:+AٖljN<s[8nlp)jQGv(
6b @Ø  !  "TF¬C{]MV9>D䒖k53?x8bUa3&H
6b0xQK  !  "YGig@~4c7dWJivXcyvċ\9Y])ȫXJ
6b2K6+  !  "ˌǆWΐ`[7մBU/i3]~>.80z{ˆne.H
6b3  !  ">%:dőMi8z^ձ9iCd1`6а"xG>
6b= 8q_  !  "~5įlKSQt5ȇ{ؕŔωeDIo7S7X
6bCT  !  "0[q퉊3?6R4A9JgxF{86n&0:G_i
6bL  !  "b<PĤKzE.RJ׵Lkzy6UĻ*ؐIFbܶژW5yp
6b[;W  !  "QFĤY!{J!fpR[;yx^NWvEIu=bmן6T
6be3u٘  !  ";MNvÐJN]yc#ŽVtxXH/Zx١Lh
6bl  !  "ߦ8/4Mx0Fe$Vٿuy{`WiKٹWk|
6bb{  !  "Ԓ9grIuY2yox#TѨ89FaGc<- Y8
6b̆ҫ卞  !  "*glڐѷtI,;{aÝPw߅ű?8 {G7=3a*S
6b̋쨾  !  "7DwRp3F֗S^|m,t_r]dJ%-dl1D%S
6b̒E  !  "b:_q@؎FllKOҋ*s˄>e8nJ|ܔ+%׾0
6b̛ȑ)  !  "(ADfġ[BHg5S/]u'ıb@HFA=;yM,s
6b̢W'  !  "2zpĔEG(ehttĒ+uO'Hn䷩UTJ9N
6b̧׬[  !  "k7'zol.Lߡ{Y]$GЎu</Zϻ!Eΐ
6b̩#SO  !  "a"(ls-tXF\aAyG.<C=Dw
6b̭`.L  !  ")$zMŐlkCG&7Do]K@Ŝ֓A\]꿔MLВIK
6b̯9"h#  !  "݉?8~SB(wmu(픀8E"Xھܶu
6b̶qط  !  "eSGȑGe+e퀞0Z<ʵg+4$U3?嶭
6bN3  !  "¥4/*I)T4*%$~ooX,y*${(eᒼ:h?f
6bڏ`  !  "ߟPXvŐ3%{9܍\TmcݕD08&4ǽ_I=ĵ
6bݸeɘ  !  "p%NY␼_HI#Ҿ"[R{⽢ey$ÄuR$=ڢ
6blZw  !  "a6}ߐڱ\z#˘JRi:mQZ6h#l䛒h4><
6bHJR:  !  "\勬sq '|]DU#ٔ"Z|)T۾j/ECkf
6biz˶  !  "LdGP-@']A2*ĐcjYrҏߦE@9Rg -s
6b;`Z}  !  "7Yv5)̙A"eᐓi->ɐ-\>-Ey.Y
6bTU5)  !  "!3אl.М,9DEcdQ;>hذdϵ5,
6b;}7\  !  "awsN<˪bfUc'RL$9=I6СP? (
6bӠDN  !  ";IOdS";rͪ'րNcZ$Lko8QĹ\'U{/
6b5fip  !  "~Ñ\eO82d-#`;1_C _4CvɓJHpu
6b<jѫ  !  "_ws{W9Ï`BAAܹ4Z!"2
6bB@O4  !  "ȽuAw8ܬ5W,h^y.FTqeu8W<wˆŀ'
6bNFIɓ  !  "sGʐ/"*k!؉6ؒ'"cםWΆPj i~
6bR6\  !  "5)*/H觟b6C=Tp#0E&re
6b\-?Sإ  !  "1P򆵐c./,Zc<U/OMg3zI(7=vJC
6biPd6s  !  "|vQ(bǙ6ԐeP0BQʑ"D$9\Ů4\"
6boX  !  "#Fܴ`GE/-aʝNj[SWϿ""^{0Pؖݎ_Fq3
6bd   !  "%`rZIw=ܑBb,ȳ*4?-j͐CiUQ
6b'C7e  !  "<rpE6A#tQC]02TDtwԏ]+0}
6b6zẘ  !  "pꗉE~{3q"IN&-LZO!߃ƪ7o4zXLL
6b4a/  !  "ݺF"&*ȏxϨlQX;v%mCĸ;'\KkP
6b;,  !  "=jސZؾ烇}AqzX-;::Lڲ.SUf(a
6bF?_ژ  !  "%2ALBꉪ9* s4w~,ݐ!sѰƏJ2-2c
6bGۼq  !  " "ٷE։.@!TSiM2ɏE<
6bN8ǘ  !  "ܿYv٭[HϋzI=9ĵFБۭ=mkeN2
6bZqx  !  "zʩ5l]1>s:TppAl^_|S~y=s@p_ t&
6b_2(e  !  "]1B!ΖƖiАἀJV*<UѲqZߐ9yK6
6bh6oZ  !  "^N[`o]`3N~ɎLX{TI;!s4Ol҆ᔘ$ܙim
6bp+2X  !  "Qi]a.t1-Q_Vv0|pT[0ʔ{ުaS
6byX=Ϙ  !  ".NE="pLJ/lk~y;oUŘ205!-`K=N
6b{1 &  !  "Kѝ%1&W3Ë˝Wnm(/j6Ή_fqtwg
6bΆHQ  !  ":?eV),-GӋT#R^6/BΘ\}k
6bΊ)/pp  !  "ԏ`v~%ctJ,)+#ikQ}jtW栍ڡ&}ōM_pLŀV
6bΕEu  !  "8Ё4:\(ǰq'XQ}s뻙ƾ֫$@%Jg9;
6bλ39tv  !  "&͝i2#tdԚMPySӐ, atBzMF/
6bGo⾘  !  "/dc,QSُ.^cI@d!ޕ'ꪎ-U/A5#H
6b<'p  !  "bp7dΨb9'{q0B~@|_dHq8
6bm(  !  "'EŐ^̀Xwb{?D֯Ns,9DgX
6bѶ(C  !  "qo|恐6ا/_y/]9$"$0L|ձ0D
6bѷgU2  !  "\EN1W琪ZY.[X7k\jxݾf̒bHPB6
6bš+u  !  ":j5T\sF6ڂc=E0؊:?OAۂNNdf'^/]r
6bdg  !  "s|5SqϵsyAx#)X+͏z7TQD/)V
6bҷƒ  !  "kG_&r-㔢yLHF'?uiyȼ}".6
6bҹymΝ  !  "FXvX0B@bq& cO/.q<$P-9X{ iP
6bһN,8>8  !  "^vxƐ4±3ZI$!(prUYOoAP% /g
6bQf멘  !  "I?EWꐾ)OK/ʔQ-#6WFfoQǃ_ 
6bͷl0y  !  "WO/ڑld~Z`!pG9,|$5YۡHR9)
6bͷmy.  !  "Wt3ANTrC)̧k:&x>'WVY.g80:ñn
6b2YE*  !  "Ys*L̑,sdy&-JHV0JՍ3-5ܑ/[G
6bZ%  !  "⑶PWqBxpl{wg)W#|{w=ht[m>s(W
6bv2@>  !  "t34pD/@C^:)z(^1ɌIQ6?[8S4
6b՝ѓ.C#  !  "!ЮY4kve9iэ-.,$^5֎xۢ:t,"
6b46^3T  !  "e-2i/Cġύ~[$ΰ{Fa|{Z\%ۓ#
6b3mbØ  !  "ƘvΎoʿgk@QiYI㘋o/{n_'PئLnn
6bW>Z  !  "-Nʠ󭧑!d/VQ9ʰSu#1gw[NRw5\
6bYL~  !  "rErK:k$A4{=kS?}9nؐ~%̌[7S
6bڞVӭ  !  ":ݚkmf̞VS:ᰍ&OFvlˮڐl3yt^]͚\GI
6b݇{i'  !  "l=]V.x芊"<-ˮ0n|dߏcO>s,
6bc1  !  "Ԍcl͐Zep<@׌CGf%0r>}ܐ`s[T7_F
6bC  !  ">tP."|o@OU:lvU܍D97Akz!;:G
6be-X  !  "R mNEK<γ 툋9lͯ*ےܟ1ِn^:9
6beV  !  "RÅݐE{5ެ%na:fޮ揎޷BKl:;$
6bۆR<*'  !  "#K0P`\:<-VtTOv>K.wH$=
6bۯ~|  !  ")Yߐﶏ9)Ȥ-Q.w3Ò/@7'*LؗӞ,3~
6bf  !  "<'c}IϩM[ᄎ&52Cla's4
6bܘ\8)  !  "mvҿC%n=&vOÓ{VW)'K)҃|QW
6b2-  !  "#'AU*\\E≳bEnήO)uE-TnGY
6bϳ1  !  "tĉLJ$˭Ptq+Ρ]#}z KPKB
6br|  !  "LTzso/:h7%<f5NeKK?E}1NC
6bt  !  "8͵.Xby*]aZ㔘{2Pm[xZahbN
6b̯  !  "f`랼ƁlVtPH"ù؈Xƾ_αS˽
6b?VJn  !  "UfĲEIlfAϐKVo!܆.NE&+d
6bTZdV  !  ""|qΫ/1Eׯ|Fѧ+{)wV>}&?-əԠ:l
6ba-1j  !  "reޑ!S!PQÄh`տ.Wzh
6bcs  !  "b(F'w[ubؙ"۠hۉX`*?oд\@'HX
6bqQҘ  !  "р^㐽l֐' 1A/HK$!<f;:mŹwRݐ}&F
6ber/i  !  "ɀ;c5wJsep>茊0"ؿ]ҏ;i˵I5'< 
6b6 .  !  "\KWNCڎW+*6UDqU㴴4ιa9'
6b7FM  !  "H&S_׸`j3'ۡbYï=RסQpi?W
6bSO~ǘ  !  "s؁ҐrÎ؞7X-k˱?eԑk?جҚ˞, ^w
6b=k4  !  "j.Tv×'ϧɦKjDzőNIQ<.p{
6bQ  !  "lR%hefLd<<譻/9,|4päVV(O>T
6b~%l=F  !  "<!.h8egBk≢K~aPmS:h]
6b N;df  !  "LIӑU;QvКDY[uLCꞙt
6b).T  !  "Ɖ뼐+w,7<n*fSpȔjl"E=V6Ẻ1-hpJ
6b2kUX_  !  "޶l-e;։Ȅ+v Ċkܶ5Ǿsr%8_
6b?/ݘ  !  "Kˁn&Ǡ?ǃ:+[F$ɭ"ߎ!p&{^!
6bHm/N  !  "dW`J{p_g*.^69]9Ҍʋ-#}}6NQY%
6bYCc  !  "ZOsLbvt˗5NZ;w|vand-껸թnԢB7
6b_+J  !  "lC}<ș#;^J"tَ/.V^ê-+6
6bjMTx  !  "Ȁh[W+j18A_OP${<K4~U(٪dS
6b?ǘ  !  " kŐŔ^z2Kod׈ś_a,d蒚}0AynQ3SL
6b៞fu$  !  "ސa[`;kyh-*؉ا5"[Y|c4]I%rYn
6b᪴%P  !  "`HPyu$Wډ [RuI*v_*&N쾐ki
6be^U՘  !  "g(ꥎ#pԂWҋA,JOsfBz޹`"
6b| 2  !  "Cŀ6ayhynU!oHJmAa^\}qo.D[AP*
6bޘ  !  "q]&898ƓV_(x!bt,(޷'_
6b)<?  !  "D]$-:?[N՞5<-Z+ڕ3#F^H{D
6b4U  !  "ݨ:eGE(ď3ԙSQz'YN_Pd]|uy~d<
6bD^@.9  !  "CȐAَo7MoEu<zGzIܷ汎q$s?e
6bV--  !  "߉F^&vG۩[TԍI"ӦQNǻTQۏ]mpZJј
6bZX,  !  ".T#Fjӈ$o×ӎHh^lӜ
6bgPޘ  !  "n%=ݍ>2FiIq~žUg̘+
6btƚ`  !  "[~Oȸ)(w :<В6aCTMΏwx!7f0ͥ'=
6bBU  !  "0rV0vZaї[c`mThW?:zKlrcĸrg
6bB6XK  !  "0]%m8KVU6n+sfx?͋xTGuc"Yu%
6b1P'W  !  "-FNkșĎn?]<fa{B5=ЋVbWwH
6bN[.4;  !  "񜀍(jÁrn)^Rұû!'5{4c1_n
6bcyԐ  !  "KZp+ii?]A|z~]wyʖ(h.bY'9I
6bSt_n  !  "hB~}!۸%f{O̴řڪC%NWq;DêatEWޖ
6b⸳E  !  "Ƞјݐ"8}"وkx.CѷUafƗYΐ8U9/eW|,
6b⽇  !  "廇+%ǢO~㐴VGBzVvvN7dRⳳ:f
6bU  !  "Gsې8?}êk̵»`#5?)un'woi_
6bͻ  !  "?󌺐ǅӏՅsk`ژJ:f5YTu^RF<jՌ
6bұ)lB  !  "ŘAPOVH+E  Z{vovߣ
6b5;P)  !  "H09S$|u1Okα@H?KƛȋpkWqǅ8e
6bYޘ  !  "՟T"S솏ﲣr8ѻޕt8ŉD\ƂՊcv;+d
6b2o[  !  "JC6ϐ%I{KO00TيP=ExV$96x)X,
6b{Р+B  !  "HrɘAVHRC&\+#):3ЛZ㗺7炾/
6b51  !  "[(>ɝ*:~6ȱى`i8+KR6ڦ
6b㓒G;Ę  !  "-#vRɬd揿gYl5DQ-c;ŋ?6C^U}
6bK  !  "pmɶ[0DsKRxt<+UQcn7MyxSۘK
6bO^=t  !  "؏]ɩjTX+KشLu[ǼᣌmZ`J⸢GV#
6b~@  !  "_j@ɤtxb/uą\!Dǘ,MwQ931)ӨS
6bIG  !  "9ӽU>m"מP[ĘǅLjaӻ $%FаK
6b\Ș  !  "*@q[x)UH-V'c+.H$Hgfq\~
6bꃇ'  !  "X+!YAJSm(N&ZO}1Ǧ_K?݈rVQ
6bFf  !  "[SЧN䢎*ة<DPf*ǯ^@)yfP= g
6bC=Ø  !  ";B7iT˿b;>{,^u<Ǯ!Jׂ쨸z?
6bl-  !  "3,$y琷WZkְ^\QvZ͚/I#vzhI_
6b%A旐a  !  "8ndaM G]T\֐XN XCf[u
6b%gߘ  !  "eBZpȰitI12yQI_%\jx!b3p5/
6b/j;s  !  "4މCs,DfZQM[锏<G4 v6ogT\HL
6bg{h͘  !  "M6>[ssnz\|MOg"w-{}f@
6bmS  !  "OF:(ɈSaXI>3hʑ3u81&D(쭇.
6bt"9  !  "TBʋނp+oDO/ؑ͋m-cꡫPw
6b:'<  !  "ܸDGjư(&I~RjOŝ蒝HJ:\ם Aa^
6bRL/+  !  "Uj|אTJXZ/ŀ([3lRfPᆀe},}⤦r0
6biIt  !  "ׂ8CyfЂaVj1~GŁ͕%(Fu¨_Q4
6b>쵓  !  "zᢑţ厸j܁NG񹮸`ς=$@2
6b,m敘  !  "0^{1s:y]B\oy톊k$xb%Sa2q;[x%;a#6
6bJ  !  "U&1{ɔiة?>=,0Ƿ*ɇ4]F}lUzٗT
6b__!Ɠ  !  "GIkzm`t4QoRj`b32'seai_.4@
6blL  !  ">!+^kP$%V'i-NjD>|Z&g(,І|J
6bl wM  !  "_$gӦly[UŘžjK)Xے7fg 'ZG
6by^y  !  "ݯld:ґ×[cF!˘iƟtݑU(ItyXfφ&
6b;H;7  !  "2b+ȗP}T#Ym@ưԷz&ODOxedH_
6b/x6  !  "4c>oѐՋ0fjCگxkƧ[Cy7.e9Ƈ
6bC2  !  "K@.m꘏Y>)P}^ [^q8ݓDceow$OA
6b  !  "|8/)lӎW$./cEh@u~čגwdjsp
6b8r)  !  "gbwȕՏSkhYDjÏyِti%6gw=kY
6b"d՘  !  "8sluȏYz(+fl'eȏ>#چiQ,t
6bdLU  !  "E'Ǔ,-lbi:.E)ƅq-?{8kCtP
6bdOqX  !  "Ӷeǟp=刜̧8{Jƙ35ӏӄ#jõ/
6b{՟5I  !  "O\%֑;hΏ-h\ɼutM'C(ߟ*l'?
6blk,  !  "beS8ª6ɣ|i|Q匷ٌ:1Tqܞ
6bU~#q  !  "8F#_yw5)ĸ֢Iȵ\FŞ/ &.mtFĪ0
6b"CUĘ  !  "K^4%ԓ>PT~ęo5XuAxwdwu
6bDʘ  !  ">%N=ɋȪ|0ˀ?ʕNO1=9*%휷Zmՙ{
6bGd.3  !  "g&AVRkd'z5tsӝ{j=m{ƲۍyҚh̸|F2%
6bx  !  "vv֏R!<2Ơ$WIv@i;ǹd-
6b+~M  !  "%̀[EM_cKű*[яңlzCnxe[
6b:vFh  !  "!ȌOVhzLPh'a~Wqyȶ`
6bI=aJ)  !  "Of$봑}׎UJΠLlvQU|a"9ֳ.yc
6bKѬ@  !  "].*ƾɑtiȼAޡ|뙚d)Ef@נzomRgА?d
6bWR[)  !  "[ɬY}ʣDOhlzUr🻈%Ĝfں4
6bfm/4  !  "_jn(rlm_kRȫeW,@E"b9&P𮻴~:bG
6bufZ  !  ">Mǹ4bȷ-ʁK*fdZo7?6ݡ2& 6X
6b^vl  !  "ܳubƕIȖ9aqn*rz|'"Ƅۥ19
6b쏼e  !  "ǥd|O"ڱl`;wT:'ζŸ9ƚ̰߭f0lY
6b%O&  !  "xS<0G$zPۇ}+!DUWֹ:,Mx*vl
6b임rԆ  !  "s=g+KF<:hB)^1+ğ4)'_(5m
6b즛j  !  "?ȸݞðД%$.EŐtNu#Ǵy L)a|
6beL%`  !  "Q2`+c]5ܳcⵣ6Z(vm*Ƃ`[!(qkL *
6bg  !  "Lȫ/$VҔ#馇5&uƁP0ѧ=$H@4DdJ
6bD(٘  !  "N&.݂)t#lh=Ds$T>ƔY K㴀YӠn
6bפ՘  !  " #2ؙ:X`ćdRS#2mƵeJYmR<
6bEg>j  !  "ڜ,ݏo|F"Wi66D7ŢĖV/vVBa
6b^B1՘  !  ";֐ƦE `/߹6b2(dUi̓te2ѬXֵ.vEɫ
6bܥaȘ  !  "N-"aj]h՗94csŐpޫY]N7:rr&A&c
6bܥd5Ԙ  !  "N--/x;RȏuJ#p4t'+ώOexrf}A
6b%BZ1Ҙ  !  "3`:ːƞZ?95%s$N3+,qņՓܭ:߅oi?}
6b=jV  !  "慎ޒU>fя@ׁǸV'%k/s.*u%{sڏEoLdx@3A 
6bc  !  "T?੏ܸ\Ső܎mQA2psc>e͔zNtk1U;0Q
6b:  !  "[O8,vls}y-g1*%C4̅nfNhw.~7~/
6b&V.{  !  "Oq.=|6|Fx71]8Fv(++tkf{2x
6b+$1@՘  !  "^v>ސjTڣ͒ʡ_z*}/6>a~VP}۩rtf-)3e;
6b685K  !  "jN&턐0plO+,CCߡޖff=2oD
6bCJ#z  !  "yEǊU\j-\b/dƚ=8l'WϾcȁ*-L
6bS%㧘  !  "`ڪq8M:wȴn@~2y)3|4ow0:d"6+
6bewbi  !  "-MfjZHvI뷛P++W#>40@jaWvc.d%"
6br$b  !  "EJTS6-hIV(+گٔǔ87c!8
6bs W̯ޘ  !  "y{7)iQĠsц;ȳ2?1jUgyOn~Fs
6bpT  !  "b2lﻑȴEH(a~Ѭ!V*7wW@DQr Edz |
6b&`tb  !  "A/jhFN+QinFw&Gm/ф_QTe+ϑv 5,
6b2  !  "9`%[؅QRFH{O(βԎ`RںgҺq78T_
6bر~s  !  "?CgRo!o0#lZ>YPQ|Ρù٘'
6b,sV  !  "s,pƭ.<l-1:V܌6vkK֖5bL:KFS~
6b$rJ  !  "dhB[pq a9N.cK!Fԅ>#3%6G^O
6b[  !  "fƻp3|{a7X(j{U̹{fʱ;rEՈ
6ba%뙘  !  "l;e*Ǹy6mы8ҍےt秳Bg
6bߵd  !  "6yaSz7ɹ,?q3 >CǮ\^7gCiXY
6bV  !  "*+Ȅ<(Y0ԣa1Eq6As*9ڋ-Z$y:3ݹ5U=&
6bw]a  !  ": PǎRQy"@[h)3!u66.]ƨѸ?0<
6b2O  !  "\ۅ/TӴz6K5aRt|+DKˌ8ǂ
6b*eS  !  "'~ǥEѯxe˦ꆫ)@2JΦ=.9;I:
6b&5ߘ  !  "ي>S`ǗɏGj_o43ҩI4RS;FC8=־&4
6b+]/(e  !  "C&7ǡ)eݡ-|RMr^3=AˍZ$`Fۗ?ab386
6b6vŗ|*  !  "ilS4Ǩ(7}͆璅E3gv`&|79)mgW0R
6bCq  !  "|@<ڙgY?i)T1t_ݶ8Gw_cDbW,ғbj
6bS  !  "41Zk2x ^CsYNa,Q=.ĐHɥ\ӧ xrb<vj!
6bs(W(  !  "!x5AӛKq]aMW|Oڶ븒*iY2ǱbG+
6b{s  !  "ʐȐuƸ4ԇ#mL=6-;pƹ峏X#f=P"2$]/
6bDcݘ  !  "ֲRR@pZ4rs`nY%}d]ha(tגdWY9#$S
6b9:3  !  "+qxX5BWeR/W@ضH;<JXbӓtha-ΐoU
6b3l%  !  "WWT!3[4A*H'vؗ$l
6b𧏏ܼ  !  "%j<Nq`S?j#Jŵ5#^Vْa`gbFJ
6b2[t  !  " ONrM|Pǔ9燙_b2N=dɍdy"
6bu{iŪ  !  "{-BQ=]A<UE&_]/\q,z\蒩,
6b&֘  !  "Cu9`%եab'cּDw'"/A:R^_1'X(
6b(H՘  !  "C@."*١BQ(ٝ (Rvz!kH*^ۦ'
6b%bw  !  "݌U9ېx֐>)[oтgw@Ea[miPhm֒Z
6b5;`  !  "ʗ1哇Dʎuո>XV$Kyǒ79Jlš܋)]"x
6bCŊY'  !  "6X*g0ɺ+l5B|q#QxAp:oVi.U]q,Gp
6b] =B  !  ">8'ޗf$?ˮӮ5O#^ǉǶ؁BܻcaS
6bgTQI8  !  "@1+r|]FGSPV&i(k/𬀌S?x9^a%
6boe  !  "DYX(ˇz)_bH8)#ǕpobvՅ;
6bwqVܶ  !  "XhfV⏻LH+ԥrfV֧x(L:dӷf
6bjV  !  "hӴꀐ'mr˥Q"pEgH]A1Hi_C:#
6bbJ  !  "̤xnȸcJޟӗ?[yRjC)`ůH⳺m/4$
6bO  !  "ϐȡ>HWdp|&;O(gьYâfo2sbZQ
6b/`u   !  "KhVgȇݐ(oQ8s^%0.dR6R[oJuU6s
6bĎlW@  !  "jSqrHgcDx;NfAKaezFu܄
6bLܘ  !  "j1͐$$ش<̀A$4Vq>mqVؐ/댩sM
6bS.B\z  !  "O+|o"}K1Stc4ܝ<ҋ6׫}X>,KmN
6baDGi  !  "ӥ%J߂וY6`%&+2.hB})ۀ޶KI_yR
6bo[  !  "{-Q\l@_VFk׉*<2+ǩͬX_]~SYDl$
6b`N  !  "_MsȀ֎'A!0{!YT]q8cQ}>.
6bn  !  "_k00ȟHtjҨ:z;lN +9wS]ЏԁnĜA-2
6b%HwE  !  "TCCȫ,qŻam.#)'Ux'Ԯ*nʚAW
6bޏҘ  !  "[mȤ}ԏR7x+Y.'4%:/`^57#2
6bAN  !  "ɲskd!ȫÌ$DoЅ[r,A/N>t7C$7l8mO&
6b֦U  !  "Z1:yȿ?ejPY?8y)dN&t_N8hE
6b.w&ۘ  !  "5'{ĉB XӖ{_z?,p4Ǚ?4#юă0/
6bC½  !  "ʀRzȾ<VѢ2>*eǬ#x^@!R(D.^D
6bI0  !  "'[nyxJ dB4Hf}T{NV_V1!]m3
6b  !  "-o㐐ȣOŏـTH(C!-^}P(=]<*ǘ
6bյgf  !  "teAȏc8^"!j(WzI_b9[=aт
6b򆧵  !  "Ab,˪hѠb1YT6W&WavG[%x^].k)d
6b`9{ј  !  "s6vFbh̳:dhנƗzZAr/^@]o͐
6b&ϢӢΘ  !  "9g1&i2\?Ɗg'Ҟu$J1sB^!\?v^85
6b1jV*=L  !  "zDM8/ߐz{]!)w.>hTaJH\~KY=Z{(_
6b2)oQOx  !  "b>Ý=[V}(nA8 z$
6b>neڿ  !  "(Og>ZqNA/VrR$ԃm坏G>j&Ղ;e@
6b?:qm%  !  "9GJK;}X_y`]aA_p!,MnXNo^ɗ~
6b?;;AF  !  "y:z}ஏśJnq閃| ]|ȑ'`T ,U)å~ Sv
6bL5"b:  !  "Jꕐt>%?:Ӊy[DGȒvёPm\FJH@
6bS$N>  !  "qڇx&3ɽ5-  i_w2`'+XНnŇeop
6b\y+  !  "U{kmRjPOPT*,"GkO2qłO
6bb0l  !  "˾3{g_ ٵ}%U+ȎD./Y0j$^gbd
6bmo瑇  !  "^_S޸:dHUTk2ĵKpjC챹04ܒ*
6bmrM9  !  "Ǣo=\كDkГoF赀P󷛸E`M`2
6bB$[YM  !  "meCnԒElE5.D8(`4aGyjv
6bݩv  !  "-Iϐ~$P@{{_o\F?'hМ
6b#4Ș  !  "T7j9ly=ļɈȌ)됥n#̟ڳ@̇{
6b-s  !  "أ8)kː`|dAXЉr}.8kDG@bۑ
6b9'^5  !  "HHXqimZWe=9eϊR>1T-ٻ
6bK\y}  !  "fH'g,ӆ>u鶻TĉO)H;sh*0}ųY
6b_C\  !  ";@Bi|!f^ŤOpmƪnۢQ
6bny9͘  !  "eVøGܐẗ́d:2%K=\rӒ;S*@x|b4
6bxE>  !  "{f|{ă4$YmdPE7M[Xe©{zΤr=5#v4V]'
6b2e  !  "07/kDS<Ƚ^PVM=ã@]Uhu̪Wv
6bڒ  !  "9 ΐ<[Cב5ˆdħmJw0,u2Y>
6b-L  !  "boH֐ğbX9y[Eè @uU
6bUSZ  !  "tNlǏq}<D-؆=ȚS}JJ|Gzce Ly#tFJ9-
6bf  !  "R1ΐZ`wb['QQjƮfA:z熫тswR&ER
6b_Vi  !  "MǇӣvXqg֔N[81MQEFy9h޶s[&AE#
6bkh'  !  "חv\ɐ7̵y4/HPIPǴ?zk/s~<tCJ;o8
6bŖۘ  !  "*vmR0*4#71@+3uo2Ma|sy54DW
6bŗ  !  "*7/Л鐪߇3ϼ'qRAoʎ7$4ߦ;sN4s{
6b%fd  !  "5ZȐbd\qgO<^K[qPc!Ju0y3
6b5)!  !  "ݧ 2YŐdޔ$h4><Vȏfǎe"Kvj*v
6bI[;  !  "KȯxNn@BA<QsPAWImAb+z&kH
6b5P|  !  "꫸y2dzm`Vpg~6R5\a/u$DѲ#
6bOZ  !  "Jg6H&je髧<sG!gdxq×}OmV\#ۚ^AZw
6bU(̘  !  "̉@qFzŬjZWь顋+Fbf4pziՏM*7 ]
6ba)e|`  !  "W誏F4QAMyax1A#*W1ا牕EڂI
6bg5Rg  !  "M+wr#9c@5dzGIS#ҋ[Gkv?ruRf
6bvW1  !  "`٢+E)[X/:iBr$l͋>MaͤemԜA
6b}e  !  "/lsrɐƜjg͝U<I>1}iat?sd
6b扊-  !  "ufIƂ?%-w#Ċ~#tl^3ҌcP'ˢfTiml
6bZ\.  !  "ɣҿ{7!|)ṚĊ%4-.H&930I
6bňLC  !  "p:z^̗V܂$r쩊TazOFѬvL5rMbJ
6b̞#4  !  "LoZjYȏy[qWXt^KY//Ë퍭Y芣^J
6bйDPn  !  "ۢ&)Mɐd0qTRJݴ1AIɡ¯$o
6b+8t  !  "FDp U,<itrlՉ?Sºlk_)JS"v%ܪ
6b/D$Ɯ  !  "#[J*8׸Hr~2"LI]|-(rb'e
6b=xs)  !  "q|ېK-UgQ%g4+PʝϤY/Eֈ@P
6bLUW(  !  "7ŜG͐oSAhN>ڥڑM E'/kwaẏ9ϳ
6bRZmĳ  !  "9wYuMyhWГl;oWW-楀Kֶ{
6b`4;Ȃ  !  "habHTDENcIRdx)'D5ˋx^v
6br)цε  !  "T,d2YwE$qC=ռ6k>:sz9&V
6brm40  !  "Ũ]CFBœސQة{YgbՀů+{TR_cO! 8G_
6b@:=n  !  "ɕ(&5)ǉ,-,âgI"%>Ֆ5
6bB?^  !  "WԞ:ZIuۑǘ?={THY탈<dWy=oۉPì{s(8n
6bpdI  !  "Ecv/r=u<5z鯱|eٖtzv⯏xp:;{ք}=
6bb˪  !  "Ԏ9y˥vq2]g(0GΥujx=ni!a
6bيthH  !  "JZ`ɡt>;+Ip2f?fd_A=C|Al'ȵ
6b5ؘؘ  !  "kp1:#fkR6bjwƾc4s`qhI,Un
6b1=A  !  "F䐜ڒLovYyØPWq2vg|ǥr^?kl
6b1Đ  !  "D3ߦNe,9+`ĀQvFݚV㯙UU
6bN  !  "NUd.91 wv+m1T1NoP@
6b-%  !  "z}"f%ly=-4ƹ)ZrKkx&02Yśۨ#%*|X
6bȪ.   !  "T%`b&&*muUe\R9}"Ҵ*WF,GԄl.¥ }Qdĵ
6bᄊ  !  "_+Hی.VbAMضXדa?sxYì"
6bQP͘  !  "Lf{~zˆPC#:v2ueVtDo6×
6by22'[  !  "ki0B?2'B8=ĕ5_jڿ$:=).A[5i||N0
6by4  !  "kv ݐ낒?'h+&Ik5؜ԠlNk)~5I||s
6b9Ș6  !  "u9W͚x䬉OZ?vA=XHլQnֱyyc
6b;,'  !  "{RNtćiGA"a;0SLcmx.4#g~a6?Nwr3
6bw,Ę  !  "n_P鐷YM؝ݖ_ØkGƌdDIȾ/ôpJG_ưL%-XZ
6bܕŘ  !  "&si>t "$!PmUS踳"J(~}َ>x/_+
6b&S  !  ":yjamˌgQ)dIU-տ=#uчgB|\җ`͝
6b0+  !  "קc'?ǎn@";hR3i_OpAy&8/Qã
6bO>PB  !  "̈'f؍Ztmrnb7χz11Ito|3ٖw'
6bf٭%*  !  "Ta厍0`l)7LJ9mĈ6Cbkz5Ѐtw
6bS{  !  "~P}y^SoGZL%T50Q97`~|T-|d
6b`*̘  !  "P'[Q]sptX^AO,F`,~qӕXP
6bӝ[  !  "z\N,tYnjdZt۞̴v8]&nh݆T_3
6bL2E}ߘ  !  "ߗb:))7køyTV2 }`[ %h_cB3לQX
6bU؝K˘  !  "'89&fQJ{E8,8ݶQ1A9bht{cY
6b4d÷  !  "q|0LǅCd(^vሃbVިƁ^g8
6b*ʘ  !  "o1+!אǓVjCoyVϛ3gTUy)3Ƙ6~KҕwfB
6b{ky  !  "s/ǃvl?ŋGOFdۍ+9dX7
6bUl(  !  "KEfRǗ㳑!V'qBJ.zqWKNH7揕qݿ5!je8*
6b֨,  !  "jUߑzKe--Gᬷ$TדDGsjW)"b˰
6bĲs  !  "fZǱBVZ$%_wVfJ6V!RZz@?d5_
6bC'  !  "痲̓A:׼CqZm5+RRƙPJ+^vE0aa˚
6b&b  !  "}3W?Ԑǥ<Nv-I|e@[Ǖ0`(Л/]>
6bXR/  !  "Fi?)tX}bwMCVBE@IǲfЏ^-ƿ*5U"gZT
6ba'  !  "KFؐq7ݐY4I庱#Y!J|?F}CKq2+ڣYnZ~
6bg(i  !  "-__Y8"$',Y*B˶ǛT{0{xϙЈB5yWz
6bq_>c  !  "vߣvO^D;",?y@Ib<%{w`D˥׎VfW
6bfI  !  "*АǴϑΥ:dǤU5:ǤAI˚Hݦn]R
6bL  !  "ǔzǧΑ7eMl+18,]!ǋx_$x<쨪&F٨r_Pg
6b>ԛ  !  "ٿLZ;lv6ݶr4-sO>;Uy>;sqFNh
6bΙ*dg  !  "D^ss2+h&,j<0T9k.HY$4R00ɬ3]Mv
6bΙ7!  !  "D^xtTk6`L]9ޤJOy(뀵Y=MB
6b9LyN  !  "̱3$֒=N樮r"_1^C;p=ς1OcψJb
6b$N@  !  ";]ÖBCpSfSCT0Rh=tVaAJeL
6b  !  "jd]xyfB[<0fR$«]UuoH
6bMѲ=  !  "˗@%ڭjWh.yh;`YEѩ
6bSF9  !  "졀HŸGQ.Sjկ|*2*_ƫhtв{hAȌ5
6bUDV`毙  !  "VX/J;餬W%> 7He?ƌܑ#L6/a«MAA
6bWnK  !  "CtɑQ"dk^`;<d(1tjԏځ7*YW4`=kv
6bX$T  !  ")bYN7šXd(aSЬ4d&W`=(f̿SϬ=<|(
6bYW@AM  !  ";ms!d YZjk`LH**Pm!)g.࿧' jr:
6bZx  !  "zaÐ ;P\J9W.ӄs/ԛ4-異ĳ56
6b]w&  !  "{!dF9ƧPP5G<ԅ'l,ha4|ET_M1f7
6b^ڇ:  !  "0%T1&kܰ4٘n.y%M(ᒏHt۪Ѷ$1p/
6b`{Ciz̙  !  "}r[Ox:&J߷/ιV**x_Ĝ';[ۄRsg*p3
6b`K  !  ">pf̰Zep"v08#xd5ERWVdaeJ)4
6bb~z  !  "ѐwx;s[.叡ǯJ܅jC%L%Nô;:5#ع
6bd  !  "M1ΐV/,({Nކ6>f+Zd1'ϯBS!rV
6bq_Vc  !  "㭾쁐\0X˞P~pBm8Vp#%
6bqwXڙ  !  "%ǫBQ-t"턇&s'uDv^Z0भMO
6bshNLV  !  "Zlᐾ23Eqcb2IJC}))S[:(XCB
6bHh+  !  "{{PFDr~#&Ɋf)DlHKrƐƐ
6bP:e  !  "l-D3P˯vs-nQܪ齺בWgaзRUcm
6b#+  !  "Slȳy@kĵBo`yÕ2><iOr7u
6bpә  !  " \iӆZ ybV.Uu5}Uٺˇ@mqd"mUՃh
6bB(  !  "lܐSur<je21Zr5:u֧%qq󆿢>
6bO\]  !  "ʓW"eG|pO:pn"EpoF,K&j
6bBu  !  "!q0ENóːgf68ę{XÖ੏@A:tBsrՇ=
6bZ_  !  "zmZ&ؙاjL%EttjɈԄ8Yn9&4.
6b"!  !  "ޓ$"øM!i50lz͟qN!qA9$8=Qr&؋$
6b~  !  "T+IPW]5ڒi(=Dgة㌏=|fT~I^I
6bg%G  !  "\Rޑ/6y+GtG{fm02Cw64GaRr#Fh
6bpvD!f  !  "̼sg>ِ8?}.PƘ>JoѰ+ "Y8񱦘W@
6bF  !  "0r"[ux~"&gVTĝ$ǸхaN]w݂NmKDY
6b<&  !  "sns>p.4瘪q9u5Ё;{B5Vr
6bŽ%F  !  "W^LAy8`Y:JIO\g:^}VH"tɄv
6bTӅu  !  "bNӊc׋]d@OkOK%L_r5A윉#-<:ƿ
6bNZD$  !  "77;kos \ᆄ7ݜ[gkaTvYt,S+
6b_Ki  !  "e]\ZbG&)7ޣKRg\$ȯ|m*)Dq>f5x`
6bY  !  "`ٹv+rKFI'TaԞ*6MdB!'71ǉpGuL
6bĴ)  !  "R f~{7_b1hwYϒX}ۦ?ϴ|M(K
6bĴ0)  !  "R*؂'|VLkAʲba,gmY<(tŶ
6b<  !  "}-v<|p+L%5CĴ:޻z$;tӠ6
6b3  !  "Ǹ<dYu75o3ϋ|/goe䊰>p}m
6bϚ8  !  "ҏrĐ1=Odn+c{v06{g\yO'$Oc=l
6b,c,  !  "؊$N4屐[/]:xX<ǚo0sT!QeAρ18
6b-2cB  !  "ԾqNǑV8*o]~vgY07]ux=)*3:WժFj
6b.#b  !  "̩aǄ)F1(w[܍dSO+(}6rE@
6b3lЙ  !  "3'P`Ɛƨ<)i!۷({jY`ECƆ7fRE!eG?Z.<d#
6b5}UHә  !  "$)Ɛߦ#5r:\X</8%nl+!-6%KǕӃ;u
6b5R  !  "kNK,`gn^qzRƋR}!֧ݔ-&<]
6b7yB  !  "t$ՐkÏ$HA(maAe\V٨D duO;@>(:œ
6b7My  !  "1QqP4daBΐU50gF̔ E2n6M;5B%
6b99;*  !  "v7r9X#ɵөGE^ST4%w!O殪63{L:ʁ
6b9cz!  !  "m␼ǌa|eޖm**1QAIi-mq3/T+
6b;̢Sƙ  !  "̗4Uq⑇t^?amfGl"^qUx/gRo
6b<|yP,3  !  " rאf:q$%R\̯`&"[F"Փ(:R
6b=*ڙ  !  "rf1IB"&"IpW6YmI7nGP"ߥҖiN8ǀ
6b?OL֙  !  "iDg7Ÿ)j>t?>SWΐG ՛ٹSJ5l6E
6b@=-s  !  "Dͷǖ'*E?7&{/lH927툢sO
6b@AI  !  "eFŌ2|U)T8S<VfSCq^|h6p4F
6bAjV/  !  "㰔.xg޿jIke<craJ|"'cH"O=zעV
6bAؚ億  !  "7v덐i0{HZNIAEؒ iS8U-/
6bF,  !  "8[xѾ9$bA©nF`$մsGdק/{f/n/*
6bG!!c  !  "'oVlJL'X׎ĤfpJkªP&Ppl
6bH֋dȲ  !  "-ÐZQh;zysx%BsBPq\ǜŷ&a(;
6bJ[z=ә  !  "d%㐿۔^Z?4OQd]6oYܮSI4z0%^3
6bK;/  !  "WTGѦ.Kc$VB3FƵH6fΪo<
6bL_WS  !  "б"Xđ#k?@/0ɿk讍(oߢ)I94 B
6bLS@)  !  "mǓ`hũ헹HڸυyjZ绅1Bxgmx:DgKŒQA-
6bNcV~  !  "U{ZBr(z8tf-UxüތﬂS%vsa\
6bSC˙  !  "0?倇]cavEFQB{yȒ:LJ}-B1 ɡ
6bV?ڮw  !  "ȳ>A0]#4򂎫_]O[0~Cߎ^SIϥ
6bVRޙ  !  "^N(fp*&Dc?Lࡏ졵MGu5JrV"'q
6bZMV  !  "Vr+AbHvtUdS`):VŔ?EGׂg)t
6b\\b   !  "ab>j5DCBb~Snœ$dhGc֥)*Ĝꉘ
6b]#.5  !  "|gv1<RZ?y,h+6v[1z+\W*zE
6b]Ċ+L  !  "D)ϽRΏ8I*HQw>t$#*6řsڏHJboP❪(
6b`(?-;  !  "X_tL=oݞ["όEό)%?Ӝ|u
6b`f83  !  "^e%뜐A*5dLur3oŉq0PLS/Tuh
6ba?&~Ϭ  !  "䤇xu<ÐĻbXPTRdPĦ)\؈M/CɁr7/X
6bbaNZ8  !  "m]Fɐ*D~MԮdڕ%6Q"'LՉ<PiOBr
6bd,{  !  "\fd}%02FF&י2TŇJm'Y[M~o;`
6beHR  !  ";]'4!F<-F՟ŚyڒkJ,OWO}ܝWx
6bjqe2  !  "߭urݏ~E'֮gn<DHu\;|O+"~
6bk܉H  !  "៖:ύoogGԉɪ~\B#$tMS6䧬b3:
6bu`  !  "vڹJ鮐1bFf&B=%?ٹx9(ᐘ@
6bvI?wƙ  !  "P?"\[5U,ajkޑ=jMF(
6b~%rؙ  !  "i0cѐr2G)0""SҌEF#/W_;%
6bވ=ꃙ  !  "wmȐ}f@otܣl啃%0u<kL:>B։wTv{[
6bơG  !  "E~q0僐̪o-@r/ɞ8&иu+íLώ5ZBȢ13!U
6bƤ  !  "COP돐Kݒ#MD`jom|$Ǆ.G#AlcP/ @%
6bٙ  !  "TS#ЋǏ&>hD9޵NÓϝn{rd>Ǘʉ7,@ّoFE
6b90C  !  "`cU吵M.vR""$SMU*cХc-CMt
6b*5  !  "ĲE$HPp)Q:ϯf@1R~$%,-
6b[lS  !  "ɐ琵0 T}:떎sȊ$M׶'ޭVIfs~s܁zMU
6b]<!Q  !  "6ip۽OHluƗ4֊˖ҪOK0IMtA𓎜^n=n
6b?h  !  "鵾5㐶ؚыw!tҴ0{L|YtUQs
6bnV雰  !  "ÖDM[ǐ9>s8֋"Κ8VxR>T,pqdжZ4Oci
6bs3B  !  "'4骏٧nqйyljD{msz4bw)V
6bY  !  "νuQz_dmdJc{eTގ$e99<kPR
6bYh<o  !  "gSq味F_Өʓ׉(r+CB=a!5k>bZ
6bmB  !  "AmmZAc&/7Ռ>MMfdX9۞K|ѵ7
6bZ:Z  !  "AWe_~H,j/c<lԋ~bQ&+)G{F@
6bH1ޙ  !  "7'[ݐ(aT{ɈȬp?tb4R@qN0
6b}f  !  "~/ެSvEL_оKDɫ8oQ_޳Q}΢k
6bi  !  "媪c40t~[_O㋽AbbJ]vGn
6b8D5  !  "CU3ߡ\NyZ"Zè7x~MeXc۟Q\#[c\"
6b١lVљ  !  "DeaI+rZnĹۤ#ib'VWk҄'ԋR[
6bљ:  !  "71a*aiR}K%oʋZ>fYĀaTĞ2bb
6bЀg  !  "O˴>V8Um$c}':VSXr#~
6b*R5`  !  "ֿҥCD`DtTjHaŮʆz3ڔS8G٘skw
6bGbڙ  !  "KxUj|@+v#NIH4!Yd_65|%&1?d$`~S
6bI  !  "V|iVr(n꓅E%f);J$o/9#L$ݠ0|g_
6b`  !  ")f̑Rߏ>}Pb}X`25֤ŧKP\ڠlb8
6bE+L2  !  "߻+*}WNZ bS#Ff{DtzVT*d!u?@"bj[@
6bN;  !  "e^2OL㦎^{D&!%4 !FL*8<Z2
6bՐ  !  "R#/K.3,8$YMaʼԼ)I'u qP:!dŖ6rwYY
6b[Ŝm  !  "-SJ>Ό5^ٱ-u=7ȬuE^nQ8GoF
6b2_G֙  !  "ш})7@/V0Oc-ƑżK%L'=f;6IZB8[
6b-  !  "DZ3;eNӟLV5*;mpӅ{EuṛswJ?
6bP-  !  "̾EG(q5ߒ*vD'~`;1>&"9JZ&;qK
6b"+  !  "čqZ'irL斉Ef=aXjJJGI)n
6b$ם8  !  "jrWhϐw)%T&ĉN.M:)5h *5
6b(N  !  "9{^"47]P'5ozߚ@3Q$!L<AiD
6b)Dy݊  !  "g+'ǟkhHra2tFqKQIVIįԞyO*l<
6b))X  !  "IPm9{p|Dxu6Rw-ȵF^QjZp
6b24+  !  "'*jM-zbEzZCWgyZRrHSXu{k-
6b2ڞs  !  "Z.slH8Eԍ,}qɄA>b6_HKגu-jl"
6b4ph  !  "1lMtǻ\ۑHC/{)/o<̹ -/D6rϼy.c֖
6b4  !  "p\pۮ-~NGU&j.To@Ҁ>Er(hkz=>dfV
6b7Civݙ  !  "Y]=n͑:]TC!!۔D)Eo'^F,Ԛ F{RBd[&m
6b9w4  !  ">+{EݔpEMxKӣk^e;C|dn_5/
6b9x2D  !  ">`TzߐוŚE1ӅEa<ԚeC)Ά>=(1_
6b;QR  !  "rr̑TBB0f#a~'\ǔ7*\CC{^k
6b;9~  !  "dUxOǷ}-oDӫgV́vƻ@tLAjlɃƅ;\甝
6b=CrǙ  !  ">p+ʙPMeR'|~ыA|Hxm|h
6b=܇1  !  "]NpmSAHؑ;.|'}iwdVdA׾혭v\`f
6bCM  !  "&xNѐ^-lVӶ_{m4uE*50un0ԣϏ (*3
6bEF1  !  "q$qkDƶkЍ\TqNIx=j %Z?\*xv
6bG8V#  !  "Qш6u/tt<L!STrC^Ǝnz_-+<ChS0
6bG;s"  !  "җ-p)i)!#*4#U;s6sfdB\{MtȢW
6bJާ0;  !  "Ԛ-O?ڎ:g825O"n/c󂳌,à:a-?crP4
6bL"ᨆ  !  "ˋu)OŷwRf;BKh0BoTŋ`z]97-PS<
6bM2H  !  "]ǞH4ϧj-6ǄP)ri$7;9zY6R^P[
6bPnvi  !  "|v, A9#~*k;GPQ}6Up\|-MAY
6bVS  !  "1nXÏ:㏘u1KG7(asCL1$}3wɯBכmKML
6bWʣ+  !  "ݥ@4'\ak/Ґ"ZsI^]̪b"{ 6Bk\I
6bYM].  !  "vɐaێ^;G{D5kFBp+`rk=Y
6bZO6X  !  "l{fo[tGaD5;aR/R-Xmh%'Ʌ^_2`t
6b]+t  !  "E3ֱm\^ёPܔmgƦDBst[kw?pvd
6b_Qh  !  "F~2@,wB[DHʈąA;(+Y74|~>
6b_ϭG  !  "MlG2ƐFJ&Z7՘(>Ԝ݂)!4ZV"yܮ1
6b`3  !  "|,Q7kON3W9SbΟB\ƧݒvbXہ6MwRӵ
6baCq  !  "ÊY.TQǋ躏#WdqՐv֗o+0jGWU2_#sn
6bcZr  !  "7_aǣ#Yn|4א-[]<wMU񖽺qQ)^D
6ben>*  !  "kWPҏ6.CMbW8oɿ\wñ-"
6bi^,5  !  "V9dÐy%zhbޒLP*SΏN"FؕSXWn
6bj?|M\  !  "5wLߐTnK2{\,n/JUE$`;x7ϵ-D
6bkԿڙ  !  "$/*H+u5Cw^׸G0^o|$юn
6bpxWB  !  "I`ʪڹNQ$~b( dM=o1顺Yp,
6brgҔ  !  "Sw'%bg׼>hT.2ܐ('G:5w=^
6brFjv  !  "JR͐Le(]$uL̖x>'ؾIf_4-xI
6btϙ  !  "_(ݒא6d(͓Yo?ii;R@*Lɩb
6bwHσ  !  "#:Vȫ(鹟夏}Յ9$!3,㌖:ǎrCMM
6b#[;  !  "7xLGg,¸CB%+l74X}Ӫ6H)
6b[Y  !  "-_naϴZV߅_fj#5"4aV⹋'
6brd  !  "ބ򢐷AʑKVtb^xϽ؍ЁWΦNpH
6bo"  !  "Uk {~\"ג;@'Rtڸa-ǐˆBDQ۷ZZ
6b*  !  ":,U􉐇p|@E<!tDAb;5x0ɫoLv$v=
6bdߢݙ  !  "yאGߕ搦R<ʏUR=b8=}F̨~:ʡ`c
6b&lљ  !  "2:2DUu{ߥA}OZrb\D0&#՗|æ
6b[;cm  !  "Lʬ>Րye@V0zrAJGWݹZ
6bxፙ  !  "PѲsZ&^m2/^{hz6Z`e,X\1;<qk誓6
6beW  !  "!wFV<ݡǕT#(Y૴@|@=0d:AE
6bv|-  !  "*3㷐) hdh$41?z*v:g{,cmRf*
6bz  !  "JLw*'Pqn9=v_i}'_zBl>
6bA  !  "+=|fj,;NS3q"4hȟV)Vk
6bFvLV  !  "2吺Zʏ$=R]b"p݌`Jˋ)ㅠSLk
6bbљ  !  "&ۓ*^(+}^'ho0侌?<},Ź,L&
6bMZ  !  "Ba*ّ)/IlER#-B;٨}~{#LZjÂ%BH
6bvJM  !  "n֝bҮ&m౸»Q,NbދݞT;j8$h[t
6b焬Kޙ  !  ".E :ˑsrw׃>}p]:(gȵh텶u$GkbG*
6b?aǙ  !  "V(t*ٜҏk~S>y&-"9t0 |E'j/MOj
6bLC^p  !  "#xb[*ٓp)V`({ƪMz"1ڥk01
6bi  !  "h`2LgbP1KK[&9]~]fFl]`WNd
6bɐU  !  "pE21r>,WEǐwA [wط|.lӇ⣏RAjx*R
6b!  !  "Mo${hp(ٚeM%s1O.d6Vl2z"
6b<K-C  !  "EE8F?&ڠ>yw#1p^ I?qyhڋ
6bw3  !  "^[dRF|'ÃUj&'31_6ŽT5F0;hOe
6bpb  !  "8}/J~>Vd=К iu3iؼ:!kk8&7<
6b!pLS  !  "7M֐ݧtWXߙH}͛F8eֲvc",h^e
6b#Lл4  !  " % <ka;8,BrpYڱuU@jZ
6b%؋Wm  !  ":A/-CmكI*NW%hٱXhfpby
6b'}-Fə  !  "-}&:)Ցl_B^V깐@m_iB
6b*)^HC  !  "֧dZFBɏasWM^okc&?] @h,M9B
6b,֋p2  !  "DF搶Ώdl{`Fțk f񤛪V2ծnYh`4f=
6b-E  !  "5̈́.iW$儛^)y׹ʍy'fhw:i
6b0B?Q  !  "fa}ҭ2=?NҔMRjȲЄeKƭ#bheк3
6b1Bt>qř  !  "4!}L$R[91bT/+Ath%q
6b2pm(  !  ">VlCi[,ʛH%1dޣ85&thj
6b2,)`U  !  "R_ƨ]\ֶЍ/ʛMF탏Ei+ϫahiڟ0
6b3Z|3  !  "*_c05|mReZ@,cNiiEdg`
6b4PD  !  "{nb}aǴL9'sL'̜.RPQlBи
6b7ȱn  !  ",Ef~!Ɏg1zuڎBJ)B@prH`˸]lQ2ᐙ
6b:s%}  !  "_ڦ퐶SU9s%@M}S}1l0
6brL  !  "ĉ3bu.sTS)5?"p)-r遤ɓ_0N
6b4H  !  "ꊷ\~<߰^t՜r-}!,CPzȶ5@_HG
6bv_|  !  "Dg+s|*]Ŧ'x.ˊ#˸ێx+.Z|_e!!
6bXÅ  !  "A}pܐ1?}+t석(.!cycyf*<_?7
6b<K  !  "P2Iɐv2ozf~Ժ#Z߸W90Gѩ-`*\
6bR|  !  "&䐺KpvؼRX" J{ܹǬ(V>^lWQ_)
6bNjt  !  "ܷtĐ)mğtaH"j:k3an'zaM0%~
6b!ؙ  !  "`Jj&L!~T@GF-ǭ'$$_TNf
6b=)|(|  !  "t`,12wn^*d֝4؎[Oՙ\tgP
6b8 q  !  "+w6vQڼ3'\(dAW@WPJ4}|]8OT?
6b'   !  "n1SbZ8i̒Q;0:Z]hT7
6b[cM  !  "d)^*/ɐٽXXcՈwJ讌3b&S0\f8
6bL0љ  !  "AU{nz]'f+wv F֔.h&žv[h:5
6bCHe  !  "Cb4eˏlBjD[W!{+Ua|r}XY=N,
6bǙ  !  "ϥrL3Hv6;\NɽrgĜY}aoy%sf" Xr/1_
6b[q  !  "ٝkŐ-ҏ] "眽*e0fĽԏHGX
6b`вq  !  "̎G5zռ֐iX$o]nLЩȃfX/
6bP~  !  "v5yϺ_YjF3;T5#N\/$kg
6b[S  !  "25߉KQŜ6]XJa
6bDp  !  "SWAWf{9EqƔ>,84d]T4]BwwZߧR
6b  !  "}5ˏbc^EyTb=`NvƚXqy
6bmGۍ[  !  "MQKT1ќK=eJ܌)EѕŬ>XZVU/
6bv  !  ",/Đz{WFmA4˜~0ݻm6W]W~Hr
6b6on[  !  "h:cQF^ysϪժֻAR0r|sX||
6bgș  !  "'sκ87}!Wc ǶʹAW9t6+H
6bQ9U  !  "4SIN?ChG(?)5?~ۺ0ǡ)Y2k6o
6bi/Lh  !  "2d{m"+Cnio'^t?iV0
6b>&٭ϙ  !  "dc9&eϷ{6ΐtk.Hx5w%EņZ"/<
6bÞz]  !  "BXǐFkm{~9 ŜB!U6fG3VYm[
6bB:@dD  !  "1%|$O͞&ĻK]K9#FuU.d
6b<0ޙ  !  "'r'73/;#U󺎌"Ԍ}~^#W_Kc
6bwx  !  "|!0rC^u""qjB>4/QnD+T7bgH
6bȓ:  !  "ayЏB9Uf}lׯrA\Xʏ`;#`5B4N~&c W
6bL9&  !  "䣷JPMwUxnvHvl{{Ua#u"P
6b˶kG(  !  "WعʆˑҙB{Ě>f>%<Dv_(h*0
6bϭ-7  !  "GK2};̛5,չ"9zV^. җgU)f
6b;%  !  "ɐW^>|jk0ҹI)ᵥ+跰f3h}(X
6bpƙ  !  "ИQO#edՔmaJ?s|;&P;ھ1`o"
6bѲt*K  !  "}Lqrn!݅ ?-e<FTȐlꩲRS|KR` e$Ub?
6bRD  !  "-q*Q憎ty2fLi:^ӌxFRYkbI&:
6bӠ[H>  !  "u,o>;[ąr֛exlwbe\YpF2
6bx{ՙ  !  "v~aRȕsMlS; oB؋_ǳ俷jPa% 6
6bb@ҙ  !  "5&吸ď~<Cj}E4,t嶕||C]Qnz
6bȰne  !  "@Zhx15Ȧ|CytW߻G]|7
6bHEϳ  !  "VP9Ϗ}}ƹ-jCϪ5̓:ɶӶJ9
6b͹x(  !  "~qӰJcMy߁CƯ|P!͕?fϳ%xh
6bζ!  !  "?\=%LtF+&}#ufٹ{Ez!I|1E'V
6bϮB봳  !  "!~鐸eҐC%\yjz&9îu>l*~X
6bӗ%e  !  "bRŷ䐾DvG=_օ٬pz*ҳ~@~ٯ9µ@L
6bbt"  !  "aGr.uؕZM췍jf*nıT;wp.kvK8
6bf|!Yy  !  "y8͐nڠU쎍ГҎ@ma&#S՘BHko%um
6bg6~  !  "".)WOT!K"EzP]CS~lt
6bjZ^  !  "$uDӛ9"R1W ՌQO4hMٙOL|qxkp̒
6bj\r  !  "pN_͐c!O|DƾnyHV) ]?-mدxȃ
6blwf  !  "!jXʽxmyQ4Џ?揖tr߄NĉR-q:o쎬
6bm:.s  !  "Qb-QQBCiR-Bgc*WdLJs6Cnw
6brb>  !  "IvzZːjAIzmH^c])r'M̕ef peGpfp
6bz?d  !  "䆑o"ڐ iwFᒏ'x*˘,AsvqtĿd
6b}k%Z'  !  "aCz䐷A"W9CLďK♧WnN皔I=Ag5uάaw
6b>R  !  "tk1L^?Cr@|Ҹ%nB´>[pgs
6b\o  !  "`:tCޏW>Cg]ØrH|{pKf=eìOsQ1'a}s
6b#jfg$  !  "|F5Metk'<WmG93{z"p"%>ݰ5%!o"dM
6bWk  !  "ص*G鐸BM<~mxԋyyFހZ|<:Hzpai
6b1B  !  "e))w'Kd\:?3ŏ{+2w|E9ׅ9 {Ip_}e
6b)  !  "HدU`8]85ʐ3Vav2u(o͘a09IVnt`K
6bL/  !  "/܃Qir䧒;y)0P'id;\lh*h&jcSwr
6b̈B-0  !  "E&ᐹؽ(%ђޠ0jjb!򽒝lD('BViuÅ&
6b'W[w?  !  "ZXIuIj]'<͚Fb!uۈ)g_lw{x
6b+  !  "SA4}a&<x;]a;T3u#%{qzi?t(h
6bі@Q  !  "Q|퐹ڬjϝ% E4Ck`4<v87Fo<'\;lH(v
6b4Lx  !  "|دϐM֑t%g>Y&g_z>Ҏ#BiYr
6bc  !  "I\">)y\ջf<#ԩ~l۵u+
6bj-QV  !  "IJ;u(!v u[[Â/pQ֒NZ''gǽm2v
6bژZHڙ  !  "ں)aB'^S gYZDfܻHh1n#'LٲSnC"u>
6b{(hP  !  "6L7K򑿫Q!2fޕ5q[A{6F.x]Gzj乎pʰ)
6beGA$  !  "靾hV^lk&Wet9O"Oh?{oWu
6bU7E  !  "B(X.BXFsuWLXWlMiط@lnqL
6bڤ`  !  "J*{͝ۆ%8&=B_hX-$UCeqUvi#l<
6b,  !  "#EwdŻ~5P2m]WCR<x|S^]rfj(FlG
6b=9  !  "<#3-G1%ءQabU 莈M-Z"m_'pj9
6bA(Pޙ  !  "E0{qQߐCIG>_RBt+WK8Wqsx?H
6bY=/  !  "uK͐nC|鰗3BtZgSμL#b7f.lqm/
6bG.  !  "ſQߣ}:%]`_RVCU*X".pDfpvM1
6b&  !  "3%WNꐻHx`xB*+![ǶR脽]wbZ3d8XޣjYi_F
6bckB  !  "(:NHj8cGRWRg9OِgˑZO|Ӹfnj[i@
6bEp"@  !  "@6GfGANֈΙοsKjPuE[m82k
6bEz8-  !  "@"L鐼>$?ۇCƊѿLLO(+ИHYni"l\
6b:  !  "}uCK0751q~6ko+BKλ,[o?"s!pmCHIkWi
6b5Ƥ  !  "Ơ;MieA9Tn2MR75Ő=Ѱ۸4\j#^
6b2yW  !  ";iMdΤ^??,,Np7M[7ɽ[Ǔc<85
6be/P  !  "Qf u_Ðx%̜P_N>H@\fR^ql
6bקMU  !  "F[됼_վ!tSSGOBQzWwQk8Qi
6b5%j  !  "Tr7ޒ`KJ@pĒyΛ@O0KbKV>zٙPwpKE
6bdvn$  !  "ԫ#H[QYS6ܣ-$hM'pލv?shOUSC\d
6b*^  !  "ٻ96o[\4{-%6gMO^lpr̔J^QCPQ@z
6bcL  !  "Nq{m%{=MtEނ;3aӁS+ZnM
6be  !  "u-W7bas덝M,t@r9TRe)TH\
6byD`v  !  "fY/:Ɛ^%qMzԻNUMo+P^XDW
6b:  !  "6𐼅xZ:{VS~f6TNc}dA<ࣸN+PD+
6bQcv  !  "rS\Rf&xKˈ'eЈ,XJШV+,_a
6brJK  !  "QY6}U;YːdSN!w0#XZUZ6?N 2CB
6b*N;O  !  "3G<_Րp肋\ApfxMD19(M8S2F
6b^  !  "5(0meRPďאĴMY!T,PLIKD
6b J  !  "؄wҐq@={ckY2NӼ2YQp̵ilb)N78@
6b!f51D  !  ">)/A<.&f;kHLo5cCPۖ2P{S~Ko
6b"RWTR  !  "]v,%Ѳ/b+nMz꨼$Aˏ\$)އL+H
6b"  !  " p/GHߑN9r2iN2K&bn8 .P7;+P
6b#|S  !  "2K|JVFM=2,{zngM~Av
6b$xV  !  "x.#6oe+'^F⥑ɛ7NSvB]+fSQg7
6b&[M/<  !  "rovhҐXfʒtǺLRntH`6wQܑ\QnCMF3
6b'?3  !  "Dkk'x~%=曘N0O+UV=1͕
6b(Ƅݨ  !  "颗U-#QVZlijnmL;rN?'-Pd7L(f
6b*  !  "èݑ#(k8]Mͼ+Y&T8S5O:
6b+$4W  !  "ĒWf7P|Ί Y_[4ǟMe56Hq7}fEؠ SWz87KV
6b,x  !  "oَj#힂wT21>M'Cj<}R);8<z
6b,8b  !  "۾d-kᆸlճvL٫~@DRJS9^
6b.,[!  !  "'wg?(B!B\_,]KZʼ<7p_*RØ]?4P
6b/4E=  !  "DlB8D`T̔ɜTKPL9RO;>֚R\?R
6b/T  !  "ehcHU߮Z|P&0J4p_.uVlFbHRtvGXh
6b1w>  !  "N\ߐ%-p$R՜SK4~ TM]i5>
6b2kA  !  "MlBAZܐmϕx1[EJXyFQ>S#<
6b3 Ԡ  !  "hĵQ~#&b,-LBԼMƘsS=;*Y-S,
6b4Rټþ  !  "πy(#\};6A#ܕsU4.IS޽JXXuRن>6
6b4"  !  "b5/aI?g"H~}J)]bpbURp:9GI
6b5+Ù  !  "sIɔE4Qq*Tt`I|vXĐ=eL=z3$
6b7KK۱  !  "xMfLK+ߙ+HTh>xJEkC6}
6b7uy"[  !  "ojl?qmdٌ$H9ϒ<EqP).
6b7d^  !  "ӿùwM䒈D|1G抽sPoaC-7eP8
6b9A!~1  !  "QvU깐3jKCRgF{lfvIrSOj=/w:iL
6b9HQ  !  "mhuy?˳ꍇD&\rG)c5p(%OOW$S+B
6b:xQ62  !  "eK`5xwqOc)U/0EAXlb&4釅E6~Hyǎ
6b;Fי  !  "DIbXTMYJ/"Efv^R| d+F9os
6b<5)Й  !  "O5󳐽t=Q{ːq2!zD΢ν0l =sKMsV%Q
6b<14  !  "84^(*l~ϣE|v672E2<b[
6b=+P  !  "ɿʹP{eyEpoA/ADe*$ΆŶHWO5(Vŭ
6b>B3j  !  "4`Z'W<C=our<D7!DsaKC땬O}-W
6b?D>K  !  ";<Nב"73ᾡ:𚶑F3=יǍ=c(q<P'(4M
6b?  !  "fROH!sͥW=d̴iE޼50VW PO(("
6b@)]  !  "hov^.o;空˝pDgKDaY5 wDG;F1
6bAn?  !  "L=zr*i'y06~UD6߽g`^V/K{UQ5
6bB6;!  !  "dʈVs8q1bDoRmZ#xcTHc1E
6bBĐ  !  "3oB?t֖#m+YQDU`۔#AN-8J'/`}"
6bC.ޓ  !  "Ӳҩ9>.pZz:y4_GCCCG>Lm22J2My
6bD%oI  !  "㼆ongLhѻ<{auD7"iA0ܢ/KOU*(b
6bDZv\  !  ")DofWAwқ"&C𢽩R.|dIkG,K@9
6bDx9  !  "ȘxΐD NWtǐ1q2C*sa}^MiGmE:
6bEk2?  !  "{.%lkj\xt惧7mPq7C%-W;;Fp,)FBI"
6bGW4t  !  "],6{Bꐟ}7Etg=N C\<7&8IoNϪ&2
6bGֹ  !  "ul􏽁)0Ώț"3C(x:nA褚OEK-2eb^
6bH#=A  !  "Ϣ3k'JedϜ yB㍑v18dG4j
6bI/א|  !  "2LkvNK̐jjsFmJAƐ'VjnaFZ8%r
6bJtο  !  "F'B 7ppk>ْŁŜtA&ǽaW)LUyk{G~4:P
6bKe+A  !  "uz*z?4b{p:@^;FBp(IHO.
6bKȵ_p  !  "#燘gϐfPi qA fdH%`"BeJ/
6bM[Mٙ  !  "o~.td j㈔Lbw@/RxIˇQ|?&H_C 
6bNp+ޙ  !  "GE>DBM|vpӏ@\OEA0䀿;GӸB>l
6bOx,  !  "?ŸW8x뙓q u@[㿞BJJ[n.'R
6bP ]  !  "p>A落mEMc*V7՘_l?ӄِ叓XEF{:d
6bQXqK  !  "?_(퐉$캠BN4w?˸ˑGPv-"E"966J
6bRm}`  !  "TlwĐ3!oЕW劝/P@w:k,9ؔ⾟<J5L0M
6bR2僙  !  "k(L*HB6qLchޝ?^^(dY(aHȚ5j
6bSĘ  !  ")ECAr7$m˞lf`>035o&FtAGy^9:
6bTw~b  !  "Ld@Y]n~QQJ=xE؏AK`<\pG/@^
6bUlKN  !  "VR]uܐ!x8 lgܣ띺e<s5"+(0傇,JG޿
6bVs𜣙  !  "ցC[3VqݖPFfX;ЁwJ<J.ب:L-'=L"^>
6bV)  !  "x\bk䷑ ݀K~>r.۽%{QkHf5q
6bX1or  !  "{o&{Rˈ W`iiOh<=)ŽQǐNtϠbGG>>&
6bYN.  !  "6&C(ms'r=7Q9g>ʔBJfs=[0
6b[wEv  !  ".- NNMJ"Q,ޓ=<_-^ؐȒyK9yN3
6b[W  !  "N~$ΐTS#fG(]L;qՎW[`Q+HɻJCf
6b\?Mp  !  "Vn|a}ߐ8ڷG?Ϟ;,gQS#5$|IzC1
6b]=A̙  !  "k-UO={Ę=,k90σYK~w^5#MiMC'
6b]BdM  !  "wv-TuZ4M#Ɲ:>9PyŊI\)*ԁelKnI
6b^߉  !  "6fsRREMklѠ88ܑGN^pፀ`MYvMw
6b_mn  !  "ޱ@f23p􏣁C eƖԝ99ypq+՜KLQIǽz
6b_b  !  "9A[99y1A=<rjLފ9Ib-̕
6b`͒毙  !  "x#r2L%NR86CZjJ:MIM}&
6b`;  !  "R$Oߐlo+O㍯zʔ<$i^0^߻ͅQuH3m4B
6bay\i  !  "<;@W8mC^̝{;"ً $gH_1Wr
6bczo߷  !  "jFWu'R8e܃oP6ct!<JřH4
6bd}Ϻ  !  "w2jTMHg44:7R3rpՇL/G-_8`_
6bfտ  !  "Nbuy/qnꗼV$j;Y 'rj͜ՏIUS0"
6bhyV)ޙ  !  "%mms|"4|?}7gS ⲉ=iJ.F]Թ
6bi睜`  !  "уcၐ.-x0!Of:f齥ĕsX٦|H"4-
6bkHNP  !  "S%΅薏Ɍ5nc)7+qMfzA'43dICbۄ
6bkβ7  !  "ӂbgLfJC8I7Ե7R$TmRWXc{IJ|IPCzֿ
6bmϙ  !  "oiT߰R[8_T$:qݽHݎO՛IC#^.to
6bnL[  !  "ѦmϷΠޱ"mI-7lXgEᧇ.7I~HCQ_
6boP^ +   !  "qL{t<Hl,cJͨOѿ6`7QYvꁍD5K+NG:t?{
6bo~_q  !  "ϦWۋ&Rs^vەӉɝ6kۋd;,XS GBL
6bp篛  !  "Xuɏui4h>k2{y;9k2ʽw4Jkb.G=`,(0
6bpN  !  "E묏<1G9=?ǒ}-8w8"GU:3j'A.D42ξ
6bqnRk  !  "G퐽3*__*QT{9"8iXҟKχf!䭜
6bqn[+  !  "G&Ɛ)2LPvy`:@Zɽ3XЕݖGJ#go
6br <  !  "G-㐽ڏYk.Hƥ97A俯!XSⶹqEm34Y
6bs?X  !  "'V4!Gzi_>ۓ9/8ͽ[iq֟hIg~$
6bu14  !  "7ِ$ǐCsކeeee7<AA,ߛOB>OEG/ȥe
6bv;q  !  "È9g.u633G@8giG<I܋HG%\O
6bv1P  !  "R09f4H҃I$9tXoۙ;q<?RҺV
6bx_DQa  !  "몚nçi򖛆QG6qO@d;IswHs_2@
6bx{'  !  "1D#1Ѳn(?6-\ǌ71Ac{3H!,
6bylf  !  "s'k.Y#8U`ֽfo"ܲzlځN=9 1
6by|(  !  "㖇$*:lϖqA.28#$}wۺ֗Qd+=-
6b{  !  "){vܐQG7R`E=ќ'#6å-ɠ([xH[-Hu(JÏ
6b|_%  !  "J񏽷?&F܏'$76*hLr=A&7$֛{
6b}M=  !  "ѽ\?ɐPבRL36Ƽ^2=rzRѵlǑ
6b~E{;  !  "^Zkv]ݫ?ӛxB5̽$W'G.ZLXG,ѷ"O
6b~z`M  !  "F,\.L6X85 oX1Ovh`DL&&L
6b~ݼ͞  !  "34j𐽴_LlRbg\D4"́c˿zn8D3h
6b*m  !  "p)YKNo[4A2OQr;lfB*?Ia!
6b]+  !  "KT^a|u'@F'Nk4ҽБͭF.GZ&Z
6bC2Ac  !  "&W?4#BA3-ؾ<:?D̆޺Fy7Y!
6b#8  !  "4S}Cj)U_֜O3>l7_Ŏl?C9^.$
6bΤ  !  "<2l>АiuE\EFp3aT,wwۡ_~C ,Å
6bMo  !  "{)kK1)܉͕?j33[m½5ޢ;I]5$
6b.y  !  "*04Ɯp)#P'yc[2(Լ6s+EԱHv&D
6b]VS{  !  "L\AAߐw?>I坿2ֈ؜PEڔp#4DHT!K*C5
6b5tk  !  "M.iܵi%j3/0fUR/m)K!%ܣ8
6bw)  !  "TT䬐,*PUz%'O23%3#سdCLC$Ec
6b+98  !  "I]ȜƘb.ΞHt3#+~.ѱ_})Lj#ey,
6b0>  !  "wߘjI([;tQIC-0q<c]T.HAL1߷e
6b>_3  !  "<=痖WYܬ2&ܽU|k5:M# 
6b{˔a  !  "ڔw9ZՐ؉!6/$:'0<A]].Iu8>
6b7  !  "/[9kLq_̐_&wOS٣14=dFM>I)=
6b5G7ޙ  !  "|=1؍ڌ<RL鎐/ CC'1΁;n|INX5T
6bdAޙ  !  "{iEcs໹j(oC/2(#YvKҼ1=G,q10
6b<62R"  !  "!zWɐ豏lUooB=b.ʽ'G$}XIWBHlI)<>\K
6bAF  !  "M;iiTЕAϧ/|jj*.eo>GE.׈
6b}8&  !  "YK摽9V$$=ǖ},IӀ=uvrغ-L6@e
6b/  !  "(|𑽬Gڳ91}p&/vĖșg՘,f_Mh p
6bȤf  !  "hUJj*/zC^Z-jBUŌ.Fa2@
6b7  !  "vяϡĔ|,䨽 V'+*wKOS=5
6b1AW  !  "|vQqN?WJB.^7O-ԽA0jqH4B0F
6bvs  !  "Hj!&rva+h%Ms2\-h-ݻ{3ejIzU.p
6bF  !  "F29ޏ/צ4zE+(t́x7L@H8
6b'|@  !  "Hk{7QM8}9*grps(V-OdeD
6bY  !  "fjiiUd!RN,?*ߘh?㗷J'a
6bkLÙ  !  "۱tvc@t[sENK}p*nLo^D&*ٵߏO!C.?
6bIי  !  "=Niyآimc֦,6GȽ_ԉ㏁Jē&G
6bWY>ki  !  "ۉM␽sFՏf7挓{*2;ZٳYQ|!Os#CXdc
6bl`:_  !  "򐽐Pf͓Cd%@/G+<nR-%_ֱrݦNbIn4
6b'ә  !  "]!W銇ZJׂ,إZ*séuSjma1J{3
6b~pۙ  !  "|-s,Sֺ|8)֎돎@#/4UmK"; ;
6bq~a  !  "3AZސG BxN֯a#0)ZfqU8J5o\
6bU+F1  !  "[%Atgꀄ (4ut3؎(BxJʈ8JP:h
6blI5n  !  "Wۍ~+hjfMEVܛH(fݽT[#־3n`LA=la
6b=Ǚ  !  "P~/*G:O)UЖJk$
6b1~f  !  "zZɑU*6:ip'qd降זd㲰OԧA
6bR;KC  !  "VM*gbGӝ ,~?'u(n&sI̢q1MpA>lj
6b  !  "T^.ȪԉYːHn'˽F-motJ:+:+
6bIBÙ  !  "Ci_ϿxԈ{\,''6뽌cz.Js|l;Ϙ>
6ba  !  "XItaԗB'5][r`}RhSE5Q.92
6b$q4  !  "ҵW42ynzռڒO:VI(q\P`ҘN=K%(#w
6b5a  !  "9o֫GCSGyA(&7Y⠌5gM<
6b?ͼ  !  "Hyf?Ig%ZiC &v=KplJ8G4rz;
6bs]  !  "Z@oDՐb7)>uԔ'ݣ2|혢>E"C\M_
6bԽ*  !  "-^=2|d|ݘV9!G'H;Ͻ:>+^ҵ';LtJ.T$
6b-y  !  "+&Gʐ>Xҽˑ23P%973*b>ㄱJ](3
6bЀ@R  !  "ǏYgiWԼr+?}t'lݍΫVg lc ?Ohtsa
6bu!>  !  "Ξᐽ.{@F>Í?%AԹKi@־bN\<5a
6bd?  !  "؂`I\gZPgB==K..&jڼŖmU[8nMV\
6bM 6  !  "lzϐcÐ|ԍ{kJ`&>ټ/DSOϬ=vQ"|c
6bhli=  !  ".jEoBM;'4琒CLJ=%7C1ӲFkHɻ,52
6bN(b+  !  "԰;@Đ$Fݱfڒ%2xW=ѵ9-J(WG
6bF&0  !  "v)GUYUGP!HdtC%vEu|s&0Nͷ
6b$  !  "*T 7g[$ǜ5$w'096ֻ̦]Jj&(=
6by'ҙ  !  "Sv#2-+%Wޑw?a%%ljfvJ*ldvLoHAa
6bɨ   !  "],$qƐC|':e5!l%+hM@mǥRcǚG
6b^x(E  !  "}lyϝMr>P#{^n~60Ml1_
6bP:)  !  "~RU䐽)1tBb$Mfݔ VHЍۛN<=d
6bPi+Ǚ  !  "s).#<[f-#ռ6쓠вX>zLhZk)
6bSD|  !  "ݺΏ!6ξ;\/!q1ĤsyxOǘ=(
6b>R  !  "\Yk%9^r38ҿ@$"%0j}Em3鴣\S2x$
6bqW ͙  !  "B9e̐or9Ѥ@KbNе$CWfxwF8KRNn
6b׺χ%  !  "&ܐѐP-jύ0zۤ2b"nýZ̽eNɷuPi#BX
6bng  !  "c5]ې:{}#3rp")ǼKQLeQREK
6bxX^K  !  "&3T/th3Yp!aCN`hORM"ڗZ
6bK)4  !  "5\Ϧi`Q="?NJuJMLWitTy^
6bdo(Q  !  "4Sݰ_Đf6ЇӘ(Rٸ!üLڣS˭J6+T9{o
6bΩg  !  "܂.ǐ*tjI_Kbw9a< =wC*æS,
6b4:  !  "MDܐ*=c(fD&`ͯE|\Q/&nԐ
6bL"+  !  "QCFq!$X}] DZTGr&υnNVƱg.q%d
6b6Nˇ  !  "K(Pp7X̍!'4XĘ;׼5,оcWj1x-
6bbgY~v  !  "ה@Vߐ쐊ˉ΃Hs%huFɍEU!=
6bϊl  !  "9L`0mSB{0ݼ㫇wmZQWQV7!6
6bx  !  "͵|U#J0!ʀR},kaz0n÷W67\-NK
6bԗ@ym  !  "8nUu#Ǹp':)Ge2qdtiȞ忋ҀV7%!uU
6bסt  !  "'˵Y5h֎4,[\5cܧu@2X:>I-
6b(#  !  "U8Rṋ!JBo0dPzkb<Vd To
6bf  !  ";'p-Ir>gՖb6E|R:1R0M/X&,k
6bp.  !  "ؚS"lÐY=oc-#e0dPN~ vd,V5!)uS
6bL[  !  "1ؐjS@á'LH}{6NzX*{
6b`  !  "üvJ1ܟAicZ?Δ֍wUPXb5s(<9
6b8  !  "͠Rxz!)0;ŝ?%Nlwz!F-,\Vb f&
6b'ä  !  "ΐݙ ]zyOF9P];=5OV} {O
6bOqgQ  !  "L֦WU R@.3을R|v0]jV_U"5
6bx`'XG  !  "RnÑY:%0P֝^-=؄:0wgpX&V}"þ
6brq}  !  "|+h\DEaڝbMgGxSۿ~#V# ?%
6b0H)  !  "鸸=鑼R:M3ROI9[1i&W"?B'A\ʯQ~GqSunU$
6bf괙  !  "bW=)88qŗ+R?]&RFNGS#)"ES#5gN
6b;  !  "XLʑPv`͗_Bbx'vxƷ+%H{SE"B\
6bq  !  "\p$4_I3:<HIm%O9E䳪?kSf
6bJ[MQ  !  "px(%7X/"ۗ݅IF^&3R4:ISMXOF
6b@`  !  "wgf67ZA~,x:^@JK d-H`Ћq]Ć+S4Ti
6bEy8B  !  "Uf_k-8t)Ƀ܄٪XY|Vf1k%$d1L*8
6bIvt  !  "<6ː0w&I=5OV n[{y#ʾRR}K?l
6bMpO  !  "2od_"iޅvRR-p;Mf#> ;ho4K(W
6bMlV  !  "Zېᥓ"ZCS6Rvyorޒ8"6Е+NI֒
6bQk!b2  !  "{eޑoslt[TЕ؋N򶃊!*jIH!!
6bU͞N  !  ">(ʐNP걅JLn︬3M󡭳<H
6b[c2 8  !  "\@^ڐ"c5@%H).@UXFN|ܘ1%[@?X
6b_.}c  !  "J!0;[$ܧ8؄kaIqF˹g@*&r*~}E\
6baԃA  !  "fv$qGC:E-fK#%njf׭I4d>rn
6bcQBw  !  "чJ/j:Rddq$dHN,o~5t[FTC9g
6bcz-*J  !  "|V%琹Xji06(e=HZgر4|B
6bdnƻ  !  "Ƒ^;{N&³aGպҝ44X8$q·NdF^h
6bg_sE  !  " ע"`jTqL,yhE-FKS2/޺}5<[gC
6bj1Ӥベ  !  "i8+xБRZo0LLC\wE|7y*g"Cɉ
6bkyϴ;  !  "˖"!󥻫Ȫʅ3G+ۻj6BD>0css87
6bmU(ٙ  !  "ԎWǐ~?zwrR:qETԺok9&*IT@\
6bnSZ  !  "𒌼DWid;)z2cd8BDbjR~ȗO&3)"B
6bo*}=  !  "Pat[ё*UNM*(5MCG&w?OOA݉
6bpO͈n  !  "ݰG|ObmU~>Dw~][vD!?n,8ͽd6a
6bq ۙ  !  "{$KǐXx?ՅPCnתa&<
6br0ϯ  !  "N:C4x枱޲<G9k?BÜ=C1=_
6bsM  !  "79=6'獘jaBǺaP[R-Ɨ7@!/b
6btKD~  !  " oA4S^)*0ɆGBg$VA8>6ɫ6Y@z
6bvF58F  !  "읿-!|zY#A)ɻH;#8Wx-<&oBm
6bvtv  !  "⛿C,.(Ȑ\͆2A-+bBu?UYK<A
6bx/Ջ  !  "uf4숕%^t?PS1f>PA߃78
6bx^m:  !  "^G̼@1e29?ߴ-2߁"ÂOq1H
6byQ(  !  "q,A)eА*'}NuQ?#$ݖhDp_@7EV
6byha  !  "§ `P쐸<5Ý?d̺ړ(9lPUJ`@~C
6b{zChϙ  !  "HpZ-850{E>w%˫)Ӿz+56
6b{a  !  "4̰9ʐbntm>뷺)؊ӲS56m8
6b}*ә  !  "?/4֗zr'0Vd>tyk.ʌJv8G
6b}YNˤ  !  "M#Ԭk'Zf'نw>;xnw6$Η>>;
6b}),  !  "⅟ؠĐ="sӭ۹׋Z&ܟ=R^%iPMQ/_D6
6b~hw  !  "00"8<ݱ<݈@aBA=pZʋaJ[;PD
6b~nGڙ  !  "Υ?boFlJ9؋4N\<ǫźSU=AX˙|׿fE~r.
6bS'"  !  "׫ulĺ\pǊ,Ք<zúwAF̍v:%Jm
6b3+gx  !  "e?%$B.l<6(;|㋹u͈ <34K3&
6bqIq풙  !  "Zʉ0pQŐSl{\Շ,R:ZNdOcٽi'4a
6brv4  !  "&"⎐8_,Z"ѕ;N_)9Cj An?GK
6bI7  !  "(%9/IZq/fH;v1S9\yyEM%
6b}|f  !  "잭^b吸b1g:ĉ^$9ikRo*N)޽- A3C
6bf OG  !  "0Y*eM吝ۊa(K,8}'Gk'ɡj!(48v
6bЛ  !  ",L_n@}\;TQ~8/+ZU3;)GfcEWP
6bewLP  !  "u&=쑐1fT㻗mhW7bt}1qbL+ !2ْ
6b5:  !  "oxΐQ%+P勸J@pc<8P<ʙCfJ<G,VHlL
6b6uc  !  "ad!a5MŉJ7v6 ǻp&C*YoɶE<U0K
6b\  !  "̍۫40c݉qg6(D2rAQDԻύ=F`hz
6b6ABs  !  "ӓO{vSD-*ʋz{(5+ߡivUɠ^G2͒
6bd107  !  "څGG됸$V⬋cN5T`ėsKkHBD~2
6byLw  !  "t됷Kܐsm[Jx4#ƹr utS|wS0kE
6bZB^  !  "<JLҖ&А<Kщ@!qL 4M z运pwV`;zK
6biŉ  !  "ptc1}扉&yUD3qSպߋW<rE@>;!L
6b%x  !  "/NZIގc!G䮉[R72F4&=b&T{U?Qm
6b?G  !  "Zz6e,O2S[7AU/GyĨϻ_8[b
6bvP  !  "5VvTu܉&$.IjMl|U^GCöPE3r
6bX}&ؙ  !  ""~Ґ;fV.Kv~.OO}Ƭ Bn>>
6bx3v  !  ")r{W5845.֠=eq_=ڷB_ӱ
6bh}ez  !  "Ne4,SUp853Mm,@Ab#8`( 0w*C
6b֠  !  "e5ss搐~րX"J+>E#J0Ņqaʐu*{
6b>  !  "Q⑷kgv]ԇڝDf)Cp1d8Z(΃S嶺zL(т}
6b195  !  "iB9;m*DJZ*l95( *j]yUKZ)v
6bF]b  !  "pS 㐷x"FԛڇwЈ6-E)\*a,s<Kؿ=<c
6bޙ5G  !  "Mx31?+ކtX(7Bx?]z,8
6bNٖ  !  "]CԆZ~рڜd⫈~)/kVQi؜ǫW,,=+
6b-bٺי  !  "ߌIߐwȀKaDgQ(f;g ғFO"͌/޸ٶ:2
6b`^%  !  "دK-Qwkd:ъ넏eg.~'F%>bs|{ګn*ͤ(R8
6bR8-  !  "-Q:xi}CB.LHM&[ԭA?٬BhL+Y6,
6b)  !  "pR'ܐt81Ж9\Į%cI΄ϱ_hGָA16j
6bE`zB  !  "v]f5[?Ƣ|yKj=|3F͙y|!"ۼ/
6b>  !  "@l'?̅Tz8Aۍ#%Б8r-Lv0*|
6b2d_  !  "ʗvɕ6_y@Is$87LgQ¤[댐Ӫ']U
6byE  !  "̣x̐>]:kU5#UFjSqk@>X
6bΗ  !  "DF]E>۴𢪼Ď,SJocZwg劀r~+鼋`Vc&
6bzF  !  "U{kĵ5ҏȒ}"$~)Ü>zN{,8ϓ
6bNA0  !  ":"vyfZ}̨- Rh0ě>9y2ޅŃ˔
6boޙ  !  "FqeŹX7xkLbWS'lñӌWhz?0x9:#aj
6b&9=[  !  "*I(ؐv2@퐷Q鍦b\yA¯*kDlCL
6b2s6ř  !  "l|4ƞ\ᐺMt9ʇi4ĄxP4vPk^ *?=
6beʙ  !  "}5@vuzȴ(ZI;^Z%utɽqJh}
6bw_D  !  "5ᣐ<%wsYaʁ/!EĞo3u@i<pI-R
6bF1M  !  "p7ߏh*u澙q|҃'XCzsxΊ]Sa1U
6bA  !  "q}ѐ귏1rtg*9̕.ߙNoq@].⨿o+
6bǛ>  !  "C_#m:s ւzDEwp7̅d~
6b%Q  !  "8]B]BjFކCĘOE>2?T; =E)C]042.t
6bߴ,yO  !  "2Bn\3.gL:3\^A9^2I;K]_v/{
6b[aګ  !  "m<K)&RE/[."&6=θ$]rg;:&^rSg,K
6b]ֽuK  !  "fCF&- YzݳN+?2ę%;]6kX:Z:w.
6a10_ݹ  !   LLLՑ                        LLLՓ2
  !JUPITER ׿                  轻7
