6a10_ݹ  #   LLLՑ                        LLLՓ2
  !EARTHMOOCTw                  ء%tRH
  "JUPITER ׿                  轻7
  #SATURN  $d[\_                  yyy
6b_ݹ  #   
  !ِ   _K]jj   K]
  "%l   N?^rq   z:
  #ƒX<zE$ĔJuP
6a10l  "   LLLՑ                        LLLՓ2
  !JUPITER ׿                  轻7
  "SATURN  $d[\_                  yyy
6bl  "   
  !XJ*I,8&mYpI
  "Z{CrN+"}ɍY
6baQ  "   
  !əe۠ݖO'
  "ǜNƘ\0ɂ-.%
6b(+  "   
  !є)ttwId\ty4
  "/-˞#K\.ol}y
6bam0  "   
  !⍺s}v͆֐l~:
  "]o.sTyY@O
6bJә  "   
  !\d8h˲]K`##y
  "4ܛ4qb̟
6bזF  "   
  !F[aB\q˖i0}{q
  "̢e({;Goe8GK
6a10Щ_^  !   LLLՑ                        LLLՓ2
  !JUPITER ׿                  轻7
6bЩ_^  !   
  !ٚ(`+3&{
6b N+!  !   
  ! 2|[@ۜϘ:j
6b4Ŏę  !   
  !1I]F%BZmAyQ
6bHQ  !   
  !]J$̀!p6[
6b]RI  !   
  !M#f&AVPXuľ
6bqkR  !   
  !~RɨqU9@?h
6bŅ.  !   
  !*[ԐzhJ.OJH20
6bɚV  !   
  !$<śVUR:Tk
6bͮ]{  !   
  !yŀWf ͪR(MTƪ
6bvB  !   
  !Pt4⤾]jwAh
6bZٞ  !   
  !p҅Մ$t{=;
6b릥2'  !   
  !kVش8zH/p
6b򟔸  !   
  !r}clܨpac
6b4^is  !   
  !8-ʦ&$XHx
6bHy6  !   
  !8aE{&?'t|RC
6b\ܪڙ  !   
  !"鐫ςLn8G}
6bqb_[  !   
  !5T&~&*'e;U [Hfg
6b򅮃d  !   
  !Q1otT8Z+4q
6bug  !   
  !`0eb~?nC6"
6bf}&*  !   
  !@\fUTS+ڂIxiH
6b²{߶Ι  !   
  !ݷ#ww*JdZ$י
6bSŚ  !   
  !L7z1mzl
6b痁ؚ  !   
  !ȄdO~ot9e}>W
6bcE:p  !   
  !'_:#ԝ>\K0
6bӀ  !   
  !R80|:eЁQ;\"q
6b:涶  !   
  !Xȉtiq^)оR#Z
6b/j>ƚ  !   
  !;r\5HR8`qUA
6bͦך  !   
  !vSy4h2u-<nڧ
6bmkQ.  !   
  !.Wf)65H8^f
6b~  !   
  !'w?۴a!
6bD~7'  !   
  !O~zBװ]9
6bU}:  !   
  !HoX5nT]f0h$
6b}d՚  !   
  !ڬO!n=ܩ`T
6bw}g  !   
  !ޅ:f}O$p|nX
6b?|T  !   
  !L@WʌQF1di훌
6bN|N'  !   
  !!(HPkDN^\
6b{{E9  !   
  !*yՒ.h-qsߤ*K
6b&){5H  !   
  !zdna|@I`'M'
6bz5W  !   
  !;ÇĚJ;87qgo
6bez  !   
  !Qb p뛤Qdv>I6]Ҿ
6bXze{&  !   
  !UT?),:GټeYa}
6by5  !   
  !݃ΎzW#_ޯk
6b0OyLkG  !   
  !BTYȧMP 7=jϦ
6bxZ  !   
  !͆ZZPou<N
6bx3[h  !   
  !pK*f,pG1N
6bc9ww  !   
  !`PX&<[2F5s-3
6bwߡ7  !   
  !Tނ5%7݈z̃(
6b:uwc)F  !   
  !V&].f*#Qĥ
6b#vƑU  !   
  !ߠ,ٲkꕍw$h
6bvIh  !   
  !Q:ϛW[m!z+#A
6bm_uw  !   
  !7$Mr $i{QV
6bu0鉚  !   
  !5j|B%ddi: 
6bDtq  !   
  !uϠw.yVM'd=
6bItOT  !   
  !gH~U&Ux<Z݌
6bt`g  !   
  !#ȴ_,3Uw˨@@:
6bws?v  !   
  !fʗ87N]ԍB<rir9
6b3sG  !   
  !]zD+KWLR&+s
6bNr/  !   
  !%t?Dإv,
6bor.  !   
  !%rÁ`Fs஡<ϡ9
6b%q  !   
  !SӀMޚVTs
6bqu  !   
  !2\Hnݹu骬M
6bYq^e  !   
  !ԒIC+x<.N
6bXp͖  !   
  !0eK>P3x˄r
6bpEU  !   
  !ʏ-٬tcaZ[
6b0Co  !   
  !ї1bϾA,SgI
6bo,Eƚ  !   
  ![F%ᕁU7Xaca%
6bnٚ  !   
  !V]]+lDHXAD!P
6bc-n؋  !   
  !aD`t\<"+SB
6bn[  !   
  !b{Guy#
6b:im{  !   
  !0<.B߻~y,%
6bmBƚ  !   
  !Ҫ+qeOnnC 
6blk՚  !   
  !"d)?$CW[
6bmSl)  !   
  !D܎!ʹq]r-}c9Yy
6bk[  !   
  !!S|PIݖ䍮5,X2:d
6bDk9  !   
  !$8b2NR^XʃI-\
6b=kYŚ  !   
  !NO`ɘDU(㕞%
6bj)Ԛ  !   
  !wxԞ4eRӅAojQ(E
6bwyj@  !   
  !!מÔ-Ʉm<Ɲ
6b'i  !   
  !тWaҞ$lGV
6bNi'$  !   
  !xYТbá~Áts
6bch6  !   
  !3-_nP?Ydcz
6b%hӚ  !   
  !8BsbEh%47|,/
6bhWO  !   
  !頻6#(=
6bMg  !   
  !^EL%Ș K[ "
6bXg>@'  !   
  !TfFtpSϸ%PTT
6bf6  !   
  !V|^v_.e5:
6b07f%0E  !   
  !_yUOa;7H1
6beW  !   
  !J8&/*%-pQ
6bseu  !   
  !w:7]¿t<VmTb
6bc!eT"  !   
  !Psg+!ZQ[
6bdf5  !   
  !ς6.Eݐ&vEJ
6b:]d;D  !   
  !TKOe^1_?o
6bcVV  !   
  !Rى//"cIǞy#Ad
6b\s#H  !   
  !]OI|̧Շ$Vns
