 A301       0.3534 0.67804  43.244 0.0000E+00  0.000  43.24
 A44        0.8574 0.78931   7.921 0.0000E+00  0.000   7.92
 A79        0.9660 0.10898  32.441 0.0000E+00  0.000  32.44
 A344       1.1223 0.51031  28.242 0.0000E+00  0.000  28.24
 EARTHMOO   1.1271 0.00491   8.608 9.1213E-06  0.000   8.61
 A371       1.1332 0.58876  24.949 0.0000E+00  0.000  24.95
 A17        1.4130 0.40533  24.238 0.0000E+00  0.000  24.24
 A34        1.6063 0.45941  17.389 0.0000E+00  0.000  17.39
 A189       1.6174 0.14614   7.672 0.0000E+00  0.000   7.67
 A62        1.7071 0.24696  18.396 0.0000E+00  0.000  18.40
 A85        1.7085 0.14109   5.700 0.0000E+00  0.000   5.70
 A427       1.8673 0.21910  20.973 0.0000E+00  0.000  20.97
 A497       1.9820 0.44520  15.509 0.0000E+00  0.000  15.51
 A106       2.2579 0.84315  89.203 0.0000E+00  0.000  89.20
 A352       4.4742 0.61974 124.296 0.0000E+00  0.000 124.30
 JUPITER    4.5610 0.32662   4.326 9.5479E-04  0.000   4.33
 A441       7.0859 0.50194  74.439 0.0000E+00  0.000  74.44
 A277       7.8962 0.71408  68.627 0.0000E+00  0.000  68.63
 A488       8.4056 0.60492  72.242 0.0000E+00  0.000  72.24
 A493      10.5601 0.58006  23.999 0.0000E+00  0.000  24.00
 A95       10.8360 0.49042  20.920 0.0000E+00  0.000  20.92
 A9        11.2387 0.29061  84.677 0.0000E+00  0.000  84.68
 A39       12.6425 0.54619 119.733 0.0000E+00  0.000 119.73
 A412      13.2825 0.92053 127.869 0.0000E+00  0.000 127.87
 A264      13.8439 0.27500 134.209 0.0000E+00  0.000 134.21
 A495      15.0010 0.78339  52.031 0.0000E+00  0.000  52.03
 A156      15.2912 0.30523   6.865 0.0000E+00  0.000   6.87
 A327      15.3987 0.36313  27.456 0.0000E+00  0.000  27.46
 A483      15.6292 0.76711  79.296 0.0000E+00  0.000  79.30
 A398      15.6357 0.53603  46.615 0.0000E+00  0.000  46.61
 A23       15.6398 0.77226 151.929 0.0000E+00  0.000 151.93
 A341      16.2664 0.69645  80.555 0.0000E+00  0.000  80.56
 A312      17.1247 0.57167  14.865 0.0000E+00  0.000  14.87
 A350      19.2386 0.46864  32.553 0.0000E+00  0.000  32.55
 A244      19.4403 0.32271  15.668 0.0000E+00  0.000  15.67
 A35       22.0427 0.61725 131.058 0.0000E+00  0.000 131.06
 A143      22.5800 0.65352  39.087 0.0000E+00  0.000  39.09
 A384      27.7343 0.77512  35.040 0.0000E+00  0.000  35.04
 A177      28.5514 0.67875 133.738 0.0000E+00  0.000 133.74
 A94       29.4884 0.69925  27.823 0.0000E+00  0.000  27.82
 A10       29.7717 0.90613 108.796 0.0000E+00  0.000 108.80
