 A79        0.9043 0.80894  17.622 0.0000E+00  0.000  17.62
 A44        1.1000 0.49587   3.035 0.0000E+00  0.000   3.04
 EARTHMOO   1.1271 0.18801   6.713 9.1213E-06  0.000   6.71
 A189       1.6170 0.21262  13.453 0.0000E+00  0.000  13.45
 A62        1.7063 0.17150  10.976 0.0000E+00  0.000  10.98
 A427       1.8681 0.09054  21.180 0.0000E+00  0.000  21.18
 JUPITER    4.5612 0.32636   4.343 9.5479E-04  0.000   4.34
 A264      10.3573 0.41058 140.070 0.0000E+00  0.000 140.07
 A493      10.6178 0.55067  34.739 0.0000E+00  0.000  34.74
 A39       12.5738 0.33744 127.830 0.0000E+00  0.000 127.83
 A156      15.2580 0.37995   7.867 0.0000E+00  0.000   7.87
 A327      15.3455 0.35949  30.400 0.0000E+00  0.000  30.40
 A398      15.6448 0.46079  44.317 0.0000E+00  0.000  44.32
 A312      17.1331 0.56791  16.663 0.0000E+00  0.000  16.66
 A350      19.1875 0.37169  33.292 0.0000E+00  0.000  33.29
 A244      19.5191 0.35773   8.567 0.0000E+00  0.000   8.57
 A143      21.0018 0.66894  25.965 0.0000E+00  0.000  25.96
 A35       22.1324 0.66696 132.326 0.0000E+00  0.000 132.33
 A177      28.1551 0.72299  56.133 0.0000E+00  0.000  56.13
 A94       28.9834 0.69311  21.897 0.0000E+00  0.000  21.90
