 A301       0.6258 0.64560  44.285 0.0000E+00  0.000  44.28
 A44        1.0207 0.79064  23.561 0.0000E+00  0.000  23.56
 A79        1.0583 0.70035  30.936 0.0000E+00  0.000  30.94
 EARTHMOO   1.1271 0.14998   5.455 9.1213E-06  0.000   5.46
 A371       1.2144 0.40234  20.025 0.0000E+00  0.000  20.03
 A189       1.6171 0.17631  10.744 0.0000E+00  0.000  10.74
 A62        1.7067 0.21759  20.102 0.0000E+00  0.000  20.10
 A85        1.7069 0.11568   3.161 0.0000E+00  0.000   3.16
 A427       1.8676 0.23696  13.402 0.0000E+00  0.000  13.40
 JUPITER    4.5615 0.32652   4.351 9.5479E-04  0.000   4.35
 A493      10.5570 0.48836  34.790 0.0000E+00  0.000  34.79
 A39       12.6151 0.59655 112.970 0.0000E+00  0.000 112.97
 A264      13.8540 0.58538 136.128 0.0000E+00  0.000 136.13
 A156      15.1821 0.34248   7.301 0.0000E+00  0.000   7.30
 A327      15.3207 0.36017  18.400 0.0000E+00  0.000  18.40
 A398      15.5841 0.56703  40.545 0.0000E+00  0.000  40.55
 A312      17.3184 0.43408  10.581 0.0000E+00  0.000  10.58
 A350      19.2099 0.35644  32.392 0.0000E+00  0.000  32.39
 A244      19.3838 0.44284  17.928 0.0000E+00  0.000  17.93
 A35       22.0816 0.61713 139.444 0.0000E+00  0.000 139.44
 A177      28.6042 0.64831 105.541 0.0000E+00  0.000 105.54
 A341      29.0094 0.73981  94.561 0.0000E+00  0.000  94.56
 A94       30.1099 0.71013  17.013 0.0000E+00  0.000  17.01
 A143      31.8348 0.74989  11.911 0.0000E+00  0.000  11.91
