 A79        1.0917 0.59442   6.967 0.0000E+00  0.000   6.97
 EARTHMOO   1.1271 0.06953   6.583 9.1213E-06  0.000   6.58
 A44        1.1798 0.37961  13.918 0.0000E+00  0.000  13.92
 A189       1.6180 0.17347  16.648 0.0000E+00  0.000  16.65
 A62        1.7061 0.04611  19.487 0.0000E+00  0.000  19.49
 A427       1.8684 0.19535  13.572 0.0000E+00  0.000  13.57
 JUPITER    4.5613 0.32658   4.344 9.5479E-04  0.000   4.34
 A493      10.5178 0.44153  37.536 0.0000E+00  0.000  37.54
 A39       12.5601 0.20678 108.927 0.0000E+00  0.000 108.93
 A156      15.1796 0.22073   7.616 0.0000E+00  0.000   7.62
 A327      15.4205 0.36275  23.910 0.0000E+00  0.000  23.91
 A398      15.5592 0.48545  35.139 0.0000E+00  0.000  35.14
 A312      17.1628 0.59741  16.779 0.0000E+00  0.000  16.78
 A350      19.2261 0.42747  28.286 0.0000E+00  0.000  28.29
 A244      19.3344 0.43213  15.511 0.0000E+00  0.000  15.51
 A143      20.8448 0.65134  20.372 0.0000E+00  0.000  20.37
 A35       22.0080 0.68443 122.094 0.0000E+00  0.000 122.09
 A177      26.3132 0.79609 104.616 0.0000E+00  0.000 104.62
 A94       29.1714 0.72824  31.226 0.0000E+00  0.000  31.23
 A264      30.0132 0.80752 133.319 0.0000E+00  0.000 133.32
