 A79        0.9350 0.59484   1.653 0.0000E+00  0.000   1.65
 EARTHMOO   1.1272 0.21784   7.687 9.1213E-06  0.000   7.69
 A44        1.1325 0.70229  29.363 0.0000E+00  0.000  29.36
 A371       1.3483 0.90954  34.542 0.0000E+00  0.000  34.54
 A189       1.6179 0.17292  16.097 0.0000E+00  0.000  16.10
 A62        1.7060 0.25699  16.832 0.0000E+00  0.000  16.83
 A427       1.8682 0.17771  17.495 0.0000E+00  0.000  17.50
 JUPITER    4.5610 0.32629   4.335 9.5479E-04  0.000   4.34
 A264       9.1447 0.21269 133.785 0.0000E+00  0.000 133.79
 A493      10.4067 0.53050  26.454 0.0000E+00  0.000  26.45
 A39       12.5831 0.52968 122.977 0.0000E+00  0.000 122.98
 A156      15.1696 0.25908   7.329 0.0000E+00  0.000   7.33
 A327      15.3661 0.36069  26.379 0.0000E+00  0.000  26.38
 A398      15.6551 0.51461  31.088 0.0000E+00  0.000  31.09
 A312      17.1996 0.47712  14.219 0.0000E+00  0.000  14.22
 A350      19.1930 0.50146  32.699 0.0000E+00  0.000  32.70
 A244      19.3787 0.28600  15.330 0.0000E+00  0.000  15.33
 A143      20.8829 0.66226  23.274 0.0000E+00  0.000  23.27
 A35       22.0744 0.64118 127.665 0.0000E+00  0.000 127.67
 A177      28.5067 0.64860  87.028 0.0000E+00  0.000  87.03
 A94       28.8504 0.68874  26.096 0.0000E+00  0.000  26.10
 A341      39.8860 0.84708  90.302 0.0000E+00  0.000  90.30
