6a10_ݹ  #   LLLՑ                        LLLՓ2
  !EARTHMOOCTw                  ء%tRH
  "JUPITER ׿                  轻7
  #SATURN  $d[\_                  yyy
6b_ݹ  #   
  !ِ   _K]jj   K]
  ":Ģ   5s˥jj   ms˥
  #ƒX<zE$ĔJuP
6bl  #   
  !Jǃௐ?.e$
  "FEgCK9B$KvI
  #ڐ\,ϱ3V
6baQ  #   
  !Oh&)Cŏy?]aEb
  "sxai?nMJb
  #/Ѝ9TFM{K!u
6b(+  #   
  !䝐<?SfOA
  "ڜBtQwAR
  #+Ĉ6XQ걣}MG\h
6bam0  #   
  !>y(O9;W20܀K
  "', O]u{
  #jɴٵ6OHe
6bJә  #   
  !ݶ^qMߚBx
  "RVPVC)'k7P|],
  #$PwH2'<Ēd2
6bזF  #   
  ![Tţ*1_k
  "VQN*NoB`g
  #˂)qEFnN
6bЩ_^  #   
  !ڃC :;dJܑfP
  "kνo~6zm.sp$SuU
  #ˈAP-▸dpig"b
6b N+!  #   
  !ެ,"=m$vxlՖ
  "S๡<ﴸ.tQ:c$
  #H~Kw1fbW#1
6b4Ŏę  #   
  ! [V[PُAׁJP
  "@^~@?Ɛ6r;P.
  #)v*{$q⶟a;RbD
6bHQ  #   
  !en81yj܏NpG
  "~濑ޟ.[Ц{HRWfn֞
  #k𸎩BD'p0t~r
6b]RI  #   
  !Μ,KUbBA
  "~r㉀B]׳Տ+{'=
  #N-k\hǱ ɍ>=Z
6bqkR  #   
  !e3^`$ΐlsQ?^$
  "O*[5]֜Ȏrao
  #^IB86e8t@'
6bŅ.  #   
  !ެh#\vsFs
  "o@lܮ VՏS
  #ʋ\2Z΁b,<n
6bɚV  #   
  !$W0bj
  "{,TЅk7
  #[+|"A8CjYo
6bͮ]{  #   
  !O2'+?,)5_7,\
  "׉N3Dϐڀ[
  #˃aiOg羦Ը2BDpMT
6bvB  #   
  !֯.|x%S,~
  "3vw0q-!
  #˽_}a{6eUmNw6
6bZٞ  #   
  !U֐lǵkm")a
  "7VM,,as__@9
  #cُi}7p꺂Zpt&5
6b릥2'  #   
  !,>(KKhy_ONY
  "xvQ-k+3?v
  #o7%dEP%.6
6b򟔸  #   
  !kҠt<أY#
  "{-U-&']`Hn[
  #9a'Gr͐
6b4^is  #   
  !ѭ*sŵ=_-&M<
  "57(׫uc_)A
  #ʭ8slO4n`:l>߈^
6bHy6  #   
  !ʗkHV#rV~߱Ik
  "Z093*r;M
  #vՐ6SN*o$IJ
6b\ܪڙ  #   
  !ጏ9´G_b
  "ZvRliVz7/
  #ʖF}weGl)槤
6bqb_[  #   
  !-=5%b-m3eX`mǎ
  "X9fc2!=8(
  #ėHLmߞ<Ϗۤa
6b򅮃d  #   
  !;[iNbǎ^@,
  "]|Z["r
  #ˊՐy!r-szuX!dC$
6bug  #   
  !z˙*^y<
  ":جw% |a1C̄
  #˨őETəm5 3r
6bf}&*  #   
  !cYص@o0́"
  "K;PӨ8eEamR
  #8h^|*!pｒ5X
6b²{߶Ι  #   
  !ߺގįlF{)z|v
  ").A+n5.'Xؘ
  #CD$f#Aճ~~z>ϥ
6bSŚ  #   
  !ɫk$|rǏ/X\Ǻ
  "Kڏ[=ᵾrA,W
  #bݤӃXee38f9
6b痁ؚ  #   
  !ݭꏲ)yFr'Ɛ9ֿ
  "n8YK/8{khR@j9
  #ꏨ%5K4p
6bcE:p  #   
  !Xgφ̪a{'_P
  "@ґQg 3Zcd-qW]
  #ʚ~<Z~Ǵ'#Ր[$O
6bӀ  #   
  !QdYDYlDV'\|^
  "=T"3=:"akyw
  #GQD*t-BwܟT:p
6b:涶  #   
  !='+j\LV
  "5lʃI8~jڇ
  #}S:FEMH
6b/j>ƚ  #   
  !iK>͛e|Kz|y
  "gb8e`ή1e?$Oe@
  #ʨޞAxj@qL^B
6bͦך  #   
  !RHPhi֎|c
  "%g^guS)BJ V9
  #N%57_+m=p
6bmkQ.  #   
  !11[_y[T>ζ2
  "lIV1Fd`yzW
  #ˁe`lFNu*;
6b~  #   
  !Qv-I3^9)kQ
  ":qȏ=;,rFR.
  #ˆퟍ"3{=%0{ǋ޾
6bD~7'  #   
  !/$8gt|Cb|^]
  "Qv͠Gyo5̑@Zپ
  #ˢfL;./qn.$q
6bU}:  #   
  !:n݀ $g5.v
  "V6!-݆y(&$LI#
  #yoCri^Ӓƙ5B5
6b}d՚  #   
  !SERWh$εQ.ڏfE
  ";zx췽Z 9j
  #ʁ͑`1pސ%
6bw}g  #   
  !mrU欄Ƕ<JݑGVA<
  "Ђ<MP7YCN]
  #CZe=g;ڀ
6b?|T  #   
  !:Z!X}<ېC5Y
  "ZNF-ZcN4Xd
  #\ip&d4l]O}
6bN|N'  #   
  !4yQwGZ}7'sJ6l
  "KMuB#4z;
  #6b<7@sLܪܕ
6b{{E9  #   
  !ǽLdDa^.L$[$xP0
  "#NX+W~"rH4
  #cQt҂Ltw贻
6b&){5H  #   
  !⡐OA=jBoy)
  ";>$n:J:ͦ^
  #Ą(@#Q*uv3
6bz5W  #   
  !vX;AMDT%:
  "|Z@ٷ$珑 Sm
  #N⣛DpkM4rD
6bez  #   
  !gdBCJHt
  "ٸq%dk9*lDфz
  #;ёrxg\|(ь
6bXze{&  #   
  !͐e}bTÏr?v
  "ɻȏůy!_:S;P-
  #:+qoUtGMܫ/^2
6by5  #   
  !āhCwF{q 
  "'DJ}[oT
  #ʣUƩM!\,,Ŏ>Ll~
6b0OyLkG  #   
  !7ː0_8̏<h6
  "](bڐζ6/S:82'
  #.&б;7 `lS'Z!
6bxZ  #   
  !4UJ:|ff2=nס
  "KuZy6&F?
  #^xo&ݱlhXu
6bx3[h  #   
  !&~<ۊUI~3b
  "?ސG%g쵄'ˏs*]\,
  #ɎsFm-v˒U+ReہS
6bc9ww  #   
  !tVP(:"/׈S
  "_#;r?:sD"
  #W)!5$%7
6bwߡ7  #   
  !)o,qq&i
  "n@4<OݶIZmM
  #Oy>{DNܕbR
6b:uwc)F  #   
  !7KT˵vcWi
  "8Clfr)hhX
  #ʣΐH>4eoOӌ
6b#vƑU  #   
  !/K@tAK!8A
  "f׎9{GAγP'
  #]ԌZgr^n#u*>8#
6bvIh  #   
  !񅯏2]5J:!4,
  "W)}ߐ0o&cȪ)p
  #/Sz!{6s+ِŎ]Q`z
6bm_uw  #   
  !.~?%T?awe
  "T`rƨaUW_q
  #!g^׏:xFaW
6bu0鉚  #   
  !ܳ{KPḿ
  "&%^Q%л=HY-nM4a
  #ȘΑwb#޴ia|UDq
6bDtq  #   
  !l|c鶙V#A
  ")JSJ+.ۋa#)
  #5򋑲fY_g˅'
6bItOT  #   
  !֖xXc2՚aX̛x
  "F]'訝8b1@n{
  #򥑑*%_xC/0s-ڱA0#
6bt`g  #   
  !6aH||-kt{
  "yn]AzUKQ
  #ސW5\eۍ njc
6bws?v  #   
  !x-XW3Pe$
  "\Q'3y㕲+L,k\
  #CvgAm#mP0.Ƀ
6b3sG  #   
  !8fUOϵ@G8lR`
  "_SIP$]yq
  #ʙiƍshڴ`Bkbz
6bNr/  #   
  !Ԃuz<Hf6I 0l$
  "\ڼ|ς
  #͐OQȑ[R
6bor.  #   
  !w]DUMo8P 
  "oMɐMuq7/
  #˨ܕ*&_0ߑ<G)
6b%q  #   
  !֑鎤f3RǮi1
  "H@펶\Xf<`x"3C{
  #qƟpˬ"a]
6bqu  #   
  !ɇɐG^_s9`ϏT(
  "r-xQ0"c;o׿H{
  #\eQh\^yε!l7
6bYq^e  #   
  !`R\q)͵yaJu
  "9pR 5HF~אאE
  #CQQ_$p~ZZdq4^dN
6bXp͖  #   
  !Ϗ#k##ёa
  "7'14SpM"i(
  #~s+iUï+W]LC
6bpEU  #   
  !嵰<hVUUۼt;J
  "󶏋_ጳWI8
  #_==_x"ӑhB7JA;
6b0Co  #   
  !܊L]?lڎHȾ
  "בYGl㛏N
  #K[?yC-xUP
6bo,Eƚ  #   
  !vSdC or-?WB
  "h)\90bb@
  #ʏ1Bo.<S1W8B
6bnٚ  #   
  !ƌ#m\j%P5iso
  "UÝ"B}O4똌͜y
  #)r-tߙ'
6bc-n؋  #   
  !ЎPI9JK@#[c,n
  "s5m1UȐ4fsYO
  #w*O\^qnr
6bn[  #   
  !WKu@+/X5bb_cJ'
  "٤֏m_DG^tޣ$I5
  #cn74l\)]~Qս
6b:im{  #   
  !z:À#17䚓΁
  "7Y܉GIˈn;2
  #EYy둈x+#
6bmBƚ  #   
  !Ïp1ɵ>v-7s
  "ScQA)Y ϑ
  #˒=N8r9g͑'
6blk՚  #   
  !h?NKVal
  "ֈLܭnz2qT
  #noV.##6SXhE
6bmSl)  #   
  !܄ 7dlTR؅+C
  " Y>4|;7
  #ʩf(*$dGKwi'-B
6bk[  #   
  !><{ՙ6NpM*%
  "FАVfq<@/H
  #ʈϐ`=Y'6y썧bz
6bDk9  #   
  !@}o~Jo=
  "#oi?WG\
  #ʆ,rK`ڻIxtr-
6b=kYŚ  #   
  !5pĎ﵊jSқ8A
  "{]!Y!lҥ]Z
  #ʱڎT;^^Hx"%C}1
6bj)Ԛ  #   
  !oّ9Q XqkB
  "塹Y!9޴mOwqq)v
  #kZ1NɸE3_LVᾝ
6bwyj@  #   
  !ຆ$*f3@Y1
  "mkݡO*|4쎠Ї}Q
  #˚Qo'gi<zWrמZv
6b'i  #   
  !k*RQ3zH<qa
  ")/.dɵ7KG)
  #jk/$U A[
6bNi'$  #   
  !+Ӑ2Y`ԀU͑O
  "~Iu8z"+Z؎V#
  #"㑎ιޯ7r
6bch6  #   
  !؏Rܯ*3[h :.U2
  "Qy;.w-v
  #y^O}&:4ڹV
6b%hӚ  #   
  !\4;(]k5g`"`
  "%Rl#ƴէ݅g
  #8F;:TL@F3rB6
6bhWO  #   
  !倏3}Pv\e}`
  "&SJ) +е2*30$+
  #ʆ$aTbh,h1a
6bMg  #   
  !OіM9ֵ(L+Sq
  "nU+UBqsR4} '
  #\&9H <O">?ѻc
6bXg>@'  #   
  !ҏ֐ӭ2HForA^אrp^
  "OqD4|g@>'
  #gWƉ;Ў
6bf6  #   
  !CV͒'xӜ'ԑ1
  "RꡪWW5UT^m
  #ʋ$萍ʷü_SMVC<
6b07f%0E  #   
  !F~*>N{!sK=
  "?|<1i㏝ic
  #Tq~Hѵ㯷N3v!
6beW  #   
  !֐hD1<iw$`}
  "L#Ghm`D$
  #hc=qVg΍+DlL
6bseu  #   
  !ڟя^5K9d,5
  "\l^Y!3Z+@
  #ˁ͎U.2a=saeA͐
6bc!eT"  #   
  !ː3ƈ7+םtUot
  "#Ƕ;p/ ٴ)-
  #ˣ0ܜFҎD`'"cؕ
6bdf5  #   
  !kOq7Kė9
  "*p,\<[g5+l)
  #_Ո>wϏg=
6b:]d;D  #   
  !ӞD=jw(ޑs3:"c
  "t-rN?1ikIϢ
  #ʦ3E>ߞӐP}
6bcVV  #   
  !ǈUٿWracsr
  "inOȄWZh
  #:JҒO"^lk6>F;E
6b\s#H  #   
  !߷l)l~Gp{0AR=o
  "oL~0Jƶ7i
  # hSntJAp݈6٤
