 EARTHMOO   1.0000 0.00404   1.739 9.1213E-06  0.000   1.74
 A79        1.5214 0.05776  11.072 0.0000E+00  0.000  11.07
 A83        1.5224 0.05498   6.456 0.0000E+00  0.000   6.46
 A51        1.5319 0.02421   7.031 0.0000E+00  0.000   7.03
 A41        1.5463 0.08202   1.468 0.0000E+00  0.000   1.47
 A44        1.5500 0.03868   5.932 0.0000E+00  0.000   5.93
 A85        1.5845 0.01991   5.410 0.0000E+00  0.000   5.41
 A47        1.6056 0.03336   6.987 0.0000E+00  0.000   6.99
 A34        1.6341 0.04902   7.923 0.0000E+00  0.000   7.92
 A95        1.6376 0.10224   7.132 0.0000E+00  0.000   7.13
 A14        1.6443 0.03413   2.101 0.0000E+00  0.000   2.10
 A62        1.6528 0.05650   5.605 0.0000E+00  0.000   5.60
 A84        1.6605 0.04492   0.750 0.0000E+00  0.000   0.75
 A17        1.7215 0.05207  11.258 0.0000E+00  0.000  11.26
 A18        1.7253 0.01759   3.110 0.0000E+00  0.000   3.11
 A38        1.7675 0.03621   0.043 0.0000E+00  0.000   0.04
 A63        1.7681 0.01127   7.268 0.0000E+00  0.000   7.27
 A24        1.8042 0.05723   5.630 0.0000E+00  0.000   5.63
 A7         1.8242 0.03182   4.491 0.0000E+00  0.000   4.49
 A58        1.8244 0.07358   5.745 0.0000E+00  0.000   5.74
 A74        1.8249 0.07318   6.476 0.0000E+00  0.000   6.48
 A99        1.8256 0.04692   5.314 0.0000E+00  0.000   5.31
 A29        1.8404 0.04022   3.018 0.0000E+00  0.000   3.02
 A50        1.8697 0.01193   5.074 0.0000E+00  0.000   5.07
 A33        1.8822 0.01644   4.815 0.0000E+00  0.000   4.81
 A86        1.9045 0.06760   2.226 0.0000E+00  0.000   2.23
 A98        1.9324 0.04044   2.486 0.0000E+00  0.000   2.49
 A82        1.9658 0.09066   1.343 0.0000E+00  0.000   1.34
 A43        1.9778 0.20970   5.488 0.0000E+00  0.000   5.49
 A69        2.0639 0.02557   5.966 0.0000E+00  0.000   5.97
 A90        2.0767 0.11874   9.311 0.0000E+00  0.000   9.31
 A96        2.1005 0.05936   9.541 0.0000E+00  0.000   9.54
 A25        2.1117 0.02249   6.085 0.0000E+00  0.000   6.08
 A12        2.1449 0.00819   5.101 0.0000E+00  0.000   5.10
 A55        2.1678 0.05028   6.013 0.0000E+00  0.000   6.01
 A94        2.1992 0.04368   0.907 0.0000E+00  0.000   0.91
 A28        2.2087 0.04724   1.566 0.0000E+00  0.000   1.57
 A45        2.2105 0.05504   1.231 0.0000E+00  0.000   1.23
 A72        2.2264 0.00226   2.826 0.0000E+00  0.000   2.83
 A22        2.2673 0.00920   7.954 0.0000E+00  0.000   7.95
 A61        2.2700 0.05236   2.757 0.0000E+00  0.000   2.76
 A35        2.3230 0.06173   9.052 0.0000E+00  0.000   9.05
 A48        2.3811 0.05653   1.580 0.0000E+00  0.000   1.58
 A20        2.3983 0.08890   4.195 0.0000E+00  0.000   4.20
 A93        2.4069 0.04428   2.657 0.0000E+00  0.000   2.66
 A6         2.6044 0.10466   3.882 0.0000E+00  0.000   3.88
 A16        3.0962 0.06112   3.668 0.0000E+00  0.000   3.67
 A70        3.1128 0.06111   5.633 0.0000E+00  0.000   5.63
 A40        3.1671 0.10342   6.987 0.0000E+00  0.000   6.99
 A60        3.1940 0.05783   9.113 0.0000E+00  0.000   9.11
 JUPITER    3.2031 0.00777   1.622 9.5479E-04  0.000   1.62
 A68        3.2578 0.01147   7.114 0.0000E+00  0.000   7.11
 A26        4.0659 0.04519   2.775 0.0000E+00  0.000   2.78
 SATURN     9.5006 0.05179   1.020 2.8589E-04  0.000   1.02
