 EARTHMOO   1.0001 0.00881   1.532 9.1213E-06  0.000   1.53
 A79        1.5215 0.05245   8.692 0.0000E+00  0.000   8.69
 A83        1.5219 0.04773   7.011 0.0000E+00  0.000   7.01
 A51        1.5318 0.02702   7.778 0.0000E+00  0.000   7.78
 A41        1.5457 0.11027   1.523 0.0000E+00  0.000   1.52
 A44        1.5502 0.04499   8.164 0.0000E+00  0.000   8.16
 A85        1.5854 0.00310   3.909 0.0000E+00  0.000   3.91
 A47        1.6050 0.03827   6.950 0.0000E+00  0.000   6.95
 A34        1.6343 0.05249   9.319 0.0000E+00  0.000   9.32
 A95        1.6372 0.10014   6.084 0.0000E+00  0.000   6.08
 A14        1.6442 0.03607   1.693 0.0000E+00  0.000   1.69
 A62        1.6524 0.04249   6.146 0.0000E+00  0.000   6.15
 A84        1.6605 0.03619   3.839 0.0000E+00  0.000   3.84
 A17        1.7224 0.06777   8.463 0.0000E+00  0.000   8.46
 A18        1.7254 0.02021   0.236 0.0000E+00  0.000   0.24
 A38        1.7674 0.03472   1.444 0.0000E+00  0.000   1.44
 A63        1.7681 0.02873   9.466 0.0000E+00  0.000   9.47
 A24        1.8015 0.05373   4.181 0.0000E+00  0.000   4.18
 A58        1.8220 0.07866   7.460 0.0000E+00  0.000   7.46
 A7         1.8228 0.05012   5.647 0.0000E+00  0.000   5.65
 A74        1.8262 0.08256   6.396 0.0000E+00  0.000   6.40
 A99        1.8287 0.06372   5.138 0.0000E+00  0.000   5.14
 A29        1.8403 0.03277   3.125 0.0000E+00  0.000   3.12
 A50        1.8699 0.01058   3.979 0.0000E+00  0.000   3.98
 A33        1.8819 0.03836   4.759 0.0000E+00  0.000   4.76
 A86        1.9051 0.06080   3.466 0.0000E+00  0.000   3.47
 A98        1.9297 0.03687   2.632 0.0000E+00  0.000   2.63
 A82        1.9774 0.06488   1.776 0.0000E+00  0.000   1.78
 A43        2.0463 0.08863   4.936 0.0000E+00  0.000   4.94
 A69        2.0548 0.04235   6.408 0.0000E+00  0.000   6.41
 A90        2.0679 0.14605   9.204 0.0000E+00  0.000   9.20
 A96        2.1030 0.04723   8.752 0.0000E+00  0.000   8.75
 A25        2.1108 0.04036   7.698 0.0000E+00  0.000   7.70
 A12        2.1442 0.02082   6.506 0.0000E+00  0.000   6.51
 A55        2.1727 0.03552   5.893 0.0000E+00  0.000   5.89
 A94        2.1967 0.05357   0.779 0.0000E+00  0.000   0.78
 A28        2.2077 0.05035   2.226 0.0000E+00  0.000   2.23
 A45        2.2152 0.04018   2.555 0.0000E+00  0.000   2.55
 A72        2.2258 0.03327   1.771 0.0000E+00  0.000   1.77
 A22        2.2610 0.00931   6.403 0.0000E+00  0.000   6.40
 A61        2.2697 0.07812   2.938 0.0000E+00  0.000   2.94
 A35        2.3201 0.07677   6.874 0.0000E+00  0.000   6.87
 A48        2.3785 0.07961   3.825 0.0000E+00  0.000   3.83
 A93        2.4154 0.01296   0.845 0.0000E+00  0.000   0.84
 A20        2.4319 0.05111   2.721 0.0000E+00  0.000   2.72
 A6         2.6089 0.08031   4.716 0.0000E+00  0.000   4.72
 A68        3.1212 0.02632   8.207 0.0000E+00  0.000   8.21
 A40        3.1471 0.11191   9.439 0.0000E+00  0.000   9.44
 A60        3.1946 0.07412   8.990 0.0000E+00  0.000   8.99
 A70        3.1964 0.07821   3.367 0.0000E+00  0.000   3.37
 JUPITER    3.2032 0.01930   1.508 9.5479E-04  0.000   1.51
 A16        3.2815 0.05169   3.237 0.0000E+00  0.000   3.24
 A26        4.0258 0.02747   0.684 0.0000E+00  0.000   0.68
 A13        6.2276 0.21928   9.743 0.0000E+00  0.000   9.74
 SATURN     9.4952 0.04284   1.313 2.8589E-04  0.000   1.31
 A49       15.9508 0.68508  32.841 0.0000E+00  0.000  32.84
