 EARTHMOO   1.0000 0.01045   1.552 9.1213E-06  0.000   1.55
 A83        1.5224 0.04744   5.144 0.0000E+00  0.000   5.14
 A79        1.5225 0.05808   8.655 0.0000E+00  0.000   8.65
 A51        1.5323 0.02820   7.338 0.0000E+00  0.000   7.34
 A41        1.5454 0.09224   1.993 0.0000E+00  0.000   1.99
 A44        1.5505 0.04993   5.974 0.0000E+00  0.000   5.97
 A85        1.5854 0.00683   4.633 0.0000E+00  0.000   4.63
 A47        1.6060 0.03608   5.852 0.0000E+00  0.000   5.85
 A34        1.6342 0.04758   6.988 0.0000E+00  0.000   6.99
 A95        1.6374 0.08172   4.977 0.0000E+00  0.000   4.98
 A14        1.6446 0.03607   1.375 0.0000E+00  0.000   1.37
 A62        1.6521 0.06449   8.063 0.0000E+00  0.000   8.06
 A84        1.6599 0.06073   3.556 0.0000E+00  0.000   3.56
 A17        1.7217 0.04802   9.421 0.0000E+00  0.000   9.42
 A18        1.7258 0.02578   2.817 0.0000E+00  0.000   2.82
 A63        1.7679 0.02854   7.199 0.0000E+00  0.000   7.20
 A38        1.7692 0.04397   1.246 0.0000E+00  0.000   1.25
 A24        1.8014 0.05899   5.375 0.0000E+00  0.000   5.37
 A58        1.8204 0.06819   7.268 0.0000E+00  0.000   7.27
 A7         1.8228 0.02419   5.269 0.0000E+00  0.000   5.27
 A74        1.8248 0.07410   4.001 0.0000E+00  0.000   4.00
 A99        1.8280 0.03126   5.723 0.0000E+00  0.000   5.72
 A29        1.8405 0.03997   5.278 0.0000E+00  0.000   5.28
 A50        1.8704 0.01519   5.135 0.0000E+00  0.000   5.13
 A33        1.8827 0.03211   4.496 0.0000E+00  0.000   4.50
 A86        1.9055 0.07084   3.169 0.0000E+00  0.000   3.17
 A98        1.9288 0.05259   1.873 0.0000E+00  0.000   1.87
 A82        1.9712 0.07807   1.478 0.0000E+00  0.000   1.48
 A43        1.9971 0.17804   5.768 0.0000E+00  0.000   5.77
 A69        2.0586 0.03541   6.142 0.0000E+00  0.000   6.14
 A90        2.0823 0.09226   8.485 0.0000E+00  0.000   8.49
 A96        2.0993 0.07362   8.572 0.0000E+00  0.000   8.57
 A25        2.1178 0.04770   6.464 0.0000E+00  0.000   6.46
 A12        2.1447 0.01445   5.479 0.0000E+00  0.000   5.48
 A55        2.1736 0.06092   6.093 0.0000E+00  0.000   6.09
 A94        2.2042 0.04158   2.044 0.0000E+00  0.000   2.04
 A28        2.2074 0.07430   1.628 0.0000E+00  0.000   1.63
 A45        2.2155 0.05117   1.613 0.0000E+00  0.000   1.61
 A72        2.2254 0.02482   0.990 0.0000E+00  0.000   0.99
 A22        2.2617 0.00980   7.538 0.0000E+00  0.000   7.54
 A61        2.2817 0.06644   0.597 0.0000E+00  0.000   0.60
 A35        2.3196 0.04166   7.174 0.0000E+00  0.000   7.17
 A48        2.3719 0.10197   4.198 0.0000E+00  0.000   4.20
 A20        2.3810 0.13359   3.587 0.0000E+00  0.000   3.59
 A93        2.4093 0.06015   1.390 0.0000E+00  0.000   1.39
 A6         2.6387 0.07186   5.599 0.0000E+00  0.000   5.60
 A70        3.1633 0.06047   4.459 0.0000E+00  0.000   4.46
 A16        3.1751 0.04776   4.749 0.0000E+00  0.000   4.75
 JUPITER    3.2032 0.02372   1.237 9.5479E-04  0.000   1.24
 A60        3.2301 0.03914   6.741 0.0000E+00  0.000   6.74
 A40        3.2442 0.10548   9.344 0.0000E+00  0.000   9.34
 A68        3.2805 0.02888   7.249 0.0000E+00  0.000   7.25
 A26        4.1167 0.08721   1.612 0.0000E+00  0.000   1.61
 SATURN     9.5311 0.04202   1.783 2.8589E-04  0.000   1.78
