 EARTHMOO   1.0001 0.01147   0.496 9.1213E-06  0.000   0.50
 A79        1.5215 0.05757   9.121 0.0000E+00  0.000   9.12
 A83        1.5218 0.05710   5.957 0.0000E+00  0.000   5.96
 A51        1.5318 0.02503   6.058 0.0000E+00  0.000   6.06
 A41        1.5447 0.07972   0.953 0.0000E+00  0.000   0.95
 A44        1.5510 0.06651   7.341 0.0000E+00  0.000   7.34
 A85        1.5856 0.01830   5.694 0.0000E+00  0.000   5.69
 A47        1.6057 0.02204   6.111 0.0000E+00  0.000   6.11
 A34        1.6352 0.06938   8.651 0.0000E+00  0.000   8.65
 A95        1.6377 0.10701   5.056 0.0000E+00  0.000   5.06
 A14        1.6447 0.01320   0.862 0.0000E+00  0.000   0.86
 A62        1.6527 0.05252   7.551 0.0000E+00  0.000   7.55
 A84        1.6596 0.06049   2.808 0.0000E+00  0.000   2.81
 A17        1.7214 0.06537  10.246 0.0000E+00  0.000  10.25
 A18        1.7247 0.02575   1.847 0.0000E+00  0.000   1.85
 A38        1.7682 0.03765   1.418 0.0000E+00  0.000   1.42
 A63        1.7688 0.00590   8.229 0.0000E+00  0.000   8.23
 A24        1.8015 0.05290   5.097 0.0000E+00  0.000   5.10
 A58        1.8220 0.05319   5.565 0.0000E+00  0.000   5.56
 A7         1.8250 0.04072   5.570 0.0000E+00  0.000   5.57
 A74        1.8252 0.07968   5.024 0.0000E+00  0.000   5.02
 A99        1.8278 0.06469   6.698 0.0000E+00  0.000   6.70
 A29        1.8422 0.05959   4.949 0.0000E+00  0.000   4.95
 A50        1.8693 0.01769   3.763 0.0000E+00  0.000   3.76
 A33        1.8847 0.04491   3.390 0.0000E+00  0.000   3.39
 A86        1.9046 0.07517   1.953 0.0000E+00  0.000   1.95
 A98        1.9299 0.04018   0.697 0.0000E+00  0.000   0.70
 A82        1.9674 0.10150   1.695 0.0000E+00  0.000   1.69
 A43        2.0402 0.14963   6.108 0.0000E+00  0.000   6.11
 A69        2.0520 0.06302   7.192 0.0000E+00  0.000   7.19
 A90        2.0863 0.08851   7.832 0.0000E+00  0.000   7.83
 A96        2.1092 0.06961   8.608 0.0000E+00  0.000   8.61
 A25        2.1131 0.02640   6.520 0.0000E+00  0.000   6.52
 A12        2.1430 0.01305   6.593 0.0000E+00  0.000   6.59
 A55        2.1695 0.05499   6.761 0.0000E+00  0.000   6.76
 A94        2.1962 0.04134   1.259 0.0000E+00  0.000   1.26
 A28        2.2091 0.05052   1.757 0.0000E+00  0.000   1.76
 A45        2.2102 0.07031   2.359 0.0000E+00  0.000   2.36
 A72        2.2258 0.02959   2.594 0.0000E+00  0.000   2.59
 A22        2.2626 0.00798   6.919 0.0000E+00  0.000   6.92
 A61        2.2705 0.02414   2.061 0.0000E+00  0.000   2.06
 A35        2.3222 0.08381   7.486 0.0000E+00  0.000   7.49
 A48        2.3761 0.10920   3.528 0.0000E+00  0.000   3.53
 A20        2.3817 0.12876   4.614 0.0000E+00  0.000   4.61
 A93        2.3958 0.05534   1.721 0.0000E+00  0.000   1.72
 A6         2.6052 0.14001   4.707 0.0000E+00  0.000   4.71
 A68        3.1485 0.01105   8.475 0.0000E+00  0.000   8.47
 A70        3.1604 0.06746   4.454 0.0000E+00  0.000   4.45
 A60        3.1973 0.08245   7.501 0.0000E+00  0.000   7.50
 JUPITER    3.2031 0.02915   0.473 9.5479E-04  0.000   0.47
 A40        3.2567 0.09021   8.855 0.0000E+00  0.000   8.85
 A16        3.3244 0.03326   4.569 0.0000E+00  0.000   4.57
 A26        4.0589 0.08001   2.848 0.0000E+00  0.000   2.85
 SATURN     9.4676 0.02924   2.400 2.8589E-04  0.000   2.40
