 EARTHMOO   1.0000 0.01014   0.441 9.1213E-06  0.000   0.44
 A79        1.5217 0.06224   9.447 0.0000E+00  0.000   9.45
 A83        1.5220 0.05539   5.798 0.0000E+00  0.000   5.80
 A51        1.5330 0.02559   6.812 0.0000E+00  0.000   6.81
 A41        1.5454 0.10307   1.263 0.0000E+00  0.000   1.26
 A44        1.5498 0.04321   7.540 0.0000E+00  0.000   7.54
 A85        1.5848 0.02347   4.983 0.0000E+00  0.000   4.98
 A47        1.6054 0.02423   5.875 0.0000E+00  0.000   5.87
 A34        1.6346 0.05844   8.060 0.0000E+00  0.000   8.06
 A95        1.6370 0.08240   5.575 0.0000E+00  0.000   5.58
 A14        1.6443 0.04002   0.778 0.0000E+00  0.000   0.78
 A62        1.6525 0.04825   7.181 0.0000E+00  0.000   7.18
 A84        1.6607 0.06168   2.536 0.0000E+00  0.000   2.54
 A17        1.7215 0.05044  10.128 0.0000E+00  0.000  10.13
 A18        1.7260 0.00606   1.355 0.0000E+00  0.000   1.35
 A38        1.7675 0.04014   1.608 0.0000E+00  0.000   1.61
 A63        1.7700 0.03321   8.729 0.0000E+00  0.000   8.73
 A24        1.8022 0.04891   5.255 0.0000E+00  0.000   5.25
 A58        1.8205 0.08907   5.896 0.0000E+00  0.000   5.90
 A7         1.8218 0.03557   4.947 0.0000E+00  0.000   4.95
 A74        1.8257 0.07588   5.071 0.0000E+00  0.000   5.07
 A99        1.8263 0.06279   6.621 0.0000E+00  0.000   6.62
 A29        1.8410 0.04403   4.455 0.0000E+00  0.000   4.45
 A50        1.8698 0.02002   3.681 0.0000E+00  0.000   3.68
 A33        1.8830 0.00931   3.372 0.0000E+00  0.000   3.37
 A86        1.9070 0.04529   2.406 0.0000E+00  0.000   2.41
 A98        1.9340 0.03407   1.451 0.0000E+00  0.000   1.45
 A82        1.9760 0.04595   2.257 0.0000E+00  0.000   2.26
 A43        2.0435 0.10817   6.032 0.0000E+00  0.000   6.03
 A69        2.0575 0.05136   7.284 0.0000E+00  0.000   7.28
 A90        2.0856 0.08669   8.555 0.0000E+00  0.000   8.55
 A96        2.1061 0.05289   8.610 0.0000E+00  0.000   8.61
 A25        2.1096 0.03301   6.186 0.0000E+00  0.000   6.19
 A12        2.1463 0.01770   6.136 0.0000E+00  0.000   6.14
 A55        2.1719 0.05842   7.448 0.0000E+00  0.000   7.45
 A94        2.1999 0.03584   1.110 0.0000E+00  0.000   1.11
 A45        2.2100 0.06123   3.134 0.0000E+00  0.000   3.13
 A28        2.2123 0.04036   1.178 0.0000E+00  0.000   1.18
 A72        2.2296 0.01658   2.234 0.0000E+00  0.000   2.23
 A22        2.2694 0.01374   6.705 0.0000E+00  0.000   6.71
 A61        2.2760 0.02597   1.766 0.0000E+00  0.000   1.77
 A35        2.3182 0.03881   7.783 0.0000E+00  0.000   7.78
 A20        2.3825 0.11899   4.135 0.0000E+00  0.000   4.14
 A48        2.3864 0.06644   3.267 0.0000E+00  0.000   3.27
 A93        2.3948 0.04630   1.593 0.0000E+00  0.000   1.59
 A6         2.6580 0.07730   4.170 0.0000E+00  0.000   4.17
 A68        3.1091 0.02258   8.632 0.0000E+00  0.000   8.63
 A70        3.1502 0.08143   3.950 0.0000E+00  0.000   3.95
 A16        3.1659 0.05175   4.816 0.0000E+00  0.000   4.82
 A60        3.1979 0.04576   7.236 0.0000E+00  0.000   7.24
 JUPITER    3.2033 0.02444   0.316 9.5479E-04  0.000   0.32
 A40        3.2660 0.10085   8.602 0.0000E+00  0.000   8.60
 A26        4.0667 0.07112   2.062 0.0000E+00  0.000   2.06
 SATURN     9.5311 0.03489   2.444 2.8589E-04  0.000   2.44
 A49       51.8871 0.87199  43.029 0.0000E+00  0.000  43.03
