 EARTHMOO   1.0000 0.01116   1.753 9.1213E-06  0.000   1.75
 A79        1.5219 0.04282   9.313 0.0000E+00  0.000   9.31
 A83        1.5226 0.04465   6.489 0.0000E+00  0.000   6.49
 A51        1.5322 0.02576   6.811 0.0000E+00  0.000   6.81
 A41        1.5451 0.09697   0.348 0.0000E+00  0.000   0.35
 A44        1.5502 0.04212   6.896 0.0000E+00  0.000   6.90
 A85        1.5848 0.02102   6.681 0.0000E+00  0.000   6.68
 A47        1.6049 0.05049   7.077 0.0000E+00  0.000   7.08
 A34        1.6347 0.05865   9.338 0.0000E+00  0.000   9.34
 A95        1.6386 0.10594   4.293 0.0000E+00  0.000   4.29
 A14        1.6442 0.03898   1.135 0.0000E+00  0.000   1.13
 A62        1.6529 0.07114   8.703 0.0000E+00  0.000   8.70
 A84        1.6612 0.02876   2.008 0.0000E+00  0.000   2.01
 A17        1.7221 0.05216   8.960 0.0000E+00  0.000   8.96
 A18        1.7252 0.01458   1.051 0.0000E+00  0.000   1.05
 A63        1.7676 0.03234   9.762 0.0000E+00  0.000   9.76
 A38        1.7701 0.02880   0.164 0.0000E+00  0.000   0.16
 A24        1.8032 0.05510   6.356 0.0000E+00  0.000   6.36
 A58        1.8228 0.05590   5.735 0.0000E+00  0.000   5.73
 A7         1.8230 0.04817   5.937 0.0000E+00  0.000   5.94
 A99        1.8264 0.02754   6.241 0.0000E+00  0.000   6.24
 A74        1.8273 0.08845   3.820 0.0000E+00  0.000   3.82
 A29        1.8410 0.05494   5.301 0.0000E+00  0.000   5.30
 A50        1.8725 0.01355   5.071 0.0000E+00  0.000   5.07
 A33        1.8834 0.04076   4.684 0.0000E+00  0.000   4.68
 A86        1.9079 0.06075   0.680 0.0000E+00  0.000   0.68
 A98        1.9297 0.03681   0.653 0.0000E+00  0.000   0.65
 A82        1.9737 0.05869   1.664 0.0000E+00  0.000   1.66
 A43        1.9762 0.23851   4.853 0.0000E+00  0.000   4.85
 A69        2.0603 0.00568   5.772 0.0000E+00  0.000   5.77
 A90        2.0827 0.08732   6.717 0.0000E+00  0.000   6.72
 A96        2.0999 0.08555   9.044 0.0000E+00  0.000   9.04
 A25        2.1131 0.02850   4.826 0.0000E+00  0.000   4.83
 A12        2.1424 0.03977   7.775 0.0000E+00  0.000   7.77
 A55        2.1721 0.06729   5.963 0.0000E+00  0.000   5.96
 A94        2.1938 0.07708   2.231 0.0000E+00  0.000   2.23
 A28        2.2080 0.07500   2.109 0.0000E+00  0.000   2.11
 A45        2.2214 0.03465   2.551 0.0000E+00  0.000   2.55
 A72        2.2266 0.02128   3.433 0.0000E+00  0.000   3.43
 A22        2.2614 0.01460   7.684 0.0000E+00  0.000   7.68
 A97        2.2650 0.07004  16.143 0.0000E+00  0.000  16.14
 A61        2.2759 0.05394   3.131 0.0000E+00  0.000   3.13
 A35        2.3229 0.07514   6.141 0.0000E+00  0.000   6.14
 A48        2.3709 0.08062   2.259 0.0000E+00  0.000   2.26
 A20        2.3799 0.07674   4.210 0.0000E+00  0.000   4.21
 A93        2.4209 0.06637   1.348 0.0000E+00  0.000   1.35
 A6         2.6112 0.11758   5.348 0.0000E+00  0.000   5.35
 A70        3.0973 0.03604   5.435 0.0000E+00  0.000   5.43
 A78        3.1117 0.05501   8.571 0.0000E+00  0.000   8.57
 A40        3.1494 0.08069   7.424 0.0000E+00  0.000   7.42
 JUPITER    3.2033 0.02742   1.429 9.5479E-04  0.000   1.43
 A60        3.2296 0.06620   6.814 0.0000E+00  0.000   6.81
 A68        3.2791 0.03785   7.059 0.0000E+00  0.000   7.06
 A16        3.3272 0.08322   5.868 0.0000E+00  0.000   5.87
 A26        4.0348 0.01809   2.451 0.0000E+00  0.000   2.45
 A13        6.2375 0.23874   9.302 0.0000E+00  0.000   9.30
 SATURN     9.5285 0.03809   1.474 2.8589E-04  0.000   1.47
 A49       18.4222 0.54818  48.699 0.0000E+00  0.000  48.70
 A57       44.2313 0.79701  11.856 0.0000E+00  0.000  11.86
