 EARTHMOO   1.0000 0.00312   1.854 9.1213E-06  0.000   1.85
 A79        1.5214 0.05313   8.733 0.0000E+00  0.000   8.73
 A83        1.5222 0.05024   6.946 0.0000E+00  0.000   6.95
 A51        1.5328 0.02312   5.737 0.0000E+00  0.000   5.74
 A41        1.5480 0.07761   0.263 0.0000E+00  0.000   0.26
 A44        1.5503 0.03657   7.095 0.0000E+00  0.000   7.09
 A85        1.5854 0.01267   6.750 0.0000E+00  0.000   6.75
 A47        1.6053 0.03975   7.272 0.0000E+00  0.000   7.27
 A34        1.6338 0.05408   6.838 0.0000E+00  0.000   6.84
 A95        1.6375 0.10382   4.062 0.0000E+00  0.000   4.06
 A14        1.6445 0.03443   1.950 0.0000E+00  0.000   1.95
 A62        1.6530 0.05050   8.833 0.0000E+00  0.000   8.83
 A84        1.6608 0.04443   3.151 0.0000E+00  0.000   3.15
 A17        1.7219 0.04826   9.899 0.0000E+00  0.000   9.90
 A18        1.7261 0.01165   2.046 0.0000E+00  0.000   2.05
 A63        1.7678 0.01382   9.636 0.0000E+00  0.000   9.64
 A38        1.7679 0.03694   0.788 0.0000E+00  0.000   0.79
 A24        1.8021 0.06077   4.854 0.0000E+00  0.000   4.85
 A58        1.8207 0.07646   7.340 0.0000E+00  0.000   7.34
 A7         1.8216 0.03684   6.621 0.0000E+00  0.000   6.62
 A74        1.8243 0.07018   3.690 0.0000E+00  0.000   3.69
 A99        1.8260 0.05685   5.116 0.0000E+00  0.000   5.12
 A29        1.8416 0.03829   6.246 0.0000E+00  0.000   6.25
 A50        1.8708 0.00400   4.563 0.0000E+00  0.000   4.56
 A33        1.8819 0.02231   4.804 0.0000E+00  0.000   4.80
 A86        1.9071 0.06181   1.235 0.0000E+00  0.000   1.24
 A98        1.9286 0.05968   0.545 0.0000E+00  0.000   0.55
 A82        1.9704 0.07793   3.255 0.0000E+00  0.000   3.25
 A43        2.0083 0.17497   5.694 0.0000E+00  0.000   5.69
 A69        2.0550 0.04825   6.174 0.0000E+00  0.000   6.17
 A90        2.0868 0.09843   9.344 0.0000E+00  0.000   9.34
 A96        2.1016 0.05964   9.109 0.0000E+00  0.000   9.11
 A25        2.1138 0.01973   7.088 0.0000E+00  0.000   7.09
 A12        2.1523 0.00493   4.980 0.0000E+00  0.000   4.98
 A55        2.1801 0.05250   8.520 0.0000E+00  0.000   8.52
 A94        2.2064 0.05479   0.771 0.0000E+00  0.000   0.77
 A28        2.2097 0.04803   2.878 0.0000E+00  0.000   2.88
 A45        2.2155 0.05742   4.272 0.0000E+00  0.000   4.27
 A72        2.2268 0.00654   0.888 0.0000E+00  0.000   0.89
 A61        2.2642 0.07399   1.222 0.0000E+00  0.000   1.22
 A22        2.2656 0.00947   7.836 0.0000E+00  0.000   7.84
 A35        2.3213 0.06267   7.704 0.0000E+00  0.000   7.70
 A48        2.3653 0.08531   2.725 0.0000E+00  0.000   2.72
 A20        2.3886 0.10209   3.947 0.0000E+00  0.000   3.95
 A93        2.4128 0.02347   1.956 0.0000E+00  0.000   1.96
 A6         2.6015 0.09763   5.957 0.0000E+00  0.000   5.96
 A40        3.1683 0.10061   8.254 0.0000E+00  0.000   8.25
 A16        3.1806 0.05947   6.225 0.0000E+00  0.000   6.23
 A70        3.1937 0.06005   5.661 0.0000E+00  0.000   5.66
 JUPITER    3.2032 0.00650   1.571 9.5479E-04  0.000   1.57
 A60        3.2287 0.04914   5.694 0.0000E+00  0.000   5.69
 A68        3.2966 0.02001   7.605 0.0000E+00  0.000   7.60
 A26        4.0909 0.05114   3.276 0.0000E+00  0.000   3.28
 SATURN     9.5005 0.04886   1.162 2.8589E-04  0.000   1.16
 A49       29.0410 0.77967  42.338 0.0000E+00  0.000  42.34
