 EARTHMOO   1.0001 0.00662   0.373 9.1213E-06  0.000   0.37
 A79        1.5211 0.05717   9.701 0.0000E+00  0.000   9.70
 A83        1.5222 0.05474   5.497 0.0000E+00  0.000   5.50
 A51        1.5320 0.02863   6.277 0.0000E+00  0.000   6.28
 A41        1.5453 0.08500   1.573 0.0000E+00  0.000   1.57
 A44        1.5507 0.02741   7.440 0.0000E+00  0.000   7.44
 A85        1.5851 0.02247   5.321 0.0000E+00  0.000   5.32
 A47        1.6051 0.03798   5.622 0.0000E+00  0.000   5.62
 A34        1.6340 0.05324   8.083 0.0000E+00  0.000   8.08
 A95        1.6371 0.10333   5.439 0.0000E+00  0.000   5.44
 A14        1.6444 0.03827   0.615 0.0000E+00  0.000   0.62
 A62        1.6539 0.04592   7.230 0.0000E+00  0.000   7.23
 A84        1.6615 0.05165   2.228 0.0000E+00  0.000   2.23
 A17        1.7220 0.05784   9.899 0.0000E+00  0.000   9.90
 A18        1.7262 0.01062   1.398 0.0000E+00  0.000   1.40
 A38        1.7676 0.04469   1.697 0.0000E+00  0.000   1.70
 A63        1.7686 0.00952   8.492 0.0000E+00  0.000   8.49
 A24        1.8021 0.06054   5.295 0.0000E+00  0.000   5.29
 A58        1.8218 0.07246   6.209 0.0000E+00  0.000   6.21
 A7         1.8220 0.05058   4.998 0.0000E+00  0.000   5.00
 A74        1.8252 0.06470   4.981 0.0000E+00  0.000   4.98
 A99        1.8254 0.06222   6.553 0.0000E+00  0.000   6.55
 A29        1.8414 0.03123   4.736 0.0000E+00  0.000   4.74
 A50        1.8704 0.01617   3.721 0.0000E+00  0.000   3.72
 A33        1.8826 0.03007   3.371 0.0000E+00  0.000   3.37
 A86        1.9047 0.07203   2.052 0.0000E+00  0.000   2.05
 A98        1.9296 0.05858   1.144 0.0000E+00  0.000   1.14
 A82        1.9694 0.08682   1.921 0.0000E+00  0.000   1.92
 A43        2.0198 0.15864   6.050 0.0000E+00  0.000   6.05
 A69        2.0606 0.05520   7.256 0.0000E+00  0.000   7.26
 A90        2.0748 0.13322   8.205 0.0000E+00  0.000   8.21
 A96        2.1039 0.03921   8.756 0.0000E+00  0.000   8.76
 A25        2.1121 0.04489   6.126 0.0000E+00  0.000   6.13
 A12        2.1444 0.02580   6.199 0.0000E+00  0.000   6.20
 A55        2.1684 0.07057   6.958 0.0000E+00  0.000   6.96
 A94        2.2009 0.03664   0.964 0.0000E+00  0.000   0.96
 A45        2.2166 0.03742   2.714 0.0000E+00  0.000   2.71
 A28        2.2206 0.03617   1.223 0.0000E+00  0.000   1.22
 A72        2.2276 0.01731   1.981 0.0000E+00  0.000   1.98
 A22        2.2635 0.01540   6.645 0.0000E+00  0.000   6.65
 A61        2.2755 0.02871   1.835 0.0000E+00  0.000   1.84
 A35        2.3218 0.05384   7.609 0.0000E+00  0.000   7.61
 A48        2.3698 0.07086   3.085 0.0000E+00  0.000   3.08
 A93        2.3992 0.04658   1.324 0.0000E+00  0.000   1.32
 A20        2.4164 0.04446   4.201 0.0000E+00  0.000   4.20
 A6         2.6564 0.04635   4.403 0.0000E+00  0.000   4.40
 A16        3.1048 0.06785   4.756 0.0000E+00  0.000   4.76
 A40        3.1818 0.10643   8.357 0.0000E+00  0.000   8.36
 JUPITER    3.2033 0.01383   0.159 9.5479E-04  0.000   0.16
 A60        3.2096 0.05363   7.480 0.0000E+00  0.000   7.48
 A68        3.2549 0.02240   8.522 0.0000E+00  0.000   8.52
 A70        3.3255 0.04664   4.198 0.0000E+00  0.000   4.20
 A26        4.0263 0.03267   2.198 0.0000E+00  0.000   2.20
 SATURN     9.4642 0.04698   2.475 2.8589E-04  0.000   2.48
 A49       24.6064 0.73462  41.328 0.0000E+00  0.000  41.33
