 EARTHMOO   1.0000 0.00544   0.941 9.1213E-06  0.000   0.94
 A83        1.5220 0.05766   6.424 0.0000E+00  0.000   6.42
 A79        1.5223 0.05364  10.120 0.0000E+00  0.000  10.12
 A51        1.5316 0.02689   7.476 0.0000E+00  0.000   7.48
 A41        1.5470 0.09685   0.729 0.0000E+00  0.000   0.73
 A44        1.5505 0.05054   7.828 0.0000E+00  0.000   7.83
 A85        1.5846 0.02551   4.294 0.0000E+00  0.000   4.29
 A47        1.6055 0.04251   6.185 0.0000E+00  0.000   6.19
 A34        1.6341 0.06003   8.572 0.0000E+00  0.000   8.57
 A95        1.6373 0.09539   6.202 0.0000E+00  0.000   6.20
 A14        1.6449 0.02408   1.029 0.0000E+00  0.000   1.03
 A62        1.6528 0.04989   7.913 0.0000E+00  0.000   7.91
 A84        1.6605 0.04450   1.815 0.0000E+00  0.000   1.81
 A17        1.7232 0.05267   9.932 0.0000E+00  0.000   9.93
 A18        1.7247 0.01884   2.324 0.0000E+00  0.000   2.32
 A38        1.7683 0.04266   2.610 0.0000E+00  0.000   2.61
 A63        1.7685 0.01977   7.711 0.0000E+00  0.000   7.71
 A24        1.8013 0.06028   4.346 0.0000E+00  0.000   4.35
 A7         1.8216 0.04314   5.380 0.0000E+00  0.000   5.38
 A58        1.8216 0.07862   5.078 0.0000E+00  0.000   5.08
 A74        1.8250 0.07844   5.655 0.0000E+00  0.000   5.65
 A99        1.8273 0.04799   6.435 0.0000E+00  0.000   6.43
 A29        1.8419 0.03025   5.523 0.0000E+00  0.000   5.52
 A50        1.8705 0.01553   3.937 0.0000E+00  0.000   3.94
 A33        1.8820 0.02986   4.194 0.0000E+00  0.000   4.19
 A86        1.9089 0.07049   2.008 0.0000E+00  0.000   2.01
 A98        1.9271 0.06268   0.205 0.0000E+00  0.000   0.20
 A82        1.9775 0.06091   2.925 0.0000E+00  0.000   2.93
 A43        2.0481 0.08788   5.474 0.0000E+00  0.000   5.47
 A69        2.0584 0.01376   8.235 0.0000E+00  0.000   8.24
 A90        2.0835 0.10291   8.955 0.0000E+00  0.000   8.96
 A96        2.1092 0.05689   9.695 0.0000E+00  0.000   9.70
 A25        2.1135 0.02446   6.129 0.0000E+00  0.000   6.13
 A12        2.1458 0.00483   7.303 0.0000E+00  0.000   7.30
 A55        2.1730 0.03970   6.224 0.0000E+00  0.000   6.22
 A94        2.2001 0.03497   1.124 0.0000E+00  0.000   1.12
 A45        2.2112 0.06510   3.204 0.0000E+00  0.000   3.20
 A28        2.2124 0.04723   2.002 0.0000E+00  0.000   2.00
 A72        2.2288 0.01518   1.361 0.0000E+00  0.000   1.36
 A22        2.2639 0.01344   5.592 0.0000E+00  0.000   5.59
 A61        2.2760 0.02137   2.576 0.0000E+00  0.000   2.58
 A35        2.3167 0.07302   8.251 0.0000E+00  0.000   8.25
 A48        2.3724 0.07470   3.007 0.0000E+00  0.000   3.01
 A20        2.3856 0.09360   4.000 0.0000E+00  0.000   4.00
 A93        2.3961 0.07936   1.750 0.0000E+00  0.000   1.75
 A6         2.6145 0.09718   5.235 0.0000E+00  0.000   5.24
 A16        3.1304 0.06359   5.748 0.0000E+00  0.000   5.75
 A40        3.1504 0.10320   9.216 0.0000E+00  0.000   9.22
 JUPITER    3.2033 0.01117   0.975 9.5479E-04  0.000   0.97
 A60        3.2304 0.06295   8.163 0.0000E+00  0.000   8.16
 A70        3.2790 0.06420   4.768 0.0000E+00  0.000   4.77
 A68        3.2807 0.02200   8.450 0.0000E+00  0.000   8.45
 A26        4.0507 0.02390   1.962 0.0000E+00  0.000   1.96
 SATURN     9.4642 0.04723   2.082 2.8589E-04  0.000   2.08
