 EARTHMOO   1.0001 0.01164   1.310 9.1213E-06  0.000   1.31
 A79        1.5211 0.05010  10.872 0.0000E+00  0.000  10.87
 A83        1.5224 0.04569   5.825 0.0000E+00  0.000   5.82
 A51        1.5320 0.02774   6.098 0.0000E+00  0.000   6.10
 A41        1.5477 0.05605   0.925 0.0000E+00  0.000   0.93
 A44        1.5505 0.06551   6.140 0.0000E+00  0.000   6.14
 A85        1.5848 0.01341   5.126 0.0000E+00  0.000   5.13
 A47        1.6050 0.05336   6.600 0.0000E+00  0.000   6.60
 A34        1.6349 0.05331   8.980 0.0000E+00  0.000   8.98
 A95        1.6390 0.11218   6.722 0.0000E+00  0.000   6.72
 A14        1.6443 0.01168   1.236 0.0000E+00  0.000   1.24
 A62        1.6522 0.07050   6.219 0.0000E+00  0.000   6.22
 A84        1.6605 0.04642   1.744 0.0000E+00  0.000   1.74
 A17        1.7219 0.06575   8.463 0.0000E+00  0.000   8.46
 A18        1.7263 0.02863   2.462 0.0000E+00  0.000   2.46
 A38        1.7680 0.04947   0.695 0.0000E+00  0.000   0.70
 A63        1.7681 0.00643   8.971 0.0000E+00  0.000   8.97
 A24        1.8014 0.04627   5.900 0.0000E+00  0.000   5.90
 A58        1.8209 0.09496   7.084 0.0000E+00  0.000   7.08
 A7         1.8216 0.05184   3.806 0.0000E+00  0.000   3.81
 A74        1.8264 0.04976   6.226 0.0000E+00  0.000   6.23
 A99        1.8273 0.02699   5.928 0.0000E+00  0.000   5.93
 A29        1.8408 0.05957   4.339 0.0000E+00  0.000   4.34
 A50        1.8695 0.01381   5.167 0.0000E+00  0.000   5.17
 A33        1.8847 0.02704   4.593 0.0000E+00  0.000   4.59
 A86        1.9056 0.05081   2.782 0.0000E+00  0.000   2.78
 A98        1.9276 0.07217   2.162 0.0000E+00  0.000   2.16
 A82        1.9658 0.10294   3.079 0.0000E+00  0.000   3.08
 A43        2.0465 0.10082   7.500 0.0000E+00  0.000   7.50
 A69        2.0501 0.07217   5.971 0.0000E+00  0.000   5.97
 A90        2.0704 0.11233   8.283 0.0000E+00  0.000   8.28
 A96        2.1062 0.09283   8.645 0.0000E+00  0.000   8.65
 A25        2.1110 0.00786   5.464 0.0000E+00  0.000   5.46
 A12        2.1462 0.01747   6.886 0.0000E+00  0.000   6.89
 A55        2.1735 0.06572   8.381 0.0000E+00  0.000   8.38
 A94        2.1994 0.06734   2.161 0.0000E+00  0.000   2.16
 A28        2.2078 0.07726   0.262 0.0000E+00  0.000   0.26
 A45        2.2131 0.04763   3.988 0.0000E+00  0.000   3.99
 A72        2.2256 0.03908   1.961 0.0000E+00  0.000   1.96
 A22        2.2613 0.01813   8.150 0.0000E+00  0.000   8.15
 A61        2.2744 0.02005   2.225 0.0000E+00  0.000   2.22
 A35        2.3250 0.05578   6.196 0.0000E+00  0.000   6.20
 A20        2.3873 0.09718   3.817 0.0000E+00  0.000   3.82
 A48        2.3940 0.08481   3.637 0.0000E+00  0.000   3.64
 A93        2.4137 0.06199   0.123 0.0000E+00  0.000   0.12
 A6         2.6184 0.11557   4.387 0.0000E+00  0.000   4.39
 A68        3.0994 0.03890   7.195 0.0000E+00  0.000   7.19
 A40        3.1598 0.09523   8.470 0.0000E+00  0.000   8.47
 JUPITER    3.2033 0.02896   1.341 9.5479E-04  0.000   1.34
 A60        3.2292 0.05071   8.450 0.0000E+00  0.000   8.45
 A70        3.2568 0.06542   4.978 0.0000E+00  0.000   4.98
 A16        3.3253 0.05068   3.358 0.0000E+00  0.000   3.36
 A26        4.0874 0.05896   1.200 0.0000E+00  0.000   1.20
 SATURN     9.4687 0.03358   1.630 2.8589E-04  0.000   1.63
 A49       29.1817 0.77896  42.400 0.0000E+00  0.000  42.40
