6a10_ݹ  "   LLLՑ                        LLLՓ2
  !EARTHMOOCTw                  ء%tRH
  "JUPITER ׿                  轻7
6b_ݹ  "   
  !ِ   _K]jj   K]
  ":Ģ   5s˥jj   ms˥
6bl  "   
  !   j\   n
  ":j   ҞhT   Ү]
6baQ  "   
  !)ɐ   A)|k4*   y
  ":a   ZQjmM   Q
6b(+  "   
  !(>   ikT   F
  ":?   ܱwеj*   4"N
6bam0  "   
  !&[   (Jk+   `/
  ":!   mkq   n)
6bJә  "   
  !(   j(   O
  ":Ր   !94kw   Y]
6bזF  "   
  !쏐   xfj   B
  ":   Ljc   Ln
6bЩ_^  "   
  !ʐ   lIŵj   IG
  ":K   F0j   ~F
6b N+!  "   
  !   ̀j#   %\
  ":;   +fh   !+X@
6b4Ŏę  "   
  !%   NpWjP   W
  ":   kjV~   .
6bHQ  "   
  !ؐ   蘆jЍ   
  ":͐   #Zj   E'
6b]RI  "   
  !!   5Yj   m
  ":   k:Y   Ȧ
6bqkR  "   
  !   j   λƽ
  ":   3&^k!   k&u'
6bŅ.  "   
  !&   kG   O0
  ":a   Hgj'   |w
6bɚV  "   
  ! c   yH3jC   Hc
  ":ߐ   Wqj   ]
6bͮ]{  "   
  !ǐ   ~ۍjI   2~F
  ":   d(Gh^   2c
6bvB  "   
  !}   [pjD   H
  ":^   |hGj-)   f
6bZٞ  "   
  !4   Rvjh   
  ":%   BNjT   WB9
6b릥2'  "   
  !X   Bhjې   z)
  ":   .j   J
6b򟔸  "   
  !   ^j   ۺ_$
  ":t   D^l7G   |^
6b4^is  "   
  !2   $Ck   \
  ":~Đ   ƽiw   ,
6bHy6  "   
  !1r   F#k_   Fr
  ":õ   i<ֵjiQ   <{
6b\ܪڙ  "   
  !3   }D$j   ?}ak
  ":>   뜺i?   C~0
6bqb_[  "   
  !   hj~   
  ":Ő   ӵi`   
6b򅮃d  "   
  !ǐ   ctjH]   !M
  ":   0z[kg   hz
6bug  "   
  !#   O,j5   [
  ":B   7͡j5   7:
6bf}&*  "   
  !X   jL   踭{
  ":ɍ   U=l2    X%
6b²{߶Ι  "   
  !*A   18k]   i#D
  ":>   2i   /
6bSŚ  "   
  !1   ESkXr   EMM
  ":   zu,i   uz
6b痁ؚ  "   
  !/*   {k-9   L{
  ":d   ViӐ   T
6bcE:p  "   
  !+G   uĿkZ   
  ":0   S~qi8   S
6bӀ  "   
  !‐   ij~   .h
  ":ő   Afkj   y(
6b:涶  "   
  !J   \aHj!   f
  ":|ڐ   pj®   p|
6b/j>ƚ  "   
  !̵   ڵi   
  ":Ģ   fπk.   Ϸ
6bͦך  "   
  !=   >jݵjꛐ   vS)
  ":n   Omj!Ր   AO_
6bmkQ.  "   
  !c   CXjE   C+
  ":@   bi   ís
6b~  "   
  !0   !zG۵k;   Yz.
  ":7   .-iپ   f-z
6bD~7'  "   
  !6א   Ok   Z3
  ":@   7JiĐ   3
6bU}:  "   
  !   歐jR   ;楲
  ":   R멣k   F
6b}d՚  "   
  !   i~[{ja@   ~
  ":   թ\%j(   -=
6bw}g  "   
  !и   ʴj%   "
  ":   x'k   (<R
6b?|T  "   
  !븐   KkWj    n>
  ":A   }jJŐ   R
6bN|N'  "   
  !   AjiQ   Aح
  ":8   1iR3   z-
6b{{E9  "   
  !!m   .xjޮ   fx
  ":ħ   ?f/yj<h   wee
6b&){5H  "   
  !.V   ko   Ǯ
  ":<   ݵio   ľ)
6bz5W  "   
  !!   Mjΐ   H&a
  ":t   dCyk桐   C
6bez  "   
  !   v|Pj   |,
  ":̐   k&;   >y
6bXze{&  "   
  !滐   ײ]j   /4
  ":   `M%kN_   `@
6by5  "   
  !   Xbj4   
  ":   +}jw   ch
6b0OyLkG  "   
  !U   ?ٵj./   ?
  ":ې   >h윐   >
6bxZ  "   
  !Y   ;vɧj   sv
  ":ˍ   Ppõji]   NO
6bx3[h  "   
  !:   Ij9   Ԭk
  ":7   ik   *g
6bc9ww  "   
  !   㺉jΝ   Ut
  ":L   u|Nk͐   |a
6bwߡ7  "   
  !T   zj{   {/T
  ":   :ʵkd   P:ju
6b:uwc)F  "   
  !א   Ajܐ   <p]
  ":i   jz   ҙ;*
6b#vƑU  "   
  !'ߐ   esصkK>   
  ":   <ҵj5   t
6bvIh  "   
  !䓐   =jQF   >-
  ":ѐ   w}h]   w
6bm_uw  "   
  !룐   HtAj^   tU
  ":ˇ   a֬jz   ֠
6bu0鉚  "   
  !   UYj   5!
  ":   V\Hin   <U
6bDtq  "   
  !S   **jj   bᣞ
  ":7   k    
6bItOT  "   
  !   y}j   yus
  ":   )s2Yk   ar_
6bt`g  "   
  !'   mkJz   I
  ":   gPjt   ѹ*
6bws?v  "   
  !92   rµk}   h
  ":R   NQ7j   QB
6b3sG  "   
  !q   <;j   ,<[7
  ":   аAh   (=@
6bNr/  "   
  !   Urj   rx
  ":ď   s.!jp:   .5
6bor.  "   
  !ސ   Gjj   D4
  ":   늵jo   M+
6b%q  "   
  !   7,j!Ր   o߼?
  ":   -Ƶkj   Y~
6bqu  "   
  !Q   wMj@J   wD
  ":>   :kɐ   rkB
6bYq^e  "   
  !Ȑ   Ck"+   V/
  ":   * Hj-   *_7
6bXp͖  "   
  !7   a]k_   Xj
  ":   _tj;   I
6bpEU  "   
  !*   :xj   9:
  ":<   ӵhː   9
6b0Co  "   
  !1|   bp]kiɐ   q#.
  ":   g[ߵjN   gq
6bo,Eƚ  "   
  !ݐ   çb*j   n
  ":   &ǅjѢ   ^%V
6bnٚ  "   
  !S   D޵j-h   |Ժ
  ":   Ek07   Eծ
6bc-n؋  "   
  !Ő   uеih   u
  ":l   Kl'&   
6bn[  "   
  !2   +~j   cj
  ":~U   b²iP   &bc
6b:im{  "   
  !#   9k _   I
  ":ǻ   p|jv   
6bmBƚ  "   
  !(}   9]jĐ   F9@y
  ":Ð   A'i$D   KA]
6blk՚  "   
  !<ǐ   oowk=   o~,
  ":   j    ͟c
6bmSl)  "   
  !   Хj   (
  ":   7kR3   o<
6bk[  "   
  !7   Qj   &`
  ":Ґ   ~`jS   ~{
6bDk9  "   
  !Ў   siq   s%
  ":ɋ   ]<7l.   <G
6b=kYŚ  "   
  !   8j.   pv
  ":   ߛMiӗ   7
6bj)Ԛ  "   
  !e   'j   0
  ":A   j4   bU
6bwyj@  "   
  !ܐ   7ӹj   S7&
  ":<   $z7?im   \yѡ
6b'i  "   
  !3%   |n+Sk~[   me
  ":   TiҶ   i
6bNi'$  "   
  !!ː   ݤ{׵k'   5Uc
  ":   IXY-k   Wl
6bch6  "   
  !'   ^qCj4   ڂ
  ":}   ˶jʒ   #'p
6b%hӚ  "   
  !屐   qj}L   r_
  ":Ǫ   ntsakz   t
6bhWO  "   
  !^   EZjм   }H
  ":   =iO   H6
6bMg  "   
  !@   5jV   ?
  ":f   RsiG   R
6bXg>@'  "   
  !K   (5+j`ݐ   `5
  ":   5i   mZ)
6bf6  "   
  !2   l~j1   lYn
  ":   0i$   0
6b07f%0E  "   
  !   hj+   B
  ":ǐ   Zkۃ   m
6beW  "   
  !"   k&j$   
  ":~*   çj"   4ﵮ
6bseu  "   
  !y   p{.jާ   )pX
  "::   ܵk   z
6bc!eT"  "   
  !)   RNkYÐ   .
  "::   ",gj%֐   Z,
6bdf5  "   
  !M   @:jzC   e$
  ":   ╵im   ܋Mc
6b:]d;D  "   
  !l   53µji   m4 
  ":   F+j)   ~
6bcVV  "   
  !   jj   j~
  ":Ґ   iyi   !i
6b\s#H  "   
  !   jh   6
  ":   8g2k   pf}
