6a10_ݹ  "   LLLՑ                        LLLՓ2
  !EARTHMOOCTw                  ء%tRH
  "JUPITER ׿                  轻7
6b_ݹ  "   
  !ِ   _K]jj   K]
  "@9X<l:ڵjj{aii
6bl  "   
  !ۿ&%Piβ'k6(S
  "@+~y3qjAke:_ߵk4f
6baQ  "   
  !AUcMǢe?n^㿷i
  "?1`hvibg'@
6b(+  "   
  !f[VRQڮ)(dԎTo
  "?+jVVxiнZ"@J
6bam0  "   
  !.Ǹ"JÀ3ތ>
  "@q[5SBh+PlX2r~1o*
6bJә  "   
  !ѐ[m])ˍ퇬ml
  "?Kjp.poiAfJneQ9W
6bזF  "   
  !#ԪV+i(Qf[Zr=
  "?gUpke V
6bЩ_^  "   
  !|?Lyԯr1s
  "@ٳJwFl̶SoGzP
6b N+!  "   
  !ABjǡ}o]yH0ׂq
  "@X"HkjU^tg
6b4Ŏę  "   
  !̬hO5YbݵXdJKn
  "?5h~v"jamB80
6bHQ  "   
  !medT{^+:
  "?כoGlAh򻹔 60+
6b]RI  "   
  !^?eym%깊ݍFEo
  "@D^qsc]<k®:c_M
6bqkR  "   
  !KW4(WR>ZZ~E>
  "?N<\O<y=fQb@{ 
6bŅ.  "   
  !!@(Ԇ"1f뫳p
  "@Ѓa}NHmfv8ےp;
6bɚV  "   
  !!2jەII,H.qQ÷W?
  "@-wPԳ7kexfh
6bͮ]{  "   
  !иX@?Y@;OL>
  ">5HudCS+'
6bvB  "   
  !w"> ᥫFG
  "@0PTqk$]ܨ1
6bZٞ  "   
  !~fMR婵NNn!
  "?\7|_͵ji~.Ŧ|
6b릥2'  "   
  !ܤxdem"NfhaY
  "?hF$iϦNnb
6b򟔸  "   
  !tRڀRͫ$2k?ɋh
  "@4ŷDٚkÜe)Xs_
6b4^is  "   
  !2.*]Qn׌$e}8
  "?b,)YYfY~c_+
6bHy6  "   
  !?߯8kƹf;jU/H
  "@Y<ҵnՈf[+
6b\ܪڙ  "   
  !绱c\=g:s׿
  "?ؚo~j5Ǩ!Zo
6bqb_[  "   
  !KZXMԹ;aAMm@/
  "?EHǐm#՜eΒӛ] Lf
6b򅮃d  "   
  !dsc׊KأlJH
  "@^Ton%X,D$d-
6bug  "   
  !<ډRv&?T1d|,
  "?XXz3=j4r{ϢS
6bf}&*  "   
  !zv!͊:r|u[E`[
  "@;f3cY=jǆia+0ԗ
6b²{߶Ι  "   
  !(}p[ӵ%jx
  "@%cRN-wʵkU$@a
6bSŚ  "   
  !?ՐޡqhHb#dKi
  "?|cEjiRdYgY{
6b痁ؚ  "   
  !Ʊ$Ҵ)"r<
  "?܊Yꫡ9zjRwԄQ
6bcE:p  "   
  !'d7VuI~q$w2r#x%
  "A$ӝm՗oHj"S4("
6bӀ  "   
  !Z?8׳Aig}
  "?DZ6R8fK08Cf
6b:涶  "   
  !I7~_|lTq@wYQ
  "?}% h^ijZ\oҳ
6b/j>ƚ  "   
  !$&.CݜefsP'
  "AY^]Ĳ͵nɥ#s٪H
6bͦך  "   
  !lM9/Ao%~1NqxL
  "@8oεj.]<ͧ
6bmkQ.  "   
  !Ҳ@ݽ+tAm
  "?֮j>)ҵjvlLGw
6b~  "   
  !۰GuԵNiS4(&J
  "?tqmȵiNbyvlZ
6bD~7'  "   
  !ۺ|46ʘi󩤯~t=J
  "@#d/²b2kU{.
6bU}:  "   
  !yg֛!&ߵr.)C"nx(
  "@u:w\zyεkݙ0VC<
6b}d՚  "   
  !)9]^g(솾8z
  "?9CHF3Եfimw@r3
6bw}g  "   
  !g5-3%ik_
  "@ks:m;iF3t
6b?|T  "   
  !Y8c!O:_2Ecg
  "@mk\|)kMk;Vc`
6bN|N'  "   
  !gYs^ccלTP
  ">*%̩fhaJ"
6b{{E9  "   
  !%O!ٙo6<
  "?߰k3LV;ifx
6b&){5H  "   
  !XЫ4[MfyYF1^d
  "?|dz:iVqPy
6bz5W  "   
  !lPBe5ڵZJCh
  "@Es努l*ʼT
6bez  "   
  !Zp"+ُ>6̞
  "@ -UjJ9ięnPȁ
6bXze{&  "   
  !U]-Ht}|"2g
  "A-ɧl~QPo_ϴ\5(
6by5  "   
  !B%r8T-KHi#cT
  "?^L+Xh0zfpx
6b0OyLkG  "   
  !.xr%@j74B.AƠ
  "?=}"cgĚgRVZ#
6bxZ  "   
  !ن`D<bTU'-hM
  "AQd5GN,pKǒUaW
6bx3[h  "   
  !ET1-~[fj>
  "?ؚwW)"ivZ񇙈O
6bc9ww  "   
  !_\$s6.ߠ
  "@/Z~Rj}3mM.
6bwߡ7  "   
  !ۑQ4_{jN}L7
  "@2{m]õkVƙMmAm+
6b:uwc)F  "   
  !%%띕)7ZC\fg!
  "?TzR id%>Zxn
6b#vƑU  "   
  !}zzt2̌pP[!ѳ"άP
  "@Oe\4˵l.XĉK+
6bvIh  "   
  !Vlj&յϱ%
  "? X7ĵ$:ߵeO\S_p
6bm_uw  "   
  !߆ȯPٲC̵zOSǉTf
  "@2*uL|SGjyǥy&q
6bu0鉚  "   
  !hv.OķÎ;>Cv
  "@շ5(nK=g_#
6bDtq  "   
  !Ӻv4i'5hSB5
  ">ڇv`*?d^X+f*
6bItOT  "   
  !}vx1hͷ63ا
  "@6X󟶝XIk5OF`u
6bt`g  "   
  !߿M{i{p{>(
  "?ǧjmӵj{ƭ02O2
6bws?v  "   
  !*KcTصaz_ d
  "?Ŧ2Ziuw-gdc
6b3sG  "   
  !R_Tƴ=;`&Q
  "@0P}ekZɤ?
6bNr/  "   
  !0?uDs KwgiXܙ
  ">0\.៦,eStF
6bor.  "   
  !)툞+=m8_54iOQ
  "@h|p}ljF)28
6b%q  "   
  !h;hƄw0-)
  "@7A:ȵmzio
6bqu  "   
  !_YL_ӛ;"mL|Et
  "?ix|vHkC90f`">+
6bYq^e  "   
  !DKY$B3ǭqơDZUN
  "@raA%8lĩfxR
6bXp͖  "   
  !'DG4)HBd
  "?:aZרiȽ%{@~
6bpEU  "   
  !}g%-L1"wGfL-
  "@3ĎBjUr'zoW%
6b0Co  "   
  !<v}4jH3Q*,W
  "@No[kpQQld\f8( gu
6bo,Eƚ  "   
  !H~/!|w1 cg/`
  "@:}g,2jI"B\w
6bnٚ  "   
  !MRzMy{UD~,ұ
  "?ڴVuuZi@p`G
6bc-n؋  "   
  !ʬx#"ǵOީ'ecM
  "?^܅I1Ygieuv
6bn[  "   
  !'d*e.AgK'NɷԚ
  "@gҙiwAf{kǯm׃27j
6b:im{  "   
  !i+Eֲ凿`qh-i
  "?vRp;ӕxT5hCϾ
6bmBƚ  "   
  !I_`ʨy"/
  "?ﻡ꘹iN6KM
6blk՚  "   
  !Bqbڷg0lwߺ_
  "@7DuO[rjzb|Q
6bmSl)  "   
  !9VJ_괂ſ+a(
  "@)amJ~E}\kuvsY+
6bk[  "   
  !&"77X{۸
  "?ثxbS'chhXK#)A
6bDk9  "   
  !2Itmn-؂5@
  "?shzsh)0Su
6b=kYŚ  "   
  !7+/ǵumCf
  "?qbTik]$M億k8
6bj)Ԛ  "   
  !Me'W)!S"ذs
  "@o[0Fm!B*
6bwyj@  "   
  !b_![EӬl)]e^q
  "?-WXZjI@]
6b'i  "   
  !Dmx߶jBk|
  "@L)xSj3egX
6bNi'$  "   
  !"ȩkF->9R/q
  "@/E̽Y?k4Y2 4
6bch6  "   
  !ŀG>U0sGXb~L`
  "?X纶jdWj&A/
6b%hӚ  "   
  !?v~k}q¶MT?
  "?韋ViPǮ¯">
6bhWO  "   
  !'9iAbzM5ؾφ)
  "@Ǡ$mfC:w]3
6bMg  "   
  !\)}@>yd_}_{jft
  "?o^sDi*X**
6bXg>@'  "   
  !NՉ])_pwy_C؜
  "@mX=87mҳ3d
6bf6  "   
  !wT]qܦ'x:aͩ]Sb
  "@OV6*c(kǠ+Ѐ
6b07f%0E  "   
  !l03\-A($ǳFkJ
  "@_Hk-jGb?2
6beW  "   
  !ܮiZ~Spv
  "?*clk-Y}!S
6bseu  "   
  !nFyf*jln,:Tk_
  "?ZU>gj*؜)ɳ
6bc!eT"  "   
  !4]&ҵ5^I}
  "@ 3b-j)uīD4#4
6bdf5  "   
  !<mo4n
  "@"c7(.mAygd 
6b:]d;D  "   
  !ί(Z(nhfrnL6g1oN)
  "?|-h>gqK]%
6bcVV  "   
  !n/͵P2@ൡ750
  "@s^mxӫ;Smݙ]!
6b\s#H  "   
  !턏gy9'`kw
  "@Bc߬r"׵j͘]%H%
