6a10_ݹ  #   LLLՑ                        LLLՓ2
  !EARTHMOOCTw                  ء%tRH
  "JUPITER ׿                  轻7
  #SATURN  $d[\_                  yyy
6b_ݹ  #   
  !ِ   _K]jj   K]
  "K2Y   @r   s;c
  #ƒX<zE$ĔJuP
6bl  #   
  !o]X`UxIG?
  "<,ET)Sl
  #šЎU@0c˂R
6baQ  #   
  !C}xrRy;kv|q
  "PO=r7'[S6VK
  #By'Ly_7
6b(+  #   
  !\e]9D+Ҝ\{
  "nېJaݶF᳘_@
  #^p%_|py3́5.
6bam0  #   
  !Gޑڵq@s*SPk.
  "l]NJCCXc҅5
  #.9|k.Kv_jD
6bJә  #   
  !)FB|-7IJX
  "y*;Oxrö
  #+amя;ߡ
6bזF  #   
  !v#֮5rGq~0iJ
  "+T8jLp8u
  #qaنWny[Zaa
6bЩ_^  #   
  !lґ  ?ZՏYNI
  "J 8/cӊhr
  #lhq\ƺ{NYď<A3=r
6b N+!  #   
  !$R_c\GӱךvA
  "әօ'h_T#`!
  #ͦq(xK9aD6?
6b4Ŏę  #   
  !"`tbQeĐ[9=
  "Mbΐ\.-Ώ4Axq
  #wH#-dtq
6bHQ  #   
  !Cߑ<r+kb$:ua"
  "8mi7`DW+;Icx
  #ʪfHZwĵil|
6b]RI  #   
  !@7`zI0
  "fh*Q{T;Mh܀.
  #ȬQ̓e{-!#ϏϊoD
6bqkR  #   
  !yXs&C$Jҗ
  "܅|xfy.zء±
  #C<2އwؼ^|#-K=
6bŅ.  #   
  !)P2E~SFN+qhZ 
  "bS5.s4jc.|
  #<0 DXڥ#i
6bɚV  #   
  !!ǋ.FGX
  "cvRPayeBGY䃈
  #zĺ0Ѿⓘ
6bͮ]{  #   
  !cǐ(9nNcE>
  "ӢyTa0qڧ+mi
  #Ι@PHF5ηFB[u
6bvB  #   
  !.1M=it?
  "@ZV+OK\>x~~
  #ʪf[q7ܴ`-*
6bZٞ  #   
  !~ꎔ.5Gȕ3Ðh'RN
  "zӎ[p<3pa-a
  #:w }Vfڲ5D(jR
6b릥2'  #   
  !5C!3r-4,!:1j_K
  "J%V$?No
  #L-#@RA2H
6b򟔸  #   
  !fđe;F*2r>
  "췻7&w\#ҐR@Ա
  #GG*$3`-Zv`
6b4^is  #   
  !?:`pknG$Q=
  "a TabPM
  #ѝb>Ĵy{
6bHy6  #   
  !P%Tʷ(hQ
  "}N;!𤃤2u:T_7
  #!]C(s&P1Ԙ
6b\ܪڙ  #   
  !\̐लI9yi}=
  "ߗ򏷥dʑ}SV.
  #PېaBUb9ӛ
6bqb_[  #   
  !i=hwo0TaM/GS
  "硏1Xđ[}=T^
  #˥9Y[(RExn&
6b򅮃d  #   
  !zJqѹ胾
  "&BK]k8F
  #ɾU[Gl꧱q&k%
6bug  #   
  !kq|V@BϼRQ
  "J5{C˼࢏gz\
  #ɏ/G)5>UH\7[]f3_
6bf}&*  #   
  !xar#qm\GASW
  "CGߣx?*
  #U~vjǺVꎢD/
6b²{߶Ι  #   
  !}Fy;7X?>s
  "uސT/̇Eʑh%.
  #<zY&Aqоgb{@
6bSŚ  #   
  !^eVsr'&Ub
  "`,QR20tCZ"L'ʪq
  #ΝBKYY-4<8˛՝
6b痁ؚ  #   
  !VŏH#t0ebK\j$
  "ǎD>^}<G܏3/*
  #Ȳ@.h<=;˭j*ʏG}s[U
6bcE:p  #   
  !1B*qfGo`b@
  "M4ͧ̋0%K9
  #̅ǐgvho?>l8D
6bӀ  #   
  !F#Uyhݍo
  "wސp)L<6=bvN
  #ʅR5<Xݠ)m)<'V
6b:涶  #   
  !<Ca!Jp?=X;
  "OX1r%Jl,)rK
  #%p_Ր˵64uaD)
6b/j>ƚ  #   
  !C?l>'t.g45
  "6a6o;Te0x"X+
  #̛ŌOӡ+ƿ́;^12
6bͦך  #   
  !aae^eHkQI
  "+KF6z&ݏyW#ܰ*
  #"͎xf@U)Ʀ#yz
6bmkQ.  #   
  !3S2kr/Sㆲ4PuofWZ
  "͔^!p$mӌ
  #"eh8r5-cK'xc~Ӟ
6b~  #   
  !z<=Rb+#u
  "vVR\aup藏c
  #Go=F6֎9ԏ8O:
6bD~7'  #   
  !YVl^N?vfWAO
  "8L/1q:5oZ蹿:d՚
  #Kێ2Iա>%"5
6bU}:  #   
  !P~5>"sBR
  "ht!Q⵵σ.ֶ%
  #̄-Hr@/Őh~
6b}d՚  #   
  !e^"ȕOAi.
  "߰i3Rң|Y!$\
  #/ӑqMy\z(W(ASz
6bw}g  #   
  !hqRY]?雐L-
  "wOy@8C9Bn
  #//##ێy*v<
6b?|T  #   
  !鑫"BKAmu9wœ
  "[v^RV}f'5le
  #=b%!KTϼbϏ]y-
6bN|N'  #   
  !ၵڂDyFb@U,o
  "#㒏toj\cq{g
  #<vos&<\xg+
6b{{E9  #   
  !q[jΦnnڥ
  "GLpS8GL|
  #󎦜WڻjߏńXɅ
6b&){5H  #   
  !ꑥثPK~¥;|
  "EUiωT@rʸSq
  #Ugflݑ:,d
6bz5W  #   
  !\i!<F]0Lj
  "-h͚J7)b@a
  #́tTё]5?sq˙Ń
6bez  #   
  !T\d$b~HҘ^\
  "HЌ_vEaeI?
  #̇fLEG9d)m*+Gv;
6bXze{&  #   
  !f~Ց7\XIď?{)
  "ϲbLsUVd޼_D
  #N`S<lt
6by5  #   
  !@y<%.ʥ?*]Wx
  "/\KևBLV/i?n7
  #֎vJ9# 
6b0OyLkG  #   
  !;aJLeĩY
  ">yf˳e4ҺF2
  #LDM<_9rPA$
6bxZ  #   
  !Ő~z;bW
  "$^ze-k4Wz24S
  #V1j'yS)ƚQ/i2
6bx3[h  #   
  !ņ)p5,LfGl&/
  "(P1ղjɋi0X"
  #Ϥ2A[ڽC!9y;
6bc9ww  #   
  !s%oWPoHW<l1"
  "ɣ@Ác.8#j;HȲ
  #τOYխⓍw鲔
6bwߡ7  #   
  !ՏNTVttn_K
  ")pwdɳȞo鏧 qՂp
  #˒wqsߘŸmNrqB
6b:uwc)F  #   
  !LoMGd'D~'
  "2vjyf7NEC9W
  #Ųhyrc`/
6b#vƑU  #   
  !9LjYq녮9u`=2
  "վ[YYق;xkf
  #51Ɍtq,xAJ
6bvIh  #   
  !DktM2R/Еo 7?
  "켏>?ǵU
  #v簒S{AHu>rY+
6bm_uw  #   
  !aЏaNiO!gYۏ%d
  ":m3"}iSE%_9{
  #]sQX%ǲX27ġ
6bu0鉚  #   
  !Lڬ6AVJk
  "®ޏhhbiZс{4]ޠ
  #Hե6ռЏY1to
6bDtq  #   
  !E+S؏B/΋{
  "Biš[p.!oM
  #6sˁ7%'g0rd.h
6bItOT  #   
  !HvN"z\,~vX#n8quXY
  ";FMW}`mÍ;aw
  #+t[ǟښqBh%GH
6bt`g  #   
  !8~S#f>^W\RJ
  "ռqsdQcPI
  #WZɗ]f";ǟ
6bws?v  #   
  !x%ٯYNZmܓ
  "ɐfurmBw'cƠya
  #O< 3dEaB
6b3sG  #   
  !}R{%(`EG9
  "¨Cd3 ɖW4-D6*
  #ʫޏ/6>jr<#'
6bNr/  #   
  !JDW6=xu]jnѾ
  "xx폦&l.3ΐB'2?
  #E>uR {8.ÉV
6bor.  #   
  !+a"~4IfI'pR
  "𺪎Yڐ ;"
  #I\c3bQֲDQqu
6b%q  #   
  !c=ŝT!启})d
  "kX鐑[ΊM-}T&Gˑ
  #Ϫ#y脔"KUGf
6bqu  #   
  !8SNM8?s.3':
  "`|ΐ:*@hze
  #QL;Ɂq9c r\
6bYq^e  #   
  !Ȝ]|?*FI:o
  "^}GfвncJD%<
  #ȘԧƏIfvw"'y0
6bXp͖  #   
  !hcYW!Ń@g@
  ".#Et9T
  #Ni*J3eO])%BL&?
6bpEU  #   
  ![-u/Wp3=p!.
  "*~CRQ:I`k
  #ܷ[*2s'PR,
6b0Co  #   
  !E/яԓR^|-S
  "Y:1yővEE:
  #+x&-/3Ja
6bo,Eƚ  #   
  !Y$kZMUN
  "|$^FސʝZǉ
  #ʕ0S}vEѵ/#O&r6
6bnٚ  #   
  !é"˛tc_p23#
  "5[Q!4m;B{DZ
  #$?f+F~)b
6bc-n؋  #   
  !0F=g*|Kb%I?cn-
  "]yKzcъk"
  #͙_CS1Xᬑʖ.(
6bn[  #   
  !5yRfpØW2
  "čtu@]µ3ؐ0zNr1
  #Ϙ|de>@̎߶!_6
6b:im{  #   
  !ԓjĆ?:얎Լެ
  "`َaɻ@bj
  #  ]N|7-ё4
6bmBƚ  #   
  !J\e9$#bZ@s|X
  "ԏiLkx|N\
  #ϛ\_Ymsԑȹd@k^
6blk՚  #   
  !;ɑ7O7lm0
  "UAm"lrɛbȢ
  #Ϸ_'5{UG
6bmSl)  #   
  !5g<Ӣ1t葏q [
  "Ă;ƂbiW52WfVz
  #ƦרzS԰ʐn԰zr
6bk[  #   
  !W>Q<MjXtBF:W
  "sy(ړ &K,P
  #ɥzg=&Ӿٚ3wvc
6bDk9  #   
  !mu-)87{JciCM<U
  "j3.ր9᎒(
  #"̐ȶ闎/ͦv
6b=kYŚ  #   
  !J-\D*a"I;s
  "@[j륲'8
  #)waCe~٪Zk@8
6bj)Ԛ  #   
  !'DDbR̶LjۏY
  "ܐ3_O҂=GJn9S
  #Ə<B6ڹW"܂9nx
6bwyj@  #   
  !:&1dh-Ti6Y|
  "Ho^/9+^d
  #vD7=N$҅w
6b'i  #   
  !pfIvɖLQ'
  "'[[.WVp
  #Ȇiwœzz3H
6bNi'$  #   
  !ⶐνnVv!Sɔ
  "K=qDL
  #ըЄٰ/*oT:,)E
6bch6  #   
  !Wjja)zEqc
  ":c͕oԵCTcֱ=KF
  #P$"4ײr}{V"T3
6b%hӚ  #   
  !zji#aۯ^`4H
  "אmC$xᛞ
  #4IQ$~HX[$
6bhWO  #   
  !KiK_D[G&
  "3:2\MyW0BG
  #à}டgYNNڠ^
6bMg  #   
  !宐dČ7Is!7*ti;
  "^۬6t*gqU
  #IXn->'O/:Q
6bXg>@'  #   
  !LSU^,q6vQF3{
  "H|s}Rͯ̏ŭPim
  #Bp<Mp=l8"!
6bf6  #   
  !/4ҏ_E}mOkfU
  "/Nl:bfNI
  #;em@-RH
6b07f%0E  #   
  !ҏŝzO,b2Ehoۿ
  "V+;~풾Y卩
  #N_C03Ч^grBP %
6beW  #   
  !9mȿ}ٰh|dTKh
  "̣ANm˲xO.VǱ4
  #gG͊.ã08
6bseu  #   
  !돣֬¿F|ʇ7C]RX
  "̕)uZ9D$K9uqJ1
  #ï$z΄衏b`
6bc!eT"  #   
  !ɏHdGol}VT8V
  "B$UJHC|΍PwB&W
  #n裐4nwʞ!RF
6bdf5  #   
  !Ĳ*'eȇ]}Z-?
  "8Uu]n(Vt 쏮=P
  #A0z}8ŇcG༕;
6b:]d;D  #   
  !fR㏢|*`&#^
  "{|*Q7IE:O$2
  # בI+qb՗."
6bcVV  #   
  !o۝sAI&+ϘW
  "W[`OFz@M[
  #˪lB{:"\(~Epf>
6b\s#H  #   
  !xM'æس{TBt&
  "1f6!⑏ʶ*Xvo
  #ID>oCU+dg;vE
