6a10_ݹ  #   LLLՑ                        LLLՓ2
  !EARTHMOOCTw                  ء%tRH
  "JUPITER ׿                  轻7
  #SATURN  $d[\_                  yyy
6b_ݹ  #   
  !ِ   _K]jj   K]
  "   8>Tv]E   nlp
  #ƒX<zE$ĔJuP
6bl  #   
  !ܱL'(2mAqfxz
  " Mz`i D>a'k
  #^&p:俗{9PtLT
6baQ  #   
  !RUխԁ-͏v
  "D(E;,z(h
  #8܏coYCpU^@x#9
6b(+  #   
  !}¶(g|kM8
  "񮑭?D~8enV1z@
  #򎨧>5fL;0uS
6bam0  #   
  !A֑O}L3h;!Yn
  "'^:]XʩZ08
  #Ŏ2&3@eHGi\~o
6bJә  #   
  !܏rt~|l+~Nrw
  "+WK[B.)
  #ͪh7=HM]:luJ<
6bזF  #   
  !?ӱ$ \ܸi95
  "QaVMCL1x/]C
  #ʅUFiyhl
6bЩ_^  #   
  !|Qa8茘u@zFW@-iR
  "tnt,w܏.99s|
  #Z4]8;&.nB֪rل
6b N+!  #   
  !0{{v9/R6ЙĎyNq
  "Gߐ$qpdSڏ6d&
  #<6(O;5qf
6b4Ŏę  #   
  !~[mjN,TJإw
  "đ)ŐZKy}FFW:
  #94j>cغrti
6bHQ  #   
  !}DV%/>Kg,=<
  "`|Xyt%\mB./W
  #46:Bб[1ajfbr'd
6b]RI  #   
  !?6%nfVC0^_
  ".]Y^.yclZf
  #ʜg|e6e[>.qn~=
6bqkR  #   
  !c,Iz?c-
  "Fy폰bׯT߳hfQ>6
  #ʏFo[599ˑmq
6bŅ.  #   
  !R.8bWqCx"-oԗp
  "0đj񡹺F!M@
  #O}̐t1/ȶEjt@
6bɚV  #   
  !TzbIeă !)Z
  "ujVݸj[f4U֐:۠
  #$Z4ǟi[}d%kv&
6bͮ]{  #   
  !"\Oyg[M?41Ibj
  "5'$i!-ҽsH#L¡-;
  #QqÓ.`/5yYǮB9k'J
6bvB  #   
  !ayP5'<U)HNN
  "&!/(^ΐZ"z
  #oo'trlcSk
6bZٞ  #   
  !Əu+C\m1+bVL~T
  "L*ԓ)ːSlǵi
  #pː@,ڶUeC
6b릥2'  #   
  !i^~._GceaSL
  "<rٹ`
  #˶ʫf(8_Îyke
6b򟔸  #   
  !?Z,<}87r趵hkh
  "#(n+:*uD9|d
  #ǅnM0c5ސhB.G
6b4^is  #   
  !S?1ܸđA<Y0
  "KHd*m{ۑ .6
  #kt'w!Nc]
6bHy6  #   
  !uPS;AS6#rVG
  "]\$y)^!2Q
  #&ޚ/1%52h
6b\ܪڙ  #   
  !7\pv̓;\7V
  " oFu8$򣬏2z[bo7
  #8t'4N=:oj(*
6bqb_[  #   
  !ɍcDPqˊ
  "䏨!#+u̯&N*-sY
  #?~T*ʰ~Yd58
6b򅮃d  #   
  !B`ˏMU+
  "ːK-2h'7YȽ˪
  #^Q*I`g'Nbߣ
6bug  #   
  !!/N+Hŭ?<6b7>B
  ".-&I͏#\ˤF~,
  #.K<)TcW*̮amG
6bf}&*  #   
  !P]1AW"B6׌
  "cbŐ*ڞVzxvz)3PR
  #s@/'YuP{_=
6b²{߶Ι  #   
  !avBmFp'<cJ
  "4{|e4'۬#,
  #{X)/7sN=_
6bSŚ  #   
  !ɃB~C[Ү=TqUR
  "!H?T5fB
  #<z| -Ze\cZ
6b痁ؚ  #   
  !ۤ"pLkJ5BU
  ",TY.9ivڽ<rK
  #̄F9[{s5~uXֺ
6bcE:p  #   
  !'$_(H~cHkX
  "B";V9Pؗ<
  #̹6)D`^b8&
6bӀ  #   
  ![4yÅpS!i4ĉ
  ">޹[?k`t#
  #?)m窒4kX^,
6b:涶  #   
  !n`-HWȭaQ
  "Q")-/XבoG/[
  #ꜿAwMyڎU-V
6b/j>ƚ  #   
  !E[jD|fڐð?)}
  "E_4`U-<f
  #vde!&<4wZi
6bͦך  #   
  !(k \9w]sY*pn
  "ޏ08d˅p|R@X
  #C}+mvAVbe_m\
6bmkQ.  #   
  !KkkFڶ볶fQҢކ
  "1-0s(J=Onn
  #ȑ@!e^IҢzYm
6b~  #   
  !$> PVG5׵
  "GEY<I3ի&yՃe
  #sG~}C5^BV
6bD~7'  #   
  !9*vạ<<`&}
  "dfTl,տ&⠤Y
  #˩dw!/N[zИXz,O
6bU}:  #   
  !&; zöH{pYt
  "H_r!s̭J[KF
  #ʪg(v뇴d3jgVh 
6b}d՚  #   
  !GΏBˀZzWЎY}ْl
  "@Α4:'UV
  #.,\/O׻{qިT.
6bw}g  #   
  !bЮ;E9&4U U.
  "tqVds0^UlѮ29
  #ɽ谐r/o±0_R\Pa
6b?|T  #   
  !r8ۍr5=lߑ
  "$4߬enkdĚ
  #4l2aⰣN&5s
6bN|N'  #   
  !b7g➷r}lKo&
  "ؿ@ؽ>W$|
  #̸w71:s쐣/O
6b{{E9  #   
  !_ߐ%D4̬ 1tg}/<:
  "ʾ"^~bF_Jv
  #Ɏh~cUaQI
6b&){5H  #   
  !2ᎅ{̨䎛RͲAٮ
  "`(@~]?ftvO*
  #0[:&d55HWJ$d/
6bz5W  #   
  !h[Uik^`7
  "{ud pqAaƏ-=!
  #QSFZuKN5VKJ
6bez  #   
  !|5'ϳxgz:E8
  "t֐=o#to\Qt
  #̢)}-ՏĶR׮
6bXze{&  #   
  !3!L9Y=Zoۙ
  "fsq[IqA> OE~
  #365UQ~
6by5  #   
  !)-d knA٭٭d3j)T
  "֏-P}G68`
  #xbRi#'K8^
6b0OyLkG  #   
  !&kюWlv:{{
  "ZW4c97,2
  #̈燎mɽkM1
6bxZ  #   
  !5ۏ=da+8{o@&Wӏ
  "Q6zW_sۋH
  #ʘǎ,[z3M4%
6bx3[h  #   
  !L7gLujSޯ5Xkb
  "}Ht_ԫE\>|?/G
  #F*폯=(EI
6bc9ww  #   
  !6+θO?}Mԥ@
  "a<eHk
  #ʮ],AuQGr&
6bwߡ7  #   
  !FϏ(*仂̐~/ð4
  "7Te{7`*)u%ږb^
  #ʓ//%ߴɾE$
6b:uwc)F  #   
  !qh}Aoyv|Enc
  "/0-^ʳ)83Ji
  #-O>}C4
6b#vƑU  #   
  !@~p2IId7iHh
  "f,i~\Ŵ ߱-Ụp
  #X@:[IEk
6bvIh  #   
  !]uLI»O@)~]N
  "yDȖfN*'^QJ緲
  #Ib^mgiRL.?HAY
6bm_uw  #   
  !{yl]LKeF
  "v(#5*H}V'
  #&髎x&>Hֺղ٧T>G
6bu0鉚  #   
  !l9+Έ7}8
  "C%/+Ǽu{ߑa9t
  #bL%%ZeF3D)
6bDtq  #   
  !5uُp!ᚡ==]7de
  "exljOSo?@ 'T
  #sfԬ2GFY
6bItOT  #   
  !292VG5xkS
  "'I/8.E`
  #1H0141`s">ٍ
6bt`g  #   
  !Ȁ]c'xoэȝHg
  "?Om5ǢQۃҏp
  #ꖀ\uBc&PhD@*
6bws?v  #   
  !lW'QcHX^FNɏ/-n
  "juvՋtl`j
  #˧" Jع$DnPD<
6b3sG  #   
  !fҐ䀰/tk"zg
  "nΑ`4ڠ0OlXj!
  #<n!b莣qQ@"?
6bNr/  #   
  !mnx˼ZhwU-VdJ
  "ahU"h"_'KM
  #4'Xj?-<y
6bor.  #   
  !|qTN~xF0
  ") Y~ɉB1L
  #y/Ce><
6b%q  #   
  !R:ۏB+,i*I%[6(
  "ƿvF;Hs©zn
  #,֎:Øtf:<8(
6bqu  #   
  !PgUzÏv'
  "WTcD8ET$20T
  #kڵpZ.|ߙ31:,?T
6bYq^e  #   
  !5}0VZY36J:X
  "`+5:-iȒ
  #7xЎwD4K7q
6bXp͖  #   
  !?TyBޯVizY
  "ˊ4[GQ2Pa='rW0
  #ʻە>ֈE_jKXð1_
6bpEU  #   
  !(qƪxb=O~hm
  "84x8(<2rr:J
  #[v_#rj4
6b0Co  #   
  !6V0?q>5z
  "&RhJ&^ϣ
  #uQ{2 z49j&
6bo,Eƚ  #   
  !V%٣9d1'
  "w5^XMyiW
  #Ǹ1oڊ|C!p22b
6bnٚ  #   
  !2&Q-+¶|F0Xe
  "jQUYw7渊]CUK
  #̆H5cw~%27}
6bc-n؋  #   
  !/?_c@K!".Ҝ
  "H~b6t
  #G|@ſ8
6bn[  #   
  !x"č=cif͌J
  "0Lb:Gi$cZb
  #2ZR*N_8
6b:im{  #   
  !c9H+搢[#AA
  "YЏ7gLHy
  #SՖ]𱍦7t1$
6bmBƚ  #   
  !MqBVq(
  "#oXp^2^뛝
  #D#XQP٢6Z2$H
6blk՚  #   
  !zO뺒-|-\c:
  "mDl|ibƍ`g
  #ʷ'Sr|?q߱>1`
6bmSl)  #   
  !斐wQ/4|iwO
  "aBZ@hs~~Xs
  #̎ۏf}~T4ˎs&.ݛ
6bk[  #   
  !dʎ̪q\oj,
  "/&b{RG=
  #R&'A֍lӏG-#[
6bDk9  #   
  !R=A"S,RFB<
  "yd(p}[4?2%EN
  #эCo?}̳CrM)F,!
6b=kYŚ  #   
  !|+pEeLm)r{S')
  "=$0fy#.Џuagl
  #̌moSH`z"Y(8
6bj)Ԛ  #   
  !݊Iy`r7.ǎQ^v$
  "cʆqVD!&
  #˾GJQ^Pqd|"7,S&
6bwyj@  #   
  !ؘL*x[Ɍ'V%
  "8mpZ{*Kӎk|r
  #ǻ!Z+WҊÒ)o
6b'i  #   
  !ADnfd"ӑ;1'A
  "4@3@;3/)[=r6I
  #Sh^;T9G$&
6bNi'$  #   
  !cQx'="?L[bb$C
  "m{XҪDZ#)
  #͚50҂Τ{w=)|
6bch6  #   
  !u+\AϯM|A<o
  "1ִCzM
  #%ɄWmz4:@1-b2
6b%hӚ  #   
  !lr&eO""܎σ
  "(>FᰲV?|>
  #ȋ2="KGmgȇ&wE
6bhWO  #   
  !0F-|Sq]. &
  "&Jڐ,=|@7?Eu3Ak
  #E$h<h{sC5%7
6bMg  #   
  !|~΃8S-;UG
  "n,m쏇0'kɊ
  #˽(ͭp&ň9(
6bXg>@'  #   
  !F7U(|ΞJC
  "{KT}M9՘
  #,̑Uw9Π]R A%
6bf6  #   
  !MBedP#['
  "ę-^Ibك;ۖ
  #ʩ9kjwr@B#3F
6b07f%0E  #   
  !-OݷV)pg7%o|*a
  "PeU뤾t=KpA
  #XCZȾY^ I:
6beW  #   
  !bvJ}@@^΅Ax
  "V\н9ĎVS\
  #\Ð0S^<(i<F[
6bseu  #   
  !둈M;K*pd^uWK1
  "{fiAnG\1
  #~;8vr3J_
6bc!eT"  #   
  !M3uTpƶBp
  "O6Տΰqi_
  #=~ȟu*<s_%do
6bdf5  #   
  !+>б5ď_'
  "c׼!!N
  #ņu@F2xSY>LY
6b:]d;D  #   
  !jMҊ]b-iA
  "QMfs~&;R0
  #͙cՏf%/rR0c"1E[
6bcVV  #   
  ![#*଼IǏ>Tb׸
  "笮ۏb:/O
  #˪X+RzVʥ0!)
6b\s#H  #   
  !ld./FgrBa
  "(ב-?Taz9D
  #GXcxȥԮKv$Ȩ 
