 A107       0.4080 0.37331  62.015 0.0000E+00  0.000  62.01
 EARTHMOO   0.9974 0.38774  88.001 9.1213E-06  0.000  88.00
 A119       1.1189 0.52268  49.918 0.0000E+00  0.000  49.92
 A112       1.2733 0.16690  59.307 0.0000E+00  0.000  59.31
 A273       1.3219 0.38349  32.678 0.0000E+00  0.000  32.68
 A332       1.5388 0.41993  16.593 0.0000E+00  0.000  16.59
 A178       1.5604 0.65278  22.203 0.0000E+00  0.000  22.20
 A111       1.7290 0.73331  85.292 0.0000E+00  0.000  85.29
 A378       1.7544 0.71088  14.699 0.0000E+00  0.000  14.70
 A351       1.7781 0.96198  10.656 0.0000E+00  0.000  10.66
 A136       1.7893 0.09848  22.556 0.0000E+00  0.000  22.56
 A268       1.7983 0.33372  25.347 0.0000E+00  0.000  25.35
 A201       1.8105 0.80327  89.604 0.0000E+00  0.000  89.60
 A82        1.8182 0.54172  72.735 0.0000E+00  0.000  72.73
 A25        1.8417 0.38232  68.985 0.0000E+00  0.000  68.98
 A263       1.8637 0.84874  70.698 0.0000E+00  0.000  70.70
 A63        1.8676 0.46597 112.473 0.0000E+00  0.000 112.47
 A7         1.8939 0.35277  46.487 0.0000E+00  0.000  46.49
 A126       1.9299 0.57347  46.371 0.0000E+00  0.000  46.37
 A99        1.9456 0.62404  49.714 0.0000E+00  0.000  49.71
 A186       1.9710 0.55424  90.774 0.0000E+00  0.000  90.77
 A477       1.9983 0.44166  10.609 0.0000E+00  0.000  10.61
 A173       1.9987 0.50939   2.547 0.0000E+00  0.000   2.55
 A69        2.0167 0.38255  54.953 0.0000E+00  0.000  54.95
 A396       2.0244 0.29630  68.039 0.0000E+00  0.000  68.04
 A267       2.0272 0.38281  81.377 0.0000E+00  0.000  81.38
 A251       2.0402 0.36980 103.410 0.0000E+00  0.000 103.41
 A447       2.0852 0.44566  87.511 0.0000E+00  0.000  87.51
 A487       2.1214 0.14659  69.340 0.0000E+00  0.000  69.34
 A169       2.1250 0.39405  57.281 0.0000E+00  0.000  57.28
 A400       2.1271 0.34411  17.688 0.0000E+00  0.000  17.69
 A336       2.1391 0.30855  45.068 0.0000E+00  0.000  45.07
 A358       2.1504 0.39754  36.328 0.0000E+00  0.000  36.33
 A97        2.1597 0.57252 101.146 0.0000E+00  0.000 101.15
 A482       2.1786 0.74950  43.962 0.0000E+00  0.000  43.96
 A371       2.1897 0.11626  55.424 0.0000E+00  0.000  55.42
 A22        2.1945 0.83394  95.428 0.0000E+00  0.000  95.43
 A293       2.1969 0.52696  94.907 0.0000E+00  0.000  94.91
 A316       2.2055 0.51264  23.514 0.0000E+00  0.000  23.51
 A283       2.2181 0.84019  59.804 0.0000E+00  0.000  59.80
 A317       2.2225 0.41285  93.736 0.0000E+00  0.000  93.74
 A156       2.2276 0.38144  79.338 0.0000E+00  0.000  79.34
 A473       2.2690 0.58246 105.595 0.0000E+00  0.000 105.60
 A314       2.2835 0.44802  97.362 0.0000E+00  0.000  97.36
 A185       2.3236 0.27154  87.794 0.0000E+00  0.000  87.79
 A310       2.3510 0.59919  65.155 0.0000E+00  0.000  65.16
 A147       2.4002 0.44182   4.176 0.0000E+00  0.000   4.18
 A428       2.4041 0.82905  17.493 0.0000E+00  0.000  17.49
 A175       2.4225 0.80234  15.815 0.0000E+00  0.000  15.82
 A373       2.5113 0.61701  80.404 0.0000E+00  0.000  80.40
 A436       2.5597 0.44635  66.648 0.0000E+00  0.000  66.65
 A50        2.5727 0.29198  59.958 0.0000E+00  0.000  59.96
 A100       2.6065 0.50953  96.087 0.0000E+00  0.000  96.09
 A442       2.6253 0.45149  20.598 0.0000E+00  0.000  20.60
 A239       2.7143 0.20266  94.022 0.0000E+00  0.000  94.02
 A307       2.7675 0.63710  68.642 0.0000E+00  0.000  68.64
 A281       2.9340 0.99504  20.158 0.0000E+00  0.000  20.16
 A223       2.9790 0.61617  37.076 0.0000E+00  0.000  37.08
 A61        3.0178 0.70682  37.683 0.0000E+00  0.000  37.68
 A73        3.0398 0.74097  52.406 0.0000E+00  0.000  52.41
 A422       3.1630 0.53552  79.712 0.0000E+00  0.000  79.71
 A308       3.2519 0.54588  38.712 0.0000E+00  0.000  38.71
 A55        3.5039 0.38678  21.316 0.0000E+00  0.000  21.32
 A474       3.5523 0.77277   9.691 0.0000E+00  0.000   9.69
 A412       3.5988 0.60604 122.190 0.0000E+00  0.000 122.19
 JUPITER    5.2028 0.14237  44.078 9.5479E-04  0.000  44.08
 A405       5.2265 0.39994  85.097 0.0000E+00  0.000  85.10
 A456       5.4986 0.57431 102.474 0.0000E+00  0.000 102.47
 A141       7.6048 0.81985  65.037 0.0000E+00  0.000  65.04
 A382       8.2888 0.65810  49.690 0.0000E+00  0.000  49.69
 A191       8.6225 0.89253  40.854 0.0000E+00  0.000  40.85
 A101       8.8206 0.93321  52.367 0.0000E+00  0.000  52.37
 SATURN     9.5169 0.09626  60.741 2.8589E-04  0.000  60.74
 A465       9.5615 0.16303 115.747 0.0000E+00  0.000 115.75
 A32       11.9871 0.90708 130.449 0.0000E+00  0.000 130.45
 A462      12.5607 0.97168 124.601 0.0000E+00  0.000 124.60
 A158      12.7242 0.98239 159.400 0.0000E+00  0.000 159.40
 A325      12.8255 0.81906  71.833 0.0000E+00  0.000  71.83
 A206      16.9678 0.57308  30.219 0.0000E+00  0.000  30.22
 A448      27.6857 0.98126  95.563 0.0000E+00  0.000  95.56
