 EARTHMOO   1.0000 0.01465   0.000 9.1213E-06  0.000   0.00
 A430       1.5000 0.01718   1.714 0.0000E+00  0.000   1.71
 A900       1.5008 0.11739   3.098 0.0000E+00  0.000   3.10
 A591       1.5052 0.00380   7.239 0.0000E+00  0.000   7.24
 A534       1.5118 0.06718   8.386 0.0000E+00  0.000   8.39
 A288       1.5167 0.03639   1.876 0.0000E+00  0.000   1.88
 A926       1.5205 0.11850   4.935 0.0000E+00  0.000   4.94
 A79        1.5215 0.05340   9.496 0.0000E+00  0.000   9.50
 A83        1.5227 0.08850   5.480 0.0000E+00  0.000   5.48
 A487       1.5244 0.08830   2.609 0.0000E+00  0.000   2.61
 A729       1.5278 0.07428   5.953 0.0000E+00  0.000   5.95
 A51        1.5322 0.02766   6.482 0.0000E+00  0.000   6.48
 A277       1.5342 0.08706   7.501 0.0000E+00  0.000   7.50
 A950       1.5453 0.03821   1.666 0.0000E+00  0.000   1.67
 A41        1.5456 0.05149   1.503 0.0000E+00  0.000   1.50
 A771       1.5459 0.12937   5.432 0.0000E+00  0.000   5.43
 A816       1.5483 0.08396   1.946 0.0000E+00  0.000   1.95
 A44        1.5504 0.04960   7.237 0.0000E+00  0.000   7.24
 A421       1.5530 0.04410   1.439 0.0000E+00  0.000   1.44
 A498       1.5537 0.02084   1.575 0.0000E+00  0.000   1.58
 A687       1.5543 0.08843   7.581 0.0000E+00  0.000   7.58
 A532       1.5577 0.04630   9.735 0.0000E+00  0.000   9.74
 A395       1.5588 0.10985   2.577 0.0000E+00  0.000   2.58
 A178       1.5622 0.02514   1.744 0.0000E+00  0.000   1.74
 A536       1.5626 0.07408   0.801 0.0000E+00  0.000   0.80
 A973       1.5676 0.08253   9.527 0.0000E+00  0.000   9.53
 A862       1.5720 0.03069   2.667 0.0000E+00  0.000   2.67
 A901       1.5745 0.03740   5.382 0.0000E+00  0.000   5.38
 A485       1.5751 0.08328   4.203 0.0000E+00  0.000   4.20
 A406       1.5767 0.04976   4.921 0.0000E+00  0.000   4.92
 A978       1.5773 0.02328   7.054 0.0000E+00  0.000   7.05
 A857       1.5784 0.05856   0.047 0.0000E+00  0.000   0.05
 A290       1.5803 0.03246   9.542 0.0000E+00  0.000   9.54
 A85        1.5848 0.01315   5.336 0.0000E+00  0.000   5.34
 A504       1.5880 0.47854   8.212 0.0000E+00  0.000   8.21
 A516       1.5896 0.05897   8.883 0.0000E+00  0.000   8.88
 A673       1.5909 0.06477   7.545 0.0000E+00  0.000   7.55
 A541       1.5911 0.06538   6.512 0.0000E+00  0.000   6.51
 A510       1.5930 0.04976   7.463 0.0000E+00  0.000   7.46
 A225       1.5948 0.05479   6.959 0.0000E+00  0.000   6.96
 A625       1.6002 0.06601   0.316 0.0000E+00  0.000   0.32
 A634       1.6029 0.03624   8.715 0.0000E+00  0.000   8.72
 A142       1.6054 0.01473   6.545 0.0000E+00  0.000   6.54
 A47        1.6055 0.04065   5.623 0.0000E+00  0.000   5.62
 A903       1.6104 0.06398   3.625 0.0000E+00  0.000   3.62
 A116       1.6123 0.06185   4.409 0.0000E+00  0.000   4.41
 A792       1.6197 0.05423   8.994 0.0000E+00  0.000   8.99
 A497       1.6215 0.09289   8.087 0.0000E+00  0.000   8.09
 A746       1.6286 0.11559   4.267 0.0000E+00  0.000   4.27
 A405       1.6294 0.02118   8.258 0.0000E+00  0.000   8.26
 A34        1.6348 0.02481   8.244 0.0000E+00  0.000   8.24
 A427       1.6362 0.10347   5.300 0.0000E+00  0.000   5.30
 A341       1.6367 0.09436   9.586 0.0000E+00  0.000   9.59
 A95        1.6377 0.15172   5.536 0.0000E+00  0.000   5.54
 A841       1.6398 0.09806   7.708 0.0000E+00  0.000   7.71
 A602       1.6419 0.09286   5.252 0.0000E+00  0.000   5.25
 A380       1.6438 0.05662   2.285 0.0000E+00  0.000   2.28
 A517       1.6445 0.08292   7.818 0.0000E+00  0.000   7.82
 A14        1.6449 0.04753   0.435 0.0000E+00  0.000   0.44
 A297       1.6477 0.01909   5.074 0.0000E+00  0.000   5.07
 A751       1.6508 0.05146   9.172 0.0000E+00  0.000   9.17
 A556       1.6511 0.05739   5.095 0.0000E+00  0.000   5.10
 A447       1.6514 0.03741   9.495 0.0000E+00  0.000   9.50
 A62        1.6526 0.03590   7.298 0.0000E+00  0.000   7.30
 A315       1.6528 0.08321   6.539 0.0000E+00  0.000   6.54
 A880       1.6554 0.01855   7.528 0.0000E+00  0.000   7.53
 A362       1.6574 0.04398   7.003 0.0000E+00  0.000   7.00
 A878       1.6581 0.01325   8.637 0.0000E+00  0.000   8.64
 A639       1.6583 0.05320   3.998 0.0000E+00  0.000   4.00
 A84        1.6597 0.01725   2.438 0.0000E+00  0.000   2.44
 A351       1.6601 0.11855   5.675 0.0000E+00  0.000   5.67
 A703       1.6604 0.01449   2.071 0.0000E+00  0.000   2.07
 A615       1.6623 0.05585   3.739 0.0000E+00  0.000   3.74
 A145       1.6703 0.05050   5.971 0.0000E+00  0.000   5.97
 A852       1.6735 0.08418   4.043 0.0000E+00  0.000   4.04
 A343       1.6798 0.01050   9.936 0.0000E+00  0.000   9.94
 A488       1.6821 0.11601   6.992 0.0000E+00  0.000   6.99
 A399       1.6835 0.06727   1.412 0.0000E+00  0.000   1.41
 A216       1.6850 0.10566   3.881 0.0000E+00  0.000   3.88
 A189       1.6888 0.03964   9.712 0.0000E+00  0.000   9.71
 A618       1.6918 0.07161   4.309 0.0000E+00  0.000   4.31
 A306       1.6940 0.06451   3.395 0.0000E+00  0.000   3.39
 A721       1.6963 0.08007   9.957 0.0000E+00  0.000   9.96
 A636       1.6980 0.05367   5.319 0.0000E+00  0.000   5.32
 A731       1.7064 0.10139   5.050 0.0000E+00  0.000   5.05
 A448       1.7122 0.08095   1.577 0.0000E+00  0.000   1.58
 A358       1.7124 0.06058   4.201 0.0000E+00  0.000   4.20
 A554       1.7185 0.07952   9.291 0.0000E+00  0.000   9.29
 A17        1.7214 0.05879   9.808 0.0000E+00  0.000   9.81
 A283       1.7249 0.07730   8.824 0.0000E+00  0.000   8.82
 A18        1.7251 0.04399   1.525 0.0000E+00  0.000   1.53
 A980       1.7266 0.03163   2.276 0.0000E+00  0.000   2.28
 A515       1.7273 0.01293   4.446 0.0000E+00  0.000   4.45
 A944       1.7307 0.07954   0.667 0.0000E+00  0.000   0.67
 A866       1.7366 0.03513   6.092 0.0000E+00  0.000   6.09
 A603       1.7412 0.08226   8.546 0.0000E+00  0.000   8.55
 A581       1.7438 0.09139   5.420 0.0000E+00  0.000   5.42
 A671       1.7442 0.14727   0.270 0.0000E+00  0.000   0.27
 A119       1.7453 0.06774   6.528 0.0000E+00  0.000   6.53
 A961       1.7471 0.15209   1.697 0.0000E+00  0.000   1.70
 A575       1.7477 0.07127   2.536 0.0000E+00  0.000   2.54
 A969       1.7494 0.01488   1.242 0.0000E+00  0.000   1.24
 A738       1.7515 0.03337   4.664 0.0000E+00  0.000   4.66
 A668       1.7538 0.06807   9.475 0.0000E+00  0.000   9.48
 A289       1.7608 0.14366   7.625 0.0000E+00  0.000   7.63
 A559       1.7620 0.03728   3.021 0.0000E+00  0.000   3.02
 A732       1.7640 0.08819   6.040 0.0000E+00  0.000   6.04
 A798       1.7645 0.01543   3.734 0.0000E+00  0.000   3.73
 A519       1.7667 0.04252   6.377 0.0000E+00  0.000   6.38
 A755       1.7669 0.09260   3.752 0.0000E+00  0.000   3.75
 A38        1.7679 0.03669   1.649 0.0000E+00  0.000   1.65
 A63        1.7686 0.07523   8.422 0.0000E+00  0.000   8.42
 A740       1.7695 0.14425   1.171 0.0000E+00  0.000   1.17
 A835       1.7697 0.02937   4.840 0.0000E+00  0.000   4.84
 A560       1.7725 0.05243   5.540 0.0000E+00  0.000   5.54
 A140       1.7773 0.14483   4.229 0.0000E+00  0.000   4.23
 A150       1.7828 0.12593   4.172 0.0000E+00  0.000   4.17
 A188       1.7856 0.07937   3.169 0.0000E+00  0.000   3.17
 A381       1.7935 0.12153   4.648 0.0000E+00  0.000   4.65
 A412       1.7988 0.15504   2.556 0.0000E+00  0.000   2.56
 A396       1.8002 0.06283   4.566 0.0000E+00  0.000   4.57
 A24        1.8019 0.04697   5.157 0.0000E+00  0.000   5.16
 A505       1.8019 0.00669   1.885 0.0000E+00  0.000   1.89
 A130       1.8037 0.08103   4.300 0.0000E+00  0.000   4.30
 A962       1.8037 0.08378   0.880 0.0000E+00  0.000   0.88
 A511       1.8043 0.08998   1.990 0.0000E+00  0.000   1.99
 A470       1.8049 0.07170   6.741 0.0000E+00  0.000   6.74
 A348       1.8052 0.03932   7.719 0.0000E+00  0.000   7.72
 A627       1.8055 0.03873   8.508 0.0000E+00  0.000   8.51
 A482       1.8145 0.03821   7.797 0.0000E+00  0.000   7.80
 A121       1.8170 0.04426   4.542 0.0000E+00  0.000   4.54
 A201       1.8179 0.05943   9.904 0.0000E+00  0.000   9.90
 A585       1.8182 0.03840   2.064 0.0000E+00  0.000   2.06
 A122       1.8197 0.10881   8.208 0.0000E+00  0.000   8.21
 A724       1.8199 0.02633   0.960 0.0000E+00  0.000   0.96
 A899       1.8204 0.07413   0.831 0.0000E+00  0.000   0.83
 A136       1.8209 0.08772   3.861 0.0000E+00  0.000   3.86
 A58        1.8213 0.12088   6.061 0.0000E+00  0.000   6.06
 A299       1.8226 0.08141   1.317 0.0000E+00  0.000   1.32
 A7         1.8233 0.03900   5.112 0.0000E+00  0.000   5.11
 A301       1.8258 0.03580   2.348 0.0000E+00  0.000   2.35
 A512       1.8263 0.01646   9.925 0.0000E+00  0.000   9.93
 A99        1.8275 0.06819   6.669 0.0000E+00  0.000   6.67
 A74        1.8283 0.13719   5.118 0.0000E+00  0.000   5.12
 A807       1.8302 0.03182   1.777 0.0000E+00  0.000   1.78
 A702       1.8307 0.09134   5.149 0.0000E+00  0.000   5.15
 A207       1.8312 0.08653   9.085 0.0000E+00  0.000   9.08
 A205       1.8355 0.10646   7.257 0.0000E+00  0.000   7.26
 A725       1.8364 0.07307   8.511 0.0000E+00  0.000   8.51
 A324       1.8371 0.07801   9.182 0.0000E+00  0.000   9.18
 A827       1.8372 0.04873   7.639 0.0000E+00  0.000   7.64
 A161       1.8381 0.00278   8.021 0.0000E+00  0.000   8.02
 A29        1.8410 0.04361   4.654 0.0000E+00  0.000   4.65
 A780       1.8427 0.10291   9.011 0.0000E+00  0.000   9.01
 A281       1.8438 0.08665   1.710 0.0000E+00  0.000   1.71
 A268       1.8444 0.04512   5.267 0.0000E+00  0.000   5.27
 A567       1.8531 0.15739   5.764 0.0000E+00  0.000   5.76
 A765       1.8549 0.02610   4.720 0.0000E+00  0.000   4.72
 A855       1.8561 0.04613   3.356 0.0000E+00  0.000   3.36
 A728       1.8561 0.14421   2.037 0.0000E+00  0.000   2.04
 A768       1.8588 0.08753   2.841 0.0000E+00  0.000   2.84
 A477       1.8602 0.06854   4.642 0.0000E+00  0.000   4.64
 A132       1.8613 0.09554   7.374 0.0000E+00  0.000   7.37
 A181       1.8622 0.01871   1.829 0.0000E+00  0.000   1.83
 A407       1.8633 0.08229   6.171 0.0000E+00  0.000   6.17
 A270       1.8635 0.09923   6.631 0.0000E+00  0.000   6.63
 A344       1.8681 0.02425   8.863 0.0000E+00  0.000   8.86
 A50        1.8697 0.08244   3.883 0.0000E+00  0.000   3.88
 A864       1.8719 0.08589   9.227 0.0000E+00  0.000   9.23
 A126       1.8726 0.04754   7.584 0.0000E+00  0.000   7.58
 A346       1.8775 0.05930   8.850 0.0000E+00  0.000   8.85
 A263       1.8781 0.07825   4.905 0.0000E+00  0.000   4.90
 A628       1.8791 0.05666   0.056 0.0000E+00  0.000   0.06
 A992       1.8798 0.06089   2.628 0.0000E+00  0.000   2.63
 A246       1.8805 0.12742   4.071 0.0000E+00  0.000   4.07
 A33        1.8816 0.05225   3.377 0.0000E+00  0.000   3.38
 A935       1.8840 0.04867   6.447 0.0000E+00  0.000   6.45
 A846       1.8842 0.09656   0.479 0.0000E+00  0.000   0.48
 A665       1.8930 0.10296   7.017 0.0000E+00  0.000   7.02
 A583       1.8960 0.07577   8.171 0.0000E+00  0.000   8.17
 A413       1.8964 0.06333   7.448 0.0000E+00  0.000   7.45
 A428       1.8973 0.08246   1.467 0.0000E+00  0.000   1.47
 A255       1.8977 0.10984   2.821 0.0000E+00  0.000   2.82
 A889       1.9052 0.09247   1.491 0.0000E+00  0.000   1.49
 A86        1.9082 0.10715   2.121 0.0000E+00  0.000   2.12
 A611       1.9084 0.11958   7.669 0.0000E+00  0.000   7.67
 A495       1.9092 0.02037   7.152 0.0000E+00  0.000   7.15
 A843       1.9261 0.03527   1.559 0.0000E+00  0.000   1.56
 A994       1.9261 0.11519   5.750 0.0000E+00  0.000   5.75
 A769       1.9267 0.03953   0.271 0.0000E+00  0.000   0.27
 A995       1.9281 0.03704   8.466 0.0000E+00  0.000   8.47
 A98        1.9300 0.06133   1.155 0.0000E+00  0.000   1.16
 A187       1.9318 0.10398   9.356 0.0000E+00  0.000   9.36
 A144       1.9320 0.05837   0.375 0.0000E+00  0.000   0.38
 A801       1.9327 0.07214   1.219 0.0000E+00  0.000   1.22
 A311       1.9370 0.10085   8.510 0.0000E+00  0.000   8.51
 A223       1.9376 0.02952   3.506 0.0000E+00  0.000   3.51
 A371       1.9381 0.03054   7.852 0.0000E+00  0.000   7.85
 A617       1.9459 0.07883   2.307 0.0000E+00  0.000   2.31
 A356       1.9462 0.08052   2.679 0.0000E+00  0.000   2.68
 A675       1.9482 0.06526   7.538 0.0000E+00  0.000   7.54
 A438       1.9488 0.12790   1.988 0.0000E+00  0.000   1.99
 A526       1.9520 0.06567   8.923 0.0000E+00  0.000   8.92
 A632       1.9544 0.05985   1.234 0.0000E+00  0.000   1.23
 A942       1.9568 0.06178   8.619 0.0000E+00  0.000   8.62
 A547       1.9634 0.01701   8.057 0.0000E+00  0.000   8.06
 A202       1.9647 0.10497   3.960 0.0000E+00  0.000   3.96
 A82        1.9655 0.11301   2.001 0.0000E+00  0.000   2.00
 A939       1.9679 0.07966   9.743 0.0000E+00  0.000   9.74
 A868       1.9691 0.09480   4.422 0.0000E+00  0.000   4.42
 A111       1.9716 0.02193   2.265 0.0000E+00  0.000   2.27
 A742       1.9731 0.07059   5.062 0.0000E+00  0.000   5.06
 A457       1.9768 0.05882   4.854 0.0000E+00  0.000   4.85
 A254       1.9781 0.01404   3.208 0.0000E+00  0.000   3.21
 A777       1.9810 0.12360   3.010 0.0000E+00  0.000   3.01
 A342       1.9812 0.08872   7.860 0.0000E+00  0.000   7.86
 A565       1.9828 0.01502   6.518 0.0000E+00  0.000   6.52
 A704       1.9930 0.13037   1.388 0.0000E+00  0.000   1.39
 A481       1.9998 0.07960   6.980 0.0000E+00  0.000   6.98
 A933       2.0000 0.01773   2.251 0.0000E+00  0.000   2.25
 A332       2.0017 0.09695   7.741 0.0000E+00  0.000   7.74
 A493       2.0035 0.11861   0.742 0.0000E+00  0.000   0.74
 A506       2.0044 0.03758   0.191 0.0000E+00  0.000   0.19
 A773       2.0067 0.06510   7.203 0.0000E+00  0.000   7.20
 A960       2.0081 0.01757   0.887 0.0000E+00  0.000   0.89
 A503       2.0107 0.07487   3.655 0.0000E+00  0.000   3.65
 A514       2.0110 0.07030   1.996 0.0000E+00  0.000   2.00
 A658       2.0186 0.11856   5.474 0.0000E+00  0.000   5.47
 A786       2.0250 0.01423   4.935 0.0000E+00  0.000   4.93
 A608       2.0253 0.09980   6.199 0.0000E+00  0.000   6.20
 A241       2.0265 0.06131   2.026 0.0000E+00  0.000   2.03
 A221       2.0274 0.06626   3.763 0.0000E+00  0.000   3.76
 A714       2.0277 0.11297   4.272 0.0000E+00  0.000   4.27
 A840       2.0278 0.08991   3.383 0.0000E+00  0.000   3.38
 A836       2.0307 0.00520   3.113 0.0000E+00  0.000   3.11
 A745       2.0310 0.10528   9.892 0.0000E+00  0.000   9.89
 A576       2.0325 0.02411   7.253 0.0000E+00  0.000   7.25
 A267       2.0383 0.10014   6.911 0.0000E+00  0.000   6.91
 A595       2.0400 0.09303   6.567 0.0000E+00  0.000   6.57
 A631       2.0435 0.06520   0.186 0.0000E+00  0.000   0.19
 A655       2.0442 0.02950   3.377 0.0000E+00  0.000   3.38
 A43        2.0497 0.18046   6.389 0.0000E+00  0.000   6.39
 A814       2.0501 0.13298   1.329 0.0000E+00  0.000   1.33
 A107       2.0509 0.01979   3.471 0.0000E+00  0.000   3.47
 A69        2.0558 0.02040   7.160 0.0000E+00  0.000   7.16
 A803       2.0572 0.04311   4.535 0.0000E+00  0.000   4.53
 A328       2.0602 0.19297   9.212 0.0000E+00  0.000   9.21
 A670       2.0697 0.11330   6.539 0.0000E+00  0.000   6.54
 A314       2.0726 0.08088   6.686 0.0000E+00  0.000   6.69
 A820       2.0811 0.09305   0.663 0.0000E+00  0.000   0.66
 A90        2.0876 0.05868   8.120 0.0000E+00  0.000   8.12
 A802       2.0883 0.07916   1.321 0.0000E+00  0.000   1.32
 A378       2.0888 0.06689   6.491 0.0000E+00  0.000   6.49
 A377       2.0892 0.07492   1.002 0.0000E+00  0.000   1.00
 A685       2.0892 0.09069   2.346 0.0000E+00  0.000   2.35
 A138       2.0897 0.10294   7.785 0.0000E+00  0.000   7.78
 A871       2.0904 0.09720   6.008 0.0000E+00  0.000   6.01
 A169       2.0962 0.10991   7.226 0.0000E+00  0.000   7.23
 A736       2.0980 0.06409   0.977 0.0000E+00  0.000   0.98
 A965       2.0991 0.16066   6.361 0.0000E+00  0.000   6.36
 A749       2.1032 0.13621   3.801 0.0000E+00  0.000   3.80
 A96        2.1048 0.08540   8.864 0.0000E+00  0.000   8.86
 A440       2.1072 0.05449   6.837 0.0000E+00  0.000   6.84
 A186       2.1121 0.11709   8.493 0.0000E+00  0.000   8.49
 A25        2.1138 0.07651   6.284 0.0000E+00  0.000   6.28
 A613       2.1207 0.04906   6.068 0.0000E+00  0.000   6.07
 A117       2.1207 0.04349   0.086 0.0000E+00  0.000   0.09
 A317       2.1217 0.08061   5.438 0.0000E+00  0.000   5.44
 A400       2.1221 0.01581   8.988 0.0000E+00  0.000   8.99
 A979       2.1245 0.09987   2.166 0.0000E+00  0.000   2.17
 A273       2.1270 0.05804   0.455 0.0000E+00  0.000   0.45
 A837       2.1278 0.07165   7.191 0.0000E+00  0.000   7.19
 A217       2.1283 0.09536   7.343 0.0000E+00  0.000   7.34
 A686       2.1296 0.01935   6.630 0.0000E+00  0.000   6.63
 A509       2.1326 0.14414   7.742 0.0000E+00  0.000   7.74
 A824       2.1339 0.06714   9.912 0.0000E+00  0.000   9.91
 A782       2.1342 0.09583   1.866 0.0000E+00  0.000   1.87
 A549       2.1353 0.14204   3.303 0.0000E+00  0.000   3.30
 A667       2.1356 0.04323   5.607 0.0000E+00  0.000   5.61
 A610       2.1359 0.16489   0.167 0.0000E+00  0.000   0.17
 A373       2.1390 0.02965   7.312 0.0000E+00  0.000   7.31
 A774       2.1397 0.11057   3.600 0.0000E+00  0.000   3.60
 A553       2.1435 0.12964   1.875 0.0000E+00  0.000   1.88
 A292       2.1447 0.02693   9.737 0.0000E+00  0.000   9.74
 A251       2.1448 0.00919   1.229 0.0000E+00  0.000   1.23
 A12        2.1459 0.01839   6.336 0.0000E+00  0.000   6.34
 A538       2.1518 0.13301   1.298 0.0000E+00  0.000   1.30
 A584       2.1551 0.05221   5.433 0.0000E+00  0.000   5.43
 A325       2.1558 0.08405   0.792 0.0000E+00  0.000   0.79
 A199       2.1594 0.06433   9.675 0.0000E+00  0.000   9.68
 A921       2.1634 0.08539   0.526 0.0000E+00  0.000   0.53
 A429       2.1653 0.14707   0.107 0.0000E+00  0.000   0.11
 A758       2.1684 0.14406   0.346 0.0000E+00  0.000   0.35
 A475       2.1704 0.04130   3.777 0.0000E+00  0.000   3.78
 A55        2.1714 0.06911   7.195 0.0000E+00  0.000   7.19
 A227       2.1729 0.08366   2.125 0.0000E+00  0.000   2.13
 A966       2.1736 0.05556   3.825 0.0000E+00  0.000   3.82
 A656       2.1739 0.11116   3.462 0.0000E+00  0.000   3.46
 A650       2.1752 0.01934   0.382 0.0000E+00  0.000   0.38
 A149       2.1793 0.16612   7.480 0.0000E+00  0.000   7.48
 A191       2.1872 0.02934   3.039 0.0000E+00  0.000   3.04
 A214       2.1899 0.11827   3.696 0.0000E+00  0.000   3.70
 A474       2.1932 0.16348   4.244 0.0000E+00  0.000   4.24
 A750       2.1938 0.05641   5.571 0.0000E+00  0.000   5.57
 A947       2.1961 0.08147   0.898 0.0000E+00  0.000   0.90
 A513       2.1967 0.08719   1.954 0.0000E+00  0.000   1.95
 A308       2.1967 0.10171   0.549 0.0000E+00  0.000   0.55
 A654       2.1975 0.06043   3.490 0.0000E+00  0.000   3.49
 A94        2.2000 0.13461   0.808 0.0000E+00  0.000   0.81
 A379       2.2042 0.09171   2.974 0.0000E+00  0.000   2.97
 A557       2.2050 0.05792   6.130 0.0000E+00  0.000   6.13
 A293       2.2101 0.06167   1.266 0.0000E+00  0.000   1.27
 A45        2.2126 0.06529   2.862 0.0000E+00  0.000   2.86
 A940       2.2172 0.13680   8.024 0.0000E+00  0.000   8.02
 A28        2.2186 0.03450   1.349 0.0000E+00  0.000   1.35
 A908       2.2223 0.06355   6.668 0.0000E+00  0.000   6.67
 A185       2.2240 0.09685   3.412 0.0000E+00  0.000   3.41
 A72        2.2270 0.09346   2.112 0.0000E+00  0.000   2.11
 A854       2.2273 0.07892   0.050 0.0000E+00  0.000   0.05
 A734       2.2292 0.07087   2.581 0.0000E+00  0.000   2.58
 A476       2.2336 0.04697   8.640 0.0000E+00  0.000   8.64
 A990       2.2532 0.03347   5.386 0.0000E+00  0.000   5.39
 A171       2.2556 0.09922   2.330 0.0000E+00  0.000   2.33
 A307       2.2587 0.05715   1.507 0.0000E+00  0.000   1.51
 A384       2.2618 0.01284   9.042 0.0000E+00  0.000   9.04
 A278       2.2645 0.03288   9.032 0.0000E+00  0.000   9.03
 A681       2.2651 0.12924   6.846 0.0000E+00  0.000   6.85
 A224       2.2657 0.05357   4.973 0.0000E+00  0.000   4.97
 A22        2.2658 0.09682   6.608 0.0000E+00  0.000   6.61
 A229       2.2665 0.10792   4.401 0.0000E+00  0.000   4.40
 A710       2.2669 0.05477   1.223 0.0000E+00  0.000   1.22
 A61        2.2725 0.08094   1.754 0.0000E+00  0.000   1.75
 A97        2.2726 0.05498   9.812 0.0000E+00  0.000   9.81
 A310       2.2947 0.05154   6.471 0.0000E+00  0.000   6.47
 A818       2.2952 0.08688   7.690 0.0000E+00  0.000   7.69
 A147       2.2960 0.02719   1.465 0.0000E+00  0.000   1.47
 A784       2.2965 0.14737   4.704 0.0000E+00  0.000   4.70
 A672       2.3005 0.01343   3.750 0.0000E+00  0.000   3.75
 A744       2.3018 0.12205   7.481 0.0000E+00  0.000   7.48
 A890       2.3032 0.06161   0.326 0.0000E+00  0.000   0.33
 A770       2.3064 0.06932   3.537 0.0000E+00  0.000   3.54
 A455       2.3126 0.08005   7.662 0.0000E+00  0.000   7.66
 A796       2.3133 0.02707   1.916 0.0000E+00  0.000   1.92
 A158       2.3164 0.11735   0.368 0.0000E+00  0.000   0.37
 A991       2.3171 0.12532   8.205 0.0000E+00  0.000   8.20
 A35        2.3202 0.12321   7.567 0.0000E+00  0.000   7.57
 A849       2.3207 0.03806   1.336 0.0000E+00  0.000   1.34
 A726       2.3207 0.07834   8.953 0.0000E+00  0.000   8.95
 A272       2.3244 0.11120   7.795 0.0000E+00  0.000   7.79
 A867       2.3260 0.05200   9.656 0.0000E+00  0.000   9.66
 A313       2.3308 0.09907   7.919 0.0000E+00  0.000   7.92
 A473       2.3391 0.00149   4.604 0.0000E+00  0.000   4.60
 A918       2.3393 0.03394   5.789 0.0000E+00  0.000   5.79
 A465       2.3400 0.09574   5.875 0.0000E+00  0.000   5.88
 A323       2.3477 0.12348   2.683 0.0000E+00  0.000   2.68
 A1000      2.3489 0.11634   0.564 0.0000E+00  0.000   0.56
 A436       2.3567 0.10077   7.870 0.0000E+00  0.000   7.87
 A165       2.3595 0.19120   3.585 0.0000E+00  0.000   3.58
 A174       2.3663 0.07805   4.274 0.0000E+00  0.000   4.27
 A902       2.3693 0.02426   8.982 0.0000E+00  0.000   8.98
 A127       2.3710 0.08992   4.979 0.0000E+00  0.000   4.98
 A790       2.3712 0.07358   2.128 0.0000E+00  0.000   2.13
 A375       2.3732 0.09600   2.477 0.0000E+00  0.000   2.48
 A257       2.3776 0.03974   4.237 0.0000E+00  0.000   4.24
 A605       2.3822 0.12909   0.428 0.0000E+00  0.000   0.43
 A641       2.3840 0.14713   1.884 0.0000E+00  0.000   1.88
 A748       2.3846 0.08566   4.504 0.0000E+00  0.000   4.50
 A530       2.3862 0.08109   6.979 0.0000E+00  0.000   6.98
 A858       2.3866 0.03276   9.601 0.0000E+00  0.000   9.60
 A20        2.3903 0.12598   4.163 0.0000E+00  0.000   4.16
 A696       2.3908 0.03200   4.781 0.0000E+00  0.000   4.78
 A321       2.3920 0.07256   6.187 0.0000E+00  0.000   6.19
 A48        2.3956 0.03608   3.048 0.0000E+00  0.000   3.05
 A93        2.3996 0.09477   1.318 0.0000E+00  0.000   1.32
 A156       2.4055 0.11249   4.494 0.0000E+00  0.000   4.49
 A101       2.4076 0.06142   9.254 0.0000E+00  0.000   9.25
 A967       2.4081 0.07473   6.130 0.0000E+00  0.000   6.13
 A444       2.4089 0.04720   5.725 0.0000E+00  0.000   5.73
 A695       2.4108 0.10665   4.116 0.0000E+00  0.000   4.12
 A895       2.4124 0.12298   9.958 0.0000E+00  0.000   9.96
 A345       2.4169 0.09709   4.016 0.0000E+00  0.000   4.02
 A159       2.4185 0.12114   1.098 0.0000E+00  0.000   1.10
 A876       2.4225 0.10822   4.230 0.0000E+00  0.000   4.23
 A821       2.4242 0.03619   3.056 0.0000E+00  0.000   3.06
 A998       2.4351 0.06288   5.251 0.0000E+00  0.000   5.25
 A776       2.4415 0.14221   1.458 0.0000E+00  0.000   1.46
 A831       2.4438 0.19412   9.493 0.0000E+00  0.000   9.49
 A943       2.4470 0.08843   7.665 0.0000E+00  0.000   7.67
 A953       2.4478 0.07933   5.544 0.0000E+00  0.000   5.54
 A172       2.4644 0.12660   8.014 0.0000E+00  0.000   8.01
 A442       2.4733 0.03665   2.606 0.0000E+00  0.000   2.61
 A701       2.4768 0.08176  10.096 0.0000E+00  0.000  10.10
 A112       2.4803 0.02861   6.247 0.0000E+00  0.000   6.25
 A388       2.4822 0.05968   2.573 0.0000E+00  0.000   2.57
 A13        2.4854 0.07747   7.587 0.0000E+00  0.000   7.59
 A791       2.4961 0.01572   6.450 0.0000E+00  0.000   6.45
 A337       2.4969 0.06839   2.252 0.0000E+00  0.000   2.25
 A302       2.5062 0.06893   2.939 0.0000E+00  0.000   2.94
 A599       2.5162 0.08929   3.308 0.0000E+00  0.000   3.31
 A884       2.5179 0.07241   1.261 0.0000E+00  0.000   1.26
 A859       2.5206 0.21593   1.507 0.0000E+00  0.000   1.51
 A367       2.5209 0.12245   4.216 0.0000E+00  0.000   4.22
 A952       2.5212 0.14150   6.825 0.0000E+00  0.000   6.82
 A102       2.5230 0.02729   2.824 0.0000E+00  0.000   2.82
 A975       2.5256 0.05792   4.253 0.0000E+00  0.000   4.25
 A424       2.5285 0.19832   8.429 0.0000E+00  0.000   8.43
 A236       2.5328 0.14974   1.502 0.0000E+00  0.000   1.50
 A651       2.5340 0.17534   0.905 0.0000E+00  0.000   0.91
 A287       2.5393 0.12527   4.688 0.0000E+00  0.000   4.69
 A705       2.5424 0.17314   5.356 0.0000E+00  0.000   5.36
 A468       2.5459 0.02081   5.043 0.0000E+00  0.000   5.04
 A374       2.5461 0.11400   8.523 0.0000E+00  0.000   8.52
 A352       2.5476 0.07995   6.688 0.0000E+00  0.000   6.69
 A922       2.5480 0.13936   3.087 0.0000E+00  0.000   3.09
 A89        2.5582 0.12086   7.161 0.0000E+00  0.000   7.16
 A690       2.5586 0.05627   4.672 0.0000E+00  0.000   4.67
 A861       2.5602 0.10922   3.051 0.0000E+00  0.000   3.05
 A42        2.5642 0.16516   6.681 0.0000E+00  0.000   6.68
 A596       2.5650 0.00943  10.000 0.0000E+00  0.000  10.00
 A11        2.5658 0.09518   7.900 0.0000E+00  0.000   7.90
 A222       2.5659 0.10255   5.933 0.0000E+00  0.000   5.93
 A706       2.5673 0.01372   3.583 0.0000E+00  0.000   3.58
 A806       2.5703 0.17626   7.646 0.0000E+00  0.000   7.65
 A167       2.5747 0.09316   5.685 0.0000E+00  0.000   5.69
 A331       2.5777 0.11345   2.679 0.0000E+00  0.000   2.68
 A851       2.5781 0.15100   4.702 0.0000E+00  0.000   4.70
 A844       2.5812 0.15894   5.968 0.0000E+00  0.000   5.97
 A666       2.5862 0.09924   3.039 0.0000E+00  0.000   3.04
 A239       2.5863 0.15967   6.547 0.0000E+00  0.000   6.55
 A688       2.5869 0.13799   3.345 0.0000E+00  0.000   3.34
 A31        2.5958 0.11208   8.628 0.0000E+00  0.000   8.63
 A175       2.5994 0.09616   4.362 0.0000E+00  0.000   4.36
 A431       2.6006 0.03737   2.485 0.0000E+00  0.000   2.49
 A422       2.6012 0.06276   5.206 0.0000E+00  0.000   5.21
 A276       2.6025 0.08945   0.426 0.0000E+00  0.000   0.43
 A284       2.6066 0.03762   4.881 0.0000E+00  0.000   4.88
 A256       2.6130 0.07374   9.060 0.0000E+00  0.000   9.06
 A609       2.6135 0.06219   8.266 0.0000E+00  0.000   8.27
 A450       2.6164 0.10033   3.225 0.0000E+00  0.000   3.23
 A896       2.6165 0.08826   7.721 0.0000E+00  0.000   7.72
 A141       2.6172 0.06067   1.733 0.0000E+00  0.000   1.73
 A213       2.6207 0.15716   5.406 0.0000E+00  0.000   5.41
 A661       2.6210 0.15484   4.438 0.0000E+00  0.000   4.44
 A662       2.6223 0.11874   2.795 0.0000E+00  0.000   2.80
 A135       2.6231 0.14599   9.464 0.0000E+00  0.000   9.46
 A891       2.6304 0.16685   7.029 0.0000E+00  0.000   7.03
 A454       2.6305 0.08002   9.879 0.0000E+00  0.000   9.88
 A338       2.6337 0.07006   7.317 0.0000E+00  0.000   7.32
 A184       2.6365 0.10675   6.766 0.0000E+00  0.000   6.77
 A372       2.6399 0.08582   2.735 0.0000E+00  0.000   2.73
 A204       2.6420 0.03361   7.890 0.0000E+00  0.000   7.89
 A386       2.6483 0.08283   3.998 0.0000E+00  0.000   4.00
 A925       2.6526 0.11577   1.756 0.0000E+00  0.000   1.76
 A853       2.6550 0.10822   0.564 0.0000E+00  0.000   0.56
 A67        2.6564 0.04995   6.326 0.0000E+00  0.000   6.33
 A872       2.6574 0.05040   0.196 0.0000E+00  0.000   0.20
 A968       2.6587 0.05674   4.931 0.0000E+00  0.000   4.93
 A6         2.6636 0.11853   4.311 0.0000E+00  0.000   4.31
 A489       2.6672 0.12119   7.134 0.0000E+00  0.000   7.13
 A718       2.6695 0.11898   5.566 0.0000E+00  0.000   5.57
 A938       2.6695 0.14489   0.773 0.0000E+00  0.000   0.77
 A957       2.6713 0.09725   5.426 0.0000E+00  0.000   5.43
 A887       2.6740 0.08209   9.948 0.0000E+00  0.000   9.95
 A715       2.6851 0.05194   2.353 0.0000E+00  0.000   2.35
 A709       2.6904 0.09089   4.161 0.0000E+00  0.000   4.16
 A730       2.6907 0.08401   4.924 0.0000E+00  0.000   4.92
 A471       2.6935 0.06242   7.168 0.0000E+00  0.000   7.17
 A630       2.6963 0.02774   0.922 0.0000E+00  0.000   0.92
 A100       2.6990 0.07431   6.410 0.0000E+00  0.000   6.41
 A39        2.7000 0.07514   9.250 0.0000E+00  0.000   9.25
 A911       2.7037 0.22605   2.490 0.0000E+00  0.000   2.49
 A4         2.7081 0.01763   2.439 0.0000E+00  0.000   2.44
 A360       2.7081 0.13990   0.001 0.0000E+00  0.000   0.00
 A499       2.7111 0.08737   2.797 0.0000E+00  0.000   2.80
 A833       2.7162 0.10476   8.982 0.0000E+00  0.000   8.98
 A963       2.7185 0.06584   7.104 0.0000E+00  0.000   7.10
 A815       2.7195 0.07665   3.674 0.0000E+00  0.000   3.67
 A303       2.7262 0.01272   6.252 0.0000E+00  0.000   6.25
 A934       2.7270 0.13080   1.885 0.0000E+00  0.000   1.88
 A316       2.7274 0.14395   7.499 0.0000E+00  0.000   7.50
 A208       2.7292 0.15113  10.144 0.0000E+00  0.000  10.14
 A682       2.7300 0.11715   3.244 0.0000E+00  0.000   3.24
 A409       2.7303 0.12265   4.853 0.0000E+00  0.000   4.85
 A917       2.7311 0.09342   6.671 0.0000E+00  0.000   6.67
 A552       2.7319 0.06660   5.712 0.0000E+00  0.000   5.71
 A300       2.7345 0.00135   6.735 0.0000E+00  0.000   6.74
 A451       2.7415 0.01090   8.144 0.0000E+00  0.000   8.14
 A694       2.7480 0.11889   1.498 0.0000E+00  0.000   1.50
 A760       2.7495 0.07770   2.392 0.0000E+00  0.000   2.39
 A624       2.7503 0.04542   8.518 0.0000E+00  0.000   8.52
 A87        2.7508 0.07815   7.937 0.0000E+00  0.000   7.94
 A243       2.7537 0.13090   8.897 0.0000E+00  0.000   8.90
 A747       2.7552 0.08869   2.134 0.0000E+00  0.000   2.13
 A735       2.7578 0.06723   4.789 0.0000E+00  0.000   4.79
 A800       2.7579 0.06226   3.479 0.0000E+00  0.000   3.48
 A312       2.7587 0.17906   7.318 0.0000E+00  0.000   7.32
 A2         2.7600 0.13078   0.468 0.0000E+00  0.000   0.47
 A336       2.7627 0.11419   3.386 0.0000E+00  0.000   3.39
 A37        2.7633 0.05928   2.805 0.0000E+00  0.000   2.80
 A294       2.7672 0.15128   5.572 0.0000E+00  0.000   5.57
 A365       2.7704 0.01638   8.156 0.0000E+00  0.000   8.16
 A393       2.7791 0.05785   6.514 0.0000E+00  0.000   6.51
 A19        2.7817 0.09252   9.551 0.0000E+00  0.000   9.55
 A432       2.7834 0.09998   1.917 0.0000E+00  0.000   1.92
 A838       2.7874 0.05106   2.973 0.0000E+00  0.000   2.97
 A648       2.7896 0.10555   5.286 0.0000E+00  0.000   5.29
 A339       2.7952 0.11491   1.749 0.0000E+00  0.000   1.75
 A120       2.7963 0.12597   7.728 0.0000E+00  0.000   7.73
 A237       2.7966 0.14917   4.069 0.0000E+00  0.000   4.07
 A233       2.7978 0.22071   4.629 0.0000E+00  0.000   4.63
 A812       2.8064 0.13423   1.408 0.0000E+00  0.000   1.41
 A826       2.8081 0.20634   1.044 0.0000E+00  0.000   1.04
 A163       2.8089 0.13393   2.743 0.0000E+00  0.000   2.74
 A629       2.8092 0.04638   3.538 0.0000E+00  0.000   3.54
 A764       2.8111 0.15705   8.657 0.0000E+00  0.000   8.66
 A574       2.8333 0.12275   5.487 0.0000E+00  0.000   5.49
 A403       2.8395 0.09708   1.675 0.0000E+00  0.000   1.68
 A196       2.8404 0.01913   5.967 0.0000E+00  0.000   5.97
 A888       2.8411 0.16279   2.171 0.0000E+00  0.000   2.17
 A353       2.8416 0.07758   6.331 0.0000E+00  0.000   6.33
 A340       2.8501 0.08384   4.545 0.0000E+00  0.000   4.54
 A507       2.8505 0.13629   2.758 0.0000E+00  0.000   2.76
 A426       2.8509 0.18009   9.193 0.0000E+00  0.000   9.19
 A762       2.8524 0.12120   9.462 0.0000E+00  0.000   9.46
 A620       2.8546 0.06594   0.673 0.0000E+00  0.000   0.67
 A528       2.8571 0.09670   7.645 0.0000E+00  0.000   7.64
 A763       2.8576 0.07622   1.816 0.0000E+00  0.000   1.82
 A850       2.8594 0.11946   1.468 0.0000E+00  0.000   1.47
 A881       2.8610 0.10370   5.423 0.0000E+00  0.000   5.42
 A600       2.8644 0.15977   0.497 0.0000E+00  0.000   0.50
 A984       2.8653 0.06550   3.611 0.0000E+00  0.000   3.61
 A483       2.8680 0.19319   3.054 0.0000E+00  0.000   3.05
 A912       2.8684 0.07097   8.057 0.0000E+00  0.000   8.06
 A320       2.8684 0.07029   9.302 0.0000E+00  0.000   9.30
 A177       2.8701 0.09362   2.773 0.0000E+00  0.000   2.77
 A612       2.8802 0.05340   8.197 0.0000E+00  0.000   8.20
 A540       2.8816 0.09578   8.388 0.0000E+00  0.000   8.39
 A754       2.8825 0.04726   3.126 0.0000E+00  0.000   3.13
 A330       2.8845 0.10250   7.541 0.0000E+00  0.000   7.54
 A794       2.8883 0.13602   8.255 0.0000E+00  0.000   8.26
 A737       2.8887 0.08458   3.034 0.0000E+00  0.000   3.03
 A669       2.8903 0.13205   0.322 0.0000E+00  0.000   0.32
 A382       2.8935 0.07955   1.188 0.0000E+00  0.000   1.19
 A679       2.8976 0.01908   4.818 0.0000E+00  0.000   4.82
 A885       2.9078 0.12579   8.254 0.0000E+00  0.000   8.25
 A727       2.9091 0.19476   4.238 0.0000E+00  0.000   4.24
 A333       2.9096 0.03940   7.518 0.0000E+00  0.000   7.52
 A830       2.9115 0.03179   1.879 0.0000E+00  0.000   1.88
 A478       2.9201 0.05680   2.424 0.0000E+00  0.000   2.42
 A785       2.9219 0.05538   2.092 0.0000E+00  0.000   2.09
 A484       2.9295 0.12574   4.448 0.0000E+00  0.000   4.45
 A659       2.9333 0.12248   5.115 0.0000E+00  0.000   5.12
 A359       2.9337 0.04688   7.197 0.0000E+00  0.000   7.20
 A77        2.9387 0.07093   8.889 0.0000E+00  0.000   8.89
 A193       2.9412 0.08138   3.000 0.0000E+00  0.000   3.00
 A64        2.9441 0.16889   9.380 0.0000E+00  0.000   9.38
 A8         2.9443 0.22282   5.232 0.0000E+00  0.000   5.23
 A49        2.9506 0.01419   4.152 0.0000E+00  0.000   4.15
 A143       2.9531 0.14668   5.576 0.0000E+00  0.000   5.58
 A459       2.9616 0.13389   2.427 0.0000E+00  0.000   2.43
 A931       2.9658 0.14987   3.574 0.0000E+00  0.000   3.57
 A176       2.9666 0.16201   7.003 0.0000E+00  0.000   7.00
 A21        2.9681 0.02791   4.554 0.0000E+00  0.000   4.55
 A869       2.9691 0.09384   9.411 0.0000E+00  0.000   9.41
 A59        2.9718 0.09353   6.016 0.0000E+00  0.000   6.02
 A986       2.9791 0.11886   2.822 0.0000E+00  0.000   2.82
 A501       2.9826 0.15384   0.604 0.0000E+00  0.000   0.60
 A118       2.9872 0.10113   9.134 0.0000E+00  0.000   9.13
 A720       2.9881 0.17656   2.793 0.0000E+00  0.000   2.79
 A115       2.9976 0.14310   1.013 0.0000E+00  0.000   1.01
 A182       3.0000 0.16910   9.484 0.0000E+00  0.000   9.48
 A408       3.0000 0.08949   2.358 0.0000E+00  0.000   2.36
 A410       3.0027 0.05791   3.735 0.0000E+00  0.000   3.73
 A462       3.0047 0.14029   2.744 0.0000E+00  0.000   2.74
 A23        3.0134 0.08547   1.270 0.0000E+00  0.000   1.27
 A464       3.0182 0.09494   0.827 0.0000E+00  0.000   0.83
 A235       3.0194 0.06135   8.616 0.0000E+00  0.000   8.62
 A282       3.0249 0.12205   0.166 0.0000E+00  0.000   0.17
 A640       3.0295 0.06556   4.497 0.0000E+00  0.000   4.50
 A527       3.0311 0.10561   3.048 0.0000E+00  0.000   3.05
 A883       3.0357 0.09326   6.536 0.0000E+00  0.000   6.54
 A897       3.0410 0.07202   9.537 0.0000E+00  0.000   9.54
 A240       3.0411 0.05085   5.128 0.0000E+00  0.000   5.13
 A590       3.0419 0.21154   3.946 0.0000E+00  0.000   3.95
 A1         3.0453 0.10757   2.606 0.0000E+00  0.000   2.61
 A385       3.0513 0.11189   1.471 0.0000E+00  0.000   1.47
 A646       3.0550 0.11621   2.553 0.0000E+00  0.000   2.55
 A712       3.0573 0.11603   5.068 0.0000E+00  0.000   5.07
 A804       3.0579 0.11566   3.421 0.0000E+00  0.000   3.42
 A397       3.0626 0.05660   1.129 0.0000E+00  0.000   1.13
 A539       3.0686 0.16208   3.118 0.0000E+00  0.000   3.12
 A550       3.0697 0.05643   7.669 0.0000E+00  0.000   7.67
 A54        3.0703 0.07605   0.715 0.0000E+00  0.000   0.72
 A76        3.0746 0.07362   5.810 0.0000E+00  0.000   5.81
 A416       3.0753 0.06080   4.971 0.0000E+00  0.000   4.97
 A722       3.0791 0.18149  10.301 0.0000E+00  0.000  10.30
 A252       3.0797 0.02029   0.188 0.0000E+00  0.000   0.19
 A692       3.0806 0.09815   6.496 0.0000E+00  0.000   6.50
 A123       3.0809 0.14089   3.718 0.0000E+00  0.000   3.72
 A248       3.0829 0.11048   6.506 0.0000E+00  0.000   6.51
 A420       3.0887 0.16709   1.419 0.0000E+00  0.000   1.42
 A566       3.0910 0.02107   9.593 0.0000E+00  0.000   9.59
 A689       3.0945 0.06861   3.760 0.0000E+00  0.000   3.76
 A391       3.1034 0.23401   3.467 0.0000E+00  0.000   3.47
 A106       3.1062 0.06137   6.246 0.0000E+00  0.000   6.25
 A893       3.1077 0.09723   5.223 0.0000E+00  0.000   5.22
 A996       3.1111 0.17463   4.537 0.0000E+00  0.000   4.54
 A456       3.1133 0.09977   3.639 0.0000E+00  0.000   3.64
 A218       3.1175 0.04275   6.869 0.0000E+00  0.000   6.87
 A68        3.1178 0.10618   8.455 0.0000E+00  0.000   8.45
 A71        3.1179 0.08539   4.123 0.0000E+00  0.000   4.12
 A247       3.1253 0.09599   1.483 0.0000E+00  0.000   1.48
 A250       3.1260 0.11888   1.700 0.0000E+00  0.000   1.70
 A16        3.1274 0.16467   4.692 0.0000E+00  0.000   4.69
 A194       3.1301 0.11950   8.772 0.0000E+00  0.000   8.77
 A78        3.1310 0.14658   9.619 0.0000E+00  0.000   9.62
 A335       3.1311 0.11200   9.096 0.0000E+00  0.000   9.10
 A653       3.1325 0.05949   8.444 0.0000E+00  0.000   8.44
 A133       3.1349 0.02503   8.511 0.0000E+00  0.000   8.51
 A244       3.1442 0.02527   7.108 0.0000E+00  0.000   7.11
 A674       3.1479 0.04869   7.194 0.0000E+00  0.000   7.19
 A589       3.1503 0.06327   7.906 0.0000E+00  0.000   7.91
 A279       3.1552 0.13281   9.346 0.0000E+00  0.000   9.35
 A103       3.1554 0.14069   3.372 0.0000E+00  0.000   3.37
 A766       3.1660 0.09704   7.607 0.0000E+00  0.000   7.61
 A546       3.1702 0.14722   5.992 0.0000E+00  0.000   5.99
 A877       3.1710 0.17642   8.132 0.0000E+00  0.000   8.13
 A592       3.1728 0.02719   3.091 0.0000E+00  0.000   3.09
 A305       3.1728 0.04260   8.157 0.0000E+00  0.000   8.16
 A401       3.1734 0.10731   5.493 0.0000E+00  0.000   5.49
 A819       3.1742 0.13600   0.344 0.0000E+00  0.000   0.34
 A959       3.1766 0.08262   2.003 0.0000E+00  0.000   2.00
 A711       3.1771 0.10714   6.522 0.0000E+00  0.000   6.52
 A949       3.1794 0.03821   4.543 0.0000E+00  0.000   4.54
 A657       3.1872 0.15829   2.929 0.0000E+00  0.000   2.93
 A480       3.1892 0.07093   5.845 0.0000E+00  0.000   5.85
 A898       3.1909 0.03358   3.425 0.0000E+00  0.000   3.42
 A716       3.1918 0.18194   6.044 0.0000E+00  0.000   6.04
 A73        3.1943 0.35820   0.283 0.0000E+00  0.000   0.28
 A834       3.1962 0.06356   0.374 0.0000E+00  0.000   0.37
 A195       3.1972 0.02194   9.235 0.0000E+00  0.000   9.24
 A81        3.1972 0.34364  17.735 0.0000E+00  0.000  17.73
 A40        3.1975 0.06313   8.494 0.0000E+00  0.000   8.49
 A700       3.2087 0.15758   2.190 0.0000E+00  0.000   2.19
 A326       3.2094 0.05363   0.219 0.0000E+00  0.000   0.22
 A60        3.2113 0.09478   7.087 0.0000E+00  0.000   7.09
 A910       3.2129 0.17464   5.528 0.0000E+00  0.000   5.53
 A707       3.2151 0.04912   0.909 0.0000E+00  0.000   0.91
 A164       3.2154 0.23746  10.722 0.0000E+00  0.000  10.72
 A832       3.2171 0.10599   8.307 0.0000E+00  0.000   8.31
 A563       3.2190 0.05419   1.638 0.0000E+00  0.000   1.64
 A572       3.2217 0.16661   2.178 0.0000E+00  0.000   2.18
 A298       3.2240 0.14472   4.254 0.0000E+00  0.000   4.25
 A825       3.2250 0.09979   9.815 0.0000E+00  0.000   9.82
 A238       3.2311 0.17083  29.552 0.0000E+00  0.000  29.55
 A635       3.2320 0.18987  14.802 0.0000E+00  0.000  14.80
 A626       3.2331 0.02211   5.723 0.0000E+00  0.000   5.72
 A350       3.2333 0.07745   2.085 0.0000E+00  0.000   2.09
 A930       3.2342 0.07222   5.990 0.0000E+00  0.000   5.99
 A743       3.2357 0.18023  33.101 0.0000E+00  0.000  33.10
 A954       3.2362 0.19859   0.114 0.0000E+00  0.000   0.11
 A404       3.2400 0.51157  21.785 0.0000E+00  0.000  21.78
 A192       3.2407 0.40884   1.148 0.0000E+00  0.000   1.15
 A261       3.2412 0.19525   2.359 0.0000E+00  0.000   2.36
 A551       3.2451 0.07891   8.573 0.0000E+00  0.000   8.57
 A490       3.2469 0.10545   9.872 0.0000E+00  0.000   9.87
 A676       3.2505 0.03867   1.734 0.0000E+00  0.000   1.73
 A518       3.2554 0.10761  10.443 0.0000E+00  0.000  10.44
 A983       3.2583 0.05063  11.005 0.0000E+00  0.000  11.01
 A606       3.2613 0.02184  12.546 0.0000E+00  0.000  12.55
 A91        3.2651 0.08395   9.263 0.0000E+00  0.000   9.26
 A644       3.2672 0.04300   0.671 0.0000E+00  0.000   0.67
 A948       3.2714 0.16060  13.577 0.0000E+00  0.000  13.58
 A985       3.2749 0.15054   4.415 0.0000E+00  0.000   4.41
 A775       3.2773 0.08810  12.829 0.0000E+00  0.000  12.83
 A779       3.2866 0.17714   6.721 0.0000E+00  0.000   6.72
 A151       3.3101 0.04078  18.951 0.0000E+00  0.000  18.95
 A808       3.3113 0.03707   0.414 0.0000E+00  0.000   0.41
 A937       3.3135 0.14548   3.595 0.0000E+00  0.000   3.59
 A680       3.3194 0.15396   5.340 0.0000E+00  0.000   5.34
 A327       3.3229 0.03754   6.733 0.0000E+00  0.000   6.73
 A70        3.3252 0.02912   6.364 0.0000E+00  0.000   6.36
 A363       3.3259 0.11741   4.002 0.0000E+00  0.000   4.00
 A357       3.3267 0.14845   8.468 0.0000E+00  0.000   8.47
 A271       3.3394 0.09967   9.616 0.0000E+00  0.000   9.62
 A643       3.3412 0.01033   6.073 0.0000E+00  0.000   6.07
 A759       3.3431 0.08874   3.928 0.0000E+00  0.000   3.93
 A684       3.3464 0.04575   1.361 0.0000E+00  0.000   1.36
 A209       3.3494 0.08198   3.122 0.0000E+00  0.000   3.12
 A929       3.3502 0.09318   3.430 0.0000E+00  0.000   3.43
 A231       3.3505 0.15379   9.933 0.0000E+00  0.000   9.93
 A370       3.3535 0.26255   4.374 0.0000E+00  0.000   4.37
 A520       3.3557 0.07730   7.233 0.0000E+00  0.000   7.23
 A376       3.3636 0.08464   1.067 0.0000E+00  0.000   1.07
 A621       3.3637 0.15357   1.644 0.0000E+00  0.000   1.64
 A997       3.3675 0.13098   9.012 0.0000E+00  0.000   9.01
 A598       3.3712 0.08641   6.029 0.0000E+00  0.000   6.03
 A137       3.3748 0.08077   6.712 0.0000E+00  0.000   6.71
 A616       3.3761 0.03333   1.075 0.0000E+00  0.000   1.07
 A66        3.3764 0.14640   5.274 0.0000E+00  0.000   5.27
 A781       3.3816 0.17140   7.417 0.0000E+00  0.000   7.42
 A262       3.3836 0.16810   3.054 0.0000E+00  0.000   3.05
 A131       3.3846 0.24591   3.544 0.0000E+00  0.000   3.54
 A805       3.3846 0.19520   7.377 0.0000E+00  0.000   7.38
 A524       3.3847 0.09743   2.114 0.0000E+00  0.000   2.11
 A128       3.3882 0.02934   4.302 0.0000E+00  0.000   4.30
 A542       3.3905 0.05425   5.419 0.0000E+00  0.000   5.42
 A53        3.3915 0.06453   2.563 0.0000E+00  0.000   2.56
 A597       3.3952 0.10148   2.669 0.0000E+00  0.000   2.67
 A160       3.3986 0.10422   4.315 0.0000E+00  0.000   4.32
 A914       3.4003 0.09725   8.324 0.0000E+00  0.000   8.32
 A946       3.4073 0.18612   9.411 0.0000E+00  0.000   9.41
 A569       3.4153 0.04992   8.691 0.0000E+00  0.000   8.69
 A697       3.4158 0.08430   6.640 0.0000E+00  0.000   6.64
 A874       3.4168 0.18988   4.430 0.0000E+00  0.000   4.43
 A741       3.4179 0.14030   8.629 0.0000E+00  0.000   8.63
 A573       3.4207 0.17190   1.410 0.0000E+00  0.000   1.41
 A458       3.4211 0.05596   3.246 0.0000E+00  0.000   3.25
 A568       3.4219 0.11415   1.568 0.0000E+00  0.000   1.57
 A813       3.4227 0.12088   8.344 0.0000E+00  0.000   8.34
 A154       3.4239 0.03358   3.310 0.0000E+00  0.000   3.31
 A57        3.4242 0.13095   5.563 0.0000E+00  0.000   5.56
 A778       3.4295 0.10534   5.879 0.0000E+00  0.000   5.88
 A460       3.4311 0.06816   0.545 0.0000E+00  0.000   0.55
 A708       3.4384 0.08132   5.360 0.0000E+00  0.000   5.36
 A322       3.4406 0.14012   6.864 0.0000E+00  0.000   6.86
 A27        3.4420 0.08765   8.463 0.0000E+00  0.000   8.46
 A166       3.4429 0.11302   0.595 0.0000E+00  0.000   0.60
 A663       3.4529 0.24888   6.537 0.0000E+00  0.000   6.54
 A558       3.4562 0.06728   2.383 0.0000E+00  0.000   2.38
 A523       3.4587 0.14907   1.470 0.0000E+00  0.000   1.47
 A502       3.4596 0.17125   3.530 0.0000E+00  0.000   3.53
 A463       3.4659 0.10778   6.734 0.0000E+00  0.000   6.73
 A873       3.4717 0.04691   4.208 0.0000E+00  0.000   4.21
 A75        3.4747 0.14307   8.962 0.0000E+00  0.000   8.96
 A970       3.4773 0.12708   2.121 0.0000E+00  0.000   2.12
 A623       3.4811 0.16027   5.549 0.0000E+00  0.000   5.55
 A981       3.4825 0.09579   7.631 0.0000E+00  0.000   7.63
 A645       3.4853 0.15214   8.803 0.0000E+00  0.000   8.80
 A452       3.4873 0.09601   4.371 0.0000E+00  0.000   4.37
 A923       3.4879 0.22408   3.134 0.0000E+00  0.000   3.13
 A110       3.4921 0.06201   0.200 0.0000E+00  0.000   0.20
 A789       3.4933 0.11520   3.052 0.0000E+00  0.000   3.05
 A260       3.4937 0.08121   0.066 0.0000E+00  0.000   0.07
 A295       3.4985 0.19950   4.093 0.0000E+00  0.000   4.09
 A415       3.5008 0.14602   5.055 0.0000E+00  0.000   5.06
 A945       3.5264 0.10272   5.476 0.0000E+00  0.000   5.48
 A245       3.5378 0.10618   5.865 0.0000E+00  0.000   5.87
 A274       3.5397 0.19010   1.239 0.0000E+00  0.000   1.24
 A882       3.5419 0.14439   5.242 0.0000E+00  0.000   5.24
 A906       3.5457 0.07028   4.336 0.0000E+00  0.000   4.34
 A433       3.5487 0.12462   0.611 0.0000E+00  0.000   0.61
 A108       3.5489 0.08046   7.030 0.0000E+00  0.000   7.03
 A829       3.5521 0.04390   4.191 0.0000E+00  0.000   4.19
 A987       3.5553 0.19844   8.853 0.0000E+00  0.000   8.85
 A999       3.5584 0.18735   2.744 0.0000E+00  0.000   2.74
 A453       3.5625 0.09253   4.960 0.0000E+00  0.000   4.96
 A531       3.5677 0.11984   0.654 0.0000E+00  0.000   0.65
 A920       3.5885 0.11633   1.645 0.0000E+00  0.000   1.64
 A105       3.5891 0.08506   3.876 0.0000E+00  0.000   3.88
 A220       3.5950 0.16843   2.113 0.0000E+00  0.000   2.11
 A561       3.6098 0.16688   7.854 0.0000E+00  0.000   7.85
 A219       3.6152 0.09379   6.490 0.0000E+00  0.000   6.49
 A500       3.6173 0.18556   7.719 0.0000E+00  0.000   7.72
 A580       3.6236 0.19768   1.785 0.0000E+00  0.000   1.79
 A417       3.6237 0.08083   9.398 0.0000E+00  0.000   9.40
 A894       3.6288 0.11669   9.015 0.0000E+00  0.000   9.01
 A932       3.6345 0.02197   3.179 0.0000E+00  0.000   3.18
 A434       3.6364 0.00242   3.677 0.0000E+00  0.000   3.68
 A46        3.6397 0.04089   8.617 0.0000E+00  0.000   8.62
 A52        3.6397 0.07786   4.169 0.0000E+00  0.000   4.17
 A124       3.6436 0.10098   1.916 0.0000E+00  0.000   1.92
 A402       3.6462 0.15379   2.622 0.0000E+00  0.000   2.62
 A927       3.6477 0.08455   1.029 0.0000E+00  0.000   1.03
 A435       3.6514 0.16928   4.698 0.0000E+00  0.000   4.70
 A955       3.6538 0.11498   3.492 0.0000E+00  0.000   3.49
 A291       3.6659 0.04735   7.992 0.0000E+00  0.000   7.99
 A148       3.6959 0.32759   0.446 0.0000E+00  0.000   0.45
 A383       3.7539 0.06548   0.416 0.0000E+00  0.000   0.42
 A587       3.7635 0.22016   5.610 0.0000E+00  0.000   5.61
 A183       3.7696 0.16396   3.974 0.0000E+00  0.000   3.97
 A622       3.7697 0.12616   1.798 0.0000E+00  0.000   1.80
 A579       3.7780 0.11560   0.344 0.0000E+00  0.000   0.34
 A275       3.7888 0.11872   5.594 0.0000E+00  0.000   5.59
 A242       3.7956 0.08010   9.488 0.0000E+00  0.000   9.49
 A446       3.7965 0.08478   8.704 0.0000E+00  0.000   8.70
 A647       3.8408 0.09130   5.036 0.0000E+00  0.000   5.04
 A904       3.8557 0.15640   0.298 0.0000E+00  0.000   0.30
 A863       3.8585 0.13239   0.060 0.0000E+00  0.000   0.06
 A723       3.8617 0.20099   1.370 0.0000E+00  0.000   1.37
 A200       3.8740 0.04806   1.603 0.0000E+00  0.000   1.60
 A761       3.9095 0.13202   1.515 0.0000E+00  0.000   1.51
 A125       3.9160 0.07823   4.516 0.0000E+00  0.000   4.52
 A614       3.9306 0.20432   2.721 0.0000E+00  0.000   2.72
 A198       3.9314 0.34594   1.563 0.0000E+00  0.000   1.56
 A913       3.9409 0.34205   1.092 0.0000E+00  0.000   1.09
 A392       3.9414 0.08683   5.860 0.0000E+00  0.000   5.86
 A810       3.9637 0.06024   6.105 0.0000E+00  0.000   6.10
 A30        3.9664 0.05150   3.111 0.0000E+00  0.000   3.11
 A212       3.9696 0.27279   7.743 0.0000E+00  0.000   7.74
 A719       3.9711 0.20857   4.201 0.0000E+00  0.000   4.20
 A5         3.9945 0.08571   8.270 0.0000E+00  0.000   8.27
 A570       3.9987 0.10653   8.588 0.0000E+00  0.000   8.59
 A783       4.0041 0.26224   8.466 0.0000E+00  0.000   8.47
 A479       4.0167 0.12347   1.998 0.0000E+00  0.000   2.00
 JUPITER    5.2030 0.09997   0.000 9.5479E-04  0.000   0.00
 A318       8.0819 0.31665   4.104 0.0000E+00  0.000   4.10
 A155      10.0846 0.49620   7.978 0.0000E+00  0.000   7.98
