 EARTHMOO   1.0000 0.02938   0.000 9.1213E-06  0.000   0.00
 A430       1.5000 0.01129   1.714 0.0000E+00  0.000   1.71
 A900       1.5009 0.12296   3.099 0.0000E+00  0.000   3.10
 A591       1.5051 0.02620   7.242 0.0000E+00  0.000   7.24
 A534       1.5119 0.05775   8.432 0.0000E+00  0.000   8.43
 A288       1.5167 0.04386   1.875 0.0000E+00  0.000   1.87
 A926       1.5203 0.09073   4.894 0.0000E+00  0.000   4.89
 A79        1.5214 0.05795   9.513 0.0000E+00  0.000   9.51
 A83        1.5226 0.09273   5.454 0.0000E+00  0.000   5.45
 A487       1.5244 0.04776   2.622 0.0000E+00  0.000   2.62
 A729       1.5279 0.03530   5.942 0.0000E+00  0.000   5.94
 A51        1.5322 0.02591   6.481 0.0000E+00  0.000   6.48
 A277       1.5341 0.06728   7.514 0.0000E+00  0.000   7.51
 A950       1.5454 0.06360   1.665 0.0000E+00  0.000   1.67
 A41        1.5455 0.05188   1.508 0.0000E+00  0.000   1.51
 A771       1.5459 0.13408   5.462 0.0000E+00  0.000   5.46
 A816       1.5484 0.07970   1.945 0.0000E+00  0.000   1.95
 A44        1.5504 0.05288   7.231 0.0000E+00  0.000   7.23
 A421       1.5530 0.04280   1.439 0.0000E+00  0.000   1.44
 A498       1.5537 0.02786   1.575 0.0000E+00  0.000   1.57
 A687       1.5542 0.07410   7.593 0.0000E+00  0.000   7.59
 A532       1.5577 0.05637   9.735 0.0000E+00  0.000   9.74
 A395       1.5586 0.08339   2.583 0.0000E+00  0.000   2.58
 A178       1.5622 0.01248   1.743 0.0000E+00  0.000   1.74
 A536       1.5626 0.05537   0.800 0.0000E+00  0.000   0.80
 A973       1.5675 0.10072   9.528 0.0000E+00  0.000   9.53
 A862       1.5721 0.01552   2.666 0.0000E+00  0.000   2.67
 A901       1.5744 0.01254   5.380 0.0000E+00  0.000   5.38
 A485       1.5753 0.11379   4.230 0.0000E+00  0.000   4.23
 A406       1.5766 0.06943   4.937 0.0000E+00  0.000   4.94
 A978       1.5771 0.03159   7.056 0.0000E+00  0.000   7.06
 A857       1.5785 0.09781   0.047 0.0000E+00  0.000   0.05
 A290       1.5804 0.05077   9.556 0.0000E+00  0.000   9.56
 A85        1.5845 0.04697   5.333 0.0000E+00  0.000   5.33
 A516       1.5899 0.09712   8.827 0.0000E+00  0.000   8.83
 A541       1.5909 0.02611   6.494 0.0000E+00  0.000   6.49
 A504       1.5909 0.43946   6.323 0.0000E+00  0.000   6.32
 A673       1.5914 0.02101   7.556 0.0000E+00  0.000   7.56
 A510       1.5933 0.03880   7.474 0.0000E+00  0.000   7.47
 A225       1.5948 0.01401   6.943 0.0000E+00  0.000   6.94
 A625       1.6002 0.05444   0.316 0.0000E+00  0.000   0.32
 A634       1.6028 0.04501   8.720 0.0000E+00  0.000   8.72
 A142       1.6054 0.04655   6.547 0.0000E+00  0.000   6.55
 A47        1.6055 0.05154   5.616 0.0000E+00  0.000   5.62
 A903       1.6107 0.05634   3.626 0.0000E+00  0.000   3.63
 A116       1.6123 0.07619   4.406 0.0000E+00  0.000   4.41
 A792       1.6197 0.06540   8.970 0.0000E+00  0.000   8.97
 A497       1.6218 0.11539   8.135 0.0000E+00  0.000   8.13
 A746       1.6288 0.05793   4.237 0.0000E+00  0.000   4.24
 A405       1.6292 0.07193   8.268 0.0000E+00  0.000   8.27
 A34        1.6347 0.06301   8.253 0.0000E+00  0.000   8.25
 A427       1.6364 0.07821   5.314 0.0000E+00  0.000   5.31
 A341       1.6367 0.08816   9.615 0.0000E+00  0.000   9.62
 A95        1.6378 0.14299   5.450 0.0000E+00  0.000   5.45
 A841       1.6397 0.11593   7.805 0.0000E+00  0.000   7.80
 A602       1.6420 0.05098   5.250 0.0000E+00  0.000   5.25
 A380       1.6438 0.04748   2.299 0.0000E+00  0.000   2.30
 A517       1.6445 0.08014   7.796 0.0000E+00  0.000   7.80
 A14        1.6448 0.04115   0.435 0.0000E+00  0.000   0.44
 A297       1.6477 0.06534   5.077 0.0000E+00  0.000   5.08
 A751       1.6507 0.06336   9.182 0.0000E+00  0.000   9.18
 A556       1.6511 0.08119   5.093 0.0000E+00  0.000   5.09
 A447       1.6514 0.02817   9.500 0.0000E+00  0.000   9.50
 A62        1.6527 0.05935   7.299 0.0000E+00  0.000   7.30
 A315       1.6529 0.09330   6.524 0.0000E+00  0.000   6.52
 A880       1.6554 0.06317   7.528 0.0000E+00  0.000   7.53
 A362       1.6573 0.05862   7.027 0.0000E+00  0.000   7.03
 A878       1.6581 0.04272   8.641 0.0000E+00  0.000   8.64
 A639       1.6582 0.05297   3.997 0.0000E+00  0.000   4.00
 A84        1.6596 0.04398   2.438 0.0000E+00  0.000   2.44
 A351       1.6602 0.07323   5.715 0.0000E+00  0.000   5.71
 A703       1.6604 0.03841   2.070 0.0000E+00  0.000   2.07
 A615       1.6625 0.06551   3.740 0.0000E+00  0.000   3.74
 A145       1.6706 0.02511   5.966 0.0000E+00  0.000   5.97
 A852       1.6735 0.03593   4.026 0.0000E+00  0.000   4.03
 A343       1.6798 0.06128   9.939 0.0000E+00  0.000   9.94
 A488       1.6820 0.11825   6.997 0.0000E+00  0.000   7.00
 A399       1.6835 0.07903   1.417 0.0000E+00  0.000   1.42
 A216       1.6849 0.06292   3.882 0.0000E+00  0.000   3.88
 A189       1.6886 0.01762   9.714 0.0000E+00  0.000   9.71
 A618       1.6919 0.03052   4.289 0.0000E+00  0.000   4.29
 A306       1.6942 0.06722   3.395 0.0000E+00  0.000   3.40
 A721       1.6963 0.03939   9.968 0.0000E+00  0.000   9.97
 A636       1.6980 0.01462   5.313 0.0000E+00  0.000   5.31
 A731       1.7063 0.08308   5.054 0.0000E+00  0.000   5.05
 A448       1.7121 0.08171   1.575 0.0000E+00  0.000   1.57
 A358       1.7124 0.02809   4.195 0.0000E+00  0.000   4.19
 A554       1.7186 0.06665   9.243 0.0000E+00  0.000   9.24
 A17        1.7214 0.04725   9.790 0.0000E+00  0.000   9.79
 A283       1.7248 0.07796   8.823 0.0000E+00  0.000   8.82
 A18        1.7250 0.02999   1.526 0.0000E+00  0.000   1.53
 A980       1.7268 0.03813   2.277 0.0000E+00  0.000   2.28
 A515       1.7272 0.00521   4.447 0.0000E+00  0.000   4.45
 A944       1.7310 0.02289   0.668 0.0000E+00  0.000   0.67
 A866       1.7366 0.02464   6.084 0.0000E+00  0.000   6.08
 A603       1.7412 0.06441   8.555 0.0000E+00  0.000   8.55
 A581       1.7438 0.14268   5.466 0.0000E+00  0.000   5.47
 A671       1.7442 0.08280   0.273 0.0000E+00  0.000   0.27
 A119       1.7454 0.02097   6.513 0.0000E+00  0.000   6.51
 A961       1.7472 0.08127   1.672 0.0000E+00  0.000   1.67
 A575       1.7476 0.07901   2.529 0.0000E+00  0.000   2.53
 A969       1.7496 0.07492   1.244 0.0000E+00  0.000   1.24
 A738       1.7514 0.02415   4.662 0.0000E+00  0.000   4.66
 A668       1.7536 0.03104   9.454 0.0000E+00  0.000   9.45
 A289       1.7606 0.09885   7.541 0.0000E+00  0.000   7.54
 A559       1.7618 0.01846   3.019 0.0000E+00  0.000   3.02
 A732       1.7640 0.02541   6.018 0.0000E+00  0.000   6.02
 A798       1.7642 0.02437   3.734 0.0000E+00  0.000   3.73
 A519       1.7665 0.05906   6.381 0.0000E+00  0.000   6.38
 A755       1.7669 0.09620   3.760 0.0000E+00  0.000   3.76
 A38        1.7678 0.07297   1.650 0.0000E+00  0.000   1.65
 A63        1.7688 0.07265   8.427 0.0000E+00  0.000   8.43
 A740       1.7696 0.08713   1.183 0.0000E+00  0.000   1.18
 A835       1.7697 0.07601   4.825 0.0000E+00  0.000   4.82
 A560       1.7724 0.05214   5.540 0.0000E+00  0.000   5.54
 A140       1.7770 0.11953   4.237 0.0000E+00  0.000   4.24
 A150       1.7832 0.12513   4.158 0.0000E+00  0.000   4.16
 A188       1.7857 0.08116   3.170 0.0000E+00  0.000   3.17
 A381       1.7935 0.06967   4.601 0.0000E+00  0.000   4.60
 A412       1.7985 0.12121   2.581 0.0000E+00  0.000   2.58
 A396       1.8004 0.05917   4.571 0.0000E+00  0.000   4.57
 A24        1.8017 0.12087   5.201 0.0000E+00  0.000   5.20
 A505       1.8020 0.03618   1.887 0.0000E+00  0.000   1.89
 A962       1.8036 0.08771   0.886 0.0000E+00  0.000   0.89
 A130       1.8036 0.01061   4.282 0.0000E+00  0.000   4.28
 A511       1.8041 0.09307   1.974 0.0000E+00  0.000   1.97
 A348       1.8049 0.04188   7.746 0.0000E+00  0.000   7.75
 A470       1.8051 0.01017   6.742 0.0000E+00  0.000   6.74
 A627       1.8055 0.02504   8.523 0.0000E+00  0.000   8.52
 A482       1.8148 0.04378   7.801 0.0000E+00  0.000   7.80
 A121       1.8168 0.08752   4.535 0.0000E+00  0.000   4.54
 A201       1.8180 0.05013   9.900 0.0000E+00  0.000   9.90
 A585       1.8185 0.04201   2.065 0.0000E+00  0.000   2.06
 A122       1.8198 0.14905   8.273 0.0000E+00  0.000   8.27
 A724       1.8202 0.06036   0.961 0.0000E+00  0.000   0.96
 A899       1.8205 0.05978   0.832 0.0000E+00  0.000   0.83
 A136       1.8209 0.04382   3.849 0.0000E+00  0.000   3.85
 A58        1.8214 0.12308   6.060 0.0000E+00  0.000   6.06
 A299       1.8223 0.08013   1.312 0.0000E+00  0.000   1.31
 A7         1.8232 0.04076   5.111 0.0000E+00  0.000   5.11
 A301       1.8260 0.06781   2.354 0.0000E+00  0.000   2.35
 A512       1.8264 0.08363   9.934 0.0000E+00  0.000   9.93
 A99        1.8274 0.11082   6.616 0.0000E+00  0.000   6.62
 A74        1.8280 0.09194   5.028 0.0000E+00  0.000   5.03
 A807       1.8302 0.04892   1.778 0.0000E+00  0.000   1.78
 A702       1.8309 0.10827   5.095 0.0000E+00  0.000   5.10
 A207       1.8310 0.03723   9.098 0.0000E+00  0.000   9.10
 A205       1.8351 0.07148   7.267 0.0000E+00  0.000   7.27
 A725       1.8364 0.06327   8.511 0.0000E+00  0.000   8.51
 A324       1.8369 0.15152   9.330 0.0000E+00  0.000   9.33
 A827       1.8373 0.04453   7.638 0.0000E+00  0.000   7.64
 A161       1.8379 0.03553   8.029 0.0000E+00  0.000   8.03
 A29        1.8409 0.03441   4.655 0.0000E+00  0.000   4.65
 A780       1.8422 0.11389   8.780 0.0000E+00  0.000   8.78
 A281       1.8437 0.15611   1.693 0.0000E+00  0.000   1.69
 A268       1.8442 0.04072   5.254 0.0000E+00  0.000   5.25
 A567       1.8529 0.15788   5.836 0.0000E+00  0.000   5.84
 A765       1.8548 0.03551   4.720 0.0000E+00  0.000   4.72
 A728       1.8558 0.11865   2.050 0.0000E+00  0.000   2.05
 A855       1.8562 0.11414   3.381 0.0000E+00  0.000   3.38
 A768       1.8589 0.08936   2.827 0.0000E+00  0.000   2.83
 A477       1.8600 0.02058   4.631 0.0000E+00  0.000   4.63
 A132       1.8615 0.09366   7.423 0.0000E+00  0.000   7.42
 A181       1.8620 0.04165   1.829 0.0000E+00  0.000   1.83
 A270       1.8635 0.08997   6.628 0.0000E+00  0.000   6.63
 A407       1.8635 0.08399   6.187 0.0000E+00  0.000   6.19
 A344       1.8680 0.02413   8.863 0.0000E+00  0.000   8.86
 A50        1.8699 0.07397   3.864 0.0000E+00  0.000   3.86
 A864       1.8720 0.03651   9.203 0.0000E+00  0.000   9.20
 A126       1.8728 0.02931   7.584 0.0000E+00  0.000   7.58
 A346       1.8776 0.01070   8.852 0.0000E+00  0.000   8.85
 A263       1.8780 0.05929   4.910 0.0000E+00  0.000   4.91
 A628       1.8789 0.04902   0.055 0.0000E+00  0.000   0.06
 A992       1.8798 0.06500   2.637 0.0000E+00  0.000   2.64
 A246       1.8807 0.17412   4.154 0.0000E+00  0.000   4.15
 A33        1.8817 0.03040   3.374 0.0000E+00  0.000   3.37
 A935       1.8841 0.04792   6.444 0.0000E+00  0.000   6.44
 A846       1.8844 0.05895   0.480 0.0000E+00  0.000   0.48
 A665       1.8928 0.08264   7.005 0.0000E+00  0.000   7.00
 A583       1.8960 0.01657   8.127 0.0000E+00  0.000   8.13
 A413       1.8964 0.05055   7.439 0.0000E+00  0.000   7.44
 A428       1.8975 0.13166   1.468 0.0000E+00  0.000   1.47
 A255       1.8977 0.10215   2.799 0.0000E+00  0.000   2.80
 A889       1.9051 0.10283   1.495 0.0000E+00  0.000   1.50
 A611       1.9083 0.16078   7.671 0.0000E+00  0.000   7.67
 A86        1.9083 0.11916   2.136 0.0000E+00  0.000   2.14
 A495       1.9090 0.08755   7.159 0.0000E+00  0.000   7.16
 A994       1.9258 0.04596   5.759 0.0000E+00  0.000   5.76
 A843       1.9260 0.03508   1.565 0.0000E+00  0.000   1.57
 A769       1.9268 0.06789   0.270 0.0000E+00  0.000   0.27
 A995       1.9284 0.03756   8.462 0.0000E+00  0.000   8.46
 A98        1.9301 0.02534   1.154 0.0000E+00  0.000   1.15
 A144       1.9322 0.08204   0.375 0.0000E+00  0.000   0.37
 A187       1.9322 0.11296   9.264 0.0000E+00  0.000   9.26
 A801       1.9328 0.07245   1.220 0.0000E+00  0.000   1.22
 A311       1.9369 0.03297   8.541 0.0000E+00  0.000   8.54
 A223       1.9373 0.02541   3.518 0.0000E+00  0.000   3.52
 A371       1.9384 0.04108   7.857 0.0000E+00  0.000   7.86
 A617       1.9460 0.07993   2.329 0.0000E+00  0.000   2.33
 A356       1.9467 0.03029   2.678 0.0000E+00  0.000   2.68
 A675       1.9484 0.03951   7.543 0.0000E+00  0.000   7.54
 A438       1.9486 0.14299   1.980 0.0000E+00  0.000   1.98
 A526       1.9520 0.06902   8.863 0.0000E+00  0.000   8.86
 A632       1.9548 0.05465   1.234 0.0000E+00  0.000   1.23
 A942       1.9567 0.07356   8.646 0.0000E+00  0.000   8.65
 A547       1.9638 0.05078   8.053 0.0000E+00  0.000   8.05
 A202       1.9648 0.08976   3.912 0.0000E+00  0.000   3.91
 A82        1.9661 0.11235   2.026 0.0000E+00  0.000   2.03
 A939       1.9681 0.06359   9.746 0.0000E+00  0.000   9.75
 A868       1.9687 0.03668   4.376 0.0000E+00  0.000   4.38
 A111       1.9713 0.08285   2.261 0.0000E+00  0.000   2.26
 A742       1.9730 0.08034   5.045 0.0000E+00  0.000   5.04
 A457       1.9768 0.11863   4.844 0.0000E+00  0.000   4.84
 A254       1.9784 0.08107   3.223 0.0000E+00  0.000   3.22
 A777       1.9808 0.11797   3.047 0.0000E+00  0.000   3.05
 A342       1.9813 0.06018   7.854 0.0000E+00  0.000   7.85
 A565       1.9832 0.04706   6.515 0.0000E+00  0.000   6.52
 A704       1.9932 0.08518   1.377 0.0000E+00  0.000   1.38
 A481       2.0001 0.02966   6.995 0.0000E+00  0.000   6.99
 A933       2.0001 0.08314   2.256 0.0000E+00  0.000   2.26
 A332       2.0016 0.01684   7.752 0.0000E+00  0.000   7.75
 A493       2.0036 0.08132   0.739 0.0000E+00  0.000   0.74
 A506       2.0048 0.10732   0.191 0.0000E+00  0.000   0.19
 A773       2.0068 0.06733   7.199 0.0000E+00  0.000   7.20
 A960       2.0083 0.01460   0.887 0.0000E+00  0.000   0.89
 A503       2.0109 0.08951   3.662 0.0000E+00  0.000   3.66
 A514       2.0111 0.10313   2.010 0.0000E+00  0.000   2.01
 A658       2.0188 0.12002   5.435 0.0000E+00  0.000   5.43
 A786       2.0251 0.08305   4.930 0.0000E+00  0.000   4.93
 A608       2.0255 0.13332   6.243 0.0000E+00  0.000   6.24
 A241       2.0263 0.06091   2.027 0.0000E+00  0.000   2.03
 A221       2.0272 0.07600   3.773 0.0000E+00  0.000   3.77
 A714       2.0275 0.13618   4.290 0.0000E+00  0.000   4.29
 A840       2.0277 0.04445   3.386 0.0000E+00  0.000   3.39
 A836       2.0309 0.07261   3.114 0.0000E+00  0.000   3.11
 A745       2.0315 0.03617   9.956 0.0000E+00  0.000   9.96
 A576       2.0331 0.06640   7.247 0.0000E+00  0.000   7.25
 A267       2.0383 0.11552   6.980 0.0000E+00  0.000   6.98
 A595       2.0394 0.05979   6.584 0.0000E+00  0.000   6.58
 A631       2.0433 0.01351   0.185 0.0000E+00  0.000   0.19
 A655       2.0441 0.00703   3.380 0.0000E+00  0.000   3.38
 A43        2.0508 0.10672   6.385 0.0000E+00  0.000   6.39
 A107       2.0510 0.07875   3.471 0.0000E+00  0.000   3.47
 A814       2.0512 0.10011   1.334 0.0000E+00  0.000   1.33
 A69        2.0556 0.08823   7.204 0.0000E+00  0.000   7.20
 A803       2.0584 0.06337   4.555 0.0000E+00  0.000   4.56
 A670       2.0682 0.11221   6.484 0.0000E+00  0.000   6.48
 A314       2.0725 0.11320   6.797 0.0000E+00  0.000   6.80
 A820       2.0811 0.11486   0.664 0.0000E+00  0.000   0.66
 A90        2.0877 0.11866   8.255 0.0000E+00  0.000   8.26
 A802       2.0889 0.02003   1.315 0.0000E+00  0.000   1.32
 A378       2.0889 0.07253   6.504 0.0000E+00  0.000   6.50
 A685       2.0890 0.06721   2.343 0.0000E+00  0.000   2.34
 A377       2.0893 0.12801   1.017 0.0000E+00  0.000   1.02
 A871       2.0898 0.10983   5.986 0.0000E+00  0.000   5.99
 A138       2.0900 0.13284   7.812 0.0000E+00  0.000   7.81
 A169       2.0957 0.03670   7.265 0.0000E+00  0.000   7.26
 A736       2.0981 0.05870   0.978 0.0000E+00  0.000   0.98
 A965       2.0996 0.15060   6.370 0.0000E+00  0.000   6.37
 A749       2.1032 0.14235   3.853 0.0000E+00  0.000   3.85
 A96        2.1045 0.01964   8.827 0.0000E+00  0.000   8.83
 A440       2.1080 0.05287   6.841 0.0000E+00  0.000   6.84
 A186       2.1126 0.06203   8.367 0.0000E+00  0.000   8.37
 A25        2.1134 0.05865   6.274 0.0000E+00  0.000   6.27
 A613       2.1209 0.07949   6.087 0.0000E+00  0.000   6.09
 A317       2.1211 0.05438   5.400 0.0000E+00  0.000   5.40
 A117       2.1212 0.05899   0.086 0.0000E+00  0.000   0.09
 A400       2.1224 0.00754   8.979 0.0000E+00  0.000   8.98
 A979       2.1241 0.06612   2.164 0.0000E+00  0.000   2.16
 A273       2.1268 0.02721   0.454 0.0000E+00  0.000   0.45
 A837       2.1272 0.04957   7.182 0.0000E+00  0.000   7.18
 A217       2.1278 0.03960   7.327 0.0000E+00  0.000   7.33
 A686       2.1294 0.06899   6.634 0.0000E+00  0.000   6.63
 A509       2.1320 0.09787   7.528 0.0000E+00  0.000   7.53
 A782       2.1336 0.18754   1.819 0.0000E+00  0.000   1.82
 A824       2.1341 0.01508   9.881 0.0000E+00  0.000   9.88
 A610       2.1356 0.14794   0.167 0.0000E+00  0.000   0.17
 A549       2.1359 0.12689   3.285 0.0000E+00  0.000   3.28
 A667       2.1360 0.03794   5.606 0.0000E+00  0.000   5.61
 A373       2.1393 0.02980   7.313 0.0000E+00  0.000   7.31
 A774       2.1403 0.06415   3.585 0.0000E+00  0.000   3.58
 A553       2.1434 0.15582   1.892 0.0000E+00  0.000   1.89
 A251       2.1448 0.06047   1.227 0.0000E+00  0.000   1.23
 A292       2.1453 0.05694   9.735 0.0000E+00  0.000   9.74
 A12        2.1454 0.02724   6.343 0.0000E+00  0.000   6.34
 A538       2.1523 0.14607   1.298 0.0000E+00  0.000   1.30
 A584       2.1541 0.11905   5.488 0.0000E+00  0.000   5.49
 A325       2.1560 0.09914   0.790 0.0000E+00  0.000   0.79
 A199       2.1594 0.04796   9.681 0.0000E+00  0.000   9.68
 A921       2.1630 0.14801   0.527 0.0000E+00  0.000   0.53
 A429       2.1651 0.16324   0.106 0.0000E+00  0.000   0.11
 A758       2.1683 0.10692   0.343 0.0000E+00  0.000   0.34
 A475       2.1712 0.03688   3.776 0.0000E+00  0.000   3.78
 A55        2.1718 0.13770   7.275 0.0000E+00  0.000   7.27
 A227       2.1721 0.11267   2.125 0.0000E+00  0.000   2.13
 A966       2.1734 0.05650   3.835 0.0000E+00  0.000   3.84
 A656       2.1738 0.06276   3.462 0.0000E+00  0.000   3.46
 A650       2.1750 0.05269   0.384 0.0000E+00  0.000   0.38
 A149       2.1794 0.13301   7.340 0.0000E+00  0.000   7.34
 A191       2.1869 0.11874   3.026 0.0000E+00  0.000   3.03
 A214       2.1899 0.07984   3.681 0.0000E+00  0.000   3.68
 A474       2.1932 0.17089   4.293 0.0000E+00  0.000   4.29
 A750       2.1933 0.04873   5.568 0.0000E+00  0.000   5.57
 A947       2.1963 0.05210   0.902 0.0000E+00  0.000   0.90
 A513       2.1972 0.09718   1.948 0.0000E+00  0.000   1.95
 A308       2.1976 0.10845   0.547 0.0000E+00  0.000   0.55
 A654       2.1977 0.03565   3.489 0.0000E+00  0.000   3.49
 A94        2.2001 0.11031   0.810 0.0000E+00  0.000   0.81
 A379       2.2032 0.11990   2.969 0.0000E+00  0.000   2.97
 A557       2.2051 0.03457   6.124 0.0000E+00  0.000   6.12
 A293       2.2105 0.08694   1.263 0.0000E+00  0.000   1.26
 A45        2.2127 0.07846   2.854 0.0000E+00  0.000   2.85
 A940       2.2178 0.10123   8.028 0.0000E+00  0.000   8.03
 A28        2.2183 0.06525   1.352 0.0000E+00  0.000   1.35
 A908       2.2224 0.07257   6.677 0.0000E+00  0.000   6.68
 A185       2.2245 0.06204   3.383 0.0000E+00  0.000   3.38
 A854       2.2267 0.08246   0.050 0.0000E+00  0.000   0.05
 A72        2.2273 0.08636   2.107 0.0000E+00  0.000   2.11
 A734       2.2296 0.07038   2.587 0.0000E+00  0.000   2.59
 A476       2.2337 0.08966   8.661 0.0000E+00  0.000   8.66
 A990       2.2531 0.07471   5.400 0.0000E+00  0.000   5.40
 A171       2.2550 0.04920   2.352 0.0000E+00  0.000   2.35
 A307       2.2585 0.04735   1.507 0.0000E+00  0.000   1.51
 A384       2.2626 0.05348   9.051 0.0000E+00  0.000   9.05
 A278       2.2647 0.06617   9.053 0.0000E+00  0.000   9.05
 A229       2.2651 0.08174   4.383 0.0000E+00  0.000   4.38
 A681       2.2654 0.12404   6.806 0.0000E+00  0.000   6.81
 A22        2.2655 0.08018   6.602 0.0000E+00  0.000   6.60
 A224       2.2661 0.04357   4.971 0.0000E+00  0.000   4.97
 A710       2.2665 0.02671   1.224 0.0000E+00  0.000   1.22
 A97        2.2726 0.07630   9.816 0.0000E+00  0.000   9.82
 A61        2.2729 0.01836   1.757 0.0000E+00  0.000   1.76
 A310       2.2949 0.06528   6.466 0.0000E+00  0.000   6.47
 A818       2.2962 0.05172   7.667 0.0000E+00  0.000   7.67
 A784       2.2964 0.14968   4.603 0.0000E+00  0.000   4.60
 A147       2.2969 0.10320   1.474 0.0000E+00  0.000   1.47
 A672       2.3014 0.05831   3.752 0.0000E+00  0.000   3.75
 A744       2.3027 0.13198   7.518 0.0000E+00  0.000   7.52
 A890       2.3027 0.03843   0.325 0.0000E+00  0.000   0.32
 A770       2.3057 0.06212   3.530 0.0000E+00  0.000   3.53
 A455       2.3127 0.02648   7.649 0.0000E+00  0.000   7.65
 A796       2.3134 0.05942   1.912 0.0000E+00  0.000   1.91
 A158       2.3155 0.17564   0.381 0.0000E+00  0.000   0.38
 A991       2.3172 0.07147   8.282 0.0000E+00  0.000   8.28
 A35        2.3204 0.15534   7.455 0.0000E+00  0.000   7.45
 A726       2.3211 0.03644   8.924 0.0000E+00  0.000   8.92
 A849       2.3211 0.10767   1.345 0.0000E+00  0.000   1.34
 A272       2.3248 0.01113   7.727 0.0000E+00  0.000   7.73
 A867       2.3267 0.06719   9.606 0.0000E+00  0.000   9.61
 A313       2.3315 0.11365   7.973 0.0000E+00  0.000   7.97
 A918       2.3390 0.03946   5.782 0.0000E+00  0.000   5.78
 A473       2.3402 0.08118   4.616 0.0000E+00  0.000   4.62
 A465       2.3416 0.16868   5.979 0.0000E+00  0.000   5.98
 A323       2.3468 0.13124   2.692 0.0000E+00  0.000   2.69
 A1000      2.3480 0.07960   0.556 0.0000E+00  0.000   0.56
 A436       2.3569 0.07137   7.891 0.0000E+00  0.000   7.89
 A165       2.3594 0.18078   3.628 0.0000E+00  0.000   3.63
 A174       2.3660 0.08640   4.266 0.0000E+00  0.000   4.27
 A902       2.3691 0.02647   8.944 0.0000E+00  0.000   8.94
 A790       2.3707 0.04846   2.126 0.0000E+00  0.000   2.13
 A127       2.3719 0.07848   4.988 0.0000E+00  0.000   4.99
 A375       2.3742 0.10317   2.434 0.0000E+00  0.000   2.43
 A257       2.3784 0.04352   4.233 0.0000E+00  0.000   4.23
 A605       2.3815 0.14397   0.427 0.0000E+00  0.000   0.43
 A748       2.3850 0.09601   4.515 0.0000E+00  0.000   4.52
 A641       2.3851 0.07732   1.857 0.0000E+00  0.000   1.86
 A858       2.3864 0.03544   9.602 0.0000E+00  0.000   9.60
 A530       2.3865 0.10029   6.926 0.0000E+00  0.000   6.93
 A696       2.3904 0.03732   4.783 0.0000E+00  0.000   4.78
 A20        2.3905 0.16310   4.249 0.0000E+00  0.000   4.25
 A321       2.3907 0.10042   6.261 0.0000E+00  0.000   6.26
 A48        2.3954 0.03470   3.046 0.0000E+00  0.000   3.05
 A93        2.4000 0.10100   1.318 0.0000E+00  0.000   1.32
 A156       2.4055 0.04104   4.459 0.0000E+00  0.000   4.46
 A967       2.4072 0.10504   6.162 0.0000E+00  0.000   6.16
 A101       2.4073 0.13584   9.272 0.0000E+00  0.000   9.27
 A444       2.4093 0.10953   5.753 0.0000E+00  0.000   5.75
 A695       2.4106 0.05192   4.131 0.0000E+00  0.000   4.13
 A895       2.4117 0.07621   9.798 0.0000E+00  0.000   9.80
 A345       2.4174 0.06468   3.998 0.0000E+00  0.000   4.00
 A159       2.4184 0.06511   1.085 0.0000E+00  0.000   1.09
 A876       2.4219 0.11604   4.224 0.0000E+00  0.000   4.22
 A821       2.4246 0.10345   3.064 0.0000E+00  0.000   3.06
 A998       2.4340 0.08461   5.266 0.0000E+00  0.000   5.27
 A776       2.4388 0.15155   1.450 0.0000E+00  0.000   1.45
 A831       2.4448 0.09595   9.287 0.0000E+00  0.000   9.29
 A943       2.4484 0.02445   7.657 0.0000E+00  0.000   7.66
 A953       2.4485 0.05276   5.547 0.0000E+00  0.000   5.55
 A172       2.4674 0.05990   7.959 0.0000E+00  0.000   7.96
 A442       2.4748 0.05873   2.623 0.0000E+00  0.000   2.62
 A112       2.4799 0.06807   6.372 0.0000E+00  0.000   6.37
 A701       2.4809 0.07146  10.025 0.0000E+00  0.000  10.03
 A388       2.4838 0.07621   2.582 0.0000E+00  0.000   2.58
 A13        2.4861 0.09246   7.995 0.0000E+00  0.000   8.00
 A337       2.4884 0.05887   2.237 0.0000E+00  0.000   2.24
 A791       2.4949 0.04060   6.625 0.0000E+00  0.000   6.62
 A859       2.5170 0.21760   1.555 0.0000E+00  0.000   1.56
 A599       2.5170 0.06209   3.397 0.0000E+00  0.000   3.40
 A884       2.5171 0.03230   1.271 0.0000E+00  0.000   1.27
 A102       2.5210 0.10484   2.844 0.0000E+00  0.000   2.84
 A367       2.5225 0.12681   4.224 0.0000E+00  0.000   4.22
 A975       2.5234 0.09296   4.264 0.0000E+00  0.000   4.26
 A236       2.5269 0.17089   1.481 0.0000E+00  0.000   1.48
 A424       2.5277 0.20205   8.800 0.0000E+00  0.000   8.80
 A651       2.5344 0.03806   0.891 0.0000E+00  0.000   0.89
 A287       2.5399 0.22680   4.904 0.0000E+00  0.000   4.90
 A705       2.5449 0.19329   5.458 0.0000E+00  0.000   5.46
 A922       2.5450 0.11241   3.075 0.0000E+00  0.000   3.07
 A468       2.5461 0.04448   5.033 0.0000E+00  0.000   5.03
 A374       2.5464 0.08607   8.499 0.0000E+00  0.000   8.50
 A352       2.5478 0.09648   6.687 0.0000E+00  0.000   6.69
 A89        2.5563 0.11527   7.219 0.0000E+00  0.000   7.22
 A690       2.5590 0.02285   4.645 0.0000E+00  0.000   4.64
 A861       2.5595 0.02755   3.033 0.0000E+00  0.000   3.03
 A42        2.5626 0.07051   6.694 0.0000E+00  0.000   6.69
 A11        2.5648 0.06304   7.917 0.0000E+00  0.000   7.92
 A706       2.5648 0.11661   3.614 0.0000E+00  0.000   3.61
 A596       2.5663 0.09867  10.096 0.0000E+00  0.000  10.10
 A806       2.5677 0.19823   7.661 0.0000E+00  0.000   7.66
 A222       2.5681 0.13127   6.022 0.0000E+00  0.000   6.02
 A167       2.5745 0.04704   5.688 0.0000E+00  0.000   5.69
 A851       2.5763 0.12212   4.639 0.0000E+00  0.000   4.64
 A844       2.5777 0.18294   5.876 0.0000E+00  0.000   5.88
 A331       2.5777 0.11943   2.655 0.0000E+00  0.000   2.66
 A666       2.5858 0.14646   3.033 0.0000E+00  0.000   3.03
 A239       2.5862 0.17034   6.420 0.0000E+00  0.000   6.42
 A688       2.5901 0.18473   3.422 0.0000E+00  0.000   3.42
 A31        2.5977 0.11821   8.774 0.0000E+00  0.000   8.77
 A422       2.5980 0.15197   5.231 0.0000E+00  0.000   5.23
 A431       2.5998 0.02858   2.488 0.0000E+00  0.000   2.49
 A175       2.6003 0.08377   4.383 0.0000E+00  0.000   4.38
 A276       2.6030 0.08596   0.426 0.0000E+00  0.000   0.43
 A284       2.6070 0.02958   4.891 0.0000E+00  0.000   4.89
 A256       2.6109 0.07409   8.962 0.0000E+00  0.000   8.96
 A609       2.6143 0.04953   8.366 0.0000E+00  0.000   8.37
 A450       2.6166 0.09135   3.221 0.0000E+00  0.000   3.22
 A141       2.6175 0.09327   1.741 0.0000E+00  0.000   1.74
 A896       2.6178 0.10324   7.653 0.0000E+00  0.000   7.65
 A213       2.6182 0.07007   5.370 0.0000E+00  0.000   5.37
 A661       2.6210 0.15432   4.431 0.0000E+00  0.000   4.43
 A662       2.6215 0.10201   2.811 0.0000E+00  0.000   2.81
 A135       2.6231 0.06842   9.293 0.0000E+00  0.000   9.29
 A454       2.6290 0.10393   9.829 0.0000E+00  0.000   9.83
 A891       2.6306 0.11108   6.906 0.0000E+00  0.000   6.91
 A338       2.6325 0.07197   7.331 0.0000E+00  0.000   7.33
 A184       2.6389 0.08476   6.780 0.0000E+00  0.000   6.78
 A372       2.6394 0.11085   2.767 0.0000E+00  0.000   2.77
 A204       2.6440 0.12405   7.850 0.0000E+00  0.000   7.85
 A386       2.6459 0.05112   3.993 0.0000E+00  0.000   3.99
 A925       2.6524 0.08621   1.745 0.0000E+00  0.000   1.74
 A853       2.6561 0.12420   0.574 0.0000E+00  0.000   0.57
 A872       2.6569 0.09892   0.195 0.0000E+00  0.000   0.20
 A67        2.6569 0.13381   6.334 0.0000E+00  0.000   6.33
 A968       2.6619 0.07876   4.932 0.0000E+00  0.000   4.93
 A6         2.6647 0.04012   4.320 0.0000E+00  0.000   4.32
 A489       2.6674 0.03350   7.053 0.0000E+00  0.000   7.05
 A938       2.6677 0.15783   0.795 0.0000E+00  0.000   0.80
 A718       2.6697 0.05260   5.552 0.0000E+00  0.000   5.55
 A957       2.6716 0.02243   5.402 0.0000E+00  0.000   5.40
 A887       2.6735 0.10600  10.024 0.0000E+00  0.000  10.02
 A715       2.6852 0.13135   2.356 0.0000E+00  0.000   2.36
 A709       2.6893 0.04812   4.150 0.0000E+00  0.000   4.15
 A730       2.6926 0.03368   4.929 0.0000E+00  0.000   4.93
 A630       2.6954 0.12576   0.919 0.0000E+00  0.000   0.92
 A471       2.6957 0.16686   7.073 0.0000E+00  0.000   7.07
 A100       2.6986 0.08249   6.434 0.0000E+00  0.000   6.43
 A39        2.7007 0.06795   9.222 0.0000E+00  0.000   9.22
 A4         2.7077 0.04920   2.457 0.0000E+00  0.000   2.46
 A911       2.7088 0.16263   2.043 0.0000E+00  0.000   2.04
 A360       2.7098 0.13947   0.001 0.0000E+00  0.000   0.00
 A499       2.7106 0.02652   2.782 0.0000E+00  0.000   2.78
 A833       2.7164 0.05076   8.977 0.0000E+00  0.000   8.98
 A963       2.7195 0.07492   7.125 0.0000E+00  0.000   7.13
 A815       2.7196 0.16867   3.692 0.0000E+00  0.000   3.69
 A316       2.7271 0.13372   7.451 0.0000E+00  0.000   7.45
 A682       2.7276 0.04711   3.255 0.0000E+00  0.000   3.25
 A934       2.7278 0.06215   1.853 0.0000E+00  0.000   1.85
 A303       2.7282 0.11126   6.304 0.0000E+00  0.000   6.30
 A917       2.7293 0.10724   6.696 0.0000E+00  0.000   6.70
 A208       2.7302 0.06118  10.035 0.0000E+00  0.000  10.03
 A552       2.7316 0.11830   5.658 0.0000E+00  0.000   5.66
 A409       2.7319 0.21513   5.081 0.0000E+00  0.000   5.08
 A300       2.7380 0.12450   6.807 0.0000E+00  0.000   6.81
 A451       2.7414 0.10028   8.125 0.0000E+00  0.000   8.12
 A694       2.7462 0.01185   1.495 0.0000E+00  0.000   1.50
 A760       2.7493 0.13613   2.383 0.0000E+00  0.000   2.38
 A87        2.7504 0.05229   7.950 0.0000E+00  0.000   7.95
 A624       2.7508 0.10361   8.507 0.0000E+00  0.000   8.51
 A243       2.7512 0.12392   8.952 0.0000E+00  0.000   8.95
 A747       2.7515 0.08596   2.143 0.0000E+00  0.000   2.14
 A735       2.7587 0.03846   4.792 0.0000E+00  0.000   4.79
 A2         2.7599 0.11848   0.464 0.0000E+00  0.000   0.46
 A800       2.7602 0.16548   3.512 0.0000E+00  0.000   3.51
 A312       2.7603 0.07276   7.475 0.0000E+00  0.000   7.47
 A336       2.7618 0.06589   3.362 0.0000E+00  0.000   3.36
 A37        2.7642 0.02102   2.792 0.0000E+00  0.000   2.79
 A294       2.7685 0.14748   5.741 0.0000E+00  0.000   5.74
 A365       2.7700 0.08080   8.156 0.0000E+00  0.000   8.16
 A393       2.7798 0.07990   6.514 0.0000E+00  0.000   6.51
 A19        2.7812 0.03725   9.570 0.0000E+00  0.000   9.57
 A432       2.7842 0.08175   1.937 0.0000E+00  0.000   1.94
 A838       2.7870 0.16837   3.029 0.0000E+00  0.000   3.03
 A648       2.7899 0.11976   5.289 0.0000E+00  0.000   5.29
 A339       2.7927 0.05368   1.747 0.0000E+00  0.000   1.75
 A233       2.7958 0.13448   4.421 0.0000E+00  0.000   4.42
 A120       2.7964 0.06344   7.852 0.0000E+00  0.000   7.85
 A237       2.8003 0.15388   4.031 0.0000E+00  0.000   4.03
 A812       2.8054 0.05973   1.415 0.0000E+00  0.000   1.41
 A764       2.8085 0.09294   8.753 0.0000E+00  0.000   8.75
 A629       2.8093 0.03112   3.519 0.0000E+00  0.000   3.52
 A826       2.8116 0.17493   1.062 0.0000E+00  0.000   1.06
 A163       2.8122 0.01652   2.691 0.0000E+00  0.000   2.69
 A574       2.8316 0.13785   5.521 0.0000E+00  0.000   5.52
 A196       2.8390 0.07967   5.975 0.0000E+00  0.000   5.97
 A353       2.8402 0.16720   6.298 0.0000E+00  0.000   6.30
 A403       2.8430 0.14289   1.715 0.0000E+00  0.000   1.72
 A888       2.8460 0.05753   2.178 0.0000E+00  0.000   2.18
 A340       2.8485 0.05143   4.549 0.0000E+00  0.000   4.55
 A426       2.8513 0.08440   9.279 0.0000E+00  0.000   9.28
 A620       2.8521 0.12263   0.683 0.0000E+00  0.000   0.68
 A762       2.8524 0.09491   9.467 0.0000E+00  0.000   9.47
 A507       2.8547 0.11558   2.780 0.0000E+00  0.000   2.78
 A528       2.8548 0.02906   7.591 0.0000E+00  0.000   7.59
 A850       2.8582 0.20497   1.482 0.0000E+00  0.000   1.48
 A763       2.8620 0.14704   1.843 0.0000E+00  0.000   1.84
 A600       2.8650 0.18458   0.525 0.0000E+00  0.000   0.52
 A912       2.8671 0.02067   8.054 0.0000E+00  0.000   8.05
 A984       2.8672 0.04532   3.612 0.0000E+00  0.000   3.61
 A881       2.8675 0.19202   5.753 0.0000E+00  0.000   5.75
 A320       2.8682 0.06391   9.300 0.0000E+00  0.000   9.30
 A483       2.8717 0.22902   2.978 0.0000E+00  0.000   2.98
 A177       2.8720 0.05033   2.774 0.0000E+00  0.000   2.77
 A612       2.8790 0.07264   8.212 0.0000E+00  0.000   8.21
 A540       2.8830 0.06784   8.409 0.0000E+00  0.000   8.41
 A330       2.8847 0.03825   7.539 0.0000E+00  0.000   7.54
 A754       2.8860 0.06578   3.139 0.0000E+00  0.000   3.14
 A737       2.8873 0.14102   3.096 0.0000E+00  0.000   3.10
 A794       2.8885 0.13052   8.268 0.0000E+00  0.000   8.27
 A382       2.8908 0.20285   1.217 0.0000E+00  0.000   1.22
 A669       2.8939 0.19718   0.328 0.0000E+00  0.000   0.33
 A679       2.8976 0.10433   4.802 0.0000E+00  0.000   4.80
 A885       2.9072 0.11931   8.289 0.0000E+00  0.000   8.29
 A830       2.9098 0.09389   1.879 0.0000E+00  0.000   1.88
 A727       2.9123 0.19782   4.188 0.0000E+00  0.000   4.19
 A333       2.9140 0.11793   7.465 0.0000E+00  0.000   7.47
 A478       2.9212 0.07355   2.427 0.0000E+00  0.000   2.43
 A785       2.9226 0.07364   2.095 0.0000E+00  0.000   2.10
 A484       2.9287 0.16243   4.516 0.0000E+00  0.000   4.52
 A359       2.9334 0.15575   7.095 0.0000E+00  0.000   7.09
 A659       2.9335 0.13487   5.044 0.0000E+00  0.000   5.04
 A77        2.9375 0.07057   8.922 0.0000E+00  0.000   8.92
 A193       2.9378 0.06005   2.991 0.0000E+00  0.000   2.99
 A64        2.9422 0.23564   8.746 0.0000E+00  0.000   8.75
 A49        2.9458 0.00579   4.181 0.0000E+00  0.000   4.18
 A143       2.9509 0.11661   5.500 0.0000E+00  0.000   5.50
 A8         2.9517 0.11265   5.469 0.0000E+00  0.000   5.47
 A459       2.9639 0.03143   2.400 0.0000E+00  0.000   2.40
 A176       2.9642 0.19306   6.924 0.0000E+00  0.000   6.92
 A21        2.9673 0.10409   4.618 0.0000E+00  0.000   4.62
 A59        2.9691 0.17531   6.288 0.0000E+00  0.000   6.29
 A931       2.9699 0.14089   3.539 0.0000E+00  0.000   3.54
 A869       2.9722 0.11675   9.555 0.0000E+00  0.000   9.55
 A986       2.9768 0.10377   2.806 0.0000E+00  0.000   2.81
 A118       2.9851 0.02735   9.084 0.0000E+00  0.000   9.08
 A501       2.9857 0.05355   0.613 0.0000E+00  0.000   0.61
 A720       2.9878 0.14957   2.876 0.0000E+00  0.000   2.88
 A182       2.9981 0.17629   9.558 0.0000E+00  0.000   9.56
 A462       2.9987 0.14792   2.826 0.0000E+00  0.000   2.83
 A408       3.0005 0.09657   2.344 0.0000E+00  0.000   2.34
 A410       3.0027 0.07795   3.730 0.0000E+00  0.000   3.73
 A115       3.0030 0.04924   0.995 0.0000E+00  0.000   1.00
 A23        3.0114 0.03314   1.270 0.0000E+00  0.000   1.27
 A235       3.0188 0.09294   8.598 0.0000E+00  0.000   8.60
 A464       3.0201 0.01958   0.824 0.0000E+00  0.000   0.82
 A527       3.0221 0.16876   3.130 0.0000E+00  0.000   3.13
 A282       3.0240 0.09445   0.166 0.0000E+00  0.000   0.17
 A640       3.0304 0.13382   5.466 0.0000E+00  0.000   5.47
 A897       3.0317 0.13129   9.618 0.0000E+00  0.000   9.62
 A590       3.0350 0.10079   3.841 0.0000E+00  0.000   3.84
 A240       3.0396 0.10627   5.116 0.0000E+00  0.000   5.12
 A883       3.0400 0.09783   6.581 0.0000E+00  0.000   6.58
 A1         3.0436 0.03130   2.637 0.0000E+00  0.000   2.64
 A646       3.0504 0.10580   2.524 0.0000E+00  0.000   2.52
 A385       3.0549 0.03286   1.457 0.0000E+00  0.000   1.46
 A712       3.0579 0.14118   5.153 0.0000E+00  0.000   5.15
 A804       3.0594 0.15154   3.440 0.0000E+00  0.000   3.44
 A397       3.0662 0.09055   1.134 0.0000E+00  0.000   1.13
 A54        3.0689 0.04212   0.716 0.0000E+00  0.000   0.72
 A416       3.0732 0.11313   5.350 0.0000E+00  0.000   5.35
 A539       3.0743 0.15517   2.782 0.0000E+00  0.000   2.78
 A550       3.0749 0.08095   7.602 0.0000E+00  0.000   7.60
 A123       3.0762 0.05040   3.668 0.0000E+00  0.000   3.67
 A420       3.0773 0.16727   1.392 0.0000E+00  0.000   1.39
 A252       3.0789 0.11802   0.186 0.0000E+00  0.000   0.19
 A722       3.0801 0.16922  10.231 0.0000E+00  0.000  10.23
 A76        3.0848 0.14801   5.841 0.0000E+00  0.000   5.84
 A248       3.0853 0.06628   6.508 0.0000E+00  0.000   6.51
 A692       3.0855 0.16182   6.453 0.0000E+00  0.000   6.45
 A566       3.0922 0.04437   9.577 0.0000E+00  0.000   9.58
 A689       3.0923 0.07906   3.770 0.0000E+00  0.000   3.77
 A106       3.1021 0.06435   6.249 0.0000E+00  0.000   6.25
 A893       3.1050 0.15309   5.235 0.0000E+00  0.000   5.23
 A68        3.1108 0.10863   8.488 0.0000E+00  0.000   8.49
 A391       3.1117 0.22296   3.796 0.0000E+00  0.000   3.80
 A456       3.1123 0.09223   3.636 0.0000E+00  0.000   3.64
 A996       3.1148 0.11643   4.695 0.0000E+00  0.000   4.70
 A218       3.1182 0.02679   6.874 0.0000E+00  0.000   6.87
 A71        3.1189 0.07370   4.109 0.0000E+00  0.000   4.11
 A250       3.1202 0.13172   1.707 0.0000E+00  0.000   1.71
 A194       3.1242 0.18302   8.691 0.0000E+00  0.000   8.69
 A78        3.1309 0.09870   9.298 0.0000E+00  0.000   9.30
 A247       3.1314 0.19955   1.445 0.0000E+00  0.000   1.45
 A335       3.1325 0.09702   9.055 0.0000E+00  0.000   9.06
 A653       3.1335 0.02363   8.432 0.0000E+00  0.000   8.43
 A16        3.1359 0.06179   4.694 0.0000E+00  0.000   4.69
 A133       3.1378 0.03294   8.490 0.0000E+00  0.000   8.49
 A244       3.1421 0.10462   7.162 0.0000E+00  0.000   7.16
 A674       3.1452 0.08161   7.204 0.0000E+00  0.000   7.20
 A589       3.1485 0.02487   7.946 0.0000E+00  0.000   7.95
 A279       3.1513 0.04630   9.437 0.0000E+00  0.000   9.44
 A103       3.1638 0.13290   3.340 0.0000E+00  0.000   3.34
 A819       3.1672 0.03170   0.343 0.0000E+00  0.000   0.34
 A877       3.1684 0.17617   7.834 0.0000E+00  0.000   7.83
 A305       3.1700 0.08935   8.096 0.0000E+00  0.000   8.10
 A766       3.1703 0.02399   7.663 0.0000E+00  0.000   7.66
 A480       3.1713 0.18684   6.119 0.0000E+00  0.000   6.12
 A592       3.1738 0.03082   3.066 0.0000E+00  0.000   3.07
 A711       3.1746 0.10796   6.525 0.0000E+00  0.000   6.52
 A40        3.1768 0.15337   8.368 0.0000E+00  0.000   8.37
 A949       3.1816 0.03633   4.560 0.0000E+00  0.000   4.56
 A546       3.1822 0.07744   5.926 0.0000E+00  0.000   5.93
 A959       3.1837 0.05553   2.004 0.0000E+00  0.000   2.00
 A401       3.1837 0.05504   5.448 0.0000E+00  0.000   5.45
 A834       3.1861 0.10629   0.374 0.0000E+00  0.000   0.37
 A572       3.1920 0.10078   2.066 0.0000E+00  0.000   2.07
 A707       3.1939 0.14256   0.902 0.0000E+00  0.000   0.90
 A898       3.1962 0.02504   3.442 0.0000E+00  0.000   3.44
 A195       3.1975 0.03134   9.198 0.0000E+00  0.000   9.20
 A192       3.1986 0.40811   1.106 0.0000E+00  0.000   1.11
 A326       3.1999 0.12681   0.221 0.0000E+00  0.000   0.22
 A657       3.2056 0.15424   2.990 0.0000E+00  0.000   2.99
 A700       3.2135 0.14248   2.112 0.0000E+00  0.000   2.11
 A716       3.2140 0.15306   6.132 0.0000E+00  0.000   6.13
 A563       3.2173 0.06936   1.628 0.0000E+00  0.000   1.63
 A825       3.2240 0.05864   9.813 0.0000E+00  0.000   9.81
 A626       3.2243 0.10019   5.725 0.0000E+00  0.000   5.73
 A832       3.2245 0.05672   8.289 0.0000E+00  0.000   8.29
 A676       3.2275 0.07736   1.764 0.0000E+00  0.000   1.76
 A60        3.2283 0.08511   7.274 0.0000E+00  0.000   7.27
 A930       3.2306 0.13136   6.178 0.0000E+00  0.000   6.18
 A937       3.2467 0.20123   2.825 0.0000E+00  0.000   2.83
 A954       3.2477 0.12925   6.087 0.0000E+00  0.000   6.09
 A551       3.2479 0.01875   7.920 0.0000E+00  0.000   7.92
 A298       3.2521 0.05738   4.177 0.0000E+00  0.000   4.18
 A327       3.2605 0.34378   3.382 0.0000E+00  0.000   3.38
 A350       3.2632 0.13079   2.090 0.0000E+00  0.000   2.09
 A910       3.2635 0.01589   5.435 0.0000E+00  0.000   5.43
 A238       3.2663 0.21969  20.415 0.0000E+00  0.000  20.41
 A261       3.2789 0.05703  27.898 0.0000E+00  0.000  27.90
 A779       3.2878 0.03055  26.899 0.0000E+00  0.000  26.90
 A518       3.3020 0.27841  44.588 0.0000E+00  0.000  44.59
 A775       3.3047 0.16564  26.886 0.0000E+00  0.000  26.89
 A644       3.3141 0.14670   0.475 0.0000E+00  0.000   0.48
 A357       3.3200 0.05311   8.676 0.0000E+00  0.000   8.68
 A70        3.3288 0.28104   7.633 0.0000E+00  0.000   7.63
 A684       3.3294 0.00799   1.360 0.0000E+00  0.000   1.36
 A680       3.3295 0.13544   5.297 0.0000E+00  0.000   5.30
 A209       3.3351 0.11530   3.160 0.0000E+00  0.000   3.16
 A808       3.3361 0.06339   0.412 0.0000E+00  0.000   0.41
 A363       3.3402 0.06881   4.037 0.0000E+00  0.000   4.04
 A643       3.3404 0.09221   6.149 0.0000E+00  0.000   6.15
 A231       3.3420 0.09133  10.152 0.0000E+00  0.000  10.15
 A606       3.3431 0.18398  13.815 0.0000E+00  0.000  13.82
 A781       3.3436 0.10934   7.393 0.0000E+00  0.000   7.39
 A73        3.3466 0.32087   0.564 0.0000E+00  0.000   0.56
 A759       3.3472 0.09587   3.944 0.0000E+00  0.000   3.94
 A929       3.3506 0.10723   3.436 0.0000E+00  0.000   3.44
 A520       3.3520 0.16783   7.340 0.0000E+00  0.000   7.34
 A621       3.3581 0.05994   1.630 0.0000E+00  0.000   1.63
 A271       3.3645 0.11464   9.647 0.0000E+00  0.000   9.65
 A376       3.3655 0.04888   1.067 0.0000E+00  0.000   1.07
 A616       3.3691 0.04641   1.077 0.0000E+00  0.000   1.08
 A370       3.3707 0.24549   4.345 0.0000E+00  0.000   4.35
 A598       3.3721 0.06485   6.049 0.0000E+00  0.000   6.05
 A997       3.3733 0.05111   8.946 0.0000E+00  0.000   8.95
 A524       3.3733 0.10010   2.108 0.0000E+00  0.000   2.11
 A137       3.3743 0.15439   6.748 0.0000E+00  0.000   6.75
 A53        3.3820 0.11117   2.556 0.0000E+00  0.000   2.56
 A262       3.3821 0.16371   3.031 0.0000E+00  0.000   3.03
 A597       3.3879 0.01916   2.625 0.0000E+00  0.000   2.62
 A66        3.3894 0.11441   5.205 0.0000E+00  0.000   5.20
 A573       3.3904 0.18064   1.406 0.0000E+00  0.000   1.41
 A128       3.3915 0.13117   4.233 0.0000E+00  0.000   4.23
 A805       3.3939 0.06580   7.685 0.0000E+00  0.000   7.69
 A542       3.3986 0.13263   5.367 0.0000E+00  0.000   5.37
 A914       3.4018 0.06793   8.379 0.0000E+00  0.000   8.38
 A160       3.4048 0.09253   4.301 0.0000E+00  0.000   4.30
 A741       3.4099 0.15690   8.910 0.0000E+00  0.000   8.91
 A568       3.4114 0.16272   1.506 0.0000E+00  0.000   1.51
 A131       3.4133 0.11559   3.455 0.0000E+00  0.000   3.46
 A154       3.4146 0.05661   3.311 0.0000E+00  0.000   3.31
 A697       3.4154 0.07743   6.648 0.0000E+00  0.000   6.65
 A569       3.4178 0.09179   8.685 0.0000E+00  0.000   8.69
 A778       3.4197 0.13484   5.794 0.0000E+00  0.000   5.79
 A458       3.4204 0.01132   3.192 0.0000E+00  0.000   3.19
 A813       3.4221 0.02118   8.174 0.0000E+00  0.000   8.17
 A460       3.4278 0.22368   0.671 0.0000E+00  0.000   0.67
 A27        3.4312 0.08737   8.512 0.0000E+00  0.000   8.51
 A874       3.4331 0.18848   5.159 0.0000E+00  0.000   5.16
 A57        3.4343 0.06411   5.422 0.0000E+00  0.000   5.42
 A166       3.4363 0.14818   0.591 0.0000E+00  0.000   0.59
 A708       3.4414 0.03224   5.374 0.0000E+00  0.000   5.37
 A322       3.4456 0.05769   6.958 0.0000E+00  0.000   6.96
 A523       3.4482 0.15748   1.411 0.0000E+00  0.000   1.41
 A558       3.4495 0.15119   2.314 0.0000E+00  0.000   2.31
 A463       3.4532 0.11193   6.816 0.0000E+00  0.000   6.82
 A623       3.4696 0.19055   5.982 0.0000E+00  0.000   5.98
 A502       3.4723 0.01967   3.070 0.0000E+00  0.000   3.07
 A645       3.4735 0.08315   8.755 0.0000E+00  0.000   8.75
 A75        3.4735 0.20292  10.927 0.0000E+00  0.000  10.93
 A873       3.4751 0.13695   6.060 0.0000E+00  0.000   6.06
 A970       3.4779 0.06948   2.098 0.0000E+00  0.000   2.10
 A452       3.4887 0.06847   4.372 0.0000E+00  0.000   4.37
 A415       3.4896 0.16097   4.967 0.0000E+00  0.000   4.97
 A110       3.4907 0.08259   0.202 0.0000E+00  0.000   0.20
 A260       3.4920 0.03368   0.067 0.0000E+00  0.000   0.07
 A981       3.4952 0.15110   7.985 0.0000E+00  0.000   7.98
 A789       3.5014 0.15258   3.013 0.0000E+00  0.000   3.01
 A295       3.5037 0.08271   4.209 0.0000E+00  0.000   4.21
 A945       3.5295 0.13601   5.464 0.0000E+00  0.000   5.46
 A245       3.5425 0.10647   5.854 0.0000E+00  0.000   5.85
 A882       3.5455 0.04742   5.361 0.0000E+00  0.000   5.36
 A829       3.5463 0.13254   4.256 0.0000E+00  0.000   4.26
 A274       3.5466 0.15848   1.288 0.0000E+00  0.000   1.29
 A531       3.5473 0.13952   0.646 0.0000E+00  0.000   0.65
 A433       3.5508 0.17787   0.600 0.0000E+00  0.000   0.60
 A108       3.5519 0.11471   6.841 0.0000E+00  0.000   6.84
 A906       3.5529 0.10123   4.249 0.0000E+00  0.000   4.25
 A987       3.5592 0.16516   9.503 0.0000E+00  0.000   9.50
 A453       3.5641 0.01551   4.989 0.0000E+00  0.000   4.99
 A920       3.5922 0.09318   1.654 0.0000E+00  0.000   1.65
 A105       3.5960 0.07421   3.958 0.0000E+00  0.000   3.96
 A561       3.6020 0.17324   8.198 0.0000E+00  0.000   8.20
 A220       3.6063 0.14473   2.193 0.0000E+00  0.000   2.19
 A500       3.6114 0.05545   7.865 0.0000E+00  0.000   7.87
 A417       3.6162 0.19445   9.854 0.0000E+00  0.000   9.85
 A219       3.6208 0.13984   6.131 0.0000E+00  0.000   6.13
 A580       3.6234 0.16079   2.157 0.0000E+00  0.000   2.16
 A894       3.6297 0.11193   8.739 0.0000E+00  0.000   8.74
 A955       3.6316 0.07190   3.485 0.0000E+00  0.000   3.49
 A46        3.6353 0.03833   8.323 0.0000E+00  0.000   8.32
 A52        3.6376 0.14145   4.055 0.0000E+00  0.000   4.05
 A434       3.6378 0.16640   3.761 0.0000E+00  0.000   3.76
 A402       3.6413 0.16048   2.646 0.0000E+00  0.000   2.65
 A932       3.6420 0.09338   3.276 0.0000E+00  0.000   3.28
 A435       3.6452 0.19207   5.894 0.0000E+00  0.000   5.89
 A124       3.6492 0.06456   1.886 0.0000E+00  0.000   1.89
 A291       3.6516 0.04230   7.907 0.0000E+00  0.000   7.91
 A927       3.6549 0.14839   1.029 0.0000E+00  0.000   1.03
 A148       3.6947 0.04537   0.471 0.0000E+00  0.000   0.47
 A383       3.7395 0.01255   0.415 0.0000E+00  0.000   0.41
 A579       3.7440 0.21915   0.368 0.0000E+00  0.000   0.37
 A183       3.7510 0.03627   3.519 0.0000E+00  0.000   3.52
 A622       3.7533 0.17415   1.745 0.0000E+00  0.000   1.75
 A242       3.7649 0.11739   9.510 0.0000E+00  0.000   9.51
 A446       3.7685 0.08775   8.848 0.0000E+00  0.000   8.85
 A200       3.8382 0.19715   1.559 0.0000E+00  0.000   1.56
 A904       3.8416 0.01415   0.283 0.0000E+00  0.000   0.28
 A863       3.8537 0.15781   0.055 0.0000E+00  0.000   0.05
 A723       3.8711 0.06412   1.258 0.0000E+00  0.000   1.26
 A125       3.8956 0.23630   4.429 0.0000E+00  0.000   4.43
 A719       3.9517 0.23877   4.148 0.0000E+00  0.000   4.15
 A5         3.9540 0.25624   7.861 0.0000E+00  0.000   7.86
 A212       3.9630 0.08503   7.196 0.0000E+00  0.000   7.20
 A761       3.9654 0.28622   1.546 0.0000E+00  0.000   1.55
 A614       3.9682 0.14001   2.702 0.0000E+00  0.000   2.70
 A783       3.9697 0.27750   8.537 0.0000E+00  0.000   8.54
 A913       3.9820 0.24889   1.062 0.0000E+00  0.000   1.06
 A479       3.9911 0.08500   1.885 0.0000E+00  0.000   1.88
 A392       3.9914 0.11930   5.767 0.0000E+00  0.000   5.77
 A198       3.9998 0.34158   1.602 0.0000E+00  0.000   1.60
 A810       4.0005 0.08628   5.995 0.0000E+00  0.000   5.99
 A570       4.0107 0.12682  14.179 0.0000E+00  0.000  14.18
 A30        4.0197 0.21695   3.014 0.0000E+00  0.000   3.01
 JUPITER    5.2033 0.09993   0.000 9.5479E-04  0.000   0.00
