 EARTHMOO   1.0000 0.02799   0.000 9.1213E-06  0.000   0.00
 A430       1.5000 0.03722   1.714 0.0000E+00  0.000   1.71
 A900       1.5007 0.07462   3.116 0.0000E+00  0.000   3.12
 A591       1.5052 0.01027   7.241 0.0000E+00  0.000   7.24
 A534       1.5118 0.05319   8.430 0.0000E+00  0.000   8.43
 A288       1.5167 0.04892   1.876 0.0000E+00  0.000   1.88
 A926       1.5204 0.08629   4.890 0.0000E+00  0.000   4.89
 A79        1.5214 0.02386   9.497 0.0000E+00  0.000   9.50
 A83        1.5227 0.09324   5.490 0.0000E+00  0.000   5.49
 A487       1.5244 0.05560   2.621 0.0000E+00  0.000   2.62
 A729       1.5278 0.06917   5.930 0.0000E+00  0.000   5.93
 A51        1.5323 0.06426   6.488 0.0000E+00  0.000   6.49
 A277       1.5342 0.08730   7.513 0.0000E+00  0.000   7.51
 A950       1.5454 0.06648   1.667 0.0000E+00  0.000   1.67
 A41        1.5456 0.08964   1.505 0.0000E+00  0.000   1.51
 A771       1.5460 0.11935   5.396 0.0000E+00  0.000   5.40
 A816       1.5484 0.08524   1.944 0.0000E+00  0.000   1.94
 A44        1.5504 0.06523   7.231 0.0000E+00  0.000   7.23
 A421       1.5529 0.04835   1.439 0.0000E+00  0.000   1.44
 A498       1.5538 0.02414   1.575 0.0000E+00  0.000   1.58
 A687       1.5542 0.10081   7.581 0.0000E+00  0.000   7.58
 A532       1.5576 0.05832   9.738 0.0000E+00  0.000   9.74
 A395       1.5586 0.06408   2.579 0.0000E+00  0.000   2.58
 A178       1.5623 0.02206   1.743 0.0000E+00  0.000   1.74
 A536       1.5626 0.04590   0.800 0.0000E+00  0.000   0.80
 A973       1.5677 0.08938   9.564 0.0000E+00  0.000   9.56
 A862       1.5720 0.01713   2.667 0.0000E+00  0.000   2.67
 A901       1.5745 0.00848   5.377 0.0000E+00  0.000   5.38
 A485       1.5757 0.10008   4.235 0.0000E+00  0.000   4.24
 A406       1.5767 0.04686   4.930 0.0000E+00  0.000   4.93
 A978       1.5772 0.03823   7.070 0.0000E+00  0.000   7.07
 A857       1.5785 0.08324   0.047 0.0000E+00  0.000   0.05
 A290       1.5804 0.06534   9.540 0.0000E+00  0.000   9.54
 A85        1.5850 0.02187   5.342 0.0000E+00  0.000   5.34
 A504       1.5884 0.04697   6.194 0.0000E+00  0.000   6.19
 A516       1.5892 0.04715   8.802 0.0000E+00  0.000   8.80
 A541       1.5912 0.09146   6.540 0.0000E+00  0.000   6.54
 A673       1.5912 0.05121   7.545 0.0000E+00  0.000   7.54
 A510       1.5931 0.05831   7.475 0.0000E+00  0.000   7.47
 A225       1.5950 0.07447   6.942 0.0000E+00  0.000   6.94
 A625       1.6004 0.03184   0.317 0.0000E+00  0.000   0.32
 A634       1.6029 0.03604   8.717 0.0000E+00  0.000   8.72
 A142       1.6054 0.01660   6.543 0.0000E+00  0.000   6.54
 A47        1.6055 0.06245   5.608 0.0000E+00  0.000   5.61
 A903       1.6105 0.05319   3.621 0.0000E+00  0.000   3.62
 A116       1.6122 0.08357   4.404 0.0000E+00  0.000   4.40
 A792       1.6195 0.07957   8.950 0.0000E+00  0.000   8.95
 A497       1.6217 0.09905   8.095 0.0000E+00  0.000   8.09
 A746       1.6285 0.10526   4.217 0.0000E+00  0.000   4.22
 A405       1.6292 0.07391   8.280 0.0000E+00  0.000   8.28
 A34        1.6347 0.02782   8.229 0.0000E+00  0.000   8.23
 A427       1.6364 0.10728   5.315 0.0000E+00  0.000   5.32
 A341       1.6367 0.09478   9.669 0.0000E+00  0.000   9.67
 A95        1.6377 0.12554   5.467 0.0000E+00  0.000   5.47
 A841       1.6398 0.09921   7.844 0.0000E+00  0.000   7.84
 A602       1.6421 0.09620   5.283 0.0000E+00  0.000   5.28
 A380       1.6436 0.09765   2.285 0.0000E+00  0.000   2.28
 A517       1.6444 0.11440   7.818 0.0000E+00  0.000   7.82
 A14        1.6448 0.05293   0.436 0.0000E+00  0.000   0.44
 A297       1.6476 0.03220   5.074 0.0000E+00  0.000   5.07
 A751       1.6507 0.08171   9.230 0.0000E+00  0.000   9.23
 A556       1.6511 0.01934   5.088 0.0000E+00  0.000   5.09
 A447       1.6513 0.07855   9.538 0.0000E+00  0.000   9.54
 A62        1.6525 0.01012   7.294 0.0000E+00  0.000   7.29
 A315       1.6528 0.09517   6.573 0.0000E+00  0.000   6.57
 A880       1.6553 0.03664   7.534 0.0000E+00  0.000   7.53
 A362       1.6574 0.07946   7.007 0.0000E+00  0.000   7.01
 A878       1.6581 0.01772   8.638 0.0000E+00  0.000   8.64
 A639       1.6583 0.05211   3.983 0.0000E+00  0.000   3.98
 A84        1.6596 0.02820   2.438 0.0000E+00  0.000   2.44
 A351       1.6602 0.10820   5.724 0.0000E+00  0.000   5.72
 A703       1.6602 0.03049   2.069 0.0000E+00  0.000   2.07
 A615       1.6623 0.06821   3.739 0.0000E+00  0.000   3.74
 A145       1.6703 0.05303   5.970 0.0000E+00  0.000   5.97
 A852       1.6733 0.01779   4.022 0.0000E+00  0.000   4.02
 A343       1.6798 0.01161   9.937 0.0000E+00  0.000   9.94
 A488       1.6819 0.08681   6.924 0.0000E+00  0.000   6.92
 A399       1.6836 0.08581   1.409 0.0000E+00  0.000   1.41
 A216       1.6849 0.11773   3.926 0.0000E+00  0.000   3.93
 A189       1.6886 0.06698   9.712 0.0000E+00  0.000   9.71
 A618       1.6918 0.08169   4.311 0.0000E+00  0.000   4.31
 A306       1.6941 0.03215   3.388 0.0000E+00  0.000   3.39
 A721       1.6964 0.04657   9.944 0.0000E+00  0.000   9.94
 A636       1.6981 0.01612   5.314 0.0000E+00  0.000   5.31
 A731       1.7063 0.14681   5.149 0.0000E+00  0.000   5.15
 A448       1.7120 0.04290   1.576 0.0000E+00  0.000   1.58
 A358       1.7124 0.07606   4.205 0.0000E+00  0.000   4.21
 A554       1.7185 0.12531   9.365 0.0000E+00  0.000   9.36
 A17        1.7216 0.00434   9.786 0.0000E+00  0.000   9.79
 A283       1.7247 0.08067   8.787 0.0000E+00  0.000   8.79
 A18        1.7251 0.07743   1.529 0.0000E+00  0.000   1.53
 A980       1.7267 0.03171   2.276 0.0000E+00  0.000   2.28
 A515       1.7273 0.02324   4.444 0.0000E+00  0.000   4.44
 A944       1.7310 0.08285   0.668 0.0000E+00  0.000   0.67
 A866       1.7367 0.07210   6.099 0.0000E+00  0.000   6.10
 A603       1.7412 0.08843   8.517 0.0000E+00  0.000   8.52
 A581       1.7440 0.14301   5.484 0.0000E+00  0.000   5.48
 A671       1.7443 0.08224   0.270 0.0000E+00  0.000   0.27
 A119       1.7454 0.09242   6.509 0.0000E+00  0.000   6.51
 A961       1.7473 0.09178   1.689 0.0000E+00  0.000   1.69
 A575       1.7476 0.08885   2.529 0.0000E+00  0.000   2.53
 A969       1.7495 0.07175   1.243 0.0000E+00  0.000   1.24
 A738       1.7515 0.04955   4.669 0.0000E+00  0.000   4.67
 A668       1.7536 0.04929   9.450 0.0000E+00  0.000   9.45
 A289       1.7605 0.15299   7.662 0.0000E+00  0.000   7.66
 A559       1.7619 0.01806   3.018 0.0000E+00  0.000   3.02
 A732       1.7638 0.02102   6.014 0.0000E+00  0.000   6.01
 A798       1.7645 0.01688   3.734 0.0000E+00  0.000   3.73
 A519       1.7665 0.05864   6.386 0.0000E+00  0.000   6.39
 A755       1.7668 0.09431   3.771 0.0000E+00  0.000   3.77
 A38        1.7677 0.03423   1.647 0.0000E+00  0.000   1.65
 A63        1.7687 0.07829   8.429 0.0000E+00  0.000   8.43
 A835       1.7695 0.09073   4.855 0.0000E+00  0.000   4.85
 A740       1.7697 0.13430   1.170 0.0000E+00  0.000   1.17
 A560       1.7725 0.03033   5.541 0.0000E+00  0.000   5.54
 A140       1.7781 0.15999   4.127 0.0000E+00  0.000   4.13
 A150       1.7831 0.06879   4.163 0.0000E+00  0.000   4.16
 A188       1.7859 0.01908   3.161 0.0000E+00  0.000   3.16
 A381       1.7933 0.14525   4.632 0.0000E+00  0.000   4.63
 A412       1.7985 0.08732   2.602 0.0000E+00  0.000   2.60
 A396       1.8004 0.11845   4.590 0.0000E+00  0.000   4.59
 A24        1.8017 0.04543   5.147 0.0000E+00  0.000   5.15
 A505       1.8021 0.06640   1.889 0.0000E+00  0.000   1.89
 A130       1.8034 0.07183   4.289 0.0000E+00  0.000   4.29
 A962       1.8037 0.07514   0.882 0.0000E+00  0.000   0.88
 A511       1.8041 0.03952   1.977 0.0000E+00  0.000   1.98
 A348       1.8052 0.07439   7.756 0.0000E+00  0.000   7.76
 A470       1.8052 0.04117   6.748 0.0000E+00  0.000   6.75
 A627       1.8055 0.02690   8.521 0.0000E+00  0.000   8.52
 A482       1.8145 0.07750   7.820 0.0000E+00  0.000   7.82
 A121       1.8168 0.08971   4.554 0.0000E+00  0.000   4.55
 A201       1.8180 0.08186   9.935 0.0000E+00  0.000   9.93
 A585       1.8184 0.03619   2.064 0.0000E+00  0.000   2.06
 A122       1.8198 0.13969   8.437 0.0000E+00  0.000   8.44
 A724       1.8203 0.06006   0.960 0.0000E+00  0.000   0.96
 A899       1.8204 0.08516   0.831 0.0000E+00  0.000   0.83
 A136       1.8210 0.10899   3.862 0.0000E+00  0.000   3.86
 A58        1.8213 0.05455   5.995 0.0000E+00  0.000   5.99
 A299       1.8224 0.08196   1.296 0.0000E+00  0.000   1.30
 A7         1.8233 0.04348   5.111 0.0000E+00  0.000   5.11
 A301       1.8260 0.07652   2.347 0.0000E+00  0.000   2.35
 A512       1.8265 0.05193   9.942 0.0000E+00  0.000   9.94
 A99        1.8275 0.09942   6.692 0.0000E+00  0.000   6.69
 A74        1.8282 0.06059   5.028 0.0000E+00  0.000   5.03
 A807       1.8302 0.05914   1.777 0.0000E+00  0.000   1.78
 A702       1.8308 0.14391   5.190 0.0000E+00  0.000   5.19
 A207       1.8311 0.00727   9.097 0.0000E+00  0.000   9.10
 A205       1.8351 0.10850   7.303 0.0000E+00  0.000   7.30
 A725       1.8365 0.01055   8.493 0.0000E+00  0.000   8.49
 A324       1.8370 0.07594   9.270 0.0000E+00  0.000   9.27
 A827       1.8373 0.03367   7.638 0.0000E+00  0.000   7.64
 A161       1.8379 0.04239   8.033 0.0000E+00  0.000   8.03
 A29        1.8410 0.04143   4.654 0.0000E+00  0.000   4.65
 A780       1.8423 0.12209   8.853 0.0000E+00  0.000   8.85
 A281       1.8438 0.08460   1.707 0.0000E+00  0.000   1.71
 A268       1.8443 0.08467   5.273 0.0000E+00  0.000   5.27
 A567       1.8529 0.08419   5.793 0.0000E+00  0.000   5.79
 A765       1.8549 0.05045   4.719 0.0000E+00  0.000   4.72
 A728       1.8556 0.16565   2.066 0.0000E+00  0.000   2.07
 A855       1.8561 0.05935   3.378 0.0000E+00  0.000   3.38
 A768       1.8587 0.00945   2.826 0.0000E+00  0.000   2.83
 A477       1.8601 0.04761   4.630 0.0000E+00  0.000   4.63
 A132       1.8616 0.08941   7.408 0.0000E+00  0.000   7.41
 A181       1.8621 0.01924   1.829 0.0000E+00  0.000   1.83
 A270       1.8636 0.12771   6.561 0.0000E+00  0.000   6.56
 A407       1.8637 0.02964   6.176 0.0000E+00  0.000   6.18
 A344       1.8680 0.04026   8.867 0.0000E+00  0.000   8.87
 A50        1.8698 0.00575   3.868 0.0000E+00  0.000   3.87
 A864       1.8719 0.00607   9.203 0.0000E+00  0.000   9.20
 A126       1.8725 0.03479   7.586 0.0000E+00  0.000   7.59
 A346       1.8775 0.08081   8.848 0.0000E+00  0.000   8.85
 A263       1.8781 0.07571   4.916 0.0000E+00  0.000   4.92
 A628       1.8788 0.10897   0.055 0.0000E+00  0.000   0.06
 A992       1.8799 0.08211   2.628 0.0000E+00  0.000   2.63
 A246       1.8808 0.17505   4.128 0.0000E+00  0.000   4.13
 A33        1.8815 0.03069   3.374 0.0000E+00  0.000   3.37
 A935       1.8841 0.05389   6.449 0.0000E+00  0.000   6.45
 A846       1.8845 0.05408   0.480 0.0000E+00  0.000   0.48
 A665       1.8928 0.10633   6.939 0.0000E+00  0.000   6.94
 A583       1.8961 0.09849   8.137 0.0000E+00  0.000   8.14
 A413       1.8965 0.04189   7.448 0.0000E+00  0.000   7.45
 A428       1.8974 0.13125   1.475 0.0000E+00  0.000   1.48
 A255       1.8979 0.12564   2.806 0.0000E+00  0.000   2.81
 A889       1.9050 0.10854   1.499 0.0000E+00  0.000   1.50
 A611       1.9084 0.17244   7.694 0.0000E+00  0.000   7.69
 A86        1.9086 0.14310   2.102 0.0000E+00  0.000   2.10
 A495       1.9090 0.06202   7.172 0.0000E+00  0.000   7.17
 A994       1.9256 0.09730   5.755 0.0000E+00  0.000   5.75
 A843       1.9261 0.04548   1.565 0.0000E+00  0.000   1.56
 A769       1.9266 0.06830   0.270 0.0000E+00  0.000   0.27
 A995       1.9282 0.06535   8.476 0.0000E+00  0.000   8.48
 A98        1.9298 0.01869   1.155 0.0000E+00  0.000   1.15
 A144       1.9318 0.07554   0.376 0.0000E+00  0.000   0.38
 A187       1.9321 0.12524   9.259 0.0000E+00  0.000   9.26
 A801       1.9327 0.04888   1.219 0.0000E+00  0.000   1.22
 A311       1.9370 0.10328   8.517 0.0000E+00  0.000   8.52
 A223       1.9374 0.03726   3.519 0.0000E+00  0.000   3.52
 A371       1.9383 0.04858   7.857 0.0000E+00  0.000   7.86
 A617       1.9457 0.11964   2.330 0.0000E+00  0.000   2.33
 A356       1.9466 0.08140   2.685 0.0000E+00  0.000   2.68
 A438       1.9485 0.08083   1.985 0.0000E+00  0.000   1.99
 A675       1.9486 0.09248   7.585 0.0000E+00  0.000   7.59
 A526       1.9522 0.11673   8.868 0.0000E+00  0.000   8.87
 A632       1.9545 0.07179   1.233 0.0000E+00  0.000   1.23
 A942       1.9568 0.07639   8.632 0.0000E+00  0.000   8.63
 A547       1.9635 0.09884   8.089 0.0000E+00  0.000   8.09
 A202       1.9650 0.14197   3.933 0.0000E+00  0.000   3.93
 A82        1.9656 0.16748   1.999 0.0000E+00  0.000   2.00
 A939       1.9682 0.07620   9.766 0.0000E+00  0.000   9.77
 A868       1.9688 0.11149   4.375 0.0000E+00  0.000   4.37
 A111       1.9713 0.02737   2.266 0.0000E+00  0.000   2.27
 A742       1.9731 0.02208   5.053 0.0000E+00  0.000   5.05
 A457       1.9769 0.10203   4.834 0.0000E+00  0.000   4.83
 A254       1.9780 0.01074   3.207 0.0000E+00  0.000   3.21
 A777       1.9810 0.06273   3.032 0.0000E+00  0.000   3.03
 A342       1.9815 0.10906   7.845 0.0000E+00  0.000   7.84
 A565       1.9828 0.07179   6.515 0.0000E+00  0.000   6.51
 A704       1.9928 0.15076   1.384 0.0000E+00  0.000   1.38
 A481       2.0002 0.09731   6.990 0.0000E+00  0.000   6.99
 A933       2.0005 0.00238   2.252 0.0000E+00  0.000   2.25
 A332       2.0019 0.01453   7.759 0.0000E+00  0.000   7.76
 A493       2.0036 0.13706   0.735 0.0000E+00  0.000   0.73
 A506       2.0046 0.05255   0.190 0.0000E+00  0.000   0.19
 A773       2.0067 0.02888   7.204 0.0000E+00  0.000   7.20
 A960       2.0085 0.02542   0.887 0.0000E+00  0.000   0.89
 A503       2.0111 0.11908   3.643 0.0000E+00  0.000   3.64
 A514       2.0112 0.06681   1.989 0.0000E+00  0.000   1.99
 A658       2.0190 0.12612   5.428 0.0000E+00  0.000   5.43
 A786       2.0254 0.05065   4.944 0.0000E+00  0.000   4.94
 A608       2.0259 0.14127   6.239 0.0000E+00  0.000   6.24
 A241       2.0266 0.08415   2.030 0.0000E+00  0.000   2.03
 A221       2.0273 0.07590   3.768 0.0000E+00  0.000   3.77
 A840       2.0276 0.00617   3.388 0.0000E+00  0.000   3.39
 A714       2.0278 0.15551   4.243 0.0000E+00  0.000   4.24
 A836       2.0311 0.00809   3.110 0.0000E+00  0.000   3.11
 A745       2.0315 0.12447  10.036 0.0000E+00  0.000  10.04
 A576       2.0329 0.08007   7.285 0.0000E+00  0.000   7.29
 A267       2.0385 0.11493   6.963 0.0000E+00  0.000   6.96
 A595       2.0396 0.13023   6.573 0.0000E+00  0.000   6.57
 A631       2.0435 0.07440   0.186 0.0000E+00  0.000   0.19
 A655       2.0443 0.03336   3.379 0.0000E+00  0.000   3.38
 A814       2.0504 0.10345   1.323 0.0000E+00  0.000   1.32
 A43        2.0506 0.14168   6.354 0.0000E+00  0.000   6.35
 A107       2.0507 0.01059   3.458 0.0000E+00  0.000   3.46
 A69        2.0561 0.06564   7.211 0.0000E+00  0.000   7.21
 A803       2.0576 0.08461   4.556 0.0000E+00  0.000   4.56
 A328       2.0601 0.23686   8.446 0.0000E+00  0.000   8.45
 A670       2.0706 0.16093   6.650 0.0000E+00  0.000   6.65
 A314       2.0721 0.10491   6.666 0.0000E+00  0.000   6.67
 A820       2.0816 0.10901   0.657 0.0000E+00  0.000   0.66
 A90        2.0876 0.05748   8.189 0.0000E+00  0.000   8.19
 A685       2.0887 0.05280   2.338 0.0000E+00  0.000   2.34
 A378       2.0887 0.10074   6.483 0.0000E+00  0.000   6.48
 A802       2.0888 0.06553   1.314 0.0000E+00  0.000   1.31
 A377       2.0891 0.13626   1.022 0.0000E+00  0.000   1.02
 A138       2.0895 0.16561   7.790 0.0000E+00  0.000   7.79
 A871       2.0907 0.08697   5.994 0.0000E+00  0.000   5.99
 A169       2.0963 0.12357   7.268 0.0000E+00  0.000   7.27
 A736       2.0982 0.05747   0.978 0.0000E+00  0.000   0.98
 A965       2.0995 0.10556   6.370 0.0000E+00  0.000   6.37
 A749       2.1035 0.08630   3.792 0.0000E+00  0.000   3.79
 A96        2.1044 0.09911   8.883 0.0000E+00  0.000   8.88
 A440       2.1075 0.04382   6.829 0.0000E+00  0.000   6.83
 A186       2.1121 0.08706   8.375 0.0000E+00  0.000   8.37
 A25        2.1136 0.03306   6.265 0.0000E+00  0.000   6.26
 A613       2.1206 0.07990   6.088 0.0000E+00  0.000   6.09
 A117       2.1208 0.07917   0.087 0.0000E+00  0.000   0.09
 A317       2.1214 0.11983   5.407 0.0000E+00  0.000   5.41
 A400       2.1222 0.03460   8.990 0.0000E+00  0.000   8.99
 A979       2.1242 0.10607   2.173 0.0000E+00  0.000   2.17
 A273       2.1269 0.04853   0.455 0.0000E+00  0.000   0.45
 A837       2.1277 0.07123   7.199 0.0000E+00  0.000   7.20
 A217       2.1279 0.08301   7.314 0.0000E+00  0.000   7.31
 A686       2.1294 0.07060   6.625 0.0000E+00  0.000   6.62
 A509       2.1321 0.18654   7.495 0.0000E+00  0.000   7.49
 A782       2.1341 0.11113   1.820 0.0000E+00  0.000   1.82
 A824       2.1343 0.08007   9.871 0.0000E+00  0.000   9.87
 A667       2.1353 0.04853   5.609 0.0000E+00  0.000   5.61
 A610       2.1360 0.08148   0.166 0.0000E+00  0.000   0.17
 A549       2.1361 0.13026   3.223 0.0000E+00  0.000   3.22
 A373       2.1394 0.03483   7.309 0.0000E+00  0.000   7.31
 A774       2.1396 0.07876   3.588 0.0000E+00  0.000   3.59
 A553       2.1435 0.16612   1.855 0.0000E+00  0.000   1.85
 A251       2.1448 0.01094   1.227 0.0000E+00  0.000   1.23
 A292       2.1454 0.05371   9.752 0.0000E+00  0.000   9.75
 A12        2.1459 0.01910   6.339 0.0000E+00  0.000   6.34
 A538       2.1518 0.16813   1.311 0.0000E+00  0.000   1.31
 A584       2.1545 0.07735   5.425 0.0000E+00  0.000   5.43
 A325       2.1559 0.13041   0.800 0.0000E+00  0.000   0.80
 A199       2.1598 0.04033   9.675 0.0000E+00  0.000   9.67
 A921       2.1633 0.09273   0.529 0.0000E+00  0.000   0.53
 A429       2.1649 0.17562   0.109 0.0000E+00  0.000   0.11
 A758       2.1680 0.11524   0.340 0.0000E+00  0.000   0.34
 A475       2.1707 0.04590   3.780 0.0000E+00  0.000   3.78
 A55        2.1717 0.10736   7.193 0.0000E+00  0.000   7.19
 A227       2.1730 0.11580   2.120 0.0000E+00  0.000   2.12
 A966       2.1736 0.10045   3.850 0.0000E+00  0.000   3.85
 A656       2.1740 0.09820   3.462 0.0000E+00  0.000   3.46
 A650       2.1749 0.04153   0.382 0.0000E+00  0.000   0.38
 A149       2.1795 0.09002   7.257 0.0000E+00  0.000   7.26
 A191       2.1871 0.05039   3.033 0.0000E+00  0.000   3.03
 A214       2.1902 0.13375   3.727 0.0000E+00  0.000   3.73
 A474       2.1929 0.15598   4.340 0.0000E+00  0.000   4.34
 A750       2.1934 0.08791   5.594 0.0000E+00  0.000   5.59
 A947       2.1955 0.10022   0.909 0.0000E+00  0.000   0.91
 A308       2.1971 0.12246   0.546 0.0000E+00  0.000   0.55
 A513       2.1975 0.07865   1.942 0.0000E+00  0.000   1.94
 A654       2.1976 0.07017   3.486 0.0000E+00  0.000   3.49
 A94        2.2003 0.10025   0.799 0.0000E+00  0.000   0.80
 A379       2.2030 0.11425   2.967 0.0000E+00  0.000   2.97
 A557       2.2049 0.07424   6.128 0.0000E+00  0.000   6.13
 A293       2.2102 0.09682   1.264 0.0000E+00  0.000   1.26
 A45        2.2128 0.12229   2.865 0.0000E+00  0.000   2.87
 A940       2.2179 0.16281   8.064 0.0000E+00  0.000   8.06
 A28        2.2185 0.02746   1.349 0.0000E+00  0.000   1.35
 A908       2.2218 0.07128   6.679 0.0000E+00  0.000   6.68
 A185       2.2245 0.06549   3.385 0.0000E+00  0.000   3.38
 A854       2.2267 0.07694   0.050 0.0000E+00  0.000   0.05
 A72        2.2273 0.01629   2.109 0.0000E+00  0.000   2.11
 A734       2.2295 0.03083   2.582 0.0000E+00  0.000   2.58
 A476       2.2341 0.07608   8.637 0.0000E+00  0.000   8.64
 A990       2.2528 0.06852   5.385 0.0000E+00  0.000   5.38
 A171       2.2549 0.12700   2.383 0.0000E+00  0.000   2.38
 A307       2.2585 0.08660   1.509 0.0000E+00  0.000   1.51
 A384       2.2623 0.08718   9.029 0.0000E+00  0.000   9.03
 A278       2.2647 0.03889   9.037 0.0000E+00  0.000   9.04
 A22        2.2651 0.05251   6.600 0.0000E+00  0.000   6.60
 A229       2.2653 0.14076   4.454 0.0000E+00  0.000   4.45
 A681       2.2662 0.12322   6.908 0.0000E+00  0.000   6.91
 A224       2.2664 0.05040   4.968 0.0000E+00  0.000   4.97
 A710       2.2668 0.07386   1.225 0.0000E+00  0.000   1.22
 A61        2.2728 0.01802   1.756 0.0000E+00  0.000   1.76
 A97        2.2728 0.09749   9.895 0.0000E+00  0.000   9.89
 A310       2.2954 0.08798   6.463 0.0000E+00  0.000   6.46
 A818       2.2960 0.05420   7.675 0.0000E+00  0.000   7.67
 A784       2.2963 0.11811   4.677 0.0000E+00  0.000   4.68
 A147       2.2963 0.05715   1.464 0.0000E+00  0.000   1.46
 A672       2.3008 0.01610   3.752 0.0000E+00  0.000   3.75
 A744       2.3024 0.11749   7.533 0.0000E+00  0.000   7.53
 A890       2.3025 0.07260   0.325 0.0000E+00  0.000   0.32
 A770       2.3059 0.03963   3.527 0.0000E+00  0.000   3.53
 A455       2.3124 0.09275   7.657 0.0000E+00  0.000   7.66
 A796       2.3134 0.04953   1.912 0.0000E+00  0.000   1.91
 A158       2.3159 0.15103   0.369 0.0000E+00  0.000   0.37
 A991       2.3169 0.03135   8.261 0.0000E+00  0.000   8.26
 A35        2.3200 0.14913   7.486 0.0000E+00  0.000   7.49
 A849       2.3204 0.05133   1.329 0.0000E+00  0.000   1.33
 A726       2.3205 0.07770   8.929 0.0000E+00  0.000   8.93
 A272       2.3253 0.01598   7.718 0.0000E+00  0.000   7.72
 A867       2.3263 0.08558   9.663 0.0000E+00  0.000   9.66
 A313       2.3313 0.13886   8.019 0.0000E+00  0.000   8.02
 A918       2.3393 0.08317   5.784 0.0000E+00  0.000   5.78
 A473       2.3398 0.07830   4.615 0.0000E+00  0.000   4.61
 A465       2.3400 0.13533   5.998 0.0000E+00  0.000   6.00
 A323       2.3470 0.12335   2.718 0.0000E+00  0.000   2.72
 A1000      2.3477 0.08354   0.556 0.0000E+00  0.000   0.56
 A436       2.3576 0.08671   7.889 0.0000E+00  0.000   7.89
 A165       2.3583 0.13436   3.564 0.0000E+00  0.000   3.56
 A174       2.3662 0.07785   4.260 0.0000E+00  0.000   4.26
 A902       2.3691 0.06075   8.951 0.0000E+00  0.000   8.95
 A790       2.3706 0.05122   2.126 0.0000E+00  0.000   2.13
 A127       2.3716 0.07616   4.976 0.0000E+00  0.000   4.98
 A375       2.3741 0.14590   2.440 0.0000E+00  0.000   2.44
 A257       2.3785 0.07841   4.255 0.0000E+00  0.000   4.25
 A605       2.3815 0.05123   0.429 0.0000E+00  0.000   0.43
 A641       2.3849 0.11658   1.862 0.0000E+00  0.000   1.86
 A748       2.3851 0.08105   4.482 0.0000E+00  0.000   4.48
 A858       2.3864 0.03479   9.590 0.0000E+00  0.000   9.59
 A530       2.3871 0.09833   6.955 0.0000E+00  0.000   6.96
 A20        2.3901 0.18394   4.263 0.0000E+00  0.000   4.26
 A321       2.3903 0.12794   6.269 0.0000E+00  0.000   6.27
 A696       2.3909 0.03855   4.781 0.0000E+00  0.000   4.78
 A48        2.3959 0.09191   3.047 0.0000E+00  0.000   3.05
 A93        2.3995 0.04087   1.310 0.0000E+00  0.000   1.31
 A156       2.4057 0.11265   4.488 0.0000E+00  0.000   4.49
 A101       2.4059 0.12312   9.408 0.0000E+00  0.000   9.41
 A967       2.4072 0.12893   6.101 0.0000E+00  0.000   6.10
 A444       2.4098 0.07167   5.702 0.0000E+00  0.000   5.70
 A695       2.4108 0.03313   4.122 0.0000E+00  0.000   4.12
 A895       2.4126 0.03442   9.887 0.0000E+00  0.000   9.89
 A345       2.4170 0.05958   4.007 0.0000E+00  0.000   4.01
 A159       2.4180 0.05523   1.097 0.0000E+00  0.000   1.10
 A876       2.4212 0.10883   4.213 0.0000E+00  0.000   4.21
 A821       2.4236 0.07240   3.048 0.0000E+00  0.000   3.05
 A998       2.4348 0.07843   5.263 0.0000E+00  0.000   5.26
 A776       2.4401 0.17918   1.462 0.0000E+00  0.000   1.46
 A831       2.4449 0.10305   9.130 0.0000E+00  0.000   9.13
 A953       2.4487 0.05480   5.537 0.0000E+00  0.000   5.54
 A943       2.4488 0.08514   7.663 0.0000E+00  0.000   7.66
 A172       2.4682 0.14236   7.991 0.0000E+00  0.000   7.99
 A442       2.4740 0.04685   2.607 0.0000E+00  0.000   2.61
 A701       2.4786 0.04866   9.867 0.0000E+00  0.000   9.87
 A388       2.4810 0.09134   2.623 0.0000E+00  0.000   2.62
 A112       2.4813 0.03116   6.336 0.0000E+00  0.000   6.34
 A337       2.4921 0.09233   2.263 0.0000E+00  0.000   2.26
 A791       2.4923 0.03354   6.697 0.0000E+00  0.000   6.70
 A13        2.4951 0.07643   7.728 0.0000E+00  0.000   7.73
 A102       2.5190 0.10999   2.779 0.0000E+00  0.000   2.78
 A599       2.5200 0.05305   3.365 0.0000E+00  0.000   3.37
 A859       2.5211 0.12656   1.501 0.0000E+00  0.000   1.50
 A884       2.5220 0.16108   1.265 0.0000E+00  0.000   1.27
 A975       2.5251 0.13571   4.257 0.0000E+00  0.000   4.26
 A367       2.5266 0.18681   4.270 0.0000E+00  0.000   4.27
 A236       2.5278 0.20092   1.478 0.0000E+00  0.000   1.48
 A424       2.5281 0.13382   8.698 0.0000E+00  0.000   8.70
 A651       2.5337 0.03654   0.888 0.0000E+00  0.000   0.89
 A287       2.5388 0.15486   4.764 0.0000E+00  0.000   4.76
 A705       2.5434 0.19975   5.603 0.0000E+00  0.000   5.60
 A922       2.5457 0.10508   3.082 0.0000E+00  0.000   3.08
 A468       2.5465 0.05995   5.047 0.0000E+00  0.000   5.05
 A374       2.5469 0.06478   8.543 0.0000E+00  0.000   8.54
 A352       2.5480 0.09467   6.703 0.0000E+00  0.000   6.70
 A89        2.5566 0.09901   7.179 0.0000E+00  0.000   7.18
 A861       2.5579 0.12347   3.015 0.0000E+00  0.000   3.01
 A690       2.5593 0.07439   4.652 0.0000E+00  0.000   4.65
 A42        2.5626 0.16486   6.802 0.0000E+00  0.000   6.80
 A11        2.5642 0.05565   7.927 0.0000E+00  0.000   7.93
 A596       2.5657 0.00582   9.989 0.0000E+00  0.000   9.99
 A706       2.5664 0.11609   3.633 0.0000E+00  0.000   3.63
 A222       2.5670 0.12750   5.995 0.0000E+00  0.000   5.99
 A806       2.5674 0.18127   7.912 0.0000E+00  0.000   7.91
 A167       2.5748 0.05275   5.677 0.0000E+00  0.000   5.68
 A851       2.5762 0.09096   4.669 0.0000E+00  0.000   4.67
 A331       2.5786 0.09834   2.681 0.0000E+00  0.000   2.68
 A844       2.5804 0.22027   6.052 0.0000E+00  0.000   6.05
 A666       2.5857 0.13952   3.036 0.0000E+00  0.000   3.04
 A239       2.5858 0.06096   6.392 0.0000E+00  0.000   6.39
 A688       2.5895 0.17635   3.260 0.0000E+00  0.000   3.26
 A31        2.5967 0.16080   8.702 0.0000E+00  0.000   8.70
 A175       2.5976 0.07091   4.350 0.0000E+00  0.000   4.35
 A422       2.5993 0.10199   5.242 0.0000E+00  0.000   5.24
 A276       2.6005 0.12126   0.424 0.0000E+00  0.000   0.42
 A431       2.6011 0.09727   2.485 0.0000E+00  0.000   2.48
 A284       2.6075 0.09651   4.871 0.0000E+00  0.000   4.87
 A256       2.6107 0.12860   9.122 0.0000E+00  0.000   9.12
 A450       2.6139 0.12378   3.193 0.0000E+00  0.000   3.19
 A609       2.6157 0.11464   8.362 0.0000E+00  0.000   8.36
 A896       2.6166 0.10306   7.733 0.0000E+00  0.000   7.73
 A213       2.6177 0.17602   5.226 0.0000E+00  0.000   5.23
 A141       2.6180 0.12207   1.749 0.0000E+00  0.000   1.75
 A662       2.6216 0.06901   2.794 0.0000E+00  0.000   2.79
 A135       2.6225 0.11409   9.378 0.0000E+00  0.000   9.38
 A661       2.6232 0.09360   4.385 0.0000E+00  0.000   4.39
 A454       2.6297 0.03317   9.841 0.0000E+00  0.000   9.84
 A891       2.6317 0.12407   7.052 0.0000E+00  0.000   7.05
 A338       2.6340 0.08946   7.316 0.0000E+00  0.000   7.32
 A184       2.6368 0.06326   6.734 0.0000E+00  0.000   6.73
 A372       2.6385 0.08410   2.793 0.0000E+00  0.000   2.79
 A204       2.6418 0.07640   7.868 0.0000E+00  0.000   7.87
 A386       2.6463 0.10165   3.974 0.0000E+00  0.000   3.97
 A925       2.6506 0.15230   1.743 0.0000E+00  0.000   1.74
 A853       2.6568 0.18719   0.584 0.0000E+00  0.000   0.58
 A67        2.6570 0.05188   6.296 0.0000E+00  0.000   6.30
 A872       2.6578 0.09321   0.196 0.0000E+00  0.000   0.20
 A968       2.6597 0.11204   4.997 0.0000E+00  0.000   5.00
 A6         2.6667 0.16068   4.302 0.0000E+00  0.000   4.30
 A938       2.6674 0.15007   0.793 0.0000E+00  0.000   0.79
 A718       2.6691 0.05124   5.571 0.0000E+00  0.000   5.57
 A489       2.6692 0.11475   7.149 0.0000E+00  0.000   7.15
 A957       2.6696 0.12361   5.466 0.0000E+00  0.000   5.47
 A887       2.6733 0.14323  10.017 0.0000E+00  0.000  10.02
 A715       2.6844 0.08747   2.358 0.0000E+00  0.000   2.36
 A709       2.6890 0.07299   4.142 0.0000E+00  0.000   4.14
 A730       2.6915 0.10634   4.908 0.0000E+00  0.000   4.91
 A471       2.6939 0.09141   7.146 0.0000E+00  0.000   7.15
 A630       2.6948 0.05751   0.924 0.0000E+00  0.000   0.92
 A100       2.6979 0.11524   6.480 0.0000E+00  0.000   6.48
 A39        2.6994 0.08725   9.238 0.0000E+00  0.000   9.24
 A360       2.7064 0.01919   0.001 0.0000E+00  0.000   0.00
 A4         2.7074 0.08985   2.444 0.0000E+00  0.000   2.44
 A911       2.7092 0.18657   2.182 0.0000E+00  0.000   2.18
 A499       2.7099 0.10420   2.786 0.0000E+00  0.000   2.79
 A963       2.7179 0.10099   7.075 0.0000E+00  0.000   7.08
 A833       2.7193 0.10921   8.934 0.0000E+00  0.000   8.93
 A815       2.7199 0.07423   3.656 0.0000E+00  0.000   3.66
 A316       2.7262 0.12982   7.364 0.0000E+00  0.000   7.36
 A934       2.7265 0.03766   1.858 0.0000E+00  0.000   1.86
 A303       2.7272 0.05866   6.270 0.0000E+00  0.000   6.27
 A409       2.7278 0.16954   4.945 0.0000E+00  0.000   4.94
 A682       2.7289 0.16431   3.335 0.0000E+00  0.000   3.34
 A208       2.7300 0.17955   9.904 0.0000E+00  0.000   9.90
 A917       2.7304 0.11669   6.624 0.0000E+00  0.000   6.62
 A552       2.7306 0.05804   5.709 0.0000E+00  0.000   5.71
 A300       2.7355 0.04668   6.723 0.0000E+00  0.000   6.72
 A451       2.7411 0.02590   8.156 0.0000E+00  0.000   8.16
 A694       2.7477 0.02549   1.494 0.0000E+00  0.000   1.49
 A87        2.7508 0.09454   7.922 0.0000E+00  0.000   7.92
 A747       2.7523 0.10881   2.155 0.0000E+00  0.000   2.16
 A243       2.7523 0.04963   8.839 0.0000E+00  0.000   8.84
 A624       2.7523 0.10489   8.516 0.0000E+00  0.000   8.52
 A760       2.7530 0.12572   2.395 0.0000E+00  0.000   2.40
 A312       2.7581 0.20172   7.586 0.0000E+00  0.000   7.59
 A800       2.7596 0.05966   3.460 0.0000E+00  0.000   3.46
 A2         2.7598 0.08452   0.468 0.0000E+00  0.000   0.47
 A735       2.7600 0.05452   4.786 0.0000E+00  0.000   4.79
 A336       2.7615 0.07234   3.363 0.0000E+00  0.000   3.36
 A37        2.7631 0.09775   2.814 0.0000E+00  0.000   2.81
 A294       2.7648 0.11812   5.690 0.0000E+00  0.000   5.69
 A365       2.7699 0.02515   8.172 0.0000E+00  0.000   8.17
 A393       2.7792 0.04537   6.520 0.0000E+00  0.000   6.52
 A19        2.7802 0.03303   9.574 0.0000E+00  0.000   9.57
 A432       2.7819 0.16725   1.936 0.0000E+00  0.000   1.94
 A838       2.7881 0.04432   3.041 0.0000E+00  0.000   3.04
 A339       2.7914 0.15722   1.734 0.0000E+00  0.000   1.73
 A648       2.7937 0.09599   5.262 0.0000E+00  0.000   5.26
 A120       2.7951 0.16408   7.844 0.0000E+00  0.000   7.84
 A233       2.7952 0.09507   4.293 0.0000E+00  0.000   4.29
 A237       2.7977 0.15409   4.072 0.0000E+00  0.000   4.07
 A812       2.8043 0.07932   1.420 0.0000E+00  0.000   1.42
 A629       2.8075 0.09245   3.569 0.0000E+00  0.000   3.57
 A163       2.8089 0.13557   2.754 0.0000E+00  0.000   2.75
 A826       2.8098 0.17564   1.067 0.0000E+00  0.000   1.07
 A764       2.8140 0.04902   8.663 0.0000E+00  0.000   8.66
 A574       2.8330 0.13741   5.419 0.0000E+00  0.000   5.42
 A353       2.8398 0.11005   6.427 0.0000E+00  0.000   6.43
 A196       2.8404 0.03096   5.985 0.0000E+00  0.000   5.99
 A403       2.8418 0.15187   1.708 0.0000E+00  0.000   1.71
 A888       2.8441 0.20039   2.254 0.0000E+00  0.000   2.25
 A340       2.8485 0.06095   4.562 0.0000E+00  0.000   4.56
 A507       2.8504 0.07431   2.795 0.0000E+00  0.000   2.80
 A620       2.8510 0.14573   0.673 0.0000E+00  0.000   0.67
 A762       2.8525 0.05760   9.419 0.0000E+00  0.000   9.42
 A426       2.8548 0.09486   9.283 0.0000E+00  0.000   9.28
 A528       2.8567 0.14172   7.520 0.0000E+00  0.000   7.52
 A600       2.8587 0.19638   0.523 0.0000E+00  0.000   0.52
 A850       2.8592 0.15160   1.458 0.0000E+00  0.000   1.46
 A763       2.8602 0.14953   1.831 0.0000E+00  0.000   1.83
 A881       2.8655 0.12482   5.713 0.0000E+00  0.000   5.71
 A984       2.8665 0.08098   3.613 0.0000E+00  0.000   3.61
 A483       2.8666 0.23296   2.973 0.0000E+00  0.000   2.97
 A320       2.8694 0.06186   9.322 0.0000E+00  0.000   9.32
 A177       2.8712 0.03999   2.781 0.0000E+00  0.000   2.78
 A912       2.8714 0.10490   7.999 0.0000E+00  0.000   8.00
 A612       2.8786 0.05819   8.201 0.0000E+00  0.000   8.20
 A540       2.8816 0.07901   8.411 0.0000E+00  0.000   8.41
 A754       2.8843 0.07451   3.129 0.0000E+00  0.000   3.13
 A330       2.8854 0.12724   7.652 0.0000E+00  0.000   7.65
 A382       2.8867 0.08514   1.216 0.0000E+00  0.000   1.22
 A737       2.8903 0.14496   3.090 0.0000E+00  0.000   3.09
 A794       2.8918 0.08476   8.398 0.0000E+00  0.000   8.40
 A669       2.8918 0.20536   0.342 0.0000E+00  0.000   0.34
 A679       2.8990 0.03340   4.818 0.0000E+00  0.000   4.82
 A727       2.9046 0.15853   4.186 0.0000E+00  0.000   4.19
 A333       2.9094 0.06567   7.484 0.0000E+00  0.000   7.48
 A885       2.9097 0.07459   8.232 0.0000E+00  0.000   8.23
 A830       2.9144 0.08803   1.878 0.0000E+00  0.000   1.88
 A478       2.9224 0.06578   2.418 0.0000E+00  0.000   2.42
 A785       2.9240 0.08555   2.084 0.0000E+00  0.000   2.08
 A484       2.9248 0.17007   4.524 0.0000E+00  0.000   4.52
 A359       2.9303 0.05354   7.159 0.0000E+00  0.000   7.16
 A193       2.9382 0.08320   2.994 0.0000E+00  0.000   2.99
 A659       2.9394 0.08715   5.032 0.0000E+00  0.000   5.03
 A77        2.9408 0.03997   8.878 0.0000E+00  0.000   8.88
 A64        2.9421 0.23507   8.765 0.0000E+00  0.000   8.77
 A143       2.9464 0.13564   5.564 0.0000E+00  0.000   5.56
 A49        2.9472 0.02911   4.165 0.0000E+00  0.000   4.17
 A8         2.9494 0.14741   5.350 0.0000E+00  0.000   5.35
 A931       2.9651 0.18091   3.689 0.0000E+00  0.000   3.69
 A176       2.9651 0.16792   6.916 0.0000E+00  0.000   6.92
 A21        2.9655 0.10096   4.559 0.0000E+00  0.000   4.56
 A459       2.9656 0.04102   2.416 0.0000E+00  0.000   2.42
 A59        2.9713 0.13429   6.013 0.0000E+00  0.000   6.01
 A869       2.9726 0.12617   9.383 0.0000E+00  0.000   9.38
 A986       2.9757 0.12048   2.772 0.0000E+00  0.000   2.77
 A118       2.9852 0.02183   9.068 0.0000E+00  0.000   9.07
 A501       2.9873 0.05933   0.610 0.0000E+00  0.000   0.61
 A720       2.9895 0.06070   2.850 0.0000E+00  0.000   2.85
 A182       2.9982 0.12216   9.109 0.0000E+00  0.000   9.11
 A115       2.9984 0.02336   0.990 0.0000E+00  0.000   0.99
 A462       3.0000 0.11406   2.748 0.0000E+00  0.000   2.75
 A410       3.0019 0.09236   3.735 0.0000E+00  0.000   3.74
 A408       3.0041 0.12896   2.363 0.0000E+00  0.000   2.36
 A23        3.0097 0.13076   1.291 0.0000E+00  0.000   1.29
 A235       3.0165 0.08689   8.634 0.0000E+00  0.000   8.63
 A464       3.0204 0.13278   0.820 0.0000E+00  0.000   0.82
 A527       3.0232 0.16411   3.035 0.0000E+00  0.000   3.03
 A282       3.0257 0.01061   0.166 0.0000E+00  0.000   0.17
 A640       3.0313 0.04306   5.554 0.0000E+00  0.000   5.55
 A590       3.0383 0.11868   3.984 0.0000E+00  0.000   3.98
 A897       3.0389 0.12954   9.386 0.0000E+00  0.000   9.39
 A883       3.0401 0.10982   6.492 0.0000E+00  0.000   6.49
 A1         3.0404 0.16064   2.636 0.0000E+00  0.000   2.64
 A240       3.0426 0.09671   5.108 0.0000E+00  0.000   5.11
 A646       3.0490 0.14073   2.552 0.0000E+00  0.000   2.55
 A385       3.0534 0.08380   1.463 0.0000E+00  0.000   1.46
 A804       3.0574 0.15325   3.496 0.0000E+00  0.000   3.50
 A397       3.0614 0.08812   1.129 0.0000E+00  0.000   1.13
 A712       3.0625 0.11859   5.158 0.0000E+00  0.000   5.16
 A54        3.0668 0.09589   0.718 0.0000E+00  0.000   0.72
 A123       3.0736 0.14147   3.698 0.0000E+00  0.000   3.70
 A416       3.0741 0.15136   5.046 0.0000E+00  0.000   5.05
 A550       3.0749 0.12137   7.778 0.0000E+00  0.000   7.78
 A248       3.0776 0.10710   6.552 0.0000E+00  0.000   6.55
 A539       3.0793 0.14996   2.843 0.0000E+00  0.000   2.84
 A692       3.0794 0.15783   6.464 0.0000E+00  0.000   6.46
 A76        3.0797 0.13018   5.956 0.0000E+00  0.000   5.96
 A252       3.0809 0.07937   0.189 0.0000E+00  0.000   0.19
 A722       3.0870 0.15070  10.131 0.0000E+00  0.000  10.13
 A420       3.0884 0.11862   1.397 0.0000E+00  0.000   1.40
 A566       3.0896 0.04219   9.563 0.0000E+00  0.000   9.56
 A689       3.0957 0.06704   3.755 0.0000E+00  0.000   3.76
 A893       3.1019 0.10937   5.455 0.0000E+00  0.000   5.45
 A106       3.1057 0.05958   6.250 0.0000E+00  0.000   6.25
 A391       3.1069 0.17458   3.528 0.0000E+00  0.000   3.53
 A456       3.1111 0.04562   3.627 0.0000E+00  0.000   3.63
 A71        3.1177 0.11489   4.133 0.0000E+00  0.000   4.13
 A218       3.1180 0.04271   6.850 0.0000E+00  0.000   6.85
 A996       3.1201 0.18849   4.541 0.0000E+00  0.000   4.54
 A68        3.1223 0.12004   8.429 0.0000E+00  0.000   8.43
 A250       3.1235 0.10423   1.677 0.0000E+00  0.000   1.68
 A78        3.1253 0.15349   9.488 0.0000E+00  0.000   9.49
 A247       3.1281 0.13885   1.471 0.0000E+00  0.000   1.47
 A653       3.1282 0.12421   8.383 0.0000E+00  0.000   8.38
 A16        3.1283 0.17484   4.690 0.0000E+00  0.000   4.69
 A194       3.1322 0.17479   8.721 0.0000E+00  0.000   8.72
 A335       3.1323 0.07592   9.103 0.0000E+00  0.000   9.10
 A133       3.1369 0.04346   8.507 0.0000E+00  0.000   8.51
 A279       3.1441 0.13664   9.546 0.0000E+00  0.000   9.55
 A244       3.1484 0.05381   7.120 0.0000E+00  0.000   7.12
 A674       3.1488 0.13469   7.265 0.0000E+00  0.000   7.26
 A589       3.1526 0.10566   7.956 0.0000E+00  0.000   7.96
 A819       3.1568 0.16321   0.347 0.0000E+00  0.000   0.35
 A103       3.1627 0.01920   3.330 0.0000E+00  0.000   3.33
 A766       3.1687 0.07380   7.668 0.0000E+00  0.000   7.67
 A592       3.1735 0.06421   3.089 0.0000E+00  0.000   3.09
 A546       3.1750 0.07783   5.958 0.0000E+00  0.000   5.96
 A877       3.1770 0.06388   7.768 0.0000E+00  0.000   7.77
 A40        3.1771 0.06379   8.582 0.0000E+00  0.000   8.58
 A959       3.1775 0.08314   2.011 0.0000E+00  0.000   2.01
 A711       3.1788 0.06234   6.461 0.0000E+00  0.000   6.46
 A305       3.1798 0.11509   8.123 0.0000E+00  0.000   8.12
 A480       3.1803 0.07180   5.845 0.0000E+00  0.000   5.85
 A949       3.1812 0.07090   4.539 0.0000E+00  0.000   4.54
 A401       3.1830 0.04516   5.456 0.0000E+00  0.000   5.46
 A834       3.1854 0.06537   0.374 0.0000E+00  0.000   0.37
 A707       3.1908 0.12359   0.893 0.0000E+00  0.000   0.89
 A195       3.1910 0.10876   9.246 0.0000E+00  0.000   9.25
 A898       3.1926 0.05947   3.457 0.0000E+00  0.000   3.46
 A716       3.1985 0.08856   6.023 0.0000E+00  0.000   6.02
 A657       3.2007 0.16545   2.948 0.0000E+00  0.000   2.95
 A73        3.2017 0.26606   1.161 0.0000E+00  0.000   1.16
 A572       3.2092 0.18383   2.075 0.0000E+00  0.000   2.08
 A326       3.2138 0.07467   0.218 0.0000E+00  0.000   0.22
 A60        3.2156 0.14001   7.128 0.0000E+00  0.000   7.13
 A832       3.2165 0.12045   8.352 0.0000E+00  0.000   8.35
 A327       3.2176 0.15050   3.686 0.0000E+00  0.000   3.69
 A606       3.2201 0.43516  15.292 0.0000E+00  0.000  15.29
 A930       3.2224 0.14218   6.070 0.0000E+00  0.000   6.07
 A563       3.2242 0.04746   1.640 0.0000E+00  0.000   1.64
 A700       3.2246 0.07156   2.178 0.0000E+00  0.000   2.18
 A910       3.2248 0.15394   5.340 0.0000E+00  0.000   5.34
 A626       3.2298 0.06906   5.649 0.0000E+00  0.000   5.65
 A261       3.2298 0.20721  14.788 0.0000E+00  0.000  14.79
 A644       3.2301 0.11329   0.746 0.0000E+00  0.000   0.75
 A676       3.2304 0.06152   1.717 0.0000E+00  0.000   1.72
 A551       3.2329 0.10067   8.329 0.0000E+00  0.000   8.33
 A350       3.2335 0.09012   1.826 0.0000E+00  0.000   1.83
 A985       3.2345 0.44291  12.296 0.0000E+00  0.000  12.30
 A825       3.2410 0.10081  10.000 0.0000E+00  0.000  10.00
 A298       3.2463 0.10069   4.209 0.0000E+00  0.000   4.21
 A954       3.2578 0.06188   0.919 0.0000E+00  0.000   0.92
 A937       3.2649 0.08547   3.597 0.0000E+00  0.000   3.60
 A81        3.2835 0.15377  14.315 0.0000E+00  0.000  14.31
 A518       3.2937 0.40474  44.461 0.0000E+00  0.000  44.46
 A238       3.3049 0.17727  20.653 0.0000E+00  0.000  20.65
 A779       3.3090 0.11771   9.979 0.0000E+00  0.000   9.98
 A808       3.3257 0.06085   0.413 0.0000E+00  0.000   0.41
 A231       3.3291 0.17403  10.373 0.0000E+00  0.000  10.37
 A680       3.3291 0.11664   5.159 0.0000E+00  0.000   5.16
 A70        3.3338 0.29757   5.827 0.0000E+00  0.000   5.83
 A775       3.3357 0.21014  29.553 0.0000E+00  0.000  29.55
 A643       3.3363 0.01669   6.235 0.0000E+00  0.000   6.24
 A271       3.3395 0.16384   9.473 0.0000E+00  0.000   9.47
 A363       3.3421 0.08661   4.026 0.0000E+00  0.000   4.03
 A192       3.3428 0.36139   1.058 0.0000E+00  0.000   1.06
 A209       3.3434 0.13712   3.136 0.0000E+00  0.000   3.14
 A684       3.3443 0.05328   1.368 0.0000E+00  0.000   1.37
 A759       3.3456 0.10756   3.949 0.0000E+00  0.000   3.95
 A357       3.3473 0.10883   8.588 0.0000E+00  0.000   8.59
 A621       3.3476 0.20474   1.571 0.0000E+00  0.000   1.57
 A781       3.3528 0.15756   7.061 0.0000E+00  0.000   7.06
 A616       3.3577 0.07097   1.076 0.0000E+00  0.000   1.08
 A376       3.3592 0.10944   1.080 0.0000E+00  0.000   1.08
 A929       3.3593 0.06961   3.409 0.0000E+00  0.000   3.41
 A262       3.3613 0.17695   3.087 0.0000E+00  0.000   3.09
 A520       3.3713 0.09878   7.318 0.0000E+00  0.000   7.32
 A524       3.3718 0.10314   2.109 0.0000E+00  0.000   2.11
 A598       3.3745 0.06031   6.079 0.0000E+00  0.000   6.08
 A128       3.3781 0.05844   4.301 0.0000E+00  0.000   4.30
 A997       3.3828 0.09144   8.976 0.0000E+00  0.000   8.98
 A542       3.3864 0.07392   5.395 0.0000E+00  0.000   5.39
 A66        3.3870 0.08004   5.151 0.0000E+00  0.000   5.15
 A137       3.3902 0.11685   6.966 0.0000E+00  0.000   6.97
 A370       3.3928 0.10699   4.253 0.0000E+00  0.000   4.25
 A131       3.3933 0.24435   3.327 0.0000E+00  0.000   3.33
 A53        3.3955 0.13066   2.569 0.0000E+00  0.000   2.57
 A805       3.3960 0.20810   8.016 0.0000E+00  0.000   8.02
 A597       3.3987 0.14916   2.634 0.0000E+00  0.000   2.63
 A914       3.4024 0.10986   8.446 0.0000E+00  0.000   8.45
 A160       3.4035 0.09788   4.322 0.0000E+00  0.000   4.32
 A573       3.4050 0.02753   1.387 0.0000E+00  0.000   1.39
 A458       3.4080 0.16177   3.295 0.0000E+00  0.000   3.29
 A697       3.4101 0.10229   6.608 0.0000E+00  0.000   6.61
 A568       3.4171 0.17218   1.592 0.0000E+00  0.000   1.59
 A813       3.4196 0.03418   8.105 0.0000E+00  0.000   8.11
 A874       3.4204 0.30164   4.827 0.0000E+00  0.000   4.83
 A154       3.4227 0.04148   3.262 0.0000E+00  0.000   3.26
 A460       3.4241 0.11087   0.863 0.0000E+00  0.000   0.86
 A741       3.4255 0.10322   8.794 0.0000E+00  0.000   8.79
 A778       3.4267 0.08268   5.878 0.0000E+00  0.000   5.88
 A569       3.4336 0.02946   8.799 0.0000E+00  0.000   8.80
 A27        3.4342 0.14054   8.495 0.0000E+00  0.000   8.50
 A57        3.4364 0.15241   5.380 0.0000E+00  0.000   5.38
 A166       3.4393 0.14877   0.594 0.0000E+00  0.000   0.59
 A523       3.4442 0.13665   1.412 0.0000E+00  0.000   1.41
 A708       3.4447 0.13811   5.436 0.0000E+00  0.000   5.44
 A463       3.4488 0.18141   7.102 0.0000E+00  0.000   7.10
 A558       3.4544 0.10619   2.395 0.0000E+00  0.000   2.40
 A322       3.4545 0.07136   6.871 0.0000E+00  0.000   6.87
 A502       3.4620 0.17969   2.960 0.0000E+00  0.000   2.96
 A873       3.4718 0.10451   6.036 0.0000E+00  0.000   6.04
 A970       3.4784 0.10420   2.109 0.0000E+00  0.000   2.11
 A452       3.4839 0.14758   4.325 0.0000E+00  0.000   4.32
 A75        3.4860 0.04940  10.917 0.0000E+00  0.000  10.92
 A623       3.4878 0.03703   5.472 0.0000E+00  0.000   5.47
 A645       3.4881 0.17774   9.124 0.0000E+00  0.000   9.12
 A981       3.4911 0.10285   7.898 0.0000E+00  0.000   7.90
 A260       3.4919 0.15713   0.069 0.0000E+00  0.000   0.07
 A789       3.4990 0.15553   3.098 0.0000E+00  0.000   3.10
 A415       3.5013 0.13304   4.966 0.0000E+00  0.000   4.97
 A110       3.5016 0.14157   0.202 0.0000E+00  0.000   0.20
 A295       3.5074 0.12115   4.309 0.0000E+00  0.000   4.31
 A923       3.5205 0.03955   3.628 0.0000E+00  0.000   3.63
 A945       3.5337 0.14784   5.397 0.0000E+00  0.000   5.40
 A433       3.5397 0.17804   0.585 0.0000E+00  0.000   0.59
 A245       3.5438 0.06325   5.866 0.0000E+00  0.000   5.87
 A108       3.5455 0.11014   7.344 0.0000E+00  0.000   7.34
 A906       3.5456 0.09904   4.198 0.0000E+00  0.000   4.20
 A453       3.5467 0.17237   5.012 0.0000E+00  0.000   5.01
 A829       3.5490 0.12364   4.107 0.0000E+00  0.000   4.11
 A274       3.5512 0.02416   1.278 0.0000E+00  0.000   1.28
 A882       3.5531 0.17346   5.337 0.0000E+00  0.000   5.34
 A531       3.5542 0.14932   0.645 0.0000E+00  0.000   0.64
 A987       3.5606 0.02973   9.313 0.0000E+00  0.000   9.31
 A999       3.5772 0.17832   2.822 0.0000E+00  0.000   2.82
 A561       3.5944 0.17678   8.339 0.0000E+00  0.000   8.34
 A105       3.6000 0.13294   3.854 0.0000E+00  0.000   3.85
 A920       3.6005 0.08736   1.626 0.0000E+00  0.000   1.63
 A500       3.6184 0.20920   7.491 0.0000E+00  0.000   7.49
 A220       3.6184 0.05306   2.157 0.0000E+00  0.000   2.16
 A955       3.6281 0.06293   3.546 0.0000E+00  0.000   3.55
 A894       3.6301 0.15199   8.608 0.0000E+00  0.000   8.61
 A932       3.6304 0.02794   3.193 0.0000E+00  0.000   3.19
 A219       3.6316 0.12961   6.279 0.0000E+00  0.000   6.28
 A417       3.6371 0.19157   9.866 0.0000E+00  0.000   9.87
 A46        3.6391 0.01354   8.590 0.0000E+00  0.000   8.59
 A580       3.6451 0.06306   2.246 0.0000E+00  0.000   2.25
 A124       3.6457 0.12203   1.904 0.0000E+00  0.000   1.90
 A434       3.6522 0.05351   3.550 0.0000E+00  0.000   3.55
 A52        3.6536 0.07523   4.114 0.0000E+00  0.000   4.11
 A435       3.6579 0.18434   5.196 0.0000E+00  0.000   5.20
 A402       3.6597 0.14471   2.657 0.0000E+00  0.000   2.66
 A291       3.6638 0.04738   7.994 0.0000E+00  0.000   7.99
 A927       3.6798 0.13932   1.069 0.0000E+00  0.000   1.07
 A148       3.7000 0.22344   0.445 0.0000E+00  0.000   0.44
 A383       3.7372 0.02159   0.424 0.0000E+00  0.000   0.42
 A579       3.7373 0.21442   0.361 0.0000E+00  0.000   0.36
 A183       3.7449 0.03275   4.176 0.0000E+00  0.000   4.18
 A242       3.7649 0.11714   9.490 0.0000E+00  0.000   9.49
 A446       3.7772 0.14535   8.949 0.0000E+00  0.000   8.95
 A622       3.7815 0.15723   1.848 0.0000E+00  0.000   1.85
 A587       3.7903 0.19966   6.348 0.0000E+00  0.000   6.35
 A863       3.8303 0.18562   0.055 0.0000E+00  0.000   0.06
 A647       3.8373 0.18981   5.828 0.0000E+00  0.000   5.83
 A200       3.8527 0.05804   1.603 0.0000E+00  0.000   1.60
 A904       3.8787 0.19632   0.282 0.0000E+00  0.000   0.28
 A723       3.8835 0.10209   1.300 0.0000E+00  0.000   1.30
 A125       3.9095 0.07212   4.508 0.0000E+00  0.000   4.51
 A570       3.9250 0.14992  13.115 0.0000E+00  0.000  13.12
 A913       3.9304 0.09026   1.065 0.0000E+00  0.000   1.07
 A198       3.9359 0.30377   1.582 0.0000E+00  0.000   1.58
 A392       3.9379 0.16565   6.255 0.0000E+00  0.000   6.26
 A212       3.9413 0.05238   7.574 0.0000E+00  0.000   7.57
 A614       3.9495 0.15908   2.738 0.0000E+00  0.000   2.74
 A810       3.9556 0.15622   6.130 0.0000E+00  0.000   6.13
 A783       3.9595 0.22937   8.331 0.0000E+00  0.000   8.33
 A5         3.9942 0.13257   8.441 0.0000E+00  0.000   8.44
 A30        3.9954 0.16015   3.096 0.0000E+00  0.000   3.10
 A719       4.0015 0.29622   4.111 0.0000E+00  0.000   4.11
 A761       4.0170 0.19146   1.568 0.0000E+00  0.000   1.57
 A479       4.0208 0.17970   2.101 0.0000E+00  0.000   2.10
 JUPITER    5.2031 0.09997   0.000 9.5479E-04  0.000   0.00
