 EARTHMOO   1.0000 0.00737   0.000 9.1213E-06  0.000   0.00
 A430       1.5000 0.04131   1.716 0.0000E+00  0.000   1.72
 A900       1.5009 0.09274   3.097 0.0000E+00  0.000   3.10
 A591       1.5051 0.00225   7.238 0.0000E+00  0.000   7.24
 A534       1.5118 0.06648   8.411 0.0000E+00  0.000   8.41
 A288       1.5166 0.01137   1.875 0.0000E+00  0.000   1.87
 A926       1.5204 0.08959   4.948 0.0000E+00  0.000   4.95
 A79        1.5213 0.00727   9.496 0.0000E+00  0.000   9.50
 A83        1.5227 0.07075   5.467 0.0000E+00  0.000   5.47
 A487       1.5245 0.07895   2.622 0.0000E+00  0.000   2.62
 A729       1.5276 0.04484   5.924 0.0000E+00  0.000   5.92
 A51        1.5321 0.06299   6.496 0.0000E+00  0.000   6.50
 A277       1.5343 0.08460   7.570 0.0000E+00  0.000   7.57
 A41        1.5454 0.08396   1.511 0.0000E+00  0.000   1.51
 A950       1.5456 0.02440   1.668 0.0000E+00  0.000   1.67
 A771       1.5460 0.09935   5.426 0.0000E+00  0.000   5.43
 A816       1.5485 0.06023   1.953 0.0000E+00  0.000   1.95
 A44        1.5503 0.04397   7.221 0.0000E+00  0.000   7.22
 A421       1.5531 0.04289   1.439 0.0000E+00  0.000   1.44
 A498       1.5538 0.01998   1.575 0.0000E+00  0.000   1.57
 A687       1.5543 0.07410   7.554 0.0000E+00  0.000   7.55
 A532       1.5576 0.05127   9.729 0.0000E+00  0.000   9.73
 A395       1.5585 0.11049   2.613 0.0000E+00  0.000   2.61
 A178       1.5624 0.02674   1.743 0.0000E+00  0.000   1.74
 A536       1.5626 0.05169   0.799 0.0000E+00  0.000   0.80
 A973       1.5674 0.10475   9.534 0.0000E+00  0.000   9.53
 A862       1.5721 0.03515   2.667 0.0000E+00  0.000   2.67
 A901       1.5744 0.04990   5.382 0.0000E+00  0.000   5.38
 A485       1.5755 0.08720   4.215 0.0000E+00  0.000   4.22
 A406       1.5765 0.04686   4.931 0.0000E+00  0.000   4.93
 A978       1.5773 0.06009   7.076 0.0000E+00  0.000   7.08
 A857       1.5784 0.04858   0.047 0.0000E+00  0.000   0.05
 A290       1.5805 0.01775   9.548 0.0000E+00  0.000   9.55
 A85        1.5846 0.05368   5.335 0.0000E+00  0.000   5.33
 A504       1.5863 0.32740   7.090 0.0000E+00  0.000   7.09
 A516       1.5896 0.08163   8.959 0.0000E+00  0.000   8.96
 A673       1.5912 0.03944   7.565 0.0000E+00  0.000   7.57
 A541       1.5914 0.07744   6.514 0.0000E+00  0.000   6.51
 A510       1.5932 0.03683   7.462 0.0000E+00  0.000   7.46
 A225       1.5949 0.06174   6.940 0.0000E+00  0.000   6.94
 A625       1.6003 0.04231   0.316 0.0000E+00  0.000   0.32
 A634       1.6028 0.03909   8.721 0.0000E+00  0.000   8.72
 A142       1.6054 0.04911   6.546 0.0000E+00  0.000   6.55
 A47        1.6055 0.03510   5.606 0.0000E+00  0.000   5.61
 A903       1.6107 0.05205   3.623 0.0000E+00  0.000   3.62
 A116       1.6123 0.09032   4.419 0.0000E+00  0.000   4.42
 A792       1.6198 0.11391   8.953 0.0000E+00  0.000   8.95
 A497       1.6215 0.08984   8.076 0.0000E+00  0.000   8.08
 A746       1.6286 0.09118   4.218 0.0000E+00  0.000   4.22
 A405       1.6292 0.02856   8.271 0.0000E+00  0.000   8.27
 A34        1.6346 0.03817   8.243 0.0000E+00  0.000   8.24
 A427       1.6366 0.06148   5.298 0.0000E+00  0.000   5.30
 A341       1.6369 0.06426   9.635 0.0000E+00  0.000   9.63
 A95        1.6377 0.12618   5.521 0.0000E+00  0.000   5.52
 A841       1.6396 0.14161   7.772 0.0000E+00  0.000   7.77
 A602       1.6420 0.04049   5.260 0.0000E+00  0.000   5.26
 A380       1.6436 0.11193   2.284 0.0000E+00  0.000   2.28
 A517       1.6444 0.10789   7.758 0.0000E+00  0.000   7.76
 A14        1.6447 0.03239   0.435 0.0000E+00  0.000   0.44
 A297       1.6477 0.06211   5.088 0.0000E+00  0.000   5.09
 A751       1.6507 0.09450   9.166 0.0000E+00  0.000   9.17
 A556       1.6511 0.03898   5.097 0.0000E+00  0.000   5.10
 A447       1.6513 0.09137   9.549 0.0000E+00  0.000   9.55
 A62        1.6526 0.02808   7.294 0.0000E+00  0.000   7.29
 A315       1.6531 0.07432   6.524 0.0000E+00  0.000   6.52
 A880       1.6555 0.06409   7.528 0.0000E+00  0.000   7.53
 A362       1.6573 0.01667   7.003 0.0000E+00  0.000   7.00
 A878       1.6580 0.01286   8.624 0.0000E+00  0.000   8.62
 A639       1.6584 0.07729   3.994 0.0000E+00  0.000   3.99
 A84        1.6596 0.06767   2.446 0.0000E+00  0.000   2.45
 A703       1.6602 0.06291   2.075 0.0000E+00  0.000   2.07
 A351       1.6603 0.07327   5.678 0.0000E+00  0.000   5.68
 A615       1.6624 0.03125   3.740 0.0000E+00  0.000   3.74
 A145       1.6705 0.01686   5.963 0.0000E+00  0.000   5.96
 A852       1.6737 0.05519   4.031 0.0000E+00  0.000   4.03
 A343       1.6800 0.05762   9.954 0.0000E+00  0.000   9.95
 A488       1.6821 0.07937   6.962 0.0000E+00  0.000   6.96
 A399       1.6835 0.07686   1.409 0.0000E+00  0.000   1.41
 A216       1.6849 0.08393   3.905 0.0000E+00  0.000   3.90
 A189       1.6887 0.00274   9.721 0.0000E+00  0.000   9.72
 A618       1.6918 0.04970   4.300 0.0000E+00  0.000   4.30
 A306       1.6940 0.05138   3.388 0.0000E+00  0.000   3.39
 A721       1.6965 0.04772   9.954 0.0000E+00  0.000   9.95
 A636       1.6979 0.05325   5.317 0.0000E+00  0.000   5.32
 A731       1.7064 0.14751   5.120 0.0000E+00  0.000   5.12
 A448       1.7119 0.02241   1.574 0.0000E+00  0.000   1.57
 A358       1.7125 0.02919   4.187 0.0000E+00  0.000   4.19
 A554       1.7185 0.12622   9.259 0.0000E+00  0.000   9.26
 A17        1.7216 0.00284   9.788 0.0000E+00  0.000   9.79
 A283       1.7248 0.07709   8.820 0.0000E+00  0.000   8.82
 A18        1.7249 0.07730   1.527 0.0000E+00  0.000   1.53
 A980       1.7266 0.04198   2.276 0.0000E+00  0.000   2.28
 A515       1.7272 0.00801   4.448 0.0000E+00  0.000   4.45
 A944       1.7307 0.04208   0.668 0.0000E+00  0.000   0.67
 A866       1.7368 0.07424   6.086 0.0000E+00  0.000   6.09
 A603       1.7411 0.05459   8.533 0.0000E+00  0.000   8.53
 A671       1.7442 0.09925   0.272 0.0000E+00  0.000   0.27
 A581       1.7443 0.07107   5.382 0.0000E+00  0.000   5.38
 A119       1.7454 0.08202   6.530 0.0000E+00  0.000   6.53
 A961       1.7470 0.10988   1.676 0.0000E+00  0.000   1.68
 A575       1.7480 0.07777   2.528 0.0000E+00  0.000   2.53
 A969       1.7493 0.03258   1.243 0.0000E+00  0.000   1.24
 A738       1.7515 0.06686   4.664 0.0000E+00  0.000   4.66
 A668       1.7535 0.04079   9.463 0.0000E+00  0.000   9.46
 A289       1.7605 0.11110   7.605 0.0000E+00  0.000   7.60
 A559       1.7618 0.04963   3.020 0.0000E+00  0.000   3.02
 A732       1.7637 0.05624   6.026 0.0000E+00  0.000   6.03
 A798       1.7643 0.01509   3.735 0.0000E+00  0.000   3.73
 A519       1.7665 0.02646   6.380 0.0000E+00  0.000   6.38
 A755       1.7667 0.07963   3.764 0.0000E+00  0.000   3.76
 A38        1.7680 0.06035   1.648 0.0000E+00  0.000   1.65
 A63        1.7689 0.04828   8.432 0.0000E+00  0.000   8.43
 A835       1.7694 0.03138   4.834 0.0000E+00  0.000   4.83
 A740       1.7696 0.10103   1.163 0.0000E+00  0.000   1.16
 A560       1.7723 0.01825   5.541 0.0000E+00  0.000   5.54
 A140       1.7777 0.11596   4.250 0.0000E+00  0.000   4.25
 A150       1.7829 0.06599   4.172 0.0000E+00  0.000   4.17
 A188       1.7861 0.06803   3.162 0.0000E+00  0.000   3.16
 A381       1.7936 0.12503   4.577 0.0000E+00  0.000   4.58
 A412       1.7989 0.13203   2.569 0.0000E+00  0.000   2.57
 A396       1.8004 0.11558   4.578 0.0000E+00  0.000   4.58
 A24        1.8018 0.11785   5.142 0.0000E+00  0.000   5.14
 A505       1.8020 0.05727   1.885 0.0000E+00  0.000   1.89
 A962       1.8035 0.04021   0.882 0.0000E+00  0.000   0.88
 A511       1.8039 0.02593   1.975 0.0000E+00  0.000   1.97
 A130       1.8040 0.05437   4.279 0.0000E+00  0.000   4.28
 A348       1.8051 0.10766   7.780 0.0000E+00  0.000   7.78
 A470       1.8052 0.07586   6.738 0.0000E+00  0.000   6.74
 A627       1.8056 0.04338   8.499 0.0000E+00  0.000   8.50
 A482       1.8145 0.08521   7.825 0.0000E+00  0.000   7.82
 A121       1.8173 0.02445   4.536 0.0000E+00  0.000   4.54
 A201       1.8178 0.07234   9.927 0.0000E+00  0.000   9.93
 A585       1.8182 0.02777   2.064 0.0000E+00  0.000   2.06
 A122       1.8198 0.16988   8.418 0.0000E+00  0.000   8.42
 A724       1.8202 0.01375   0.960 0.0000E+00  0.000   0.96
 A899       1.8203 0.05858   0.831 0.0000E+00  0.000   0.83
 A136       1.8209 0.09347   3.859 0.0000E+00  0.000   3.86
 A58        1.8213 0.06587   6.047 0.0000E+00  0.000   6.05
 A299       1.8225 0.08754   1.304 0.0000E+00  0.000   1.30
 A7         1.8234 0.03753   5.110 0.0000E+00  0.000   5.11
 A301       1.8257 0.00463   2.349 0.0000E+00  0.000   2.35
 A512       1.8263 0.09046   9.931 0.0000E+00  0.000   9.93
 A99        1.8273 0.12620   6.711 0.0000E+00  0.000   6.71
 A74        1.8282 0.09398   5.038 0.0000E+00  0.000   5.04
 A807       1.8301 0.01611   1.778 0.0000E+00  0.000   1.78
 A207       1.8312 0.06349   9.081 0.0000E+00  0.000   9.08
 A702       1.8312 0.14424   5.141 0.0000E+00  0.000   5.14
 A205       1.8354 0.05240   7.265 0.0000E+00  0.000   7.26
 A725       1.8367 0.04866   8.493 0.0000E+00  0.000   8.49
 A827       1.8372 0.04816   7.639 0.0000E+00  0.000   7.64
 A324       1.8372 0.15202   9.345 0.0000E+00  0.000   9.35
 A161       1.8379 0.01735   8.022 0.0000E+00  0.000   8.02
 A29        1.8408 0.02201   4.654 0.0000E+00  0.000   4.65
 A780       1.8413 0.05799   8.959 0.0000E+00  0.000   8.96
 A281       1.8440 0.15052   1.738 0.0000E+00  0.000   1.74
 A268       1.8445 0.08873   5.280 0.0000E+00  0.000   5.28
 A567       1.8528 0.11201   5.787 0.0000E+00  0.000   5.79
 A765       1.8549 0.01214   4.725 0.0000E+00  0.000   4.72
 A486       1.8554 0.62529   8.940 0.0000E+00  0.000   8.94
 A728       1.8555 0.11470   2.016 0.0000E+00  0.000   2.02
 A855       1.8561 0.11215   3.371 0.0000E+00  0.000   3.37
 A768       1.8587 0.03739   2.826 0.0000E+00  0.000   2.83
 A477       1.8603 0.02040   4.630 0.0000E+00  0.000   4.63
 A132       1.8612 0.09136   7.422 0.0000E+00  0.000   7.42
 A181       1.8618 0.02254   1.829 0.0000E+00  0.000   1.83
 A407       1.8635 0.06401   6.178 0.0000E+00  0.000   6.18
 A270       1.8636 0.12173   6.569 0.0000E+00  0.000   6.57
 A344       1.8680 0.06341   8.855 0.0000E+00  0.000   8.86
 A50        1.8698 0.06101   3.873 0.0000E+00  0.000   3.87
 A864       1.8719 0.06366   9.197 0.0000E+00  0.000   9.20
 A126       1.8726 0.03010   7.584 0.0000E+00  0.000   7.58
 A346       1.8777 0.07168   8.877 0.0000E+00  0.000   8.88
 A263       1.8780 0.07702   4.895 0.0000E+00  0.000   4.89
 A628       1.8787 0.11365   0.056 0.0000E+00  0.000   0.06
 A992       1.8799 0.07377   2.629 0.0000E+00  0.000   2.63
 A246       1.8805 0.09961   4.155 0.0000E+00  0.000   4.16
 A33        1.8814 0.03752   3.375 0.0000E+00  0.000   3.38
 A935       1.8839 0.02653   6.441 0.0000E+00  0.000   6.44
 A846       1.8845 0.05467   0.479 0.0000E+00  0.000   0.48
 A665       1.8927 0.05164   6.988 0.0000E+00  0.000   6.99
 A583       1.8961 0.08598   8.127 0.0000E+00  0.000   8.13
 A413       1.8962 0.07762   7.438 0.0000E+00  0.000   7.44
 A428       1.8971 0.05192   1.455 0.0000E+00  0.000   1.46
 A255       1.8980 0.09249   2.805 0.0000E+00  0.000   2.81
 A889       1.9048 0.09864   1.484 0.0000E+00  0.000   1.48
 A86        1.9084 0.12970   2.110 0.0000E+00  0.000   2.11
 A611       1.9086 0.17479   7.454 0.0000E+00  0.000   7.45
 A495       1.9091 0.09829   7.173 0.0000E+00  0.000   7.17
 A994       1.9258 0.07194   5.808 0.0000E+00  0.000   5.81
 A769       1.9265 0.01923   0.270 0.0000E+00  0.000   0.27
 A843       1.9266 0.03907   1.566 0.0000E+00  0.000   1.57
 A995       1.9287 0.06633   8.481 0.0000E+00  0.000   8.48
 A98        1.9302 0.06652   1.155 0.0000E+00  0.000   1.15
 A144       1.9316 0.08024   0.375 0.0000E+00  0.000   0.37
 A187       1.9317 0.09172   9.257 0.0000E+00  0.000   9.26
 A801       1.9325 0.07183   1.221 0.0000E+00  0.000   1.22
 A311       1.9369 0.07116   8.535 0.0000E+00  0.000   8.54
 A223       1.9375 0.02660   3.518 0.0000E+00  0.000   3.52
 A371       1.9386 0.02375   7.854 0.0000E+00  0.000   7.85
 A617       1.9454 0.12525   2.345 0.0000E+00  0.000   2.34
 A356       1.9462 0.01520   2.680 0.0000E+00  0.000   2.68
 A675       1.9484 0.08775   7.547 0.0000E+00  0.000   7.55
 A438       1.9486 0.13787   1.996 0.0000E+00  0.000   2.00
 A526       1.9523 0.03140   8.866 0.0000E+00  0.000   8.87
 A632       1.9545 0.05309   1.234 0.0000E+00  0.000   1.23
 A942       1.9564 0.03187   8.631 0.0000E+00  0.000   8.63
 A547       1.9635 0.07649   8.062 0.0000E+00  0.000   8.06
 A82        1.9655 0.17126   2.024 0.0000E+00  0.000   2.02
 A202       1.9656 0.06648   3.901 0.0000E+00  0.000   3.90
 A939       1.9679 0.07943   9.774 0.0000E+00  0.000   9.77
 A868       1.9687 0.04864   4.385 0.0000E+00  0.000   4.38
 A111       1.9713 0.10448   2.279 0.0000E+00  0.000   2.28
 A742       1.9727 0.00289   5.044 0.0000E+00  0.000   5.04
 A457       1.9767 0.03772   4.861 0.0000E+00  0.000   4.86
 A254       1.9779 0.09200   3.205 0.0000E+00  0.000   3.20
 A777       1.9809 0.06668   3.030 0.0000E+00  0.000   3.03
 A342       1.9815 0.12762   7.917 0.0000E+00  0.000   7.92
 A565       1.9828 0.06754   6.511 0.0000E+00  0.000   6.51
 A704       1.9933 0.12161   1.377 0.0000E+00  0.000   1.38
 A481       1.9998 0.09085   6.978 0.0000E+00  0.000   6.98
 A933       2.0002 0.08285   2.262 0.0000E+00  0.000   2.26
 A332       2.0017 0.07335   7.774 0.0000E+00  0.000   7.77
 A493       2.0035 0.08769   0.735 0.0000E+00  0.000   0.73
 A506       2.0049 0.05227   0.191 0.0000E+00  0.000   0.19
 A773       2.0067 0.05871   7.203 0.0000E+00  0.000   7.20
 A960       2.0082 0.01498   0.888 0.0000E+00  0.000   0.89
 A503       2.0113 0.12960   3.693 0.0000E+00  0.000   3.69
 A514       2.0119 0.07171   2.001 0.0000E+00  0.000   2.00
 A658       2.0188 0.07289   5.440 0.0000E+00  0.000   5.44
 A608       2.0252 0.07617   6.122 0.0000E+00  0.000   6.12
 A786       2.0256 0.08102   4.956 0.0000E+00  0.000   4.96
 A241       2.0263 0.08090   2.031 0.0000E+00  0.000   2.03
 A221       2.0269 0.04118   3.763 0.0000E+00  0.000   3.76
 A840       2.0274 0.04637   3.389 0.0000E+00  0.000   3.39
 A714       2.0275 0.09529   4.313 0.0000E+00  0.000   4.31
 A836       2.0306 0.08517   3.124 0.0000E+00  0.000   3.12
 A745       2.0313 0.11009   9.892 0.0000E+00  0.000   9.89
 A576       2.0323 0.08416   7.255 0.0000E+00  0.000   7.25
 A267       2.0387 0.07083   6.935 0.0000E+00  0.000   6.93
 A595       2.0395 0.13077   6.657 0.0000E+00  0.000   6.66
 A631       2.0436 0.05583   0.185 0.0000E+00  0.000   0.19
 A655       2.0443 0.02749   3.376 0.0000E+00  0.000   3.38
 A107       2.0507 0.08981   3.464 0.0000E+00  0.000   3.46
 A43        2.0508 0.14076   6.272 0.0000E+00  0.000   6.27
 A814       2.0511 0.10519   1.332 0.0000E+00  0.000   1.33
 A69        2.0566 0.01202   7.165 0.0000E+00  0.000   7.17
 A803       2.0583 0.08241   4.574 0.0000E+00  0.000   4.57
 A328       2.0593 0.20657   9.600 0.0000E+00  0.000   9.60
 A670       2.0685 0.16353   6.651 0.0000E+00  0.000   6.65
 A314       2.0732 0.17750   6.594 0.0000E+00  0.000   6.59
 A820       2.0809 0.08218   0.664 0.0000E+00  0.000   0.66
 A90        2.0876 0.07816   8.134 0.0000E+00  0.000   8.13
 A378       2.0882 0.05011   6.524 0.0000E+00  0.000   6.52
 A802       2.0888 0.08381   1.314 0.0000E+00  0.000   1.31
 A685       2.0890 0.03611   2.336 0.0000E+00  0.000   2.34
 A377       2.0890 0.05081   1.003 0.0000E+00  0.000   1.00
 A138       2.0899 0.16741   7.636 0.0000E+00  0.000   7.64
 A871       2.0906 0.09868   6.016 0.0000E+00  0.000   6.02
 A169       2.0956 0.10386   7.305 0.0000E+00  0.000   7.30
 A736       2.0984 0.05055   0.978 0.0000E+00  0.000   0.98
 A965       2.0994 0.10214   6.490 0.0000E+00  0.000   6.49
 A749       2.1032 0.13670   3.776 0.0000E+00  0.000   3.78
 A96        2.1047 0.07331   8.819 0.0000E+00  0.000   8.82
 A440       2.1074 0.07769   6.851 0.0000E+00  0.000   6.85
 A186       2.1120 0.05770   8.418 0.0000E+00  0.000   8.42
 A25        2.1130 0.04665   6.269 0.0000E+00  0.000   6.27
 A613       2.1203 0.01935   6.069 0.0000E+00  0.000   6.07
 A117       2.1209 0.06531   0.086 0.0000E+00  0.000   0.09
 A317       2.1210 0.11472   5.420 0.0000E+00  0.000   5.42
 A400       2.1232 0.00753   8.979 0.0000E+00  0.000   8.98
 A979       2.1242 0.09775   2.206 0.0000E+00  0.000   2.21
 A273       2.1265 0.01735   0.454 0.0000E+00  0.000   0.45
 A837       2.1278 0.07522   7.181 0.0000E+00  0.000   7.18
 A217       2.1279 0.04415   7.320 0.0000E+00  0.000   7.32
 A686       2.1297 0.06241   6.634 0.0000E+00  0.000   6.63
 A509       2.1324 0.17887   7.796 0.0000E+00  0.000   7.80
 A782       2.1336 0.18559   1.877 0.0000E+00  0.000   1.88
 A824       2.1343 0.06215   9.882 0.0000E+00  0.000   9.88
 A610       2.1354 0.11020   0.166 0.0000E+00  0.000   0.17
 A667       2.1356 0.04104   5.607 0.0000E+00  0.000   5.61
 A549       2.1357 0.09717   3.262 0.0000E+00  0.000   3.26
 A373       2.1390 0.03088   7.309 0.0000E+00  0.000   7.31
 A774       2.1405 0.06113   3.559 0.0000E+00  0.000   3.56
 A553       2.1437 0.10466   1.878 0.0000E+00  0.000   1.88
 A292       2.1447 0.05293   9.738 0.0000E+00  0.000   9.74
 A251       2.1449 0.00757   1.229 0.0000E+00  0.000   1.23
 A12        2.1458 0.01819   6.344 0.0000E+00  0.000   6.34
 A538       2.1522 0.15661   1.339 0.0000E+00  0.000   1.34
 A584       2.1540 0.04032   5.439 0.0000E+00  0.000   5.44
 A325       2.1556 0.13889   0.806 0.0000E+00  0.000   0.81
 A199       2.1601 0.04365   9.676 0.0000E+00  0.000   9.68
 A921       2.1633 0.08181   0.523 0.0000E+00  0.000   0.52
 A429       2.1653 0.12363   0.105 0.0000E+00  0.000   0.11
 A758       2.1677 0.09654   0.340 0.0000E+00  0.000   0.34
 A475       2.1705 0.06626   3.782 0.0000E+00  0.000   3.78
 A55        2.1721 0.14996   7.107 0.0000E+00  0.000   7.11
 A227       2.1722 0.05225   2.134 0.0000E+00  0.000   2.13
 A656       2.1741 0.04845   3.478 0.0000E+00  0.000   3.48
 A966       2.1741 0.10527   3.824 0.0000E+00  0.000   3.82
 A650       2.1749 0.10362   0.383 0.0000E+00  0.000   0.38
 A149       2.1793 0.13345   7.413 0.0000E+00  0.000   7.41
 A191       2.1866 0.11768   3.026 0.0000E+00  0.000   3.03
 A214       2.1900 0.09533   3.661 0.0000E+00  0.000   3.66
 A474       2.1934 0.13136   4.263 0.0000E+00  0.000   4.26
 A750       2.1935 0.08666   5.562 0.0000E+00  0.000   5.56
 A947       2.1964 0.13099   0.895 0.0000E+00  0.000   0.89
 A513       2.1975 0.08659   1.947 0.0000E+00  0.000   1.95
 A308       2.1977 0.11043   0.554 0.0000E+00  0.000   0.55
 A654       2.1980 0.04166   3.489 0.0000E+00  0.000   3.49
 A94        2.2010 0.11251   0.805 0.0000E+00  0.000   0.80
 A379       2.2040 0.19115   3.027 0.0000E+00  0.000   3.03
 A557       2.2051 0.01053   6.127 0.0000E+00  0.000   6.13
 A293       2.2098 0.03509   1.262 0.0000E+00  0.000   1.26
 A45        2.2126 0.02416   2.855 0.0000E+00  0.000   2.86
 A940       2.2175 0.09785   8.100 0.0000E+00  0.000   8.10
 A28        2.2178 0.06792   1.351 0.0000E+00  0.000   1.35
 A908       2.2220 0.04588   6.671 0.0000E+00  0.000   6.67
 A185       2.2242 0.06242   3.389 0.0000E+00  0.000   3.39
 A854       2.2265 0.07948   0.050 0.0000E+00  0.000   0.05
 A72        2.2271 0.06216   2.110 0.0000E+00  0.000   2.11
 A734       2.2297 0.05757   2.581 0.0000E+00  0.000   2.58
 A476       2.2334 0.02749   8.641 0.0000E+00  0.000   8.64
 A990       2.2535 0.08712   5.387 0.0000E+00  0.000   5.39
 A171       2.2547 0.10990   2.352 0.0000E+00  0.000   2.35
 A307       2.2583 0.08290   1.516 0.0000E+00  0.000   1.52
 A384       2.2617 0.04746   9.046 0.0000E+00  0.000   9.05
 A681       2.2648 0.08090   6.789 0.0000E+00  0.000   6.79
 A22        2.2649 0.07941   6.590 0.0000E+00  0.000   6.59
 A278       2.2652 0.04332   9.042 0.0000E+00  0.000   9.04
 A229       2.2654 0.06950   4.405 0.0000E+00  0.000   4.41
 A224       2.2663 0.07551   4.966 0.0000E+00  0.000   4.97
 A710       2.2666 0.04448   1.231 0.0000E+00  0.000   1.23
 A97        2.2728 0.10080   9.811 0.0000E+00  0.000   9.81
 A61        2.2732 0.07831   1.763 0.0000E+00  0.000   1.76
 A784       2.2956 0.08881   4.659 0.0000E+00  0.000   4.66
 A310       2.2958 0.02319   6.459 0.0000E+00  0.000   6.46
 A147       2.2959 0.10347   1.467 0.0000E+00  0.000   1.47
 A818       2.2960 0.05039   7.682 0.0000E+00  0.000   7.68
 A744       2.3017 0.10551   7.484 0.0000E+00  0.000   7.48
 A672       2.3022 0.01511   3.747 0.0000E+00  0.000   3.75
 A890       2.3032 0.05573   0.325 0.0000E+00  0.000   0.33
 A770       2.3062 0.03107   3.527 0.0000E+00  0.000   3.53
 A455       2.3134 0.08594   7.694 0.0000E+00  0.000   7.69
 A796       2.3137 0.12501   1.908 0.0000E+00  0.000   1.91
 A158       2.3152 0.10154   0.378 0.0000E+00  0.000   0.38
 A991       2.3169 0.04156   8.218 0.0000E+00  0.000   8.22
 A726       2.3205 0.06637   8.922 0.0000E+00  0.000   8.92
 A849       2.3207 0.03135   1.336 0.0000E+00  0.000   1.34
 A35        2.3209 0.14736   7.405 0.0000E+00  0.000   7.40
 A272       2.3249 0.09491   7.715 0.0000E+00  0.000   7.72
 A867       2.3263 0.02986   9.617 0.0000E+00  0.000   9.62
 A313       2.3321 0.13478   7.969 0.0000E+00  0.000   7.97
 A473       2.3388 0.09488   4.619 0.0000E+00  0.000   4.62
 A918       2.3390 0.07992   5.796 0.0000E+00  0.000   5.80
 A465       2.3410 0.07673   5.830 0.0000E+00  0.000   5.83
 A323       2.3466 0.10191   2.684 0.0000E+00  0.000   2.68
 A1000      2.3487 0.07919   0.560 0.0000E+00  0.000   0.56
 A436       2.3563 0.10041   7.880 0.0000E+00  0.000   7.88
 A165       2.3596 0.17408   3.730 0.0000E+00  0.000   3.73
 A174       2.3661 0.06880   4.256 0.0000E+00  0.000   4.26
 A902       2.3688 0.03059   8.995 0.0000E+00  0.000   9.00
 A790       2.3701 0.02608   2.126 0.0000E+00  0.000   2.13
 A127       2.3707 0.04951   4.984 0.0000E+00  0.000   4.98
 A375       2.3762 0.07499   2.484 0.0000E+00  0.000   2.48
 A257       2.3779 0.01401   4.231 0.0000E+00  0.000   4.23
 A605       2.3817 0.14175   0.429 0.0000E+00  0.000   0.43
 A748       2.3838 0.09943   4.484 0.0000E+00  0.000   4.48
 A641       2.3862 0.10468   1.852 0.0000E+00  0.000   1.85
 A858       2.3862 0.03052   9.601 0.0000E+00  0.000   9.60
 A530       2.3876 0.08975   6.978 0.0000E+00  0.000   6.98
 A321       2.3896 0.12942   6.215 0.0000E+00  0.000   6.21
 A20        2.3897 0.18411   4.088 0.0000E+00  0.000   4.09
 A696       2.3902 0.06343   4.788 0.0000E+00  0.000   4.79
 A48        2.3962 0.02009   3.053 0.0000E+00  0.000   3.05
 A93        2.3997 0.02311   1.307 0.0000E+00  0.000   1.31
 A156       2.4056 0.06375   4.474 0.0000E+00  0.000   4.47
 A967       2.4066 0.13824   6.147 0.0000E+00  0.000   6.15
 A101       2.4068 0.04360   9.344 0.0000E+00  0.000   9.34
 A444       2.4103 0.03391   5.702 0.0000E+00  0.000   5.70
 A695       2.4112 0.08288   4.122 0.0000E+00  0.000   4.12
 A895       2.4126 0.04732   9.850 0.0000E+00  0.000   9.85
 A159       2.4180 0.12072   1.097 0.0000E+00  0.000   1.10
 A345       2.4184 0.06199   3.990 0.0000E+00  0.000   3.99
 A876       2.4225 0.08848   4.182 0.0000E+00  0.000   4.18
 A821       2.4247 0.01729   3.053 0.0000E+00  0.000   3.05
 A998       2.4358 0.07842   5.267 0.0000E+00  0.000   5.27
 A776       2.4374 0.12181   1.459 0.0000E+00  0.000   1.46
 A831       2.4436 0.16184   9.077 0.0000E+00  0.000   9.08
 A953       2.4478 0.03532   5.542 0.0000E+00  0.000   5.54
 A943       2.4480 0.03091   7.639 0.0000E+00  0.000   7.64
 A172       2.4645 0.08210   7.876 0.0000E+00  0.000   7.88
 A442       2.4752 0.05823   2.626 0.0000E+00  0.000   2.63
 A701       2.4796 0.08031  10.116 0.0000E+00  0.000  10.12
 A112       2.4805 0.07993   6.269 0.0000E+00  0.000   6.27
 A388       2.4812 0.09843   2.615 0.0000E+00  0.000   2.61
 A302       2.4852 0.14359   3.045 0.0000E+00  0.000   3.04
 A13        2.4858 0.08579   7.853 0.0000E+00  0.000   7.85
 A337       2.4950 0.09145   2.197 0.0000E+00  0.000   2.20
 A791       2.4978 0.00878   6.537 0.0000E+00  0.000   6.54
 A309       2.5032 0.02268   7.419 0.0000E+00  0.000   7.42
 A884       2.5169 0.07277   1.234 0.0000E+00  0.000   1.23
 A599       2.5199 0.08769   3.389 0.0000E+00  0.000   3.39
 A859       2.5218 0.11157   1.479 0.0000E+00  0.000   1.48
 A952       2.5223 0.26424   6.976 0.0000E+00  0.000   6.98
 A102       2.5246 0.17164   2.867 0.0000E+00  0.000   2.87
 A367       2.5256 0.06058   4.270 0.0000E+00  0.000   4.27
 A975       2.5274 0.04548   4.305 0.0000E+00  0.000   4.31
 A424       2.5281 0.24364   8.965 0.0000E+00  0.000   8.97
 A651       2.5329 0.13059   0.908 0.0000E+00  0.000   0.91
 A236       2.5341 0.08770   1.495 0.0000E+00  0.000   1.49
 A287       2.5401 0.10483   4.651 0.0000E+00  0.000   4.65
 A705       2.5412 0.13003   5.510 0.0000E+00  0.000   5.51
 A468       2.5453 0.01826   5.023 0.0000E+00  0.000   5.02
 A374       2.5454 0.09910   8.570 0.0000E+00  0.000   8.57
 A352       2.5460 0.11445   6.706 0.0000E+00  0.000   6.71
 A922       2.5482 0.14895   3.124 0.0000E+00  0.000   3.12
 A89        2.5573 0.06257   7.196 0.0000E+00  0.000   7.20
 A690       2.5590 0.04325   4.648 0.0000E+00  0.000   4.65
 A861       2.5593 0.12712   3.023 0.0000E+00  0.000   3.02
 A11        2.5636 0.07377   7.955 0.0000E+00  0.000   7.95
 A596       2.5646 0.14084   9.955 0.0000E+00  0.000   9.95
 A42        2.5654 0.10838   6.871 0.0000E+00  0.000   6.87
 A222       2.5655 0.12458   5.937 0.0000E+00  0.000   5.94
 A706       2.5660 0.04886   3.583 0.0000E+00  0.000   3.58
 A806       2.5692 0.12331   7.773 0.0000E+00  0.000   7.77
 A167       2.5733 0.10066   5.670 0.0000E+00  0.000   5.67
 A331       2.5779 0.06393   2.671 0.0000E+00  0.000   2.67
 A851       2.5779 0.10901   4.578 0.0000E+00  0.000   4.58
 A844       2.5805 0.22232   5.681 0.0000E+00  0.000   5.68
 A666       2.5849 0.03104   3.022 0.0000E+00  0.000   3.02
 A239       2.5858 0.07593   6.382 0.0000E+00  0.000   6.38
 A688       2.5882 0.17967   3.375 0.0000E+00  0.000   3.38
 A31        2.5972 0.07360   8.635 0.0000E+00  0.000   8.63
 A175       2.5984 0.07499   4.366 0.0000E+00  0.000   4.37
 A422       2.5991 0.14717   5.155 0.0000E+00  0.000   5.16
 A431       2.5994 0.09114   2.482 0.0000E+00  0.000   2.48
 A276       2.6020 0.21601   0.421 0.0000E+00  0.000   0.42
 A284       2.6091 0.00525   4.880 0.0000E+00  0.000   4.88
 A256       2.6104 0.07096   8.962 0.0000E+00  0.000   8.96
 A609       2.6125 0.17125   8.467 0.0000E+00  0.000   8.47
 A896       2.6152 0.08636   7.691 0.0000E+00  0.000   7.69
 A450       2.6153 0.07762   3.195 0.0000E+00  0.000   3.20
 A141       2.6179 0.01499   1.729 0.0000E+00  0.000   1.73
 A213       2.6207 0.17944   5.296 0.0000E+00  0.000   5.30
 A661       2.6211 0.07383   4.317 0.0000E+00  0.000   4.32
 A662       2.6229 0.07785   2.788 0.0000E+00  0.000   2.79
 A135       2.6236 0.11130   9.381 0.0000E+00  0.000   9.38
 A454       2.6295 0.10017   9.861 0.0000E+00  0.000   9.86
 A891       2.6300 0.12156   6.976 0.0000E+00  0.000   6.98
 A338       2.6350 0.05695   7.338 0.0000E+00  0.000   7.34
 A184       2.6366 0.09854   6.711 0.0000E+00  0.000   6.71
 A372       2.6379 0.19661   2.706 0.0000E+00  0.000   2.71
 A204       2.6424 0.12179   7.949 0.0000E+00  0.000   7.95
 A386       2.6466 0.10226   3.977 0.0000E+00  0.000   3.98
 A925       2.6510 0.13451   1.726 0.0000E+00  0.000   1.73
 A67        2.6547 0.17730   6.473 0.0000E+00  0.000   6.47
 A853       2.6565 0.18943   0.592 0.0000E+00  0.000   0.59
 A872       2.6581 0.03763   0.195 0.0000E+00  0.000   0.20
 A968       2.6600 0.12877   4.983 0.0000E+00  0.000   4.98
 A6         2.6650 0.16176   4.440 0.0000E+00  0.000   4.44
 A938       2.6682 0.11148   0.775 0.0000E+00  0.000   0.77
 A718       2.6688 0.10179   5.567 0.0000E+00  0.000   5.57
 A489       2.6712 0.08601   7.075 0.0000E+00  0.000   7.07
 A957       2.6714 0.11550   5.372 0.0000E+00  0.000   5.37
 A887       2.6718 0.03767   9.979 0.0000E+00  0.000   9.98
 A715       2.6833 0.03258   2.338 0.0000E+00  0.000   2.34
 A709       2.6885 0.06471   4.148 0.0000E+00  0.000   4.15
 A730       2.6921 0.05667   4.921 0.0000E+00  0.000   4.92
 A630       2.6944 0.13350   0.919 0.0000E+00  0.000   0.92
 A471       2.6947 0.05094   7.113 0.0000E+00  0.000   7.11
 A100       2.6989 0.11906   6.472 0.0000E+00  0.000   6.47
 A39        2.6999 0.06897   9.224 0.0000E+00  0.000   9.22
 A911       2.7041 0.21763   2.448 0.0000E+00  0.000   2.45
 A4         2.7088 0.13342   2.464 0.0000E+00  0.000   2.46
 A499       2.7090 0.06168   2.786 0.0000E+00  0.000   2.79
 A360       2.7097 0.09257   0.001 0.0000E+00  0.000   0.00
 A833       2.7158 0.06314   8.964 0.0000E+00  0.000   8.96
 A963       2.7168 0.09929   7.142 0.0000E+00  0.000   7.14
 A815       2.7179 0.07608   3.635 0.0000E+00  0.000   3.63
 A316       2.7283 0.14391   7.459 0.0000E+00  0.000   7.46
 A917       2.7284 0.10051   6.678 0.0000E+00  0.000   6.68
 A682       2.7292 0.16890   3.328 0.0000E+00  0.000   3.33
 A303       2.7295 0.03068   6.245 0.0000E+00  0.000   6.24
 A409       2.7300 0.21292   4.726 0.0000E+00  0.000   4.73
 A208       2.7300 0.15380  10.201 0.0000E+00  0.000  10.20
 A934       2.7301 0.07244   1.865 0.0000E+00  0.000   1.86
 A552       2.7301 0.12017   5.725 0.0000E+00  0.000   5.73
 A300       2.7350 0.02433   6.745 0.0000E+00  0.000   6.75
 A451       2.7421 0.12008   8.199 0.0000E+00  0.000   8.20
 A694       2.7476 0.08923   1.505 0.0000E+00  0.000   1.51
 A87        2.7491 0.08415   7.925 0.0000E+00  0.000   7.92
 A243       2.7500 0.08176   8.873 0.0000E+00  0.000   8.87
 A760       2.7506 0.00793   2.391 0.0000E+00  0.000   2.39
 A624       2.7506 0.10097   8.519 0.0000E+00  0.000   8.52
 A747       2.7516 0.09062   2.144 0.0000E+00  0.000   2.14
 A800       2.7573 0.06470   3.394 0.0000E+00  0.000   3.39
 A735       2.7594 0.08996   4.785 0.0000E+00  0.000   4.79
 A2         2.7599 0.06239   0.467 0.0000E+00  0.000   0.47
 A336       2.7603 0.10073   3.353 0.0000E+00  0.000   3.35
 A312       2.7608 0.13132   7.211 0.0000E+00  0.000   7.21
 A37        2.7636 0.04039   2.801 0.0000E+00  0.000   2.80
 A294       2.7653 0.09762   5.675 0.0000E+00  0.000   5.67
 A365       2.7689 0.00519   8.197 0.0000E+00  0.000   8.20
 A393       2.7799 0.16539   6.578 0.0000E+00  0.000   6.58
 A19        2.7802 0.08951   9.608 0.0000E+00  0.000   9.61
 A432       2.7812 0.06030   1.927 0.0000E+00  0.000   1.93
 A339       2.7888 0.08082   1.758 0.0000E+00  0.000   1.76
 A648       2.7894 0.03106   5.250 0.0000E+00  0.000   5.25
 A838       2.7900 0.04975   3.005 0.0000E+00  0.000   3.00
 A120       2.7948 0.15978   7.712 0.0000E+00  0.000   7.71
 A233       2.7952 0.16001   4.526 0.0000E+00  0.000   4.53
 A237       2.7953 0.14922   3.968 0.0000E+00  0.000   3.97
 A826       2.8049 0.16286   1.053 0.0000E+00  0.000   1.05
 A812       2.8055 0.08234   1.419 0.0000E+00  0.000   1.42
 A629       2.8067 0.02603   3.570 0.0000E+00  0.000   3.57
 A764       2.8097 0.11954   8.687 0.0000E+00  0.000   8.69
 A163       2.8100 0.14649   2.764 0.0000E+00  0.000   2.76
 A574       2.8300 0.03125   5.501 0.0000E+00  0.000   5.50
 A403       2.8378 0.15182   1.687 0.0000E+00  0.000   1.69
 A353       2.8402 0.17421   6.525 0.0000E+00  0.000   6.52
 A888       2.8414 0.12225   2.196 0.0000E+00  0.000   2.20
 A196       2.8422 0.11428   6.028 0.0000E+00  0.000   6.03
 A340       2.8479 0.07307   4.545 0.0000E+00  0.000   4.55
 A507       2.8496 0.07346   2.769 0.0000E+00  0.000   2.77
 A762       2.8501 0.08740   9.444 0.0000E+00  0.000   9.44
 A620       2.8520 0.14770   0.676 0.0000E+00  0.000   0.68
 A426       2.8540 0.13971   9.238 0.0000E+00  0.000   9.24
 A528       2.8581 0.05507   7.555 0.0000E+00  0.000   7.56
 A600       2.8600 0.19351   0.527 0.0000E+00  0.000   0.53
 A850       2.8616 0.21513   1.565 0.0000E+00  0.000   1.57
 A763       2.8620 0.14714   1.815 0.0000E+00  0.000   1.82
 A881       2.8649 0.23934   5.885 0.0000E+00  0.000   5.88
 A912       2.8671 0.12025   8.000 0.0000E+00  0.000   8.00
 A483       2.8692 0.21022   3.227 0.0000E+00  0.000   3.23
 A984       2.8693 0.08897   3.632 0.0000E+00  0.000   3.63
 A320       2.8700 0.06069   9.311 0.0000E+00  0.000   9.31
 A177       2.8727 0.07449   2.776 0.0000E+00  0.000   2.78
 A612       2.8799 0.05466   8.200 0.0000E+00  0.000   8.20
 A540       2.8817 0.07741   8.402 0.0000E+00  0.000   8.40
 A382       2.8849 0.08452   1.214 0.0000E+00  0.000   1.21
 A754       2.8855 0.09123   3.124 0.0000E+00  0.000   3.12
 A737       2.8869 0.16364   3.061 0.0000E+00  0.000   3.06
 A330       2.8872 0.07850   7.546 0.0000E+00  0.000   7.55
 A794       2.8908 0.07869   8.324 0.0000E+00  0.000   8.32
 A669       2.8944 0.20901   0.339 0.0000E+00  0.000   0.34
 A679       2.8988 0.01174   4.814 0.0000E+00  0.000   4.81
 A885       2.9063 0.07848   8.222 0.0000E+00  0.000   8.22
 A727       2.9085 0.15938   4.288 0.0000E+00  0.000   4.29
 A333       2.9096 0.02501   7.509 0.0000E+00  0.000   7.51
 A830       2.9120 0.01089   1.881 0.0000E+00  0.000   1.88
 A478       2.9200 0.05174   2.419 0.0000E+00  0.000   2.42
 A484       2.9240 0.16268   4.556 0.0000E+00  0.000   4.56
 A785       2.9248 0.08397   2.087 0.0000E+00  0.000   2.09
 A359       2.9300 0.04739   7.211 0.0000E+00  0.000   7.21
 A659       2.9337 0.06149   5.031 0.0000E+00  0.000   5.03
 A193       2.9375 0.07409   2.993 0.0000E+00  0.000   2.99
 A77        2.9418 0.08746   8.931 0.0000E+00  0.000   8.93
 A64        2.9449 0.22331   8.955 0.0000E+00  0.000   8.95
 A49        2.9460 0.12587   4.217 0.0000E+00  0.000   4.22
 A153       2.9487 0.28658   3.714 0.0000E+00  0.000   3.71
 A143       2.9504 0.10818   5.501 0.0000E+00  0.000   5.50
 A8         2.9507 0.19213   5.614 0.0000E+00  0.000   5.61
 A176       2.9624 0.08025   7.161 0.0000E+00  0.000   7.16
 A21        2.9651 0.14635   4.600 0.0000E+00  0.000   4.60
 A459       2.9667 0.10163   2.424 0.0000E+00  0.000   2.42
 A931       2.9705 0.08578   3.564 0.0000E+00  0.000   3.56
 A869       2.9738 0.11556   9.483 0.0000E+00  0.000   9.48
 A59        2.9741 0.07816   6.171 0.0000E+00  0.000   6.17
 A986       2.9766 0.07611   2.786 0.0000E+00  0.000   2.79
 A118       2.9821 0.04050   9.074 0.0000E+00  0.000   9.07
 A720       2.9838 0.11880   2.824 0.0000E+00  0.000   2.82
 A501       2.9852 0.09125   0.613 0.0000E+00  0.000   0.61
 A182       2.9961 0.10068   9.427 0.0000E+00  0.000   9.43
 A408       2.9987 0.06539   2.328 0.0000E+00  0.000   2.33
 A410       3.0024 0.03544   3.742 0.0000E+00  0.000   3.74
 A115       3.0031 0.06878   0.999 0.0000E+00  0.000   1.00
 A462       3.0039 0.11447   2.748 0.0000E+00  0.000   2.75
 A23        3.0168 0.06757   1.280 0.0000E+00  0.000   1.28
 A235       3.0173 0.08600   8.608 0.0000E+00  0.000   8.61
 A527       3.0203 0.16509   3.136 0.0000E+00  0.000   3.14
 A282       3.0216 0.10366   0.168 0.0000E+00  0.000   0.17
 A464       3.0236 0.06389   0.827 0.0000E+00  0.000   0.83
 A640       3.0334 0.15922   4.082 0.0000E+00  0.000   4.08
 A897       3.0339 0.15016   9.544 0.0000E+00  0.000   9.54
 A883       3.0375 0.05162   6.525 0.0000E+00  0.000   6.52
 A590       3.0392 0.18125   3.905 0.0000E+00  0.000   3.91
 A240       3.0398 0.10045   5.117 0.0000E+00  0.000   5.12
 A1         3.0440 0.06916   2.654 0.0000E+00  0.000   2.65
 A385       3.0515 0.08827   1.457 0.0000E+00  0.000   1.46
 A646       3.0530 0.12338   2.568 0.0000E+00  0.000   2.57
 A804       3.0586 0.09582   3.414 0.0000E+00  0.000   3.41
 A397       3.0590 0.09450   1.126 0.0000E+00  0.000   1.13
 A712       3.0606 0.03349   5.090 0.0000E+00  0.000   5.09
 A539       3.0690 0.05183   3.202 0.0000E+00  0.000   3.20
 A54        3.0716 0.06201   0.715 0.0000E+00  0.000   0.72
 A722       3.0720 0.16372   9.387 0.0000E+00  0.000   9.39
 A123       3.0771 0.15616   3.813 0.0000E+00  0.000   3.81
 A76        3.0787 0.16245   5.789 0.0000E+00  0.000   5.79
 A248       3.0787 0.06322   6.515 0.0000E+00  0.000   6.52
 A416       3.0796 0.06514   5.056 0.0000E+00  0.000   5.06
 A550       3.0804 0.02996   7.596 0.0000E+00  0.000   7.60
 A252       3.0818 0.14716   0.188 0.0000E+00  0.000   0.19
 A420       3.0872 0.14222   1.435 0.0000E+00  0.000   1.44
 A692       3.0888 0.15411   6.535 0.0000E+00  0.000   6.54
 A566       3.0937 0.09820   9.608 0.0000E+00  0.000   9.61
 A689       3.0945 0.05137   3.753 0.0000E+00  0.000   3.75
 A893       3.1015 0.14691   5.222 0.0000E+00  0.000   5.22
 A391       3.1035 0.17127   3.728 0.0000E+00  0.000   3.73
 A106       3.1043 0.04670   6.249 0.0000E+00  0.000   6.25
 A996       3.1043 0.11773   4.656 0.0000E+00  0.000   4.66
 A456       3.1105 0.09433   3.618 0.0000E+00  0.000   3.62
 A68        3.1155 0.11721   8.561 0.0000E+00  0.000   8.56
 A247       3.1163 0.21819   1.546 0.0000E+00  0.000   1.55
 A218       3.1171 0.08762   6.864 0.0000E+00  0.000   6.86
 A71        3.1185 0.12186   4.146 0.0000E+00  0.000   4.15
 A250       3.1216 0.07310   1.692 0.0000E+00  0.000   1.69
 A78        3.1227 0.12844   9.380 0.0000E+00  0.000   9.38
 A335       3.1260 0.01484   9.076 0.0000E+00  0.000   9.08
 A194       3.1265 0.17189   9.048 0.0000E+00  0.000   9.05
 A653       3.1306 0.00472   8.449 0.0000E+00  0.000   8.45
 A133       3.1343 0.10829   8.499 0.0000E+00  0.000   8.50
 A674       3.1376 0.10804   7.035 0.0000E+00  0.000   7.03
 A16        3.1399 0.15086   4.666 0.0000E+00  0.000   4.67
 A244       3.1466 0.01699   7.118 0.0000E+00  0.000   7.12
 A589       3.1505 0.01352   7.878 0.0000E+00  0.000   7.88
 A279       3.1522 0.13901   9.530 0.0000E+00  0.000   9.53
 A819       3.1610 0.13777   0.341 0.0000E+00  0.000   0.34
 A103       3.1654 0.12079   3.370 0.0000E+00  0.000   3.37
 A766       3.1672 0.08123   7.622 0.0000E+00  0.000   7.62
 A877       3.1687 0.13831   8.002 0.0000E+00  0.000   8.00
 A480       3.1710 0.18091   6.194 0.0000E+00  0.000   6.19
 A546       3.1752 0.12724   5.913 0.0000E+00  0.000   5.91
 A592       3.1786 0.09566   3.103 0.0000E+00  0.000   3.10
 A305       3.1815 0.11461   8.189 0.0000E+00  0.000   8.19
 A959       3.1816 0.03828   2.012 0.0000E+00  0.000   2.01
 A949       3.1838 0.06516   4.556 0.0000E+00  0.000   4.56
 A401       3.1852 0.07273   5.456 0.0000E+00  0.000   5.46
 A711       3.1872 0.04467   6.480 0.0000E+00  0.000   6.48
 A716       3.1875 0.16740   6.328 0.0000E+00  0.000   6.33
 A192       3.1879 0.44956   0.786 0.0000E+00  0.000   0.79
 A40        3.1905 0.12443   8.549 0.0000E+00  0.000   8.55
 A445       3.1907 0.32916   8.384 0.0000E+00  0.000   8.38
 A834       3.1908 0.05368   0.373 0.0000E+00  0.000   0.37
 A898       3.1946 0.05024   3.431 0.0000E+00  0.000   3.43
 A195       3.1953 0.12233   9.147 0.0000E+00  0.000   9.15
 A707       3.2027 0.03162   0.899 0.0000E+00  0.000   0.90
 A326       3.2046 0.04162   0.220 0.0000E+00  0.000   0.22
 A657       3.2051 0.09879   2.967 0.0000E+00  0.000   2.97
 A700       3.2131 0.13331   2.130 0.0000E+00  0.000   2.13
 A825       3.2148 0.13082  10.055 0.0000E+00  0.000  10.05
 A563       3.2164 0.08075   1.623 0.0000E+00  0.000   1.62
 A164       3.2165 0.23727  10.159 0.0000E+00  0.000  10.16
 A572       3.2175 0.15197   2.175 0.0000E+00  0.000   2.17
 A743       3.2204 0.14788  18.047 0.0000E+00  0.000  18.05
 A60        3.2215 0.04507   7.371 0.0000E+00  0.000   7.37
 A930       3.2230 0.06217   6.252 0.0000E+00  0.000   6.25
 A948       3.2240 0.16048   6.514 0.0000E+00  0.000   6.51
 A676       3.2283 0.11003   1.703 0.0000E+00  0.000   1.70
 A404       3.2290 0.21952  24.182 0.0000E+00  0.000  24.18
 A151       3.2327 0.18777  28.936 0.0000E+00  0.000  28.94
 A626       3.2328 0.07028   5.762 0.0000E+00  0.000   5.76
 A985       3.2352 0.18765   1.491 0.0000E+00  0.000   1.49
 A73        3.2353 0.29032   0.307 0.0000E+00  0.000   0.31
 A910       3.2362 0.14356   5.248 0.0000E+00  0.000   5.25
 A518       3.2368 0.22395   6.062 0.0000E+00  0.000   6.06
 A81        3.2406 0.28782   7.383 0.0000E+00  0.000   7.38
 A298       3.2422 0.05133   4.139 0.0000E+00  0.000   4.14
 A832       3.2501 0.05285   8.321 0.0000E+00  0.000   8.32
 A606       3.2513 0.14859  24.743 0.0000E+00  0.000  24.74
 A350       3.2575 0.03793   1.625 0.0000E+00  0.000   1.62
 A238       3.2636 0.14258   6.595 0.0000E+00  0.000   6.59
 A779       3.2658 0.08666   3.511 0.0000E+00  0.000   3.51
 A551       3.2661 0.07442   8.256 0.0000E+00  0.000   8.26
 A490       3.2695 0.14416   3.551 0.0000E+00  0.000   3.55
 A644       3.2697 0.02269   2.090 0.0000E+00  0.000   2.09
 A635       3.2705 0.07871  10.751 0.0000E+00  0.000  10.75
 A937       3.2801 0.07210   3.555 0.0000E+00  0.000   3.55
 A983       3.2817 0.14001  11.913 0.0000E+00  0.000  11.91
 A261       3.2856 0.04029   1.806 0.0000E+00  0.000   1.81
 A954       3.3011 0.13798   0.659 0.0000E+00  0.000   0.66
 A775       3.3017 0.07737  18.092 0.0000E+00  0.000  18.09
 A91        3.3058 0.10974   3.818 0.0000E+00  0.000   3.82
 A70        3.3069 0.25043   4.532 0.0000E+00  0.000   4.53
 A357       3.3190 0.14107   8.449 0.0000E+00  0.000   8.45
 A209       3.3254 0.15443   3.216 0.0000E+00  0.000   3.22
 A363       3.3294 0.10819   4.062 0.0000E+00  0.000   4.06
 A231       3.3318 0.17282  10.053 0.0000E+00  0.000  10.05
 A262       3.3324 0.13189   3.088 0.0000E+00  0.000   3.09
 A680       3.3336 0.12561   5.237 0.0000E+00  0.000   5.24
 A759       3.3373 0.08649   3.943 0.0000E+00  0.000   3.94
 A621       3.3414 0.13643   1.579 0.0000E+00  0.000   1.58
 A808       3.3422 0.06358   0.413 0.0000E+00  0.000   0.41
 A929       3.3448 0.07052   3.426 0.0000E+00  0.000   3.43
 A822       3.3482 0.32098   1.836 0.0000E+00  0.000   1.84
 A520       3.3512 0.16933   7.203 0.0000E+00  0.000   7.20
 A781       3.3522 0.18114   7.265 0.0000E+00  0.000   7.27
 A327       3.3522 0.25013   1.751 0.0000E+00  0.000   1.75
 A684       3.3599 0.07791   1.386 0.0000E+00  0.000   1.39
 A616       3.3614 0.14199   1.097 0.0000E+00  0.000   1.10
 A271       3.3632 0.11961   9.674 0.0000E+00  0.000   9.67
 A128       3.3684 0.16801   4.204 0.0000E+00  0.000   4.20
 A805       3.3697 0.13534   7.545 0.0000E+00  0.000   7.54
 A524       3.3697 0.02807   2.096 0.0000E+00  0.000   2.10
 A643       3.3710 0.09842   6.128 0.0000E+00  0.000   6.13
 A376       3.3712 0.03104   1.069 0.0000E+00  0.000   1.07
 A542       3.3786 0.15865   5.383 0.0000E+00  0.000   5.38
 A997       3.3821 0.06628   8.913 0.0000E+00  0.000   8.91
 A597       3.3843 0.13393   2.702 0.0000E+00  0.000   2.70
 A370       3.3857 0.14788   4.296 0.0000E+00  0.000   4.30
 A568       3.3870 0.10497   1.503 0.0000E+00  0.000   1.50
 A53        3.3901 0.02302   2.556 0.0000E+00  0.000   2.56
 A598       3.3910 0.07230   6.009 0.0000E+00  0.000   6.01
 A573       3.3913 0.17177   1.350 0.0000E+00  0.000   1.35
 A914       3.3923 0.08321   8.375 0.0000E+00  0.000   8.38
 A66        3.3951 0.05755   5.116 0.0000E+00  0.000   5.12
 A137       3.3985 0.13575   6.788 0.0000E+00  0.000   6.79
 A160       3.4039 0.07821   4.302 0.0000E+00  0.000   4.30
 A131       3.4078 0.21631   3.284 0.0000E+00  0.000   3.28
 A741       3.4092 0.14545   8.804 0.0000E+00  0.000   8.80
 A813       3.4092 0.14234   8.299 0.0000E+00  0.000   8.30
 A460       3.4106 0.15196   0.680 0.0000E+00  0.000   0.68
 A458       3.4169 0.01759   3.118 0.0000E+00  0.000   3.12
 A57        3.4186 0.16198   5.369 0.0000E+00  0.000   5.37
 A154       3.4199 0.08019   3.333 0.0000E+00  0.000   3.33
 A569       3.4222 0.06605   8.896 0.0000E+00  0.000   8.90
 A697       3.4273 0.06956   6.663 0.0000E+00  0.000   6.66
 A166       3.4333 0.05062   0.584 0.0000E+00  0.000   0.58
 A778       3.4412 0.10950   5.862 0.0000E+00  0.000   5.86
 A523       3.4464 0.11561   1.425 0.0000E+00  0.000   1.42
 A27        3.4487 0.12404   8.437 0.0000E+00  0.000   8.44
 A708       3.4501 0.16150   5.578 0.0000E+00  0.000   5.58
 A322       3.4521 0.08232   6.916 0.0000E+00  0.000   6.92
 A469       3.4540 0.10972  49.120 0.0000E+00  0.000  49.12
 A56        3.4558 0.18050   6.084 0.0000E+00  0.000   6.08
 A463       3.4640 0.17857   6.717 0.0000E+00  0.000   6.72
 A873       3.4659 0.17139   5.219 0.0000E+00  0.000   5.22
 A558       3.4690 0.16601   2.339 0.0000E+00  0.000   2.34
 A75        3.4702 0.11113   8.249 0.0000E+00  0.000   8.25
 A645       3.4818 0.15901   9.170 0.0000E+00  0.000   9.17
 A295       3.4833 0.15153   4.347 0.0000E+00  0.000   4.35
 A502       3.4834 0.16306   2.656 0.0000E+00  0.000   2.66
 A452       3.4840 0.12647   4.414 0.0000E+00  0.000   4.41
 A155       3.4865 0.10580   5.623 0.0000E+00  0.000   5.62
 A970       3.4869 0.10191   2.107 0.0000E+00  0.000   2.11
 A623       3.4894 0.05041   5.561 0.0000E+00  0.000   5.56
 A260       3.4948 0.14902   0.071 0.0000E+00  0.000   0.07
 A88        3.4958 0.17531   3.038 0.0000E+00  0.000   3.04
 A663       3.4975 0.21411   5.547 0.0000E+00  0.000   5.55
 A981       3.4980 0.09193   7.699 0.0000E+00  0.000   7.70
 A110       3.5001 0.14159   0.205 0.0000E+00  0.000   0.20
 A874       3.5047 0.24392   3.284 0.0000E+00  0.000   3.28
 A789       3.5062 0.05529   3.007 0.0000E+00  0.000   3.01
 A415       3.5116 0.14965   4.938 0.0000E+00  0.000   4.94
 A945       3.5189 0.16431   5.687 0.0000E+00  0.000   5.69
 A923       3.5227 0.24584   4.430 0.0000E+00  0.000   4.43
 A108       3.5297 0.04415   7.442 0.0000E+00  0.000   7.44
 A633       3.5306 0.20161   2.656 0.0000E+00  0.000   2.66
 A531       3.5380 0.07977   0.659 0.0000E+00  0.000   0.66
 A882       3.5387 0.15489   5.236 0.0000E+00  0.000   5.24
 A245       3.5440 0.06973   5.831 0.0000E+00  0.000   5.83
 A906       3.5456 0.10060   4.272 0.0000E+00  0.000   4.27
 A987       3.5477 0.14148   8.984 0.0000E+00  0.000   8.98
 A829       3.5483 0.17825   4.315 0.0000E+00  0.000   4.32
 A433       3.5489 0.07131   0.597 0.0000E+00  0.000   0.60
 A274       3.5510 0.15472   1.240 0.0000E+00  0.000   1.24
 A453       3.5512 0.18382   4.801 0.0000E+00  0.000   4.80
 A411       3.5583 0.27886   4.055 0.0000E+00  0.000   4.05
 A999       3.5742 0.02197   2.703 0.0000E+00  0.000   2.70
 A920       3.5848 0.10109   1.643 0.0000E+00  0.000   1.64
 A105       3.5911 0.15430   4.030 0.0000E+00  0.000   4.03
 A318       3.5920 0.21268   5.504 0.0000E+00  0.000   5.50
 A220       3.5940 0.15067   2.190 0.0000E+00  0.000   2.19
 A561       3.6074 0.15045   8.259 0.0000E+00  0.000   8.26
 A500       3.6098 0.13955   7.968 0.0000E+00  0.000   7.97
 A580       3.6205 0.03757   2.364 0.0000E+00  0.000   2.36
 A894       3.6240 0.14003   8.680 0.0000E+00  0.000   8.68
 A417       3.6308 0.12610   9.544 0.0000E+00  0.000   9.54
 A955       3.6326 0.08692   3.495 0.0000E+00  0.000   3.49
 A932       3.6333 0.18864   3.246 0.0000E+00  0.000   3.25
 A402       3.6346 0.09520   2.714 0.0000E+00  0.000   2.71
 A52        3.6414 0.13037   4.096 0.0000E+00  0.000   4.10
 A927       3.6477 0.08163   1.039 0.0000E+00  0.000   1.04
 A124       3.6477 0.11595   1.920 0.0000E+00  0.000   1.92
 A46        3.6481 0.11233   8.701 0.0000E+00  0.000   8.70
 A219       3.6531 0.04149   6.483 0.0000E+00  0.000   6.48
 A291       3.6588 0.05057   7.926 0.0000E+00  0.000   7.93
 A434       3.6622 0.17963   3.769 0.0000E+00  0.000   3.77
 A638       3.6635 0.28133  11.139 0.0000E+00  0.000  11.14
 A435       3.6714 0.09635   4.457 0.0000E+00  0.000   4.46
 A148       3.6719 0.33195   0.373 0.0000E+00  0.000   0.37
 A383       3.7438 0.20069   0.418 0.0000E+00  0.000   0.42
 A622       3.7472 0.09874   1.749 0.0000E+00  0.000   1.75
 A579       3.7477 0.18114   0.376 0.0000E+00  0.000   0.38
 A587       3.7520 0.07174   6.081 0.0000E+00  0.000   6.08
 A446       3.7590 0.03226   8.683 0.0000E+00  0.000   8.68
 A242       3.7680 0.14075   9.368 0.0000E+00  0.000   9.37
 A183       3.7686 0.01144   4.406 0.0000E+00  0.000   4.41
 A275       3.7929 0.12576   6.147 0.0000E+00  0.000   6.15
 A571       3.7991 0.12766   4.478 0.0000E+00  0.000   4.48
 A647       3.8359 0.18453   5.588 0.0000E+00  0.000   5.59
 A200       3.8534 0.04343   1.605 0.0000E+00  0.000   1.61
 A723       3.8585 0.12019   1.255 0.0000E+00  0.000   1.25
 A904       3.8640 0.17261   0.295 0.0000E+00  0.000   0.29
 A479       3.8865 0.26730   2.091 0.0000E+00  0.000   2.09
 A946       3.8898 0.14281   6.474 0.0000E+00  0.000   6.47
 A863       3.9029 0.07253   0.056 0.0000E+00  0.000   0.06
 A125       3.9105 0.15165   4.250 0.0000E+00  0.000   4.25
 A543       3.9306 0.16505   8.360 0.0000E+00  0.000   8.36
 A5         3.9367 0.08004   8.214 0.0000E+00  0.000   8.21
 A614       3.9373 0.07059   2.706 0.0000E+00  0.000   2.71
 A761       3.9426 0.07440   1.549 0.0000E+00  0.000   1.55
 A783       3.9542 0.16627   8.302 0.0000E+00  0.000   8.30
 A180       3.9560 0.12838   3.151 0.0000E+00  0.000   3.15
 A913       3.9663 0.26668   1.070 0.0000E+00  0.000   1.07
 A198       3.9787 0.21017   1.593 0.0000E+00  0.000   1.59
 A354       3.9820 0.29109   0.105 0.0000E+00  0.000   0.10
 A212       3.9830 0.18015   7.186 0.0000E+00  0.000   7.19
 A719       3.9929 0.13148   4.318 0.0000E+00  0.000   4.32
 A570       4.0013 0.17231   6.829 0.0000E+00  0.000   6.83
 A392       4.0113 0.25997   5.982 0.0000E+00  0.000   5.98
 A30        4.0181 0.22234   3.164 0.0000E+00  0.000   3.16
 A810       4.0256 0.29452   6.034 0.0000E+00  0.000   6.03
 JUPITER    5.2033 0.09999   0.000 9.5479E-04  0.000   0.00
 A259      17.1904 0.66195   3.229 0.0000E+00  0.000   3.23
