 EARTHMOO   1.0000 0.04494   0.000 9.1213E-06  0.000   0.00
 A430       1.4999 0.01799   1.715 0.0000E+00  0.000   1.71
 A900       1.5008 0.09708   3.130 0.0000E+00  0.000   3.13
 A591       1.5051 0.02112   7.243 0.0000E+00  0.000   7.24
 A534       1.5118 0.07189   8.405 0.0000E+00  0.000   8.40
 A288       1.5167 0.05059   1.876 0.0000E+00  0.000   1.88
 A926       1.5203 0.13406   4.914 0.0000E+00  0.000   4.91
 A79        1.5215 0.06853   9.505 0.0000E+00  0.000   9.50
 A83        1.5227 0.05195   5.446 0.0000E+00  0.000   5.45
 A487       1.5246 0.10018   2.615 0.0000E+00  0.000   2.62
 A729       1.5277 0.02411   5.952 0.0000E+00  0.000   5.95
 A51        1.5323 0.00214   6.487 0.0000E+00  0.000   6.49
 A277       1.5342 0.07545   7.526 0.0000E+00  0.000   7.53
 A950       1.5454 0.03850   1.669 0.0000E+00  0.000   1.67
 A41        1.5456 0.06436   1.509 0.0000E+00  0.000   1.51
 A771       1.5460 0.10038   5.405 0.0000E+00  0.000   5.40
 A816       1.5485 0.09673   1.948 0.0000E+00  0.000   1.95
 A44        1.5504 0.04243   7.207 0.0000E+00  0.000   7.21
 A421       1.5528 0.05266   1.440 0.0000E+00  0.000   1.44
 A498       1.5538 0.03118   1.574 0.0000E+00  0.000   1.57
 A687       1.5542 0.10709   7.568 0.0000E+00  0.000   7.57
 A532       1.5576 0.03414   9.731 0.0000E+00  0.000   9.73
 A395       1.5587 0.10928   2.591 0.0000E+00  0.000   2.59
 A178       1.5623 0.02660   1.742 0.0000E+00  0.000   1.74
 A536       1.5628 0.09936   0.802 0.0000E+00  0.000   0.80
 A973       1.5676 0.11340   9.531 0.0000E+00  0.000   9.53
 A862       1.5720 0.02073   2.668 0.0000E+00  0.000   2.67
 A901       1.5744 0.05068   5.383 0.0000E+00  0.000   5.38
 A485       1.5754 0.10292   4.222 0.0000E+00  0.000   4.22
 A406       1.5767 0.01366   4.927 0.0000E+00  0.000   4.93
 A978       1.5773 0.01679   7.050 0.0000E+00  0.000   7.05
 A857       1.5785 0.07401   0.047 0.0000E+00  0.000   0.05
 A290       1.5803 0.05810   9.557 0.0000E+00  0.000   9.56
 A85        1.5845 0.07857   5.336 0.0000E+00  0.000   5.34
 A504       1.5867 0.42687   5.752 0.0000E+00  0.000   5.75
 A516       1.5889 0.13280   8.884 0.0000E+00  0.000   8.88
 A673       1.5914 0.08571   7.565 0.0000E+00  0.000   7.56
 A541       1.5916 0.10241   6.507 0.0000E+00  0.000   6.51
 A510       1.5931 0.07070   7.473 0.0000E+00  0.000   7.47
 A225       1.5950 0.07917   6.972 0.0000E+00  0.000   6.97
 A625       1.6005 0.09211   0.316 0.0000E+00  0.000   0.32
 A634       1.6028 0.04329   8.719 0.0000E+00  0.000   8.72
 A142       1.6055 0.02859   6.543 0.0000E+00  0.000   6.54
 A47        1.6055 0.09725   5.649 0.0000E+00  0.000   5.65
 A903       1.6106 0.04299   3.617 0.0000E+00  0.000   3.62
 A116       1.6125 0.03722   4.402 0.0000E+00  0.000   4.40
 A792       1.6195 0.11183   8.951 0.0000E+00  0.000   8.95
 A497       1.6217 0.10292   8.132 0.0000E+00  0.000   8.13
 A746       1.6285 0.13001   4.281 0.0000E+00  0.000   4.28
 A405       1.6292 0.04294   8.275 0.0000E+00  0.000   8.28
 A34        1.6347 0.01307   8.227 0.0000E+00  0.000   8.23
 A427       1.6362 0.08797   5.307 0.0000E+00  0.000   5.31
 A341       1.6368 0.05161   9.586 0.0000E+00  0.000   9.59
 A95        1.6375 0.12631   5.416 0.0000E+00  0.000   5.42
 A841       1.6399 0.08565   7.818 0.0000E+00  0.000   7.82
 A602       1.6422 0.07713   5.254 0.0000E+00  0.000   5.25
 A380       1.6436 0.05079   2.301 0.0000E+00  0.000   2.30
 A517       1.6444 0.05018   7.765 0.0000E+00  0.000   7.77
 A14        1.6446 0.03795   0.435 0.0000E+00  0.000   0.44
 A297       1.6476 0.03607   5.079 0.0000E+00  0.000   5.08
 A751       1.6505 0.03840   9.185 0.0000E+00  0.000   9.19
 A556       1.6512 0.08652   5.105 0.0000E+00  0.000   5.11
 A447       1.6513 0.09774   9.487 0.0000E+00  0.000   9.49
 A62        1.6524 0.01835   7.297 0.0000E+00  0.000   7.30
 A315       1.6527 0.05660   6.527 0.0000E+00  0.000   6.53
 A880       1.6553 0.06200   7.542 0.0000E+00  0.000   7.54
 A362       1.6575 0.05267   7.004 0.0000E+00  0.000   7.00
 A878       1.6582 0.01939   8.635 0.0000E+00  0.000   8.63
 A639       1.6582 0.04395   3.995 0.0000E+00  0.000   3.99
 A84        1.6595 0.05575   2.438 0.0000E+00  0.000   2.44
 A351       1.6603 0.09121   5.687 0.0000E+00  0.000   5.69
 A703       1.6604 0.02912   2.070 0.0000E+00  0.000   2.07
 A615       1.6624 0.06725   3.740 0.0000E+00  0.000   3.74
 A145       1.6704 0.04457   5.966 0.0000E+00  0.000   5.97
 A852       1.6734 0.08840   4.043 0.0000E+00  0.000   4.04
 A343       1.6799 0.04415   9.935 0.0000E+00  0.000   9.94
 A488       1.6821 0.07950   6.913 0.0000E+00  0.000   6.91
 A399       1.6836 0.14000   1.428 0.0000E+00  0.000   1.43
 A216       1.6849 0.11986   3.882 0.0000E+00  0.000   3.88
 A189       1.6886 0.06166   9.736 0.0000E+00  0.000   9.74
 A618       1.6918 0.03834   4.291 0.0000E+00  0.000   4.29
 A306       1.6941 0.05027   3.386 0.0000E+00  0.000   3.39
 A721       1.6962 0.08899   9.961 0.0000E+00  0.000   9.96
 A636       1.6981 0.05440   5.322 0.0000E+00  0.000   5.32
 A731       1.7063 0.15384   5.053 0.0000E+00  0.000   5.05
 A448       1.7119 0.02726   1.575 0.0000E+00  0.000   1.57
 A358       1.7124 0.03135   4.191 0.0000E+00  0.000   4.19
 A554       1.7184 0.12999   9.318 0.0000E+00  0.000   9.32
 A17        1.7213 0.07158   9.806 0.0000E+00  0.000   9.81
 A283       1.7246 0.00621   8.797 0.0000E+00  0.000   8.80
 A18        1.7249 0.01044   1.523 0.0000E+00  0.000   1.52
 A980       1.7267 0.05388   2.276 0.0000E+00  0.000   2.28
 A515       1.7271 0.07242   4.447 0.0000E+00  0.000   4.45
 A944       1.7309 0.09703   0.667 0.0000E+00  0.000   0.67
 A866       1.7367 0.07840   6.097 0.0000E+00  0.000   6.10
 A603       1.7414 0.02964   8.525 0.0000E+00  0.000   8.52
 A581       1.7438 0.12092   5.429 0.0000E+00  0.000   5.43
 A671       1.7441 0.15588   0.273 0.0000E+00  0.000   0.27
 A119       1.7453 0.09505   6.514 0.0000E+00  0.000   6.51
 A961       1.7472 0.15980   1.706 0.0000E+00  0.000   1.71
 A575       1.7477 0.06703   2.503 0.0000E+00  0.000   2.50
 A969       1.7495 0.02354   1.241 0.0000E+00  0.000   1.24
 A738       1.7514 0.07492   4.662 0.0000E+00  0.000   4.66
 A668       1.7535 0.00770   9.447 0.0000E+00  0.000   9.45
 A289       1.7604 0.09241   7.594 0.0000E+00  0.000   7.59
 A559       1.7621 0.03533   3.019 0.0000E+00  0.000   3.02
 A732       1.7640 0.02220   6.008 0.0000E+00  0.000   6.01
 A798       1.7643 0.01956   3.735 0.0000E+00  0.000   3.74
 A519       1.7665 0.03954   6.384 0.0000E+00  0.000   6.38
 A755       1.7669 0.09952   3.742 0.0000E+00  0.000   3.74
 A38        1.7678 0.07211   1.650 0.0000E+00  0.000   1.65
 A63        1.7687 0.08511   8.422 0.0000E+00  0.000   8.42
 A740       1.7695 0.08509   1.180 0.0000E+00  0.000   1.18
 A835       1.7698 0.05369   4.825 0.0000E+00  0.000   4.82
 A560       1.7725 0.05737   5.542 0.0000E+00  0.000   5.54
 A140       1.7780 0.09198   4.169 0.0000E+00  0.000   4.17
 A150       1.7833 0.06899   4.152 0.0000E+00  0.000   4.15
 A188       1.7857 0.05236   3.155 0.0000E+00  0.000   3.16
 A381       1.7935 0.14481   4.659 0.0000E+00  0.000   4.66
 A412       1.7985 0.10566   2.570 0.0000E+00  0.000   2.57
 A396       1.8002 0.12177   4.580 0.0000E+00  0.000   4.58
 A24        1.8018 0.08508   5.152 0.0000E+00  0.000   5.15
 A505       1.8022 0.06655   1.890 0.0000E+00  0.000   1.89
 A962       1.8036 0.02428   0.880 0.0000E+00  0.000   0.88
 A130       1.8037 0.01220   4.278 0.0000E+00  0.000   4.28
 A511       1.8042 0.02153   1.981 0.0000E+00  0.000   1.98
 A470       1.8052 0.06752   6.743 0.0000E+00  0.000   6.74
 A348       1.8053 0.10210   7.775 0.0000E+00  0.000   7.78
 A627       1.8056 0.09299   8.557 0.0000E+00  0.000   8.56
 A482       1.8146 0.02050   7.784 0.0000E+00  0.000   7.78
 A121       1.8170 0.09134   4.554 0.0000E+00  0.000   4.55
 A201       1.8182 0.02038   9.886 0.0000E+00  0.000   9.89
 A585       1.8183 0.05290   2.064 0.0000E+00  0.000   2.06
 A122       1.8198 0.10476   8.395 0.0000E+00  0.000   8.40
 A724       1.8201 0.04070   0.961 0.0000E+00  0.000   0.96
 A899       1.8203 0.08360   0.831 0.0000E+00  0.000   0.83
 A136       1.8209 0.11481   3.882 0.0000E+00  0.000   3.88
 A58        1.8212 0.06242   6.015 0.0000E+00  0.000   6.01
 A299       1.8225 0.07780   1.297 0.0000E+00  0.000   1.30
 A7         1.8234 0.04200   5.112 0.0000E+00  0.000   5.11
 A301       1.8258 0.05385   2.347 0.0000E+00  0.000   2.35
 A512       1.8266 0.07631   9.948 0.0000E+00  0.000   9.95
 A99        1.8275 0.12540   6.706 0.0000E+00  0.000   6.71
 A74        1.8282 0.06944   5.078 0.0000E+00  0.000   5.08
 A807       1.8302 0.03839   1.778 0.0000E+00  0.000   1.78
 A702       1.8309 0.14809   5.086 0.0000E+00  0.000   5.09
 A207       1.8313 0.03469   9.089 0.0000E+00  0.000   9.09
 A205       1.8353 0.07216   7.308 0.0000E+00  0.000   7.31
 A725       1.8365 0.07320   8.492 0.0000E+00  0.000   8.49
 A324       1.8368 0.11677   9.308 0.0000E+00  0.000   9.31
 A827       1.8370 0.04418   7.639 0.0000E+00  0.000   7.64
 A161       1.8382 0.01145   8.018 0.0000E+00  0.000   8.02
 A29        1.8410 0.05723   4.653 0.0000E+00  0.000   4.65
 A780       1.8417 0.12920   8.843 0.0000E+00  0.000   8.84
 A281       1.8439 0.10664   1.713 0.0000E+00  0.000   1.71
 A268       1.8440 0.01586   5.263 0.0000E+00  0.000   5.26
 A567       1.8531 0.14550   5.840 0.0000E+00  0.000   5.84
 A765       1.8547 0.03105   4.722 0.0000E+00  0.000   4.72
 A728       1.8557 0.10055   2.019 0.0000E+00  0.000   2.02
 A855       1.8564 0.10476   3.357 0.0000E+00  0.000   3.36
 A768       1.8588 0.02431   2.827 0.0000E+00  0.000   2.83
 A477       1.8603 0.08204   4.643 0.0000E+00  0.000   4.64
 A132       1.8616 0.01238   7.389 0.0000E+00  0.000   7.39
 A181       1.8619 0.06670   1.832 0.0000E+00  0.000   1.83
 A407       1.8634 0.06803   6.190 0.0000E+00  0.000   6.19
 A270       1.8639 0.05215   6.626 0.0000E+00  0.000   6.63
 A344       1.8683 0.06344   8.874 0.0000E+00  0.000   8.87
 A50        1.8698 0.03459   3.869 0.0000E+00  0.000   3.87
 A864       1.8722 0.08275   9.199 0.0000E+00  0.000   9.20
 A126       1.8724 0.03158   7.583 0.0000E+00  0.000   7.58
 A346       1.8774 0.08037   8.859 0.0000E+00  0.000   8.86
 A263       1.8780 0.07989   4.901 0.0000E+00  0.000   4.90
 A628       1.8789 0.03541   0.056 0.0000E+00  0.000   0.06
 A992       1.8801 0.08059   2.629 0.0000E+00  0.000   2.63
 A246       1.8809 0.14749   4.101 0.0000E+00  0.000   4.10
 A33        1.8815 0.03148   3.375 0.0000E+00  0.000   3.37
 A935       1.8843 0.05835   6.444 0.0000E+00  0.000   6.44
 A846       1.8848 0.10425   0.479 0.0000E+00  0.000   0.48
 A665       1.8928 0.12410   6.944 0.0000E+00  0.000   6.94
 A583       1.8962 0.02948   8.139 0.0000E+00  0.000   8.14
 A413       1.8965 0.05565   7.467 0.0000E+00  0.000   7.47
 A255       1.8976 0.11934   2.840 0.0000E+00  0.000   2.84
 A428       1.8977 0.09885   1.457 0.0000E+00  0.000   1.46
 A889       1.9051 0.05221   1.492 0.0000E+00  0.000   1.49
 A611       1.9082 0.08897   7.553 0.0000E+00  0.000   7.55
 A86        1.9083 0.06858   2.100 0.0000E+00  0.000   2.10
 A495       1.9091 0.08791   7.142 0.0000E+00  0.000   7.14
 A994       1.9256 0.12625   5.799 0.0000E+00  0.000   5.80
 A843       1.9260 0.12238   1.564 0.0000E+00  0.000   1.56
 A769       1.9263 0.05330   0.270 0.0000E+00  0.000   0.27
 A995       1.9284 0.01808   8.463 0.0000E+00  0.000   8.46
 A98        1.9300 0.04887   1.156 0.0000E+00  0.000   1.16
 A187       1.9317 0.11322   9.387 0.0000E+00  0.000   9.39
 A144       1.9319 0.07960   0.375 0.0000E+00  0.000   0.38
 A801       1.9328 0.06253   1.219 0.0000E+00  0.000   1.22
 A223       1.9373 0.10988   3.506 0.0000E+00  0.000   3.51
 A311       1.9373 0.09222   8.546 0.0000E+00  0.000   8.55
 A371       1.9383 0.05845   7.865 0.0000E+00  0.000   7.87
 A617       1.9460 0.04347   2.309 0.0000E+00  0.000   2.31
 A356       1.9462 0.05152   2.684 0.0000E+00  0.000   2.68
 A675       1.9482 0.01134   7.544 0.0000E+00  0.000   7.54
 A438       1.9488 0.09935   2.005 0.0000E+00  0.000   2.00
 A526       1.9521 0.08146   8.861 0.0000E+00  0.000   8.86
 A632       1.9547 0.06350   1.236 0.0000E+00  0.000   1.24
 A942       1.9568 0.03647   8.622 0.0000E+00  0.000   8.62
 A547       1.9639 0.03172   8.075 0.0000E+00  0.000   8.08
 A202       1.9648 0.12548   3.915 0.0000E+00  0.000   3.91
 A82        1.9660 0.08357   2.003 0.0000E+00  0.000   2.00
 A939       1.9681 0.08130   9.742 0.0000E+00  0.000   9.74
 A868       1.9687 0.11343   4.415 0.0000E+00  0.000   4.42
 A111       1.9715 0.06458   2.260 0.0000E+00  0.000   2.26
 A742       1.9729 0.08795   5.067 0.0000E+00  0.000   5.07
 A457       1.9768 0.07352   4.848 0.0000E+00  0.000   4.85
 A254       1.9783 0.05666   3.217 0.0000E+00  0.000   3.22
 A342       1.9810 0.05494   7.860 0.0000E+00  0.000   7.86
 A777       1.9811 0.06681   3.030 0.0000E+00  0.000   3.03
 A565       1.9831 0.07069   6.537 0.0000E+00  0.000   6.54
 A704       1.9930 0.15041   1.357 0.0000E+00  0.000   1.36
 A481       1.9999 0.03519   6.981 0.0000E+00  0.000   6.98
 A933       2.0002 0.07240   2.259 0.0000E+00  0.000   2.26
 A332       2.0016 0.03456   7.769 0.0000E+00  0.000   7.77
 A493       2.0039 0.13199   0.744 0.0000E+00  0.000   0.74
 A506       2.0045 0.03386   0.190 0.0000E+00  0.000   0.19
 A773       2.0067 0.05501   7.200 0.0000E+00  0.000   7.20
 A960       2.0086 0.01985   0.888 0.0000E+00  0.000   0.89
 A514       2.0108 0.07136   1.994 0.0000E+00  0.000   1.99
 A503       2.0108 0.04584   3.654 0.0000E+00  0.000   3.65
 A658       2.0189 0.06570   5.436 0.0000E+00  0.000   5.44
 A786       2.0250 0.06604   4.937 0.0000E+00  0.000   4.94
 A608       2.0259 0.11993   6.173 0.0000E+00  0.000   6.17
 A241       2.0262 0.09418   2.034 0.0000E+00  0.000   2.03
 A221       2.0271 0.07487   3.772 0.0000E+00  0.000   3.77
 A714       2.0273 0.12226   4.345 0.0000E+00  0.000   4.34
 A840       2.0278 0.08905   3.384 0.0000E+00  0.000   3.38
 A836       2.0309 0.05940   3.113 0.0000E+00  0.000   3.11
 A745       2.0316 0.12196   9.974 0.0000E+00  0.000   9.97
 A576       2.0327 0.08168   7.286 0.0000E+00  0.000   7.29
 A267       2.0387 0.05218   6.890 0.0000E+00  0.000   6.89
 A595       2.0393 0.14339   6.548 0.0000E+00  0.000   6.55
 A631       2.0433 0.08197   0.185 0.0000E+00  0.000   0.19
 A655       2.0440 0.08732   3.381 0.0000E+00  0.000   3.38
 A814       2.0503 0.13735   1.324 0.0000E+00  0.000   1.32
 A107       2.0510 0.07764   3.456 0.0000E+00  0.000   3.46
 A43        2.0511 0.08990   6.365 0.0000E+00  0.000   6.37
 A69        2.0567 0.08173   7.194 0.0000E+00  0.000   7.19
 A803       2.0572 0.08552   4.568 0.0000E+00  0.000   4.57
 A670       2.0685 0.06486   6.486 0.0000E+00  0.000   6.49
 A328       2.0687 0.23003   9.446 0.0000E+00  0.000   9.45
 A314       2.0735 0.13462   6.769 0.0000E+00  0.000   6.77
 A820       2.0800 0.07019   0.663 0.0000E+00  0.000   0.66
 A90        2.0878 0.14409   8.194 0.0000E+00  0.000   8.19
 A378       2.0878 0.07374   6.551 0.0000E+00  0.000   6.55
 A802       2.0886 0.07590   1.323 0.0000E+00  0.000   1.32
 A685       2.0892 0.10204   2.339 0.0000E+00  0.000   2.34
 A377       2.0893 0.09407   1.005 0.0000E+00  0.000   1.01
 A138       2.0899 0.16526   7.851 0.0000E+00  0.000   7.85
 A871       2.0902 0.06475   5.976 0.0000E+00  0.000   5.98
 A169       2.0953 0.05963   7.256 0.0000E+00  0.000   7.26
 A736       2.0983 0.06720   0.979 0.0000E+00  0.000   0.98
 A965       2.0996 0.14043   6.405 0.0000E+00  0.000   6.40
 A749       2.1031 0.10627   3.821 0.0000E+00  0.000   3.82
 A96        2.1043 0.09407   8.848 0.0000E+00  0.000   8.85
 A440       2.1075 0.03572   6.828 0.0000E+00  0.000   6.83
 A186       2.1120 0.04340   8.395 0.0000E+00  0.000   8.40
 A25        2.1134 0.01896   6.263 0.0000E+00  0.000   6.26
 A613       2.1207 0.05372   6.069 0.0000E+00  0.000   6.07
 A117       2.1207 0.14067   0.087 0.0000E+00  0.000   0.09
 A317       2.1215 0.02576   5.392 0.0000E+00  0.000   5.39
 A400       2.1223 0.08780   8.998 0.0000E+00  0.000   9.00
 A979       2.1242 0.14339   2.200 0.0000E+00  0.000   2.20
 A273       2.1267 0.03271   0.454 0.0000E+00  0.000   0.45
 A217       2.1277 0.06620   7.337 0.0000E+00  0.000   7.34
 A837       2.1280 0.07374   7.209 0.0000E+00  0.000   7.21
 A686       2.1292 0.10022   6.680 0.0000E+00  0.000   6.68
 A509       2.1324 0.18422   7.644 0.0000E+00  0.000   7.64
 A824       2.1338 0.07293   9.910 0.0000E+00  0.000   9.91
 A782       2.1349 0.12047   1.848 0.0000E+00  0.000   1.85
 A549       2.1351 0.06353   3.266 0.0000E+00  0.000   3.27
 A667       2.1354 0.04488   5.606 0.0000E+00  0.000   5.61
 A610       2.1354 0.16785   0.164 0.0000E+00  0.000   0.16
 A373       2.1391 0.06570   7.329 0.0000E+00  0.000   7.33
 A774       2.1398 0.02603   3.568 0.0000E+00  0.000   3.57
 A553       2.1437 0.14292   1.872 0.0000E+00  0.000   1.87
 A251       2.1453 0.00952   1.228 0.0000E+00  0.000   1.23
 A292       2.1453 0.07487   9.762 0.0000E+00  0.000   9.76
 A12        2.1456 0.01780   6.336 0.0000E+00  0.000   6.34
 A538       2.1527 0.07785   1.309 0.0000E+00  0.000   1.31
 A584       2.1548 0.11454   5.414 0.0000E+00  0.000   5.41
 A325       2.1559 0.14259   0.804 0.0000E+00  0.000   0.80
 A199       2.1593 0.06730   9.691 0.0000E+00  0.000   9.69
 A921       2.1637 0.16987   0.532 0.0000E+00  0.000   0.53
 A429       2.1648 0.11776   0.107 0.0000E+00  0.000   0.11
 A758       2.1682 0.05713   0.344 0.0000E+00  0.000   0.34
 A475       2.1707 0.03147   3.777 0.0000E+00  0.000   3.78
 A55        2.1719 0.14326   7.118 0.0000E+00  0.000   7.12
 A227       2.1725 0.06918   2.136 0.0000E+00  0.000   2.14
 A656       2.1734 0.04699   3.470 0.0000E+00  0.000   3.47
 A966       2.1735 0.10773   3.851 0.0000E+00  0.000   3.85
 A650       2.1746 0.09087   0.382 0.0000E+00  0.000   0.38
 A149       2.1799 0.08071   7.263 0.0000E+00  0.000   7.26
 A191       2.1866 0.06403   3.050 0.0000E+00  0.000   3.05
 A214       2.1902 0.12879   3.700 0.0000E+00  0.000   3.70
 A474       2.1933 0.14493   4.296 0.0000E+00  0.000   4.30
 A750       2.1936 0.09327   5.572 0.0000E+00  0.000   5.57
 A947       2.1960 0.05075   0.904 0.0000E+00  0.000   0.90
 A308       2.1966 0.13686   0.551 0.0000E+00  0.000   0.55
 A513       2.1968 0.05561   1.949 0.0000E+00  0.000   1.95
 A654       2.1980 0.06742   3.488 0.0000E+00  0.000   3.49
 A94        2.2001 0.10758   0.810 0.0000E+00  0.000   0.81
 A379       2.2031 0.13306   2.905 0.0000E+00  0.000   2.90
 A557       2.2052 0.04618   6.125 0.0000E+00  0.000   6.13
 A293       2.2101 0.07148   1.266 0.0000E+00  0.000   1.27
 A45        2.2131 0.09017   2.846 0.0000E+00  0.000   2.85
 A940       2.2173 0.15273   7.966 0.0000E+00  0.000   7.97
 A28        2.2179 0.04212   1.349 0.0000E+00  0.000   1.35
 A908       2.2217 0.03644   6.671 0.0000E+00  0.000   6.67
 A185       2.2239 0.00338   3.390 0.0000E+00  0.000   3.39
 A854       2.2267 0.07849   0.050 0.0000E+00  0.000   0.05
 A72        2.2278 0.09010   2.108 0.0000E+00  0.000   2.11
 A734       2.2299 0.06441   2.585 0.0000E+00  0.000   2.58
 A476       2.2336 0.05614   8.659 0.0000E+00  0.000   8.66
 A990       2.2529 0.02905   5.385 0.0000E+00  0.000   5.39
 A171       2.2557 0.03967   2.342 0.0000E+00  0.000   2.34
 A307       2.2586 0.01402   1.503 0.0000E+00  0.000   1.50
 A384       2.2622 0.08171   9.034 0.0000E+00  0.000   9.03
 A229       2.2649 0.08133   4.419 0.0000E+00  0.000   4.42
 A278       2.2649 0.07057   9.032 0.0000E+00  0.000   9.03
 A681       2.2653 0.05744   6.838 0.0000E+00  0.000   6.84
 A22        2.2656 0.06707   6.596 0.0000E+00  0.000   6.60
 A224       2.2664 0.01952   4.966 0.0000E+00  0.000   4.97
 A710       2.2671 0.05777   1.224 0.0000E+00  0.000   1.22
 A97        2.2722 0.00172   9.832 0.0000E+00  0.000   9.83
 A61        2.2730 0.07185   1.759 0.0000E+00  0.000   1.76
 A310       2.2950 0.06337   6.475 0.0000E+00  0.000   6.47
 A818       2.2960 0.09199   7.685 0.0000E+00  0.000   7.68
 A784       2.2962 0.11894   4.654 0.0000E+00  0.000   4.65
 A147       2.2962 0.04684   1.467 0.0000E+00  0.000   1.47
 A672       2.3010 0.08807   3.747 0.0000E+00  0.000   3.75
 A744       2.3026 0.07880   7.503 0.0000E+00  0.000   7.50
 A890       2.3031 0.06461   0.325 0.0000E+00  0.000   0.33
 A770       2.3059 0.03471   3.530 0.0000E+00  0.000   3.53
 A796       2.3130 0.09042   1.924 0.0000E+00  0.000   1.92
 A455       2.3132 0.08942   7.665 0.0000E+00  0.000   7.66
 A158       2.3157 0.14359   0.371 0.0000E+00  0.000   0.37
 A991       2.3172 0.12898   8.242 0.0000E+00  0.000   8.24
 A849       2.3203 0.11729   1.343 0.0000E+00  0.000   1.34
 A726       2.3203 0.05191   8.920 0.0000E+00  0.000   8.92
 A35        2.3207 0.14626   7.595 0.0000E+00  0.000   7.59
 A272       2.3250 0.05028   7.708 0.0000E+00  0.000   7.71
 A867       2.3261 0.08082   9.680 0.0000E+00  0.000   9.68
 A313       2.3315 0.13796   7.994 0.0000E+00  0.000   7.99
 A918       2.3395 0.01826   5.789 0.0000E+00  0.000   5.79
 A473       2.3398 0.08786   4.622 0.0000E+00  0.000   4.62
 A465       2.3410 0.10466   5.906 0.0000E+00  0.000   5.91
 A323       2.3473 0.12949   2.722 0.0000E+00  0.000   2.72
 A1000      2.3480 0.08240   0.559 0.0000E+00  0.000   0.56
 A436       2.3569 0.09384   7.928 0.0000E+00  0.000   7.93
 A165       2.3587 0.15615   3.655 0.0000E+00  0.000   3.66
 A174       2.3674 0.04736   4.264 0.0000E+00  0.000   4.26
 A902       2.3693 0.03045   8.979 0.0000E+00  0.000   8.98
 A790       2.3709 0.07238   2.130 0.0000E+00  0.000   2.13
 A127       2.3726 0.09785   5.011 0.0000E+00  0.000   5.01
 A375       2.3738 0.10795   2.453 0.0000E+00  0.000   2.45
 A257       2.3770 0.09799   4.239 0.0000E+00  0.000   4.24
 A605       2.3807 0.10990   0.427 0.0000E+00  0.000   0.43
 A748       2.3846 0.09184   4.487 0.0000E+00  0.000   4.49
 A641       2.3849 0.04829   1.855 0.0000E+00  0.000   1.85
 A858       2.3865 0.03304   9.597 0.0000E+00  0.000   9.60
 A530       2.3881 0.09473   6.969 0.0000E+00  0.000   6.97
 A20        2.3899 0.08072   4.159 0.0000E+00  0.000   4.16
 A321       2.3904 0.02692   6.228 0.0000E+00  0.000   6.23
 A696       2.3907 0.05278   4.783 0.0000E+00  0.000   4.78
 A48        2.3961 0.07218   3.061 0.0000E+00  0.000   3.06
 A93        2.3992 0.11098   1.320 0.0000E+00  0.000   1.32
 A156       2.4057 0.04599   4.433 0.0000E+00  0.000   4.43
 A101       2.4063 0.08413   9.205 0.0000E+00  0.000   9.21
 A967       2.4073 0.04004   6.141 0.0000E+00  0.000   6.14
 A444       2.4090 0.05439   5.703 0.0000E+00  0.000   5.70
 A695       2.4113 0.06068   4.143 0.0000E+00  0.000   4.14
 A895       2.4131 0.03786   9.895 0.0000E+00  0.000   9.89
 A345       2.4167 0.10200   3.995 0.0000E+00  0.000   3.99
 A159       2.4189 0.09130   1.085 0.0000E+00  0.000   1.08
 A876       2.4219 0.11432   4.191 0.0000E+00  0.000   4.19
 A821       2.4246 0.09127   3.050 0.0000E+00  0.000   3.05
 A998       2.4349 0.03248   5.241 0.0000E+00  0.000   5.24
 A776       2.4403 0.15628   1.503 0.0000E+00  0.000   1.50
 A831       2.4431 0.18851   9.543 0.0000E+00  0.000   9.54
 A953       2.4482 0.08391   5.556 0.0000E+00  0.000   5.56
 A943       2.4485 0.05566   7.644 0.0000E+00  0.000   7.64
 A172       2.4653 0.14047   8.133 0.0000E+00  0.000   8.13
 A442       2.4741 0.01591   2.602 0.0000E+00  0.000   2.60
 A701       2.4797 0.06048   9.937 0.0000E+00  0.000   9.94
 A388       2.4810 0.09854   2.640 0.0000E+00  0.000   2.64
 A112       2.4815 0.05308   6.281 0.0000E+00  0.000   6.28
 A13        2.4911 0.08624   7.610 0.0000E+00  0.000   7.61
 A791       2.4940 0.05278   6.496 0.0000E+00  0.000   6.50
 A337       2.4949 0.04065   2.218 0.0000E+00  0.000   2.22
 A952       2.4977 0.20447   6.533 0.0000E+00  0.000   6.53
 A302       2.4979 0.12393   3.284 0.0000E+00  0.000   3.28
 A859       2.5178 0.12934   1.470 0.0000E+00  0.000   1.47
 A599       2.5185 0.08299   3.317 0.0000E+00  0.000   3.32
 A367       2.5195 0.14768   4.212 0.0000E+00  0.000   4.21
 A102       2.5210 0.14996   2.875 0.0000E+00  0.000   2.87
 A884       2.5229 0.13824   1.262 0.0000E+00  0.000   1.26
 A975       2.5266 0.02917   4.284 0.0000E+00  0.000   4.28
 A236       2.5277 0.12809   1.467 0.0000E+00  0.000   1.47
 A424       2.5307 0.19301   8.533 0.0000E+00  0.000   8.53
 A651       2.5353 0.16186   0.902 0.0000E+00  0.000   0.90
 A705       2.5418 0.10657   5.344 0.0000E+00  0.000   5.34
 A287       2.5427 0.12585   4.660 0.0000E+00  0.000   4.66
 A468       2.5456 0.14427   5.126 0.0000E+00  0.000   5.13
 A374       2.5456 0.08388   8.546 0.0000E+00  0.000   8.55
 A922       2.5465 0.13125   3.133 0.0000E+00  0.000   3.13
 A352       2.5473 0.03494   6.690 0.0000E+00  0.000   6.69
 A89        2.5572 0.13296   7.212 0.0000E+00  0.000   7.21
 A690       2.5585 0.09613   4.648 0.0000E+00  0.000   4.65
 A861       2.5600 0.12459   3.064 0.0000E+00  0.000   3.06
 A42        2.5647 0.06294   6.742 0.0000E+00  0.000   6.74
 A222       2.5648 0.12687   5.924 0.0000E+00  0.000   5.92
 A11        2.5655 0.09075   7.960 0.0000E+00  0.000   7.96
 A596       2.5668 0.09827   9.963 0.0000E+00  0.000   9.96
 A706       2.5668 0.04232   3.593 0.0000E+00  0.000   3.59
 A806       2.5695 0.08206   7.751 0.0000E+00  0.000   7.75
 A167       2.5745 0.08119   5.682 0.0000E+00  0.000   5.68
 A851       2.5764 0.03019   4.627 0.0000E+00  0.000   4.63
 A844       2.5779 0.10190   5.808 0.0000E+00  0.000   5.81
 A331       2.5779 0.12544   2.690 0.0000E+00  0.000   2.69
 A666       2.5856 0.12597   3.056 0.0000E+00  0.000   3.06
 A239       2.5868 0.03940   6.474 0.0000E+00  0.000   6.47
 A688       2.5897 0.19826   3.273 0.0000E+00  0.000   3.27
 A31        2.5959 0.11747   8.821 0.0000E+00  0.000   8.82
 A431       2.5991 0.09749   2.488 0.0000E+00  0.000   2.49
 A422       2.5991 0.14547   5.203 0.0000E+00  0.000   5.20
 A175       2.5993 0.03034   4.363 0.0000E+00  0.000   4.36
 A276       2.6031 0.13218   0.441 0.0000E+00  0.000   0.44
 A284       2.6059 0.12264   4.941 0.0000E+00  0.000   4.94
 A256       2.6104 0.18524   9.373 0.0000E+00  0.000   9.37
 A609       2.6138 0.08341   8.296 0.0000E+00  0.000   8.30
 A450       2.6144 0.06047   3.204 0.0000E+00  0.000   3.20
 A896       2.6163 0.09583   7.723 0.0000E+00  0.000   7.72
 A141       2.6180 0.08161   1.735 0.0000E+00  0.000   1.73
 A213       2.6184 0.10000   5.382 0.0000E+00  0.000   5.38
 A661       2.6215 0.04393   4.333 0.0000E+00  0.000   4.33
 A135       2.6216 0.02724   9.320 0.0000E+00  0.000   9.32
 A662       2.6233 0.12203   2.784 0.0000E+00  0.000   2.78
 A454       2.6309 0.06635   9.834 0.0000E+00  0.000   9.83
 A891       2.6311 0.17354   6.889 0.0000E+00  0.000   6.89
 A338       2.6348 0.06439   7.325 0.0000E+00  0.000   7.32
 A184       2.6357 0.10471   6.722 0.0000E+00  0.000   6.72
 A372       2.6383 0.17887   2.781 0.0000E+00  0.000   2.78
 A204       2.6435 0.11048   7.968 0.0000E+00  0.000   7.97
 A386       2.6464 0.00418   3.984 0.0000E+00  0.000   3.98
 A925       2.6507 0.14663   1.718 0.0000E+00  0.000   1.72
 A853       2.6558 0.05819   0.576 0.0000E+00  0.000   0.58
 A872       2.6565 0.07296   0.196 0.0000E+00  0.000   0.20
 A67        2.6573 0.13140   6.313 0.0000E+00  0.000   6.31
 A968       2.6596 0.02759   4.928 0.0000E+00  0.000   4.93
 A6         2.6641 0.05197   4.347 0.0000E+00  0.000   4.35
 A489       2.6677 0.12812   7.141 0.0000E+00  0.000   7.14
 A718       2.6703 0.09411   5.596 0.0000E+00  0.000   5.60
 A957       2.6704 0.11971   5.435 0.0000E+00  0.000   5.44
 A938       2.6716 0.08928   0.784 0.0000E+00  0.000   0.78
 A887       2.6735 0.09479  10.063 0.0000E+00  0.000  10.06
 A715       2.6844 0.12019   2.375 0.0000E+00  0.000   2.38
 A709       2.6907 0.07188   4.144 0.0000E+00  0.000   4.14
 A730       2.6919 0.05362   4.929 0.0000E+00  0.000   4.93
 A471       2.6943 0.07146   7.074 0.0000E+00  0.000   7.07
 A630       2.6949 0.11783   0.924 0.0000E+00  0.000   0.92
 A39        2.6992 0.04513   9.243 0.0000E+00  0.000   9.24
 A100       2.7001 0.12775   6.366 0.0000E+00  0.000   6.37
 A911       2.7060 0.16166   2.348 0.0000E+00  0.000   2.35
 A360       2.7065 0.04524   0.001 0.0000E+00  0.000   0.00
 A499       2.7101 0.04556   2.782 0.0000E+00  0.000   2.78
 A4         2.7104 0.11839   2.445 0.0000E+00  0.000   2.45
 A833       2.7176 0.05883   8.977 0.0000E+00  0.000   8.98
 A963       2.7180 0.02172   7.087 0.0000E+00  0.000   7.09
 A815       2.7192 0.07567   3.651 0.0000E+00  0.000   3.65
 A316       2.7261 0.10294   7.286 0.0000E+00  0.000   7.29
 A934       2.7276 0.01797   1.860 0.0000E+00  0.000   1.86
 A303       2.7277 0.02206   6.252 0.0000E+00  0.000   6.25
 A409       2.7290 0.10097   4.849 0.0000E+00  0.000   4.85
 A917       2.7292 0.01887   6.654 0.0000E+00  0.000   6.65
 A682       2.7298 0.16819   3.214 0.0000E+00  0.000   3.21
 A552       2.7308 0.04525   5.709 0.0000E+00  0.000   5.71
 A208       2.7325 0.16512  10.105 0.0000E+00  0.000  10.10
 A300       2.7349 0.01223   6.736 0.0000E+00  0.000   6.74
 A451       2.7423 0.07554   8.190 0.0000E+00  0.000   8.19
 A694       2.7457 0.05964   1.498 0.0000E+00  0.000   1.50
 A760       2.7489 0.08373   2.405 0.0000E+00  0.000   2.41
 A87        2.7497 0.08619   7.975 0.0000E+00  0.000   7.97
 A624       2.7498 0.10414   8.499 0.0000E+00  0.000   8.50
 A747       2.7511 0.11624   2.160 0.0000E+00  0.000   2.16
 A243       2.7512 0.02353   8.827 0.0000E+00  0.000   8.83
 A735       2.7577 0.08602   4.788 0.0000E+00  0.000   4.79
 A312       2.7596 0.19530   7.465 0.0000E+00  0.000   7.46
 A336       2.7610 0.08613   3.378 0.0000E+00  0.000   3.38
 A800       2.7615 0.06132   3.438 0.0000E+00  0.000   3.44
 A2         2.7628 0.01491   0.468 0.0000E+00  0.000   0.47
 A37        2.7629 0.07093   2.801 0.0000E+00  0.000   2.80
 A294       2.7678 0.03535   5.573 0.0000E+00  0.000   5.57
 A365       2.7705 0.01489   8.189 0.0000E+00  0.000   8.19
 A19        2.7804 0.06208   9.558 0.0000E+00  0.000   9.56
 A393       2.7806 0.11302   6.422 0.0000E+00  0.000   6.42
 A432       2.7824 0.12108   1.929 0.0000E+00  0.000   1.93
 A838       2.7879 0.04674   3.031 0.0000E+00  0.000   3.03
 A648       2.7897 0.12533   5.295 0.0000E+00  0.000   5.29
 A339       2.7902 0.09622   1.749 0.0000E+00  0.000   1.75
 A120       2.7934 0.16385   7.774 0.0000E+00  0.000   7.77
 A233       2.7962 0.22304   4.294 0.0000E+00  0.000   4.29
 A237       2.7976 0.09197   4.007 0.0000E+00  0.000   4.01
 A629       2.8062 0.12569   3.578 0.0000E+00  0.000   3.58
 A812       2.8071 0.10981   1.420 0.0000E+00  0.000   1.42
 A826       2.8073 0.07277   1.007 0.0000E+00  0.000   1.01
 A764       2.8088 0.05903   8.718 0.0000E+00  0.000   8.72
 A163       2.8089 0.13895   2.691 0.0000E+00  0.000   2.69
 A574       2.8320 0.14667   5.459 0.0000E+00  0.000   5.46
 A196       2.8394 0.08646   5.974 0.0000E+00  0.000   5.97
 A403       2.8396 0.15587   1.665 0.0000E+00  0.000   1.66
 A353       2.8405 0.16768   6.508 0.0000E+00  0.000   6.51
 A888       2.8405 0.17842   2.128 0.0000E+00  0.000   2.13
 A340       2.8515 0.06765   4.556 0.0000E+00  0.000   4.56
 A762       2.8521 0.12027   9.485 0.0000E+00  0.000   9.49
 A426       2.8528 0.14270   9.444 0.0000E+00  0.000   9.44
 A507       2.8531 0.00625   2.775 0.0000E+00  0.000   2.77
 A620       2.8543 0.14298   0.674 0.0000E+00  0.000   0.67
 A600       2.8599 0.19498   0.496 0.0000E+00  0.000   0.50
 A528       2.8603 0.11550   7.640 0.0000E+00  0.000   7.64
 A850       2.8612 0.21331   1.525 0.0000E+00  0.000   1.52
 A763       2.8616 0.01415   1.801 0.0000E+00  0.000   1.80
 A881       2.8640 0.16883   5.400 0.0000E+00  0.000   5.40
 A483       2.8656 0.22580   3.154 0.0000E+00  0.000   3.15
 A984       2.8664 0.04823   3.614 0.0000E+00  0.000   3.61
 A320       2.8691 0.05968   9.293 0.0000E+00  0.000   9.29
 A912       2.8694 0.11760   8.005 0.0000E+00  0.000   8.01
 A177       2.8708 0.04844   2.776 0.0000E+00  0.000   2.78
 A612       2.8797 0.07401   8.190 0.0000E+00  0.000   8.19
 A540       2.8843 0.03515   8.393 0.0000E+00  0.000   8.39
 A330       2.8849 0.11155   7.555 0.0000E+00  0.000   7.55
 A382       2.8851 0.08499   1.170 0.0000E+00  0.000   1.17
 A754       2.8858 0.05520   3.127 0.0000E+00  0.000   3.13
 A737       2.8894 0.03944   3.053 0.0000E+00  0.000   3.05
 A794       2.8909 0.14518   8.310 0.0000E+00  0.000   8.31
 A669       2.8944 0.20706   0.324 0.0000E+00  0.000   0.32
 A679       2.8964 0.02395   4.816 0.0000E+00  0.000   4.82
 A885       2.9081 0.00319   8.185 0.0000E+00  0.000   8.18
 A727       2.9090 0.19758   4.408 0.0000E+00  0.000   4.41
 A830       2.9099 0.04984   1.877 0.0000E+00  0.000   1.88
 A333       2.9111 0.11871   7.472 0.0000E+00  0.000   7.47
 A478       2.9218 0.10240   2.429 0.0000E+00  0.000   2.43
 A484       2.9244 0.16626   4.620 0.0000E+00  0.000   4.62
 A785       2.9261 0.09246   2.088 0.0000E+00  0.000   2.09
 A359       2.9282 0.05063   7.076 0.0000E+00  0.000   7.08
 A659       2.9355 0.01819   5.030 0.0000E+00  0.000   5.03
 A193       2.9368 0.08317   2.987 0.0000E+00  0.000   2.99
 A77        2.9391 0.06339   8.919 0.0000E+00  0.000   8.92
 A8         2.9479 0.18430   5.269 0.0000E+00  0.000   5.27
 A64        2.9489 0.09363   8.818 0.0000E+00  0.000   8.82
 A143       2.9499 0.12055   5.557 0.0000E+00  0.000   5.56
 A49        2.9521 0.09836   4.149 0.0000E+00  0.000   4.15
 A176       2.9666 0.08731   7.047 0.0000E+00  0.000   7.05
 A459       2.9670 0.07499   2.401 0.0000E+00  0.000   2.40
 A931       2.9677 0.09868   3.624 0.0000E+00  0.000   3.62
 A59        2.9680 0.22434   6.018 0.0000E+00  0.000   6.02
 A21        2.9684 0.07111   4.557 0.0000E+00  0.000   4.56
 A869       2.9723 0.02885   9.458 0.0000E+00  0.000   9.46
 A986       2.9800 0.12831   2.811 0.0000E+00  0.000   2.81
 A118       2.9844 0.02926   9.074 0.0000E+00  0.000   9.07
 A501       2.9863 0.13418   0.621 0.0000E+00  0.000   0.62
 A720       2.9887 0.05456   2.838 0.0000E+00  0.000   2.84
 A182       2.9969 0.05660   9.253 0.0000E+00  0.000   9.25
 A408       2.9979 0.10819   2.329 0.0000E+00  0.000   2.33
 A410       3.0007 0.10272   3.718 0.0000E+00  0.000   3.72
 A115       3.0018 0.13364   0.988 0.0000E+00  0.000   0.99
 A462       3.0022 0.00636   2.779 0.0000E+00  0.000   2.78
 A23        3.0118 0.10924   1.269 0.0000E+00  0.000   1.27
 A464       3.0182 0.08827   0.833 0.0000E+00  0.000   0.83
 A235       3.0197 0.03159   8.614 0.0000E+00  0.000   8.61
 A527       3.0239 0.16852   3.069 0.0000E+00  0.000   3.07
 A640       3.0267 0.06864   4.523 0.0000E+00  0.000   4.52
 A282       3.0271 0.10933   0.166 0.0000E+00  0.000   0.17
 A897       3.0321 0.03405   9.384 0.0000E+00  0.000   9.38
 A590       3.0323 0.15642   3.865 0.0000E+00  0.000   3.86
 A883       3.0379 0.11355   6.510 0.0000E+00  0.000   6.51
 A240       3.0416 0.02798   5.125 0.0000E+00  0.000   5.12
 A1         3.0448 0.12299   2.608 0.0000E+00  0.000   2.61
 A385       3.0516 0.08696   1.464 0.0000E+00  0.000   1.46
 A646       3.0533 0.06794   2.554 0.0000E+00  0.000   2.55
 A712       3.0609 0.06388   5.126 0.0000E+00  0.000   5.13
 A397       3.0614 0.09016   1.128 0.0000E+00  0.000   1.13
 A804       3.0618 0.17758   3.549 0.0000E+00  0.000   3.55
 A722       3.0662 0.18659  10.061 0.0000E+00  0.000  10.06
 A550       3.0665 0.16320   7.538 0.0000E+00  0.000   7.54
 A54        3.0682 0.08102   0.714 0.0000E+00  0.000   0.71
 A416       3.0708 0.03320   5.033 0.0000E+00  0.000   5.03
 A76        3.0758 0.16225   5.857 0.0000E+00  0.000   5.86
 A539       3.0776 0.13079   3.201 0.0000E+00  0.000   3.20
 A252       3.0783 0.12770   0.187 0.0000E+00  0.000   0.19
 A248       3.0800 0.09281   6.512 0.0000E+00  0.000   6.51
 A420       3.0805 0.05127   1.417 0.0000E+00  0.000   1.42
 A123       3.0823 0.14065   3.748 0.0000E+00  0.000   3.75
 A692       3.0850 0.04501   6.370 0.0000E+00  0.000   6.37
 A566       3.0891 0.09273   9.567 0.0000E+00  0.000   9.57
 A689       3.0932 0.04441   3.760 0.0000E+00  0.000   3.76
 A106       3.0996 0.07489   6.253 0.0000E+00  0.000   6.25
 A893       3.1068 0.12341   5.524 0.0000E+00  0.000   5.52
 A996       3.1080 0.10934   4.732 0.0000E+00  0.000   4.73
 A456       3.1120 0.05759   3.629 0.0000E+00  0.000   3.63
 A247       3.1152 0.20435   1.546 0.0000E+00  0.000   1.55
 A391       3.1158 0.09086   3.587 0.0000E+00  0.000   3.59
 A71        3.1163 0.11129   4.077 0.0000E+00  0.000   4.08
 A68        3.1164 0.11811   8.461 0.0000E+00  0.000   8.46
 A218       3.1197 0.08883   6.855 0.0000E+00  0.000   6.85
 A250       3.1215 0.12672   1.683 0.0000E+00  0.000   1.68
 A335       3.1236 0.14349   9.025 0.0000E+00  0.000   9.02
 A194       3.1245 0.05730   8.801 0.0000E+00  0.000   8.80
 A653       3.1344 0.07002   8.451 0.0000E+00  0.000   8.45
 A16        3.1346 0.09648   4.673 0.0000E+00  0.000   4.67
 A78        3.1356 0.02590   9.432 0.0000E+00  0.000   9.43
 A133       3.1406 0.08409   8.509 0.0000E+00  0.000   8.51
 A244       3.1414 0.07747   7.132 0.0000E+00  0.000   7.13
 A674       3.1462 0.14639   7.028 0.0000E+00  0.000   7.03
 A103       3.1521 0.12188   3.354 0.0000E+00  0.000   3.35
 A589       3.1534 0.07548   7.914 0.0000E+00  0.000   7.91
 A279       3.1577 0.12472   9.352 0.0000E+00  0.000   9.35
 A766       3.1654 0.08772   7.623 0.0000E+00  0.000   7.62
 A711       3.1701 0.03860   6.498 0.0000E+00  0.000   6.50
 A305       3.1728 0.05451   8.033 0.0000E+00  0.000   8.03
 A819       3.1730 0.13339   0.343 0.0000E+00  0.000   0.34
 A877       3.1764 0.14962   8.007 0.0000E+00  0.000   8.01
 A546       3.1771 0.05144   5.933 0.0000E+00  0.000   5.93
 A592       3.1777 0.08676   3.092 0.0000E+00  0.000   3.09
 A949       3.1795 0.06769   4.564 0.0000E+00  0.000   4.56
 A401       3.1808 0.02365   5.448 0.0000E+00  0.000   5.45
 A707       3.1817 0.15874   0.917 0.0000E+00  0.000   0.92
 A40        3.1833 0.06828   8.580 0.0000E+00  0.000   8.58
 A959       3.1840 0.07232   2.007 0.0000E+00  0.000   2.01
 A480       3.1906 0.10393   5.969 0.0000E+00  0.000   5.97
 A898       3.1916 0.05070   3.421 0.0000E+00  0.000   3.42
 A834       3.1920 0.02513   0.372 0.0000E+00  0.000   0.37
 A657       3.1928 0.11461   2.895 0.0000E+00  0.000   2.89
 A716       3.1932 0.13516   6.227 0.0000E+00  0.000   6.23
 A195       3.1953 0.03928   9.161 0.0000E+00  0.000   9.16
 A326       3.1969 0.11211   0.218 0.0000E+00  0.000   0.22
 A930       3.2013 0.12315   6.246 0.0000E+00  0.000   6.25
 A606       3.2061 0.43290  24.418 0.0000E+00  0.000  24.42
 A327       3.2068 0.33594   2.875 0.0000E+00  0.000   2.87
 A572       3.2165 0.11955   2.145 0.0000E+00  0.000   2.14
 A563       3.2219 0.03168   1.637 0.0000E+00  0.000   1.64
 A60        3.2254 0.12846   7.292 0.0000E+00  0.000   7.29
 A832       3.2275 0.09399   8.273 0.0000E+00  0.000   8.27
 A626       3.2305 0.03983   5.726 0.0000E+00  0.000   5.73
 A261       3.2321 0.16931   2.694 0.0000E+00  0.000   2.69
 A350       3.2343 0.08552   2.113 0.0000E+00  0.000   2.11
 A91        3.2351 0.10460  16.700 0.0000E+00  0.000  16.70
 A775       3.2381 0.13766  30.631 0.0000E+00  0.000  30.63
 A700       3.2391 0.09220   2.137 0.0000E+00  0.000   2.14
 A910       3.2397 0.10546   5.479 0.0000E+00  0.000   5.48
 A151       3.2451 0.07515  32.957 0.0000E+00  0.000  32.96
 A825       3.2472 0.08636   9.933 0.0000E+00  0.000   9.93
 A298       3.2473 0.11979   4.191 0.0000E+00  0.000   4.19
 A676       3.2528 0.03855   1.787 0.0000E+00  0.000   1.79
 A81        3.2549 0.15847   9.686 0.0000E+00  0.000   9.69
 A551       3.2553 0.03546   8.237 0.0000E+00  0.000   8.24
 A954       3.2556 0.09810   0.151 0.0000E+00  0.000   0.15
 A518       3.2630 0.17509   5.127 0.0000E+00  0.000   5.13
 A238       3.2634 0.15308  31.139 0.0000E+00  0.000  31.14
 A635       3.2743 0.21320  25.442 0.0000E+00  0.000  25.44
 A985       3.2749 0.10011   3.703 0.0000E+00  0.000   3.70
 A164       3.2770 0.13396  20.350 0.0000E+00  0.000  20.35
 A983       3.2780 0.03290   8.216 0.0000E+00  0.000   8.22
 A73        3.2836 0.30632   1.050 0.0000E+00  0.000   1.05
 A948       3.2874 0.16376  27.398 0.0000E+00  0.000  27.40
 A779       3.2965 0.19008   4.819 0.0000E+00  0.000   4.82
 A937       3.2988 0.05533   1.953 0.0000E+00  0.000   1.95
 A644       3.2998 0.07783   0.588 0.0000E+00  0.000   0.59
 A490       3.3065 0.38804  28.058 0.0000E+00  0.000  28.06
 A70        3.3214 0.10969   7.198 0.0000E+00  0.000   7.20
 A680       3.3269 0.12857   5.130 0.0000E+00  0.000   5.13
 A363       3.3279 0.09317   4.034 0.0000E+00  0.000   4.03
 A808       3.3322 0.03314   0.413 0.0000E+00  0.000   0.41
 A231       3.3324 0.17864   9.928 0.0000E+00  0.000   9.93
 A357       3.3333 0.10926   8.613 0.0000E+00  0.000   8.61
 A621       3.3340 0.10727   1.581 0.0000E+00  0.000   1.58
 A520       3.3405 0.18188   7.125 0.0000E+00  0.000   7.13
 A209       3.3412 0.02140   3.159 0.0000E+00  0.000   3.16
 A262       3.3437 0.22565   2.851 0.0000E+00  0.000   2.85
 A929       3.3488 0.09275   3.397 0.0000E+00  0.000   3.40
 A643       3.3534 0.07440   6.178 0.0000E+00  0.000   6.18
 A781       3.3535 0.16582   7.198 0.0000E+00  0.000   7.20
 A271       3.3536 0.04437   9.592 0.0000E+00  0.000   9.59
 A684       3.3559 0.06094   1.372 0.0000E+00  0.000   1.37
 A759       3.3572 0.06263   3.922 0.0000E+00  0.000   3.92
 A616       3.3580 0.07737   1.074 0.0000E+00  0.000   1.07
 A192       3.3599 0.27971   0.685 0.0000E+00  0.000   0.69
 A376       3.3654 0.09296   1.066 0.0000E+00  0.000   1.07
 A598       3.3684 0.07350   6.082 0.0000E+00  0.000   6.08
 A997       3.3756 0.03041   8.945 0.0000E+00  0.000   8.95
 A542       3.3799 0.14566   5.472 0.0000E+00  0.000   5.47
 A805       3.3805 0.21331   8.019 0.0000E+00  0.000   8.02
 A370       3.3822 0.09783   4.101 0.0000E+00  0.000   4.10
 A137       3.3843 0.04093   6.782 0.0000E+00  0.000   6.78
 A128       3.3886 0.11757   4.309 0.0000E+00  0.000   4.31
 A597       3.3892 0.14364   2.682 0.0000E+00  0.000   2.68
 A524       3.3906 0.11805   2.143 0.0000E+00  0.000   2.14
 A66        3.3970 0.13671   5.127 0.0000E+00  0.000   5.13
 A53        3.3986 0.10754   2.562 0.0000E+00  0.000   2.56
 A914       3.4001 0.04205   8.421 0.0000E+00  0.000   8.42
 A573       3.4122 0.15293   1.349 0.0000E+00  0.000   1.35
 A131       3.4146 0.13332   3.318 0.0000E+00  0.000   3.32
 A160       3.4158 0.09072   4.309 0.0000E+00  0.000   4.31
 A154       3.4162 0.04663   3.310 0.0000E+00  0.000   3.31
 A813       3.4163 0.12779   8.272 0.0000E+00  0.000   8.27
 A568       3.4197 0.14525   1.576 0.0000E+00  0.000   1.58
 A741       3.4213 0.12823   8.775 0.0000E+00  0.000   8.77
 A697       3.4215 0.08977   6.637 0.0000E+00  0.000   6.64
 A778       3.4223 0.07727   5.808 0.0000E+00  0.000   5.81
 A166       3.4225 0.13960   0.594 0.0000E+00  0.000   0.59
 A460       3.4229 0.09755   0.646 0.0000E+00  0.000   0.65
 A27        3.4299 0.15062   8.446 0.0000E+00  0.000   8.45
 A463       3.4301 0.03938   6.865 0.0000E+00  0.000   6.87
 A458       3.4301 0.15069   3.317 0.0000E+00  0.000   3.32
 A569       3.4335 0.03144   8.747 0.0000E+00  0.000   8.75
 A874       3.4348 0.27150   4.313 0.0000E+00  0.000   4.31
 A57        3.4373 0.15662   5.395 0.0000E+00  0.000   5.40
 A708       3.4387 0.03716   5.366 0.0000E+00  0.000   5.37
 A322       3.4515 0.02614   6.903 0.0000E+00  0.000   6.90
 A558       3.4589 0.16134   2.388 0.0000E+00  0.000   2.39
 A523       3.4610 0.10821   1.454 0.0000E+00  0.000   1.45
 A75        3.4641 0.10946   8.408 0.0000E+00  0.000   8.41
 A502       3.4686 0.03962   3.402 0.0000E+00  0.000   3.40
 A970       3.4717 0.14018   2.073 0.0000E+00  0.000   2.07
 A873       3.4731 0.15667   4.658 0.0000E+00  0.000   4.66
 A645       3.4795 0.15961   9.132 0.0000E+00  0.000   9.13
 A260       3.4841 0.16734   0.067 0.0000E+00  0.000   0.07
 A452       3.4864 0.03530   4.361 0.0000E+00  0.000   4.36
 A110       3.4870 0.15984   0.206 0.0000E+00  0.000   0.21
 A623       3.4892 0.17781   5.391 0.0000E+00  0.000   5.39
 A981       3.4924 0.08138   7.803 0.0000E+00  0.000   7.80
 A923       3.4946 0.17447   3.065 0.0000E+00  0.000   3.06
 A789       3.5011 0.10974   3.056 0.0000E+00  0.000   3.06
 A415       3.5027 0.09801   5.036 0.0000E+00  0.000   5.04
 A295       3.5094 0.12712   4.311 0.0000E+00  0.000   4.31
 A882       3.5385 0.15950   5.390 0.0000E+00  0.000   5.39
 A945       3.5411 0.15387   5.537 0.0000E+00  0.000   5.54
 A245       3.5423 0.06533   5.854 0.0000E+00  0.000   5.85
 A829       3.5465 0.08191   4.084 0.0000E+00  0.000   4.08
 A433       3.5465 0.14456   0.609 0.0000E+00  0.000   0.61
 A531       3.5467 0.14279   0.657 0.0000E+00  0.000   0.66
 A108       3.5491 0.02112   7.109 0.0000E+00  0.000   7.11
 A987       3.5587 0.02431   9.015 0.0000E+00  0.000   9.01
 A906       3.5652 0.18414   4.448 0.0000E+00  0.000   4.45
 A453       3.5672 0.17764   4.789 0.0000E+00  0.000   4.79
 A999       3.5723 0.03788   2.669 0.0000E+00  0.000   2.67
 A274       3.5727 0.09342   1.269 0.0000E+00  0.000   1.27
 A920       3.5920 0.05808   1.671 0.0000E+00  0.000   1.67
 A561       3.5923 0.17754   7.958 0.0000E+00  0.000   7.96
 A220       3.6095 0.17048   2.205 0.0000E+00  0.000   2.21
 A105       3.6101 0.14868   3.921 0.0000E+00  0.000   3.92
 A417       3.6155 0.17990  10.023 0.0000E+00  0.000  10.02
 A580       3.6170 0.12198   1.509 0.0000E+00  0.000   1.51
 A932       3.6180 0.16969   3.340 0.0000E+00  0.000   3.34
 A894       3.6228 0.05010   9.028 0.0000E+00  0.000   9.03
 A219       3.6259 0.07733   6.523 0.0000E+00  0.000   6.52
 A500       3.6302 0.05121   7.756 0.0000E+00  0.000   7.76
 A955       3.6320 0.10908   3.501 0.0000E+00  0.000   3.50
 A402       3.6401 0.16617   2.765 0.0000E+00  0.000   2.77
 A52        3.6414 0.07289   4.124 0.0000E+00  0.000   4.12
 A124       3.6447 0.10847   1.909 0.0000E+00  0.000   1.91
 A434       3.6475 0.14726   3.570 0.0000E+00  0.000   3.57
 A46        3.6540 0.12149   8.861 0.0000E+00  0.000   8.86
 A291       3.6573 0.13490   8.013 0.0000E+00  0.000   8.01
 A927       3.6637 0.05155   1.015 0.0000E+00  0.000   1.02
 A435       3.6673 0.16005   4.773 0.0000E+00  0.000   4.77
 A148       3.6872 0.26923   0.612 0.0000E+00  0.000   0.61
 A622       3.7515 0.14581   1.756 0.0000E+00  0.000   1.76
 A383       3.7583 0.01872   0.411 0.0000E+00  0.000   0.41
 A587       3.7593 0.22234   5.723 0.0000E+00  0.000   5.72
 A579       3.7599 0.19039   0.345 0.0000E+00  0.000   0.35
 A446       3.7613 0.09020   8.785 0.0000E+00  0.000   8.79
 A183       3.7642 0.20592   3.391 0.0000E+00  0.000   3.39
 A242       3.7693 0.12299   9.329 0.0000E+00  0.000   9.33
 A647       3.8349 0.09308   4.720 0.0000E+00  0.000   4.72
 A904       3.8358 0.08990   0.284 0.0000E+00  0.000   0.28
 A863       3.8431 0.08896   0.055 0.0000E+00  0.000   0.06
 A200       3.8570 0.18179   1.703 0.0000E+00  0.000   1.70
 A761       3.9097 0.29008   1.511 0.0000E+00  0.000   1.51
 A810       3.9361 0.28284   6.329 0.0000E+00  0.000   6.33
 A723       3.9381 0.04571   1.258 0.0000E+00  0.000   1.26
 A570       3.9396 0.07464  13.971 0.0000E+00  0.000  13.97
 A719       3.9461 0.24951   4.159 0.0000E+00  0.000   4.16
 A5         3.9464 0.31186   8.425 0.0000E+00  0.000   8.42
 A479       3.9544 0.24231   2.122 0.0000E+00  0.000   2.12
 A392       3.9545 0.14304   6.043 0.0000E+00  0.000   6.04
 A614       3.9547 0.19413   2.823 0.0000E+00  0.000   2.82
 A212       3.9578 0.27272   7.342 0.0000E+00  0.000   7.34
 A125       3.9752 0.29285   4.368 0.0000E+00  0.000   4.37
 A198       3.9791 0.35263   1.666 0.0000E+00  0.000   1.67
 A783       3.9858 0.06612   8.553 0.0000E+00  0.000   8.55
 A30        3.9920 0.21557   2.969 0.0000E+00  0.000   2.97
 A913       3.9971 0.13293   1.122 0.0000E+00  0.000   1.12
 JUPITER    5.2032 0.09992   0.000 9.5479E-04  0.000   0.00
 A946       7.3669 0.26003  11.171 0.0000E+00  0.000  11.17
 A743      22.5270 0.78718  53.427 0.0000E+00  0.000  53.43
