 EARTHMOO   1.0000 0.03732   0.000 9.1213E-06  0.000   0.00
 A430       1.5000 0.02741   1.715 0.0000E+00  0.000   1.72
 A900       1.5007 0.07646   3.098 0.0000E+00  0.000   3.10
 A591       1.5051 0.02499   7.240 0.0000E+00  0.000   7.24
 A534       1.5119 0.10676   8.409 0.0000E+00  0.000   8.41
 A288       1.5166 0.05256   1.877 0.0000E+00  0.000   1.88
 A926       1.5204 0.06706   4.901 0.0000E+00  0.000   4.90
 A79        1.5214 0.04460   9.501 0.0000E+00  0.000   9.50
 A83        1.5226 0.04889   5.437 0.0000E+00  0.000   5.44
 A487       1.5246 0.05706   2.614 0.0000E+00  0.000   2.61
 A729       1.5277 0.09291   5.928 0.0000E+00  0.000   5.93
 A51        1.5322 0.05502   6.478 0.0000E+00  0.000   6.48
 A277       1.5342 0.07152   7.493 0.0000E+00  0.000   7.49
 A950       1.5453 0.06542   1.666 0.0000E+00  0.000   1.67
 A41        1.5455 0.07549   1.503 0.0000E+00  0.000   1.50
 A771       1.5460 0.07829   5.421 0.0000E+00  0.000   5.42
 A816       1.5483 0.08766   1.950 0.0000E+00  0.000   1.95
 A44        1.5504 0.05723   7.212 0.0000E+00  0.000   7.21
 A421       1.5530 0.04863   1.440 0.0000E+00  0.000   1.44
 A498       1.5536 0.02918   1.574 0.0000E+00  0.000   1.57
 A687       1.5542 0.09081   7.611 0.0000E+00  0.000   7.61
 A532       1.5576 0.06447   9.739 0.0000E+00  0.000   9.74
 A395       1.5585 0.06822   2.595 0.0000E+00  0.000   2.60
 A178       1.5622 0.01676   1.742 0.0000E+00  0.000   1.74
 A536       1.5626 0.03563   0.801 0.0000E+00  0.000   0.80
 A973       1.5676 0.04259   9.576 0.0000E+00  0.000   9.58
 A862       1.5719 0.00208   2.666 0.0000E+00  0.000   2.67
 A901       1.5744 0.06110   5.391 0.0000E+00  0.000   5.39
 A485       1.5755 0.11206   4.193 0.0000E+00  0.000   4.19
 A406       1.5769 0.02485   4.927 0.0000E+00  0.000   4.93
 A978       1.5770 0.00818   7.062 0.0000E+00  0.000   7.06
 A857       1.5788 0.03807   0.047 0.0000E+00  0.000   0.05
 A290       1.5805 0.03363   9.532 0.0000E+00  0.000   9.53
 A504       1.5822 0.38071   7.112 0.0000E+00  0.000   7.11
 A85        1.5843 0.07463   5.333 0.0000E+00  0.000   5.33
 A516       1.5897 0.12326   8.966 0.0000E+00  0.000   8.97
 A673       1.5912 0.00740   7.540 0.0000E+00  0.000   7.54
 A541       1.5914 0.08284   6.495 0.0000E+00  0.000   6.49
 A510       1.5930 0.06706   7.462 0.0000E+00  0.000   7.46
 A225       1.5950 0.05131   6.940 0.0000E+00  0.000   6.94
 A625       1.6003 0.02923   0.316 0.0000E+00  0.000   0.32
 A634       1.6028 0.02883   8.713 0.0000E+00  0.000   8.71
 A142       1.6054 0.02415   6.544 0.0000E+00  0.000   6.54
 A47        1.6056 0.08490   5.607 0.0000E+00  0.000   5.61
 A903       1.6107 0.07389   3.618 0.0000E+00  0.000   3.62
 A116       1.6123 0.03263   4.392 0.0000E+00  0.000   4.39
 A792       1.6198 0.11957   9.015 0.0000E+00  0.000   9.01
 A497       1.6216 0.11129   8.067 0.0000E+00  0.000   8.07
 A746       1.6286 0.07840   4.215 0.0000E+00  0.000   4.22
 A405       1.6293 0.08269   8.268 0.0000E+00  0.000   8.27
 A34        1.6346 0.04487   8.247 0.0000E+00  0.000   8.25
 A427       1.6364 0.05402   5.309 0.0000E+00  0.000   5.31
 A341       1.6367 0.06678   9.641 0.0000E+00  0.000   9.64
 A95        1.6376 0.15889   5.482 0.0000E+00  0.000   5.48
 A841       1.6397 0.08337   7.716 0.0000E+00  0.000   7.72
 A602       1.6421 0.05834   5.277 0.0000E+00  0.000   5.28
 A380       1.6437 0.06661   2.299 0.0000E+00  0.000   2.30
 A517       1.6445 0.10526   7.759 0.0000E+00  0.000   7.76
 A14        1.6448 0.05369   0.436 0.0000E+00  0.000   0.44
 A297       1.6476 0.02551   5.077 0.0000E+00  0.000   5.08
 A751       1.6506 0.03473   9.166 0.0000E+00  0.000   9.17
 A556       1.6511 0.06843   5.089 0.0000E+00  0.000   5.09
 A447       1.6514 0.08799   9.552 0.0000E+00  0.000   9.55
 A62        1.6525 0.04918   7.299 0.0000E+00  0.000   7.30
 A315       1.6529 0.03346   6.525 0.0000E+00  0.000   6.53
 A880       1.6555 0.06720   7.531 0.0000E+00  0.000   7.53
 A362       1.6573 0.02468   7.007 0.0000E+00  0.000   7.01
 A878       1.6581 0.02846   8.634 0.0000E+00  0.000   8.63
 A639       1.6583 0.05564   3.979 0.0000E+00  0.000   3.98
 A84        1.6596 0.01464   2.441 0.0000E+00  0.000   2.44
 A703       1.6602 0.00950   2.070 0.0000E+00  0.000   2.07
 A351       1.6604 0.12053   5.714 0.0000E+00  0.000   5.71
 A615       1.6625 0.06722   3.749 0.0000E+00  0.000   3.75
 A145       1.6704 0.03710   5.966 0.0000E+00  0.000   5.97
 A852       1.6734 0.02405   4.018 0.0000E+00  0.000   4.02
 A343       1.6799 0.04457   9.937 0.0000E+00  0.000   9.94
 A488       1.6821 0.06663   6.963 0.0000E+00  0.000   6.96
 A399       1.6834 0.12512   1.407 0.0000E+00  0.000   1.41
 A216       1.6848 0.10525   3.924 0.0000E+00  0.000   3.92
 A189       1.6887 0.05261   9.720 0.0000E+00  0.000   9.72
 A618       1.6919 0.06174   4.291 0.0000E+00  0.000   4.29
 A306       1.6941 0.03548   3.387 0.0000E+00  0.000   3.39
 A721       1.6963 0.01688   9.938 0.0000E+00  0.000   9.94
 A636       1.6982 0.01575   5.312 0.0000E+00  0.000   5.31
 A731       1.7063 0.13135   5.148 0.0000E+00  0.000   5.15
 A448       1.7123 0.04813   1.577 0.0000E+00  0.000   1.58
 A358       1.7124 0.05391   4.200 0.0000E+00  0.000   4.20
 A554       1.7186 0.07707   9.321 0.0000E+00  0.000   9.32
 A17        1.7215 0.03316   9.791 0.0000E+00  0.000   9.79
 A283       1.7247 0.00674   8.786 0.0000E+00  0.000   8.79
 A18        1.7250 0.04293   1.525 0.0000E+00  0.000   1.52
 A980       1.7266 0.05201   2.279 0.0000E+00  0.000   2.28
 A515       1.7272 0.06874   4.456 0.0000E+00  0.000   4.46
 A944       1.7309 0.06052   0.668 0.0000E+00  0.000   0.67
 A866       1.7366 0.06654   6.100 0.0000E+00  0.000   6.10
 A603       1.7413 0.03595   8.513 0.0000E+00  0.000   8.51
 A581       1.7439 0.06942   5.423 0.0000E+00  0.000   5.42
 A671       1.7442 0.07719   0.269 0.0000E+00  0.000   0.27
 A119       1.7451 0.06884   6.530 0.0000E+00  0.000   6.53
 A961       1.7473 0.07984   1.686 0.0000E+00  0.000   1.69
 A575       1.7476 0.09054   2.525 0.0000E+00  0.000   2.53
 A969       1.7495 0.07913   1.244 0.0000E+00  0.000   1.24
 A738       1.7515 0.07456   4.662 0.0000E+00  0.000   4.66
 A668       1.7536 0.06919   9.451 0.0000E+00  0.000   9.45
 A289       1.7608 0.12820   7.519 0.0000E+00  0.000   7.52
 A559       1.7619 0.02222   3.018 0.0000E+00  0.000   3.02
 A732       1.7637 0.09146   6.029 0.0000E+00  0.000   6.03
 A798       1.7643 0.01818   3.736 0.0000E+00  0.000   3.74
 A519       1.7666 0.01984   6.378 0.0000E+00  0.000   6.38
 A755       1.7667 0.09327   3.763 0.0000E+00  0.000   3.76
 A38        1.7677 0.06886   1.649 0.0000E+00  0.000   1.65
 A63        1.7687 0.07173   8.434 0.0000E+00  0.000   8.43
 A835       1.7695 0.09501   4.829 0.0000E+00  0.000   4.83
 A740       1.7696 0.15103   1.166 0.0000E+00  0.000   1.17
 A560       1.7726 0.05278   5.547 0.0000E+00  0.000   5.55
 A140       1.7778 0.10124   4.208 0.0000E+00  0.000   4.21
 A150       1.7831 0.08230   4.154 0.0000E+00  0.000   4.15
 A188       1.7858 0.06450   3.166 0.0000E+00  0.000   3.17
 A381       1.7933 0.11343   4.656 0.0000E+00  0.000   4.66
 A412       1.7988 0.13660   2.617 0.0000E+00  0.000   2.62
 A396       1.8003 0.06017   4.559 0.0000E+00  0.000   4.56
 A24        1.8017 0.09965   5.194 0.0000E+00  0.000   5.19
 A505       1.8020 0.05931   1.888 0.0000E+00  0.000   1.89
 A962       1.8035 0.01514   0.880 0.0000E+00  0.000   0.88
 A130       1.8035 0.07508   4.282 0.0000E+00  0.000   4.28
 A511       1.8042 0.06913   1.978 0.0000E+00  0.000   1.98
 A470       1.8050 0.02621   6.750 0.0000E+00  0.000   6.75
 A348       1.8052 0.10949   7.805 0.0000E+00  0.000   7.81
 A627       1.8055 0.09680   8.515 0.0000E+00  0.000   8.51
 A482       1.8145 0.03691   7.793 0.0000E+00  0.000   7.79
 A121       1.8169 0.04577   4.542 0.0000E+00  0.000   4.54
 A201       1.8180 0.06759   9.921 0.0000E+00  0.000   9.92
 A585       1.8183 0.02762   2.063 0.0000E+00  0.000   2.06
 A122       1.8201 0.09516   8.217 0.0000E+00  0.000   8.22
 A724       1.8204 0.06534   0.960 0.0000E+00  0.000   0.96
 A899       1.8204 0.08243   0.831 0.0000E+00  0.000   0.83
 A136       1.8210 0.09733   3.873 0.0000E+00  0.000   3.87
 A58        1.8212 0.09172   5.994 0.0000E+00  0.000   5.99
 A299       1.8224 0.08139   1.316 0.0000E+00  0.000   1.32
 A7         1.8234 0.03794   5.111 0.0000E+00  0.000   5.11
 A301       1.8262 0.08023   2.346 0.0000E+00  0.000   2.35
 A512       1.8263 0.09533   9.908 0.0000E+00  0.000   9.91
 A99        1.8275 0.13001   6.730 0.0000E+00  0.000   6.73
 A74        1.8280 0.12856   5.046 0.0000E+00  0.000   5.05
 A807       1.8301 0.06267   1.781 0.0000E+00  0.000   1.78
 A702       1.8309 0.10175   5.077 0.0000E+00  0.000   5.08
 A207       1.8310 0.08354   9.077 0.0000E+00  0.000   9.08
 A205       1.8353 0.09622   7.284 0.0000E+00  0.000   7.28
 A725       1.8365 0.02403   8.495 0.0000E+00  0.000   8.50
 A324       1.8369 0.11584   9.239 0.0000E+00  0.000   9.24
 A827       1.8372 0.04340   7.639 0.0000E+00  0.000   7.64
 A161       1.8382 0.04863   8.021 0.0000E+00  0.000   8.02
 A29        1.8411 0.02741   4.654 0.0000E+00  0.000   4.65
 A780       1.8413 0.11574   8.961 0.0000E+00  0.000   8.96
 A281       1.8435 0.11046   1.710 0.0000E+00  0.000   1.71
 A268       1.8441 0.04608   5.260 0.0000E+00  0.000   5.26
 A567       1.8529 0.12595   5.720 0.0000E+00  0.000   5.72
 A765       1.8547 0.05331   4.726 0.0000E+00  0.000   4.73
 A728       1.8556 0.10265   2.026 0.0000E+00  0.000   2.03
 A855       1.8562 0.11051   3.390 0.0000E+00  0.000   3.39
 A768       1.8588 0.08022   2.836 0.0000E+00  0.000   2.84
 A477       1.8601 0.02344   4.627 0.0000E+00  0.000   4.63
 A132       1.8616 0.03922   7.402 0.0000E+00  0.000   7.40
 A181       1.8620 0.06422   1.832 0.0000E+00  0.000   1.83
 A270       1.8637 0.07466   6.571 0.0000E+00  0.000   6.57
 A407       1.8638 0.06387   6.171 0.0000E+00  0.000   6.17
 A344       1.8684 0.00304   8.859 0.0000E+00  0.000   8.86
 A50        1.8696 0.07955   3.881 0.0000E+00  0.000   3.88
 A864       1.8720 0.03247   9.201 0.0000E+00  0.000   9.20
 A126       1.8726 0.05378   7.583 0.0000E+00  0.000   7.58
 A346       1.8777 0.04131   8.852 0.0000E+00  0.000   8.85
 A263       1.8780 0.00626   4.896 0.0000E+00  0.000   4.90
 A628       1.8789 0.07077   0.056 0.0000E+00  0.000   0.06
 A992       1.8798 0.03615   2.630 0.0000E+00  0.000   2.63
 A246       1.8806 0.09499   4.061 0.0000E+00  0.000   4.06
 A33        1.8816 0.05470   3.374 0.0000E+00  0.000   3.37
 A935       1.8841 0.04699   6.442 0.0000E+00  0.000   6.44
 A846       1.8844 0.02245   0.481 0.0000E+00  0.000   0.48
 A665       1.8928 0.08162   7.000 0.0000E+00  0.000   7.00
 A583       1.8962 0.08279   8.173 0.0000E+00  0.000   8.17
 A413       1.8966 0.04054   7.461 0.0000E+00  0.000   7.46
 A428       1.8975 0.13300   1.476 0.0000E+00  0.000   1.48
 A255       1.8977 0.12465   2.833 0.0000E+00  0.000   2.83
 A889       1.9049 0.11001   1.497 0.0000E+00  0.000   1.50
 A86        1.9081 0.13248   2.122 0.0000E+00  0.000   2.12
 A611       1.9082 0.16270   7.727 0.0000E+00  0.000   7.73
 A495       1.9090 0.10146   7.138 0.0000E+00  0.000   7.14
 A994       1.9258 0.06919   5.788 0.0000E+00  0.000   5.79
 A843       1.9262 0.11753   1.557 0.0000E+00  0.000   1.56
 A769       1.9264 0.01753   0.270 0.0000E+00  0.000   0.27
 A995       1.9286 0.04915   8.459 0.0000E+00  0.000   8.46
 A98        1.9303 0.06491   1.155 0.0000E+00  0.000   1.16
 A187       1.9319 0.12522   9.327 0.0000E+00  0.000   9.33
 A144       1.9320 0.00501   0.374 0.0000E+00  0.000   0.37
 A801       1.9326 0.04060   1.217 0.0000E+00  0.000   1.22
 A311       1.9372 0.04123   8.533 0.0000E+00  0.000   8.53
 A223       1.9375 0.10723   3.508 0.0000E+00  0.000   3.51
 A371       1.9381 0.04456   7.852 0.0000E+00  0.000   7.85
 A617       1.9457 0.06993   2.310 0.0000E+00  0.000   2.31
 A356       1.9462 0.05779   2.682 0.0000E+00  0.000   2.68
 A438       1.9484 0.11604   2.008 0.0000E+00  0.000   2.01
 A675       1.9484 0.05682   7.562 0.0000E+00  0.000   7.56
 A526       1.9520 0.05056   8.872 0.0000E+00  0.000   8.87
 A632       1.9545 0.07309   1.233 0.0000E+00  0.000   1.23
 A942       1.9568 0.03934   8.628 0.0000E+00  0.000   8.63
 A547       1.9635 0.09698   8.057 0.0000E+00  0.000   8.06
 A202       1.9650 0.13496   3.904 0.0000E+00  0.000   3.90
 A82        1.9658 0.12969   2.008 0.0000E+00  0.000   2.01
 A939       1.9679 0.00630   9.765 0.0000E+00  0.000   9.76
 A868       1.9688 0.09243   4.392 0.0000E+00  0.000   4.39
 A111       1.9713 0.05652   2.260 0.0000E+00  0.000   2.26
 A742       1.9729 0.02268   5.051 0.0000E+00  0.000   5.05
 A457       1.9768 0.11041   4.854 0.0000E+00  0.000   4.85
 A254       1.9780 0.05861   3.218 0.0000E+00  0.000   3.22
 A777       1.9813 0.07530   3.014 0.0000E+00  0.000   3.01
 A342       1.9814 0.05304   7.881 0.0000E+00  0.000   7.88
 A565       1.9831 0.05614   6.515 0.0000E+00  0.000   6.52
 A704       1.9930 0.12720   1.363 0.0000E+00  0.000   1.36
 A481       1.9999 0.09615   6.982 0.0000E+00  0.000   6.98
 A933       2.0007 0.06013   2.254 0.0000E+00  0.000   2.25
 A332       2.0020 0.09568   7.742 0.0000E+00  0.000   7.74
 A493       2.0034 0.12907   0.731 0.0000E+00  0.000   0.73
 A506       2.0046 0.06441   0.191 0.0000E+00  0.000   0.19
 A773       2.0066 0.04798   7.206 0.0000E+00  0.000   7.21
 A960       2.0082 0.02616   0.887 0.0000E+00  0.000   0.89
 A503       2.0110 0.06554   3.675 0.0000E+00  0.000   3.67
 A514       2.0111 0.06816   1.987 0.0000E+00  0.000   1.99
 A658       2.0190 0.10067   5.512 0.0000E+00  0.000   5.51
 A786       2.0251 0.00560   4.940 0.0000E+00  0.000   4.94
 A608       2.0255 0.07076   6.158 0.0000E+00  0.000   6.16
 A241       2.0265 0.08609   2.026 0.0000E+00  0.000   2.03
 A221       2.0271 0.07015   3.771 0.0000E+00  0.000   3.77
 A714       2.0272 0.16284   4.287 0.0000E+00  0.000   4.29
 A840       2.0277 0.04365   3.395 0.0000E+00  0.000   3.39
 A836       2.0310 0.05340   3.119 0.0000E+00  0.000   3.12
 A745       2.0312 0.07871   9.925 0.0000E+00  0.000   9.92
 A576       2.0326 0.10137   7.306 0.0000E+00  0.000   7.31
 A267       2.0382 0.04872   6.893 0.0000E+00  0.000   6.89
 A595       2.0395 0.12815   6.559 0.0000E+00  0.000   6.56
 A631       2.0433 0.07591   0.185 0.0000E+00  0.000   0.19
 A655       2.0441 0.08637   3.385 0.0000E+00  0.000   3.38
 A43        2.0503 0.17672   6.382 0.0000E+00  0.000   6.38
 A107       2.0508 0.07325   3.460 0.0000E+00  0.000   3.46
 A814       2.0511 0.08208   1.326 0.0000E+00  0.000   1.33
 A69        2.0561 0.04688   7.152 0.0000E+00  0.000   7.15
 A803       2.0576 0.05140   4.578 0.0000E+00  0.000   4.58
 A328       2.0599 0.23673   8.816 0.0000E+00  0.000   8.82
 A670       2.0704 0.11497   6.693 0.0000E+00  0.000   6.69
 A314       2.0747 0.09028   6.672 0.0000E+00  0.000   6.67
 A820       2.0807 0.04358   0.662 0.0000E+00  0.000   0.66
 A90        2.0872 0.13705   8.154 0.0000E+00  0.000   8.15
 A378       2.0881 0.10638   6.557 0.0000E+00  0.000   6.56
 A685       2.0887 0.01453   2.333 0.0000E+00  0.000   2.33
 A802       2.0890 0.06095   1.313 0.0000E+00  0.000   1.31
 A138       2.0894 0.11334   7.813 0.0000E+00  0.000   7.81
 A377       2.0895 0.14375   1.018 0.0000E+00  0.000   1.02
 A871       2.0899 0.10918   5.994 0.0000E+00  0.000   5.99
 A169       2.0958 0.12077   7.218 0.0000E+00  0.000   7.22
 A736       2.0983 0.05084   0.979 0.0000E+00  0.000   0.98
 A965       2.0995 0.14580   6.476 0.0000E+00  0.000   6.48
 A749       2.1035 0.12435   3.776 0.0000E+00  0.000   3.78
 A96        2.1045 0.06292   8.837 0.0000E+00  0.000   8.84
 A440       2.1074 0.06127   6.841 0.0000E+00  0.000   6.84
 A186       2.1123 0.12827   8.482 0.0000E+00  0.000   8.48
 A25        2.1132 0.08073   6.265 0.0000E+00  0.000   6.26
 A613       2.1210 0.02650   6.069 0.0000E+00  0.000   6.07
 A117       2.1213 0.11502   0.087 0.0000E+00  0.000   0.09
 A317       2.1213 0.08187   5.433 0.0000E+00  0.000   5.43
 A400       2.1222 0.08110   9.001 0.0000E+00  0.000   9.00
 A979       2.1240 0.14029   2.182 0.0000E+00  0.000   2.18
 A273       2.1264 0.07851   0.454 0.0000E+00  0.000   0.45
 A837       2.1275 0.01259   7.191 0.0000E+00  0.000   7.19
 A217       2.1284 0.00809   7.308 0.0000E+00  0.000   7.31
 A686       2.1292 0.05757   6.653 0.0000E+00  0.000   6.65
 A509       2.1322 0.10628   7.573 0.0000E+00  0.000   7.57
 A824       2.1341 0.04145   9.883 0.0000E+00  0.000   9.88
 A782       2.1342 0.10307   1.835 0.0000E+00  0.000   1.83
 A549       2.1355 0.12753   3.265 0.0000E+00  0.000   3.27
 A667       2.1356 0.04951   5.611 0.0000E+00  0.000   5.61
 A610       2.1360 0.07125   0.164 0.0000E+00  0.000   0.16
 A373       2.1395 0.06273   7.322 0.0000E+00  0.000   7.32
 A774       2.1399 0.11496   3.552 0.0000E+00  0.000   3.55
 A553       2.1435 0.17061   1.849 0.0000E+00  0.000   1.85
 A251       2.1448 0.01250   1.226 0.0000E+00  0.000   1.23
 A292       2.1449 0.04454   9.736 0.0000E+00  0.000   9.74
 A12        2.1460 0.01812   6.336 0.0000E+00  0.000   6.34
 A538       2.1518 0.15225   1.301 0.0000E+00  0.000   1.30
 A584       2.1546 0.09817   5.421 0.0000E+00  0.000   5.42
 A325       2.1559 0.13125   0.805 0.0000E+00  0.000   0.81
 A199       2.1596 0.02967   9.677 0.0000E+00  0.000   9.68
 A921       2.1631 0.16521   0.525 0.0000E+00  0.000   0.53
 A429       2.1650 0.07794   0.106 0.0000E+00  0.000   0.11
 A758       2.1681 0.14132   0.341 0.0000E+00  0.000   0.34
 A475       2.1706 0.02845   3.778 0.0000E+00  0.000   3.78
 A55        2.1721 0.15156   7.117 0.0000E+00  0.000   7.12
 A227       2.1724 0.01916   2.127 0.0000E+00  0.000   2.13
 A656       2.1739 0.12177   3.482 0.0000E+00  0.000   3.48
 A966       2.1742 0.09007   3.823 0.0000E+00  0.000   3.82
 A650       2.1750 0.10004   0.382 0.0000E+00  0.000   0.38
 A149       2.1790 0.16783   7.476 0.0000E+00  0.000   7.48
 A191       2.1868 0.04291   3.036 0.0000E+00  0.000   3.04
 A214       2.1897 0.10502   3.670 0.0000E+00  0.000   3.67
 A474       2.1929 0.07182   4.299 0.0000E+00  0.000   4.30
 A750       2.1934 0.07643   5.591 0.0000E+00  0.000   5.59
 A947       2.1959 0.04172   0.900 0.0000E+00  0.000   0.90
 A513       2.1977 0.09752   1.955 0.0000E+00  0.000   1.95
 A308       2.1977 0.12830   0.547 0.0000E+00  0.000   0.55
 A654       2.1978 0.06549   3.489 0.0000E+00  0.000   3.49
 A94        2.2007 0.05846   0.806 0.0000E+00  0.000   0.81
 A379       2.2035 0.10309   2.916 0.0000E+00  0.000   2.92
 A557       2.2052 0.07990   6.135 0.0000E+00  0.000   6.14
 A293       2.2102 0.01770   1.261 0.0000E+00  0.000   1.26
 A45        2.2127 0.02726   2.852 0.0000E+00  0.000   2.85
 A940       2.2180 0.15505   8.146 0.0000E+00  0.000   8.15
 A28        2.2181 0.05438   1.348 0.0000E+00  0.000   1.35
 A908       2.2224 0.04149   6.674 0.0000E+00  0.000   6.67
 A185       2.2237 0.09490   3.383 0.0000E+00  0.000   3.38
 A854       2.2271 0.07655   0.050 0.0000E+00  0.000   0.05
 A72        2.2273 0.02311   2.110 0.0000E+00  0.000   2.11
 A734       2.2295 0.04416   2.582 0.0000E+00  0.000   2.58
 A476       2.2340 0.08016   8.663 0.0000E+00  0.000   8.66
 A990       2.2537 0.02198   5.384 0.0000E+00  0.000   5.38
 A171       2.2550 0.09928   2.331 0.0000E+00  0.000   2.33
 A307       2.2581 0.05653   1.509 0.0000E+00  0.000   1.51
 A384       2.2622 0.01467   9.044 0.0000E+00  0.000   9.04
 A278       2.2652 0.06029   9.042 0.0000E+00  0.000   9.04
 A22        2.2653 0.05436   6.601 0.0000E+00  0.000   6.60
 A681       2.2654 0.11880   6.800 0.0000E+00  0.000   6.80
 A229       2.2655 0.05421   4.373 0.0000E+00  0.000   4.37
 A224       2.2664 0.02318   4.970 0.0000E+00  0.000   4.97
 A710       2.2665 0.07811   1.224 0.0000E+00  0.000   1.22
 A97        2.2726 0.08011   9.811 0.0000E+00  0.000   9.81
 A61        2.2727 0.03141   1.757 0.0000E+00  0.000   1.76
 A310       2.2953 0.01364   6.466 0.0000E+00  0.000   6.47
 A818       2.2956 0.02834   7.671 0.0000E+00  0.000   7.67
 A147       2.2961 0.01501   1.461 0.0000E+00  0.000   1.46
 A784       2.2963 0.14802   4.713 0.0000E+00  0.000   4.71
 A672       2.3007 0.08809   3.755 0.0000E+00  0.000   3.76
 A890       2.3024 0.07459   0.325 0.0000E+00  0.000   0.33
 A744       2.3026 0.13043   7.599 0.0000E+00  0.000   7.60
 A770       2.3060 0.04850   3.532 0.0000E+00  0.000   3.53
 A455       2.3131 0.01994   7.653 0.0000E+00  0.000   7.65
 A796       2.3131 0.05010   1.910 0.0000E+00  0.000   1.91
 A158       2.3156 0.10995   0.374 0.0000E+00  0.000   0.37
 A991       2.3176 0.07963   8.225 0.0000E+00  0.000   8.23
 A35        2.3206 0.06132   7.429 0.0000E+00  0.000   7.43
 A849       2.3208 0.11165   1.329 0.0000E+00  0.000   1.33
 A726       2.3209 0.08686   8.929 0.0000E+00  0.000   8.93
 A272       2.3248 0.11092   7.709 0.0000E+00  0.000   7.71
 A867       2.3264 0.04422   9.639 0.0000E+00  0.000   9.64
 A313       2.3315 0.08762   8.032 0.0000E+00  0.000   8.03
 A918       2.3393 0.08537   5.780 0.0000E+00  0.000   5.78
 A473       2.3395 0.09970   4.606 0.0000E+00  0.000   4.61
 A465       2.3408 0.14305   5.998 0.0000E+00  0.000   6.00
 A323       2.3469 0.11381   2.687 0.0000E+00  0.000   2.69
 A1000      2.3482 0.03792   0.557 0.0000E+00  0.000   0.56
 A436       2.3568 0.02307   7.912 0.0000E+00  0.000   7.91
 A165       2.3594 0.13163   3.683 0.0000E+00  0.000   3.68
 A174       2.3663 0.08586   4.263 0.0000E+00  0.000   4.26
 A902       2.3693 0.06584   9.012 0.0000E+00  0.000   9.01
 A790       2.3710 0.07376   2.127 0.0000E+00  0.000   2.13
 A127       2.3722 0.05487   4.995 0.0000E+00  0.000   5.00
 A375       2.3749 0.15543   2.506 0.0000E+00  0.000   2.51
 A257       2.3771 0.06654   4.255 0.0000E+00  0.000   4.25
 A605       2.3815 0.12204   0.428 0.0000E+00  0.000   0.43
 A748       2.3849 0.02312   4.493 0.0000E+00  0.000   4.49
 A641       2.3852 0.13765   1.888 0.0000E+00  0.000   1.89
 A530       2.3868 0.02929   6.944 0.0000E+00  0.000   6.94
 A858       2.3870 0.03478   9.597 0.0000E+00  0.000   9.60
 A321       2.3904 0.09965   6.179 0.0000E+00  0.000   6.18
 A20        2.3905 0.15703   4.225 0.0000E+00  0.000   4.22
 A696       2.3908 0.06811   4.788 0.0000E+00  0.000   4.79
 A48        2.3956 0.02807   3.052 0.0000E+00  0.000   3.05
 A93        2.3995 0.00953   1.311 0.0000E+00  0.000   1.31
 A156       2.4049 0.10591   4.421 0.0000E+00  0.000   4.42
 A101       2.4072 0.13403   9.332 0.0000E+00  0.000   9.33
 A967       2.4075 0.07526   6.098 0.0000E+00  0.000   6.10
 A444       2.4097 0.07649   5.736 0.0000E+00  0.000   5.74
 A695       2.4099 0.08472   4.159 0.0000E+00  0.000   4.16
 A895       2.4127 0.10519   9.954 0.0000E+00  0.000   9.95
 A345       2.4174 0.02952   3.995 0.0000E+00  0.000   4.00
 A159       2.4190 0.09632   1.099 0.0000E+00  0.000   1.10
 A876       2.4216 0.10151   4.179 0.0000E+00  0.000   4.18
 A821       2.4240 0.07057   3.066 0.0000E+00  0.000   3.07
 A998       2.4351 0.08340   5.250 0.0000E+00  0.000   5.25
 A776       2.4401 0.18305   1.501 0.0000E+00  0.000   1.50
 A831       2.4469 0.09377   9.374 0.0000E+00  0.000   9.37
 A953       2.4480 0.02820   5.537 0.0000E+00  0.000   5.54
 A943       2.4481 0.08078   7.668 0.0000E+00  0.000   7.67
 A172       2.4681 0.12800   7.912 0.0000E+00  0.000   7.91
 A442       2.4741 0.01563   2.622 0.0000E+00  0.000   2.62
 A701       2.4805 0.05660  10.027 0.0000E+00  0.000  10.03
 A112       2.4806 0.07291   6.382 0.0000E+00  0.000   6.38
 A388       2.4833 0.08826   2.594 0.0000E+00  0.000   2.59
 A791       2.4895 0.05655   6.812 0.0000E+00  0.000   6.81
 A13        2.4926 0.08058   7.960 0.0000E+00  0.000   7.96
 A337       2.4930 0.09447   2.208 0.0000E+00  0.000   2.21
 A859       2.5140 0.16547   1.577 0.0000E+00  0.000   1.58
 A599       2.5183 0.06059   3.336 0.0000E+00  0.000   3.34
 A102       2.5198 0.17728   2.836 0.0000E+00  0.000   2.84
 A884       2.5203 0.02370   1.273 0.0000E+00  0.000   1.27
 A424       2.5237 0.24423   8.602 0.0000E+00  0.000   8.60
 A975       2.5240 0.13335   4.270 0.0000E+00  0.000   4.27
 A367       2.5245 0.19235   4.301 0.0000E+00  0.000   4.30
 A236       2.5321 0.06097   1.479 0.0000E+00  0.000   1.48
 A651       2.5328 0.07708   0.899 0.0000E+00  0.000   0.90
 A287       2.5385 0.16943   4.583 0.0000E+00  0.000   4.58
 A705       2.5400 0.10163   5.460 0.0000E+00  0.000   5.46
 A374       2.5439 0.10500   8.524 0.0000E+00  0.000   8.52
 A352       2.5451 0.11486   6.729 0.0000E+00  0.000   6.73
 A468       2.5457 0.12938   5.023 0.0000E+00  0.000   5.02
 A922       2.5488 0.07234   3.115 0.0000E+00  0.000   3.11
 A89        2.5564 0.06356   7.213 0.0000E+00  0.000   7.21
 A690       2.5585 0.08022   4.645 0.0000E+00  0.000   4.64
 A861       2.5592 0.00825   3.015 0.0000E+00  0.000   3.02
 A42        2.5638 0.12973   6.765 0.0000E+00  0.000   6.77
 A222       2.5658 0.03872   5.944 0.0000E+00  0.000   5.94
 A11        2.5660 0.03502   7.926 0.0000E+00  0.000   7.93
 A596       2.5665 0.09479  10.074 0.0000E+00  0.000  10.07
 A706       2.5690 0.12868   3.640 0.0000E+00  0.000   3.64
 A806       2.5701 0.13348   7.711 0.0000E+00  0.000   7.71
 A167       2.5746 0.06949   5.677 0.0000E+00  0.000   5.68
 A851       2.5760 0.15066   4.691 0.0000E+00  0.000   4.69
 A844       2.5782 0.15608   5.714 0.0000E+00  0.000   5.71
 A331       2.5784 0.07388   2.655 0.0000E+00  0.000   2.66
 A666       2.5853 0.12024   3.055 0.0000E+00  0.000   3.06
 A239       2.5876 0.16919   6.388 0.0000E+00  0.000   6.39
 A688       2.5887 0.18643   3.365 0.0000E+00  0.000   3.37
 A31        2.5960 0.04748   8.757 0.0000E+00  0.000   8.76
 A175       2.5988 0.08987   4.346 0.0000E+00  0.000   4.35
 A422       2.5994 0.15035   5.285 0.0000E+00  0.000   5.29
 A431       2.5997 0.04526   2.493 0.0000E+00  0.000   2.49
 A276       2.6008 0.10624   0.439 0.0000E+00  0.000   0.44
 A284       2.6058 0.08156   4.864 0.0000E+00  0.000   4.86
 A609       2.6137 0.04404   8.332 0.0000E+00  0.000   8.33
 A256       2.6142 0.15256   8.914 0.0000E+00  0.000   8.91
 A896       2.6149 0.04989   7.703 0.0000E+00  0.000   7.70
 A450       2.6159 0.00491   3.204 0.0000E+00  0.000   3.20
 A141       2.6182 0.12788   1.750 0.0000E+00  0.000   1.75
 A213       2.6187 0.19126   5.430 0.0000E+00  0.000   5.43
 A661       2.6213 0.16996   4.453 0.0000E+00  0.000   4.45
 A135       2.6213 0.12933   9.386 0.0000E+00  0.000   9.39
 A662       2.6230 0.03118   2.792 0.0000E+00  0.000   2.79
 A454       2.6295 0.05854   9.857 0.0000E+00  0.000   9.86
 A891       2.6323 0.08734   6.977 0.0000E+00  0.000   6.98
 A338       2.6334 0.03963   7.325 0.0000E+00  0.000   7.33
 A184       2.6365 0.04231   6.731 0.0000E+00  0.000   6.73
 A372       2.6376 0.17632   2.818 0.0000E+00  0.000   2.82
 A204       2.6423 0.12278   7.987 0.0000E+00  0.000   7.99
 A386       2.6465 0.03221   3.983 0.0000E+00  0.000   3.98
 A925       2.6516 0.09339   1.726 0.0000E+00  0.000   1.73
 A853       2.6568 0.14796   0.584 0.0000E+00  0.000   0.58
 A67        2.6575 0.13942   6.362 0.0000E+00  0.000   6.36
 A872       2.6576 0.06240   0.195 0.0000E+00  0.000   0.20
 A968       2.6617 0.04973   4.950 0.0000E+00  0.000   4.95
 A6         2.6649 0.15842   4.324 0.0000E+00  0.000   4.32
 A489       2.6671 0.10144   7.134 0.0000E+00  0.000   7.13
 A938       2.6685 0.15253   0.771 0.0000E+00  0.000   0.77
 A957       2.6707 0.03964   5.389 0.0000E+00  0.000   5.39
 A718       2.6707 0.09469   5.582 0.0000E+00  0.000   5.58
 A887       2.6724 0.15136  10.026 0.0000E+00  0.000  10.03
 A715       2.6864 0.09696   2.356 0.0000E+00  0.000   2.36
 A709       2.6891 0.09222   4.159 0.0000E+00  0.000   4.16
 A730       2.6915 0.03390   4.930 0.0000E+00  0.000   4.93
 A471       2.6967 0.09555   7.154 0.0000E+00  0.000   7.15
 A630       2.6977 0.12805   0.923 0.0000E+00  0.000   0.92
 A39        2.6982 0.06713   9.231 0.0000E+00  0.000   9.23
 A100       2.6988 0.11594   6.395 0.0000E+00  0.000   6.40
 A360       2.7070 0.13658   0.001 0.0000E+00  0.000   0.00
 A4         2.7107 0.13445   2.480 0.0000E+00  0.000   2.48
 A911       2.7107 0.20444   2.234 0.0000E+00  0.000   2.23
 A499       2.7111 0.04594   2.784 0.0000E+00  0.000   2.78
 A833       2.7167 0.09787   8.962 0.0000E+00  0.000   8.96
 A963       2.7175 0.07082   7.111 0.0000E+00  0.000   7.11
 A815       2.7213 0.07435   3.573 0.0000E+00  0.000   3.57
 A303       2.7254 0.07428   6.238 0.0000E+00  0.000   6.24
 A316       2.7278 0.15930   7.382 0.0000E+00  0.000   7.38
 A682       2.7278 0.05573   3.252 0.0000E+00  0.000   3.25
 A934       2.7283 0.13251   1.868 0.0000E+00  0.000   1.87
 A208       2.7284 0.08441   9.885 0.0000E+00  0.000   9.88
 A409       2.7302 0.08436   4.871 0.0000E+00  0.000   4.87
 A917       2.7303 0.06303   6.677 0.0000E+00  0.000   6.68
 A552       2.7320 0.05392   5.700 0.0000E+00  0.000   5.70
 A300       2.7354 0.05600   6.734 0.0000E+00  0.000   6.73
 A451       2.7440 0.06272   8.176 0.0000E+00  0.000   8.18
 A694       2.7468 0.09869   1.509 0.0000E+00  0.000   1.51
 A624       2.7505 0.04430   8.538 0.0000E+00  0.000   8.54
 A87        2.7505 0.06068   7.934 0.0000E+00  0.000   7.93
 A760       2.7508 0.08238   2.400 0.0000E+00  0.000   2.40
 A747       2.7524 0.10108   2.130 0.0000E+00  0.000   2.13
 A243       2.7536 0.13523   8.814 0.0000E+00  0.000   8.81
 A735       2.7580 0.07278   4.800 0.0000E+00  0.000   4.80
 A800       2.7597 0.06028   3.470 0.0000E+00  0.000   3.47
 A336       2.7600 0.05514   3.368 0.0000E+00  0.000   3.37
 A2         2.7606 0.13672   0.471 0.0000E+00  0.000   0.47
 A312       2.7610 0.18886   7.400 0.0000E+00  0.000   7.40
 A37        2.7651 0.10130   2.820 0.0000E+00  0.000   2.82
 A294       2.7663 0.14466   5.641 0.0000E+00  0.000   5.64
 A365       2.7707 0.03272   8.153 0.0000E+00  0.000   8.15
 A393       2.7804 0.14233   6.379 0.0000E+00  0.000   6.38
 A19        2.7810 0.09148   9.562 0.0000E+00  0.000   9.56
 A432       2.7839 0.17387   1.925 0.0000E+00  0.000   1.92
 A838       2.7899 0.04588   3.007 0.0000E+00  0.000   3.01
 A339       2.7919 0.02379   1.751 0.0000E+00  0.000   1.75
 A648       2.7922 0.06193   5.254 0.0000E+00  0.000   5.25
 A120       2.7931 0.07222   7.817 0.0000E+00  0.000   7.82
 A237       2.7952 0.17103   4.039 0.0000E+00  0.000   4.04
 A233       2.7968 0.09803   4.474 0.0000E+00  0.000   4.47
 A812       2.8068 0.12314   1.417 0.0000E+00  0.000   1.42
 A826       2.8072 0.18892   1.010 0.0000E+00  0.000   1.01
 A764       2.8088 0.15947   8.603 0.0000E+00  0.000   8.60
 A629       2.8111 0.09822   3.533 0.0000E+00  0.000   3.53
 A163       2.8120 0.02303   2.736 0.0000E+00  0.000   2.74
 A574       2.8335 0.10677   5.432 0.0000E+00  0.000   5.43
 A403       2.8382 0.12864   1.699 0.0000E+00  0.000   1.70
 A888       2.8390 0.20491   2.246 0.0000E+00  0.000   2.25
 A353       2.8400 0.18113   6.258 0.0000E+00  0.000   6.26
 A196       2.8409 0.09756   5.991 0.0000E+00  0.000   5.99
 A340       2.8488 0.06464   4.558 0.0000E+00  0.000   4.56
 A762       2.8509 0.02347   9.425 0.0000E+00  0.000   9.43
 A507       2.8513 0.14301   2.783 0.0000E+00  0.000   2.78
 A620       2.8520 0.10695   0.678 0.0000E+00  0.000   0.68
 A426       2.8522 0.14745   9.552 0.0000E+00  0.000   9.55
 A528       2.8556 0.14128   7.588 0.0000E+00  0.000   7.59
 A600       2.8590 0.08308   0.504 0.0000E+00  0.000   0.50
 A763       2.8613 0.12169   1.806 0.0000E+00  0.000   1.81
 A850       2.8622 0.22185   1.464 0.0000E+00  0.000   1.46
 A483       2.8669 0.14816   3.059 0.0000E+00  0.000   3.06
 A912       2.8673 0.01391   8.012 0.0000E+00  0.000   8.01
 A881       2.8680 0.12449   5.699 0.0000E+00  0.000   5.70
 A984       2.8690 0.08472   3.620 0.0000E+00  0.000   3.62
 A320       2.8694 0.06374   9.314 0.0000E+00  0.000   9.31
 A177       2.8702 0.09305   2.774 0.0000E+00  0.000   2.77
 A612       2.8801 0.06697   8.207 0.0000E+00  0.000   8.21
 A540       2.8826 0.08362   8.419 0.0000E+00  0.000   8.42
 A754       2.8844 0.04653   3.129 0.0000E+00  0.000   3.13
 A330       2.8848 0.12878   7.669 0.0000E+00  0.000   7.67
 A794       2.8874 0.05045   8.373 0.0000E+00  0.000   8.37
 A382       2.8903 0.08000   1.184 0.0000E+00  0.000   1.18
 A737       2.8904 0.07117   3.050 0.0000E+00  0.000   3.05
 A669       2.8927 0.17539   0.339 0.0000E+00  0.000   0.34
 A679       2.8995 0.03399   4.823 0.0000E+00  0.000   4.82
 A727       2.9054 0.12573   4.264 0.0000E+00  0.000   4.26
 A885       2.9082 0.12854   8.134 0.0000E+00  0.000   8.13
 A333       2.9105 0.09836   7.570 0.0000E+00  0.000   7.57
 A830       2.9157 0.09783   1.892 0.0000E+00  0.000   1.89
 A478       2.9231 0.09678   2.418 0.0000E+00  0.000   2.42
 A484       2.9236 0.07771   4.554 0.0000E+00  0.000   4.55
 A785       2.9239 0.04596   2.088 0.0000E+00  0.000   2.09
 A359       2.9287 0.05426   7.115 0.0000E+00  0.000   7.12
 A659       2.9361 0.12389   5.028 0.0000E+00  0.000   5.03
 A193       2.9373 0.04815   2.994 0.0000E+00  0.000   2.99
 A77        2.9382 0.04050   8.895 0.0000E+00  0.000   8.90
 A64        2.9434 0.20340   9.027 0.0000E+00  0.000   9.03
 A49        2.9462 0.11059   4.209 0.0000E+00  0.000   4.21
 A8         2.9497 0.19741   5.666 0.0000E+00  0.000   5.67
 A143       2.9520 0.01197   5.532 0.0000E+00  0.000   5.53
 A21        2.9646 0.01349   4.603 0.0000E+00  0.000   4.60
 A931       2.9673 0.08501   3.627 0.0000E+00  0.000   3.63
 A176       2.9676 0.15485   7.237 0.0000E+00  0.000   7.24
 A59        2.9679 0.20852   5.923 0.0000E+00  0.000   5.92
 A459       2.9690 0.09629   2.399 0.0000E+00  0.000   2.40
 A869       2.9737 0.11067   9.550 0.0000E+00  0.000   9.55
 A986       2.9762 0.10040   2.794 0.0000E+00  0.000   2.79
 A118       2.9840 0.09270   9.066 0.0000E+00  0.000   9.07
 A501       2.9879 0.11727   0.618 0.0000E+00  0.000   0.62
 A720       2.9879 0.17656   2.840 0.0000E+00  0.000   2.84
 A182       2.9956 0.18847   9.102 0.0000E+00  0.000   9.10
 A408       2.9975 0.14454   2.384 0.0000E+00  0.000   2.38
 A410       3.0010 0.07534   3.728 0.0000E+00  0.000   3.73
 A115       3.0013 0.08590   1.000 0.0000E+00  0.000   1.00
 A462       3.0044 0.12369   2.783 0.0000E+00  0.000   2.78
 A23        3.0098 0.06900   1.279 0.0000E+00  0.000   1.28
 A235       3.0167 0.04580   8.638 0.0000E+00  0.000   8.64
 A527       3.0189 0.13280   3.066 0.0000E+00  0.000   3.07
 A464       3.0199 0.01284   0.828 0.0000E+00  0.000   0.83
 A282       3.0261 0.03652   0.167 0.0000E+00  0.000   0.17
 A640       3.0306 0.18314   5.409 0.0000E+00  0.000   5.41
 A897       3.0346 0.06078   9.481 0.0000E+00  0.000   9.48
 A883       3.0347 0.09939   6.504 0.0000E+00  0.000   6.50
 A240       3.0424 0.06645   5.137 0.0000E+00  0.000   5.14
 A590       3.0437 0.15437   3.910 0.0000E+00  0.000   3.91
 A1         3.0449 0.16222   2.588 0.0000E+00  0.000   2.59
 A385       3.0537 0.04444   1.457 0.0000E+00  0.000   1.46
 A646       3.0559 0.13613   2.566 0.0000E+00  0.000   2.57
 A712       3.0581 0.12338   5.113 0.0000E+00  0.000   5.11
 A397       3.0591 0.08477   1.133 0.0000E+00  0.000   1.13
 A804       3.0602 0.15049   3.418 0.0000E+00  0.000   3.42
 A54        3.0699 0.08516   0.719 0.0000E+00  0.000   0.72
 A416       3.0715 0.16017   5.139 0.0000E+00  0.000   5.14
 A550       3.0726 0.09444   7.709 0.0000E+00  0.000   7.71
 A539       3.0729 0.13905   2.795 0.0000E+00  0.000   2.80
 A76        3.0736 0.16388   5.999 0.0000E+00  0.000   6.00
 A420       3.0772 0.16335   1.446 0.0000E+00  0.000   1.45
 A722       3.0773 0.07290  10.127 0.0000E+00  0.000  10.13
 A248       3.0797 0.00919   6.519 0.0000E+00  0.000   6.52
 A123       3.0801 0.04750   3.667 0.0000E+00  0.000   3.67
 A252       3.0839 0.13831   0.190 0.0000E+00  0.000   0.19
 A692       3.0869 0.08096   6.466 0.0000E+00  0.000   6.47
 A566       3.0910 0.09009   9.579 0.0000E+00  0.000   9.58
 A689       3.0969 0.04291   3.756 0.0000E+00  0.000   3.76
 A106       3.1016 0.05726   6.263 0.0000E+00  0.000   6.26
 A996       3.1057 0.14141   4.550 0.0000E+00  0.000   4.55
 A893       3.1108 0.13337   5.154 0.0000E+00  0.000   5.15
 A456       3.1109 0.09981   3.641 0.0000E+00  0.000   3.64
 A68        3.1146 0.02368   8.450 0.0000E+00  0.000   8.45
 A71        3.1171 0.04392   4.088 0.0000E+00  0.000   4.09
 A247       3.1173 0.21702   1.470 0.0000E+00  0.000   1.47
 A194       3.1185 0.14462   8.659 0.0000E+00  0.000   8.66
 A391       3.1199 0.21798   3.776 0.0000E+00  0.000   3.78
 A218       3.1209 0.07719   6.878 0.0000E+00  0.000   6.88
 A250       3.1247 0.06636   1.690 0.0000E+00  0.000   1.69
 A335       3.1273 0.04883   9.069 0.0000E+00  0.000   9.07
 A78        3.1335 0.10752   9.382 0.0000E+00  0.000   9.38
 A653       3.1339 0.11803   8.377 0.0000E+00  0.000   8.38
 A16        3.1361 0.17501   4.659 0.0000E+00  0.000   4.66
 A133       3.1382 0.09782   8.554 0.0000E+00  0.000   8.55
 A674       3.1441 0.13731   7.092 0.0000E+00  0.000   7.09
 A589       3.1516 0.11029   7.990 0.0000E+00  0.000   7.99
 A279       3.1522 0.04194   9.542 0.0000E+00  0.000   9.54
 A244       3.1533 0.08537   7.154 0.0000E+00  0.000   7.15
 A103       3.1615 0.05046   3.359 0.0000E+00  0.000   3.36
 A819       3.1631 0.06917   0.338 0.0000E+00  0.000   0.34
 A877       3.1631 0.13389   7.991 0.0000E+00  0.000   7.99
 A766       3.1640 0.02320   7.655 0.0000E+00  0.000   7.65
 A592       3.1666 0.11719   3.100 0.0000E+00  0.000   3.10
 A949       3.1741 0.07376   4.574 0.0000E+00  0.000   4.57
 A305       3.1773 0.08397   8.136 0.0000E+00  0.000   8.14
 A711       3.1784 0.11884   6.438 0.0000E+00  0.000   6.44
 A40        3.1795 0.09657   8.578 0.0000E+00  0.000   8.58
 A546       3.1815 0.13339   5.920 0.0000E+00  0.000   5.92
 A959       3.1825 0.07291   1.974 0.0000E+00  0.000   1.97
 A834       3.1884 0.04060   0.372 0.0000E+00  0.000   0.37
 A401       3.1897 0.07646   5.451 0.0000E+00  0.000   5.45
 A707       3.1912 0.12726   0.915 0.0000E+00  0.000   0.91
 A716       3.1929 0.15660   6.135 0.0000E+00  0.000   6.14
 A898       3.1934 0.04014   3.458 0.0000E+00  0.000   3.46
 A480       3.1940 0.12469   6.055 0.0000E+00  0.000   6.05
 A60        3.1976 0.14959   7.384 0.0000E+00  0.000   7.38
 A326       3.1985 0.09867   0.217 0.0000E+00  0.000   0.22
 A606       3.2001 0.44298   5.703 0.0000E+00  0.000   5.70
 A195       3.2013 0.04774   9.208 0.0000E+00  0.000   9.21
 A563       3.2126 0.07276   1.628 0.0000E+00  0.000   1.63
 A930       3.2133 0.14096   6.203 0.0000E+00  0.000   6.20
 A70        3.2153 0.16705   6.211 0.0000E+00  0.000   6.21
 A657       3.2165 0.05069   2.889 0.0000E+00  0.000   2.89
 A572       3.2184 0.18589   2.081 0.0000E+00  0.000   2.08
 A775       3.2198 0.24726  28.613 0.0000E+00  0.000  28.61
 A832       3.2211 0.02594   8.477 0.0000E+00  0.000   8.48
 A192       3.2236 0.19227   0.954 0.0000E+00  0.000   0.95
 A298       3.2266 0.10020   4.196 0.0000E+00  0.000   4.20
 A261       3.2286 0.21173  11.314 0.0000E+00  0.000  11.31
 A700       3.2292 0.12815   2.169 0.0000E+00  0.000   2.17
 A626       3.2305 0.06117   5.610 0.0000E+00  0.000   5.61
 A350       3.2357 0.07821   2.154 0.0000E+00  0.000   2.15
 A825       3.2370 0.09431   9.831 0.0000E+00  0.000   9.83
 A644       3.2397 0.12517   0.711 0.0000E+00  0.000   0.71
 A954       3.2466 0.10322   2.841 0.0000E+00  0.000   2.84
 A937       3.2519 0.23378   4.644 0.0000E+00  0.000   4.64
 A910       3.2602 0.11382   5.348 0.0000E+00  0.000   5.35
 A676       3.2608 0.04646   1.730 0.0000E+00  0.000   1.73
 A73        3.2636 0.15406   0.677 0.0000E+00  0.000   0.68
 A551       3.2645 0.02823   8.244 0.0000E+00  0.000   8.24
 A518       3.2817 0.32700  47.226 0.0000E+00  0.000  47.23
 A779       3.2882 0.11484  26.047 0.0000E+00  0.000  26.05
 A985       3.3080 0.53479   7.051 0.0000E+00  0.000   7.05
 A238       3.3143 0.10808  30.735 0.0000E+00  0.000  30.74
 A680       3.3224 0.14995   5.294 0.0000E+00  0.000   5.29
 A327       3.3232 0.03841   3.021 0.0000E+00  0.000   3.02
 A363       3.3295 0.10022   4.057 0.0000E+00  0.000   4.06
 A209       3.3363 0.11270   3.138 0.0000E+00  0.000   3.14
 A684       3.3372 0.10447   1.371 0.0000E+00  0.000   1.37
 A808       3.3382 0.06577   0.410 0.0000E+00  0.000   0.41
 A759       3.3386 0.11678   3.905 0.0000E+00  0.000   3.91
 A357       3.3420 0.12948   8.510 0.0000E+00  0.000   8.51
 A643       3.3495 0.07934   6.155 0.0000E+00  0.000   6.15
 A262       3.3515 0.10624   2.928 0.0000E+00  0.000   2.93
 A231       3.3537 0.04702   9.997 0.0000E+00  0.000  10.00
 A929       3.3589 0.05519   3.406 0.0000E+00  0.000   3.41
 A271       3.3589 0.11666   9.675 0.0000E+00  0.000   9.67
 A621       3.3609 0.14039   1.641 0.0000E+00  0.000   1.64
 A616       3.3614 0.04838   1.070 0.0000E+00  0.000   1.07
 A137       3.3645 0.03996   6.952 0.0000E+00  0.000   6.95
 A805       3.3647 0.22785   7.305 0.0000E+00  0.000   7.30
 A376       3.3674 0.06458   1.065 0.0000E+00  0.000   1.06
 A781       3.3685 0.17277   7.146 0.0000E+00  0.000   7.15
 A520       3.3709 0.14848   7.194 0.0000E+00  0.000   7.19
 A598       3.3744 0.08742   6.073 0.0000E+00  0.000   6.07
 A524       3.3774 0.05924   2.111 0.0000E+00  0.000   2.11
 A542       3.3787 0.15528   5.323 0.0000E+00  0.000   5.32
 A997       3.3849 0.07969   8.916 0.0000E+00  0.000   8.92
 A370       3.3869 0.06848   4.249 0.0000E+00  0.000   4.25
 A914       3.3894 0.08850   8.409 0.0000E+00  0.000   8.41
 A128       3.3918 0.08458   4.262 0.0000E+00  0.000   4.26
 A53        3.3939 0.04137   2.547 0.0000E+00  0.000   2.55
 A66        3.3941 0.01375   5.117 0.0000E+00  0.000   5.12
 A597       3.3983 0.07937   2.638 0.0000E+00  0.000   2.64
 A741       3.4073 0.04500   8.738 0.0000E+00  0.000   8.74
 A573       3.4082 0.05552   1.372 0.0000E+00  0.000   1.37
 A160       3.4083 0.08560   4.291 0.0000E+00  0.000   4.29
 A813       3.4107 0.16186   8.038 0.0000E+00  0.000   8.04
 A458       3.4145 0.13612   3.222 0.0000E+00  0.000   3.22
 A568       3.4147 0.07786   1.563 0.0000E+00  0.000   1.56
 A874       3.4153 0.22861   5.067 0.0000E+00  0.000   5.07
 A131       3.4165 0.13599   3.473 0.0000E+00  0.000   3.47
 A697       3.4203 0.07397   6.648 0.0000E+00  0.000   6.65
 A569       3.4206 0.03610   8.757 0.0000E+00  0.000   8.76
 A154       3.4209 0.03503   3.286 0.0000E+00  0.000   3.29
 A778       3.4262 0.11456   5.816 0.0000E+00  0.000   5.82
 A57        3.4278 0.10620   5.530 0.0000E+00  0.000   5.53
 A27        3.4300 0.12224   8.460 0.0000E+00  0.000   8.46
 A460       3.4303 0.10936   0.753 0.0000E+00  0.000   0.75
 A523       3.4415 0.02911   1.449 0.0000E+00  0.000   1.45
 A708       3.4423 0.04804   5.440 0.0000E+00  0.000   5.44
 A166       3.4438 0.14011   0.601 0.0000E+00  0.000   0.60
 A322       3.4468 0.13979   7.062 0.0000E+00  0.000   7.06
 A463       3.4531 0.13962   6.992 0.0000E+00  0.000   6.99
 A558       3.4550 0.17290   2.400 0.0000E+00  0.000   2.40
 A75        3.4627 0.16142  11.072 0.0000E+00  0.000  11.07
 A623       3.4689 0.08689   5.544 0.0000E+00  0.000   5.54
 A502       3.4732 0.17364   3.153 0.0000E+00  0.000   3.15
 A873       3.4752 0.09505   6.298 0.0000E+00  0.000   6.30
 A970       3.4792 0.07856   2.091 0.0000E+00  0.000   2.09
 A645       3.4852 0.09293   8.947 0.0000E+00  0.000   8.95
 A452       3.4854 0.10677   4.403 0.0000E+00  0.000   4.40
 A260       3.4885 0.11947   0.068 0.0000E+00  0.000   0.07
 A789       3.4931 0.00865   2.972 0.0000E+00  0.000   2.97
 A110       3.4939 0.09267   0.200 0.0000E+00  0.000   0.20
 A981       3.4998 0.09149   7.701 0.0000E+00  0.000   7.70
 A415       3.5035 0.16052   5.132 0.0000E+00  0.000   5.13
 A295       3.5037 0.17678   4.172 0.0000E+00  0.000   4.17
 A945       3.5258 0.06543   5.475 0.0000E+00  0.000   5.48
 A108       3.5396 0.16572   7.165 0.0000E+00  0.000   7.16
 A906       3.5439 0.19845   4.288 0.0000E+00  0.000   4.29
 A245       3.5457 0.08327   5.856 0.0000E+00  0.000   5.86
 A433       3.5470 0.17985   0.585 0.0000E+00  0.000   0.59
 A882       3.5480 0.15258   5.600 0.0000E+00  0.000   5.60
 A453       3.5483 0.17132   4.906 0.0000E+00  0.000   4.91
 A987       3.5562 0.10562   9.249 0.0000E+00  0.000   9.25
 A274       3.5567 0.18517   1.258 0.0000E+00  0.000   1.26
 A531       3.5572 0.14666   0.638 0.0000E+00  0.000   0.64
 A829       3.5572 0.00985   4.120 0.0000E+00  0.000   4.12
 A999       3.5700 0.11061   2.649 0.0000E+00  0.000   2.65
 A920       3.5956 0.11482   1.655 0.0000E+00  0.000   1.65
 A105       3.6010 0.13688   4.009 0.0000E+00  0.000   4.01
 A561       3.6078 0.06077   8.100 0.0000E+00  0.000   8.10
 A500       3.6129 0.15210   7.957 0.0000E+00  0.000   7.96
 A220       3.6129 0.13593   2.104 0.0000E+00  0.000   2.10
 A894       3.6203 0.09877   8.644 0.0000E+00  0.000   8.64
 A417       3.6271 0.21031   9.505 0.0000E+00  0.000   9.51
 A932       3.6322 0.17188   3.300 0.0000E+00  0.000   3.30
 A219       3.6346 0.11954   6.063 0.0000E+00  0.000   6.06
 A46        3.6369 0.09717   8.687 0.0000E+00  0.000   8.69
 A580       3.6412 0.11140   1.718 0.0000E+00  0.000   1.72
 A124       3.6434 0.06389   1.869 0.0000E+00  0.000   1.87
 A434       3.6440 0.17271   3.606 0.0000E+00  0.000   3.61
 A955       3.6456 0.06722   3.513 0.0000E+00  0.000   3.51
 A52        3.6463 0.06727   4.171 0.0000E+00  0.000   4.17
 A291       3.6479 0.15231   7.888 0.0000E+00  0.000   7.89
 A402       3.6518 0.11015   2.692 0.0000E+00  0.000   2.69
 A927       3.6550 0.15457   1.034 0.0000E+00  0.000   1.03
 A435       3.6609 0.12577   5.478 0.0000E+00  0.000   5.48
 A148       3.7029 0.31347   0.586 0.0000E+00  0.000   0.59
 A579       3.7304 0.07049   0.356 0.0000E+00  0.000   0.36
 A183       3.7410 0.06779   3.859 0.0000E+00  0.000   3.86
 A622       3.7497 0.16762   1.733 0.0000E+00  0.000   1.73
 A587       3.7571 0.22389   6.474 0.0000E+00  0.000   6.47
 A446       3.7612 0.17373   8.989 0.0000E+00  0.000   8.99
 A383       3.7612 0.15068   0.403 0.0000E+00  0.000   0.40
 A242       3.7861 0.12425   9.357 0.0000E+00  0.000   9.36
 A863       3.8404 0.05371   0.053 0.0000E+00  0.000   0.05
 A904       3.8530 0.20553   0.273 0.0000E+00  0.000   0.27
 A723       3.8742 0.21514   1.377 0.0000E+00  0.000   1.38
 A200       3.8745 0.17740   1.613 0.0000E+00  0.000   1.61
 A913       3.9208 0.34365   1.105 0.0000E+00  0.000   1.10
 A570       3.9230 0.05666  14.606 0.0000E+00  0.000  14.61
 A479       3.9259 0.02546   2.005 0.0000E+00  0.000   2.00
 A5         3.9520 0.29799   8.070 0.0000E+00  0.000   8.07
 A392       3.9541 0.06335   5.772 0.0000E+00  0.000   5.77
 A30        3.9552 0.25887   2.919 0.0000E+00  0.000   2.92
 A614       3.9611 0.07128   2.832 0.0000E+00  0.000   2.83
 A125       3.9718 0.29906   4.478 0.0000E+00  0.000   4.48
 A810       3.9767 0.29434   6.275 0.0000E+00  0.000   6.27
 A212       3.9777 0.09791   7.363 0.0000E+00  0.000   7.36
 A783       3.9860 0.26907   8.433 0.0000E+00  0.000   8.43
 A198       3.9953 0.21498   1.715 0.0000E+00  0.000   1.72
 A761       3.9971 0.21232   1.527 0.0000E+00  0.000   1.53
 A719       4.0057 0.30604   4.137 0.0000E+00  0.000   4.14
 JUPITER    5.2034 0.09990   0.000 9.5479E-04  0.000   0.00
