 EARTHMOO   1.0000 0.04714   0.000 9.1213E-06  0.000   0.00
 A430       1.4999 0.05537   1.715 0.0000E+00  0.000   1.71
 A900       1.5009 0.06332   3.135 0.0000E+00  0.000   3.14
 A591       1.5052 0.01949   7.245 0.0000E+00  0.000   7.25
 A534       1.5120 0.11168   8.390 0.0000E+00  0.000   8.39
 A288       1.5165 0.02864   1.876 0.0000E+00  0.000   1.88
 A926       1.5203 0.12053   4.953 0.0000E+00  0.000   4.95
 A79        1.5214 0.03324   9.498 0.0000E+00  0.000   9.50
 A83        1.5226 0.07855   5.461 0.0000E+00  0.000   5.46
 A487       1.5244 0.09638   2.616 0.0000E+00  0.000   2.62
 A729       1.5278 0.07298   5.936 0.0000E+00  0.000   5.94
 A51        1.5321 0.06892   6.490 0.0000E+00  0.000   6.49
 A277       1.5340 0.07988   7.529 0.0000E+00  0.000   7.53
 A950       1.5454 0.02100   1.664 0.0000E+00  0.000   1.66
 A41        1.5456 0.06184   1.503 0.0000E+00  0.000   1.50
 A771       1.5459 0.09014   5.391 0.0000E+00  0.000   5.39
 A816       1.5483 0.07276   1.952 0.0000E+00  0.000   1.95
 A44        1.5503 0.03444   7.250 0.0000E+00  0.000   7.25
 A421       1.5528 0.05449   1.440 0.0000E+00  0.000   1.44
 A498       1.5537 0.03233   1.574 0.0000E+00  0.000   1.57
 A687       1.5541 0.09312   7.613 0.0000E+00  0.000   7.61
 A532       1.5578 0.06884   9.738 0.0000E+00  0.000   9.74
 A395       1.5586 0.12815   2.600 0.0000E+00  0.000   2.60
 A178       1.5622 0.03201   1.743 0.0000E+00  0.000   1.74
 A536       1.5625 0.03325   0.799 0.0000E+00  0.000   0.80
 A973       1.5675 0.06469   9.529 0.0000E+00  0.000   9.53
 A862       1.5720 0.03202   2.670 0.0000E+00  0.000   2.67
 A901       1.5745 0.03324   5.376 0.0000E+00  0.000   5.38
 A485       1.5754 0.09168   4.182 0.0000E+00  0.000   4.18
 A406       1.5769 0.07992   4.933 0.0000E+00  0.000   4.93
 A978       1.5772 0.06900   7.066 0.0000E+00  0.000   7.07
 A857       1.5789 0.09110   0.047 0.0000E+00  0.000   0.05
 A290       1.5804 0.07676   9.565 0.0000E+00  0.000   9.57
 A85        1.5851 0.03340   5.333 0.0000E+00  0.000   5.33
 A504       1.5853 0.30875   7.418 0.0000E+00  0.000   7.42
 A516       1.5886 0.05725   8.922 0.0000E+00  0.000   8.92
 A673       1.5908 0.07569   7.573 0.0000E+00  0.000   7.57
 A541       1.5913 0.03630   6.507 0.0000E+00  0.000   6.51
 A510       1.5930 0.01067   7.457 0.0000E+00  0.000   7.46
 A225       1.5951 0.01553   6.948 0.0000E+00  0.000   6.95
 A625       1.6002 0.02358   0.316 0.0000E+00  0.000   0.32
 A634       1.6030 0.02610   8.717 0.0000E+00  0.000   8.72
 A142       1.6054 0.05580   6.545 0.0000E+00  0.000   6.54
 A47        1.6056 0.10116   5.615 0.0000E+00  0.000   5.62
 A903       1.6106 0.07664   3.632 0.0000E+00  0.000   3.63
 A116       1.6124 0.09970   4.419 0.0000E+00  0.000   4.42
 A792       1.6195 0.09217   9.037 0.0000E+00  0.000   9.04
 A497       1.6216 0.09986   8.069 0.0000E+00  0.000   8.07
 A746       1.6285 0.11507   4.245 0.0000E+00  0.000   4.25
 A405       1.6293 0.00768   8.267 0.0000E+00  0.000   8.27
 A34        1.6348 0.02618   8.224 0.0000E+00  0.000   8.22
 A427       1.6364 0.06315   5.297 0.0000E+00  0.000   5.30
 A341       1.6369 0.08698   9.595 0.0000E+00  0.000   9.60
 A95        1.6376 0.16129   5.416 0.0000E+00  0.000   5.42
 A841       1.6396 0.14758   7.860 0.0000E+00  0.000   7.86
 A602       1.6421 0.06190   5.255 0.0000E+00  0.000   5.26
 A380       1.6436 0.10204   2.304 0.0000E+00  0.000   2.30
 A517       1.6443 0.11769   7.837 0.0000E+00  0.000   7.84
 A14        1.6447 0.05654   0.436 0.0000E+00  0.000   0.44
 A297       1.6478 0.05976   5.084 0.0000E+00  0.000   5.08
 A751       1.6505 0.08810   9.232 0.0000E+00  0.000   9.23
 A447       1.6513 0.06552   9.505 0.0000E+00  0.000   9.51
 A556       1.6513 0.02017   5.094 0.0000E+00  0.000   5.09
 A62        1.6524 0.06360   7.309 0.0000E+00  0.000   7.31
 A315       1.6529 0.06788   6.539 0.0000E+00  0.000   6.54
 A880       1.6553 0.04279   7.532 0.0000E+00  0.000   7.53
 A362       1.6572 0.07763   7.008 0.0000E+00  0.000   7.01
 A878       1.6582 0.01317   8.628 0.0000E+00  0.000   8.63
 A639       1.6583 0.07088   3.996 0.0000E+00  0.000   4.00
 A84        1.6596 0.04235   2.441 0.0000E+00  0.000   2.44
 A703       1.6603 0.06069   2.074 0.0000E+00  0.000   2.07
 A351       1.6604 0.11632   5.735 0.0000E+00  0.000   5.74
 A615       1.6624 0.04649   3.743 0.0000E+00  0.000   3.74
 A145       1.6703 0.03900   5.967 0.0000E+00  0.000   5.97
 A852       1.6736 0.07893   4.039 0.0000E+00  0.000   4.04
 A343       1.6799 0.05253   9.939 0.0000E+00  0.000   9.94
 A488       1.6819 0.06968   6.908 0.0000E+00  0.000   6.91
 A399       1.6835 0.13746   1.408 0.0000E+00  0.000   1.41
 A216       1.6849 0.04686   3.885 0.0000E+00  0.000   3.88
 A189       1.6887 0.02564   9.717 0.0000E+00  0.000   9.72
 A618       1.6918 0.08470   4.292 0.0000E+00  0.000   4.29
 A306       1.6942 0.01482   3.388 0.0000E+00  0.000   3.39
 A721       1.6961 0.07413   9.954 0.0000E+00  0.000   9.95
 A636       1.6980 0.06204   5.319 0.0000E+00  0.000   5.32
 A731       1.7065 0.10136   5.081 0.0000E+00  0.000   5.08
 A448       1.7121 0.06559   1.578 0.0000E+00  0.000   1.58
 A358       1.7125 0.06728   4.201 0.0000E+00  0.000   4.20
 A554       1.7185 0.08522   9.256 0.0000E+00  0.000   9.26
 A17        1.7215 0.03727   9.792 0.0000E+00  0.000   9.79
 A283       1.7246 0.00827   8.801 0.0000E+00  0.000   8.80
 A18        1.7251 0.07828   1.527 0.0000E+00  0.000   1.53
 A980       1.7265 0.02783   2.276 0.0000E+00  0.000   2.28
 A515       1.7272 0.07323   4.443 0.0000E+00  0.000   4.44
 A944       1.7313 0.06748   0.667 0.0000E+00  0.000   0.67
 A866       1.7365 0.04100   6.089 0.0000E+00  0.000   6.09
 A603       1.7413 0.09685   8.542 0.0000E+00  0.000   8.54
 A581       1.7438 0.14601   5.388 0.0000E+00  0.000   5.39
 A671       1.7443 0.12798   0.270 0.0000E+00  0.000   0.27
 A119       1.7453 0.02217   6.498 0.0000E+00  0.000   6.50
 A961       1.7474 0.13621   1.684 0.0000E+00  0.000   1.68
 A575       1.7479 0.06982   2.509 0.0000E+00  0.000   2.51
 A969       1.7494 0.01787   1.241 0.0000E+00  0.000   1.24
 A738       1.7518 0.02521   4.660 0.0000E+00  0.000   4.66
 A668       1.7535 0.05041   9.455 0.0000E+00  0.000   9.46
 A289       1.7609 0.13285   7.498 0.0000E+00  0.000   7.50
 A559       1.7618 0.04922   3.018 0.0000E+00  0.000   3.02
 A732       1.7639 0.05100   6.007 0.0000E+00  0.000   6.01
 A798       1.7643 0.02021   3.735 0.0000E+00  0.000   3.74
 A519       1.7665 0.05326   6.384 0.0000E+00  0.000   6.38
 A755       1.7666 0.08958   3.766 0.0000E+00  0.000   3.77
 A38        1.7681 0.02118   1.648 0.0000E+00  0.000   1.65
 A63        1.7689 0.06444   8.425 0.0000E+00  0.000   8.43
 A740       1.7696 0.13293   1.166 0.0000E+00  0.000   1.17
 A835       1.7696 0.01424   4.829 0.0000E+00  0.000   4.83
 A560       1.7722 0.04068   5.541 0.0000E+00  0.000   5.54
 A140       1.7778 0.12997   4.076 0.0000E+00  0.000   4.08
 A150       1.7833 0.08869   4.189 0.0000E+00  0.000   4.19
 A188       1.7860 0.01285   3.158 0.0000E+00  0.000   3.16
 A381       1.7938 0.06426   4.599 0.0000E+00  0.000   4.60
 A412       1.7984 0.08661   2.563 0.0000E+00  0.000   2.56
 A396       1.8003 0.08522   4.562 0.0000E+00  0.000   4.56
 A24        1.8020 0.10724   5.189 0.0000E+00  0.000   5.19
 A505       1.8022 0.06997   1.885 0.0000E+00  0.000   1.89
 A962       1.8036 0.09319   0.886 0.0000E+00  0.000   0.89
 A130       1.8037 0.05477   4.288 0.0000E+00  0.000   4.29
 A511       1.8041 0.09341   1.977 0.0000E+00  0.000   1.98
 A470       1.8050 0.07806   6.738 0.0000E+00  0.000   6.74
 A348       1.8052 0.07573   7.776 0.0000E+00  0.000   7.78
 A627       1.8053 0.09241   8.520 0.0000E+00  0.000   8.52
 A482       1.8145 0.07735   7.822 0.0000E+00  0.000   7.82
 A121       1.8169 0.10249   4.555 0.0000E+00  0.000   4.55
 A585       1.8181 0.03100   2.064 0.0000E+00  0.000   2.06
 A201       1.8183 0.08415   9.931 0.0000E+00  0.000   9.93
 A724       1.8199 0.02143   0.961 0.0000E+00  0.000   0.96
 A122       1.8200 0.15417   8.394 0.0000E+00  0.000   8.39
 A899       1.8204 0.07138   0.831 0.0000E+00  0.000   0.83
 A136       1.8209 0.03238   3.835 0.0000E+00  0.000   3.84
 A58        1.8213 0.08006   6.052 0.0000E+00  0.000   6.05
 A299       1.8226 0.08195   1.301 0.0000E+00  0.000   1.30
 A7         1.8234 0.04369   5.108 0.0000E+00  0.000   5.11
 A301       1.8258 0.02377   2.349 0.0000E+00  0.000   2.35
 A512       1.8264 0.07547   9.919 0.0000E+00  0.000   9.92
 A99        1.8272 0.07865   6.686 0.0000E+00  0.000   6.69
 A74        1.8281 0.08899   5.048 0.0000E+00  0.000   5.05
 A807       1.8301 0.02363   1.778 0.0000E+00  0.000   1.78
 A702       1.8310 0.08832   5.110 0.0000E+00  0.000   5.11
 A207       1.8312 0.03380   9.100 0.0000E+00  0.000   9.10
 A205       1.8354 0.09888   7.326 0.0000E+00  0.000   7.33
 A725       1.8362 0.06889   8.516 0.0000E+00  0.000   8.52
 A324       1.8368 0.13034   9.123 0.0000E+00  0.000   9.12
 A827       1.8375 0.05447   7.648 0.0000E+00  0.000   7.65
 A161       1.8378 0.01027   8.025 0.0000E+00  0.000   8.03
 A29        1.8407 0.03395   4.655 0.0000E+00  0.000   4.66
 A780       1.8428 0.07143   9.022 0.0000E+00  0.000   9.02
 A281       1.8438 0.14378   1.699 0.0000E+00  0.000   1.70
 A268       1.8440 0.08362   5.283 0.0000E+00  0.000   5.28
 A567       1.8529 0.14912   5.695 0.0000E+00  0.000   5.70
 A765       1.8547 0.01841   4.723 0.0000E+00  0.000   4.72
 A728       1.8558 0.13490   2.044 0.0000E+00  0.000   2.04
 A855       1.8567 0.06859   3.356 0.0000E+00  0.000   3.36
 A768       1.8588 0.05917   2.827 0.0000E+00  0.000   2.83
 A477       1.8600 0.04827   4.636 0.0000E+00  0.000   4.64
 A132       1.8614 0.01941   7.387 0.0000E+00  0.000   7.39
 A181       1.8623 0.06605   1.832 0.0000E+00  0.000   1.83
 A407       1.8633 0.08372   6.190 0.0000E+00  0.000   6.19
 A270       1.8636 0.13758   6.578 0.0000E+00  0.000   6.58
 A344       1.8682 0.02525   8.862 0.0000E+00  0.000   8.86
 A50        1.8695 0.02907   3.870 0.0000E+00  0.000   3.87
 A864       1.8719 0.08156   9.238 0.0000E+00  0.000   9.24
 A126       1.8724 0.04731   7.590 0.0000E+00  0.000   7.59
 A346       1.8775 0.01499   8.860 0.0000E+00  0.000   8.86
 A263       1.8779 0.00534   4.892 0.0000E+00  0.000   4.89
 A628       1.8790 0.10021   0.055 0.0000E+00  0.000   0.06
 A992       1.8796 0.01148   2.629 0.0000E+00  0.000   2.63
 A246       1.8803 0.17198   4.124 0.0000E+00  0.000   4.12
 A33        1.8816 0.04064   3.376 0.0000E+00  0.000   3.38
 A935       1.8846 0.03992   6.442 0.0000E+00  0.000   6.44
 A846       1.8846 0.08293   0.479 0.0000E+00  0.000   0.48
 A665       1.8927 0.07790   6.930 0.0000E+00  0.000   6.93
 A583       1.8960 0.09825   8.178 0.0000E+00  0.000   8.18
 A413       1.8962 0.07317   7.409 0.0000E+00  0.000   7.41
 A428       1.8976 0.06214   1.465 0.0000E+00  0.000   1.46
 A255       1.8982 0.10486   2.799 0.0000E+00  0.000   2.80
 A889       1.9051 0.11383   1.483 0.0000E+00  0.000   1.48
 A86        1.9086 0.14457   2.115 0.0000E+00  0.000   2.11
 A611       1.9088 0.16939   7.553 0.0000E+00  0.000   7.55
 A495       1.9090 0.07317   7.174 0.0000E+00  0.000   7.17
 A994       1.9255 0.09894   5.794 0.0000E+00  0.000   5.79
 A843       1.9263 0.12218   1.566 0.0000E+00  0.000   1.57
 A769       1.9266 0.06687   0.270 0.0000E+00  0.000   0.27
 A995       1.9281 0.06380   8.466 0.0000E+00  0.000   8.47
 A98        1.9299 0.02081   1.155 0.0000E+00  0.000   1.15
 A187       1.9315 0.10167   9.292 0.0000E+00  0.000   9.29
 A144       1.9318 0.02407   0.374 0.0000E+00  0.000   0.37
 A801       1.9324 0.00802   1.217 0.0000E+00  0.000   1.22
 A311       1.9370 0.03159   8.537 0.0000E+00  0.000   8.54
 A223       1.9372 0.11112   3.523 0.0000E+00  0.000   3.52
 A371       1.9379 0.06378   7.853 0.0000E+00  0.000   7.85
 A617       1.9456 0.12366   2.322 0.0000E+00  0.000   2.32
 A356       1.9463 0.06793   2.684 0.0000E+00  0.000   2.68
 A675       1.9483 0.09669   7.538 0.0000E+00  0.000   7.54
 A438       1.9485 0.14377   1.981 0.0000E+00  0.000   1.98
 A526       1.9519 0.11017   8.964 0.0000E+00  0.000   8.96
 A632       1.9543 0.05759   1.233 0.0000E+00  0.000   1.23
 A942       1.9564 0.06431   8.647 0.0000E+00  0.000   8.65
 A547       1.9634 0.04750   8.074 0.0000E+00  0.000   8.07
 A202       1.9647 0.08753   3.930 0.0000E+00  0.000   3.93
 A82        1.9659 0.16131   2.006 0.0000E+00  0.000   2.01
 A939       1.9685 0.00426   9.749 0.0000E+00  0.000   9.75
 A868       1.9688 0.07416   4.408 0.0000E+00  0.000   4.41
 A111       1.9715 0.08407   2.267 0.0000E+00  0.000   2.27
 A742       1.9731 0.04065   5.047 0.0000E+00  0.000   5.05
 A457       1.9764 0.04828   4.861 0.0000E+00  0.000   4.86
 A254       1.9780 0.07643   3.217 0.0000E+00  0.000   3.22
 A777       1.9807 0.07231   3.017 0.0000E+00  0.000   3.02
 A342       1.9814 0.13493   7.992 0.0000E+00  0.000   7.99
 A565       1.9830 0.06260   6.513 0.0000E+00  0.000   6.51
 A704       1.9927 0.06396   1.360 0.0000E+00  0.000   1.36
 A481       2.0000 0.10195   6.976 0.0000E+00  0.000   6.98
 A933       2.0000 0.04456   2.249 0.0000E+00  0.000   2.25
 A332       2.0017 0.03366   7.768 0.0000E+00  0.000   7.77
 A493       2.0034 0.10598   0.739 0.0000E+00  0.000   0.74
 A506       2.0046 0.04198   0.190 0.0000E+00  0.000   0.19
 A486       2.0068 0.53768  10.272 0.0000E+00  0.000  10.27
 A773       2.0068 0.06771   7.199 0.0000E+00  0.000   7.20
 A960       2.0084 0.01685   0.887 0.0000E+00  0.000   0.89
 A503       2.0109 0.12335   3.664 0.0000E+00  0.000   3.66
 A514       2.0112 0.07254   2.000 0.0000E+00  0.000   2.00
 A658       2.0184 0.11357   5.494 0.0000E+00  0.000   5.49
 A786       2.0253 0.04117   4.938 0.0000E+00  0.000   4.94
 A608       2.0259 0.13972   6.160 0.0000E+00  0.000   6.16
 A241       2.0263 0.01739   2.028 0.0000E+00  0.000   2.03
 A840       2.0274 0.07682   3.385 0.0000E+00  0.000   3.39
 A221       2.0274 0.05521   3.761 0.0000E+00  0.000   3.76
 A714       2.0275 0.10375   4.252 0.0000E+00  0.000   4.25
 A836       2.0305 0.06195   3.110 0.0000E+00  0.000   3.11
 A745       2.0314 0.03960   9.893 0.0000E+00  0.000   9.89
 A576       2.0334 0.10183   7.234 0.0000E+00  0.000   7.23
 A267       2.0383 0.08367   6.945 0.0000E+00  0.000   6.95
 A595       2.0392 0.06092   6.596 0.0000E+00  0.000   6.60
 A631       2.0431 0.01077   0.185 0.0000E+00  0.000   0.19
 A655       2.0443 0.08817   3.380 0.0000E+00  0.000   3.38
 A43        2.0498 0.13272   6.201 0.0000E+00  0.000   6.20
 A814       2.0503 0.12359   1.329 0.0000E+00  0.000   1.33
 A107       2.0507 0.04884   3.467 0.0000E+00  0.000   3.47
 A69        2.0557 0.08907   7.198 0.0000E+00  0.000   7.20
 A803       2.0580 0.03742   4.553 0.0000E+00  0.000   4.55
 A328       2.0590 0.20421   9.379 0.0000E+00  0.000   9.38
 A670       2.0694 0.16318   6.693 0.0000E+00  0.000   6.69
 A314       2.0733 0.13247   6.626 0.0000E+00  0.000   6.63
 A820       2.0815 0.08341   0.661 0.0000E+00  0.000   0.66
 A90        2.0881 0.13685   8.274 0.0000E+00  0.000   8.27
 A378       2.0883 0.05770   6.478 0.0000E+00  0.000   6.48
 A802       2.0888 0.08160   1.317 0.0000E+00  0.000   1.32
 A377       2.0890 0.05974   1.000 0.0000E+00  0.000   1.00
 A685       2.0893 0.07009   2.333 0.0000E+00  0.000   2.33
 A871       2.0898 0.11198   5.985 0.0000E+00  0.000   5.98
 A138       2.0902 0.10309   7.641 0.0000E+00  0.000   7.64
 A169       2.0959 0.12877   7.243 0.0000E+00  0.000   7.24
 A736       2.0980 0.05922   0.979 0.0000E+00  0.000   0.98
 A965       2.0994 0.14670   6.437 0.0000E+00  0.000   6.44
 A749       2.1037 0.14796   3.783 0.0000E+00  0.000   3.78
 A96        2.1044 0.01324   8.822 0.0000E+00  0.000   8.82
 A440       2.1075 0.07107   6.824 0.0000E+00  0.000   6.82
 A186       2.1124 0.10903   8.362 0.0000E+00  0.000   8.36
 A25        2.1134 0.04772   6.264 0.0000E+00  0.000   6.26
 A613       2.1202 0.07496   6.089 0.0000E+00  0.000   6.09
 A117       2.1212 0.13799   0.087 0.0000E+00  0.000   0.09
 A317       2.1215 0.11980   5.385 0.0000E+00  0.000   5.39
 A400       2.1223 0.08914   9.000 0.0000E+00  0.000   9.00
 A979       2.1243 0.14500   2.175 0.0000E+00  0.000   2.17
 A273       2.1266 0.07489   0.454 0.0000E+00  0.000   0.45
 A217       2.1278 0.04527   7.310 0.0000E+00  0.000   7.31
 A837       2.1280 0.01370   7.186 0.0000E+00  0.000   7.19
 A686       2.1291 0.09333   6.628 0.0000E+00  0.000   6.63
 A509       2.1326 0.09775   7.698 0.0000E+00  0.000   7.70
 A782       2.1336 0.16365   1.878 0.0000E+00  0.000   1.88
 A824       2.1339 0.01616   9.879 0.0000E+00  0.000   9.88
 A549       2.1355 0.11351   3.268 0.0000E+00  0.000   3.27
 A667       2.1356 0.04273   5.609 0.0000E+00  0.000   5.61
 A610       2.1361 0.14566   0.164 0.0000E+00  0.000   0.16
 A373       2.1393 0.06588   7.328 0.0000E+00  0.000   7.33
 A774       2.1399 0.08680   3.561 0.0000E+00  0.000   3.56
 A553       2.1435 0.11858   1.877 0.0000E+00  0.000   1.88
 A251       2.1442 0.00941   1.229 0.0000E+00  0.000   1.23
 A292       2.1454 0.06629   9.759 0.0000E+00  0.000   9.76
 A12        2.1458 0.01855   6.341 0.0000E+00  0.000   6.34
 A538       2.1517 0.16723   1.321 0.0000E+00  0.000   1.32
 A584       2.1546 0.12032   5.411 0.0000E+00  0.000   5.41
 A325       2.1558 0.06820   0.795 0.0000E+00  0.000   0.80
 A199       2.1597 0.05558   9.688 0.0000E+00  0.000   9.69
 A921       2.1637 0.17172   0.519 0.0000E+00  0.000   0.52
 A429       2.1648 0.14149   0.108 0.0000E+00  0.000   0.11
 A758       2.1683 0.11023   0.345 0.0000E+00  0.000   0.34
 A475       2.1708 0.06901   3.779 0.0000E+00  0.000   3.78
 A55        2.1719 0.09329   7.181 0.0000E+00  0.000   7.18
 A227       2.1726 0.09611   2.129 0.0000E+00  0.000   2.13
 A966       2.1737 0.04631   3.831 0.0000E+00  0.000   3.83
 A656       2.1744 0.11098   3.478 0.0000E+00  0.000   3.48
 A650       2.1751 0.06404   0.382 0.0000E+00  0.000   0.38
 A149       2.1794 0.09556   7.250 0.0000E+00  0.000   7.25
 A191       2.1869 0.09657   3.028 0.0000E+00  0.000   3.03
 A214       2.1893 0.04225   3.659 0.0000E+00  0.000   3.66
 A474       2.1931 0.07904   4.330 0.0000E+00  0.000   4.33
 A750       2.1935 0.02721   5.570 0.0000E+00  0.000   5.57
 A947       2.1964 0.13740   0.895 0.0000E+00  0.000   0.89
 A308       2.1969 0.03656   0.550 0.0000E+00  0.000   0.55
 A513       2.1971 0.09940   1.943 0.0000E+00  0.000   1.94
 A654       2.1976 0.05295   3.491 0.0000E+00  0.000   3.49
 A94        2.2004 0.04639   0.802 0.0000E+00  0.000   0.80
 A379       2.2034 0.15536   2.927 0.0000E+00  0.000   2.93
 A557       2.2055 0.08967   6.125 0.0000E+00  0.000   6.13
 A293       2.2102 0.08978   1.260 0.0000E+00  0.000   1.26
 A45        2.2134 0.11874   2.838 0.0000E+00  0.000   2.84
 A940       2.2172 0.11877   8.077 0.0000E+00  0.000   8.08
 A28        2.2183 0.07031   1.350 0.0000E+00  0.000   1.35
 A908       2.2216 0.05537   6.672 0.0000E+00  0.000   6.67
 A185       2.2238 0.06061   3.399 0.0000E+00  0.000   3.40
 A72        2.2265 0.08462   2.120 0.0000E+00  0.000   2.12
 A854       2.2267 0.08086   0.050 0.0000E+00  0.000   0.05
 A734       2.2292 0.06908   2.587 0.0000E+00  0.000   2.59
 A476       2.2346 0.03878   8.644 0.0000E+00  0.000   8.64
 A990       2.2528 0.07489   5.405 0.0000E+00  0.000   5.41
 A171       2.2549 0.12696   2.338 0.0000E+00  0.000   2.34
 A307       2.2580 0.08626   1.515 0.0000E+00  0.000   1.51
 A384       2.2619 0.08518   9.056 0.0000E+00  0.000   9.06
 A278       2.2641 0.06583   9.053 0.0000E+00  0.000   9.05
 A681       2.2646 0.11252   6.907 0.0000E+00  0.000   6.91
 A229       2.2649 0.11793   4.382 0.0000E+00  0.000   4.38
 A22        2.2652 0.02117   6.593 0.0000E+00  0.000   6.59
 A710       2.2669 0.04762   1.229 0.0000E+00  0.000   1.23
 A224       2.2671 0.09248   4.963 0.0000E+00  0.000   4.96
 A61        2.2724 0.08577   1.757 0.0000E+00  0.000   1.76
 A97        2.2734 0.09033   9.879 0.0000E+00  0.000   9.88
 A310       2.2948 0.08235   6.488 0.0000E+00  0.000   6.49
 A818       2.2958 0.07364   7.690 0.0000E+00  0.000   7.69
 A784       2.2963 0.13629   4.705 0.0000E+00  0.000   4.70
 A147       2.2970 0.08754   1.464 0.0000E+00  0.000   1.46
 A672       2.3008 0.08818   3.763 0.0000E+00  0.000   3.76
 A744       2.3028 0.13324   7.459 0.0000E+00  0.000   7.46
 A890       2.3032 0.05892   0.326 0.0000E+00  0.000   0.33
 A770       2.3057 0.05932   3.528 0.0000E+00  0.000   3.53
 A455       2.3127 0.00812   7.656 0.0000E+00  0.000   7.66
 A796       2.3146 0.08048   1.913 0.0000E+00  0.000   1.91
 A158       2.3161 0.15874   0.378 0.0000E+00  0.000   0.38
 A991       2.3178 0.09147   8.302 0.0000E+00  0.000   8.30
 A849       2.3202 0.11943   1.329 0.0000E+00  0.000   1.33
 A35        2.3202 0.05819   7.458 0.0000E+00  0.000   7.46
 A726       2.3212 0.08526   8.940 0.0000E+00  0.000   8.94
 A272       2.3250 0.02925   7.712 0.0000E+00  0.000   7.71
 A867       2.3257 0.09642   9.615 0.0000E+00  0.000   9.62
 A313       2.3316 0.05016   8.011 0.0000E+00  0.000   8.01
 A465       2.3402 0.08549   5.844 0.0000E+00  0.000   5.84
 A918       2.3403 0.06296   5.799 0.0000E+00  0.000   5.80
 A473       2.3405 0.08709   4.600 0.0000E+00  0.000   4.60
 A323       2.3475 0.11378   2.726 0.0000E+00  0.000   2.73
 A1000      2.3486 0.04141   0.558 0.0000E+00  0.000   0.56
 A436       2.3569 0.01006   7.904 0.0000E+00  0.000   7.90
 A165       2.3611 0.09279   3.588 0.0000E+00  0.000   3.59
 A174       2.3662 0.08504   4.271 0.0000E+00  0.000   4.27
 A902       2.3689 0.02517   8.970 0.0000E+00  0.000   8.97
 A790       2.3709 0.05232   2.124 0.0000E+00  0.000   2.12
 A127       2.3723 0.07038   4.997 0.0000E+00  0.000   5.00
 A375       2.3746 0.08226   2.432 0.0000E+00  0.000   2.43
 A257       2.3778 0.10482   4.259 0.0000E+00  0.000   4.26
 A605       2.3806 0.04339   0.428 0.0000E+00  0.000   0.43
 A748       2.3848 0.01597   4.480 0.0000E+00  0.000   4.48
 A641       2.3851 0.10072   1.867 0.0000E+00  0.000   1.87
 A858       2.3861 0.03033   9.602 0.0000E+00  0.000   9.60
 A530       2.3871 0.00924   6.945 0.0000E+00  0.000   6.95
 A321       2.3904 0.11783   6.277 0.0000E+00  0.000   6.28
 A20        2.3905 0.17451   4.140 0.0000E+00  0.000   4.14
 A696       2.3907 0.06392   4.781 0.0000E+00  0.000   4.78
 A48        2.3956 0.08994   3.068 0.0000E+00  0.000   3.07
 A93        2.3987 0.06783   1.309 0.0000E+00  0.000   1.31
 A156       2.4046 0.10317   4.431 0.0000E+00  0.000   4.43
 A101       2.4063 0.04684   9.328 0.0000E+00  0.000   9.33
 A967       2.4071 0.13035   6.097 0.0000E+00  0.000   6.10
 A444       2.4094 0.04028   5.731 0.0000E+00  0.000   5.73
 A695       2.4107 0.03201   4.143 0.0000E+00  0.000   4.14
 A895       2.4125 0.09866   9.851 0.0000E+00  0.000   9.85
 A345       2.4176 0.08242   3.997 0.0000E+00  0.000   4.00
 A159       2.4180 0.02606   1.094 0.0000E+00  0.000   1.09
 A876       2.4226 0.09974   4.213 0.0000E+00  0.000   4.21
 A821       2.4243 0.09899   3.070 0.0000E+00  0.000   3.07
 A998       2.4356 0.08008   5.268 0.0000E+00  0.000   5.27
 A776       2.4392 0.13088   1.494 0.0000E+00  0.000   1.49
 A831       2.4443 0.18558   9.254 0.0000E+00  0.000   9.25
 A953       2.4483 0.06403   5.564 0.0000E+00  0.000   5.56
 A943       2.4483 0.07923   7.665 0.0000E+00  0.000   7.67
 A172       2.4641 0.10663   7.893 0.0000E+00  0.000   7.89
 A442       2.4739 0.05938   2.628 0.0000E+00  0.000   2.63
 A112       2.4789 0.06950   6.217 0.0000E+00  0.000   6.22
 A388       2.4810 0.05618   2.570 0.0000E+00  0.000   2.57
 A701       2.4810 0.07720  10.009 0.0000E+00  0.000  10.01
 A337       2.4945 0.08443   2.224 0.0000E+00  0.000   2.22
 A791       2.4951 0.04321   6.579 0.0000E+00  0.000   6.58
 A13        2.4956 0.08852   7.662 0.0000E+00  0.000   7.66
 A302       2.5002 0.06656   2.854 0.0000E+00  0.000   2.85
 A309       2.5035 0.01470   6.881 0.0000E+00  0.000   6.88
 A599       2.5193 0.03622   3.381 0.0000E+00  0.000   3.38
 A859       2.5197 0.08056   1.505 0.0000E+00  0.000   1.50
 A367       2.5214 0.09138   4.237 0.0000E+00  0.000   4.24
 A884       2.5220 0.16762   1.228 0.0000E+00  0.000   1.23
 A424       2.5233 0.14738   8.728 0.0000E+00  0.000   8.73
 A952       2.5238 0.10101   6.923 0.0000E+00  0.000   6.92
 A102       2.5269 0.10183   2.827 0.0000E+00  0.000   2.83
 A975       2.5275 0.06087   4.290 0.0000E+00  0.000   4.29
 A651       2.5311 0.16552   0.887 0.0000E+00  0.000   0.89
 A236       2.5322 0.16868   1.478 0.0000E+00  0.000   1.48
 A287       2.5395 0.10950   4.716 0.0000E+00  0.000   4.72
 A705       2.5428 0.15088   5.522 0.0000E+00  0.000   5.52
 A374       2.5440 0.11801   8.553 0.0000E+00  0.000   8.55
 A468       2.5446 0.14692   5.093 0.0000E+00  0.000   5.09
 A922       2.5458 0.02882   3.116 0.0000E+00  0.000   3.12
 A352       2.5472 0.10376   6.730 0.0000E+00  0.000   6.73
 A89        2.5576 0.09440   7.236 0.0000E+00  0.000   7.24
 A861       2.5587 0.02102   3.012 0.0000E+00  0.000   3.01
 A690       2.5592 0.10114   4.655 0.0000E+00  0.000   4.66
 A11        2.5650 0.08703   7.909 0.0000E+00  0.000   7.91
 A596       2.5653 0.09457   9.999 0.0000E+00  0.000  10.00
 A222       2.5663 0.01888   5.934 0.0000E+00  0.000   5.93
 A706       2.5665 0.02172   3.581 0.0000E+00  0.000   3.58
 A42        2.5671 0.13036   6.699 0.0000E+00  0.000   6.70
 A806       2.5710 0.13925   7.919 0.0000E+00  0.000   7.92
 A167       2.5734 0.02585   5.685 0.0000E+00  0.000   5.68
 A851       2.5767 0.08214   4.662 0.0000E+00  0.000   4.66
 A331       2.5783 0.09053   2.655 0.0000E+00  0.000   2.66
 A844       2.5799 0.22638   5.925 0.0000E+00  0.000   5.93
 A666       2.5854 0.06815   3.005 0.0000E+00  0.000   3.01
 A239       2.5860 0.12572   6.515 0.0000E+00  0.000   6.52
 A688       2.5896 0.07875   3.308 0.0000E+00  0.000   3.31
 A31        2.5963 0.14542   8.834 0.0000E+00  0.000   8.83
 A422       2.5982 0.07254   5.185 0.0000E+00  0.000   5.18
 A175       2.5996 0.05506   4.361 0.0000E+00  0.000   4.36
 A431       2.6008 0.07860   2.493 0.0000E+00  0.000   2.49
 A276       2.6040 0.17984   0.444 0.0000E+00  0.000   0.44
 A284       2.6053 0.13137   4.936 0.0000E+00  0.000   4.94
 A256       2.6112 0.19827   8.995 0.0000E+00  0.000   9.00
 A609       2.6138 0.14201   8.283 0.0000E+00  0.000   8.28
 A450       2.6142 0.08620   3.203 0.0000E+00  0.000   3.20
 A896       2.6150 0.01967   7.678 0.0000E+00  0.000   7.68
 A141       2.6166 0.03904   1.730 0.0000E+00  0.000   1.73
 A213       2.6191 0.19168   5.229 0.0000E+00  0.000   5.23
 A662       2.6210 0.10343   2.813 0.0000E+00  0.000   2.81
 A135       2.6215 0.08210   9.294 0.0000E+00  0.000   9.29
 A661       2.6219 0.13014   4.414 0.0000E+00  0.000   4.41
 A454       2.6289 0.09601   9.873 0.0000E+00  0.000   9.87
 A891       2.6320 0.14834   7.102 0.0000E+00  0.000   7.10
 A338       2.6330 0.07448   7.323 0.0000E+00  0.000   7.32
 A372       2.6377 0.12120   2.714 0.0000E+00  0.000   2.71
 A184       2.6387 0.10507   6.784 0.0000E+00  0.000   6.78
 A204       2.6433 0.07135   7.884 0.0000E+00  0.000   7.88
 A386       2.6460 0.12233   4.028 0.0000E+00  0.000   4.03
 A925       2.6511 0.02958   1.739 0.0000E+00  0.000   1.74
 A853       2.6548 0.17051   0.577 0.0000E+00  0.000   0.58
 A67        2.6553 0.13883   6.210 0.0000E+00  0.000   6.21
 A872       2.6582 0.09722   0.197 0.0000E+00  0.000   0.20
 A968       2.6619 0.11580   4.927 0.0000E+00  0.000   4.93
 A6         2.6630 0.16010   4.311 0.0000E+00  0.000   4.31
 A938       2.6687 0.15338   0.792 0.0000E+00  0.000   0.79
 A489       2.6688 0.10586   7.101 0.0000E+00  0.000   7.10
 A718       2.6698 0.12247   5.530 0.0000E+00  0.000   5.53
 A957       2.6705 0.01529   5.404 0.0000E+00  0.000   5.40
 A887       2.6727 0.05547  10.043 0.0000E+00  0.000  10.04
 A715       2.6843 0.12970   2.332 0.0000E+00  0.000   2.33
 A709       2.6893 0.08837   4.154 0.0000E+00  0.000   4.15
 A730       2.6910 0.08274   4.954 0.0000E+00  0.000   4.95
 A471       2.6923 0.05818   7.092 0.0000E+00  0.000   7.09
 A630       2.6966 0.08065   0.928 0.0000E+00  0.000   0.93
 A100       2.6979 0.03861   6.387 0.0000E+00  0.000   6.39
 A39        2.7001 0.09012   9.254 0.0000E+00  0.000   9.25
 A911       2.7038 0.23190   2.437 0.0000E+00  0.000   2.44
 A360       2.7066 0.07004   0.001 0.0000E+00  0.000   0.00
 A4         2.7100 0.10199   2.448 0.0000E+00  0.000   2.45
 A499       2.7101 0.07727   2.795 0.0000E+00  0.000   2.79
 A833       2.7169 0.10493   8.958 0.0000E+00  0.000   8.96
 A963       2.7176 0.09910   7.087 0.0000E+00  0.000   7.09
 A815       2.7190 0.07726   3.573 0.0000E+00  0.000   3.57
 A303       2.7253 0.01719   6.255 0.0000E+00  0.000   6.26
 A934       2.7260 0.08131   1.862 0.0000E+00  0.000   1.86
 A316       2.7265 0.16724   7.269 0.0000E+00  0.000   7.27
 A682       2.7287 0.07025   3.297 0.0000E+00  0.000   3.30
 A409       2.7290 0.20434   4.783 0.0000E+00  0.000   4.78
 A917       2.7299 0.12611   6.613 0.0000E+00  0.000   6.61
 A552       2.7301 0.13562   5.650 0.0000E+00  0.000   5.65
 A208       2.7309 0.05775   9.827 0.0000E+00  0.000   9.83
 A300       2.7346 0.01150   6.724 0.0000E+00  0.000   6.72
 A451       2.7421 0.09052   8.135 0.0000E+00  0.000   8.13
 A694       2.7454 0.03918   1.497 0.0000E+00  0.000   1.50
 A760       2.7487 0.13039   2.416 0.0000E+00  0.000   2.42
 A87        2.7503 0.03337   7.946 0.0000E+00  0.000   7.95
 A747       2.7508 0.01360   2.138 0.0000E+00  0.000   2.14
 A624       2.7515 0.06721   8.497 0.0000E+00  0.000   8.50
 A243       2.7519 0.07192   8.891 0.0000E+00  0.000   8.89
 A312       2.7582 0.15990   7.226 0.0000E+00  0.000   7.23
 A2         2.7587 0.10133   0.467 0.0000E+00  0.000   0.47
 A735       2.7587 0.05927   4.783 0.0000E+00  0.000   4.78
 A336       2.7591 0.01920   3.371 0.0000E+00  0.000   3.37
 A800       2.7592 0.06339   3.456 0.0000E+00  0.000   3.46
 A37        2.7632 0.04997   2.807 0.0000E+00  0.000   2.81
 A294       2.7648 0.10721   5.689 0.0000E+00  0.000   5.69
 A365       2.7707 0.01070   8.159 0.0000E+00  0.000   8.16
 A393       2.7805 0.15794   6.374 0.0000E+00  0.000   6.37
 A19        2.7824 0.03289   9.560 0.0000E+00  0.000   9.56
 A432       2.7833 0.07637   1.919 0.0000E+00  0.000   1.92
 A838       2.7864 0.05004   3.044 0.0000E+00  0.000   3.04
 A648       2.7903 0.07284   5.271 0.0000E+00  0.000   5.27
 A339       2.7920 0.12932   1.755 0.0000E+00  0.000   1.75
 A233       2.7958 0.20262   4.282 0.0000E+00  0.000   4.28
 A120       2.7958 0.04948   7.721 0.0000E+00  0.000   7.72
 A237       2.7985 0.16797   4.043 0.0000E+00  0.000   4.04
 A812       2.8047 0.12429   1.429 0.0000E+00  0.000   1.43
 A629       2.8076 0.13046   3.593 0.0000E+00  0.000   3.59
 A826       2.8080 0.14300   1.051 0.0000E+00  0.000   1.05
 A764       2.8095 0.06807   8.604 0.0000E+00  0.000   8.60
 A163       2.8127 0.02282   2.727 0.0000E+00  0.000   2.73
 A574       2.8315 0.08768   5.398 0.0000E+00  0.000   5.40
 A403       2.8377 0.06546   1.701 0.0000E+00  0.000   1.70
 A353       2.8402 0.10176   6.348 0.0000E+00  0.000   6.35
 A888       2.8402 0.14515   2.215 0.0000E+00  0.000   2.22
 A196       2.8412 0.09214   5.981 0.0000E+00  0.000   5.98
 A340       2.8475 0.05202   4.541 0.0000E+00  0.000   4.54
 A762       2.8508 0.11348   9.369 0.0000E+00  0.000   9.37
 A620       2.8523 0.08498   0.680 0.0000E+00  0.000   0.68
 A426       2.8534 0.16567   9.609 0.0000E+00  0.000   9.61
 A528       2.8552 0.07973   7.632 0.0000E+00  0.000   7.63
 A507       2.8559 0.09831   2.786 0.0000E+00  0.000   2.79
 A763       2.8600 0.12826   1.820 0.0000E+00  0.000   1.82
 A850       2.8611 0.12573   1.502 0.0000E+00  0.000   1.50
 A881       2.8652 0.19963   5.485 0.0000E+00  0.000   5.48
 A600       2.8659 0.06897   0.507 0.0000E+00  0.000   0.51
 A984       2.8665 0.08286   3.633 0.0000E+00  0.000   3.63
 A912       2.8671 0.05299   8.055 0.0000E+00  0.000   8.05
 A320       2.8682 0.06236   9.312 0.0000E+00  0.000   9.31
 A483       2.8700 0.08793   3.031 0.0000E+00  0.000   3.03
 A177       2.8703 0.05142   2.779 0.0000E+00  0.000   2.78
 A612       2.8802 0.07411   8.192 0.0000E+00  0.000   8.19
 A754       2.8849 0.07699   3.137 0.0000E+00  0.000   3.14
 A330       2.8849 0.09150   7.540 0.0000E+00  0.000   7.54
 A382       2.8860 0.08284   1.219 0.0000E+00  0.000   1.22
 A540       2.8872 0.05447   8.421 0.0000E+00  0.000   8.42
 A737       2.8887 0.14939   3.005 0.0000E+00  0.000   3.00
 A794       2.8892 0.11143   8.283 0.0000E+00  0.000   8.28
 A669       2.8944 0.11111   0.328 0.0000E+00  0.000   0.33
 A679       2.8994 0.01482   4.818 0.0000E+00  0.000   4.82
 A885       2.9061 0.08232   8.210 0.0000E+00  0.000   8.21
 A727       2.9065 0.18655   4.160 0.0000E+00  0.000   4.16
 A333       2.9084 0.11902   7.540 0.0000E+00  0.000   7.54
 A830       2.9125 0.01540   1.875 0.0000E+00  0.000   1.88
 A484       2.9213 0.05797   4.451 0.0000E+00  0.000   4.45
 A478       2.9213 0.10613   2.416 0.0000E+00  0.000   2.42
 A785       2.9229 0.07039   2.092 0.0000E+00  0.000   2.09
 A359       2.9268 0.05205   7.084 0.0000E+00  0.000   7.08
 A193       2.9365 0.04689   2.992 0.0000E+00  0.000   2.99
 A77        2.9370 0.07927   8.896 0.0000E+00  0.000   8.90
 A659       2.9390 0.09646   5.074 0.0000E+00  0.000   5.07
 A8         2.9438 0.22417   5.605 0.0000E+00  0.000   5.61
 A49        2.9466 0.08816   4.152 0.0000E+00  0.000   4.15
 A64        2.9477 0.21730   9.444 0.0000E+00  0.000   9.44
 A143       2.9497 0.04018   5.541 0.0000E+00  0.000   5.54
 A459       2.9626 0.03146   2.405 0.0000E+00  0.000   2.40
 A21        2.9667 0.10560   4.593 0.0000E+00  0.000   4.59
 A931       2.9692 0.14890   3.641 0.0000E+00  0.000   3.64
 A176       2.9710 0.15714   7.125 0.0000E+00  0.000   7.13
 A869       2.9732 0.11865   9.527 0.0000E+00  0.000   9.53
 A59        2.9734 0.22036   6.222 0.0000E+00  0.000   6.22
 A986       2.9757 0.10194   2.809 0.0000E+00  0.000   2.81
 A118       2.9857 0.07796   9.063 0.0000E+00  0.000   9.06
 A501       2.9875 0.13683   0.618 0.0000E+00  0.000   0.62
 A720       2.9915 0.09989   2.867 0.0000E+00  0.000   2.87
 A408       2.9977 0.08440   2.357 0.0000E+00  0.000   2.36
 A182       2.9994 0.13079   9.334 0.0000E+00  0.000   9.33
 A462       3.0005 0.06723   2.783 0.0000E+00  0.000   2.78
 A115       3.0015 0.11377   0.987 0.0000E+00  0.000   0.99
 A410       3.0039 0.10600   3.720 0.0000E+00  0.000   3.72
 A23        3.0074 0.13097   1.295 0.0000E+00  0.000   1.30
 A235       3.0175 0.09235   8.605 0.0000E+00  0.000   8.60
 A464       3.0210 0.11590   0.838 0.0000E+00  0.000   0.84
 A527       3.0222 0.06812   3.122 0.0000E+00  0.000   3.12
 A282       3.0226 0.12043   0.168 0.0000E+00  0.000   0.17
 A897       3.0347 0.14260   9.340 0.0000E+00  0.000   9.34
 A640       3.0352 0.10335   4.506 0.0000E+00  0.000   4.51
 A590       3.0363 0.10143   3.979 0.0000E+00  0.000   3.98
 A883       3.0368 0.07120   6.524 0.0000E+00  0.000   6.52
 A240       3.0404 0.08894   5.135 0.0000E+00  0.000   5.14
 A1         3.0412 0.09571   2.648 0.0000E+00  0.000   2.65
 A646       3.0480 0.14814   2.512 0.0000E+00  0.000   2.51
 A385       3.0540 0.03518   1.456 0.0000E+00  0.000   1.46
 A804       3.0597 0.18810   3.563 0.0000E+00  0.000   3.56
 A712       3.0606 0.12541   5.113 0.0000E+00  0.000   5.11
 A397       3.0606 0.06122   1.130 0.0000E+00  0.000   1.13
 A54        3.0681 0.07663   0.714 0.0000E+00  0.000   0.71
 A416       3.0702 0.05566   5.094 0.0000E+00  0.000   5.09
 A722       3.0703 0.16015   9.649 0.0000E+00  0.000   9.65
 A76        3.0730 0.10211   5.797 0.0000E+00  0.000   5.80
 A539       3.0735 0.10979   3.211 0.0000E+00  0.000   3.21
 A550       3.0758 0.15883   7.690 0.0000E+00  0.000   7.69
 A248       3.0789 0.04019   6.517 0.0000E+00  0.000   6.52
 A692       3.0810 0.15653   6.584 0.0000E+00  0.000   6.58
 A420       3.0828 0.07897   1.422 0.0000E+00  0.000   1.42
 A252       3.0841 0.09903   0.188 0.0000E+00  0.000   0.19
 A123       3.0873 0.03327   3.732 0.0000E+00  0.000   3.73
 A689       3.0949 0.07312   3.753 0.0000E+00  0.000   3.75
 A566       3.0971 0.06775   9.554 0.0000E+00  0.000   9.55
 A893       3.0994 0.16134   5.169 0.0000E+00  0.000   5.17
 A106       3.1003 0.06911   6.264 0.0000E+00  0.000   6.26
 A456       3.1105 0.03552   3.634 0.0000E+00  0.000   3.63
 A68        3.1143 0.02031   8.483 0.0000E+00  0.000   8.48
 A71        3.1145 0.02138   4.080 0.0000E+00  0.000   4.08
 A996       3.1163 0.16995   4.544 0.0000E+00  0.000   4.54
 A194       3.1186 0.17955   8.931 0.0000E+00  0.000   8.93
 A218       3.1209 0.04587   6.863 0.0000E+00  0.000   6.86
 A250       3.1252 0.08819   1.677 0.0000E+00  0.000   1.68
 A335       3.1268 0.07275   9.107 0.0000E+00  0.000   9.11
 A391       3.1269 0.16429   3.752 0.0000E+00  0.000   3.75
 A247       3.1287 0.14411   1.517 0.0000E+00  0.000   1.52
 A78        3.1308 0.04942   9.429 0.0000E+00  0.000   9.43
 A653       3.1339 0.02792   8.442 0.0000E+00  0.000   8.44
 A133       3.1355 0.07491   8.495 0.0000E+00  0.000   8.50
 A16        3.1406 0.17039   4.674 0.0000E+00  0.000   4.67
 A244       3.1430 0.02735   7.113 0.0000E+00  0.000   7.11
 A589       3.1440 0.04740   7.911 0.0000E+00  0.000   7.91
 A674       3.1493 0.16188   7.108 0.0000E+00  0.000   7.11
 A279       3.1500 0.03822   9.347 0.0000E+00  0.000   9.35
 A819       3.1591 0.04660   0.338 0.0000E+00  0.000   0.34
 A103       3.1605 0.13185   3.327 0.0000E+00  0.000   3.33
 A766       3.1678 0.01530   7.658 0.0000E+00  0.000   7.66
 A592       3.1729 0.05043   3.086 0.0000E+00  0.000   3.09
 A401       3.1744 0.04463   5.453 0.0000E+00  0.000   5.45
 A711       3.1754 0.09644   6.479 0.0000E+00  0.000   6.48
 A305       3.1766 0.09274   8.033 0.0000E+00  0.000   8.03
 A546       3.1801 0.05982   5.863 0.0000E+00  0.000   5.86
 A877       3.1803 0.15338   8.072 0.0000E+00  0.000   8.07
 A480       3.1805 0.16766   6.114 0.0000E+00  0.000   6.11
 A949       3.1805 0.02951   4.545 0.0000E+00  0.000   4.55
 A40        3.1847 0.13176   8.497 0.0000E+00  0.000   8.50
 A707       3.1873 0.16205   0.918 0.0000E+00  0.000   0.92
 A898       3.1908 0.05276   3.429 0.0000E+00  0.000   3.43
 A959       3.1915 0.06967   1.979 0.0000E+00  0.000   1.98
 A834       3.1937 0.10802   0.376 0.0000E+00  0.000   0.38
 A326       3.1959 0.11783   0.220 0.0000E+00  0.000   0.22
 A716       3.1962 0.07832   6.172 0.0000E+00  0.000   6.17
 A195       3.1967 0.07965   9.237 0.0000E+00  0.000   9.24
 A930       3.1987 0.11352   5.974 0.0000E+00  0.000   5.97
 A822       3.2011 0.21535   5.593 0.0000E+00  0.000   5.59
 A657       3.2054 0.11890   2.953 0.0000E+00  0.000   2.95
 A81        3.2088 0.16813   8.845 0.0000E+00  0.000   8.84
 A192       3.2092 0.18685   0.966 0.0000E+00  0.000   0.97
 A832       3.2159 0.12492   8.377 0.0000E+00  0.000   8.38
 A60        3.2160 0.15692   7.252 0.0000E+00  0.000   7.25
 A298       3.2177 0.14922   4.302 0.0000E+00  0.000   4.30
 A404       3.2179 0.24280  39.176 0.0000E+00  0.000  39.18
 A572       3.2206 0.17579   2.180 0.0000E+00  0.000   2.18
 A563       3.2225 0.08913   1.637 0.0000E+00  0.000   1.64
 A626       3.2238 0.09838   5.644 0.0000E+00  0.000   5.64
 A948       3.2285 0.18837  15.419 0.0000E+00  0.000  15.42
 A676       3.2348 0.08122   1.737 0.0000E+00  0.000   1.74
 A490       3.2367 0.15085   6.032 0.0000E+00  0.000   6.03
 A350       3.2375 0.06479   1.784 0.0000E+00  0.000   1.78
 A606       3.2387 0.23366  22.045 0.0000E+00  0.000  22.05
 A700       3.2454 0.10139   2.116 0.0000E+00  0.000   2.12
 A983       3.2498 0.09910  14.608 0.0000E+00  0.000  14.61
 A954       3.2526 0.16069   0.181 0.0000E+00  0.000   0.18
 A910       3.2537 0.12375   5.480 0.0000E+00  0.000   5.48
 A775       3.2544 0.07681   8.147 0.0000E+00  0.000   8.15
 A825       3.2587 0.02861   9.650 0.0000E+00  0.000   9.65
 A985       3.2631 0.10354   1.550 0.0000E+00  0.000   1.55
 A151       3.2641 0.24612  27.741 0.0000E+00  0.000  27.74
 A644       3.2683 0.17783   2.458 0.0000E+00  0.000   2.46
 A551       3.2688 0.04401   7.907 0.0000E+00  0.000   7.91
 A91        3.2707 0.09881   2.658 0.0000E+00  0.000   2.66
 A238       3.2794 0.11970  13.645 0.0000E+00  0.000  13.64
 A743       3.2818 0.09715  22.398 0.0000E+00  0.000  22.40
 A327       3.2824 0.30284   3.326 0.0000E+00  0.000   3.33
 A164       3.2920 0.07297  10.303 0.0000E+00  0.000  10.30
 A937       3.2978 0.06096   2.239 0.0000E+00  0.000   2.24
 A779       3.3134 0.20166   5.303 0.0000E+00  0.000   5.30
 A635       3.3150 0.07132  12.381 0.0000E+00  0.000  12.38
 A261       3.3187 0.17228   2.108 0.0000E+00  0.000   2.11
 A357       3.3207 0.15218   8.792 0.0000E+00  0.000   8.79
 A680       3.3232 0.15443   5.103 0.0000E+00  0.000   5.10
 A808       3.3245 0.06741   0.412 0.0000E+00  0.000   0.41
 A363       3.3246 0.12022   3.982 0.0000E+00  0.000   3.98
 A518       3.3270 0.16912   9.944 0.0000E+00  0.000   9.94
 A70        3.3309 0.02992   3.090 0.0000E+00  0.000   3.09
 A73        3.3314 0.13901   0.447 0.0000E+00  0.000   0.45
 A209       3.3335 0.14713   3.130 0.0000E+00  0.000   3.13
 A759       3.3349 0.12652   3.917 0.0000E+00  0.000   3.92
 A370       3.3463 0.26779   4.504 0.0000E+00  0.000   4.50
 A929       3.3480 0.08664   3.442 0.0000E+00  0.000   3.44
 A684       3.3486 0.08437   1.385 0.0000E+00  0.000   1.39
 A643       3.3554 0.06823   6.113 0.0000E+00  0.000   6.11
 A231       3.3584 0.01929  10.118 0.0000E+00  0.000  10.12
 A616       3.3606 0.11885   1.083 0.0000E+00  0.000   1.08
 A520       3.3615 0.09007   7.252 0.0000E+00  0.000   7.25
 A271       3.3651 0.11558   9.511 0.0000E+00  0.000   9.51
 A376       3.3676 0.08553   1.067 0.0000E+00  0.000   1.07
 A262       3.3680 0.16031   2.910 0.0000E+00  0.000   2.91
 A598       3.3695 0.07632   6.069 0.0000E+00  0.000   6.07
 A128       3.3712 0.10283   4.323 0.0000E+00  0.000   4.32
 A997       3.3727 0.10838   8.905 0.0000E+00  0.000   8.91
 A524       3.3730 0.06604   2.122 0.0000E+00  0.000   2.12
 A621       3.3770 0.13546   1.600 0.0000E+00  0.000   1.60
 A914       3.3832 0.11765   8.339 0.0000E+00  0.000   8.34
 A781       3.3836 0.16868   7.431 0.0000E+00  0.000   7.43
 A66        3.3863 0.12079   5.131 0.0000E+00  0.000   5.13
 A805       3.3877 0.14105   7.904 0.0000E+00  0.000   7.90
 A542       3.3888 0.08490   5.397 0.0000E+00  0.000   5.40
 A137       3.3894 0.08996   6.927 0.0000E+00  0.000   6.93
 A573       3.3899 0.18382   1.387 0.0000E+00  0.000   1.39
 A53        3.3945 0.12943   2.572 0.0000E+00  0.000   2.57
 A597       3.4009 0.02606   2.662 0.0000E+00  0.000   2.66
 A568       3.4014 0.19395   1.506 0.0000E+00  0.000   1.51
 A160       3.4047 0.08010   4.310 0.0000E+00  0.000   4.31
 A697       3.4128 0.09689   6.610 0.0000E+00  0.000   6.61
 A131       3.4140 0.17778   3.578 0.0000E+00  0.000   3.58
 A741       3.4165 0.02968   8.654 0.0000E+00  0.000   8.65
 A154       3.4210 0.04108   3.298 0.0000E+00  0.000   3.30
 A458       3.4212 0.05109   3.213 0.0000E+00  0.000   3.21
 A57        3.4247 0.03306   5.490 0.0000E+00  0.000   5.49
 A813       3.4252 0.13408   8.376 0.0000E+00  0.000   8.38
 A460       3.4315 0.19902   0.592 0.0000E+00  0.000   0.59
 A569       3.4327 0.05862   8.773 0.0000E+00  0.000   8.77
 A166       3.4357 0.08520   0.585 0.0000E+00  0.000   0.58
 A27        3.4363 0.05329   8.503 0.0000E+00  0.000   8.50
 A463       3.4374 0.19140   6.659 0.0000E+00  0.000   6.66
 A778       3.4384 0.11920   5.793 0.0000E+00  0.000   5.79
 A708       3.4479 0.15380   5.424 0.0000E+00  0.000   5.42
 A322       3.4494 0.08059   6.945 0.0000E+00  0.000   6.94
 A523       3.4567 0.04953   1.435 0.0000E+00  0.000   1.43
 A558       3.4575 0.08200   2.328 0.0000E+00  0.000   2.33
 A873       3.4623 0.15789   4.884 0.0000E+00  0.000   4.88
 A623       3.4627 0.13286   5.411 0.0000E+00  0.000   5.41
 A155       3.4653 0.14325   5.356 0.0000E+00  0.000   5.36
 A75        3.4677 0.06480   8.027 0.0000E+00  0.000   8.03
 A645       3.4698 0.03457   8.957 0.0000E+00  0.000   8.96
 A502       3.4710 0.09149   2.929 0.0000E+00  0.000   2.93
 A663       3.4721 0.18704   5.918 0.0000E+00  0.000   5.92
 A923       3.4726 0.22330   2.860 0.0000E+00  0.000   2.86
 A970       3.4772 0.11185   2.077 0.0000E+00  0.000   2.08
 A295       3.4829 0.12926   4.398 0.0000E+00  0.000   4.40
 A452       3.4842 0.14527   4.439 0.0000E+00  0.000   4.44
 A110       3.4930 0.09858   0.201 0.0000E+00  0.000   0.20
 A260       3.4936 0.06041   0.067 0.0000E+00  0.000   0.07
 A981       3.4962 0.08101   7.858 0.0000E+00  0.000   7.86
 A415       3.4996 0.16257   5.187 0.0000E+00  0.000   5.19
 A56        3.5050 0.18428   5.390 0.0000E+00  0.000   5.39
 A789       3.5133 0.12459   3.071 0.0000E+00  0.000   3.07
 A88        3.5165 0.07316   1.894 0.0000E+00  0.000   1.89
 A945       3.5274 0.05495   5.575 0.0000E+00  0.000   5.58
 A946       3.5363 0.23932   7.805 0.0000E+00  0.000   7.81
 A829       3.5371 0.15938   4.097 0.0000E+00  0.000   4.10
 A906       3.5432 0.18267   4.295 0.0000E+00  0.000   4.29
 A245       3.5452 0.07893   5.867 0.0000E+00  0.000   5.87
 A274       3.5491 0.05792   1.294 0.0000E+00  0.000   1.29
 A433       3.5494 0.10011   0.606 0.0000E+00  0.000   0.61
 A531       3.5514 0.10471   0.656 0.0000E+00  0.000   0.66
 A882       3.5543 0.16403   5.494 0.0000E+00  0.000   5.49
 A453       3.5587 0.08610   4.908 0.0000E+00  0.000   4.91
 A987       3.5678 0.14799   9.448 0.0000E+00  0.000   9.45
 A633       3.5691 0.37922   2.845 0.0000E+00  0.000   2.85
 A108       3.5707 0.12936   7.233 0.0000E+00  0.000   7.23
 A999       3.5741 0.07602   2.662 0.0000E+00  0.000   2.66
 A105       3.5861 0.08627   3.951 0.0000E+00  0.000   3.95
 A920       3.5862 0.07741   1.629 0.0000E+00  0.000   1.63
 A561       3.5903 0.14441   8.041 0.0000E+00  0.000   8.04
 A318       3.5949 0.18485   5.080 0.0000E+00  0.000   5.08
 A220       3.6015 0.17906   2.251 0.0000E+00  0.000   2.25
 A500       3.6127 0.05317   7.804 0.0000E+00  0.000   7.80
 A874       3.6220 0.03289   2.981 0.0000E+00  0.000   2.98
 A955       3.6300 0.10279   3.474 0.0000E+00  0.000   3.47
 A402       3.6303 0.14811   2.718 0.0000E+00  0.000   2.72
 A580       3.6321 0.12870   1.670 0.0000E+00  0.000   1.67
 A894       3.6326 0.06397   8.820 0.0000E+00  0.000   8.82
 A219       3.6332 0.13518   6.439 0.0000E+00  0.000   6.44
 A932       3.6348 0.15033   3.337 0.0000E+00  0.000   3.34
 A52        3.6398 0.13954   4.040 0.0000E+00  0.000   4.04
 A435       3.6414 0.17249   4.827 0.0000E+00  0.000   4.83
 A417       3.6445 0.13245   9.264 0.0000E+00  0.000   9.26
 A46        3.6481 0.07041   8.812 0.0000E+00  0.000   8.81
 A291       3.6523 0.15298   7.919 0.0000E+00  0.000   7.92
 A124       3.6529 0.06124   1.900 0.0000E+00  0.000   1.90
 A434       3.6552 0.15147   3.721 0.0000E+00  0.000   3.72
 A927       3.6598 0.09637   1.052 0.0000E+00  0.000   1.05
 A148       3.6878 0.35016   0.694 0.0000E+00  0.000   0.69
 A579       3.7447 0.22038   0.354 0.0000E+00  0.000   0.35
 A383       3.7549 0.07802   0.414 0.0000E+00  0.000   0.41
 A446       3.7563 0.04236   8.790 0.0000E+00  0.000   8.79
 A587       3.7590 0.16032   6.171 0.0000E+00  0.000   6.17
 A242       3.7626 0.10378   9.505 0.0000E+00  0.000   9.51
 A622       3.7634 0.09990   1.760 0.0000E+00  0.000   1.76
 A275       3.7652 0.03013   6.070 0.0000E+00  0.000   6.07
 A183       3.8059 0.13960   3.961 0.0000E+00  0.000   3.96
 A180       3.8274 0.23219   1.807 0.0000E+00  0.000   1.81
 A647       3.8299 0.19690   5.211 0.0000E+00  0.000   5.21
 A904       3.8407 0.21925   0.289 0.0000E+00  0.000   0.29
 A863       3.8465 0.13649   0.055 0.0000E+00  0.000   0.05
 A200       3.8647 0.17596   1.636 0.0000E+00  0.000   1.64
 A723       3.8681 0.16208   1.326 0.0000E+00  0.000   1.33
 A913       3.9212 0.19196   1.135 0.0000E+00  0.000   1.14
 A761       3.9359 0.29058   1.627 0.0000E+00  0.000   1.63
 A783       3.9382 0.19578   8.517 0.0000E+00  0.000   8.52
 A570       3.9412 0.21650   7.490 0.0000E+00  0.000   7.49
 A479       3.9688 0.14504   1.996 0.0000E+00  0.000   2.00
 A543       3.9739 0.32104  12.608 0.0000E+00  0.000  12.61
 A212       3.9781 0.25537   7.617 0.0000E+00  0.000   7.62
 A614       3.9786 0.12598   2.850 0.0000E+00  0.000   2.85
 A392       3.9792 0.22702   5.795 0.0000E+00  0.000   5.79
 A198       3.9817 0.28605   1.723 0.0000E+00  0.000   1.72
 A30        3.9936 0.17905   3.057 0.0000E+00  0.000   3.06
 A719       4.0007 0.16045   4.258 0.0000E+00  0.000   4.26
 A810       4.0032 0.21582   6.175 0.0000E+00  0.000   6.18
 A5         4.0082 0.30230   8.152 0.0000E+00  0.000   8.15
 A125       4.0347 0.27352   4.395 0.0000E+00  0.000   4.40
 JUPITER    5.2034 0.09997   0.000 9.5479E-04  0.000   0.00
 A445       7.0225 0.57286  35.961 0.0000E+00  0.000  35.96
