 EARTHMOO   1.0000 0.04827   0.000 9.1213E-06  0.000   0.00
 A430       1.4999 0.03901   1.714 0.0000E+00  0.000   1.71
 A900       1.5008 0.12808   3.139 0.0000E+00  0.000   3.14
 A591       1.5052 0.01830   7.247 0.0000E+00  0.000   7.25
 A534       1.5117 0.05290   8.435 0.0000E+00  0.000   8.44
 A288       1.5168 0.01646   1.873 0.0000E+00  0.000   1.87
 A926       1.5202 0.06665   4.942 0.0000E+00  0.000   4.94
 A79        1.5215 0.04172   9.498 0.0000E+00  0.000   9.50
 A83        1.5228 0.09912   5.478 0.0000E+00  0.000   5.48
 A487       1.5246 0.07453   2.622 0.0000E+00  0.000   2.62
 A729       1.5277 0.10011   5.933 0.0000E+00  0.000   5.93
 A51        1.5322 0.06152   6.488 0.0000E+00  0.000   6.49
 A277       1.5342 0.08201   7.564 0.0000E+00  0.000   7.56
 A41        1.5455 0.11451   1.519 0.0000E+00  0.000   1.52
 A950       1.5456 0.00634   1.662 0.0000E+00  0.000   1.66
 A771       1.5460 0.14523   5.393 0.0000E+00  0.000   5.39
 A816       1.5482 0.03881   1.946 0.0000E+00  0.000   1.95
 A44        1.5503 0.02906   7.209 0.0000E+00  0.000   7.21
 A421       1.5528 0.05556   1.440 0.0000E+00  0.000   1.44
 A498       1.5536 0.03377   1.574 0.0000E+00  0.000   1.57
 A687       1.5541 0.06876   7.591 0.0000E+00  0.000   7.59
 A532       1.5574 0.03557   9.736 0.0000E+00  0.000   9.74
 A395       1.5587 0.10160   2.593 0.0000E+00  0.000   2.59
 A178       1.5622 0.03743   1.743 0.0000E+00  0.000   1.74
 A536       1.5627 0.08804   0.800 0.0000E+00  0.000   0.80
 A973       1.5676 0.05783   9.542 0.0000E+00  0.000   9.54
 A862       1.5719 0.04284   2.670 0.0000E+00  0.000   2.67
 A901       1.5745 0.01483   5.381 0.0000E+00  0.000   5.38
 A485       1.5754 0.09220   4.227 0.0000E+00  0.000   4.23
 A406       1.5768 0.00110   4.920 0.0000E+00  0.000   4.92
 A978       1.5775 0.04087   7.066 0.0000E+00  0.000   7.07
 A857       1.5788 0.10199   0.047 0.0000E+00  0.000   0.05
 A290       1.5805 0.06192   9.548 0.0000E+00  0.000   9.55
 A85        1.5851 0.07230   5.346 0.0000E+00  0.000   5.35
 A504       1.5886 0.29595   7.560 0.0000E+00  0.000   7.56
 A516       1.5894 0.11174   8.882 0.0000E+00  0.000   8.88
 A673       1.5912 0.03130   7.564 0.0000E+00  0.000   7.56
 A541       1.5913 0.08613   6.534 0.0000E+00  0.000   6.53
 A510       1.5932 0.07184   7.487 0.0000E+00  0.000   7.49
 A225       1.5949 0.07200   6.945 0.0000E+00  0.000   6.95
 A625       1.6003 0.08138   0.317 0.0000E+00  0.000   0.32
 A634       1.6029 0.04196   8.721 0.0000E+00  0.000   8.72
 A142       1.6053 0.03258   6.545 0.0000E+00  0.000   6.55
 A47        1.6055 0.10251   5.614 0.0000E+00  0.000   5.61
 A903       1.6106 0.03074   3.618 0.0000E+00  0.000   3.62
 A116       1.6124 0.05851   4.404 0.0000E+00  0.000   4.40
 A792       1.6196 0.06961   8.983 0.0000E+00  0.000   8.98
 A497       1.6217 0.09228   8.116 0.0000E+00  0.000   8.12
 A746       1.6285 0.07575   4.217 0.0000E+00  0.000   4.22
 A405       1.6294 0.04614   8.263 0.0000E+00  0.000   8.26
 A34        1.6346 0.04645   8.241 0.0000E+00  0.000   8.24
 A427       1.6365 0.11162   5.300 0.0000E+00  0.000   5.30
 A341       1.6367 0.10703   9.677 0.0000E+00  0.000   9.68
 A95        1.6378 0.09323   5.401 0.0000E+00  0.000   5.40
 A841       1.6398 0.09565   7.746 0.0000E+00  0.000   7.75
 A602       1.6419 0.09160   5.281 0.0000E+00  0.000   5.28
 A380       1.6438 0.10385   2.307 0.0000E+00  0.000   2.31
 A517       1.6444 0.07685   7.794 0.0000E+00  0.000   7.79
 A14        1.6449 0.02065   0.435 0.0000E+00  0.000   0.44
 A297       1.6478 0.04524   5.080 0.0000E+00  0.000   5.08
 A751       1.6508 0.07244   9.216 0.0000E+00  0.000   9.22
 A556       1.6512 0.07741   5.108 0.0000E+00  0.000   5.11
 A447       1.6513 0.05483   9.530 0.0000E+00  0.000   9.53
 A62        1.6526 0.03294   7.297 0.0000E+00  0.000   7.30
 A315       1.6528 0.07779   6.553 0.0000E+00  0.000   6.55
 A880       1.6554 0.05308   7.537 0.0000E+00  0.000   7.54
 A362       1.6575 0.08458   7.002 0.0000E+00  0.000   7.00
 A878       1.6580 0.00878   8.631 0.0000E+00  0.000   8.63
 A639       1.6583 0.09445   3.989 0.0000E+00  0.000   3.99
 A84        1.6598 0.08059   2.448 0.0000E+00  0.000   2.45
 A351       1.6601 0.04882   5.679 0.0000E+00  0.000   5.68
 A703       1.6604 0.04710   2.071 0.0000E+00  0.000   2.07
 A615       1.6622 0.01687   3.736 0.0000E+00  0.000   3.74
 A145       1.6705 0.05043   5.972 0.0000E+00  0.000   5.97
 A852       1.6736 0.02598   4.022 0.0000E+00  0.000   4.02
 A343       1.6799 0.04147   9.938 0.0000E+00  0.000   9.94
 A488       1.6821 0.12500   6.924 0.0000E+00  0.000   6.92
 A399       1.6836 0.12796   1.416 0.0000E+00  0.000   1.42
 A216       1.6849 0.12431   3.924 0.0000E+00  0.000   3.92
 A189       1.6888 0.02530   9.719 0.0000E+00  0.000   9.72
 A618       1.6917 0.00973   4.289 0.0000E+00  0.000   4.29
 A306       1.6942 0.06531   3.393 0.0000E+00  0.000   3.39
 A721       1.6964 0.02491   9.961 0.0000E+00  0.000   9.96
 A636       1.6979 0.05281   5.313 0.0000E+00  0.000   5.31
 A731       1.7063 0.11208   5.121 0.0000E+00  0.000   5.12
 A448       1.7123 0.08258   1.574 0.0000E+00  0.000   1.57
 A358       1.7123 0.08489   4.189 0.0000E+00  0.000   4.19
 A554       1.7184 0.07384   9.250 0.0000E+00  0.000   9.25
 A17        1.7215 0.03573   9.788 0.0000E+00  0.000   9.79
 A283       1.7247 0.01056   8.793 0.0000E+00  0.000   8.79
 A18        1.7249 0.05827   1.525 0.0000E+00  0.000   1.53
 A980       1.7267 0.05486   2.280 0.0000E+00  0.000   2.28
 A515       1.7270 0.07402   4.444 0.0000E+00  0.000   4.44
 A944       1.7310 0.02150   0.668 0.0000E+00  0.000   0.67
 A866       1.7365 0.05150   6.088 0.0000E+00  0.000   6.09
 A603       1.7415 0.02441   8.539 0.0000E+00  0.000   8.54
 A581       1.7439 0.14283   5.386 0.0000E+00  0.000   5.39
 A671       1.7446 0.07349   0.273 0.0000E+00  0.000   0.27
 A119       1.7451 0.08161   6.499 0.0000E+00  0.000   6.50
 A961       1.7473 0.08202   1.671 0.0000E+00  0.000   1.67
 A575       1.7479 0.08274   2.523 0.0000E+00  0.000   2.52
 A969       1.7495 0.05144   1.241 0.0000E+00  0.000   1.24
 A738       1.7514 0.06877   4.659 0.0000E+00  0.000   4.66
 A668       1.7537 0.07651   9.450 0.0000E+00  0.000   9.45
 A289       1.7609 0.15981   7.695 0.0000E+00  0.000   7.70
 A559       1.7620 0.05870   3.023 0.0000E+00  0.000   3.02
 A732       1.7637 0.09151   6.009 0.0000E+00  0.000   6.01
 A798       1.7642 0.02043   3.736 0.0000E+00  0.000   3.74
 A519       1.7666 0.06101   6.377 0.0000E+00  0.000   6.38
 A755       1.7670 0.07257   3.752 0.0000E+00  0.000   3.75
 A38        1.7677 0.07459   1.650 0.0000E+00  0.000   1.65
 A63        1.7689 0.03022   8.440 0.0000E+00  0.000   8.44
 A835       1.7694 0.04987   4.839 0.0000E+00  0.000   4.84
 A740       1.7694 0.16459   1.169 0.0000E+00  0.000   1.17
 A560       1.7725 0.03748   5.544 0.0000E+00  0.000   5.54
 A140       1.7772 0.15506   4.183 0.0000E+00  0.000   4.18
 A150       1.7833 0.13061   4.148 0.0000E+00  0.000   4.15
 A188       1.7859 0.07019   3.160 0.0000E+00  0.000   3.16
 A381       1.7933 0.14221   4.633 0.0000E+00  0.000   4.63
 A412       1.7985 0.14854   2.609 0.0000E+00  0.000   2.61
 A396       1.8001 0.04688   4.569 0.0000E+00  0.000   4.57
 A24        1.8017 0.06760   5.157 0.0000E+00  0.000   5.16
 A505       1.8021 0.01430   1.887 0.0000E+00  0.000   1.89
 A962       1.8037 0.04250   0.881 0.0000E+00  0.000   0.88
 A130       1.8038 0.08504   4.287 0.0000E+00  0.000   4.29
 A511       1.8040 0.08159   1.975 0.0000E+00  0.000   1.98
 A470       1.8049 0.07999   6.740 0.0000E+00  0.000   6.74
 A348       1.8049 0.06937   7.725 0.0000E+00  0.000   7.72
 A627       1.8054 0.09021   8.495 0.0000E+00  0.000   8.50
 A482       1.8148 0.06716   7.804 0.0000E+00  0.000   7.80
 A121       1.8170 0.10409   4.553 0.0000E+00  0.000   4.55
 A585       1.8181 0.04341   2.063 0.0000E+00  0.000   2.06
 A201       1.8182 0.03946   9.900 0.0000E+00  0.000   9.90
 A122       1.8197 0.14492   8.203 0.0000E+00  0.000   8.20
 A724       1.8203 0.02321   0.960 0.0000E+00  0.000   0.96
 A899       1.8203 0.05172   0.831 0.0000E+00  0.000   0.83
 A136       1.8212 0.11423   3.881 0.0000E+00  0.000   3.88
 A58        1.8216 0.12553   6.072 0.0000E+00  0.000   6.07
 A299       1.8222 0.08974   1.317 0.0000E+00  0.000   1.32
 A7         1.8232 0.04520   5.108 0.0000E+00  0.000   5.11
 A301       1.8257 0.01199   2.350 0.0000E+00  0.000   2.35
 A512       1.8262 0.04174   9.933 0.0000E+00  0.000   9.93
 A99        1.8275 0.10481   6.668 0.0000E+00  0.000   6.67
 A74        1.8283 0.14084   5.029 0.0000E+00  0.000   5.03
 A807       1.8302 0.00866   1.776 0.0000E+00  0.000   1.78
 A702       1.8311 0.10048   5.109 0.0000E+00  0.000   5.11
 A207       1.8311 0.08190   9.106 0.0000E+00  0.000   9.11
 A205       1.8353 0.04259   7.270 0.0000E+00  0.000   7.27
 A725       1.8364 0.02581   8.494 0.0000E+00  0.000   8.49
 A324       1.8369 0.12083   9.200 0.0000E+00  0.000   9.20
 A827       1.8370 0.04253   7.641 0.0000E+00  0.000   7.64
 A161       1.8381 0.02991   8.018 0.0000E+00  0.000   8.02
 A780       1.8409 0.06418   9.015 0.0000E+00  0.000   9.01
 A29        1.8411 0.03384   4.655 0.0000E+00  0.000   4.65
 A281       1.8437 0.10084   1.706 0.0000E+00  0.000   1.71
 A268       1.8442 0.06681   5.262 0.0000E+00  0.000   5.26
 A567       1.8528 0.07794   5.763 0.0000E+00  0.000   5.76
 A765       1.8547 0.00649   4.722 0.0000E+00  0.000   4.72
 A728       1.8558 0.16167   2.075 0.0000E+00  0.000   2.07
 A855       1.8565 0.09565   3.387 0.0000E+00  0.000   3.39
 A768       1.8589 0.09367   2.822 0.0000E+00  0.000   2.82
 A477       1.8603 0.01165   4.627 0.0000E+00  0.000   4.63
 A132       1.8611 0.03452   7.382 0.0000E+00  0.000   7.38
 A181       1.8619 0.06411   1.832 0.0000E+00  0.000   1.83
 A407       1.8636 0.03797   6.176 0.0000E+00  0.000   6.18
 A270       1.8638 0.07083   6.599 0.0000E+00  0.000   6.60
 A344       1.8681 0.08539   8.861 0.0000E+00  0.000   8.86
 A50        1.8696 0.07684   3.880 0.0000E+00  0.000   3.88
 A864       1.8722 0.03563   9.207 0.0000E+00  0.000   9.21
 A126       1.8727 0.05450   7.588 0.0000E+00  0.000   7.59
 A346       1.8778 0.06791   8.871 0.0000E+00  0.000   8.87
 A263       1.8781 0.07968   4.891 0.0000E+00  0.000   4.89
 A628       1.8791 0.09739   0.056 0.0000E+00  0.000   0.06
 A992       1.8801 0.07165   2.628 0.0000E+00  0.000   2.63
 A246       1.8804 0.18057   4.161 0.0000E+00  0.000   4.16
 A33        1.8815 0.05531   3.380 0.0000E+00  0.000   3.38
 A846       1.8843 0.02680   0.480 0.0000E+00  0.000   0.48
 A935       1.8844 0.02354   6.440 0.0000E+00  0.000   6.44
 A665       1.8927 0.04781   6.929 0.0000E+00  0.000   6.93
 A413       1.8961 0.08616   7.486 0.0000E+00  0.000   7.49
 A583       1.8963 0.04737   8.129 0.0000E+00  0.000   8.13
 A255       1.8976 0.08339   2.823 0.0000E+00  0.000   2.82
 A428       1.8979 0.04599   1.453 0.0000E+00  0.000   1.45
 A889       1.9048 0.05956   1.491 0.0000E+00  0.000   1.49
 A611       1.9084 0.14258   7.482 0.0000E+00  0.000   7.48
 A86        1.9086 0.08693   2.081 0.0000E+00  0.000   2.08
 A495       1.9092 0.05211   7.143 0.0000E+00  0.000   7.14
 A994       1.9260 0.04767   5.781 0.0000E+00  0.000   5.78
 A769       1.9263 0.07117   0.271 0.0000E+00  0.000   0.27
 A843       1.9264 0.12003   1.577 0.0000E+00  0.000   1.58
 A995       1.9282 0.05437   8.462 0.0000E+00  0.000   8.46
 A98        1.9297 0.03655   1.155 0.0000E+00  0.000   1.15
 A187       1.9315 0.08424   9.288 0.0000E+00  0.000   9.29
 A144       1.9317 0.05288   0.375 0.0000E+00  0.000   0.37
 A801       1.9329 0.06450   1.220 0.0000E+00  0.000   1.22
 A311       1.9367 0.10771   8.569 0.0000E+00  0.000   8.57
 A223       1.9372 0.11137   3.536 0.0000E+00  0.000   3.54
 A371       1.9379 0.06489   7.858 0.0000E+00  0.000   7.86
 A617       1.9458 0.08715   2.323 0.0000E+00  0.000   2.32
 A356       1.9466 0.04542   2.681 0.0000E+00  0.000   2.68
 A438       1.9482 0.12106   2.014 0.0000E+00  0.000   2.01
 A675       1.9487 0.04808   7.540 0.0000E+00  0.000   7.54
 A526       1.9518 0.11404   8.922 0.0000E+00  0.000   8.92
 A632       1.9547 0.05086   1.235 0.0000E+00  0.000   1.24
 A942       1.9569 0.08016   8.615 0.0000E+00  0.000   8.62
 A547       1.9638 0.09471   8.113 0.0000E+00  0.000   8.11
 A202       1.9650 0.05381   3.923 0.0000E+00  0.000   3.92
 A82        1.9656 0.14126   2.036 0.0000E+00  0.000   2.04
 A939       1.9684 0.07833   9.754 0.0000E+00  0.000   9.75
 A868       1.9690 0.03179   4.376 0.0000E+00  0.000   4.38
 A111       1.9710 0.07309   2.261 0.0000E+00  0.000   2.26
 A742       1.9728 0.04426   5.045 0.0000E+00  0.000   5.05
 A457       1.9773 0.02886   4.858 0.0000E+00  0.000   4.86
 A254       1.9782 0.05492   3.216 0.0000E+00  0.000   3.22
 A777       1.9811 0.12635   3.009 0.0000E+00  0.000   3.01
 A342       1.9813 0.07276   7.854 0.0000E+00  0.000   7.85
 A565       1.9826 0.01500   6.515 0.0000E+00  0.000   6.52
 A704       1.9928 0.15438   1.366 0.0000E+00  0.000   1.37
 A481       2.0002 0.05564   6.982 0.0000E+00  0.000   6.98
 A933       2.0003 0.08106   2.249 0.0000E+00  0.000   2.25
 A332       2.0016 0.08416   7.770 0.0000E+00  0.000   7.77
 A493       2.0034 0.07040   0.731 0.0000E+00  0.000   0.73
 A506       2.0051 0.06117   0.191 0.0000E+00  0.000   0.19
 A773       2.0069 0.04381   7.200 0.0000E+00  0.000   7.20
 A960       2.0081 0.01546   0.887 0.0000E+00  0.000   0.89
 A211       2.0090 0.55061   5.895 0.0000E+00  0.000   5.89
 A514       2.0111 0.07358   2.004 0.0000E+00  0.000   2.00
 A503       2.0113 0.09301   3.641 0.0000E+00  0.000   3.64
 A658       2.0186 0.13878   5.509 0.0000E+00  0.000   5.51
 A786       2.0251 0.09456   4.951 0.0000E+00  0.000   4.95
 A608       2.0253 0.15024   6.221 0.0000E+00  0.000   6.22
 A241       2.0267 0.08749   2.039 0.0000E+00  0.000   2.04
 A221       2.0272 0.02779   3.765 0.0000E+00  0.000   3.76
 A714       2.0273 0.09102   4.355 0.0000E+00  0.000   4.36
 A840       2.0276 0.00699   3.390 0.0000E+00  0.000   3.39
 A836       2.0308 0.06415   3.120 0.0000E+00  0.000   3.12
 A745       2.0312 0.11768   9.992 0.0000E+00  0.000   9.99
 A576       2.0328 0.02143   7.267 0.0000E+00  0.000   7.27
 A267       2.0381 0.10919   6.890 0.0000E+00  0.000   6.89
 A595       2.0395 0.12859   6.540 0.0000E+00  0.000   6.54
 A631       2.0431 0.08407   0.185 0.0000E+00  0.000   0.19
 A655       2.0437 0.08905   3.379 0.0000E+00  0.000   3.38
 A43        2.0507 0.17498   6.445 0.0000E+00  0.000   6.45
 A814       2.0509 0.08352   1.331 0.0000E+00  0.000   1.33
 A107       2.0510 0.08017   3.467 0.0000E+00  0.000   3.47
 A69        2.0558 0.08460   7.211 0.0000E+00  0.000   7.21
 A328       2.0573 0.15359   9.595 0.0000E+00  0.000   9.59
 A803       2.0583 0.04653   4.563 0.0000E+00  0.000   4.56
 A486       2.0663 0.05192   8.882 0.0000E+00  0.000   8.88
 A670       2.0684 0.12449   6.742 0.0000E+00  0.000   6.74
 A314       2.0736 0.16310   6.734 0.0000E+00  0.000   6.73
 A820       2.0805 0.09368   0.659 0.0000E+00  0.000   0.66
 A90        2.0876 0.12551   8.226 0.0000E+00  0.000   8.23
 A802       2.0887 0.08700   1.313 0.0000E+00  0.000   1.31
 A685       2.0887 0.00558   2.339 0.0000E+00  0.000   2.34
 A378       2.0891 0.04352   6.550 0.0000E+00  0.000   6.55
 A377       2.0896 0.05385   1.005 0.0000E+00  0.000   1.01
 A871       2.0899 0.06507   5.986 0.0000E+00  0.000   5.99
 A138       2.0900 0.11204   7.717 0.0000E+00  0.000   7.72
 A169       2.0955 0.05400   7.269 0.0000E+00  0.000   7.27
 A736       2.0980 0.04275   0.978 0.0000E+00  0.000   0.98
 A965       2.0994 0.06328   6.408 0.0000E+00  0.000   6.41
 A749       2.1035 0.10829   3.781 0.0000E+00  0.000   3.78
 A96        2.1045 0.09986   8.845 0.0000E+00  0.000   8.85
 A440       2.1074 0.08086   6.827 0.0000E+00  0.000   6.83
 A186       2.1125 0.13517   8.425 0.0000E+00  0.000   8.42
 A25        2.1139 0.07913   6.260 0.0000E+00  0.000   6.26
 A613       2.1201 0.08037   6.075 0.0000E+00  0.000   6.08
 A117       2.1206 0.12434   0.086 0.0000E+00  0.000   0.09
 A317       2.1212 0.07216   5.422 0.0000E+00  0.000   5.42
 A400       2.1225 0.08969   8.997 0.0000E+00  0.000   9.00
 A979       2.1245 0.14607   2.215 0.0000E+00  0.000   2.22
 A273       2.1272 0.07203   0.454 0.0000E+00  0.000   0.45
 A837       2.1275 0.06958   7.209 0.0000E+00  0.000   7.21
 A217       2.1283 0.09699   7.305 0.0000E+00  0.000   7.30
 A686       2.1290 0.06515   6.645 0.0000E+00  0.000   6.64
 A509       2.1321 0.14996   7.613 0.0000E+00  0.000   7.61
 A782       2.1342 0.13884   1.851 0.0000E+00  0.000   1.85
 A824       2.1345 0.07934   9.870 0.0000E+00  0.000   9.87
 A667       2.1358 0.04093   5.607 0.0000E+00  0.000   5.61
 A549       2.1359 0.15142   3.222 0.0000E+00  0.000   3.22
 A610       2.1369 0.07558   0.165 0.0000E+00  0.000   0.17
 A373       2.1393 0.06466   7.328 0.0000E+00  0.000   7.33
 A774       2.1403 0.12004   3.602 0.0000E+00  0.000   3.60
 A553       2.1433 0.09156   1.878 0.0000E+00  0.000   1.88
 A251       2.1450 0.00739   1.228 0.0000E+00  0.000   1.23
 A12        2.1455 0.01815   6.340 0.0000E+00  0.000   6.34
 A292       2.1455 0.04467   9.739 0.0000E+00  0.000   9.74
 A538       2.1518 0.10821   1.311 0.0000E+00  0.000   1.31
 A584       2.1542 0.12412   5.409 0.0000E+00  0.000   5.41
 A325       2.1558 0.11742   0.797 0.0000E+00  0.000   0.80
 A199       2.1596 0.03119   9.674 0.0000E+00  0.000   9.67
 A921       2.1637 0.17306   0.537 0.0000E+00  0.000   0.54
 A429       2.1653 0.16065   0.108 0.0000E+00  0.000   0.11
 A758       2.1686 0.15074   0.341 0.0000E+00  0.000   0.34
 A475       2.1707 0.03683   3.778 0.0000E+00  0.000   3.78
 A55        2.1712 0.11726   7.125 0.0000E+00  0.000   7.12
 A227       2.1726 0.11252   2.137 0.0000E+00  0.000   2.14
 A966       2.1734 0.07742   3.821 0.0000E+00  0.000   3.82
 A656       2.1735 0.13261   3.512 0.0000E+00  0.000   3.51
 A650       2.1757 0.07636   0.384 0.0000E+00  0.000   0.38
 A149       2.1791 0.15495   7.244 0.0000E+00  0.000   7.24
 A191       2.1871 0.08349   3.032 0.0000E+00  0.000   3.03
 A214       2.1901 0.13562   3.729 0.0000E+00  0.000   3.73
 A750       2.1934 0.07857   5.562 0.0000E+00  0.000   5.56
 A474       2.1936 0.16951   4.271 0.0000E+00  0.000   4.27
 A947       2.1963 0.06891   0.898 0.0000E+00  0.000   0.90
 A513       2.1975 0.05466   1.950 0.0000E+00  0.000   1.95
 A654       2.1976 0.03312   3.488 0.0000E+00  0.000   3.49
 A308       2.1976 0.13401   0.555 0.0000E+00  0.000   0.55
 A94        2.2006 0.13112   0.799 0.0000E+00  0.000   0.80
 A379       2.2036 0.16140   2.901 0.0000E+00  0.000   2.90
 A557       2.2055 0.08257   6.151 0.0000E+00  0.000   6.15
 A293       2.2100 0.10037   1.271 0.0000E+00  0.000   1.27
 A45        2.2132 0.12122   2.854 0.0000E+00  0.000   2.85
 A940       2.2178 0.07853   8.104 0.0000E+00  0.000   8.10
 A28        2.2191 0.03255   1.349 0.0000E+00  0.000   1.35
 A908       2.2223 0.06989   6.672 0.0000E+00  0.000   6.67
 A185       2.2244 0.09583   3.403 0.0000E+00  0.000   3.40
 A854       2.2275 0.08054   0.050 0.0000E+00  0.000   0.05
 A72        2.2276 0.03250   2.110 0.0000E+00  0.000   2.11
 A734       2.2301 0.04242   2.582 0.0000E+00  0.000   2.58
 A476       2.2342 0.02031   8.640 0.0000E+00  0.000   8.64
 A990       2.2527 0.06546   5.380 0.0000E+00  0.000   5.38
 A171       2.2548 0.05464   2.342 0.0000E+00  0.000   2.34
 A307       2.2588 0.05006   1.507 0.0000E+00  0.000   1.51
 A384       2.2627 0.05792   9.050 0.0000E+00  0.000   9.05
 A681       2.2648 0.14436   6.934 0.0000E+00  0.000   6.93
 A278       2.2650 0.05853   9.034 0.0000E+00  0.000   9.03
 A22        2.2652 0.09036   6.622 0.0000E+00  0.000   6.62
 A229       2.2656 0.13874   4.392 0.0000E+00  0.000   4.39
 A224       2.2662 0.01584   4.964 0.0000E+00  0.000   4.96
 A710       2.2668 0.03809   1.226 0.0000E+00  0.000   1.23
 A61        2.2723 0.06631   1.760 0.0000E+00  0.000   1.76
 A97        2.2727 0.07700   9.866 0.0000E+00  0.000   9.87
 A818       2.2955 0.02442   7.678 0.0000E+00  0.000   7.68
 A784       2.2959 0.04663   4.609 0.0000E+00  0.000   4.61
 A310       2.2960 0.09045   6.459 0.0000E+00  0.000   6.46
 A147       2.2967 0.07120   1.467 0.0000E+00  0.000   1.47
 A672       2.3005 0.08876   3.769 0.0000E+00  0.000   3.77
 A744       2.3027 0.05227   7.487 0.0000E+00  0.000   7.49
 A890       2.3032 0.05310   0.325 0.0000E+00  0.000   0.33
 A770       2.3061 0.06687   3.529 0.0000E+00  0.000   3.53
 A796       2.3125 0.11859   1.929 0.0000E+00  0.000   1.93
 A455       2.3126 0.08497   7.658 0.0000E+00  0.000   7.66
 A158       2.3158 0.16778   0.369 0.0000E+00  0.000   0.37
 A991       2.3171 0.04348   8.253 0.0000E+00  0.000   8.25
 A349       2.3187 0.57962   3.280 0.0000E+00  0.000   3.28
 A35        2.3193 0.13123   7.413 0.0000E+00  0.000   7.41
 A849       2.3204 0.12059   1.332 0.0000E+00  0.000   1.33
 A726       2.3211 0.02959   8.927 0.0000E+00  0.000   8.93
 A272       2.3254 0.09005   7.757 0.0000E+00  0.000   7.76
 A867       2.3258 0.10046   9.663 0.0000E+00  0.000   9.66
 A313       2.3319 0.11437   7.925 0.0000E+00  0.000   7.92
 A473       2.3396 0.01794   4.607 0.0000E+00  0.000   4.61
 A918       2.3401 0.08520   5.779 0.0000E+00  0.000   5.78
 A465       2.3409 0.07095   5.829 0.0000E+00  0.000   5.83
 A323       2.3460 0.08724   2.715 0.0000E+00  0.000   2.72
 A1000      2.3488 0.11876   0.557 0.0000E+00  0.000   0.56
 A436       2.3571 0.09182   7.939 0.0000E+00  0.000   7.94
 A165       2.3602 0.17553   3.721 0.0000E+00  0.000   3.72
 A174       2.3661 0.03474   4.265 0.0000E+00  0.000   4.27
 A902       2.3687 0.03850   8.962 0.0000E+00  0.000   8.96
 A790       2.3700 0.04747   2.126 0.0000E+00  0.000   2.13
 A127       2.3723 0.02009   4.979 0.0000E+00  0.000   4.98
 A375       2.3741 0.07481   2.425 0.0000E+00  0.000   2.43
 A257       2.3772 0.10939   4.225 0.0000E+00  0.000   4.22
 A605       2.3813 0.08030   0.431 0.0000E+00  0.000   0.43
 A748       2.3833 0.07520   4.503 0.0000E+00  0.000   4.50
 A641       2.3848 0.14538   1.901 0.0000E+00  0.000   1.90
 A530       2.3865 0.08548   6.969 0.0000E+00  0.000   6.97
 A858       2.3875 0.03283   9.592 0.0000E+00  0.000   9.59
 A20        2.3895 0.15111   4.082 0.0000E+00  0.000   4.08
 A696       2.3900 0.03362   4.785 0.0000E+00  0.000   4.79
 A321       2.3905 0.10044   6.201 0.0000E+00  0.000   6.20
 A48        2.3949 0.08163   3.060 0.0000E+00  0.000   3.06
 A93        2.4015 0.02658   1.312 0.0000E+00  0.000   1.31
 A156       2.4059 0.13332   4.431 0.0000E+00  0.000   4.43
 A101       2.4062 0.04954   9.307 0.0000E+00  0.000   9.31
 A967       2.4080 0.09777   6.186 0.0000E+00  0.000   6.19
 A695       2.4095 0.09955   4.155 0.0000E+00  0.000   4.15
 A444       2.4111 0.02666   5.723 0.0000E+00  0.000   5.72
 A895       2.4125 0.12963   9.852 0.0000E+00  0.000   9.85
 A345       2.4160 0.03681   4.001 0.0000E+00  0.000   4.00
 A159       2.4187 0.09683   1.084 0.0000E+00  0.000   1.08
 A876       2.4224 0.07447   4.200 0.0000E+00  0.000   4.20
 A821       2.4239 0.10444   3.055 0.0000E+00  0.000   3.05
 A998       2.4353 0.05941   5.259 0.0000E+00  0.000   5.26
 A776       2.4418 0.10520   1.493 0.0000E+00  0.000   1.49
 A831       2.4439 0.12588   9.198 0.0000E+00  0.000   9.20
 A953       2.4479 0.01304   5.561 0.0000E+00  0.000   5.56
 A943       2.4499 0.02726   7.666 0.0000E+00  0.000   7.67
 A172       2.4650 0.06642   7.955 0.0000E+00  0.000   7.96
 A442       2.4757 0.03279   2.609 0.0000E+00  0.000   2.61
 A112       2.4782 0.04909   6.351 0.0000E+00  0.000   6.35
 A701       2.4786 0.06651  10.021 0.0000E+00  0.000  10.02
 A388       2.4815 0.08476   2.562 0.0000E+00  0.000   2.56
 A337       2.4924 0.09215   2.154 0.0000E+00  0.000   2.15
 A13        2.4927 0.07921   7.497 0.0000E+00  0.000   7.50
 A309       2.4953 0.06214   6.481 0.0000E+00  0.000   6.48
 A791       2.4961 0.03465   6.628 0.0000E+00  0.000   6.63
 A302       2.5099 0.01026   3.207 0.0000E+00  0.000   3.21
 A859       2.5163 0.11786   1.558 0.0000E+00  0.000   1.56
 A952       2.5168 0.16356   6.696 0.0000E+00  0.000   6.70
 A599       2.5219 0.06454   3.355 0.0000E+00  0.000   3.35
 A367       2.5230 0.04210   4.303 0.0000E+00  0.000   4.30
 A102       2.5230 0.10639   2.795 0.0000E+00  0.000   2.79
 A884       2.5238 0.15459   1.186 0.0000E+00  0.000   1.19
 A975       2.5253 0.05267   4.232 0.0000E+00  0.000   4.23
 A424       2.5277 0.09140   8.494 0.0000E+00  0.000   8.49
 A236       2.5336 0.19788   1.491 0.0000E+00  0.000   1.49
 A651       2.5353 0.07436   0.883 0.0000E+00  0.000   0.88
 A287       2.5406 0.09829   4.759 0.0000E+00  0.000   4.76
 A705       2.5427 0.19162   5.525 0.0000E+00  0.000   5.53
 A374       2.5452 0.05691   8.508 0.0000E+00  0.000   8.51
 A468       2.5455 0.14680   5.031 0.0000E+00  0.000   5.03
 A922       2.5476 0.11492   3.142 0.0000E+00  0.000   3.14
 A352       2.5490 0.10277   6.666 0.0000E+00  0.000   6.67
 A89        2.5577 0.02387   7.177 0.0000E+00  0.000   7.18
 A690       2.5588 0.10590   4.692 0.0000E+00  0.000   4.69
 A861       2.5593 0.10818   3.011 0.0000E+00  0.000   3.01
 A11        2.5635 0.05652   7.912 0.0000E+00  0.000   7.91
 A42        2.5639 0.17219   6.967 0.0000E+00  0.000   6.97
 A596       2.5652 0.10403  10.037 0.0000E+00  0.000  10.04
 A222       2.5656 0.10783   5.998 0.0000E+00  0.000   6.00
 A706       2.5676 0.07567   3.590 0.0000E+00  0.000   3.59
 A806       2.5694 0.18221   7.900 0.0000E+00  0.000   7.90
 A167       2.5751 0.06728   5.677 0.0000E+00  0.000   5.68
 A851       2.5767 0.14065   4.589 0.0000E+00  0.000   4.59
 A331       2.5772 0.03026   2.672 0.0000E+00  0.000   2.67
 A844       2.5775 0.15353   5.942 0.0000E+00  0.000   5.94
 A666       2.5846 0.02612   3.025 0.0000E+00  0.000   3.02
 A239       2.5867 0.17163   6.375 0.0000E+00  0.000   6.37
 A688       2.5884 0.18340   3.404 0.0000E+00  0.000   3.40
 A175       2.5976 0.08707   4.377 0.0000E+00  0.000   4.38
 A31        2.5985 0.16265   8.842 0.0000E+00  0.000   8.84
 A422       2.5994 0.12533   5.154 0.0000E+00  0.000   5.15
 A431       2.6001 0.03003   2.490 0.0000E+00  0.000   2.49
 A276       2.6017 0.16695   0.446 0.0000E+00  0.000   0.45
 A284       2.6058 0.13247   4.868 0.0000E+00  0.000   4.87
 A256       2.6117 0.19490   9.000 0.0000E+00  0.000   9.00
 A609       2.6129 0.13553   8.491 0.0000E+00  0.000   8.49
 A450       2.6149 0.10502   3.229 0.0000E+00  0.000   3.23
 A896       2.6174 0.10105   7.672 0.0000E+00  0.000   7.67
 A141       2.6186 0.01183   1.724 0.0000E+00  0.000   1.72
 A213       2.6186 0.12713   5.394 0.0000E+00  0.000   5.39
 A661       2.6221 0.17361   4.271 0.0000E+00  0.000   4.27
 A135       2.6221 0.13153   9.307 0.0000E+00  0.000   9.31
 A662       2.6244 0.04520   2.795 0.0000E+00  0.000   2.80
 A454       2.6300 0.09503   9.888 0.0000E+00  0.000   9.89
 A891       2.6312 0.09036   6.886 0.0000E+00  0.000   6.89
 A338       2.6337 0.08509   7.333 0.0000E+00  0.000   7.33
 A184       2.6357 0.08442   6.761 0.0000E+00  0.000   6.76
 A372       2.6389 0.18020   2.709 0.0000E+00  0.000   2.71
 A204       2.6427 0.08811   7.915 0.0000E+00  0.000   7.91
 A386       2.6465 0.03003   3.975 0.0000E+00  0.000   3.98
 A925       2.6519 0.13577   1.740 0.0000E+00  0.000   1.74
 A67        2.6570 0.12503   6.267 0.0000E+00  0.000   6.27
 A872       2.6572 0.08364   0.195 0.0000E+00  0.000   0.20
 A853       2.6585 0.15917   0.575 0.0000E+00  0.000   0.58
 A968       2.6591 0.09364   4.978 0.0000E+00  0.000   4.98
 A6         2.6632 0.12588   4.361 0.0000E+00  0.000   4.36
 A718       2.6688 0.06331   5.572 0.0000E+00  0.000   5.57
 A489       2.6689 0.06150   7.066 0.0000E+00  0.000   7.07
 A938       2.6701 0.03620   0.781 0.0000E+00  0.000   0.78
 A887       2.6713 0.02838   9.992 0.0000E+00  0.000   9.99
 A957       2.6715 0.10504   5.448 0.0000E+00  0.000   5.45
 A715       2.6857 0.13266   2.370 0.0000E+00  0.000   2.37
 A709       2.6903 0.03693   4.141 0.0000E+00  0.000   4.14
 A730       2.6908 0.10099   4.968 0.0000E+00  0.000   4.97
 A630       2.6957 0.09877   0.924 0.0000E+00  0.000   0.92
 A471       2.6985 0.04267   7.140 0.0000E+00  0.000   7.14
 A100       2.7001 0.11117   6.412 0.0000E+00  0.000   6.41
 A39        2.7021 0.03923   9.241 0.0000E+00  0.000   9.24
 A360       2.7065 0.13504   0.001 0.0000E+00  0.000   0.00
 A911       2.7071 0.20823   2.180 0.0000E+00  0.000   2.18
 A4         2.7102 0.06353   2.443 0.0000E+00  0.000   2.44
 A499       2.7112 0.09715   2.788 0.0000E+00  0.000   2.79
 A833       2.7156 0.01867   8.964 0.0000E+00  0.000   8.96
 A963       2.7170 0.06765   7.088 0.0000E+00  0.000   7.09
 A815       2.7221 0.07429   3.687 0.0000E+00  0.000   3.69
 A303       2.7251 0.04399   6.246 0.0000E+00  0.000   6.25
 A316       2.7278 0.09806   7.317 0.0000E+00  0.000   7.32
 A682       2.7283 0.11073   3.266 0.0000E+00  0.000   3.27
 A917       2.7284 0.03077   6.649 0.0000E+00  0.000   6.65
 A934       2.7286 0.13363   1.884 0.0000E+00  0.000   1.88
 A208       2.7296 0.16556   9.992 0.0000E+00  0.000   9.99
 A409       2.7301 0.13889   4.820 0.0000E+00  0.000   4.82
 A552       2.7324 0.03211   5.694 0.0000E+00  0.000   5.69
 A300       2.7355 0.03594   6.720 0.0000E+00  0.000   6.72
 A451       2.7415 0.08640   8.158 0.0000E+00  0.000   8.16
 A694       2.7459 0.10605   1.509 0.0000E+00  0.000   1.51
 A243       2.7505 0.12683   8.952 0.0000E+00  0.000   8.95
 A87        2.7505 0.08405   7.949 0.0000E+00  0.000   7.95
 A760       2.7512 0.12587   2.373 0.0000E+00  0.000   2.37
 A747       2.7532 0.11308   2.142 0.0000E+00  0.000   2.14
 A624       2.7533 0.04571   8.504 0.0000E+00  0.000   8.50
 A735       2.7581 0.03636   4.790 0.0000E+00  0.000   4.79
 A312       2.7584 0.10073   7.234 0.0000E+00  0.000   7.23
 A2         2.7616 0.13960   0.473 0.0000E+00  0.000   0.47
 A37        2.7627 0.02855   2.800 0.0000E+00  0.000   2.80
 A336       2.7628 0.10847   3.358 0.0000E+00  0.000   3.36
 A800       2.7633 0.06229   3.388 0.0000E+00  0.000   3.39
 A294       2.7645 0.15654   5.661 0.0000E+00  0.000   5.66
 A365       2.7712 0.00422   8.162 0.0000E+00  0.000   8.16
 A393       2.7788 0.07830   6.442 0.0000E+00  0.000   6.44
 A19        2.7816 0.06199   9.603 0.0000E+00  0.000   9.60
 A432       2.7819 0.04924   1.915 0.0000E+00  0.000   1.91
 A648       2.7893 0.01025   5.257 0.0000E+00  0.000   5.26
 A838       2.7895 0.05844   2.983 0.0000E+00  0.000   2.98
 A339       2.7915 0.14831   1.770 0.0000E+00  0.000   1.77
 A233       2.7918 0.10606   4.453 0.0000E+00  0.000   4.45
 A120       2.7957 0.13655   7.716 0.0000E+00  0.000   7.72
 A237       2.8024 0.08940   3.944 0.0000E+00  0.000   3.94
 A826       2.8070 0.19987   1.008 0.0000E+00  0.000   1.01
 A629       2.8094 0.13283   3.579 0.0000E+00  0.000   3.58
 A764       2.8099 0.14251   8.605 0.0000E+00  0.000   8.61
 A163       2.8104 0.12698   2.737 0.0000E+00  0.000   2.74
 A812       2.8119 0.01990   1.418 0.0000E+00  0.000   1.42
 A574       2.8342 0.02900   5.552 0.0000E+00  0.000   5.55
 A888       2.8378 0.09914   2.134 0.0000E+00  0.000   2.13
 A403       2.8408 0.12429   1.688 0.0000E+00  0.000   1.69
 A353       2.8428 0.15477   6.400 0.0000E+00  0.000   6.40
 A196       2.8431 0.07426   5.979 0.0000E+00  0.000   5.98
 A340       2.8504 0.08102   4.556 0.0000E+00  0.000   4.56
 A426       2.8525 0.07725   9.270 0.0000E+00  0.000   9.27
 A507       2.8531 0.14124   2.758 0.0000E+00  0.000   2.76
 A620       2.8535 0.07930   0.675 0.0000E+00  0.000   0.68
 A762       2.8547 0.05993   9.403 0.0000E+00  0.000   9.40
 A528       2.8572 0.03059   7.557 0.0000E+00  0.000   7.56
 A763       2.8592 0.12809   1.815 0.0000E+00  0.000   1.82
 A850       2.8600 0.20063   1.563 0.0000E+00  0.000   1.56
 A600       2.8636 0.16181   0.521 0.0000E+00  0.000   0.52
 A984       2.8651 0.08063   3.614 0.0000E+00  0.000   3.61
 A881       2.8658 0.18844   5.715 0.0000E+00  0.000   5.71
 A912       2.8689 0.04851   8.043 0.0000E+00  0.000   8.04
 A483       2.8703 0.21245   3.228 0.0000E+00  0.000   3.23
 A320       2.8730 0.07429   9.302 0.0000E+00  0.000   9.30
 A177       2.8733 0.09252   2.769 0.0000E+00  0.000   2.77
 A612       2.8798 0.07141   8.209 0.0000E+00  0.000   8.21
 A754       2.8828 0.08032   3.134 0.0000E+00  0.000   3.13
 A540       2.8844 0.07569   8.433 0.0000E+00  0.000   8.43
 A794       2.8879 0.03177   8.318 0.0000E+00  0.000   8.32
 A330       2.8902 0.06495   7.549 0.0000E+00  0.000   7.55
 A737       2.8936 0.11368   3.075 0.0000E+00  0.000   3.08
 A382       2.8937 0.08063   1.182 0.0000E+00  0.000   1.18
 A669       2.8955 0.15855   0.336 0.0000E+00  0.000   0.34
 A679       2.8966 0.00883   4.810 0.0000E+00  0.000   4.81
 A885       2.9082 0.12696   8.175 0.0000E+00  0.000   8.17
 A830       2.9114 0.02798   1.875 0.0000E+00  0.000   1.87
 A333       2.9119 0.11684   7.588 0.0000E+00  0.000   7.59
 A727       2.9128 0.12812   4.339 0.0000E+00  0.000   4.34
 A478       2.9209 0.10971   2.443 0.0000E+00  0.000   2.44
 A484       2.9233 0.13581   4.535 0.0000E+00  0.000   4.53
 A785       2.9248 0.04128   2.089 0.0000E+00  0.000   2.09
 A359       2.9286 0.04863   7.043 0.0000E+00  0.000   7.04
 A77        2.9364 0.08979   8.870 0.0000E+00  0.000   8.87
 A659       2.9370 0.13209   5.076 0.0000E+00  0.000   5.08
 A193       2.9394 0.07957   2.993 0.0000E+00  0.000   2.99
 A64        2.9428 0.17560   8.866 0.0000E+00  0.000   8.87
 A49        2.9466 0.08918   4.177 0.0000E+00  0.000   4.18
 A143       2.9478 0.15417   5.465 0.0000E+00  0.000   5.46
 A8         2.9493 0.12689   5.245 0.0000E+00  0.000   5.24
 A788       2.9534 0.10285   5.132 0.0000E+00  0.000   5.13
 A347       2.9543 0.09301   3.311 0.0000E+00  0.000   3.31
 A153       2.9601 0.02656   3.722 0.0000E+00  0.000   3.72
 A21        2.9630 0.13277   4.584 0.0000E+00  0.000   4.58
 A459       2.9641 0.12313   2.444 0.0000E+00  0.000   2.44
 A59        2.9680 0.22539   6.401 0.0000E+00  0.000   6.40
 A176       2.9682 0.18488   7.165 0.0000E+00  0.000   7.16
 A931       2.9705 0.17556   3.587 0.0000E+00  0.000   3.59
 A869       2.9717 0.08382   9.420 0.0000E+00  0.000   9.42
 A986       2.9833 0.03991   2.778 0.0000E+00  0.000   2.78
 A118       2.9856 0.11103   9.120 0.0000E+00  0.000   9.12
 A720       2.9859 0.17140   2.886 0.0000E+00  0.000   2.89
 A501       2.9938 0.02937   0.605 0.0000E+00  0.000   0.61
 A182       2.9955 0.18269   9.603 0.0000E+00  0.000   9.60
 A408       2.9979 0.05950   2.316 0.0000E+00  0.000   2.32
 A115       2.9986 0.01107   0.993 0.0000E+00  0.000   0.99
 A410       3.0010 0.11594   3.715 0.0000E+00  0.000   3.72
 A462       3.0023 0.12250   2.787 0.0000E+00  0.000   2.79
 A23        3.0110 0.13660   1.266 0.0000E+00  0.000   1.27
 A464       3.0203 0.13295   0.837 0.0000E+00  0.000   0.84
 A282       3.0223 0.07281   0.167 0.0000E+00  0.000   0.17
 A527       3.0233 0.12936   3.081 0.0000E+00  0.000   3.08
 A235       3.0245 0.05137   8.632 0.0000E+00  0.000   8.63
 A640       3.0269 0.12225   3.953 0.0000E+00  0.000   3.95
 A897       3.0315 0.10395   9.525 0.0000E+00  0.000   9.53
 A883       3.0339 0.01455   6.509 0.0000E+00  0.000   6.51
 A590       3.0367 0.20656   3.904 0.0000E+00  0.000   3.90
 A240       3.0399 0.08077   5.147 0.0000E+00  0.000   5.15
 A1         3.0400 0.06014   2.619 0.0000E+00  0.000   2.62
 A646       3.0494 0.08032   2.543 0.0000E+00  0.000   2.54
 A385       3.0533 0.10873   1.451 0.0000E+00  0.000   1.45
 A804       3.0579 0.19681   3.403 0.0000E+00  0.000   3.40
 A397       3.0603 0.06029   1.129 0.0000E+00  0.000   1.13
 A712       3.0640 0.13873   5.071 0.0000E+00  0.000   5.07
 A722       3.0721 0.05780   9.406 0.0000E+00  0.000   9.41
 A54        3.0734 0.06687   0.715 0.0000E+00  0.000   0.71
 A539       3.0734 0.04658   3.175 0.0000E+00  0.000   3.17
 A550       3.0749 0.15414   7.833 0.0000E+00  0.000   7.83
 A416       3.0766 0.11539   5.295 0.0000E+00  0.000   5.30
 A123       3.0770 0.13817   3.774 0.0000E+00  0.000   3.77
 A76        3.0785 0.11226   5.796 0.0000E+00  0.000   5.80
 A420       3.0787 0.14075   1.426 0.0000E+00  0.000   1.43
 A692       3.0802 0.11350   6.451 0.0000E+00  0.000   6.45
 A248       3.0823 0.11287   6.569 0.0000E+00  0.000   6.57
 A252       3.0843 0.07925   0.186 0.0000E+00  0.000   0.19
 A566       3.0894 0.08362   9.621 0.0000E+00  0.000   9.62
 A689       3.0954 0.04637   3.756 0.0000E+00  0.000   3.76
 A106       3.1044 0.06679   6.246 0.0000E+00  0.000   6.25
 A893       3.1110 0.07715   5.319 0.0000E+00  0.000   5.32
 A456       3.1121 0.04716   3.634 0.0000E+00  0.000   3.63
 A247       3.1152 0.17573   1.455 0.0000E+00  0.000   1.45
 A391       3.1156 0.22421   3.493 0.0000E+00  0.000   3.49
 A68        3.1161 0.10731   8.511 0.0000E+00  0.000   8.51
 A71        3.1164 0.08720   4.097 0.0000E+00  0.000   4.10
 A218       3.1180 0.08996   6.906 0.0000E+00  0.000   6.91
 A996       3.1194 0.18982   4.739 0.0000E+00  0.000   4.74
 A194       3.1273 0.10703   8.928 0.0000E+00  0.000   8.93
 A335       3.1279 0.04057   9.082 0.0000E+00  0.000   9.08
 A16        3.1292 0.10492   4.679 0.0000E+00  0.000   4.68
 A250       3.1335 0.04346   1.686 0.0000E+00  0.000   1.69
 A78        3.1353 0.12779   9.568 0.0000E+00  0.000   9.57
 A133       3.1383 0.06975   8.524 0.0000E+00  0.000   8.52
 A653       3.1422 0.02154   8.399 0.0000E+00  0.000   8.40
 A279       3.1444 0.14442   9.506 0.0000E+00  0.000   9.51
 A244       3.1484 0.01260   7.114 0.0000E+00  0.000   7.11
 A589       3.1489 0.02149   7.856 0.0000E+00  0.000   7.86
 A886       3.1498 0.40744   7.116 0.0000E+00  0.000   7.12
 A674       3.1512 0.05317   7.056 0.0000E+00  0.000   7.06
 A819       3.1536 0.16035   0.349 0.0000E+00  0.000   0.35
 A103       3.1594 0.10980   3.334 0.0000E+00  0.000   3.33
 A766       3.1649 0.09262   7.612 0.0000E+00  0.000   7.61
 A711       3.1696 0.12955   6.564 0.0000E+00  0.000   6.56
 A40        3.1717 0.07769   8.522 0.0000E+00  0.000   8.52
 A592       3.1789 0.08457   3.087 0.0000E+00  0.000   3.09
 A401       3.1806 0.07339   5.435 0.0000E+00  0.000   5.44
 A480       3.1813 0.09489   5.928 0.0000E+00  0.000   5.93
 A949       3.1814 0.05694   4.548 0.0000E+00  0.000   4.55
 A305       3.1824 0.11874   8.065 0.0000E+00  0.000   8.07
 A546       3.1826 0.11119   5.952 0.0000E+00  0.000   5.95
 A657       3.1838 0.17014   2.959 0.0000E+00  0.000   2.96
 A834       3.1841 0.04870   0.375 0.0000E+00  0.000   0.38
 A959       3.1859 0.02819   1.986 0.0000E+00  0.000   1.99
 A707       3.1865 0.15794   0.892 0.0000E+00  0.000   0.89
 A898       3.1890 0.07020   3.458 0.0000E+00  0.000   3.46
 A877       3.1890 0.07297   7.804 0.0000E+00  0.000   7.80
 A195       3.1956 0.09035   9.238 0.0000E+00  0.000   9.24
 A326       3.1967 0.12243   0.221 0.0000E+00  0.000   0.22
 A930       3.1994 0.09469   6.276 0.0000E+00  0.000   6.28
 A60        3.2013 0.18194   7.251 0.0000E+00  0.000   7.25
 A716       3.2052 0.14904   6.093 0.0000E+00  0.000   6.09
 A832       3.2089 0.12921   8.289 0.0000E+00  0.000   8.29
 A70        3.2143 0.29523   0.915 0.0000E+00  0.000   0.92
 A985       3.2154 0.23929   1.674 0.0000E+00  0.000   1.67
 A298       3.2168 0.07479   4.098 0.0000E+00  0.000   4.10
 A563       3.2183 0.03742   1.620 0.0000E+00  0.000   1.62
 A910       3.2199 0.15337   5.333 0.0000E+00  0.000   5.33
 A676       3.2256 0.08047   1.750 0.0000E+00  0.000   1.75
 A626       3.2275 0.01417   5.622 0.0000E+00  0.000   5.62
 A572       3.2303 0.08522   2.147 0.0000E+00  0.000   2.15
 A779       3.2320 0.15339   6.778 0.0000E+00  0.000   6.78
 A983       3.2355 0.20796   5.591 0.0000E+00  0.000   5.59
 A937       3.2394 0.10884   1.262 0.0000E+00  0.000   1.26
 A518       3.2408 0.16053   8.563 0.0000E+00  0.000   8.56
 A825       3.2420 0.07003   9.821 0.0000E+00  0.000   9.82
 A151       3.2431 0.19407  14.190 0.0000E+00  0.000  14.19
 A700       3.2438 0.03514   2.094 0.0000E+00  0.000   2.09
 A551       3.2440 0.00617   8.539 0.0000E+00  0.000   8.54
 A238       3.2485 0.12691   6.889 0.0000E+00  0.000   6.89
 A635       3.2566 0.19453   7.713 0.0000E+00  0.000   7.71
 A469       3.2570 0.18515   5.214 0.0000E+00  0.000   5.21
 A606       3.2613 0.10742   4.053 0.0000E+00  0.000   4.05
 A445       3.2641 0.37434   2.803 0.0000E+00  0.000   2.80
 A164       3.2646 0.02473   7.500 0.0000E+00  0.000   7.50
 A490       3.2651 0.04794   1.737 0.0000E+00  0.000   1.74
 A404       3.2702 0.18768   2.695 0.0000E+00  0.000   2.70
 A350       3.2737 0.04242   1.800 0.0000E+00  0.000   1.80
 A81        3.2778 0.23783   9.202 0.0000E+00  0.000   9.20
 A954       3.2790 0.03486   1.693 0.0000E+00  0.000   1.69
 A948       3.2965 0.14531   4.595 0.0000E+00  0.000   4.59
 A644       3.2974 0.05607   2.822 0.0000E+00  0.000   2.82
 A743       3.2977 0.08129  15.235 0.0000E+00  0.000  15.23
 A261       3.3021 0.14087   0.724 0.0000E+00  0.000   0.72
 A209       3.3131 0.11057   3.099 0.0000E+00  0.000   3.10
 A775       3.3161 0.18428  20.364 0.0000E+00  0.000  20.36
 A91        3.3174 0.11027   6.847 0.0000E+00  0.000   6.85
 A357       3.3175 0.08318   8.534 0.0000E+00  0.000   8.53
 A520       3.3338 0.14904   7.223 0.0000E+00  0.000   7.22
 A363       3.3372 0.08198   4.011 0.0000E+00  0.000   4.01
 A271       3.3373 0.12222   9.477 0.0000E+00  0.000   9.48
 A808       3.3375 0.04023   0.414 0.0000E+00  0.000   0.41
 A684       3.3404 0.05149   1.368 0.0000E+00  0.000   1.37
 A73        3.3407 0.34002   0.227 0.0000E+00  0.000   0.23
 A680       3.3425 0.07172   5.159 0.0000E+00  0.000   5.16
 A759       3.3459 0.03698   3.925 0.0000E+00  0.000   3.92
 A231       3.3471 0.15640  10.101 0.0000E+00  0.000  10.10
 A370       3.3482 0.10722   4.343 0.0000E+00  0.000   4.34
 A621       3.3494 0.20070   1.660 0.0000E+00  0.000   1.66
 A822       3.3547 0.29809   1.460 0.0000E+00  0.000   1.46
 A192       3.3567 0.37887   1.159 0.0000E+00  0.000   1.16
 A327       3.3582 0.28740   4.532 0.0000E+00  0.000   4.53
 A781       3.3584 0.14451   7.071 0.0000E+00  0.000   7.07
 A929       3.3599 0.05041   3.399 0.0000E+00  0.000   3.40
 A616       3.3623 0.09845   1.096 0.0000E+00  0.000   1.10
 A376       3.3634 0.10275   1.075 0.0000E+00  0.000   1.07
 A643       3.3652 0.08008   6.107 0.0000E+00  0.000   6.11
 A598       3.3673 0.08633   6.076 0.0000E+00  0.000   6.08
 A578       3.3682 0.47882   7.134 0.0000E+00  0.000   7.13
 A128       3.3690 0.13245   4.347 0.0000E+00  0.000   4.35
 A997       3.3708 0.12266   8.929 0.0000E+00  0.000   8.93
 A262       3.3712 0.04010   2.915 0.0000E+00  0.000   2.91
 A137       3.3728 0.02872   6.790 0.0000E+00  0.000   6.79
 A524       3.3800 0.02291   2.117 0.0000E+00  0.000   2.12
 A66        3.3834 0.01367   5.154 0.0000E+00  0.000   5.15
 A693       3.3845 0.25755  10.128 0.0000E+00  0.000  10.13
 A542       3.3851 0.13531   5.459 0.0000E+00  0.000   5.46
 A53        3.3875 0.14362   2.580 0.0000E+00  0.000   2.58
 A460       3.3889 0.13955   0.663 0.0000E+00  0.000   0.66
 A805       3.3934 0.06107   7.765 0.0000E+00  0.000   7.77
 A131       3.3992 0.10035   3.373 0.0000E+00  0.000   3.37
 A160       3.4008 0.09685   4.333 0.0000E+00  0.000   4.33
 A914       3.4026 0.11480   8.309 0.0000E+00  0.000   8.31
 A597       3.4054 0.11746   2.655 0.0000E+00  0.000   2.65
 A573       3.4063 0.11702   1.402 0.0000E+00  0.000   1.40
 A813       3.4108 0.14122   8.169 0.0000E+00  0.000   8.17
 A568       3.4112 0.18924   1.548 0.0000E+00  0.000   1.55
 A697       3.4144 0.09264   6.604 0.0000E+00  0.000   6.60
 A154       3.4169 0.12351   3.451 0.0000E+00  0.000   3.45
 A741       3.4183 0.13978   8.581 0.0000E+00  0.000   8.58
 A458       3.4229 0.02888   3.082 0.0000E+00  0.000   3.08
 A57        3.4239 0.13582   5.568 0.0000E+00  0.000   5.57
 A27        3.4304 0.12855   8.485 0.0000E+00  0.000   8.48
 A569       3.4310 0.06676   8.874 0.0000E+00  0.000   8.87
 A778       3.4321 0.07956   5.852 0.0000E+00  0.000   5.85
 A166       3.4365 0.03024   0.586 0.0000E+00  0.000   0.59
 A708       3.4414 0.10727   5.475 0.0000E+00  0.000   5.48
 A523       3.4439 0.17433   1.421 0.0000E+00  0.000   1.42
 A322       3.4555 0.12185   7.011 0.0000E+00  0.000   7.01
 A558       3.4564 0.14407   2.371 0.0000E+00  0.000   2.37
 A923       3.4565 0.24281   4.126 0.0000E+00  0.000   4.13
 A463       3.4599 0.13580   6.767 0.0000E+00  0.000   6.77
 A88        3.4641 0.09242   2.555 0.0000E+00  0.000   2.55
 A155       3.4696 0.16308   6.263 0.0000E+00  0.000   6.26
 A970       3.4702 0.08608   2.096 0.0000E+00  0.000   2.10
 A633       3.4736 0.24404   3.231 0.0000E+00  0.000   3.23
 A75        3.4737 0.12701   8.553 0.0000E+00  0.000   8.55
 A56        3.4741 0.21426   5.890 0.0000E+00  0.000   5.89
 A645       3.4752 0.18454   8.649 0.0000E+00  0.000   8.65
 A502       3.4781 0.02636   2.709 0.0000E+00  0.000   2.71
 A623       3.4826 0.19116   5.417 0.0000E+00  0.000   5.42
 A663       3.4863 0.21651   5.412 0.0000E+00  0.000   5.41
 A525       3.4868 0.17960   5.846 0.0000E+00  0.000   5.85
 A452       3.4892 0.07190   4.341 0.0000E+00  0.000   4.34
 A260       3.4932 0.10132   0.069 0.0000E+00  0.000   0.07
 A873       3.4946 0.14216   4.887 0.0000E+00  0.000   4.89
 A415       3.4962 0.09433   5.095 0.0000E+00  0.000   5.10
 A110       3.4993 0.07222   0.201 0.0000E+00  0.000   0.20
 A789       3.5004 0.15430   3.050 0.0000E+00  0.000   3.05
 A295       3.5050 0.17538   4.195 0.0000E+00  0.000   4.19
 A981       3.5052 0.08422   7.695 0.0000E+00  0.000   7.70
 A411       3.5070 0.22443   2.537 0.0000E+00  0.000   2.54
 A3         3.5231 0.21020  10.533 0.0000E+00  0.000  10.53
 A874       3.5248 0.16974   3.117 0.0000E+00  0.000   3.12
 A945       3.5268 0.10301   5.592 0.0000E+00  0.000   5.59
 A108       3.5283 0.18002   7.415 0.0000E+00  0.000   7.42
 A882       3.5376 0.07289   5.217 0.0000E+00  0.000   5.22
 A987       3.5400 0.19528   9.231 0.0000E+00  0.000   9.23
 A245       3.5402 0.10320   5.857 0.0000E+00  0.000   5.86
 A531       3.5410 0.02588   0.645 0.0000E+00  0.000   0.65
 A433       3.5466 0.03843   0.593 0.0000E+00  0.000   0.59
 A906       3.5469 0.08282   4.249 0.0000E+00  0.000   4.25
 A453       3.5473 0.15396   5.054 0.0000E+00  0.000   5.05
 A274       3.5528 0.15019   1.269 0.0000E+00  0.000   1.27
 A829       3.5537 0.12728   4.131 0.0000E+00  0.000   4.13
 A999       3.5605 0.05627   2.647 0.0000E+00  0.000   2.65
 A920       3.5857 0.10849   1.667 0.0000E+00  0.000   1.67
 A105       3.5881 0.13053   3.860 0.0000E+00  0.000   3.86
 A146       3.5942 0.19888   4.918 0.0000E+00  0.000   4.92
 A561       3.5968 0.18126   8.097 0.0000E+00  0.000   8.10
 A318       3.6006 0.17412   5.097 0.0000E+00  0.000   5.10
 A220       3.6010 0.07878   2.152 0.0000E+00  0.000   2.15
 A500       3.6035 0.20864   7.396 0.0000E+00  0.000   7.40
 A767       3.6220 0.26530   1.585 0.0000E+00  0.000   1.59
 A932       3.6257 0.14067   3.172 0.0000E+00  0.000   3.17
 A46        3.6276 0.02344   8.318 0.0000E+00  0.000   8.32
 A219       3.6345 0.13877   6.768 0.0000E+00  0.000   6.77
 A955       3.6360 0.06795   3.475 0.0000E+00  0.000   3.47
 A580       3.6375 0.02975   3.167 0.0000E+00  0.000   3.17
 A417       3.6417 0.17682   9.241 0.0000E+00  0.000   9.24
 A434       3.6418 0.12669   3.687 0.0000E+00  0.000   3.69
 A894       3.6422 0.13788   8.476 0.0000E+00  0.000   8.48
 A402       3.6440 0.07267   2.657 0.0000E+00  0.000   2.66
 A52        3.6441 0.07025   4.145 0.0000E+00  0.000   4.14
 A124       3.6474 0.11622   1.894 0.0000E+00  0.000   1.89
 A435       3.6525 0.08156   4.503 0.0000E+00  0.000   4.50
 A927       3.6530 0.06090   1.009 0.0000E+00  0.000   1.01
 A291       3.6535 0.13404   8.098 0.0000E+00  0.000   8.10
 A148       3.6821 0.23891   0.658 0.0000E+00  0.000   0.66
 A579       3.7311 0.09161   0.347 0.0000E+00  0.000   0.35
 A588       3.7455 0.13765   2.819 0.0000E+00  0.000   2.82
 A183       3.7538 0.04611   4.207 0.0000E+00  0.000   4.21
 A622       3.7578 0.09262   1.767 0.0000E+00  0.000   1.77
 A383       3.7671 0.18362   0.402 0.0000E+00  0.000   0.40
 A242       3.7746 0.09407   9.379 0.0000E+00  0.000   9.38
 A446       3.7798 0.06059   8.767 0.0000E+00  0.000   8.77
 A587       3.7820 0.20524   5.989 0.0000E+00  0.000   5.99
 A275       3.7935 0.11814   6.084 0.0000E+00  0.000   6.08
 A571       3.7980 0.11331   1.397 0.0000E+00  0.000   1.40
 A863       3.8487 0.15583   0.056 0.0000E+00  0.000   0.06
 A647       3.8558 0.16042   5.375 0.0000E+00  0.000   5.38
 A200       3.8590 0.18688   1.602 0.0000E+00  0.000   1.60
 A723       3.8683 0.21436   1.234 0.0000E+00  0.000   1.23
 A638       3.8841 0.23674  12.131 0.0000E+00  0.000  12.13
 A180       3.8928 0.25144   3.183 0.0000E+00  0.000   3.18
 A904       3.8944 0.11470   0.296 0.0000E+00  0.000   0.30
 A134       3.8961 0.35858   5.438 0.0000E+00  0.000   5.44
 A946       3.8997 0.19810   6.261 0.0000E+00  0.000   6.26
 A125       3.8997 0.32466   4.326 0.0000E+00  0.000   4.33
 A230       3.9094 0.26812   2.436 0.0000E+00  0.000   2.44
 A479       3.9209 0.16080   1.982 0.0000E+00  0.000   1.98
 A259       3.9264 0.12796   1.129 0.0000E+00  0.000   1.13
 A198       3.9318 0.10991   1.578 0.0000E+00  0.000   1.58
 A614       3.9342 0.04450   2.797 0.0000E+00  0.000   2.80
 A5         3.9402 0.32286   8.586 0.0000E+00  0.000   8.59
 A601       3.9491 0.09073  16.668 0.0000E+00  0.000  16.67
 A719       3.9596 0.09599   4.334 0.0000E+00  0.000   4.33
 A392       3.9628 0.19182   6.098 0.0000E+00  0.000   6.10
 A212       3.9671 0.07093   7.244 0.0000E+00  0.000   7.24
 A761       3.9766 0.28377   1.500 0.0000E+00  0.000   1.50
 A543       3.9786 0.09169  10.494 0.0000E+00  0.000  10.49
 A913       3.9805 0.31633   1.140 0.0000E+00  0.000   1.14
 A783       3.9838 0.27448   8.468 0.0000E+00  0.000   8.47
 A810       4.0050 0.22200   5.834 0.0000E+00  0.000   5.83
 A30        4.0076 0.13073   3.060 0.0000E+00  0.000   3.06
 A354       4.0277 0.11098   0.096 0.0000E+00  0.000   0.10
 A570       4.0388 0.19297   6.382 0.0000E+00  0.000   6.38
 JUPITER    5.2030 0.09990   0.000 9.5479E-04  0.000   0.00
 A564       6.9512 0.35605   8.978 0.0000E+00  0.000   8.98
 A114       8.6804 0.37801   3.661 0.0000E+00  0.000   3.66
 A355      15.6504 0.61355  10.733 0.0000E+00  0.000  10.73
