 EARTHMOO   1.0000 0.04162   0.000 9.1213E-06  0.000   0.00
 A430       1.5000 0.05451   1.716 0.0000E+00  0.000   1.72
 A900       1.5008 0.12822   3.123 0.0000E+00  0.000   3.12
 A591       1.5052 0.02325   7.241 0.0000E+00  0.000   7.24
 A534       1.5119 0.05689   8.446 0.0000E+00  0.000   8.45
 A288       1.5167 0.05979   1.875 0.0000E+00  0.000   1.88
 A926       1.5203 0.09333   4.876 0.0000E+00  0.000   4.88
 A79        1.5214 0.02588   9.497 0.0000E+00  0.000   9.50
 A83        1.5226 0.03508   5.437 0.0000E+00  0.000   5.44
 A487       1.5244 0.08526   2.627 0.0000E+00  0.000   2.63
 A729       1.5278 0.06167   5.935 0.0000E+00  0.000   5.93
 A51        1.5322 0.06815   6.489 0.0000E+00  0.000   6.49
 A277       1.5342 0.07248   7.566 0.0000E+00  0.000   7.57
 A950       1.5455 0.05373   1.668 0.0000E+00  0.000   1.67
 A41        1.5455 0.11177   1.514 0.0000E+00  0.000   1.51
 A771       1.5460 0.13999   5.429 0.0000E+00  0.000   5.43
 A816       1.5483 0.10179   1.956 0.0000E+00  0.000   1.96
 A44        1.5504 0.04858   7.253 0.0000E+00  0.000   7.25
 A421       1.5529 0.05091   1.440 0.0000E+00  0.000   1.44
 A498       1.5537 0.03012   1.574 0.0000E+00  0.000   1.57
 A687       1.5542 0.10619   7.576 0.0000E+00  0.000   7.58
 A532       1.5576 0.03431   9.735 0.0000E+00  0.000   9.74
 A395       1.5586 0.06259   2.589 0.0000E+00  0.000   2.59
 A178       1.5623 0.02121   1.742 0.0000E+00  0.000   1.74
 A536       1.5627 0.09083   0.800 0.0000E+00  0.000   0.80
 A973       1.5676 0.09398   9.560 0.0000E+00  0.000   9.56
 A862       1.5718 0.00922   2.667 0.0000E+00  0.000   2.67
 A901       1.5744 0.06099   5.384 0.0000E+00  0.000   5.38
 A485       1.5756 0.11124   4.214 0.0000E+00  0.000   4.21
 A406       1.5767 0.07548   4.924 0.0000E+00  0.000   4.92
 A978       1.5773 0.07177   7.072 0.0000E+00  0.000   7.07
 A857       1.5786 0.05448   0.047 0.0000E+00  0.000   0.05
 A290       1.5805 0.01481   9.534 0.0000E+00  0.000   9.53
 A85        1.5844 0.01407   5.343 0.0000E+00  0.000   5.34
 A504       1.5856 0.27885   6.850 0.0000E+00  0.000   6.85
 A516       1.5885 0.03025   8.814 0.0000E+00  0.000   8.81
 A673       1.5907 0.05759   7.563 0.0000E+00  0.000   7.56
 A541       1.5911 0.03216   6.492 0.0000E+00  0.000   6.49
 A510       1.5932 0.01214   7.473 0.0000E+00  0.000   7.47
 A225       1.5948 0.03943   6.941 0.0000E+00  0.000   6.94
 A625       1.6003 0.07746   0.317 0.0000E+00  0.000   0.32
 A634       1.6028 0.04847   8.716 0.0000E+00  0.000   8.72
 A142       1.6054 0.05499   6.543 0.0000E+00  0.000   6.54
 A47        1.6056 0.09191   5.635 0.0000E+00  0.000   5.63
 A903       1.6105 0.03416   3.621 0.0000E+00  0.000   3.62
 A116       1.6124 0.10443   4.411 0.0000E+00  0.000   4.41
 A792       1.6196 0.05200   9.005 0.0000E+00  0.000   9.00
 A497       1.6216 0.10641   8.148 0.0000E+00  0.000   8.15
 A746       1.6284 0.11463   4.237 0.0000E+00  0.000   4.24
 A405       1.6293 0.07326   8.276 0.0000E+00  0.000   8.28
 A34        1.6347 0.02709   8.239 0.0000E+00  0.000   8.24
 A427       1.6364 0.09546   5.300 0.0000E+00  0.000   5.30
 A341       1.6367 0.03751   9.621 0.0000E+00  0.000   9.62
 A95        1.6377 0.09811   5.442 0.0000E+00  0.000   5.44
 A841       1.6398 0.15193   7.757 0.0000E+00  0.000   7.76
 A602       1.6421 0.07813   5.277 0.0000E+00  0.000   5.28
 A380       1.6438 0.11861   2.311 0.0000E+00  0.000   2.31
 A517       1.6443 0.09831   7.832 0.0000E+00  0.000   7.83
 A14        1.6448 0.03683   0.435 0.0000E+00  0.000   0.44
 A297       1.6476 0.06339   5.080 0.0000E+00  0.000   5.08
 A751       1.6508 0.10200   9.173 0.0000E+00  0.000   9.17
 A556       1.6511 0.03129   5.095 0.0000E+00  0.000   5.09
 A447       1.6513 0.02584   9.511 0.0000E+00  0.000   9.51
 A62        1.6526 0.05407   7.293 0.0000E+00  0.000   7.29
 A315       1.6530 0.04452   6.524 0.0000E+00  0.000   6.52
 A880       1.6554 0.02755   7.531 0.0000E+00  0.000   7.53
 A362       1.6573 0.01717   7.000 0.0000E+00  0.000   7.00
 A878       1.6581 0.02358   8.630 0.0000E+00  0.000   8.63
 A639       1.6581 0.03457   3.988 0.0000E+00  0.000   3.99
 A84        1.6597 0.07320   2.437 0.0000E+00  0.000   2.44
 A351       1.6602 0.07751   5.665 0.0000E+00  0.000   5.67
 A703       1.6603 0.06738   2.069 0.0000E+00  0.000   2.07
 A615       1.6624 0.07461   3.744 0.0000E+00  0.000   3.74
 A145       1.6705 0.04336   5.970 0.0000E+00  0.000   5.97
 A852       1.6734 0.04965   4.029 0.0000E+00  0.000   4.03
 A343       1.6799 0.04893   9.943 0.0000E+00  0.000   9.94
 A488       1.6819 0.12230   6.971 0.0000E+00  0.000   6.97
 A399       1.6836 0.13590   1.427 0.0000E+00  0.000   1.43
 A216       1.6850 0.06530   3.903 0.0000E+00  0.000   3.90
 A189       1.6887 0.07259   9.730 0.0000E+00  0.000   9.73
 A618       1.6919 0.07007   4.292 0.0000E+00  0.000   4.29
 A306       1.6942 0.07074   3.393 0.0000E+00  0.000   3.39
 A721       1.6962 0.06424   9.948 0.0000E+00  0.000   9.95
 A636       1.6981 0.03343   5.315 0.0000E+00  0.000   5.32
 A731       1.7062 0.08176   5.094 0.0000E+00  0.000   5.09
 A448       1.7120 0.08654   1.579 0.0000E+00  0.000   1.58
 A358       1.7125 0.01514   4.190 0.0000E+00  0.000   4.19
 A554       1.7185 0.07706   9.327 0.0000E+00  0.000   9.33
 A17        1.7215 0.03834   9.790 0.0000E+00  0.000   9.79
 A283       1.7247 0.00508   8.790 0.0000E+00  0.000   8.79
 A18        1.7250 0.08259   1.524 0.0000E+00  0.000   1.52
 A980       1.7268 0.02688   2.276 0.0000E+00  0.000   2.28
 A515       1.7272 0.07073   4.452 0.0000E+00  0.000   4.45
 A944       1.7309 0.09361   0.668 0.0000E+00  0.000   0.67
 A866       1.7367 0.01476   6.084 0.0000E+00  0.000   6.08
 A603       1.7413 0.09553   8.512 0.0000E+00  0.000   8.51
 A581       1.7440 0.08083   5.454 0.0000E+00  0.000   5.45
 A671       1.7442 0.11550   0.273 0.0000E+00  0.000   0.27
 A119       1.7451 0.04256   6.507 0.0000E+00  0.000   6.51
 A961       1.7472 0.12501   1.696 0.0000E+00  0.000   1.70
 A575       1.7475 0.07533   2.509 0.0000E+00  0.000   2.51
 A969       1.7496 0.05627   1.242 0.0000E+00  0.000   1.24
 A738       1.7516 0.00518   4.660 0.0000E+00  0.000   4.66
 A668       1.7537 0.03785   9.446 0.0000E+00  0.000   9.45
 A289       1.7607 0.09175   7.568 0.0000E+00  0.000   7.57
 A559       1.7618 0.02201   3.019 0.0000E+00  0.000   3.02
 A732       1.7639 0.07605   6.022 0.0000E+00  0.000   6.02
 A798       1.7645 0.01888   3.733 0.0000E+00  0.000   3.73
 A519       1.7665 0.02412   6.380 0.0000E+00  0.000   6.38
 A755       1.7669 0.10019   3.763 0.0000E+00  0.000   3.76
 A38        1.7676 0.02671   1.648 0.0000E+00  0.000   1.65
 A63        1.7688 0.08769   8.423 0.0000E+00  0.000   8.42
 A740       1.7696 0.10470   1.182 0.0000E+00  0.000   1.18
 A835       1.7697 0.08643   4.825 0.0000E+00  0.000   4.82
 A560       1.7724 0.02181   5.540 0.0000E+00  0.000   5.54
 A140       1.7783 0.07535   4.296 0.0000E+00  0.000   4.30
 A150       1.7831 0.12976   4.214 0.0000E+00  0.000   4.21
 A188       1.7858 0.08388   3.163 0.0000E+00  0.000   3.16
 A381       1.7933 0.09220   4.578 0.0000E+00  0.000   4.58
 A412       1.7986 0.15731   2.614 0.0000E+00  0.000   2.61
 A396       1.8003 0.07117   4.573 0.0000E+00  0.000   4.57
 A24        1.8017 0.09278   5.167 0.0000E+00  0.000   5.17
 A505       1.8022 0.00838   1.885 0.0000E+00  0.000   1.88
 A130       1.8035 0.03958   4.282 0.0000E+00  0.000   4.28
 A962       1.8037 0.09665   0.887 0.0000E+00  0.000   0.89
 A511       1.8039 0.09894   1.974 0.0000E+00  0.000   1.97
 A470       1.8050 0.04958   6.747 0.0000E+00  0.000   6.75
 A348       1.8052 0.03558   7.727 0.0000E+00  0.000   7.73
 A627       1.8058 0.09449   8.556 0.0000E+00  0.000   8.56
 A482       1.8146 0.08824   7.830 0.0000E+00  0.000   7.83
 A121       1.8170 0.07153   4.549 0.0000E+00  0.000   4.55
 A201       1.8182 0.06946   9.919 0.0000E+00  0.000   9.92
 A585       1.8183 0.04864   2.065 0.0000E+00  0.000   2.07
 A122       1.8198 0.17509   8.273 0.0000E+00  0.000   8.27
 A724       1.8203 0.05735   0.961 0.0000E+00  0.000   0.96
 A899       1.8205 0.08742   0.831 0.0000E+00  0.000   0.83
 A136       1.8209 0.05482   3.838 0.0000E+00  0.000   3.84
 A58        1.8215 0.12457   5.993 0.0000E+00  0.000   5.99
 A299       1.8224 0.07744   1.312 0.0000E+00  0.000   1.31
 A7         1.8233 0.03981   5.112 0.0000E+00  0.000   5.11
 A301       1.8260 0.07383   2.347 0.0000E+00  0.000   2.35
 A512       1.8264 0.03708   9.929 0.0000E+00  0.000   9.93
 A99        1.8273 0.05077   6.675 0.0000E+00  0.000   6.67
 A74        1.8282 0.13299   5.028 0.0000E+00  0.000   5.03
 A807       1.8302 0.05168   1.778 0.0000E+00  0.000   1.78
 A702       1.8310 0.08831   5.080 0.0000E+00  0.000   5.08
 A207       1.8312 0.08228   9.081 0.0000E+00  0.000   9.08
 A205       1.8353 0.07675   7.283 0.0000E+00  0.000   7.28
 A725       1.8364 0.03446   8.503 0.0000E+00  0.000   8.50
 A324       1.8369 0.12942   9.184 0.0000E+00  0.000   9.18
 A827       1.8372 0.02901   7.635 0.0000E+00  0.000   7.64
 A161       1.8380 0.03157   8.026 0.0000E+00  0.000   8.03
 A29        1.8408 0.05319   4.655 0.0000E+00  0.000   4.66
 A780       1.8416 0.13124   9.092 0.0000E+00  0.000   9.09
 A281       1.8435 0.13867   1.730 0.0000E+00  0.000   1.73
 A268       1.8440 0.09112   5.286 0.0000E+00  0.000   5.29
 A567       1.8531 0.07840   5.715 0.0000E+00  0.000   5.72
 A765       1.8547 0.04279   4.724 0.0000E+00  0.000   4.72
 A728       1.8559 0.08305   2.016 0.0000E+00  0.000   2.02
 A855       1.8564 0.05481   3.376 0.0000E+00  0.000   3.38
 A768       1.8587 0.08606   2.825 0.0000E+00  0.000   2.82
 A477       1.8601 0.07179   4.636 0.0000E+00  0.000   4.64
 A132       1.8615 0.02417   7.379 0.0000E+00  0.000   7.38
 A181       1.8619 0.06605   1.832 0.0000E+00  0.000   1.83
 A270       1.8634 0.13551   6.633 0.0000E+00  0.000   6.63
 A407       1.8636 0.00304   6.175 0.0000E+00  0.000   6.17
 A344       1.8683 0.07572   8.880 0.0000E+00  0.000   8.88
 A50        1.8698 0.07806   3.881 0.0000E+00  0.000   3.88
 A864       1.8720 0.03589   9.211 0.0000E+00  0.000   9.21
 A126       1.8725 0.04125   7.586 0.0000E+00  0.000   7.59
 A346       1.8774 0.04934   8.856 0.0000E+00  0.000   8.86
 A263       1.8780 0.07941   4.914 0.0000E+00  0.000   4.91
 A628       1.8792 0.11374   0.055 0.0000E+00  0.000   0.06
 A992       1.8798 0.05468   2.628 0.0000E+00  0.000   2.63
 A246       1.8807 0.11573   4.151 0.0000E+00  0.000   4.15
 A33        1.8816 0.04811   3.375 0.0000E+00  0.000   3.38
 A935       1.8843 0.06122   6.448 0.0000E+00  0.000   6.45
 A846       1.8845 0.07813   0.480 0.0000E+00  0.000   0.48
 A665       1.8926 0.12518   7.002 0.0000E+00  0.000   7.00
 A583       1.8959 0.08106   8.128 0.0000E+00  0.000   8.13
 A413       1.8964 0.04582   7.411 0.0000E+00  0.000   7.41
 A428       1.8976 0.12494   1.462 0.0000E+00  0.000   1.46
 A255       1.8978 0.12642   2.798 0.0000E+00  0.000   2.80
 A889       1.9050 0.07622   1.488 0.0000E+00  0.000   1.49
 A611       1.9084 0.15375   7.551 0.0000E+00  0.000   7.55
 A86        1.9085 0.11913   2.113 0.0000E+00  0.000   2.11
 A495       1.9091 0.03203   7.162 0.0000E+00  0.000   7.16
 A994       1.9257 0.11514   5.778 0.0000E+00  0.000   5.78
 A843       1.9260 0.12084   1.579 0.0000E+00  0.000   1.58
 A769       1.9266 0.03346   0.270 0.0000E+00  0.000   0.27
 A995       1.9283 0.06478   8.472 0.0000E+00  0.000   8.47
 A98        1.9301 0.06781   1.155 0.0000E+00  0.000   1.16
 A144       1.9316 0.06777   0.376 0.0000E+00  0.000   0.38
 A187       1.9318 0.12501   9.262 0.0000E+00  0.000   9.26
 A801       1.9329 0.08025   1.218 0.0000E+00  0.000   1.22
 A311       1.9371 0.08447   8.570 0.0000E+00  0.000   8.57
 A223       1.9373 0.10871   3.542 0.0000E+00  0.000   3.54
 A371       1.9382 0.05183   7.860 0.0000E+00  0.000   7.86
 A617       1.9454 0.12964   2.346 0.0000E+00  0.000   2.35
 A356       1.9462 0.06227   2.679 0.0000E+00  0.000   2.68
 A438       1.9485 0.05594   1.988 0.0000E+00  0.000   1.99
 A675       1.9485 0.09193   7.589 0.0000E+00  0.000   7.59
 A526       1.9518 0.03464   8.907 0.0000E+00  0.000   8.91
 A632       1.9548 0.06871   1.235 0.0000E+00  0.000   1.24
 A942       1.9570 0.00763   8.622 0.0000E+00  0.000   8.62
 A547       1.9634 0.08862   8.095 0.0000E+00  0.000   8.09
 A202       1.9652 0.14236   3.983 0.0000E+00  0.000   3.98
 A82        1.9658 0.16765   1.998 0.0000E+00  0.000   2.00
 A939       1.9679 0.08045   9.783 0.0000E+00  0.000   9.78
 A868       1.9692 0.12084   4.374 0.0000E+00  0.000   4.37
 A111       1.9712 0.09011   2.267 0.0000E+00  0.000   2.27
 A742       1.9732 0.05839   5.050 0.0000E+00  0.000   5.05
 A457       1.9767 0.09541   4.828 0.0000E+00  0.000   4.83
 A254       1.9781 0.07523   3.218 0.0000E+00  0.000   3.22
 A777       1.9809 0.12528   3.014 0.0000E+00  0.000   3.01
 A342       1.9814 0.13914   7.979 0.0000E+00  0.000   7.98
 A565       1.9830 0.01993   6.518 0.0000E+00  0.000   6.52
 A704       1.9932 0.09124   1.364 0.0000E+00  0.000   1.36
 A481       1.9997 0.07169   6.995 0.0000E+00  0.000   6.99
 A933       2.0003 0.05862   2.255 0.0000E+00  0.000   2.26
 A332       2.0015 0.08514   7.765 0.0000E+00  0.000   7.76
 A493       2.0033 0.14046   0.739 0.0000E+00  0.000   0.74
 A506       2.0044 0.04484   0.191 0.0000E+00  0.000   0.19
 A773       2.0068 0.02305   7.198 0.0000E+00  0.000   7.20
 A960       2.0084 0.02274   0.888 0.0000E+00  0.000   0.89
 A503       2.0111 0.13284   3.679 0.0000E+00  0.000   3.68
 A514       2.0115 0.06976   1.989 0.0000E+00  0.000   1.99
 A658       2.0189 0.05493   5.465 0.0000E+00  0.000   5.46
 A786       2.0253 0.08610   4.952 0.0000E+00  0.000   4.95
 A608       2.0254 0.09431   6.159 0.0000E+00  0.000   6.16
 A241       2.0262 0.02001   2.029 0.0000E+00  0.000   2.03
 A714       2.0272 0.14417   4.306 0.0000E+00  0.000   4.31
 A221       2.0275 0.08039   3.759 0.0000E+00  0.000   3.76
 A840       2.0277 0.03567   3.386 0.0000E+00  0.000   3.39
 A836       2.0311 0.06557   3.121 0.0000E+00  0.000   3.12
 A745       2.0313 0.08038   9.994 0.0000E+00  0.000   9.99
 A576       2.0326 0.02746   7.246 0.0000E+00  0.000   7.25
 A267       2.0381 0.02694   6.929 0.0000E+00  0.000   6.93
 A595       2.0393 0.05898   6.612 0.0000E+00  0.000   6.61
 A631       2.0433 0.02659   0.186 0.0000E+00  0.000   0.19
 A655       2.0439 0.08720   3.383 0.0000E+00  0.000   3.38
 A43        2.0501 0.13367   6.240 0.0000E+00  0.000   6.24
 A814       2.0502 0.12189   1.326 0.0000E+00  0.000   1.33
 A107       2.0510 0.05514   3.478 0.0000E+00  0.000   3.48
 A69        2.0559 0.06703   7.206 0.0000E+00  0.000   7.21
 A803       2.0577 0.04030   4.562 0.0000E+00  0.000   4.56
 A328       2.0595 0.16740  10.021 0.0000E+00  0.000  10.02
 A670       2.0693 0.16392   6.690 0.0000E+00  0.000   6.69
 A314       2.0728 0.16575   6.772 0.0000E+00  0.000   6.77
 A820       2.0814 0.05575   0.663 0.0000E+00  0.000   0.66
 A90        2.0877 0.14502   8.096 0.0000E+00  0.000   8.10
 A378       2.0879 0.09198   6.490 0.0000E+00  0.000   6.49
 A685       2.0890 0.07934   2.346 0.0000E+00  0.000   2.35
 A802       2.0891 0.06816   1.318 0.0000E+00  0.000   1.32
 A377       2.0892 0.12474   1.019 0.0000E+00  0.000   1.02
 A138       2.0893 0.10045   7.650 0.0000E+00  0.000   7.65
 A871       2.0898 0.04558   5.970 0.0000E+00  0.000   5.97
 A169       2.0956 0.09138   7.301 0.0000E+00  0.000   7.30
 A736       2.0988 0.06343   0.977 0.0000E+00  0.000   0.98
 A965       2.0995 0.06237   6.416 0.0000E+00  0.000   6.42
 A749       2.1031 0.05268   3.815 0.0000E+00  0.000   3.81
 A96        2.1049 0.06094   8.820 0.0000E+00  0.000   8.82
 A440       2.1077 0.02241   6.827 0.0000E+00  0.000   6.83
 A186       2.1119 0.07942   8.446 0.0000E+00  0.000   8.45
 A25        2.1138 0.06025   6.274 0.0000E+00  0.000   6.27
 A117       2.1208 0.13296   0.088 0.0000E+00  0.000   0.09
 A613       2.1209 0.02292   6.071 0.0000E+00  0.000   6.07
 A317       2.1211 0.11601   5.395 0.0000E+00  0.000   5.40
 A400       2.1225 0.08416   9.004 0.0000E+00  0.000   9.00
 A979       2.1240 0.14222   2.192 0.0000E+00  0.000   2.19
 A273       2.1268 0.04229   0.454 0.0000E+00  0.000   0.45
 A837       2.1277 0.07268   7.194 0.0000E+00  0.000   7.19
 A217       2.1278 0.08845   7.351 0.0000E+00  0.000   7.35
 A686       2.1291 0.09003   6.616 0.0000E+00  0.000   6.62
 A509       2.1325 0.14401   7.524 0.0000E+00  0.000   7.52
 A782       2.1336 0.17565   1.830 0.0000E+00  0.000   1.83
 A824       2.1341 0.05569   9.874 0.0000E+00  0.000   9.87
 A667       2.1354 0.04728   5.606 0.0000E+00  0.000   5.61
 A549       2.1358 0.07599   3.227 0.0000E+00  0.000   3.23
 A610       2.1360 0.11669   0.164 0.0000E+00  0.000   0.16
 A373       2.1393 0.06479   7.324 0.0000E+00  0.000   7.32
 A774       2.1395 0.06819   3.585 0.0000E+00  0.000   3.59
 A553       2.1441 0.16032   1.861 0.0000E+00  0.000   1.86
 A251       2.1445 0.01222   1.228 0.0000E+00  0.000   1.23
 A292       2.1449 0.06818   9.731 0.0000E+00  0.000   9.73
 A12        2.1455 0.01811   6.343 0.0000E+00  0.000   6.34
 A538       2.1519 0.14036   1.335 0.0000E+00  0.000   1.34
 A584       2.1545 0.10712   5.417 0.0000E+00  0.000   5.42
 A325       2.1559 0.04968   0.790 0.0000E+00  0.000   0.79
 A199       2.1598 0.05282   9.679 0.0000E+00  0.000   9.68
 A921       2.1635 0.16779   0.525 0.0000E+00  0.000   0.52
 A429       2.1652 0.09239   0.105 0.0000E+00  0.000   0.11
 A758       2.1685 0.08944   0.344 0.0000E+00  0.000   0.34
 A475       2.1707 0.07118   3.779 0.0000E+00  0.000   3.78
 A55        2.1715 0.05734   7.189 0.0000E+00  0.000   7.19
 A227       2.1725 0.03490   2.127 0.0000E+00  0.000   2.13
 A656       2.1738 0.06551   3.466 0.0000E+00  0.000   3.47
 A966       2.1740 0.02735   3.832 0.0000E+00  0.000   3.83
 A650       2.1750 0.04335   0.382 0.0000E+00  0.000   0.38
 A149       2.1791 0.14251   7.322 0.0000E+00  0.000   7.32
 A191       2.1871 0.10817   3.047 0.0000E+00  0.000   3.05
 A214       2.1895 0.07846   3.663 0.0000E+00  0.000   3.66
 A474       2.1928 0.15621   4.245 0.0000E+00  0.000   4.24
 A750       2.1935 0.02907   5.575 0.0000E+00  0.000   5.57
 A947       2.1959 0.14249   0.915 0.0000E+00  0.000   0.92
 A308       2.1968 0.04663   0.547 0.0000E+00  0.000   0.55
 A513       2.1970 0.04016   1.944 0.0000E+00  0.000   1.94
 A654       2.1984 0.07185   3.485 0.0000E+00  0.000   3.48
 A94        2.2002 0.13666   0.811 0.0000E+00  0.000   0.81
 A379       2.2032 0.17946   2.934 0.0000E+00  0.000   2.93
 A557       2.2052 0.02579   6.125 0.0000E+00  0.000   6.12
 A293       2.2101 0.04724   1.263 0.0000E+00  0.000   1.26
 A45        2.2128 0.04515   2.850 0.0000E+00  0.000   2.85
 A940       2.2177 0.16577   7.978 0.0000E+00  0.000   7.98
 A28        2.2179 0.06353   1.349 0.0000E+00  0.000   1.35
 A908       2.2221 0.02666   6.671 0.0000E+00  0.000   6.67
 A185       2.2236 0.05657   3.391 0.0000E+00  0.000   3.39
 A854       2.2271 0.07855   0.050 0.0000E+00  0.000   0.05
 A72        2.2271 0.04726   2.110 0.0000E+00  0.000   2.11
 A734       2.2300 0.03447   2.581 0.0000E+00  0.000   2.58
 A476       2.2336 0.06922   8.668 0.0000E+00  0.000   8.67
 A990       2.2530 0.08905   5.383 0.0000E+00  0.000   5.38
 A171       2.2560 0.10963   2.327 0.0000E+00  0.000   2.33
 A307       2.2582 0.08492   1.511 0.0000E+00  0.000   1.51
 A384       2.2624 0.04597   9.055 0.0000E+00  0.000   9.06
 A278       2.2645 0.06672   9.048 0.0000E+00  0.000   9.05
 A22        2.2651 0.10048   6.595 0.0000E+00  0.000   6.59
 A229       2.2655 0.04279   4.371 0.0000E+00  0.000   4.37
 A681       2.2657 0.06451   6.780 0.0000E+00  0.000   6.78
 A224       2.2658 0.09104   4.997 0.0000E+00  0.000   5.00
 A710       2.2669 0.06848   1.232 0.0000E+00  0.000   1.23
 A97        2.2728 0.09327   9.810 0.0000E+00  0.000   9.81
 A61        2.2731 0.03231   1.755 0.0000E+00  0.000   1.76
 A310       2.2955 0.03661   6.457 0.0000E+00  0.000   6.46
 A818       2.2960 0.07405   7.676 0.0000E+00  0.000   7.68
 A147       2.2964 0.09948   1.472 0.0000E+00  0.000   1.47
 A784       2.2964 0.06066   4.617 0.0000E+00  0.000   4.62
 A672       2.3008 0.08894   3.746 0.0000E+00  0.000   3.75
 A890       2.3028 0.07005   0.325 0.0000E+00  0.000   0.32
 A744       2.3031 0.07176   7.497 0.0000E+00  0.000   7.50
 A770       2.3062 0.07204   3.526 0.0000E+00  0.000   3.53
 A455       2.3128 0.07588   7.693 0.0000E+00  0.000   7.69
 A796       2.3134 0.11331   1.922 0.0000E+00  0.000   1.92
 A158       2.3159 0.12834   0.375 0.0000E+00  0.000   0.37
 A991       2.3174 0.05804   8.215 0.0000E+00  0.000   8.21
 A35        2.3203 0.12564   7.481 0.0000E+00  0.000   7.48
 A849       2.3205 0.11463   1.343 0.0000E+00  0.000   1.34
 A726       2.3205 0.04447   8.934 0.0000E+00  0.000   8.93
 A272       2.3249 0.10030   7.788 0.0000E+00  0.000   7.79
 A867       2.3262 0.06550   9.617 0.0000E+00  0.000   9.62
 A313       2.3324 0.07918   7.929 0.0000E+00  0.000   7.93
 A473       2.3394 0.01581   4.600 0.0000E+00  0.000   4.60
 A918       2.3394 0.06662   5.793 0.0000E+00  0.000   5.79
 A465       2.3415 0.12458   5.972 0.0000E+00  0.000   5.97
 A323       2.3467 0.13016   2.707 0.0000E+00  0.000   2.71
 A1000      2.3479 0.11734   0.559 0.0000E+00  0.000   0.56
 A436       2.3569 0.10214   7.948 0.0000E+00  0.000   7.95
 A165       2.3591 0.19841   3.601 0.0000E+00  0.000   3.60
 A174       2.3667 0.04696   4.264 0.0000E+00  0.000   4.26
 A902       2.3696 0.04669   8.990 0.0000E+00  0.000   8.99
 A790       2.3704 0.02743   2.123 0.0000E+00  0.000   2.12
 A127       2.3716 0.09257   5.012 0.0000E+00  0.000   5.01
 A375       2.3739 0.13273   2.478 0.0000E+00  0.000   2.48
 A257       2.3776 0.08472   4.228 0.0000E+00  0.000   4.23
 A605       2.3818 0.14252   0.428 0.0000E+00  0.000   0.43
 A641       2.3853 0.08580   1.857 0.0000E+00  0.000   1.86
 A748       2.3853 0.09381   4.499 0.0000E+00  0.000   4.50
 A858       2.3859 0.03334   9.588 0.0000E+00  0.000   9.59
 A530       2.3869 0.07538   6.974 0.0000E+00  0.000   6.97
 A321       2.3901 0.12002   6.246 0.0000E+00  0.000   6.25
 A20        2.3903 0.16859   4.225 0.0000E+00  0.000   4.23
 A696       2.3908 0.04717   4.779 0.0000E+00  0.000   4.78
 A48        2.3954 0.03047   3.047 0.0000E+00  0.000   3.05
 A93        2.3998 0.08050   1.306 0.0000E+00  0.000   1.31
 A156       2.4060 0.04951   4.429 0.0000E+00  0.000   4.43
 A967       2.4070 0.13860   6.191 0.0000E+00  0.000   6.19
 A101       2.4083 0.11048   9.341 0.0000E+00  0.000   9.34
 A444       2.4094 0.06585   5.731 0.0000E+00  0.000   5.73
 A695       2.4103 0.10833   4.157 0.0000E+00  0.000   4.16
 A895       2.4133 0.12012   9.981 0.0000E+00  0.000   9.98
 A345       2.4172 0.08161   4.014 0.0000E+00  0.000   4.01
 A159       2.4190 0.12936   1.097 0.0000E+00  0.000   1.10
 A876       2.4214 0.11402   4.220 0.0000E+00  0.000   4.22
 A821       2.4246 0.08216   3.045 0.0000E+00  0.000   3.05
 A998       2.4349 0.05496   5.274 0.0000E+00  0.000   5.27
 A776       2.4393 0.17261   1.501 0.0000E+00  0.000   1.50
 A831       2.4442 0.13859   9.083 0.0000E+00  0.000   9.08
 A953       2.4479 0.07549   5.545 0.0000E+00  0.000   5.55
 A943       2.4485 0.05663   7.645 0.0000E+00  0.000   7.65
 A172       2.4675 0.14768   8.071 0.0000E+00  0.000   8.07
 A442       2.4740 0.05961   2.594 0.0000E+00  0.000   2.59
 A701       2.4782 0.03254   9.948 0.0000E+00  0.000   9.95
 A112       2.4824 0.04507   6.304 0.0000E+00  0.000   6.30
 A388       2.4840 0.03017   2.586 0.0000E+00  0.000   2.59
 A337       2.4911 0.07782   2.274 0.0000E+00  0.000   2.27
 A791       2.4922 0.05839   6.593 0.0000E+00  0.000   6.59
 A13        2.4937 0.04240   7.813 0.0000E+00  0.000   7.81
 A302       2.4986 0.11817   5.103 0.0000E+00  0.000   5.10
 A884       2.5162 0.06254   1.293 0.0000E+00  0.000   1.29
 A859       2.5211 0.21280   1.498 0.0000E+00  0.000   1.50
 A599       2.5217 0.08925   3.383 0.0000E+00  0.000   3.38
 A102       2.5240 0.06227   2.843 0.0000E+00  0.000   2.84
 A367       2.5253 0.17939   4.238 0.0000E+00  0.000   4.24
 A975       2.5253 0.12512   4.283 0.0000E+00  0.000   4.28
 A424       2.5276 0.24609   8.363 0.0000E+00  0.000   8.36
 A236       2.5302 0.06986   1.473 0.0000E+00  0.000   1.47
 A651       2.5331 0.07596   0.902 0.0000E+00  0.000   0.90
 A287       2.5424 0.14760   4.612 0.0000E+00  0.000   4.61
 A705       2.5448 0.05708   5.434 0.0000E+00  0.000   5.43
 A922       2.5450 0.15705   3.161 0.0000E+00  0.000   3.16
 A374       2.5451 0.01427   8.506 0.0000E+00  0.000   8.51
 A352       2.5469 0.06752   6.702 0.0000E+00  0.000   6.70
 A468       2.5474 0.13855   5.036 0.0000E+00  0.000   5.04
 A89        2.5551 0.12531   7.175 0.0000E+00  0.000   7.18
 A861       2.5577 0.11907   3.016 0.0000E+00  0.000   3.02
 A690       2.5578 0.08998   4.641 0.0000E+00  0.000   4.64
 A42        2.5632 0.06937   6.841 0.0000E+00  0.000   6.84
 A706       2.5648 0.09785   3.622 0.0000E+00  0.000   3.62
 A11        2.5649 0.07037   7.901 0.0000E+00  0.000   7.90
 A222       2.5663 0.09774   5.921 0.0000E+00  0.000   5.92
 A596       2.5665 0.09503  10.057 0.0000E+00  0.000  10.06
 A806       2.5700 0.07583   7.688 0.0000E+00  0.000   7.69
 A167       2.5742 0.10285   5.667 0.0000E+00  0.000   5.67
 A331       2.5768 0.11984   2.667 0.0000E+00  0.000   2.67
 A851       2.5780 0.10148   4.583 0.0000E+00  0.000   4.58
 A844       2.5816 0.22543   5.875 0.0000E+00  0.000   5.87
 A666       2.5872 0.14593   2.990 0.0000E+00  0.000   2.99
 A239       2.5875 0.13499   6.503 0.0000E+00  0.000   6.50
 A688       2.5890 0.07181   3.267 0.0000E+00  0.000   3.27
 A31        2.5960 0.08255   8.798 0.0000E+00  0.000   8.80
 A175       2.5980 0.05991   4.366 0.0000E+00  0.000   4.37
 A422       2.5988 0.03180   5.178 0.0000E+00  0.000   5.18
 A431       2.6010 0.05451   2.490 0.0000E+00  0.000   2.49
 A276       2.6021 0.20165   0.450 0.0000E+00  0.000   0.45
 A284       2.6066 0.10452   4.886 0.0000E+00  0.000   4.89
 A256       2.6121 0.17362   9.136 0.0000E+00  0.000   9.14
 A609       2.6137 0.17217   8.250 0.0000E+00  0.000   8.25
 A450       2.6147 0.03315   3.211 0.0000E+00  0.000   3.21
 A896       2.6161 0.07356   7.724 0.0000E+00  0.000   7.72
 A141       2.6168 0.11524   1.747 0.0000E+00  0.000   1.75
 A661       2.6209 0.11491   4.299 0.0000E+00  0.000   4.30
 A662       2.6212 0.09686   2.786 0.0000E+00  0.000   2.79
 A213       2.6214 0.11899   5.277 0.0000E+00  0.000   5.28
 A135       2.6235 0.07424   9.327 0.0000E+00  0.000   9.33
 A454       2.6299 0.02757   9.836 0.0000E+00  0.000   9.84
 A891       2.6303 0.15312   6.968 0.0000E+00  0.000   6.97
 A338       2.6333 0.04745   7.338 0.0000E+00  0.000   7.34
 A184       2.6364 0.08024   6.759 0.0000E+00  0.000   6.76
 A372       2.6394 0.12253   2.771 0.0000E+00  0.000   2.77
 A204       2.6442 0.02985   7.884 0.0000E+00  0.000   7.88
 A386       2.6471 0.12342   3.975 0.0000E+00  0.000   3.98
 A925       2.6527 0.08322   1.739 0.0000E+00  0.000   1.74
 A67        2.6552 0.13087   6.228 0.0000E+00  0.000   6.23
 A853       2.6568 0.17681   0.565 0.0000E+00  0.000   0.56
 A968       2.6588 0.13183   4.956 0.0000E+00  0.000   4.96
 A872       2.6588 0.03060   0.196 0.0000E+00  0.000   0.20
 A6         2.6636 0.12471   4.405 0.0000E+00  0.000   4.40
 A938       2.6683 0.09567   0.773 0.0000E+00  0.000   0.77
 A489       2.6688 0.12747   7.154 0.0000E+00  0.000   7.15
 A718       2.6697 0.00476   5.563 0.0000E+00  0.000   5.56
 A957       2.6702 0.09261   5.382 0.0000E+00  0.000   5.38
 A887       2.6713 0.13211  10.073 0.0000E+00  0.000  10.07
 A715       2.6845 0.11189   2.340 0.0000E+00  0.000   2.34
 A709       2.6896 0.04253   4.149 0.0000E+00  0.000   4.15
 A730       2.6928 0.02678   4.926 0.0000E+00  0.000   4.93
 A471       2.6941 0.08461   7.085 0.0000E+00  0.000   7.09
 A630       2.6951 0.05407   0.925 0.0000E+00  0.000   0.92
 A39        2.6982 0.08143   9.259 0.0000E+00  0.000   9.26
 A100       2.6984 0.02946   6.401 0.0000E+00  0.000   6.40
 A911       2.7056 0.22565   2.474 0.0000E+00  0.000   2.47
 A4         2.7088 0.03690   2.435 0.0000E+00  0.000   2.43
 A360       2.7095 0.12465   0.001 0.0000E+00  0.000   0.00
 A499       2.7101 0.02289   2.783 0.0000E+00  0.000   2.78
 A963       2.7162 0.09880   7.141 0.0000E+00  0.000   7.14
 A833       2.7172 0.07843   8.963 0.0000E+00  0.000   8.96
 A815       2.7203 0.07384   3.667 0.0000E+00  0.000   3.67
 A303       2.7260 0.04892   6.252 0.0000E+00  0.000   6.25
 A934       2.7287 0.10521   1.875 0.0000E+00  0.000   1.88
 A316       2.7290 0.06504   7.347 0.0000E+00  0.000   7.35
 A917       2.7299 0.11631   6.649 0.0000E+00  0.000   6.65
 A208       2.7302 0.13612  10.135 0.0000E+00  0.000  10.13
 A682       2.7306 0.12478   3.314 0.0000E+00  0.000   3.31
 A409       2.7315 0.21399   5.075 0.0000E+00  0.000   5.07
 A552       2.7325 0.13038   5.694 0.0000E+00  0.000   5.69
 A300       2.7351 0.03417   6.751 0.0000E+00  0.000   6.75
 A451       2.7424 0.09929   8.157 0.0000E+00  0.000   8.16
 A694       2.7456 0.11658   1.490 0.0000E+00  0.000   1.49
 A624       2.7502 0.05423   8.539 0.0000E+00  0.000   8.54
 A243       2.7503 0.10490   8.796 0.0000E+00  0.000   8.80
 A760       2.7507 0.00262   2.391 0.0000E+00  0.000   2.39
 A87        2.7519 0.06469   7.935 0.0000E+00  0.000   7.94
 A747       2.7522 0.04261   2.134 0.0000E+00  0.000   2.13
 A800       2.7584 0.06400   3.400 0.0000E+00  0.000   3.40
 A735       2.7591 0.09161   4.788 0.0000E+00  0.000   4.79
 A2         2.7599 0.08069   0.466 0.0000E+00  0.000   0.47
 A312       2.7605 0.20258   7.675 0.0000E+00  0.000   7.67
 A37        2.7617 0.09146   2.796 0.0000E+00  0.000   2.80
 A336       2.7621 0.11800   3.365 0.0000E+00  0.000   3.37
 A294       2.7644 0.08570   5.673 0.0000E+00  0.000   5.67
 A365       2.7715 0.02790   8.165 0.0000E+00  0.000   8.17
 A432       2.7813 0.15659   1.932 0.0000E+00  0.000   1.93
 A19        2.7813 0.09282   9.600 0.0000E+00  0.000   9.60
 A393       2.7816 0.13147   6.408 0.0000E+00  0.000   6.41
 A838       2.7881 0.04441   2.977 0.0000E+00  0.000   2.98
 A339       2.7912 0.04986   1.744 0.0000E+00  0.000   1.74
 A648       2.7933 0.11889   5.276 0.0000E+00  0.000   5.28
 A233       2.7946 0.15126   4.436 0.0000E+00  0.000   4.44
 A237       2.7966 0.09810   4.000 0.0000E+00  0.000   4.00
 A120       2.7972 0.11803   7.728 0.0000E+00  0.000   7.73
 A812       2.8054 0.01165   1.422 0.0000E+00  0.000   1.42
 A629       2.8075 0.11328   3.545 0.0000E+00  0.000   3.55
 A826       2.8077 0.12009   1.054 0.0000E+00  0.000   1.05
 A764       2.8098 0.13217   8.830 0.0000E+00  0.000   8.83
 A163       2.8109 0.14062   2.700 0.0000E+00  0.000   2.70
 A574       2.8348 0.15074   5.359 0.0000E+00  0.000   5.36
 A196       2.8402 0.07816   5.988 0.0000E+00  0.000   5.99
 A403       2.8403 0.06248   1.691 0.0000E+00  0.000   1.69
 A353       2.8415 0.06966   6.310 0.0000E+00  0.000   6.31
 A888       2.8418 0.19554   2.198 0.0000E+00  0.000   2.20
 A340       2.8494 0.08473   4.563 0.0000E+00  0.000   4.56
 A507       2.8501 0.10118   2.764 0.0000E+00  0.000   2.76
 A426       2.8519 0.04582   9.240 0.0000E+00  0.000   9.24
 A620       2.8529 0.05703   0.674 0.0000E+00  0.000   0.67
 A762       2.8529 0.08793   9.449 0.0000E+00  0.000   9.45
 A528       2.8569 0.13611   7.526 0.0000E+00  0.000   7.53
 A763       2.8576 0.13886   1.810 0.0000E+00  0.000   1.81
 A850       2.8579 0.10025   1.524 0.0000E+00  0.000   1.52
 A600       2.8606 0.15835   0.521 0.0000E+00  0.000   0.52
 A881       2.8654 0.21478   5.829 0.0000E+00  0.000   5.83
 A912       2.8672 0.09389   8.086 0.0000E+00  0.000   8.09
 A984       2.8672 0.06678   3.608 0.0000E+00  0.000   3.61
 A320       2.8700 0.07109   9.319 0.0000E+00  0.000   9.32
 A177       2.8720 0.08819   2.772 0.0000E+00  0.000   2.77
 A483       2.8748 0.16300   2.998 0.0000E+00  0.000   3.00
 A612       2.8789 0.07092   8.202 0.0000E+00  0.000   8.20
 A754       2.8847 0.09056   3.145 0.0000E+00  0.000   3.14
 A540       2.8853 0.05249   8.403 0.0000E+00  0.000   8.40
 A737       2.8858 0.16709   3.034 0.0000E+00  0.000   3.03
 A330       2.8859 0.12405   7.621 0.0000E+00  0.000   7.62
 A794       2.8864 0.12110   8.428 0.0000E+00  0.000   8.43
 A382       2.8877 0.08416   1.215 0.0000E+00  0.000   1.22
 A669       2.8929 0.09716   0.336 0.0000E+00  0.000   0.34
 A679       2.8979 0.03218   4.816 0.0000E+00  0.000   4.82
 A727       2.9088 0.17806   4.212 0.0000E+00  0.000   4.21
 A333       2.9103 0.10651   7.503 0.0000E+00  0.000   7.50
 A830       2.9116 0.07852   1.879 0.0000E+00  0.000   1.88
 A885       2.9122 0.07511   8.244 0.0000E+00  0.000   8.24
 A484       2.9215 0.11847   4.471 0.0000E+00  0.000   4.47
 A478       2.9227 0.09942   2.425 0.0000E+00  0.000   2.42
 A785       2.9234 0.06612   2.092 0.0000E+00  0.000   2.09
 A359       2.9294 0.05720   7.120 0.0000E+00  0.000   7.12
 A659       2.9337 0.07455   5.047 0.0000E+00  0.000   5.05
 A77        2.9375 0.04978   8.897 0.0000E+00  0.000   8.90
 A193       2.9381 0.07662   2.984 0.0000E+00  0.000   2.98
 A8         2.9441 0.08828   5.251 0.0000E+00  0.000   5.25
 A64        2.9469 0.20584   9.231 0.0000E+00  0.000   9.23
 A49        2.9473 0.07199   4.190 0.0000E+00  0.000   4.19
 A143       2.9525 0.13606   5.547 0.0000E+00  0.000   5.55
 A459       2.9619 0.13544   2.395 0.0000E+00  0.000   2.40
 A21        2.9636 0.14815   4.558 0.0000E+00  0.000   4.56
 A931       2.9653 0.04620   3.625 0.0000E+00  0.000   3.63
 A869       2.9693 0.10028   9.488 0.0000E+00  0.000   9.49
 A176       2.9703 0.07485   6.973 0.0000E+00  0.000   6.97
 A59        2.9783 0.21233   5.875 0.0000E+00  0.000   5.88
 A986       2.9815 0.12928   2.765 0.0000E+00  0.000   2.77
 A118       2.9854 0.10174   9.151 0.0000E+00  0.000   9.15
 A720       2.9859 0.14836   2.800 0.0000E+00  0.000   2.80
 A501       2.9861 0.01546   0.606 0.0000E+00  0.000   0.61
 A408       2.9976 0.12837   2.328 0.0000E+00  0.000   2.33
 A115       3.0006 0.04726   0.993 0.0000E+00  0.000   0.99
 A182       3.0008 0.11952   9.292 0.0000E+00  0.000   9.29
 A410       3.0033 0.08247   3.726 0.0000E+00  0.000   3.73
 A462       3.0033 0.06957   2.784 0.0000E+00  0.000   2.78
 A23        3.0130 0.08918   1.272 0.0000E+00  0.000   1.27
 A235       3.0170 0.09704   8.664 0.0000E+00  0.000   8.66
 A527       3.0218 0.07797   3.076 0.0000E+00  0.000   3.08
 A464       3.0233 0.05203   0.828 0.0000E+00  0.000   0.83
 A282       3.0259 0.04896   0.166 0.0000E+00  0.000   0.17
 A640       3.0311 0.04179   5.264 0.0000E+00  0.000   5.26
 A883       3.0332 0.12412   6.500 0.0000E+00  0.000   6.50
 A590       3.0360 0.22084   3.965 0.0000E+00  0.000   3.96
 A897       3.0369 0.14728   9.429 0.0000E+00  0.000   9.43
 A240       3.0426 0.09724   5.148 0.0000E+00  0.000   5.15
 A1         3.0479 0.14267   2.680 0.0000E+00  0.000   2.68
 A385       3.0510 0.11360   1.466 0.0000E+00  0.000   1.47
 A646       3.0571 0.08640   2.520 0.0000E+00  0.000   2.52
 A712       3.0592 0.04650   5.073 0.0000E+00  0.000   5.07
 A804       3.0614 0.16580   3.397 0.0000E+00  0.000   3.40
 A397       3.0623 0.04367   1.129 0.0000E+00  0.000   1.13
 A54        3.0702 0.08307   0.716 0.0000E+00  0.000   0.72
 A123       3.0742 0.16214   3.666 0.0000E+00  0.000   3.67
 A416       3.0742 0.10877   5.013 0.0000E+00  0.000   5.01
 A722       3.0757 0.17005  10.322 0.0000E+00  0.000  10.32
 A550       3.0758 0.12778   7.646 0.0000E+00  0.000   7.65
 A76        3.0790 0.02863   5.866 0.0000E+00  0.000   5.87
 A539       3.0811 0.08152   2.888 0.0000E+00  0.000   2.89
 A420       3.0825 0.11381   1.424 0.0000E+00  0.000   1.42
 A252       3.0827 0.06173   0.187 0.0000E+00  0.000   0.19
 A248       3.0832 0.10644   6.563 0.0000E+00  0.000   6.56
 A692       3.0871 0.16036   6.421 0.0000E+00  0.000   6.42
 A566       3.0896 0.05395   9.574 0.0000E+00  0.000   9.57
 A689       3.0947 0.07213   3.762 0.0000E+00  0.000   3.76
 A106       3.1033 0.05895   6.239 0.0000E+00  0.000   6.24
 A996       3.1074 0.07792   4.698 0.0000E+00  0.000   4.70
 A893       3.1090 0.14183   5.479 0.0000E+00  0.000   5.48
 A71        3.1127 0.08829   4.088 0.0000E+00  0.000   4.09
 A456       3.1137 0.07465   3.631 0.0000E+00  0.000   3.63
 A68        3.1143 0.10521   8.444 0.0000E+00  0.000   8.44
 A218       3.1172 0.05824   6.856 0.0000E+00  0.000   6.86
 A250       3.1217 0.12083   1.696 0.0000E+00  0.000   1.70
 A391       3.1229 0.15556   3.493 0.0000E+00  0.000   3.49
 A247       3.1257 0.10212   1.495 0.0000E+00  0.000   1.49
 A78        3.1258 0.06254   9.259 0.0000E+00  0.000   9.26
 A335       3.1275 0.03816   9.103 0.0000E+00  0.000   9.10
 A194       3.1296 0.16020   8.830 0.0000E+00  0.000   8.83
 A133       3.1355 0.06023   8.504 0.0000E+00  0.000   8.50
 A653       3.1363 0.10544   8.394 0.0000E+00  0.000   8.39
 A16        3.1393 0.11199   4.673 0.0000E+00  0.000   4.67
 A674       3.1428 0.09077   7.055 0.0000E+00  0.000   7.06
 A279       3.1437 0.14690   9.582 0.0000E+00  0.000   9.58
 A589       3.1462 0.11766   7.888 0.0000E+00  0.000   7.89
 A244       3.1474 0.03324   7.093 0.0000E+00  0.000   7.09
 A103       3.1621 0.03295   3.370 0.0000E+00  0.000   3.37
 A711       3.1646 0.09822   6.484 0.0000E+00  0.000   6.48
 A819       3.1651 0.12529   0.344 0.0000E+00  0.000   0.34
 A877       3.1696 0.07369   7.742 0.0000E+00  0.000   7.74
 A592       3.1704 0.03592   3.091 0.0000E+00  0.000   3.09
 A766       3.1731 0.08965   7.632 0.0000E+00  0.000   7.63
 A40        3.1744 0.14329   8.620 0.0000E+00  0.000   8.62
 A480       3.1745 0.16426   6.077 0.0000E+00  0.000   6.08
 A401       3.1776 0.07694   5.461 0.0000E+00  0.000   5.46
 A305       3.1798 0.11853   8.089 0.0000E+00  0.000   8.09
 A546       3.1802 0.10849   5.875 0.0000E+00  0.000   5.88
 A949       3.1821 0.02444   4.563 0.0000E+00  0.000   4.56
 A707       3.1830 0.14747   0.893 0.0000E+00  0.000   0.89
 A959       3.1870 0.06778   1.999 0.0000E+00  0.000   2.00
 A716       3.1925 0.17845   6.172 0.0000E+00  0.000   6.17
 A834       3.1926 0.09345   0.373 0.0000E+00  0.000   0.37
 A657       3.1928 0.07439   2.983 0.0000E+00  0.000   2.98
 A898       3.1940 0.06130   3.437 0.0000E+00  0.000   3.44
 A195       3.1947 0.10955   9.145 0.0000E+00  0.000   9.15
 A326       3.2015 0.10632   0.217 0.0000E+00  0.000   0.22
 A930       3.2062 0.13842   6.006 0.0000E+00  0.000   6.01
 A298       3.2080 0.16856   4.246 0.0000E+00  0.000   4.25
 A572       3.2082 0.14158   2.075 0.0000E+00  0.000   2.08
 A60        3.2137 0.15338   7.108 0.0000E+00  0.000   7.11
 A563       3.2171 0.03207   1.650 0.0000E+00  0.000   1.65
 A910       3.2206 0.09661   5.233 0.0000E+00  0.000   5.23
 A192       3.2256 0.36732   1.308 0.0000E+00  0.000   1.31
 A676       3.2270 0.11887   1.787 0.0000E+00  0.000   1.79
 A644       3.2287 0.17379   1.194 0.0000E+00  0.000   1.19
 A73        3.2306 0.28602   0.671 0.0000E+00  0.000   0.67
 A983       3.2306 0.59074  13.181 0.0000E+00  0.000  13.18
 A985       3.2307 0.16554  27.479 0.0000E+00  0.000  27.48
 A825       3.2328 0.08207   9.783 0.0000E+00  0.000   9.78
 A626       3.2337 0.07701   5.715 0.0000E+00  0.000   5.71
 A832       3.2343 0.03744   8.259 0.0000E+00  0.000   8.26
 A700       3.2346 0.03141   2.094 0.0000E+00  0.000   2.09
 A350       3.2375 0.08391   1.636 0.0000E+00  0.000   1.64
 A954       3.2502 0.10487   0.582 0.0000E+00  0.000   0.58
 A779       3.2557 0.11495  14.931 0.0000E+00  0.000  14.93
 A518       3.2604 0.39360  30.425 0.0000E+00  0.000  30.43
 A551       3.2607 0.04846   7.928 0.0000E+00  0.000   7.93
 A91        3.2660 0.11173  23.241 0.0000E+00  0.000  23.24
 A937       3.2713 0.03608   2.594 0.0000E+00  0.000   2.59
 A238       3.2860 0.04375  32.784 0.0000E+00  0.000  32.78
 A327       3.2883 0.30729   6.865 0.0000E+00  0.000   6.86
 A261       3.2927 0.12958  12.307 0.0000E+00  0.000  12.31
 A606       3.3167 0.26693  10.710 0.0000E+00  0.000  10.71
 A70        3.3170 0.05568   5.548 0.0000E+00  0.000   5.55
 A808       3.3223 0.10120   0.409 0.0000E+00  0.000   0.41
 A775       3.3267 0.17213  31.916 0.0000E+00  0.000  31.92
 A684       3.3357 0.11445   1.395 0.0000E+00  0.000   1.40
 A680       3.3382 0.05250   5.149 0.0000E+00  0.000   5.15
 A759       3.3383 0.02217   3.926 0.0000E+00  0.000   3.93
 A81        3.3419 0.30340  12.111 0.0000E+00  0.000  12.11
 A363       3.3425 0.06226   4.015 0.0000E+00  0.000   4.02
 A231       3.3432 0.14461  10.216 0.0000E+00  0.000  10.22
 A271       3.3462 0.13714   9.660 0.0000E+00  0.000   9.66
 A357       3.3464 0.06312   8.596 0.0000E+00  0.000   8.60
 A643       3.3465 0.06290   6.152 0.0000E+00  0.000   6.15
 A209       3.3523 0.12124   3.161 0.0000E+00  0.000   3.16
 A520       3.3536 0.06016   7.243 0.0000E+00  0.000   7.24
 A805       3.3564 0.24951   7.617 0.0000E+00  0.000   7.62
 A616       3.3585 0.14447   1.070 0.0000E+00  0.000   1.07
 A929       3.3594 0.07836   3.430 0.0000E+00  0.000   3.43
 A997       3.3698 0.05495   8.998 0.0000E+00  0.000   9.00
 A598       3.3714 0.06928   6.040 0.0000E+00  0.000   6.04
 A781       3.3741 0.05756   7.111 0.0000E+00  0.000   7.11
 A137       3.3752 0.10514   6.931 0.0000E+00  0.000   6.93
 A376       3.3757 0.06366   1.063 0.0000E+00  0.000   1.06
 A621       3.3774 0.02890   1.606 0.0000E+00  0.000   1.61
 A524       3.3778 0.12267   2.139 0.0000E+00  0.000   2.14
 A128       3.3794 0.07275   4.299 0.0000E+00  0.000   4.30
 A66        3.3809 0.13223   5.235 0.0000E+00  0.000   5.24
 A262       3.3848 0.17466   2.877 0.0000E+00  0.000   2.88
 A542       3.3878 0.06372   5.405 0.0000E+00  0.000   5.40
 A597       3.3943 0.07716   2.650 0.0000E+00  0.000   2.65
 A914       3.3957 0.01505   8.377 0.0000E+00  0.000   8.38
 A160       3.3960 0.10877   4.274 0.0000E+00  0.000   4.27
 A370       3.3974 0.14929   3.996 0.0000E+00  0.000   4.00
 A53        3.3986 0.07788   2.552 0.0000E+00  0.000   2.55
 A573       3.3996 0.10336   1.377 0.0000E+00  0.000   1.38
 A741       3.4038 0.16625   8.711 0.0000E+00  0.000   8.71
 A460       3.4045 0.17666   0.661 0.0000E+00  0.000   0.66
 A813       3.4137 0.11419   8.227 0.0000E+00  0.000   8.23
 A568       3.4139 0.14179   1.489 0.0000E+00  0.000   1.49
 A697       3.4173 0.08164   6.645 0.0000E+00  0.000   6.64
 A131       3.4193 0.11924   3.445 0.0000E+00  0.000   3.45
 A458       3.4229 0.07108   3.236 0.0000E+00  0.000   3.24
 A778       3.4240 0.03944   5.824 0.0000E+00  0.000   5.82
 A154       3.4243 0.03995   3.262 0.0000E+00  0.000   3.26
 A874       3.4255 0.18330   4.627 0.0000E+00  0.000   4.63
 A569       3.4261 0.03247   8.881 0.0000E+00  0.000   8.88
 A166       3.4309 0.15514   0.584 0.0000E+00  0.000   0.58
 A57        3.4389 0.08552   5.524 0.0000E+00  0.000   5.52
 A27        3.4406 0.04239   8.507 0.0000E+00  0.000   8.51
 A463       3.4438 0.17402   7.119 0.0000E+00  0.000   7.12
 A708       3.4449 0.17096   5.298 0.0000E+00  0.000   5.30
 A322       3.4532 0.08520   6.920 0.0000E+00  0.000   6.92
 A523       3.4563 0.15776   1.416 0.0000E+00  0.000   1.42
 A75        3.4588 0.11264  11.009 0.0000E+00  0.000  11.01
 A502       3.4597 0.18421   2.986 0.0000E+00  0.000   2.99
 A558       3.4624 0.03870   2.333 0.0000E+00  0.000   2.33
 A923       3.4654 0.08528   2.937 0.0000E+00  0.000   2.94
 A873       3.4727 0.11387   6.068 0.0000E+00  0.000   6.07
 A970       3.4772 0.12121   2.084 0.0000E+00  0.000   2.08
 A623       3.4832 0.18814   5.397 0.0000E+00  0.000   5.40
 A645       3.4851 0.14469   8.825 0.0000E+00  0.000   8.83
 A295       3.4878 0.20875   4.081 0.0000E+00  0.000   4.08
 A452       3.4888 0.13071   4.325 0.0000E+00  0.000   4.33
 A260       3.4921 0.03863   0.069 0.0000E+00  0.000   0.07
 A110       3.4934 0.07629   0.201 0.0000E+00  0.000   0.20
 A415       3.4950 0.08304   5.091 0.0000E+00  0.000   5.09
 A981       3.4988 0.09310   7.664 0.0000E+00  0.000   7.66
 A789       3.5090 0.05023   2.995 0.0000E+00  0.000   3.00
 A945       3.5236 0.12457   5.459 0.0000E+00  0.000   5.46
 A882       3.5364 0.17352   5.541 0.0000E+00  0.000   5.54
 A433       3.5406 0.17122   0.592 0.0000E+00  0.000   0.59
 A245       3.5429 0.10838   5.868 0.0000E+00  0.000   5.87
 A999       3.5482 0.19690   2.632 0.0000E+00  0.000   2.63
 A906       3.5491 0.18195   4.269 0.0000E+00  0.000   4.27
 A108       3.5496 0.06977   7.237 0.0000E+00  0.000   7.24
 A531       3.5503 0.15248   0.647 0.0000E+00  0.000   0.65
 A829       3.5537 0.17513   4.145 0.0000E+00  0.000   4.14
 A274       3.5541 0.17025   1.252 0.0000E+00  0.000   1.25
 A453       3.5552 0.04374   4.957 0.0000E+00  0.000   4.96
 A987       3.5601 0.16029   9.387 0.0000E+00  0.000   9.39
 A105       3.5883 0.03737   3.850 0.0000E+00  0.000   3.85
 A920       3.5986 0.09269   1.637 0.0000E+00  0.000   1.64
 A220       3.6000 0.14105   2.096 0.0000E+00  0.000   2.10
 A500       3.6050 0.17211   8.081 0.0000E+00  0.000   8.08
 A561       3.6076 0.17273   8.095 0.0000E+00  0.000   8.10
 A417       3.6206 0.16220   9.731 0.0000E+00  0.000   9.73
 A894       3.6256 0.05695   8.690 0.0000E+00  0.000   8.69
 A580       3.6294 0.18595   1.599 0.0000E+00  0.000   1.60
 A932       3.6296 0.13451   3.257 0.0000E+00  0.000   3.26
 A219       3.6329 0.13850   6.395 0.0000E+00  0.000   6.40
 A955       3.6374 0.08259   3.480 0.0000E+00  0.000   3.48
 A52        3.6383 0.13124   4.101 0.0000E+00  0.000   4.10
 A435       3.6439 0.10789   5.163 0.0000E+00  0.000   5.16
 A402       3.6466 0.15854   2.753 0.0000E+00  0.000   2.75
 A434       3.6533 0.12370   3.622 0.0000E+00  0.000   3.62
 A291       3.6610 0.14529   7.995 0.0000E+00  0.000   8.00
 A124       3.6615 0.10133   1.886 0.0000E+00  0.000   1.89
 A46        3.6691 0.07590   8.388 0.0000E+00  0.000   8.39
 A927       3.6757 0.14516   1.058 0.0000E+00  0.000   1.06
 A148       3.7121 0.05411   0.514 0.0000E+00  0.000   0.51
 A579       3.7341 0.21945   0.310 0.0000E+00  0.000   0.31
 A587       3.7530 0.15259   6.556 0.0000E+00  0.000   6.56
 A622       3.7549 0.15081   1.720 0.0000E+00  0.000   1.72
 A183       3.7588 0.18983   3.558 0.0000E+00  0.000   3.56
 A383       3.7597 0.10768   0.409 0.0000E+00  0.000   0.41
 A446       3.7702 0.15331   8.489 0.0000E+00  0.000   8.49
 A242       3.7704 0.08588   9.511 0.0000E+00  0.000   9.51
 A863       3.8308 0.04471   0.059 0.0000E+00  0.000   0.06
 A904       3.8488 0.05536   0.284 0.0000E+00  0.000   0.28
 A647       3.8738 0.09632   4.520 0.0000E+00  0.000   4.52
 A200       3.8830 0.19021   1.673 0.0000E+00  0.000   1.67
 A570       3.9164 0.27907  13.849 0.0000E+00  0.000  13.85
 A614       3.9196 0.19556   2.739 0.0000E+00  0.000   2.74
 A723       3.9202 0.11375   1.271 0.0000E+00  0.000   1.27
 A783       3.9231 0.02775   8.691 0.0000E+00  0.000   8.69
 A810       3.9292 0.16894   5.865 0.0000E+00  0.000   5.86
 A761       3.9318 0.26028   1.604 0.0000E+00  0.000   1.60
 A212       3.9354 0.12955   7.569 0.0000E+00  0.000   7.57
 A198       3.9423 0.34351   1.638 0.0000E+00  0.000   1.64
 A719       3.9716 0.28893   4.106 0.0000E+00  0.000   4.11
 A30        3.9717 0.06867   2.994 0.0000E+00  0.000   2.99
 A392       3.9721 0.25684   6.201 0.0000E+00  0.000   6.20
 A5         3.9771 0.30028   8.396 0.0000E+00  0.000   8.40
 A479       3.9892 0.12071   1.962 0.0000E+00  0.000   1.96
 A913       4.0128 0.29429   1.142 0.0000E+00  0.000   1.14
 A125       4.0202 0.27869   4.389 0.0000E+00  0.000   4.39
 JUPITER    5.2031 0.09996   0.000 9.5479E-04  0.000   0.00
