 EARTHMOO   1.0000 0.02159   0.000 9.1213E-06  0.000   0.00
 A430       1.5000 0.03774   1.714 0.0000E+00  0.000   1.71
 A900       1.5008 0.08722   3.108 0.0000E+00  0.000   3.11
 A591       1.5051 0.00655   7.241 0.0000E+00  0.000   7.24
 A534       1.5118 0.09868   8.449 0.0000E+00  0.000   8.45
 A288       1.5166 0.05070   1.876 0.0000E+00  0.000   1.88
 A926       1.5205 0.12060   4.891 0.0000E+00  0.000   4.89
 A79        1.5214 0.04148   9.504 0.0000E+00  0.000   9.50
 A83        1.5226 0.09695   5.489 0.0000E+00  0.000   5.49
 A487       1.5245 0.07921   2.621 0.0000E+00  0.000   2.62
 A729       1.5278 0.08750   5.959 0.0000E+00  0.000   5.96
 A51        1.5323 0.04747   6.488 0.0000E+00  0.000   6.49
 A277       1.5341 0.08555   7.578 0.0000E+00  0.000   7.58
 A950       1.5454 0.05356   1.664 0.0000E+00  0.000   1.66
 A41        1.5455 0.09821   1.517 0.0000E+00  0.000   1.52
 A771       1.5459 0.07979   5.408 0.0000E+00  0.000   5.41
 A816       1.5483 0.09404   1.958 0.0000E+00  0.000   1.96
 A44        1.5505 0.05789   7.230 0.0000E+00  0.000   7.23
 A421       1.5530 0.04618   1.439 0.0000E+00  0.000   1.44
 A498       1.5537 0.02204   1.575 0.0000E+00  0.000   1.58
 A687       1.5542 0.09748   7.621 0.0000E+00  0.000   7.62
 A532       1.5576 0.00988   9.727 0.0000E+00  0.000   9.73
 A395       1.5587 0.07477   2.606 0.0000E+00  0.000   2.61
 A178       1.5623 0.02351   1.744 0.0000E+00  0.000   1.74
 A536       1.5626 0.09653   0.801 0.0000E+00  0.000   0.80
 A973       1.5676 0.04903   9.532 0.0000E+00  0.000   9.53
 A862       1.5719 0.02467   2.667 0.0000E+00  0.000   2.67
 A901       1.5746 0.01768   5.375 0.0000E+00  0.000   5.38
 A485       1.5755 0.09152   4.165 0.0000E+00  0.000   4.17
 A406       1.5768 0.05149   4.934 0.0000E+00  0.000   4.93
 A978       1.5772 0.05795   7.060 0.0000E+00  0.000   7.06
 A857       1.5788 0.07106   0.047 0.0000E+00  0.000   0.05
 A290       1.5804 0.06352   9.541 0.0000E+00  0.000   9.54
 A85        1.5846 0.06025   5.334 0.0000E+00  0.000   5.33
 A504       1.5873 0.39888   6.407 0.0000E+00  0.000   6.41
 A516       1.5898 0.10382   8.939 0.0000E+00  0.000   8.94
 A541       1.5909 0.04192   6.520 0.0000E+00  0.000   6.52
 A673       1.5911 0.07061   7.573 0.0000E+00  0.000   7.57
 A510       1.5932 0.02822   7.473 0.0000E+00  0.000   7.47
 A225       1.5947 0.02196   6.950 0.0000E+00  0.000   6.95
 A625       1.6001 0.08688   0.317 0.0000E+00  0.000   0.32
 A634       1.6028 0.01813   8.714 0.0000E+00  0.000   8.71
 A142       1.6055 0.05157   6.547 0.0000E+00  0.000   6.55
 A47        1.6056 0.05085   5.627 0.0000E+00  0.000   5.63
 A903       1.6108 0.01533   3.618 0.0000E+00  0.000   3.62
 A116       1.6122 0.07551   4.405 0.0000E+00  0.000   4.40
 A792       1.6196 0.11045   9.038 0.0000E+00  0.000   9.04
 A497       1.6216 0.09401   8.159 0.0000E+00  0.000   8.16
 A746       1.6286 0.12227   4.264 0.0000E+00  0.000   4.26
 A405       1.6293 0.05081   8.261 0.0000E+00  0.000   8.26
 A34        1.6346 0.01831   8.238 0.0000E+00  0.000   8.24
 A427       1.6363 0.04280   5.301 0.0000E+00  0.000   5.30
 A341       1.6368 0.10551   9.618 0.0000E+00  0.000   9.62
 A95        1.6376 0.09875   5.490 0.0000E+00  0.000   5.49
 A841       1.6398 0.13950   7.801 0.0000E+00  0.000   7.80
 A602       1.6420 0.03134   5.257 0.0000E+00  0.000   5.26
 A380       1.6437 0.09823   2.284 0.0000E+00  0.000   2.28
 A517       1.6444 0.06775   7.766 0.0000E+00  0.000   7.77
 A14        1.6449 0.01415   0.435 0.0000E+00  0.000   0.44
 A297       1.6476 0.06024   5.085 0.0000E+00  0.000   5.09
 A751       1.6506 0.07399   9.221 0.0000E+00  0.000   9.22
 A556       1.6510 0.07255   5.103 0.0000E+00  0.000   5.10
 A447       1.6514 0.08069   9.507 0.0000E+00  0.000   9.51
 A62        1.6525 0.05567   7.299 0.0000E+00  0.000   7.30
 A315       1.6531 0.09020   6.561 0.0000E+00  0.000   6.56
 A880       1.6554 0.05913   7.541 0.0000E+00  0.000   7.54
 A362       1.6574 0.06794   7.004 0.0000E+00  0.000   7.00
 A878       1.6580 0.01600   8.626 0.0000E+00  0.000   8.63
 A639       1.6582 0.03860   3.992 0.0000E+00  0.000   3.99
 A84        1.6596 0.07602   2.438 0.0000E+00  0.000   2.44
 A351       1.6604 0.05686   5.705 0.0000E+00  0.000   5.70
 A703       1.6604 0.06128   2.070 0.0000E+00  0.000   2.07
 A615       1.6625 0.06898   3.749 0.0000E+00  0.000   3.75
 A145       1.6706 0.01590   5.965 0.0000E+00  0.000   5.96
 A852       1.6734 0.06573   4.035 0.0000E+00  0.000   4.03
 A343       1.6798 0.05910   9.955 0.0000E+00  0.000   9.96
 A488       1.6819 0.06396   6.931 0.0000E+00  0.000   6.93
 A399       1.6836 0.07083   1.422 0.0000E+00  0.000   1.42
 A216       1.6849 0.06188   3.885 0.0000E+00  0.000   3.89
 A189       1.6887 0.06497   9.739 0.0000E+00  0.000   9.74
 A618       1.6918 0.02937   4.298 0.0000E+00  0.000   4.30
 A306       1.6940 0.02808   3.386 0.0000E+00  0.000   3.39
 A721       1.6964 0.08013   9.954 0.0000E+00  0.000   9.95
 A636       1.6982 0.03829   5.318 0.0000E+00  0.000   5.32
 A731       1.7062 0.11198   5.057 0.0000E+00  0.000   5.06
 A448       1.7123 0.05013   1.578 0.0000E+00  0.000   1.58
 A358       1.7124 0.07884   4.188 0.0000E+00  0.000   4.19
 A554       1.7185 0.07648   9.288 0.0000E+00  0.000   9.29
 A17        1.7214 0.05856   9.783 0.0000E+00  0.000   9.78
 A18        1.7249 0.05039   1.527 0.0000E+00  0.000   1.53
 A283       1.7249 0.07909   8.802 0.0000E+00  0.000   8.80
 A980       1.7268 0.04460   2.277 0.0000E+00  0.000   2.28
 A515       1.7273 0.01832   4.445 0.0000E+00  0.000   4.44
 A944       1.7309 0.09568   0.667 0.0000E+00  0.000   0.67
 A866       1.7366 0.04952   6.090 0.0000E+00  0.000   6.09
 A603       1.7411 0.04791   8.514 0.0000E+00  0.000   8.51
 A581       1.7439 0.12630   5.480 0.0000E+00  0.000   5.48
 A671       1.7442 0.13645   0.275 0.0000E+00  0.000   0.28
 A119       1.7452 0.04240   6.502 0.0000E+00  0.000   6.50
 A961       1.7472 0.14245   1.704 0.0000E+00  0.000   1.70
 A575       1.7477 0.07548   2.537 0.0000E+00  0.000   2.54
 A969       1.7497 0.04459   1.242 0.0000E+00  0.000   1.24
 A738       1.7516 0.05928   4.664 0.0000E+00  0.000   4.66
 A668       1.7536 0.07161   9.468 0.0000E+00  0.000   9.47
 A289       1.7608 0.16358   7.484 0.0000E+00  0.000   7.48
 A559       1.7619 0.02275   3.019 0.0000E+00  0.000   3.02
 A732       1.7638 0.07297   6.034 0.0000E+00  0.000   6.03
 A798       1.7643 0.01600   3.735 0.0000E+00  0.000   3.73
 A519       1.7665 0.05430   6.378 0.0000E+00  0.000   6.38
 A755       1.7669 0.09794   3.747 0.0000E+00  0.000   3.75
 A38        1.7677 0.06309   1.650 0.0000E+00  0.000   1.65
 A63        1.7686 0.08623   8.421 0.0000E+00  0.000   8.42
 A835       1.7695 0.06676   4.848 0.0000E+00  0.000   4.85
 A740       1.7697 0.16004   1.194 0.0000E+00  0.000   1.19
 A560       1.7724 0.04007   5.542 0.0000E+00  0.000   5.54
 A140       1.7775 0.15835   4.231 0.0000E+00  0.000   4.23
 A150       1.7832 0.08908   4.192 0.0000E+00  0.000   4.19
 A188       1.7857 0.04451   3.155 0.0000E+00  0.000   3.15
 A381       1.7936 0.08222   4.588 0.0000E+00  0.000   4.59
 A412       1.7987 0.10788   2.573 0.0000E+00  0.000   2.57
 A396       1.8002 0.06836   4.582 0.0000E+00  0.000   4.58
 A24        1.8017 0.12096   5.210 0.0000E+00  0.000   5.21
 A505       1.8020 0.06423   1.889 0.0000E+00  0.000   1.89
 A962       1.8035 0.05431   0.881 0.0000E+00  0.000   0.88
 A130       1.8036 0.08818   4.278 0.0000E+00  0.000   4.28
 A511       1.8040 0.07821   1.984 0.0000E+00  0.000   1.98
 A470       1.8050 0.05946   6.744 0.0000E+00  0.000   6.74
 A348       1.8051 0.09911   7.795 0.0000E+00  0.000   7.79
 A627       1.8054 0.03249   8.525 0.0000E+00  0.000   8.53
 A482       1.8146 0.06263   7.804 0.0000E+00  0.000   7.80
 A121       1.8168 0.06955   4.550 0.0000E+00  0.000   4.55
 A201       1.8180 0.03331   9.896 0.0000E+00  0.000   9.90
 A585       1.8182 0.05286   2.065 0.0000E+00  0.000   2.06
 A122       1.8198 0.15574   8.252 0.0000E+00  0.000   8.25
 A724       1.8203 0.04574   0.962 0.0000E+00  0.000   0.96
 A899       1.8204 0.08340   0.831 0.0000E+00  0.000   0.83
 A136       1.8210 0.06573   3.855 0.0000E+00  0.000   3.85
 A58        1.8215 0.08834   6.024 0.0000E+00  0.000   6.02
 A299       1.8225 0.07987   1.309 0.0000E+00  0.000   1.31
 A7         1.8234 0.04139   5.111 0.0000E+00  0.000   5.11
 A301       1.8260 0.06122   2.347 0.0000E+00  0.000   2.35
 A512       1.8263 0.09037   9.898 0.0000E+00  0.000   9.90
 A99        1.8273 0.11058   6.714 0.0000E+00  0.000   6.71
 A74        1.8281 0.10662   5.081 0.0000E+00  0.000   5.08
 A807       1.8301 0.04659   1.780 0.0000E+00  0.000   1.78
 A702       1.8310 0.09790   5.149 0.0000E+00  0.000   5.15
 A207       1.8311 0.06069   9.093 0.0000E+00  0.000   9.09
 A205       1.8353 0.03112   7.265 0.0000E+00  0.000   7.26
 A725       1.8364 0.05709   8.507 0.0000E+00  0.000   8.51
 A324       1.8371 0.15548   9.180 0.0000E+00  0.000   9.18
 A827       1.8371 0.03112   7.639 0.0000E+00  0.000   7.64
 A161       1.8381 0.02424   8.015 0.0000E+00  0.000   8.02
 A29        1.8408 0.05702   4.654 0.0000E+00  0.000   4.65
 A780       1.8431 0.13574   9.038 0.0000E+00  0.000   9.04
 A281       1.8436 0.15216   1.693 0.0000E+00  0.000   1.69
 A268       1.8445 0.06042   5.274 0.0000E+00  0.000   5.27
 A567       1.8530 0.11489   5.734 0.0000E+00  0.000   5.73
 A765       1.8548 0.03855   4.729 0.0000E+00  0.000   4.73
 A728       1.8557 0.16341   2.073 0.0000E+00  0.000   2.07
 A855       1.8561 0.10761   3.380 0.0000E+00  0.000   3.38
 A768       1.8588 0.07130   2.829 0.0000E+00  0.000   2.83
 A477       1.8602 0.08001   4.640 0.0000E+00  0.000   4.64
 A132       1.8616 0.09328   7.419 0.0000E+00  0.000   7.42
 A181       1.8618 0.01730   1.829 0.0000E+00  0.000   1.83
 A407       1.8636 0.04167   6.169 0.0000E+00  0.000   6.17
 A270       1.8638 0.09159   6.650 0.0000E+00  0.000   6.65
 A344       1.8680 0.08346   8.848 0.0000E+00  0.000   8.85
 A50        1.8695 0.06088   3.875 0.0000E+00  0.000   3.88
 A864       1.8720 0.05925   9.232 0.0000E+00  0.000   9.23
 A126       1.8725 0.05031   7.587 0.0000E+00  0.000   7.59
 A346       1.8774 0.02544   8.859 0.0000E+00  0.000   8.86
 A263       1.8780 0.00787   4.900 0.0000E+00  0.000   4.90
 A628       1.8790 0.08031   0.056 0.0000E+00  0.000   0.06
 A992       1.8798 0.02585   2.630 0.0000E+00  0.000   2.63
 A246       1.8808 0.15642   4.149 0.0000E+00  0.000   4.15
 A33        1.8816 0.04749   3.375 0.0000E+00  0.000   3.38
 A935       1.8841 0.06055   6.440 0.0000E+00  0.000   6.44
 A846       1.8844 0.09608   0.480 0.0000E+00  0.000   0.48
 A665       1.8928 0.12840   6.994 0.0000E+00  0.000   6.99
 A583       1.8959 0.03258   8.140 0.0000E+00  0.000   8.14
 A413       1.8964 0.04950   7.433 0.0000E+00  0.000   7.43
 A428       1.8974 0.11435   1.451 0.0000E+00  0.000   1.45
 A255       1.8976 0.12120   2.823 0.0000E+00  0.000   2.82
 A889       1.9051 0.03330   1.484 0.0000E+00  0.000   1.48
 A86        1.9082 0.07073   2.116 0.0000E+00  0.000   2.12
 A611       1.9084 0.11548   7.440 0.0000E+00  0.000   7.44
 A495       1.9089 0.09159   7.174 0.0000E+00  0.000   7.17
 A994       1.9257 0.12370   5.841 0.0000E+00  0.000   5.84
 A843       1.9259 0.03790   1.566 0.0000E+00  0.000   1.57
 A769       1.9264 0.05777   0.271 0.0000E+00  0.000   0.27
 A995       1.9284 0.04357   8.465 0.0000E+00  0.000   8.47
 A98        1.9298 0.03706   1.155 0.0000E+00  0.000   1.16
 A144       1.9317 0.01523   0.374 0.0000E+00  0.000   0.37
 A187       1.9320 0.11699   9.332 0.0000E+00  0.000   9.33
 A801       1.9327 0.02029   1.217 0.0000E+00  0.000   1.22
 A311       1.9370 0.02282   8.513 0.0000E+00  0.000   8.51
 A223       1.9375 0.03307   3.509 0.0000E+00  0.000   3.51
 A371       1.9381 0.03914   7.859 0.0000E+00  0.000   7.86
 A617       1.9455 0.09253   2.317 0.0000E+00  0.000   2.32
 A356       1.9464 0.00758   2.679 0.0000E+00  0.000   2.68
 A675       1.9484 0.05225   7.561 0.0000E+00  0.000   7.56
 A438       1.9485 0.06835   2.005 0.0000E+00  0.000   2.01
 A526       1.9518 0.10445   8.900 0.0000E+00  0.000   8.90
 A632       1.9550 0.06620   1.237 0.0000E+00  0.000   1.24
 A942       1.9568 0.07693   8.645 0.0000E+00  0.000   8.65
 A547       1.9639 0.06379   8.055 0.0000E+00  0.000   8.06
 A202       1.9649 0.13529   3.915 0.0000E+00  0.000   3.92
 A82        1.9656 0.12793   2.003 0.0000E+00  0.000   2.00
 A939       1.9680 0.00631   9.753 0.0000E+00  0.000   9.75
 A868       1.9689 0.11995   4.392 0.0000E+00  0.000   4.39
 A111       1.9713 0.10421   2.279 0.0000E+00  0.000   2.28
 A742       1.9729 0.08273   5.043 0.0000E+00  0.000   5.04
 A457       1.9766 0.08252   4.837 0.0000E+00  0.000   4.84
 A254       1.9782 0.09270   3.205 0.0000E+00  0.000   3.21
 A342       1.9811 0.11276   7.941 0.0000E+00  0.000   7.94
 A777       1.9811 0.07544   3.016 0.0000E+00  0.000   3.02
 A565       1.9828 0.05854   6.532 0.0000E+00  0.000   6.53
 A704       1.9927 0.08691   1.380 0.0000E+00  0.000   1.38
 A481       2.0000 0.02325   6.985 0.0000E+00  0.000   6.99
 A933       2.0003 0.08712   2.251 0.0000E+00  0.000   2.25
 A332       2.0015 0.07139   7.776 0.0000E+00  0.000   7.78
 A493       2.0033 0.13719   0.742 0.0000E+00  0.000   0.74
 A506       2.0044 0.03753   0.191 0.0000E+00  0.000   0.19
 A773       2.0068 0.03746   7.202 0.0000E+00  0.000   7.20
 A960       2.0082 0.02169   0.888 0.0000E+00  0.000   0.89
 A503       2.0108 0.09902   3.670 0.0000E+00  0.000   3.67
 A514       2.0112 0.06844   1.991 0.0000E+00  0.000   1.99
 A658       2.0188 0.13826   5.529 0.0000E+00  0.000   5.53
 A786       2.0251 0.09166   4.928 0.0000E+00  0.000   4.93
 A608       2.0257 0.12497   6.122 0.0000E+00  0.000   6.12
 A241       2.0269 0.05670   2.032 0.0000E+00  0.000   2.03
 A221       2.0271 0.07863   3.767 0.0000E+00  0.000   3.77
 A714       2.0278 0.13419   4.369 0.0000E+00  0.000   4.37
 A840       2.0280 0.06693   3.385 0.0000E+00  0.000   3.39
 A836       2.0309 0.08535   3.115 0.0000E+00  0.000   3.11
 A745       2.0312 0.05151   9.978 0.0000E+00  0.000   9.98
 A576       2.0327 0.10013   7.267 0.0000E+00  0.000   7.27
 A267       2.0382 0.11550   6.923 0.0000E+00  0.000   6.92
 A595       2.0391 0.09802   6.634 0.0000E+00  0.000   6.63
 A631       2.0431 0.04404   0.185 0.0000E+00  0.000   0.19
 A655       2.0446 0.03177   3.378 0.0000E+00  0.000   3.38
 A43        2.0500 0.18166   6.296 0.0000E+00  0.000   6.30
 A814       2.0505 0.13169   1.323 0.0000E+00  0.000   1.32
 A107       2.0509 0.09061   3.466 0.0000E+00  0.000   3.47
 A69        2.0563 0.04229   7.172 0.0000E+00  0.000   7.17
 A803       2.0574 0.04626   4.574 0.0000E+00  0.000   4.57
 A328       2.0680 0.11051   9.519 0.0000E+00  0.000   9.52
 A670       2.0692 0.12309   6.570 0.0000E+00  0.000   6.57
 A314       2.0731 0.17671   6.887 0.0000E+00  0.000   6.89
 A820       2.0817 0.10173   0.659 0.0000E+00  0.000   0.66
 A90        2.0878 0.04658   8.184 0.0000E+00  0.000   8.18
 A685       2.0886 0.09786   2.332 0.0000E+00  0.000   2.33
 A802       2.0887 0.07301   1.322 0.0000E+00  0.000   1.32
 A378       2.0887 0.08249   6.553 0.0000E+00  0.000   6.55
 A377       2.0893 0.10975   1.011 0.0000E+00  0.000   1.01
 A138       2.0896 0.10913   7.708 0.0000E+00  0.000   7.71
 A871       2.0900 0.01763   5.990 0.0000E+00  0.000   5.99
 A169       2.0957 0.03620   7.261 0.0000E+00  0.000   7.26
 A736       2.0982 0.06569   0.980 0.0000E+00  0.000   0.98
 A965       2.0997 0.09011   6.475 0.0000E+00  0.000   6.48
 A749       2.1032 0.06729   3.828 0.0000E+00  0.000   3.83
 A96        2.1044 0.02882   8.832 0.0000E+00  0.000   8.83
 A440       2.1074 0.01665   6.827 0.0000E+00  0.000   6.83
 A186       2.1123 0.13269   8.378 0.0000E+00  0.000   8.38
 A25        2.1131 0.07173   6.280 0.0000E+00  0.000   6.28
 A613       2.1206 0.07209   6.080 0.0000E+00  0.000   6.08
 A317       2.1211 0.06912   5.433 0.0000E+00  0.000   5.43
 A117       2.1212 0.05117   0.087 0.0000E+00  0.000   0.09
 A400       2.1225 0.02485   8.988 0.0000E+00  0.000   8.99
 A979       2.1244 0.10253   2.202 0.0000E+00  0.000   2.20
 A273       2.1263 0.07968   0.454 0.0000E+00  0.000   0.45
 A837       2.1280 0.01199   7.190 0.0000E+00  0.000   7.19
 A217       2.1281 0.01969   7.319 0.0000E+00  0.000   7.32
 A686       2.1297 0.02914   6.642 0.0000E+00  0.000   6.64
 A509       2.1321 0.10413   7.525 0.0000E+00  0.000   7.52
 A824       2.1338 0.02245   9.881 0.0000E+00  0.000   9.88
 A782       2.1339 0.17976   1.838 0.0000E+00  0.000   1.84
 A549       2.1352 0.15516   3.257 0.0000E+00  0.000   3.26
 A667       2.1354 0.04540   5.612 0.0000E+00  0.000   5.61
 A610       2.1362 0.15037   0.167 0.0000E+00  0.000   0.17
 A373       2.1391 0.03121   7.312 0.0000E+00  0.000   7.31
 A774       2.1398 0.11778   3.554 0.0000E+00  0.000   3.55
 A553       2.1433 0.15187   1.867 0.0000E+00  0.000   1.87
 A251       2.1446 0.01009   1.228 0.0000E+00  0.000   1.23
 A292       2.1452 0.02684   9.737 0.0000E+00  0.000   9.74
 A12        2.1455 0.01829   6.341 0.0000E+00  0.000   6.34
 A538       2.1521 0.08582   1.318 0.0000E+00  0.000   1.32
 A584       2.1548 0.06494   5.428 0.0000E+00  0.000   5.43
 A325       2.1557 0.10361   0.801 0.0000E+00  0.000   0.80
 A199       2.1596 0.06293   9.673 0.0000E+00  0.000   9.67
 A921       2.1632 0.08904   0.520 0.0000E+00  0.000   0.52
 A429       2.1648 0.16517   0.109 0.0000E+00  0.000   0.11
 A758       2.1682 0.15169   0.347 0.0000E+00  0.000   0.35
 A475       2.1705 0.06391   3.777 0.0000E+00  0.000   3.78
 A55        2.1723 0.13464   7.109 0.0000E+00  0.000   7.11
 A227       2.1724 0.10557   2.146 0.0000E+00  0.000   2.15
 A656       2.1735 0.13191   3.517 0.0000E+00  0.000   3.52
 A966       2.1735 0.07054   3.841 0.0000E+00  0.000   3.84
 A650       2.1751 0.09975   0.382 0.0000E+00  0.000   0.38
 A149       2.1789 0.14934   7.336 0.0000E+00  0.000   7.34
 A191       2.1866 0.11373   3.057 0.0000E+00  0.000   3.06
 A214       2.1897 0.05800   3.658 0.0000E+00  0.000   3.66
 A474       2.1932 0.07039   4.314 0.0000E+00  0.000   4.31
 A750       2.1934 0.05488   5.564 0.0000E+00  0.000   5.56
 A947       2.1961 0.11958   0.913 0.0000E+00  0.000   0.91
 A308       2.1968 0.08622   0.550 0.0000E+00  0.000   0.55
 A513       2.1969 0.00752   1.946 0.0000E+00  0.000   1.95
 A654       2.1976 0.07026   3.486 0.0000E+00  0.000   3.49
 A94        2.1999 0.05313   0.803 0.0000E+00  0.000   0.80
 A379       2.2034 0.18709   3.023 0.0000E+00  0.000   3.02
 A557       2.2048 0.09106   6.158 0.0000E+00  0.000   6.16
 A293       2.2103 0.08276   1.262 0.0000E+00  0.000   1.26
 A45        2.2128 0.10410   2.877 0.0000E+00  0.000   2.88
 A940       2.2175 0.16162   7.941 0.0000E+00  0.000   7.94
 A28        2.2190 0.07258   1.349 0.0000E+00  0.000   1.35
 A908       2.2220 0.07269   6.671 0.0000E+00  0.000   6.67
 A185       2.2239 0.09878   3.393 0.0000E+00  0.000   3.39
 A854       2.2271 0.07816   0.050 0.0000E+00  0.000   0.05
 A72        2.2271 0.07347   2.117 0.0000E+00  0.000   2.12
 A734       2.2305 0.05004   2.582 0.0000E+00  0.000   2.58
 A476       2.2339 0.06375   8.630 0.0000E+00  0.000   8.63
 A952       2.2528 0.57252   9.661 0.0000E+00  0.000   9.66
 A990       2.2529 0.07239   5.398 0.0000E+00  0.000   5.40
 A171       2.2554 0.05488   2.343 0.0000E+00  0.000   2.34
 A307       2.2581 0.05095   1.507 0.0000E+00  0.000   1.51
 A384       2.2621 0.05772   9.058 0.0000E+00  0.000   9.06
 A278       2.2647 0.03069   9.037 0.0000E+00  0.000   9.04
 A229       2.2650 0.13547   4.367 0.0000E+00  0.000   4.37
 A22        2.2651 0.03725   6.598 0.0000E+00  0.000   6.60
 A681       2.2662 0.14592   6.899 0.0000E+00  0.000   6.90
 A224       2.2667 0.07780   4.974 0.0000E+00  0.000   4.97
 A710       2.2672 0.06450   1.231 0.0000E+00  0.000   1.23
 A61        2.2725 0.05372   1.760 0.0000E+00  0.000   1.76
 A97        2.2725 0.05390   9.850 0.0000E+00  0.000   9.85
 A310       2.2950 0.07456   6.487 0.0000E+00  0.000   6.49
 A818       2.2958 0.08713   7.679 0.0000E+00  0.000   7.68
 A784       2.2960 0.06370   4.605 0.0000E+00  0.000   4.60
 A147       2.2961 0.09575   1.460 0.0000E+00  0.000   1.46
 A672       2.3010 0.01580   3.749 0.0000E+00  0.000   3.75
 A744       2.3022 0.03078   7.497 0.0000E+00  0.000   7.50
 A890       2.3029 0.06743   0.325 0.0000E+00  0.000   0.32
 A770       2.3060 0.05407   3.527 0.0000E+00  0.000   3.53
 A455       2.3125 0.01234   7.660 0.0000E+00  0.000   7.66
 A796       2.3138 0.12726   1.942 0.0000E+00  0.000   1.94
 A158       2.3152 0.13625   0.379 0.0000E+00  0.000   0.38
 A991       2.3171 0.10286   8.317 0.0000E+00  0.000   8.32
 A35        2.3199 0.05809   7.527 0.0000E+00  0.000   7.53
 A849       2.3205 0.04484   1.330 0.0000E+00  0.000   1.33
 A726       2.3216 0.01415   8.926 0.0000E+00  0.000   8.93
 A272       2.3248 0.08246   7.705 0.0000E+00  0.000   7.71
 A867       2.3260 0.07385   9.615 0.0000E+00  0.000   9.62
 A313       2.3316 0.06959   8.029 0.0000E+00  0.000   8.03
 A473       2.3393 0.09382   4.604 0.0000E+00  0.000   4.60
 A918       2.3393 0.04025   5.790 0.0000E+00  0.000   5.79
 A465       2.3404 0.11619   5.947 0.0000E+00  0.000   5.95
 A323       2.3468 0.13165   2.699 0.0000E+00  0.000   2.70
 A1000      2.3482 0.03891   0.559 0.0000E+00  0.000   0.56
 A436       2.3575 0.01663   7.868 0.0000E+00  0.000   7.87
 A165       2.3588 0.11111   3.675 0.0000E+00  0.000   3.68
 A174       2.3667 0.01770   4.260 0.0000E+00  0.000   4.26
 A902       2.3694 0.03927   8.959 0.0000E+00  0.000   8.96
 A790       2.3705 0.04857   2.125 0.0000E+00  0.000   2.13
 A127       2.3714 0.09892   4.976 0.0000E+00  0.000   4.98
 A375       2.3747 0.11991   2.455 0.0000E+00  0.000   2.46
 A257       2.3778 0.05970   4.232 0.0000E+00  0.000   4.23
 A605       2.3812 0.07122   0.427 0.0000E+00  0.000   0.43
 A641       2.3842 0.15099   1.899 0.0000E+00  0.000   1.90
 A748       2.3850 0.00286   4.483 0.0000E+00  0.000   4.48
 A858       2.3861 0.03141   9.593 0.0000E+00  0.000   9.59
 A530       2.3867 0.01946   6.945 0.0000E+00  0.000   6.95
 A321       2.3895 0.07955   6.190 0.0000E+00  0.000   6.19
 A20        2.3898 0.11796   4.174 0.0000E+00  0.000   4.17
 A696       2.3907 0.07053   4.788 0.0000E+00  0.000   4.79
 A48        2.3955 0.07465   3.051 0.0000E+00  0.000   3.05
 A93        2.4010 0.10343   1.315 0.0000E+00  0.000   1.31
 A101       2.4068 0.09925   9.232 0.0000E+00  0.000   9.23
 A156       2.4070 0.13150   4.510 0.0000E+00  0.000   4.51
 A967       2.4077 0.09994   6.189 0.0000E+00  0.000   6.19
 A444       2.4091 0.05906   5.735 0.0000E+00  0.000   5.73
 A695       2.4107 0.05875   4.125 0.0000E+00  0.000   4.12
 A895       2.4121 0.10073   9.941 0.0000E+00  0.000   9.94
 A345       2.4178 0.09457   3.991 0.0000E+00  0.000   3.99
 A159       2.4181 0.05908   1.085 0.0000E+00  0.000   1.08
 A876       2.4216 0.11595   4.183 0.0000E+00  0.000   4.18
 A821       2.4240 0.05556   3.046 0.0000E+00  0.000   3.05
 A998       2.4352 0.01988   5.257 0.0000E+00  0.000   5.26
 A776       2.4387 0.16659   1.464 0.0000E+00  0.000   1.46
 A831       2.4435 0.16881   9.333 0.0000E+00  0.000   9.33
 A953       2.4478 0.08503   5.548 0.0000E+00  0.000   5.55
 A943       2.4483 0.00402   7.651 0.0000E+00  0.000   7.65
 A172       2.4665 0.14634   8.124 0.0000E+00  0.000   8.12
 A442       2.4741 0.04697   2.597 0.0000E+00  0.000   2.60
 A701       2.4808 0.03707  10.058 0.0000E+00  0.000  10.06
 A112       2.4821 0.07234   6.334 0.0000E+00  0.000   6.33
 A388       2.4839 0.07288   2.585 0.0000E+00  0.000   2.58
 A302       2.4860 0.15034   4.443 0.0000E+00  0.000   4.44
 A13        2.4871 0.10123   7.716 0.0000E+00  0.000   7.72
 A791       2.4939 0.02311   6.500 0.0000E+00  0.000   6.50
 A337       2.4942 0.04498   2.190 0.0000E+00  0.000   2.19
 A599       2.5190 0.03746   3.379 0.0000E+00  0.000   3.38
 A884       2.5201 0.13393   1.249 0.0000E+00  0.000   1.25
 A367       2.5213 0.16765   4.221 0.0000E+00  0.000   4.22
 A424       2.5215 0.14863   8.469 0.0000E+00  0.000   8.47
 A859       2.5230 0.19278   1.526 0.0000E+00  0.000   1.53
 A102       2.5257 0.17221   2.810 0.0000E+00  0.000   2.81
 A975       2.5261 0.04258   4.307 0.0000E+00  0.000   4.31
 A236       2.5282 0.18992   1.476 0.0000E+00  0.000   1.48
 A651       2.5307 0.12808   0.886 0.0000E+00  0.000   0.89
 A287       2.5359 0.14296   4.730 0.0000E+00  0.000   4.73
 A705       2.5445 0.19953   5.426 0.0000E+00  0.000   5.43
 A468       2.5449 0.04480   5.011 0.0000E+00  0.000   5.01
 A374       2.5459 0.03773   8.498 0.0000E+00  0.000   8.50
 A352       2.5467 0.02048   6.685 0.0000E+00  0.000   6.68
 A922       2.5482 0.04191   3.088 0.0000E+00  0.000   3.09
 A89        2.5577 0.13285   7.269 0.0000E+00  0.000   7.27
 A690       2.5586 0.06603   4.648 0.0000E+00  0.000   4.65
 A861       2.5593 0.00803   3.022 0.0000E+00  0.000   3.02
 A11        2.5634 0.08723   7.918 0.0000E+00  0.000   7.92
 A42        2.5645 0.18022   6.891 0.0000E+00  0.000   6.89
 A706       2.5654 0.07212   3.608 0.0000E+00  0.000   3.61
 A222       2.5659 0.02825   5.941 0.0000E+00  0.000   5.94
 A596       2.5661 0.13652  10.075 0.0000E+00  0.000  10.07
 A806       2.5698 0.19154   7.979 0.0000E+00  0.000   7.98
 A167       2.5732 0.04148   5.674 0.0000E+00  0.000   5.67
 A851       2.5788 0.14323   4.579 0.0000E+00  0.000   4.58
 A331       2.5788 0.12555   2.652 0.0000E+00  0.000   2.65
 A844       2.5814 0.16148   5.689 0.0000E+00  0.000   5.69
 A666       2.5847 0.14406   3.027 0.0000E+00  0.000   3.03
 A688       2.5869 0.14137   3.258 0.0000E+00  0.000   3.26
 A239       2.5870 0.15200   6.486 0.0000E+00  0.000   6.49
 A31        2.5959 0.14162   8.653 0.0000E+00  0.000   8.65
 A175       2.5985 0.09447   4.384 0.0000E+00  0.000   4.38
 A431       2.5993 0.06352   2.491 0.0000E+00  0.000   2.49
 A422       2.5998 0.12830   5.181 0.0000E+00  0.000   5.18
 A276       2.6003 0.21052   0.422 0.0000E+00  0.000   0.42
 A284       2.6067 0.07190   4.868 0.0000E+00  0.000   4.87
 A256       2.6122 0.09597   9.199 0.0000E+00  0.000   9.20
 A609       2.6136 0.16004   8.235 0.0000E+00  0.000   8.23
 A896       2.6152 0.02898   7.678 0.0000E+00  0.000   7.68
 A450       2.6161 0.11282   3.222 0.0000E+00  0.000   3.22
 A141       2.6177 0.10170   1.742 0.0000E+00  0.000   1.74
 A213       2.6193 0.06099   5.315 0.0000E+00  0.000   5.31
 A135       2.6208 0.14944   9.457 0.0000E+00  0.000   9.46
 A661       2.6218 0.16690   4.274 0.0000E+00  0.000   4.27
 A662       2.6226 0.11413   2.824 0.0000E+00  0.000   2.82
 A454       2.6307 0.03884   9.841 0.0000E+00  0.000   9.84
 A891       2.6328 0.16839   6.842 0.0000E+00  0.000   6.84
 A338       2.6329 0.08219   7.331 0.0000E+00  0.000   7.33
 A184       2.6358 0.09368   6.762 0.0000E+00  0.000   6.76
 A372       2.6369 0.19884   2.785 0.0000E+00  0.000   2.79
 A204       2.6426 0.11032   7.917 0.0000E+00  0.000   7.92
 A386       2.6467 0.08137   4.002 0.0000E+00  0.000   4.00
 A925       2.6515 0.06010   1.733 0.0000E+00  0.000   1.73
 A67        2.6547 0.17909   6.427 0.0000E+00  0.000   6.43
 A853       2.6565 0.12009   0.568 0.0000E+00  0.000   0.57
 A872       2.6575 0.09287   0.196 0.0000E+00  0.000   0.20
 A968       2.6607 0.10015   4.917 0.0000E+00  0.000   4.92
 A6         2.6632 0.06142   4.367 0.0000E+00  0.000   4.37
 A718       2.6684 0.05411   5.578 0.0000E+00  0.000   5.58
 A489       2.6687 0.13121   7.166 0.0000E+00  0.000   7.17
 A938       2.6691 0.02690   0.780 0.0000E+00  0.000   0.78
 A957       2.6703 0.03015   5.397 0.0000E+00  0.000   5.40
 A887       2.6714 0.12009   9.982 0.0000E+00  0.000   9.98
 A715       2.6872 0.07039   2.337 0.0000E+00  0.000   2.34
 A709       2.6903 0.04171   4.144 0.0000E+00  0.000   4.14
 A730       2.6904 0.10385   4.915 0.0000E+00  0.000   4.91
 A471       2.6947 0.07519   7.187 0.0000E+00  0.000   7.19
 A630       2.6953 0.12818   0.919 0.0000E+00  0.000   0.92
 A39        2.6995 0.04627   9.236 0.0000E+00  0.000   9.24
 A100       2.6998 0.08091   6.429 0.0000E+00  0.000   6.43
 A911       2.7043 0.20481   2.242 0.0000E+00  0.000   2.24
 A360       2.7059 0.11289   0.001 0.0000E+00  0.000   0.00
 A4         2.7088 0.12516   2.468 0.0000E+00  0.000   2.47
 A499       2.7123 0.10307   2.777 0.0000E+00  0.000   2.78
 A963       2.7176 0.06187   7.076 0.0000E+00  0.000   7.08
 A833       2.7188 0.02000   8.965 0.0000E+00  0.000   8.97
 A815       2.7210 0.07525   3.579 0.0000E+00  0.000   3.58
 A303       2.7252 0.03660   6.249 0.0000E+00  0.000   6.25
 A934       2.7278 0.11669   1.861 0.0000E+00  0.000   1.86
 A316       2.7280 0.03799   7.380 0.0000E+00  0.000   7.38
 A682       2.7284 0.06399   3.250 0.0000E+00  0.000   3.25
 A917       2.7293 0.06273   6.685 0.0000E+00  0.000   6.69
 A409       2.7295 0.18620   4.943 0.0000E+00  0.000   4.94
 A208       2.7306 0.06439   9.831 0.0000E+00  0.000   9.83
 A552       2.7315 0.12473   5.678 0.0000E+00  0.000   5.68
 A300       2.7349 0.02293   6.720 0.0000E+00  0.000   6.72
 A451       2.7423 0.11998   8.144 0.0000E+00  0.000   8.14
 A694       2.7471 0.07271   1.497 0.0000E+00  0.000   1.50
 A760       2.7500 0.12607   2.421 0.0000E+00  0.000   2.42
 A624       2.7501 0.06606   8.516 0.0000E+00  0.000   8.52
 A87        2.7507 0.03979   7.930 0.0000E+00  0.000   7.93
 A243       2.7510 0.11915   8.849 0.0000E+00  0.000   8.85
 A747       2.7517 0.06212   2.135 0.0000E+00  0.000   2.13
 A735       2.7576 0.03913   4.789 0.0000E+00  0.000   4.79
 A800       2.7584 0.06268   3.392 0.0000E+00  0.000   3.39
 A336       2.7596 0.03892   3.362 0.0000E+00  0.000   3.36
 A312       2.7598 0.20275   7.631 0.0000E+00  0.000   7.63
 A2         2.7615 0.13541   0.469 0.0000E+00  0.000   0.47
 A37        2.7618 0.08213   2.793 0.0000E+00  0.000   2.79
 A294       2.7655 0.16101   5.572 0.0000E+00  0.000   5.57
 A365       2.7696 0.02151   8.157 0.0000E+00  0.000   8.16
 A393       2.7791 0.17377   6.658 0.0000E+00  0.000   6.66
 A19        2.7813 0.05768   9.585 0.0000E+00  0.000   9.59
 A432       2.7820 0.14042   1.920 0.0000E+00  0.000   1.92
 A838       2.7895 0.04393   3.022 0.0000E+00  0.000   3.02
 A648       2.7911 0.12955   5.291 0.0000E+00  0.000   5.29
 A339       2.7913 0.14238   1.776 0.0000E+00  0.000   1.78
 A233       2.7942 0.19452   4.513 0.0000E+00  0.000   4.51
 A120       2.7958 0.05872   7.800 0.0000E+00  0.000   7.80
 A237       2.7987 0.03670   3.948 0.0000E+00  0.000   3.95
 A629       2.8063 0.07067   3.546 0.0000E+00  0.000   3.55
 A812       2.8073 0.05828   1.421 0.0000E+00  0.000   1.42
 A764       2.8087 0.12890   8.844 0.0000E+00  0.000   8.84
 A826       2.8098 0.20900   1.015 0.0000E+00  0.000   1.02
 A163       2.8122 0.01535   2.693 0.0000E+00  0.000   2.69
 A574       2.8335 0.15406   5.380 0.0000E+00  0.000   5.38
 A403       2.8383 0.10198   1.671 0.0000E+00  0.000   1.67
 A353       2.8388 0.16891   6.365 0.0000E+00  0.000   6.36
 A196       2.8391 0.11844   6.025 0.0000E+00  0.000   6.02
 A888       2.8402 0.19117   2.130 0.0000E+00  0.000   2.13
 A340       2.8480 0.05731   4.557 0.0000E+00  0.000   4.56
 A762       2.8507 0.11331   9.355 0.0000E+00  0.000   9.36
 A507       2.8516 0.13329   2.781 0.0000E+00  0.000   2.78
 A426       2.8520 0.08953   9.411 0.0000E+00  0.000   9.41
 A620       2.8534 0.09148   0.680 0.0000E+00  0.000   0.68
 A528       2.8555 0.13045   7.564 0.0000E+00  0.000   7.56
 A763       2.8591 0.08609   1.817 0.0000E+00  0.000   1.82
 A850       2.8609 0.20357   1.551 0.0000E+00  0.000   1.55
 A600       2.8633 0.07570   0.505 0.0000E+00  0.000   0.50
 A881       2.8657 0.23480   5.485 0.0000E+00  0.000   5.48
 A984       2.8672 0.04958   3.619 0.0000E+00  0.000   3.62
 A912       2.8677 0.03003   8.044 0.0000E+00  0.000   8.04
 A483       2.8682 0.11357   3.162 0.0000E+00  0.000   3.16
 A320       2.8700 0.06155   9.300 0.0000E+00  0.000   9.30
 A177       2.8717 0.07336   2.773 0.0000E+00  0.000   2.77
 A612       2.8791 0.05463   8.199 0.0000E+00  0.000   8.20
 A540       2.8836 0.09095   8.400 0.0000E+00  0.000   8.40
 A754       2.8846 0.08185   3.129 0.0000E+00  0.000   3.13
 A330       2.8856 0.11871   7.584 0.0000E+00  0.000   7.58
 A382       2.8859 0.08328   1.190 0.0000E+00  0.000   1.19
 A794       2.8894 0.13684   8.375 0.0000E+00  0.000   8.37
 A737       2.8898 0.12271   3.005 0.0000E+00  0.000   3.01
 A669       2.8942 0.14680   0.326 0.0000E+00  0.000   0.33
 A679       2.9009 0.02952   4.812 0.0000E+00  0.000   4.81
 A727       2.9052 0.19527   4.401 0.0000E+00  0.000   4.40
 A885       2.9096 0.12720   8.139 0.0000E+00  0.000   8.14
 A830       2.9100 0.06594   1.883 0.0000E+00  0.000   1.88
 A333       2.9114 0.04784   7.500 0.0000E+00  0.000   7.50
 A478       2.9211 0.06074   2.422 0.0000E+00  0.000   2.42
 A484       2.9219 0.06798   4.498 0.0000E+00  0.000   4.50
 A785       2.9235 0.05416   2.091 0.0000E+00  0.000   2.09
 A359       2.9293 0.05308   7.174 0.0000E+00  0.000   7.17
 A659       2.9342 0.13519   5.027 0.0000E+00  0.000   5.03
 A193       2.9368 0.05085   2.990 0.0000E+00  0.000   2.99
 A77        2.9368 0.05915   8.902 0.0000E+00  0.000   8.90
 A64        2.9434 0.12994   9.341 0.0000E+00  0.000   9.34
 A49        2.9483 0.12249   4.178 0.0000E+00  0.000   4.18
 A143       2.9507 0.02722   5.481 0.0000E+00  0.000   5.48
 A8         2.9526 0.11045   5.544 0.0000E+00  0.000   5.54
 A176       2.9632 0.18781   7.292 0.0000E+00  0.000   7.29
 A931       2.9639 0.18009   3.663 0.0000E+00  0.000   3.66
 A459       2.9656 0.06753   2.418 0.0000E+00  0.000   2.42
 A21        2.9672 0.13438   4.562 0.0000E+00  0.000   4.56
 A59        2.9684 0.11910   5.907 0.0000E+00  0.000   5.91
 A869       2.9710 0.04098   9.443 0.0000E+00  0.000   9.44
 A986       2.9789 0.13085   2.783 0.0000E+00  0.000   2.78
 A118       2.9826 0.09118   9.058 0.0000E+00  0.000   9.06
 A501       2.9865 0.08167   0.609 0.0000E+00  0.000   0.61
 A720       2.9938 0.15260   2.901 0.0000E+00  0.000   2.90
 A115       2.9997 0.10595   1.004 0.0000E+00  0.000   1.00
 A182       3.0003 0.18156   9.197 0.0000E+00  0.000   9.20
 A408       3.0020 0.11125   2.308 0.0000E+00  0.000   2.31
 A462       3.0044 0.13880   2.744 0.0000E+00  0.000   2.74
 A410       3.0078 0.07033   3.732 0.0000E+00  0.000   3.73
 A23        3.0107 0.11102   1.278 0.0000E+00  0.000   1.28
 A235       3.0185 0.07023   8.651 0.0000E+00  0.000   8.65
 A464       3.0205 0.11877   0.822 0.0000E+00  0.000   0.82
 A527       3.0207 0.10239   3.114 0.0000E+00  0.000   3.11
 A282       3.0274 0.08405   0.168 0.0000E+00  0.000   0.17
 A640       3.0286 0.14071   4.972 0.0000E+00  0.000   4.97
 A897       3.0317 0.10691   9.560 0.0000E+00  0.000   9.56
 A590       3.0348 0.13244   3.848 0.0000E+00  0.000   3.85
 A883       3.0379 0.11440   6.512 0.0000E+00  0.000   6.51
 A1         3.0404 0.14264   2.671 0.0000E+00  0.000   2.67
 A240       3.0422 0.06899   5.132 0.0000E+00  0.000   5.13
 A646       3.0517 0.02597   2.535 0.0000E+00  0.000   2.54
 A385       3.0541 0.04109   1.459 0.0000E+00  0.000   1.46
 A397       3.0585 0.07526   1.132 0.0000E+00  0.000   1.13
 A804       3.0606 0.13516   3.536 0.0000E+00  0.000   3.54
 A712       3.0622 0.13851   5.125 0.0000E+00  0.000   5.13
 A54        3.0679 0.08985   0.716 0.0000E+00  0.000   0.72
 A416       3.0718 0.07231   5.056 0.0000E+00  0.000   5.06
 A550       3.0722 0.08511   7.751 0.0000E+00  0.000   7.75
 A539       3.0729 0.02846   3.116 0.0000E+00  0.000   3.12
 A123       3.0781 0.04165   3.696 0.0000E+00  0.000   3.70
 A76        3.0795 0.13234   5.830 0.0000E+00  0.000   5.83
 A248       3.0809 0.01646   6.500 0.0000E+00  0.000   6.50
 A722       3.0822 0.13374  10.372 0.0000E+00  0.000  10.37
 A692       3.0824 0.11936   6.344 0.0000E+00  0.000   6.34
 A252       3.0860 0.13296   0.186 0.0000E+00  0.000   0.19
 A420       3.0874 0.15863   1.398 0.0000E+00  0.000   1.40
 A566       3.0874 0.11038   9.537 0.0000E+00  0.000   9.54
 A689       3.0934 0.05104   3.761 0.0000E+00  0.000   3.76
 A106       3.1034 0.05809   6.238 0.0000E+00  0.000   6.24
 A391       3.1051 0.23164   3.829 0.0000E+00  0.000   3.83
 A893       3.1054 0.10640   5.643 0.0000E+00  0.000   5.64
 A68        3.1114 0.02436   8.459 0.0000E+00  0.000   8.46
 A456       3.1125 0.06685   3.635 0.0000E+00  0.000   3.64
 A247       3.1149 0.20809   1.461 0.0000E+00  0.000   1.46
 A71        3.1160 0.04709   4.112 0.0000E+00  0.000   4.11
 A996       3.1190 0.19073   4.822 0.0000E+00  0.000   4.82
 A218       3.1211 0.08603   6.854 0.0000E+00  0.000   6.85
 A194       3.1232 0.11078   8.872 0.0000E+00  0.000   8.87
 A335       3.1268 0.10479   8.998 0.0000E+00  0.000   9.00
 A250       3.1272 0.11584   1.689 0.0000E+00  0.000   1.69
 A78        3.1335 0.15092   9.516 0.0000E+00  0.000   9.52
 A674       3.1363 0.17928   7.058 0.0000E+00  0.000   7.06
 A653       3.1371 0.08136   8.415 0.0000E+00  0.000   8.41
 A16        3.1432 0.04231   4.682 0.0000E+00  0.000   4.68
 A133       3.1438 0.10056   8.524 0.0000E+00  0.000   8.52
 A279       3.1494 0.04341   9.404 0.0000E+00  0.000   9.40
 A244       3.1496 0.09402   7.098 0.0000E+00  0.000   7.10
 A589       3.1504 0.10405   7.861 0.0000E+00  0.000   7.86
 A103       3.1568 0.08252   3.330 0.0000E+00  0.000   3.33
 A711       3.1639 0.13784   6.556 0.0000E+00  0.000   6.56
 A819       3.1682 0.04003   0.338 0.0000E+00  0.000   0.34
 A877       3.1684 0.12530   7.888 0.0000E+00  0.000   7.89
 A766       3.1686 0.02388   7.655 0.0000E+00  0.000   7.66
 A40        3.1700 0.15433   8.658 0.0000E+00  0.000   8.66
 A546       3.1709 0.13317   5.866 0.0000E+00  0.000   5.87
 A592       3.1747 0.09790   3.109 0.0000E+00  0.000   3.11
 A305       3.1766 0.09424   8.159 0.0000E+00  0.000   8.16
 A949       3.1767 0.05116   4.551 0.0000E+00  0.000   4.55
 A401       3.1811 0.08584   5.468 0.0000E+00  0.000   5.47
 A480       3.1847 0.17822   6.188 0.0000E+00  0.000   6.19
 A959       3.1862 0.06260   1.980 0.0000E+00  0.000   1.98
 A716       3.1900 0.12250   6.263 0.0000E+00  0.000   6.26
 A834       3.1951 0.05886   0.374 0.0000E+00  0.000   0.37
 A898       3.1979 0.04802   3.438 0.0000E+00  0.000   3.44
 A707       3.1991 0.09282   0.909 0.0000E+00  0.000   0.91
 A81        3.1998 0.25161  10.749 0.0000E+00  0.000  10.75
 A60        3.2010 0.12783   7.369 0.0000E+00  0.000   7.37
 A195       3.2012 0.06349   9.198 0.0000E+00  0.000   9.20
 A832       3.2091 0.12319   8.319 0.0000E+00  0.000   8.32
 A657       3.2109 0.14747   2.912 0.0000E+00  0.000   2.91
 A572       3.2110 0.07105   2.088 0.0000E+00  0.000   2.09
 A700       3.2117 0.11958   2.120 0.0000E+00  0.000   2.12
 A825       3.2159 0.11264   9.824 0.0000E+00  0.000   9.82
 A326       3.2177 0.06380   0.218 0.0000E+00  0.000   0.22
 A563       3.2197 0.03513   1.644 0.0000E+00  0.000   1.64
 A676       3.2267 0.09919   1.791 0.0000E+00  0.000   1.79
 A298       3.2267 0.15217   4.171 0.0000E+00  0.000   4.17
 A985       3.2303 0.27963  26.303 0.0000E+00  0.000  26.30
 A930       3.2354 0.10602   6.124 0.0000E+00  0.000   6.12
 A350       3.2360 0.08596   1.766 0.0000E+00  0.000   1.77
 A626       3.2374 0.03896   5.644 0.0000E+00  0.000   5.64
 A551       3.2445 0.04420   8.002 0.0000E+00  0.000   8.00
 A779       3.2474 0.08333   7.459 0.0000E+00  0.000   7.46
 A261       3.2578 0.21969   4.743 0.0000E+00  0.000   4.74
 A73        3.2623 0.28404   0.789 0.0000E+00  0.000   0.79
 A910       3.2628 0.05933   5.341 0.0000E+00  0.000   5.34
 A937       3.2630 0.13664   2.775 0.0000E+00  0.000   2.77
 A948       3.2696 0.27516  24.921 0.0000E+00  0.000  24.92
 A238       3.2737 0.18136  27.280 0.0000E+00  0.000  27.28
 A644       3.2751 0.21249   0.561 0.0000E+00  0.000   0.56
 A164       3.2762 0.20160  28.686 0.0000E+00  0.000  28.69
 A70        3.2805 0.18985   6.334 0.0000E+00  0.000   6.33
 A983       3.2815 0.06607  24.356 0.0000E+00  0.000  24.36
 A775       3.2847 0.18624  37.680 0.0000E+00  0.000  37.68
 A518       3.2954 0.07461  16.571 0.0000E+00  0.000  16.57
 A954       3.2969 0.16665   0.189 0.0000E+00  0.000   0.19
 A91        3.3011 0.18424  10.023 0.0000E+00  0.000  10.02
 A192       3.3282 0.12954   1.006 0.0000E+00  0.000   1.01
 A363       3.3331 0.05246   4.021 0.0000E+00  0.000   4.02
 A151       3.3345 0.33871  10.359 0.0000E+00  0.000  10.36
 A209       3.3360 0.10748   3.148 0.0000E+00  0.000   3.15
 A808       3.3364 0.08537   0.412 0.0000E+00  0.000   0.41
 A520       3.3371 0.17781   7.180 0.0000E+00  0.000   7.18
 A680       3.3376 0.06760   5.191 0.0000E+00  0.000   5.19
 A635       3.3393 0.42008  24.141 0.0000E+00  0.000  24.14
 A684       3.3406 0.11719   1.374 0.0000E+00  0.000   1.37
 A357       3.3433 0.03734   8.520 0.0000E+00  0.000   8.52
 A327       3.3443 0.29175   4.233 0.0000E+00  0.000   4.23
 A759       3.3449 0.06249   3.895 0.0000E+00  0.000   3.90
 A606       3.3452 0.20690  15.167 0.0000E+00  0.000  15.17
 A929       3.3480 0.08680   3.432 0.0000E+00  0.000   3.43
 A616       3.3539 0.14267   1.079 0.0000E+00  0.000   1.08
 A231       3.3565 0.03354   9.908 0.0000E+00  0.000   9.91
 A643       3.3587 0.09338   6.158 0.0000E+00  0.000   6.16
 A271       3.3640 0.06393   9.529 0.0000E+00  0.000   9.53
 A376       3.3666 0.05948   1.062 0.0000E+00  0.000   1.06
 A781       3.3686 0.07671   7.139 0.0000E+00  0.000   7.14
 A137       3.3711 0.15119   6.939 0.0000E+00  0.000   6.94
 A598       3.3718 0.06639   6.069 0.0000E+00  0.000   6.07
 A128       3.3722 0.15359   4.274 0.0000E+00  0.000   4.27
 A262       3.3729 0.20310   3.076 0.0000E+00  0.000   3.08
 A621       3.3733 0.18046   1.677 0.0000E+00  0.000   1.68
 A542       3.3776 0.14966   5.524 0.0000E+00  0.000   5.52
 A914       3.3821 0.14334   8.408 0.0000E+00  0.000   8.41
 A997       3.3848 0.13185   8.908 0.0000E+00  0.000   8.91
 A370       3.3865 0.08824   4.267 0.0000E+00  0.000   4.27
 A524       3.3876 0.12607   2.149 0.0000E+00  0.000   2.15
 A573       3.3903 0.14267   1.418 0.0000E+00  0.000   1.42
 A66        3.3927 0.12940   5.167 0.0000E+00  0.000   5.17
 A53        3.3936 0.10141   2.567 0.0000E+00  0.000   2.57
 A805       3.4003 0.21276   7.539 0.0000E+00  0.000   7.54
 A597       3.4016 0.04719   2.645 0.0000E+00  0.000   2.64
 A568       3.4019 0.17165   1.502 0.0000E+00  0.000   1.50
 A160       3.4075 0.08367   4.308 0.0000E+00  0.000   4.31
 A131       3.4090 0.07310   3.438 0.0000E+00  0.000   3.44
 A458       3.4100 0.09459   3.189 0.0000E+00  0.000   3.19
 A697       3.4158 0.10064   6.605 0.0000E+00  0.000   6.60
 A741       3.4165 0.02616   8.659 0.0000E+00  0.000   8.66
 A154       3.4171 0.05636   3.270 0.0000E+00  0.000   3.27
 A813       3.4208 0.02477   8.238 0.0000E+00  0.000   8.24
 A778       3.4213 0.03561   5.829 0.0000E+00  0.000   5.83
 A460       3.4230 0.05479   0.694 0.0000E+00  0.000   0.69
 A166       3.4234 0.15286   0.579 0.0000E+00  0.000   0.58
 A569       3.4325 0.03139   8.851 0.0000E+00  0.000   8.85
 A57        3.4359 0.05458   5.507 0.0000E+00  0.000   5.51
 A874       3.4384 0.17058   4.281 0.0000E+00  0.000   4.28
 A708       3.4430 0.13510   5.362 0.0000E+00  0.000   5.36
 A27        3.4441 0.07674   8.466 0.0000E+00  0.000   8.47
 A923       3.4525 0.12860   3.163 0.0000E+00  0.000   3.16
 A523       3.4532 0.04904   1.425 0.0000E+00  0.000   1.42
 A463       3.4569 0.09930   6.974 0.0000E+00  0.000   6.97
 A558       3.4569 0.15112   2.353 0.0000E+00  0.000   2.35
 A322       3.4612 0.13023   6.861 0.0000E+00  0.000   6.86
 A970       3.4672 0.13691   2.136 0.0000E+00  0.000   2.14
 A502       3.4736 0.06719   3.366 0.0000E+00  0.000   3.37
 A75        3.4762 0.05688   9.675 0.0000E+00  0.000   9.68
 A873       3.4799 0.14022   5.947 0.0000E+00  0.000   5.95
 A260       3.4852 0.12281   0.069 0.0000E+00  0.000   0.07
 A645       3.4889 0.02093   8.885 0.0000E+00  0.000   8.88
 A110       3.4890 0.08313   0.201 0.0000E+00  0.000   0.20
 A623       3.4927 0.02767   5.674 0.0000E+00  0.000   5.67
 A415       3.4934 0.02680   5.053 0.0000E+00  0.000   5.05
 A981       3.4962 0.08266   7.805 0.0000E+00  0.000   7.81
 A452       3.5024 0.07760   4.389 0.0000E+00  0.000   4.39
 A789       3.5032 0.12824   3.069 0.0000E+00  0.000   3.07
 A295       3.5038 0.11986   4.377 0.0000E+00  0.000   4.38
 A945       3.5219 0.06031   5.477 0.0000E+00  0.000   5.48
 A531       3.5426 0.15555   0.649 0.0000E+00  0.000   0.65
 A433       3.5436 0.16026   0.602 0.0000E+00  0.000   0.60
 A245       3.5459 0.08075   5.868 0.0000E+00  0.000   5.87
 A108       3.5463 0.20283   7.363 0.0000E+00  0.000   7.36
 A882       3.5481 0.14948   5.516 0.0000E+00  0.000   5.52
 A274       3.5513 0.13308   1.249 0.0000E+00  0.000   1.25
 A999       3.5521 0.15954   2.758 0.0000E+00  0.000   2.76
 A906       3.5523 0.19206   4.302 0.0000E+00  0.000   4.30
 A829       3.5561 0.15717   4.303 0.0000E+00  0.000   4.30
 A987       3.5568 0.19776   8.959 0.0000E+00  0.000   8.96
 A453       3.5608 0.12682   4.942 0.0000E+00  0.000   4.94
 A105       3.5885 0.12652   3.939 0.0000E+00  0.000   3.94
 A220       3.5978 0.08919   2.158 0.0000E+00  0.000   2.16
 A920       3.5998 0.11222   1.671 0.0000E+00  0.000   1.67
 A561       3.6090 0.13823   8.215 0.0000E+00  0.000   8.22
 A500       3.6150 0.19514   7.532 0.0000E+00  0.000   7.53
 A580       3.6243 0.13190   1.637 0.0000E+00  0.000   1.64
 A932       3.6245 0.19596   3.419 0.0000E+00  0.000   3.42
 A417       3.6299 0.14913   9.693 0.0000E+00  0.000   9.69
 A52        3.6311 0.13536   4.074 0.0000E+00  0.000   4.07
 A894       3.6333 0.10851   8.907 0.0000E+00  0.000   8.91
 A955       3.6364 0.09437   3.534 0.0000E+00  0.000   3.53
 A219       3.6426 0.12744   6.378 0.0000E+00  0.000   6.38
 A434       3.6530 0.17876   3.594 0.0000E+00  0.000   3.59
 A124       3.6558 0.06305   1.905 0.0000E+00  0.000   1.90
 A402       3.6568 0.16833   2.617 0.0000E+00  0.000   2.62
 A291       3.6583 0.03805   7.889 0.0000E+00  0.000   7.89
 A46        3.6587 0.05982   8.567 0.0000E+00  0.000   8.57
 A435       3.6639 0.08497   5.011 0.0000E+00  0.000   5.01
 A927       3.6697 0.08177   1.042 0.0000E+00  0.000   1.04
 A148       3.6978 0.14039   0.465 0.0000E+00  0.000   0.46
 A383       3.7410 0.19587   0.426 0.0000E+00  0.000   0.43
 A579       3.7429 0.17579   0.318 0.0000E+00  0.000   0.32
 A622       3.7447 0.14346   1.802 0.0000E+00  0.000   1.80
 A446       3.7642 0.13798   8.938 0.0000E+00  0.000   8.94
 A242       3.7706 0.11881   9.395 0.0000E+00  0.000   9.40
 A587       3.7965 0.07365   6.523 0.0000E+00  0.000   6.52
 A183       3.7966 0.03586   3.548 0.0000E+00  0.000   3.55
 A200       3.8336 0.02435   1.626 0.0000E+00  0.000   1.63
 A904       3.8465 0.18176   0.301 0.0000E+00  0.000   0.30
 A863       3.8602 0.16834   0.053 0.0000E+00  0.000   0.05
 A647       3.8618 0.19501   6.249 0.0000E+00  0.000   6.25
 A125       3.8963 0.06403   4.260 0.0000E+00  0.000   4.26
 A479       3.9010 0.14089   2.016 0.0000E+00  0.000   2.02
 A723       3.9056 0.18352   1.238 0.0000E+00  0.000   1.24
 A5         3.9273 0.12791   7.936 0.0000E+00  0.000   7.94
 A783       3.9279 0.29103   8.560 0.0000E+00  0.000   8.56
 A810       3.9297 0.31463   6.043 0.0000E+00  0.000   6.04
 A719       3.9320 0.27829   4.127 0.0000E+00  0.000   4.13
 A761       3.9350 0.17769   1.550 0.0000E+00  0.000   1.55
 A212       3.9403 0.22114   7.269 0.0000E+00  0.000   7.27
 A614       3.9752 0.17244   3.020 0.0000E+00  0.000   3.02
 A30        3.9821 0.22771   3.151 0.0000E+00  0.000   3.15
 A392       3.9898 0.24691   6.077 0.0000E+00  0.000   6.08
 A570       3.9935 0.22835  14.307 0.0000E+00  0.000  14.31
 A198       4.0009 0.34642   1.677 0.0000E+00  0.000   1.68
 A913       4.0108 0.27227   1.064 0.0000E+00  0.000   1.06
 JUPITER    5.2035 0.09996   0.000 9.5479E-04  0.000   0.00
